[START_FILE]

[TRX]
TYP1=10
DATI1=20200123233727
STATION_NR1=6111
PER1=1179
TYP2=4
DATI2=20200123233727
STATION_NR2=6111
ACC_REP_NR2=1176
TYP3=16
DATI3=20200123233727
STATION_NR3=6111
ACC_REP_NR3=1177
TYP4=1
DATI4=20200123233922
STATION_NR4=6111
SHF4=4612
REF4=1179110000
OPID4=4
TYP5=2
DATI5=20200123233939
STATION_NR5=6111
SHF5=4612
ACC_REP_NR5=1177
OPID5=4
REF5=1179110001
SEQ5=1179110737925
SAFTDATI5=20200123233939
LCUR5=10
PAN5=483215*******008
MERCH_ID5,1=A
MERCH_NAME5,1=Discovery Filling Station Ltd
MERCH_RECEIPT_SEQ_NR5,1=611100992728
PRI5,1=1.00
UPR5,1=1.00
QTY5,1=1.00
QTYUNIT5,1=1
GAMT5,1=1.00
AMT5,1=1.00
UGAMT5,1=1.00
UAMT5,1=1.00
PLU5,1=5000112599732
NAM5,1=OASIS S/F
GRP5,1=DRINKS
CRD5,1=3119
ART_MERCH_ID5,1=A
PRC5,1=20.00
VAMT5,1=0.17
EXC5,1=0.83
INC5,1=1.00
PRI5,2=1.39
UPR5,2=1.39
QTY5,2=1.00
QTYUNIT5,2=1
GAMT5,2=1.39
AMT5,2=1.39
UGAMT5,2=1.39
UAMT5,2=1.39
PLU5,2=5010102241640
NAM5,2=DRENCH MANDARIN & LE
GRP5,2=DRINKS
CRD5,2=3119
ART_MERCH_ID5,2=A
PRC5,2=20.00
VAMT5,2=0.23
EXC5,2=1.16
INC5,2=1.39
PRI5,3=1.00
UPR5,3=1.00
QTY5,3=1.00
QTYUNIT5,3=1
GAMT5,3=1.00
AMT5,3=1.00
UGAMT5,3=1.00
UAMT5,3=1.00
PLU5,3=5000112599725
NAM5,3=OASIS CITRUS
GRP5,3=DRINKS
CRD5,3=3119
ART_MERCH_ID5,3=A
PRC5,3=20.00
VAMT5,3=0.17
EXC5,3=0.83
INC5,3=1.00
PRI5,4=0.59
UPR5,4=0.59
QTY5,4=2.00
QTYUNIT5,4=1
GAMT5,4=1.18
AMT5,4=1.18
UGAMT5,4=1.18
UAMT5,4=1.18
PLU5,4=5000382103516
NAM5,4=IRN BRU
GRP5,4=DRINKS
CRD5,4=3119
ART_MERCH_ID5,4=A
PRC5,4=20.00
VAMT5,4=0.20
EXC5,4=0.98
INC5,4=1.18
PRI5,5=0.69
UPR5,5=0.69
QTY5,5=1.00
QTYUNIT5,5=1
GAMT5,5=0.69
AMT5,5=0.69
UGAMT5,5=0.69
UAMT5,5=0.69
PLU5,5=5000382107750
NAM5,5=RUBICON PASS
GRP5,5=DRINKS
CRD5,5=3119
ART_MERCH_ID5,5=A
PRC5,5=20.00
VAMT5,5=0.11
EXC5,5=0.58
INC5,5=0.69
PMP5,6=4
PUMP_MODE5,6=1,1,1
NOZZLE5,6=1
NDATI5,6=20200123233520
START_DATE5,6=20200123233444
PRI5,6=1.249
BASEPRI5,6=1.249
QTY5,6=16.38
QTYUNIT5,6=2
GAMT5,6=20.46
AMT5,6=20.46
UGAMT5,6=20.46
UAMT5,6=20.46
PLU5,6=6
NAM5,6=FuelSave Unl
GRP5,6=59
CRD5,6=325
EXTREF5,6=FuelSave Unl
ART_MERCH_ID5,6=A
EXC5,6=20.46
INC5,6=20.46
NQUA_CHANGEABLE5,6=708080.07
CPPAN5,1=483215*******008
MOP5,1=6
MOP_ADDX5,1=50
MOP_ADDY5,1=13
ROP5,1=1
PM5,1=949
PSUB5,1=13
PA5,1=25.72
SLSTOT5=25.72
TYP6=2
DATI6=20200123234007
STATION_NR6=6111
SHF6=4612
ACC_REP_NR6=1177
OPID6=4
REF6=1179110002
SEQ6=1179110737926
SAFTDATI6=20200123234007
LCUR6=10
PAN6=705505*******193474
MERCH_ID6,1=A
MERCH_NAME6,1=Discovery Filling Station Ltd
MERCH_RECEIPT_SEQ_NR6,1=611100992729
PMP6,1=2
PUMP_MODE6,1=1,1,1
NOZZLE6,1=2
NDATI6,1=20200123233930
START_DATE6,1=20200123233739
PRI6,1=1.299
BASEPRI6,1=1.299
QTY6,1=48.50
QTYUNIT6,1=2
GAMT6,1=63.00
AMT6,1=63.00
UGAMT6,1=63.00
UAMT6,1=63.00
PLU6,1=3
NAM6,1=FuelSave Dsl
GRP6,1=59
CRD6,1=425
EXTREF6,1=FuelSave Dsl
ART_MERCH_ID6,1=A
EXC6,1=63.00
INC6,1=63.00
NQUA_CHANGEABLE6,1=1554457.37
CPPAN6,1=705505*******193474
MOP6,1=6
MOP_ADDX6,1=50
MOP_ADDY6,1=2
ROP6,1=1
PM6,1=949
PSUB6,1=2
PA6,1=63.00
SLSTOT6=63.00
TYP7=2
DATI7=20200123234051
STATION_NR7=6111
SHF7=4612
ACC_REP_NR7=1177
OPID7=4
REF7=1179110003
SEQ7=1179110737927
SAFTDATI7=20200123234051
LCUR7=10
REPL7=2
MERCH_ID7,1=A
MERCH_NAME7,1=Discovery Filling Station Ltd
MERCH_RECEIPT_SEQ_NR7,1=611100992730
PRI7,1=1.00
UPR7,1=1.00
QTY7,1=1.00
QTYUNIT7,1=1
GAMT7,1=1.00
AMT7,1=1.00
UGAMT7,1=1.00
UAMT7,1=1.00
PLU7,1=5000237130971
NAM7,1=MCC CHDR ONI
GRP7,1=CRISPS
CRD7,1=3219
ART_MERCH_ID7,1=A
PRC7,1=20.00
VAMT7,1=0.17
EXC7,1=0.83
INC7,1=1.00
MOP7,1=1
MOP_ADDX7,1=10
ROP7,1=1
PM7,1=110
PA7,1=1.00
SLSTOT7=1.00
TYP8=2
DATI8=20200123234443
STATION_NR8=6111
SHF8=4612
ACC_REP_NR8=1177
OPID8=4
REF8=1179110004
SEQ8=1179110737928
SAFTDATI8=20200123234443
LCUR8=10
REPL8=2
MERCH_ID8,1=A
MERCH_NAME8,1=Discovery Filling Station Ltd
MERCH_RECEIPT_SEQ_NR8,1=611100992731
PRI8,1=0.85
UPR8,1=0.85
QTY8,1=1.00
QTYUNIT8,1=1
GAMT8,1=0.85
AMT8,1=0.85
UGAMT8,1=0.85
UAMT8,1=0.85
PLU8,1=5000166153447
NAM8,1=PEDIGREE CAN
GRP8,1=GENERAL GOODS V
CRD8,1=3319
ART_MERCH_ID8,1=A
PRC8,1=20.00
VAMT8,1=0.14
EXC8,1=0.71
INC8,1=0.85
MOP8,1=1
MOP_ADDX8,1=10
ROP8,1=1
PM8,1=110
PA8,1=0.85
SLSTOT8=0.85
TYP9=2
DATI9=20200123234759
STATION_NR9=6111
SHF9=4612
ACC_REP_NR9=1177
OPID9=4
REF9=1179110005
SEQ9=1179110737929
SAFTDATI9=20200123234759
LCUR9=10
REPL9=2
MERCH_ID9,1=A
MERCH_NAME9,1=Discovery Filling Station Ltd
MERCH_RECEIPT_SEQ_NR9,1=611100992732
PMP9,1=4
PUMP_MODE9,1=1,1,1
NOZZLE9,1=1
NDATI9,1=20200123234714
START_DATE9,1=20200123234632
PRI9,1=1.249
BASEPRI9,1=1.249
QTY9,1=16.17
QTYUNIT9,1=2
GAMT9,1=20.20
AMT9,1=20.20
UGAMT9,1=20.20
UAMT9,1=20.20
PLU9,1=6
NAM9,1=FuelSave Unl
GRP9,1=59
CRD9,1=325
EXTREF9,1=FuelSave Unl
ART_MERCH_ID9,1=A
EXC9,1=20.20
INC9,1=20.20
NQUA_CHANGEABLE9,1=708096.24
MOP9,1=1
MOP_ADDX9,1=10
ROP9,1=1
PM9,1=110
PA9,1=20.20
SLSTOT9=20.20
TYP10=2
DATI10=20200123235358
STATION_NR10=6111
SHF10=4612
ACC_REP_NR10=1177
OPID10=4
REF10=1179110006
SEQ10=1179110737930
SAFTDATI10=20200123235358
LCUR10=10
REPL10=2
MERCH_ID10,1=A
MERCH_NAME10,1=Discovery Filling Station Ltd
MERCH_RECEIPT_SEQ_NR10,1=611100992733
PMP10,1=2
PUMP_MODE10,1=1,1,1
NOZZLE10,1=2
NDATI10,1=20200123235253
START_DATE10,1=20200123235221
PRI10,1=1.299
BASEPRI10,1=1.299
QTY10,1=7.70
QTYUNIT10,1=2
GAMT10,1=10.00
AMT10,1=10.00
UGAMT10,1=10.00
UAMT10,1=10.00
PLU10,1=3
NAM10,1=FuelSave Dsl
GRP10,1=59
CRD10,1=425
EXTREF10,1=FuelSave Dsl
ART_MERCH_ID10,1=A
EXC10,1=10.00
INC10,1=10.00
NQUA_CHANGEABLE10,1=1554465.07
MOP10,1=1
MOP_ADDX10,1=10
ROP10,1=1
PM10,1=110
PA10,1=10.00
SLSTOT10=10.00
TYP11=2
DATI11=20200123235448
STATION_NR11=6111
SHF11=4612
ACC_REP_NR11=1177
OPID11=4
REF11=1179110007
SEQ11=1179110737931
SAFTDATI11=20200123235448
LCUR11=10
REPL11=2
MERCH_ID11,1=A
MERCH_NAME11,1=Discovery Filling Station Ltd
MERCH_RECEIPT_SEQ_NR11,1=611100992734
PRI11,1=12.05
UPR11,1=12.05
QTY11,1=1.00
QTYUNIT11,1=1
GAMT11,1=12.05
AMT11,1=12.05
UGAMT11,1=12.05
UAMT11,1=12.05
PLU11,1=5000431026711
NAM11,1=REGAL KING SIZE
GRP11,1=TOBACCO
CRD11,1=4019
ART_MERCH_ID11,1=A
PRC11,1=20.00
VAMT11,1=2.01
EXC11,1=10.04
INC11,1=12.05
MOP11,1=1
MOP_ADDX11,1=10
ROP11,1=1
PM11,1=110
PA11,1=12.05
SLSTOT11=12.05
TYP12=2
DATI12=20200123235513
STATION_NR12=6111
SHF12=4612
ACC_REP_NR12=1177
OPID12=4
REF12=1179110008
SEQ12=1179110737932
SAFTDATI12=20200123235513
LCUR12=10
REPL12=2
MERCH_ID12,1=A
MERCH_NAME12,1=Discovery Filling Station Ltd
MERCH_RECEIPT_SEQ_NR12,1=611100992735
PRI12,1=1.00
UPR12,1=1.00
QTY12,1=1.00
QTYUNIT12,1=1
GAMT12,1=1.00
AMT12,1=1.00
UGAMT12,1=1.00
UAMT12,1=1.00
PLU12,1=3800020412084
NAM12,1=KIT K C P100
GRP12,1=CONFECTIONERY
CRD12,1=3119
ART_MERCH_ID12,1=A
PRC12,1=20.00
VAMT12,1=0.17
EXC12,1=0.83
INC12,1=1.00
PRI12,2=0.75
UPR12,2=0.75
QTY12,2=1.00
QTYUNIT12,2=1
GAMT12,2=0.75
AMT12,2=0.75
UGAMT12,2=0.75
UAMT12,2=0.75
PLU12,2=5017600020418
NAM12,2=WISEMANS 568ML
GRP12,2=CHILLED FOOD
CRD12,2=3400
ART_MERCH_ID12,2=A
EXC12,2=0.75
INC12,2=0.75
PRI12,3=1.00
UPR12,3=1.00
QTY12,3=1.00
QTYUNIT12,3=1
GAMT12,3=1.00
AMT12,3=1.00
UGAMT12,3=1.00
UAMT12,3=1.00
PLU12,3=5014234085752
NAM12,3=SOTG VEGAN SAUSAGE R
GRP12,3=GROCERY VAT
CRD12,3=3119
ART_MERCH_ID12,3=A
PRC12,3=20.00
VAMT12,3=0.17
EXC12,3=0.83
INC12,3=1.00
MOP12,1=1
MOP_ADDX12,1=10
ROP12,1=1
PM12,1=110
PA12,1=5.00
MOP12,2=1
MOP_ADDX12,2=10
ROP12,2=2
PM12,2=5110
PA12,2=-2.25
SLSTOT12=2.75
TYP13=2
DATI13=20200123235611
STATION_NR13=6111
SHF13=4612
ACC_REP_NR13=1177
OPID13=4
REF13=1179110009
SEQ13=1179110737933
SAFTDATI13=20200123235611
LCUR13=10
PAN13=557351*******615
MERCH_ID13,1=A
MERCH_NAME13,1=Discovery Filling Station Ltd
MERCH_RECEIPT_SEQ_NR13,1=611100992736
PRI13,1=10.35
UPR13,1=10.35
QTY13,1=1.00
QTYUNIT13,1=1
GAMT13,1=10.35
AMT13,1=10.35
UGAMT13,1=10.35
UAMT13,1=10.35
PLU13,1=5000431027312
NAM13,1=L&B K/S ORIG 20S
GRP13,1=TOBACCO
CRD13,1=4019
ART_MERCH_ID13,1=A
PRC13,1=20.00
VAMT13,1=1.72
EXC13,1=8.63
INC13,1=10.35
CPPAN13,1=557351*******615
MOP13,1=6
MOP_ADDX13,1=50
MOP_ADDY13,1=14
ROP13,1=1
PM13,1=949
PSUB13,1=14
PA13,1=10.35
SLSTOT13=10.35
TYP14=2
DATI14=20200123235627
STATION_NR14=6111
SHF14=4612
ACC_REP_NR14=1177
OPID14=4
REF14=1179110010
SEQ14=1179110737934
SAFTDATI14=20200123235627
LCUR14=10
REPL14=2
MERCH_ID14,1=A
MERCH_NAME14,1=Discovery Filling Station Ltd
MERCH_RECEIPT_SEQ_NR14,1=611100992737
PMP14,1=2
PUMP_MODE14,1=1,1,1
NOZZLE14,1=1
NDATI14,1=20200123235537
START_DATE14,1=20200123235513
PRI14,1=1.249
BASEPRI14,1=1.249
QTY14,1=5.61
QTYUNIT14,1=2
GAMT14,1=7.01
AMT14,1=7.01
UGAMT14,1=7.01
UAMT14,1=7.01
PLU14,1=6
NAM14,1=FuelSave Unl
GRP14,1=59
CRD14,1=325
EXTREF14,1=FuelSave Unl
ART_MERCH_ID14,1=A
EXC14,1=7.01
INC14,1=7.01
NQUA_CHANGEABLE14,1=570561.55
MOP14,1=1
MOP_ADDX14,1=10
ROP14,1=1
PM14,1=110
PA14,1=7.01
SLSTOT14=7.01
TYP15=2
DATI15=20200123235746
STATION_NR15=6111
SHF15=4612
ACC_REP_NR15=1177
OPID15=4
REF15=1179110011
SEQ15=1179110737935
SAFTDATI15=20200123235746
LCUR15=10
REPL15=2
MERCH_ID15,1=A
MERCH_NAME15,1=Discovery Filling Station Ltd
MERCH_RECEIPT_SEQ_NR15,1=611100992738
PMP15,1=3
PUMP_MODE15,1=1,1,1
NOZZLE15,1=3
NDATI15,1=20200123235633
START_DATE15,1=20200123235600
PRI15,1=1.299
BASEPRI15,1=1.299
QTY15,1=6.93
QTYUNIT15,1=2
GAMT15,1=9.00
AMT15,1=9.00
UGAMT15,1=9.00
UAMT15,1=9.00
PLU15,1=3
NAM15,1=FuelSave Dsl
GRP15,1=59
CRD15,1=425
EXTREF15,1=FuelSave Dsl
ART_MERCH_ID15,1=A
EXC15,1=9.00
INC15,1=9.00
NQUA_CHANGEABLE15,1=1276896.33
MOP15,1=1
MOP_ADDX15,1=10
ROP15,1=1
PM15,1=110
PA15,1=9.00
SLSTOT15=9.00
TYP16=2
DATI16=20200123235807
STATION_NR16=6111
SHF16=4612
ACC_REP_NR16=1177
OPID16=4
REF16=1179110012
SEQ16=1179110737936
SAFTDATI16=20200123235807
LCUR16=10
REPL16=2
MERCH_ID16,1=A
MERCH_NAME16,1=Discovery Filling Station Ltd
MERCH_RECEIPT_SEQ_NR16,1=611100992739
PRI16,1=9.45
UPR16,1=9.45
QTY16,1=1.00
QTYUNIT16,1=1
GAMT16,1=9.45
AMT16,1=9.45
UGAMT16,1=9.45
UAMT16,1=9.45
PLU16,1=5000431028081
NAM16,1=JPS KS 20 REAL BLUE
GRP16,1=TOBACCO
CRD16,1=4019
ART_MERCH_ID16,1=A
PRC16,1=20.00
VAMT16,1=1.57
EXC16,1=7.88
INC16,1=9.45
MOP16,1=1
MOP_ADDX16,1=10
ROP16,1=1
PM16,1=110
PA16,1=9.45
SLSTOT16=9.45
TYP17=2
DATI17=20200123235847
STATION_NR17=6111
SHF17=4612
ACC_REP_NR17=1177
OPID17=4
REF17=1179110013
SEQ17=1179110737937
SAFTDATI17=20200123235847
LCUR17=10
REPL17=2
MERCH_ID17,1=A
MERCH_NAME17,1=Discovery Filling Station Ltd
MERCH_RECEIPT_SEQ_NR17,1=611100992740
PMP17,1=4
PUMP_MODE17,1=1,1,1
NOZZLE17,1=3
NDATI17,1=20200123235717
START_DATE17,1=20200123235633
PRI17,1=1.299
BASEPRI17,1=1.299
QTY17,1=6.97
QTYUNIT17,1=2
GAMT17,1=9.05
AMT17,1=9.05
UGAMT17,1=9.05
UAMT17,1=9.05
PLU17,1=3
NAM17,1=FuelSave Dsl
GRP17,1=59
CRD17,1=425
EXTREF17,1=FuelSave Dsl
ART_MERCH_ID17,1=A
EXC17,1=9.05
INC17,1=9.05
NQUA_CHANGEABLE17,1=1501881.64
PRI17,2=0.35
UPR17,2=0.35
QTY17,2=1.00
QTYUNIT17,2=1
GAMT17,2=0.35
AMT17,2=0.35
UGAMT17,2=0.35
UAMT17,2=0.35
PLU17,2=5020379150651
NAM17,2=E/S ENERGY
GRP17,2=DRINKS
CRD17,2=3119
ART_MERCH_ID17,2=A
PRC17,2=20.00
VAMT17,2=0.06
EXC17,2=0.29
INC17,2=0.35
PRI17,3=0.87
UPR17,3=0.87
QTY17,3=1.00
QTYUNIT17,3=1
GAMT17,3=0.87
AMT17,3=0.87
UGAMT17,3=0.87
UAMT17,3=0.87
PLU17,3=96073315
NAM17,3=EAT NAT FRUIT AND FI
GRP17,3=CONFECTIONERY
CRD17,3=3119
ART_MERCH_ID17,3=A
PRC17,3=20.00
VAMT17,3=0.14
EXC17,3=0.73
INC17,3=0.87
MOP17,1=1
MOP_ADDX17,1=10
ROP17,1=1
PM17,1=110
PA17,1=10.27
SLSTOT17=10.27
TYP18=21
SPEC_TYPE18=14
DATI18=20200124000153
STATION_NR18=6111
SHF18=4612
OPID18=4
LREF18=1179110014
SPEC_ID18=5000143980028
SPEC_NAME18=LOGIC CMPACT
SPEC_ITYP18=1
SPEC_QUA18=1.00
SPEC_ADDD18=4.00
TYP19=2
DATI19=20200124000218
STATION_NR19=6111
SHF19=4612
ACC_REP_NR19=1177
OPID19=4
REF19=1179110014
SEQ19=1179110737938
SAFTDATI19=20200124000218
LCUR19=10
REPL19=2
MERCH_ID19,1=A
MERCH_NAME19,1=Discovery Filling Station Ltd
MERCH_RECEIPT_SEQ_NR19,1=611100992741
PRI19,1=2.40
UPR19,1=2.40
QTY19,1=1.00
QTYUNIT19,1=1
GAMT19,1=2.40
AMT19,1=2.40
UGAMT19,1=2.40
UAMT19,1=2.40
PLU19,1=1010
NAM19,1=REGULAR 12OZ HOT DRI
GRP19,1=DRINKS PROMO
CRD19,1=6000
ART_MERCH_ID19,1=A
PRC19,1=20.00
VAMT19,1=0.40
EXC19,1=2.00
INC19,1=2.40
PROGPRI19,2=4.00
PROGUPR19,2=4.00
QTY19,2=1.00
QTYUNIT19,2=1
PLU19,2=5000143980028
NAM19,2=LOGIC CMPACT
GRP19,2=TOBACCO
CRD19,2=4019
ART_MERCH_ID19,2=A
PRC19,2=20.00
PRI19,3=5.99
UPR19,3=5.99
QTY19,3=1.00
QTYUNIT19,3=1
GAMT19,3=5.99
AMT19,3=5.99
UGAMT19,3=5.99
UAMT19,3=5.99
PLU19,3=5000143984033
NAM19,3=LOGIC CMPACT
GRP19,3=TOBACCO
CRD19,3=4019
ART_MERCH_ID19,3=A
PRC19,3=20.00
VAMT19,3=1.00
EXC19,3=4.99
INC19,3=5.99
MOP19,1=1
MOP_ADDX19,1=10
ROP19,1=1
PM19,1=110
PA19,1=10.00
MOP19,2=1
MOP_ADDX19,2=10
ROP19,2=2
PM19,2=5110
PA19,2=-1.61
SLSTOT19=8.39
TYP20=2
DATI20=20200124000333
STATION_NR20=6111
SHF20=4612
ACC_REP_NR20=1177
OPID20=4
REF20=1179110015
SEQ20=1179110737939
SAFTDATI20=20200124000333
LCUR20=10
REPL20=2
MERCH_ID20,1=A
MERCH_NAME20,1=Discovery Filling Station Ltd
MERCH_RECEIPT_SEQ_NR20,1=611100992742
PRI20,1=5.99
UPR20,1=5.99
QTY20,1=-1.00
QTYUNIT20,1=1
GAMT20,1=-5.99
AMT20,1=-5.99
UGAMT20,1=-5.99
UAMT20,1=-5.99
PLU20,1=5000143984033
NAM20,1=LOGIC CMPACT
GRP20,1=TOBACCO
CRD20,1=4019
ART_MERCH_ID20,1=A
PRC20,1=20.00
VAMT20,1=-1.00
EXC20,1=-4.99
INC20,1=-5.99
MOP20,1=1
MOP_ADDX20,1=10
ROP20,1=2
PM20,1=5110
PA20,1=-5.99
SLSTOT20=-5.99
TYP21=2
DATI21=20200124000357
STATION_NR21=6111
SHF21=4612
ACC_REP_NR21=1177
OPID21=4
REF21=1179110016
SEQ21=1179110737940
SAFTDATI21=20200124000357
LCUR21=10
REPL21=2
MERCH_ID21,1=A
MERCH_NAME21,1=Discovery Filling Station Ltd
MERCH_RECEIPT_SEQ_NR21,1=611100992743
PMP21,1=4
PUMP_MODE21,1=1,1,1
NOZZLE21,1=3
NDATI21,1=20200124000246
START_DATE21,1=20200124000207
PRI21,1=1.299
BASEPRI21,1=1.299
QTY21,1=10.78
QTYUNIT21,1=2
GAMT21,1=14.00
AMT21,1=14.00
UGAMT21,1=14.00
UAMT21,1=14.00
PLU21,1=3
NAM21,1=FuelSave Dsl
GRP21,1=59
CRD21,1=425
EXTREF21,1=FuelSave Dsl
ART_MERCH_ID21,1=A
EXC21,1=14.00
INC21,1=14.00
NQUA_CHANGEABLE21,1=1501892.42
MOP21,1=1
MOP_ADDX21,1=10
ROP21,1=1
PM21,1=110
PA21,1=14.00
SLSTOT21=14.00
TYP22=2
DATI22=20200124000503
STATION_NR22=6111
SHF22=4612
ACC_REP_NR22=1177
OPID22=4
REF22=1179110017
SEQ22=1179110737941
SAFTDATI22=20200124000503
LCUR22=10
REPL22=2
MERCH_ID22,1=A
MERCH_NAME22,1=Discovery Filling Station Ltd
MERCH_RECEIPT_SEQ_NR22,1=611100992744
PRI22,1=1.00
UPR22,1=1.00
QTY22,1=1.00
QTYUNIT22,1=1
GAMT22,1=1.00
AMT22,1=1.00
UGAMT22,1=1.00
UAMT22,1=1.00
PLU22,1=5900951139246
NAM22,1=GAL CML PM10
GRP22,1=CONFECTIONERY
CRD22,1=3119
ART_MERCH_ID22,1=A
PRC22,1=20.00
VAMT22,1=0.17
EXC22,1=0.83
INC22,1=1.00
PRI22,2=1.00
UPR22,2=1.00
QTY22,2=1.00
QTYUNIT22,2=1
GAMT22,2=1.00
AMT22,2=1.00
UGAMT22,2=1.00
UAMT22,2=1.00
PLU22,2=5000328745251
NAM22,2=QUAVERS CHEE
GRP22,2=CRISPS
CRD22,2=3219
ART_MERCH_ID22,2=A
PRC22,2=20.00
VAMT22,2=0.17
EXC22,2=0.83
INC22,2=1.00
PMP22,3=3
PUMP_MODE22,3=1,1,1
NOZZLE22,3=1
NDATI22,3=20200124000420
START_DATE22,3=20200124000343
PRI22,3=1.249
BASEPRI22,3=1.249
QTY22,3=16.01
QTYUNIT22,3=2
GAMT22,3=20.00
AMT22,3=20.00
UGAMT22,3=20.00
UAMT22,3=20.00
PLU22,3=6
NAM22,3=FuelSave Unl
GRP22,3=59
CRD22,3=325
EXTREF22,3=FuelSave Unl
ART_MERCH_ID22,3=A
EXC22,3=20.00
INC22,3=20.00
NQUA_CHANGEABLE22,3=1194046.47
MOP22,1=1
MOP_ADDX22,1=10
ROP22,1=1
PM22,1=110
PA22,1=22.00
SLSTOT22=22.00
TYP23=2
DATI23=20200124000814
STATION_NR23=6111
SHF23=4612
ACC_REP_NR23=1177
OPID23=4
REF23=1179110018
SEQ23=1179110737942
SAFTDATI23=20200124000814
LCUR23=10
REPL23=2
MERCH_ID23,1=A
MERCH_NAME23,1=Discovery Filling Station Ltd
MERCH_RECEIPT_SEQ_NR23,1=611100992745
PRI23,1=8.70
UPR23,1=8.70
QTY23,1=2.00
QTYUNIT23,1=1
GAMT23,1=17.40
AMT23,1=17.40
UGAMT23,1=17.40
UAMT23,1=17.40
PLU23,1=5000431026902
NAM23,1=PLAYERS KS 20S
GRP23,1=TOBACCO
CRD23,1=4019
ART_MERCH_ID23,1=A
PRC23,1=20.00
VAMT23,1=2.90
EXC23,1=14.50
INC23,1=17.40
MOP23,1=1
MOP_ADDX23,1=10
ROP23,1=1
PM23,1=110
PA23,1=20.00
MOP23,2=1
MOP_ADDX23,2=10
ROP23,2=2
PM23,2=5110
PA23,2=-2.60
SLSTOT23=17.40
TYP24=2
DATI24=20200124001030
STATION_NR24=6111
SHF24=4612
ACC_REP_NR24=1177
OPID24=4
REF24=1179110019
SEQ24=1179110737943
SAFTDATI24=20200124001030
LCUR24=10
REPL24=2
MERCH_ID24,1=A
MERCH_NAME24,1=Discovery Filling Station Ltd
MERCH_RECEIPT_SEQ_NR24,1=611100992746
PRI24,1=8.70
UPR24,1=8.70
QTY24,1=1.00
QTYUNIT24,1=1
GAMT24,1=8.70
AMT24,1=8.70
UGAMT24,1=8.70
UAMT24,1=8.70
PLU24,1=5000143920628
NAM24,1=B&H SK BLUE
GRP24,1=TOBACCO
CRD24,1=4019
ART_MERCH_ID24,1=A
PRC24,1=20.00
VAMT24,1=1.45
EXC24,1=7.25
INC24,1=8.70
PRI24,2=8.70
UPR24,2=8.70
QTY24,2=1.00
QTYUNIT24,2=1
GAMT24,2=8.70
AMT24,2=8.70
UGAMT24,2=8.70
UAMT24,2=8.70
PLU24,2=5000143920628
NAM24,2=B&H SK BLUE
GRP24,2=TOBACCO
CRD24,2=4019
ART_MERCH_ID24,2=A
PRC24,2=20.00
VAMT24,2=1.45
EXC24,2=7.25
INC24,2=8.70
MOP24,1=1
MOP_ADDX24,1=10
ROP24,1=1
PM24,1=110
PA24,1=20.00
MOP24,2=1
MOP_ADDX24,2=10
ROP24,2=2
PM24,2=5110
PA24,2=-2.60
SLSTOT24=17.40
TYP25=2
DATI25=20200124001046
STATION_NR25=6111
SHF25=4612
ACC_REP_NR25=1177
OPID25=4
REF25=1179110020
SEQ25=1179110737944
SAFTDATI25=20200124001046
LCUR25=10
PAN25=535522*******923
MERCH_ID25,1=A
MERCH_NAME25,1=Discovery Filling Station Ltd
MERCH_RECEIPT_SEQ_NR25,1=611100992747
PRI25,1=8.70
UPR25,1=8.70
QTY25,1=1.00
QTYUNIT25,1=1
GAMT25,1=8.70
AMT25,1=8.70
UGAMT25,1=8.70
UAMT25,1=8.70
PLU25,1=5000431026964
NAM25,1=PLAYERS CRUSHBALL
GRP25,1=TOBACCO
CRD25,1=4019
ART_MERCH_ID25,1=A
PRC25,1=20.00
VAMT25,1=1.45
EXC25,1=7.25
INC25,1=8.70
CPPAN25,1=535522*******923
MOP25,1=6
MOP_ADDX25,1=50
MOP_ADDY25,1=14
ROP25,1=1
PM25,1=949
PSUB25,1=14
PA25,1=8.70
SLSTOT25=8.70
TYP26=2
DATI26=20200124001249
STATION_NR26=6111
SHF26=4612
ACC_REP_NR26=1177
OPID26=4
REF26=1179110021
SEQ26=1179110737945
SAFTDATI26=20200124001249
LCUR26=10
REPL26=2
MERCH_ID26,1=A
MERCH_NAME26,1=Discovery Filling Station Ltd
MERCH_RECEIPT_SEQ_NR26,1=611100992748
PRI26,1=1.35
UPR26,1=1.35
QTY26,1=1.00
QTYUNIT26,1=1
GAMT26,1=1.35
AMT26,1=1.35
UGAMT26,1=1.35
UAMT26,1=1.35
PLU26,1=490404
NAM26,1=CLARKS BEAN PIE P/P
GRP26,1=CHILLED FOOD
CRD26,1=3400
ART_MERCH_ID26,1=A
EXC26,1=1.35
INC26,1=1.35
PRI26,2=1.30
UPR26,2=1.30
QTY26,2=1.00
QTYUNIT26,2=1
GAMT26,2=1.30
AMT26,2=1.30
UGAMT26,2=1.30
UAMT26,2=1.30
PLU26,2=490407
NAM26,2=CLARKS BEEF SAUSAGE
GRP26,2=CHILLED FOOD
CRD26,2=3400
ART_MERCH_ID26,2=A
EXC26,2=1.30
INC26,2=1.30
MOP26,1=1
MOP_ADDX26,1=10
ROP26,1=1
PM26,1=110
PA26,1=2.65
SLSTOT26=2.65
TYP27=2
DATI27=20200124001314
STATION_NR27=6111
SHF27=4612
ACC_REP_NR27=1177
OPID27=4
REF27=1179110022
SEQ27=1179110737946
SAFTDATI27=20200124001314
LCUR27=10
REPL27=2
MERCH_ID27,1=A
MERCH_NAME27,1=Discovery Filling Station Ltd
MERCH_RECEIPT_SEQ_NR27,1=611100992749
PRI27,1=8.80
UPR27,1=8.80
QTY27,1=1.00
QTYUNIT27,1=1
GAMT27,1=8.80
AMT27,1=8.80
UGAMT27,1=8.80
UAMT27,1=8.80
PLU27,1=5000143913927
NAM27,1=B&H S/K SKY BLUE 20
GRP27,1=TOBACCO
CRD27,1=4019
ART_MERCH_ID27,1=A
PRC27,1=20.00
VAMT27,1=1.47
EXC27,1=7.33
INC27,1=8.80
MOP27,1=1
MOP_ADDX27,1=10
ROP27,1=1
PM27,1=110
PA27,1=8.80
SLSTOT27=8.80
TYP28=2
DATI28=20200124001332
STATION_NR28=6111
SHF28=4612
ACC_REP_NR28=1177
OPID28=4
REF28=1179110023
SEQ28=1179110737947
SAFTDATI28=20200124001332
LCUR28=10
PAN28=483215*******021
MERCH_ID28,1=A
MERCH_NAME28,1=Discovery Filling Station Ltd
MERCH_RECEIPT_SEQ_NR28,1=611100992750
PRI28,1=8.80
UPR28,1=8.80
QTY28,1=1.00
QTYUNIT28,1=1
GAMT28,1=8.80
AMT28,1=8.80
UGAMT28,1=8.80
UAMT28,1=8.80
PLU28,1=5000431028951
NAM28,1=L & B BLUE K/S BLUE
GRP28,1=TOBACCO
CRD28,1=4019
ART_MERCH_ID28,1=A
PRC28,1=20.00
VAMT28,1=1.47
EXC28,1=7.33
INC28,1=8.80
CPPAN28,1=483215*******021
MOP28,1=6
MOP_ADDX28,1=50
MOP_ADDY28,1=13
ROP28,1=1
PM28,1=949
PSUB28,1=13
PA28,1=8.80
SLSTOT28=8.80
TYP29=2
DATI29=20200124001528
STATION_NR29=6111
SHF29=4612
ACC_REP_NR29=1177
OPID29=4
REF29=1179110024
SEQ29=1179110737948
SAFTDATI29=20200124001528
LCUR29=10
PAN29=475117*******839
MERCH_ID29,1=A
MERCH_NAME29,1=Discovery Filling Station Ltd
MERCH_RECEIPT_SEQ_NR29,1=611100992751
PRI29,1=1.60
UPR29,1=1.60
QTY29,1=1.00
QTYUNIT29,1=1
GAMT29,1=1.60
AMT29,1=1.60
UGAMT29,1=1.60
UAMT29,1=1.60
PLU29,1=491285
NAM29,1=CLARKS BEAN & POTATO
GRP29,1=CHILLED FOOD
CRD29,1=3400
ART_MERCH_ID29,1=A
EXC29,1=1.60
INC29,1=1.60
PRI29,2=0.59
UPR29,2=0.59
QTY29,2=2.00
QTYUNIT29,2=1
GAMT29,2=1.18
AMT29,2=1.18
UGAMT29,2=1.18
UAMT29,2=1.18
PLU29,2=5000112592054
NAM29,2=COKE ZERO
GRP29,2=DRINKS
CRD29,2=3119
ART_MERCH_ID29,2=A
PRC29,2=20.00
VAMT29,2=0.20
EXC29,2=0.98
INC29,2=1.18
PRI29,3=5.00
UPR29,3=5.00
QTY29,3=1.00
QTYUNIT29,3=1
GAMT29,3=5.00
AMT29,3=5.00
UGAMT29,3=5.00
UAMT29,3=5.00
PLU29,3=5031390115499
NAM29,3=2 MILLION BLUE
GRP29,3=LOTTERY SRATCHC
CRD29,3=9500
ART_MERCH_ID29,3=A
EXC29,3=5.00
INC29,3=5.00
CPPAN29,1=475117*******839
MOP29,1=6
MOP_ADDX29,1=50
MOP_ADDY29,1=12
ROP29,1=1
PM29,1=949
PSUB29,1=12
PA29,1=7.78
SLSTOT29=7.78
TYP30=2
DATI30=20200124001710
STATION_NR30=6111
SHF30=4612
ACC_REP_NR30=1177
OPID30=4
REF30=1179110025
SEQ30=1179110737949
SAFTDATI30=20200124001710
LCUR30=10
PAN30=475117*******839
MERCH_ID30,1=A
MERCH_NAME30,1=Discovery Filling Station Ltd
MERCH_RECEIPT_SEQ_NR30,1=611100992752
PRI30,1=3.50
UPR30,1=3.50
QTY30,1=1.00
QTYUNIT30,1=1
GAMT30,1=3.50
AMT30,1=3.50
UGAMT30,1=3.50
UAMT30,1=3.50
PLU30,1=5029053561370
NAM30,1=ANDREX CLASSIC CLEAN
GRP30,1=GENERAL GOODS V
CRD30,1=3319
ART_MERCH_ID30,1=A
PRC30,1=20.00
VAMT30,1=0.58
EXC30,1=2.92
INC30,1=3.50
CPPAN30,1=475117*******839
MOP30,1=6
MOP_ADDX30,1=50
MOP_ADDY30,1=12
ROP30,1=1
PM30,1=949
PSUB30,1=12
PA30,1=3.50
SLSTOT30=3.50
TYP31=2
DATI31=20200124001745
STATION_NR31=6111
SHF31=4612
ACC_REP_NR31=1177
OPID31=4
REF31=1179110026
SEQ31=1179110737950
SAFTDATI31=20200124001745
LCUR31=10
REPL31=2
MERCH_ID31,1=A
MERCH_NAME31,1=Discovery Filling Station Ltd
MERCH_RECEIPT_SEQ_NR31,1=611100992753
PMP31,1=6
PUMP_MODE31,1=1,1,1
NOZZLE31,1=2
NDATI31,1=20200124001714
START_DATE31,1=20200124001602
PRI31,1=1.299
BASEPRI31,1=1.299
QTY31,1=22.25
QTYUNIT31,1=2
GAMT31,1=28.90
AMT31,1=28.90
UGAMT31,1=28.90
UAMT31,1=28.90
PLU31,1=3
NAM31,1=FuelSave Dsl
GRP31,1=59
CRD31,1=425
EXTREF31,1=FuelSave Dsl
ART_MERCH_ID31,1=A
EXC31,1=28.90
INC31,1=28.90
NQUA_CHANGEABLE31,1=1186048.00
MOP31,1=1
MOP_ADDX31,1=10
ROP31,1=1
PM31,1=110
PA31,1=28.90
SLSTOT31=28.90
TYP32=2
DATI32=20200124001906
STATION_NR32=6111
SHF32=4612
ACC_REP_NR32=1177
OPID32=4
REF32=1179110027
SEQ32=1179110737951
SAFTDATI32=20200124001906
LCUR32=10
PAN32=446271*******838
MERCH_ID32,1=A
MERCH_NAME32,1=Discovery Filling Station Ltd
MERCH_RECEIPT_SEQ_NR32,1=611100992754
PRI32,1=0.65
UPR32,1=0.65
QTY32,1=1.00
QTYUNIT32,1=1
GAMT32,1=0.65
AMT32,1=0.65
UGAMT32,1=0.65
UAMT32,1=0.65
PLU32,1=5020379150859
NAM32,1=HS S&V TWIRL
GRP32,1=CRISPS
CRD32,1=3219
ART_MERCH_ID32,1=A
PRC32,1=20.00
VAMT32,1=0.11
EXC32,1=0.54
INC32,1=0.65
PRI32,2=0.65
UPR32,2=0.65
QTY32,2=2.00
QTYUNIT32,2=1
GAMT32,2=1.30
AMT32,2=1.00
UGAMT32,2=1.30
UAMT32,2=1.00
PLU32,2=5020379150811
NAM32,2=HS SR CRM&WL
GRP32,2=CRISPS
CRD32,2=3219
PRO32,2=MMH1315
DSCT32,2=2
DNAM32,2=H/S 2 FOR 1
DSC32,2=0.30
ART_MERCH_ID32,2=A
PRC32,2=20.00
VAMT32,2=0.17
EXC32,2=0.83
INC32,2=1.00
PRI32,3=0.65
UPR32,3=0.65
QTY32,3=1.00
QTYUNIT32,3=1
GAMT32,3=0.65
AMT32,3=0.35
UGAMT32,3=0.65
UAMT32,3=0.35
PLU32,3=5020379150897
NAM32,3=HS PRWN CRCK
GRP32,3=CRISPS
CRD32,3=3219
PRO32,3=MMH1315
DSCT32,3=2
DNAM32,3=H/S 2 FOR 1
DSC32,3=0.30
ART_MERCH_ID32,3=A
EXC32,3=0.35
INC32,3=0.35
PRI32,4=1.00
UPR32,4=1.00
QTY32,4=1.00
QTYUNIT32,4=1
GAMT32,4=1.00
AMT32,4=1.00
UGAMT32,4=1.00
UAMT32,4=1.00
PLU32,4=7622210629579
NAM32,4=CAD D DECKER
GRP32,4=CONFECTIONERY
CRD32,4=3119
ART_MERCH_ID32,4=A
PRC32,4=20.00
VAMT32,4=0.17
EXC32,4=0.83
INC32,4=1.00
PRI32,5=0.05
UPR32,5=0.05
QTY32,5=1.00
QTYUNIT32,5=1
GAMT32,5=0.05
AMT32,5=0.05
UGAMT32,5=0.05
UAMT32,5=0.05
PLU32,5=5011929933732
NAM32,5=PREMIER LVT
GRP32,5=GENERAL GOODS V
CRD32,5=3319
ART_MERCH_ID32,5=A
PRC32,5=20.00
VAMT32,5=0.01
EXC32,5=0.04
INC32,5=0.05
PRI32,6=10.45
UPR32,6=10.45
QTY32,6=1.00
QTYUNIT32,6=1
GAMT32,6=10.45
AMT32,6=10.45
UGAMT32,6=10.45
UAMT32,6=10.45
PLU32,6=5000431026292
NAM32,6=RICHMOND S/KINGS 20
GRP32,6=TOBACCO
CRD32,6=4019
ART_MERCH_ID32,6=A
PRC32,6=20.00
VAMT32,6=1.74
EXC32,6=8.71
INC32,6=10.45
PRI32,7=11.00
UPR32,7=11.00
QTY32,7=1.00
QTYUNIT32,7=1
GAMT32,7=11.00
AMT32,7=11.00
UGAMT32,7=11.00
UAMT32,7=11.00
PLU32,7=5000435010716
NAM32,7=GOLD LEAF30G
GRP32,7=TOBACCO
CRD32,7=4019
ART_MERCH_ID32,7=A
PRC32,7=20.00
VAMT32,7=1.83
EXC32,7=9.17
INC32,7=11.00
PRI32,8=0.75
UPR32,8=0.75
QTY32,8=1.00
QTYUNIT32,8=1
GAMT32,8=0.75
AMT32,8=0.75
UGAMT32,8=0.75
UAMT32,8=0.75
PLU32,8=5020379128605
NAM32,8=ES TEA 80S
GRP32,8=GROCERY ZERO
CRD32,8=3100
ART_MERCH_ID32,8=A
EXC32,8=0.75
INC32,8=0.75
CPPAN32,1=446271*******838
MOP32,1=6
MOP_ADDX32,1=50
MOP_ADDY32,1=12
ROP32,1=1
PM32,1=949
PSUB32,1=12
PA32,1=25.25
SLSTOT32=25.25
TYP33=21
SPEC_TYPE33=14
DATI33=20200124002047
STATION_NR33=6111
SHF33=4612
OPID33=4
LREF33=1179110028
SPEC_ID33=1003
SPEC_NAME33=PAYPOINT
SPEC_ITYP33=1
SPEC_QUA33=1.00
SPEC_PRI33=25.00
SPEC_AMT33=25.00
TYP34=2
DATI34=20200124002116
STATION_NR34=6111
SHF34=4612
ACC_REP_NR34=1177
OPID34=4
REF34=1179110028
SEQ34=1179110737952
SAFTDATI34=20200124002116
LCUR34=10
REPL34=2
MERCH_ID34,1=A
MERCH_NAME34,1=Discovery Filling Station Ltd
MERCH_RECEIPT_SEQ_NR34,1=611100992755
PRI34,1=0.50
UPR34,1=0.50
QTY34,1=2.00
QTYUNIT34,1=1
GAMT34,1=1.00
AMT34,1=1.00
UGAMT34,1=1.00
UAMT34,1=1.00
PLU34,1=5020379148719
NAM34,1=ES WHITE FAM
GRP34,1=GENERAL GOODS V
CRD34,1=3319
ART_MERCH_ID34,1=A
PRC34,1=20.00
VAMT34,1=0.17
EXC34,1=0.83
INC34,1=1.00
QTY34,2=1.00
QTYUNIT34,2=1
PLU34,2=1003
NAM34,2=PAYPOINT
GRP34,2=STAMPS & PHONE
CRD34,2=9019
ART_MERCH_ID34,2=A
PRI34,3=25.00
UPR34,3=25.00
QTY34,3=1.00
QTYUNIT34,3=1
GAMT34,3=25.00
AMT34,3=25.00
UGAMT34,3=25.00
UAMT34,3=25.00
PLU34,3=1003
NAM34,3=PAYPOINT
GRP34,3=STAMPS & PHONE
CRD34,3=9019
ART_MERCH_ID34,3=A
EXC34,3=25.00
INC34,3=25.00
PRI34,4=0.50
UPR34,4=0.50
QTY34,4=1.00
QTYUNIT34,4=1
GAMT34,4=0.50
AMT34,4=0.50
UGAMT34,4=0.50
UAMT34,4=0.50
PLU34,4=5020379106719
NAM34,4=ES SMR BRY
GRP34,4=DRINKS
CRD34,4=3119
ART_MERCH_ID34,4=A
PRC34,4=20.00
VAMT34,4=0.08
EXC34,4=0.42
INC34,4=0.50
PRI34,5=0.50
UPR34,5=0.50
QTY34,5=1.00
QTYUNIT34,5=1
GAMT34,5=0.50
AMT34,5=0.50
UGAMT34,5=0.50
UAMT34,5=0.50
PLU34,5=5020379106696
NAM34,5=ES ISOTONIC
GRP34,5=DRINKS
CRD34,5=3119
ART_MERCH_ID34,5=A
PRC34,5=20.00
VAMT34,5=0.08
EXC34,5=0.42
INC34,5=0.50
MOP34,1=1
MOP_ADDX34,1=10
ROP34,1=1
PM34,1=110
PA34,1=27.00
SLSTOT34=27.00
TYP35=2
DATI35=20200124002155
STATION_NR35=6111
SHF35=4612
ACC_REP_NR35=1177
OPID35=4
REF35=1179110029
SEQ35=1179110737953
SAFTDATI35=20200124002155
LCUR35=10
REPL35=2
MERCH_ID35,1=A
MERCH_NAME35,1=Discovery Filling Station Ltd
MERCH_RECEIPT_SEQ_NR35,1=611100992756
PMP35,1=2
PUMP_MODE35,1=1,1,1
NOZZLE35,1=2
NDATI35,1=20200124002139
START_DATE35,1=20200124002001
PRI35,1=1.299
BASEPRI35,1=1.299
QTY35,1=15.40
QTYUNIT35,1=2
GAMT35,1=20.00
AMT35,1=20.00
UGAMT35,1=20.00
UAMT35,1=20.00
PLU35,1=3
NAM35,1=FuelSave Dsl
GRP35,1=59
CRD35,1=425
EXTREF35,1=FuelSave Dsl
ART_MERCH_ID35,1=A
EXC35,1=20.00
INC35,1=20.00
NQUA_CHANGEABLE35,1=1554480.47
MOP35,1=1
MOP_ADDX35,1=10
ROP35,1=1
PM35,1=110
PA35,1=20.00
SLSTOT35=20.00
TYP36=2
DATI36=20200124002232
STATION_NR36=6111
SHF36=4612
ACC_REP_NR36=1177
OPID36=4
REF36=1179110030
SEQ36=1179110737954
SAFTDATI36=20200124002232
LCUR36=10
REPL36=2
MERCH_ID36,1=A
MERCH_NAME36,1=Discovery Filling Station Ltd
MERCH_RECEIPT_SEQ_NR36,1=611100992757
PMP36,1=5
PUMP_MODE36,1=1,1,1
NOZZLE36,1=1
NDATI36,1=20200124002151
START_DATE36,1=20200124002123
PRI36,1=1.249
BASEPRI36,1=1.249
QTY36,1=8.01
QTYUNIT36,1=2
GAMT36,1=10.00
AMT36,1=10.00
UGAMT36,1=10.00
UAMT36,1=10.00
PLU36,1=6
NAM36,1=FuelSave Unl
GRP36,1=59
CRD36,1=325
EXTREF36,1=FuelSave Unl
ART_MERCH_ID36,1=A
EXC36,1=10.00
INC36,1=10.00
NQUA_CHANGEABLE36,1=1061833.68
MOP36,1=1
MOP_ADDX36,1=10
ROP36,1=1
PM36,1=110
PA36,1=10.00
SLSTOT36=10.00
TYP37=2
DATI37=20200124002258
STATION_NR37=6111
SHF37=4612
ACC_REP_NR37=1177
OPID37=4
REF37=1179110031
SEQ37=1179110737955
SAFTDATI37=20200124002258
LCUR37=10
REPL37=2
MERCH_ID37,1=A
MERCH_NAME37,1=Discovery Filling Station Ltd
MERCH_RECEIPT_SEQ_NR37,1=611100992758
PMP37,1=4
PUMP_MODE37,1=1,1,1
NOZZLE37,1=3
NDATI37,1=20200124002210
START_DATE37,1=20200124002115
PRI37,1=1.299
BASEPRI37,1=1.299
QTY37,1=18.47
QTYUNIT37,1=2
GAMT37,1=23.99
AMT37,1=23.99
UGAMT37,1=23.99
UAMT37,1=23.99
PLU37,1=3
NAM37,1=FuelSave Dsl
GRP37,1=59
CRD37,1=425
EXTREF37,1=FuelSave Dsl
ART_MERCH_ID37,1=A
EXC37,1=23.99
INC37,1=23.99
NQUA_CHANGEABLE37,1=1501910.89
MOP37,1=1
MOP_ADDX37,1=10
ROP37,1=1
PM37,1=110
PA37,1=23.99
SLSTOT37=23.99
TYP38=21
SPEC_TYPE38=14
DATI38=20200124002419
STATION_NR38=6111
SHF38=4612
OPID38=4
LREF38=1179110032
SPEC_ID38=5000431028081
SPEC_NAME38=JPS KS 20 REAL BLUE
SPEC_ITYP38=1
SPEC_QUA38=1.00
SPEC_ADDD38=9.45
TYP39=21
SPEC_TYPE39=14
DATI39=20200124002430
STATION_NR39=6111
SHF39=4612
OPID39=4
LREF39=1179110032
SPEC_ID39=1003
SPEC_NAME39=PAYPOINT
SPEC_ITYP39=1
SPEC_QUA39=1.00
SPEC_PRI39=100.00
SPEC_AMT39=100.00
TYP40=2
DATI40=20200124002432
STATION_NR40=6111
SHF40=4612
ACC_REP_NR40=1177
OPID40=4
REF40=1179110032
SEQ40=1179110737956
SAFTDATI40=20200124002432
LCUR40=10
REPL40=2
MERCH_ID40,1=A
MERCH_NAME40,1=Discovery Filling Station Ltd
MERCH_RECEIPT_SEQ_NR40,1=611100992759
PROGPRI40,1=9.45
PROGUPR40,1=9.45
QTY40,1=1.00
QTYUNIT40,1=1
PLU40,1=5000431028081
NAM40,1=JPS KS 20 REAL BLUE
GRP40,1=TOBACCO
CRD40,1=4019
ART_MERCH_ID40,1=A
PRC40,1=20.00
PRI40,2=2.00
UPR40,2=2.00
QTY40,2=1.00
QTYUNIT40,2=1
GAMT40,2=2.00
AMT40,2=2.00
UGAMT40,2=2.00
UAMT40,2=2.00
PLU40,2=5031390115239
NAM40,2=LUCKY BONUS 2
GRP40,2=LOTTERY SRATCHC
CRD40,2=9500
ART_MERCH_ID40,2=A
EXC40,2=2.00
INC40,2=2.00
PRI40,3=5.00
UPR40,3=5.00
QTY40,3=1.00
QTYUNIT40,3=1
GAMT40,3=5.00
AMT40,3=5.00
UGAMT40,3=5.00
UAMT40,3=5.00
PLU40,3=5031390115451
NAM40,3=BINGO MILLIONAIRE 5
GRP40,3=LOTTERY SRATCHC
CRD40,3=9500
ART_MERCH_ID40,3=A
EXC40,3=5.00
INC40,3=5.00
PRI40,4=100.00
UPR40,4=100.00
QTY40,4=1.00
QTYUNIT40,4=1
GAMT40,4=100.00
AMT40,4=100.00
UGAMT40,4=100.00
UAMT40,4=100.00
PLU40,4=1003
NAM40,4=PAYPOINT
GRP40,4=STAMPS & PHONE
CRD40,4=9019
ART_MERCH_ID40,4=A
EXC40,4=100.00
INC40,4=100.00
MOP40,1=1
MOP_ADDX40,1=10
ROP40,1=1
PM40,1=110
PA40,1=107.00
SLSTOT40=107.00
TYP41=2
DATI41=20200124002506
STATION_NR41=6111
SHF41=4612
ACC_REP_NR41=1177
OPID41=4
REF41=1179110033
SEQ41=1179110737957
SAFTDATI41=20200124002506
LCUR41=10
PAN41=476223*******424
MERCH_ID41,1=A
MERCH_NAME41,1=Discovery Filling Station Ltd
MERCH_RECEIPT_SEQ_NR41,1=611100992760
PRI41,1=0.89
UPR41,1=0.89
QTY41,1=1.00
QTYUNIT41,1=1
GAMT41,1=0.89
AMT41,1=0.89
UGAMT41,1=0.89
UAMT41,1=0.89
PLU41,1=5020379151986
NAM41,1=SUM BRZ PM
GRP41,1=GENERAL GOODS V
CRD41,1=3319
ART_MERCH_ID41,1=A
PRC41,1=20.00
VAMT41,1=0.15
EXC41,1=0.74
INC41,1=0.89
CPPAN41,1=476223*******424
MOP41,1=6
MOP_ADDX41,1=50
MOP_ADDY41,1=12
ROP41,1=1
PM41,1=949
PSUB41,1=12
PA41,1=0.89
SLSTOT41=0.89
TYP42=2
DATI42=20200124002613
STATION_NR42=6111
SHF42=4612
ACC_REP_NR42=1177
OPID42=4
REF42=1179110034
SEQ42=1179110737958
SAFTDATI42=20200124002613
LCUR42=10
REPL42=2
MERCH_ID42,1=A
MERCH_NAME42,1=Discovery Filling Station Ltd
MERCH_RECEIPT_SEQ_NR42,1=611100992761
PRI42,1=9.80
UPR42,1=9.80
QTY42,1=1.00
QTYUNIT42,1=1
GAMT42,1=9.80
AMT42,1=9.80
UGAMT42,1=9.80
UAMT42,1=9.80
PLU42,1=5000143936339
NAM42,1=STERLING KS
GRP42,1=TOBACCO
CRD42,1=4019
ART_MERCH_ID42,1=A
PRC42,1=20.00
VAMT42,1=1.63
EXC42,1=8.17
INC42,1=9.80
MOP42,1=1
MOP_ADDX42,1=10
ROP42,1=1
PM42,1=110
PA42,1=9.80
SLSTOT42=9.80
TYP43=2
DATI43=20200124002619
STATION_NR43=6111
SHF43=4612
ACC_REP_NR43=1177
OPID43=4
REF43=1179110035
SEQ43=1179110737959
SAFTDATI43=20200124002619
LCUR43=10
REPL43=2
MERCH_ID43,1=A
MERCH_NAME43,1=Discovery Filling Station Ltd
MERCH_RECEIPT_SEQ_NR43,1=611100992762
PRI43,1=9.45
UPR43,1=9.45
QTY43,1=1.00
QTYUNIT43,1=1
GAMT43,1=9.45
AMT43,1=9.45
UGAMT43,1=9.45
UAMT43,1=9.45
PLU43,1=5000431028081
NAM43,1=JPS KS 20 REAL BLUE
GRP43,1=TOBACCO
CRD43,1=4019
ART_MERCH_ID43,1=A
PRC43,1=20.00
VAMT43,1=1.57
EXC43,1=7.88
INC43,1=9.45
MOP43,1=1
MOP_ADDX43,1=10
ROP43,1=1
PM43,1=110
PA43,1=9.45
SLSTOT43=9.45
TYP44=2
DATI44=20200124002752
STATION_NR44=6111
SHF44=4612
ACC_REP_NR44=1177
OPID44=4
REF44=1179110036
SEQ44=1179110737960
SAFTDATI44=20200124002752
LCUR44=10
REPL44=2
MERCH_ID44,1=A
MERCH_NAME44,1=Discovery Filling Station Ltd
MERCH_RECEIPT_SEQ_NR44,1=611100992763
PMP44,1=6
PUMP_MODE44,1=1,1,1
NOZZLE44,1=2
NDATI44,1=20200124002716
START_DATE44,1=20200124002555
PRI44,1=1.299
BASEPRI44,1=1.299
QTY44,1=30.79
QTYUNIT44,1=2
GAMT44,1=40.00
AMT44,1=40.00
UGAMT44,1=40.00
UAMT44,1=40.00
PLU44,1=3
NAM44,1=FuelSave Dsl
GRP44,1=59
CRD44,1=425
EXTREF44,1=FuelSave Dsl
ART_MERCH_ID44,1=A
EXC44,1=40.00
INC44,1=40.00
NQUA_CHANGEABLE44,1=1186078.79
MOP44,1=1
MOP_ADDX44,1=10
ROP44,1=1
PM44,1=110
PA44,1=40.00
SLSTOT44=40.00
TYP45=2
DATI45=20200124002948
STATION_NR45=6111
SHF45=4612
ACC_REP_NR45=1177
OPID45=4
REF45=1179110037
SEQ45=1179110737961
SAFTDATI45=20200124002948
LCUR45=10
REPL45=2
MERCH_ID45,1=A
MERCH_NAME45,1=Discovery Filling Station Ltd
MERCH_RECEIPT_SEQ_NR45,1=611100992764
PMP45,1=2
PUMP_MODE45,1=1,1,1
NOZZLE45,1=2
NDATI45,1=20200124002913
START_DATE45,1=20200124002729
PRI45,1=1.299
BASEPRI45,1=1.299
QTY45,1=11.55
QTYUNIT45,1=2
GAMT45,1=15.00
AMT45,1=15.00
UGAMT45,1=15.00
UAMT45,1=15.00
PLU45,1=3
NAM45,1=FuelSave Dsl
GRP45,1=59
CRD45,1=425
EXTREF45,1=FuelSave Dsl
ART_MERCH_ID45,1=A
EXC45,1=15.00
INC45,1=15.00
NQUA_CHANGEABLE45,1=1554492.02
MOP45,1=1
MOP_ADDX45,1=10
ROP45,1=1
PM45,1=110
PA45,1=15.00
SLSTOT45=15.00
TYP46=21
SPEC_TYPE46=3
DATI46=20200124003049
STATION_NR46=6111
SHF46=4612
OPID46=4
LREF46=1179110038
SPEC_ID46=3
SPEC_NAME46=FuelSave Dsl
SPEC_QUA46=9.25
SPEC_PRI46=1.299
SPEC_AMT46=12.02
SPEC_ADDD46=4
TYP47=2
DATI47=20200124003054
STATION_NR47=6111
SHF47=4612
ACC_REP_NR47=1177
OPID47=4
REF47=1179110039
SEQ47=1179110737962
SAFTDATI47=20200124003054
LCUR47=10
REPL47=2
MERCH_ID47,1=A
MERCH_NAME47,1=Discovery Filling Station Ltd
MERCH_RECEIPT_SEQ_NR47,1=611100992765
PMP47,1=1
PUMP_MODE47,1=1,1,1
NOZZLE47,1=1
NDATI47,1=20200124003016
START_DATE47,1=20200124002944
PRI47,1=1.249
BASEPRI47,1=1.249
QTY47,1=8.01
QTYUNIT47,1=2
GAMT47,1=10.00
AMT47,1=10.00
UGAMT47,1=10.00
UAMT47,1=10.00
PLU47,1=6
NAM47,1=FuelSave Unl
GRP47,1=59
CRD47,1=325
EXTREF47,1=FuelSave Unl
ART_MERCH_ID47,1=A
EXC47,1=10.00
INC47,1=10.00
NQUA_CHANGEABLE47,1=662035.86
MOP47,1=1
MOP_ADDX47,1=10
ROP47,1=1
PM47,1=110
PA47,1=10.00
SLSTOT47=10.00
TYP48=21
SPEC_TYPE48=14
DATI48=20200124003120
STATION_NR48=6111
SHF48=4612
OPID48=4
LREF48=1179110040
SPEC_ID48=5000112644739
SPEC_NAME48=DIET COKE
SPEC_ITYP48=1
SPEC_QUA48=2.00
SPEC_PRI48=1.50
SPEC_AMT48=3.00
SPEC_ADDD48=1.99
TYP49=2
DATI49=20200124003128
STATION_NR49=6111
SHF49=4612
ACC_REP_NR49=1177
OPID49=4
REF49=1179110040
SEQ49=1179110737963
SAFTDATI49=20200124003128
LCUR49=10
REPL49=2
MERCH_ID49,1=A
MERCH_NAME49,1=Discovery Filling Station Ltd
MERCH_RECEIPT_SEQ_NR49,1=611100992766
PMP49,1=4
PUMP_MODE49,1=1,1,1
NOZZLE49,1=3
NDATI49,1=20200124002941
START_DATE49,1=20200124002816
PRI49,1=1.299
BASEPRI49,1=1.299
QTY49,1=9.25
QTYUNIT49,1=2
GAMT49,1=12.02
AMT49,1=12.02
UGAMT49,1=12.02
UAMT49,1=12.02
PLU49,1=3
NAM49,1=FuelSave Dsl
GRP49,1=59
CRD49,1=425
EXTREF49,1=FuelSave Dsl
ART_MERCH_ID49,1=A
EXC49,1=12.02
INC49,1=12.02
NQUA_CHANGEABLE49,1=1501920.14
PRI49,2=1.50
UPR49,2=1.50
PROGPRI49,2=1.99
PROGUPR49,2=1.99
QTY49,2=2.00
QTYUNIT49,2=1
GAMT49,2=3.00
AMT49,2=3.00
UGAMT49,2=3.00
UAMT49,2=3.00
PLU49,2=5000112644739
NAM49,2=DIET COKE
GRP49,2=DRINKS
CRD49,2=3119
ART_MERCH_ID49,2=A
PRC49,2=20.00
VAMT49,2=0.50
EXC49,2=2.50
INC49,2=3.00
MOP49,1=1
MOP_ADDX49,1=10
ROP49,1=1
PM49,1=110
PA49,1=15.02
SLSTOT49=15.02
TYP50=2
DATI50=20200124003348
STATION_NR50=6111
SHF50=4612
ACC_REP_NR50=1177
OPID50=4
REF50=1179110041
SEQ50=1179110737964
SAFTDATI50=20200124003348
LCUR50=10
REPL50=2
MERCH_ID50,1=A
MERCH_NAME50,1=Discovery Filling Station Ltd
MERCH_RECEIPT_SEQ_NR50,1=611100992767
PRI50,1=0.79
UPR50,1=0.79
QTY50,1=1.00
QTYUNIT50,1=1
GAMT50,1=0.79
AMT50,1=0.79
UGAMT50,1=0.79
UAMT50,1=0.79
PLU50,1=5020379150071
NAM50,1=ES WHOLEMILK
GRP50,1=CHILLED FOOD
CRD50,1=3400
ART_MERCH_ID50,1=A
EXC50,1=0.79
INC50,1=0.79
PRI50,2=1.19
UPR50,2=1.19
QTY50,2=1.00
QTYUNIT50,2=1
GAMT50,2=1.19
AMT50,2=1.19
UGAMT50,2=1.19
UAMT50,2=1.19
PLU50,2=7622210822895
NAM50,2=DAIRYLEA
GRP50,2=CHILLED FOOD
CRD50,2=3400
ART_MERCH_ID50,2=A
EXC50,2=1.19
INC50,2=1.19
PRI50,3=0.70
UPR50,3=0.70
QTY50,3=2.00
QTYUNIT50,3=1
GAMT50,3=1.40
AMT50,3=1.40
UGAMT50,3=1.40
UAMT50,3=1.40
PLU50,3=5000328699370
NAM50,3=WALKERS TOMATO KETCH
GRP50,3=CRISPS
CRD50,3=3219
ART_MERCH_ID50,3=A
PRC50,3=20.00
VAMT50,3=0.23
EXC50,3=1.17
INC50,3=1.40
PRI50,4=14.10
UPR50,4=14.10
QTY50,4=1.00
QTYUNIT50,4=1
GAMT50,4=14.10
AMT50,4=14.10
UGAMT50,4=14.10
UAMT50,4=14.10
PLU50,4=5000143958621
NAM50,4=A/LEAF 30G
GRP50,4=TOBACCO
CRD50,4=4019
ART_MERCH_ID50,4=A
PRC50,4=20.00
VAMT50,4=2.35
EXC50,4=11.75
INC50,4=14.10
PRI50,5=1.35
UPR50,5=1.35
QTY50,5=1.00
QTYUNIT50,5=1
GAMT50,5=1.35
AMT50,5=1.35
UGAMT50,5=1.35
UAMT50,5=1.35
PLU50,5=490404
NAM50,5=CLARKS BEAN PIE P/P
GRP50,5=CHILLED FOOD
CRD50,5=3400
ART_MERCH_ID50,5=A
EXC50,5=1.35
INC50,5=1.35
MOP50,1=1
MOP_ADDX50,1=10
ROP50,1=1
PM50,1=110
PA50,1=20.00
MOP50,2=1
MOP_ADDX50,2=10
ROP50,2=2
PM50,2=5110
PA50,2=-1.17
SLSTOT50=18.83
TYP51=2
DATI51=20200124004424
STATION_NR51=6111
SHF51=4612
ACC_REP_NR51=1177
OPID51=4
REF51=1179110042
SEQ51=1179110737965
SAFTDATI51=20200124004424
LCUR51=10
PAN51=476224*******923
MERCH_ID51,1=A
MERCH_NAME51,1=Discovery Filling Station Ltd
MERCH_RECEIPT_SEQ_NR51,1=611100992768
PMP51,1=5
PUMP_MODE51,1=1,1,1
NOZZLE51,1=1
NDATI51,1=20200124004342
START_DATE51,1=20200124004259
PRI51,1=1.249
BASEPRI51,1=1.249
QTY51,1=12.14
QTYUNIT51,1=2
GAMT51,1=15.16
AMT51,1=15.16
UGAMT51,1=15.16
UAMT51,1=15.16
PLU51,1=6
NAM51,1=FuelSave Unl
GRP51,1=59
CRD51,1=325
EXTREF51,1=FuelSave Unl
ART_MERCH_ID51,1=A
EXC51,1=15.16
INC51,1=15.16
NQUA_CHANGEABLE51,1=1061845.82
CPPAN51,1=476224*******923
MOP51,1=6
MOP_ADDX51,1=50
MOP_ADDY51,1=12
ROP51,1=1
PM51,1=949
PSUB51,1=12
PA51,1=15.16
SLSTOT51=15.16
TYP52=2
DATI52=20200124004509
STATION_NR52=6111
SHF52=4612
ACC_REP_NR52=1177
OPID52=4
REF52=1179110043
SEQ52=1179110737966
SAFTDATI52=20200124004509
LCUR52=10
REPL52=2
MERCH_ID52,1=A
MERCH_NAME52,1=Discovery Filling Station Ltd
MERCH_RECEIPT_SEQ_NR52,1=611100992769
PRI52,1=1.00
UPR52,1=1.00
QTY52,1=1.00
QTYUNIT52,1=1
GAMT52,1=1.00
AMT52,1=1.00
UGAMT52,1=1.00
UAMT52,1=1.00
PLU52,1=7622210629579
NAM52,1=CAD D DECKER
GRP52,1=CONFECTIONERY
CRD52,1=3119
ART_MERCH_ID52,1=A
PRC52,1=20.00
VAMT52,1=0.17
EXC52,1=0.83
INC52,1=1.00
PRI52,2=0.65
UPR52,2=0.65
QTY52,2=1.00
QTYUNIT52,2=1
GAMT52,2=0.65
AMT52,2=0.50
UGAMT52,2=0.65
UAMT52,2=0.50
PLU52,2=5020379150774
NAM52,2=HS CHS PF
GRP52,2=CRISPS
CRD52,2=3219
PRO52,2=MMH1315
DSCT52,2=2
DNAM52,2=H/S 2 FOR 1
DSC52,2=0.15
ART_MERCH_ID52,2=A
PRC52,2=20.00
VAMT52,2=0.08
EXC52,2=0.42
INC52,2=0.50
PRI52,3=0.65
UPR52,3=0.65
QTY52,3=1.00
QTYUNIT52,3=1
GAMT52,3=0.65
AMT52,3=0.50
UGAMT52,3=0.65
UAMT52,3=0.50
PLU52,3=5020379150835
NAM52,3=SLT&VINGR ST
GRP52,3=CRISPS
CRD52,3=3219
PRO52,3=MMH1315
DSCT52,3=2
DNAM52,3=H/S 2 FOR 1
DSC52,3=0.15
ART_MERCH_ID52,3=A
PRC52,3=20.00
VAMT52,3=0.08
EXC52,3=0.42
INC52,3=0.50
PRI52,4=18.15
UPR52,4=18.15
QTY52,4=1.00
QTYUNIT52,4=1
GAMT52,4=18.15
AMT52,4=18.15
UGAMT52,4=18.15
UAMT52,4=18.15
PLU52,4=5000435010747
NAM52,4=GOLD LEAF 50G
GRP52,4=TOBACCO
CRD52,4=4019
ART_MERCH_ID52,4=A
PRC52,4=20.00
VAMT52,4=3.02
EXC52,4=15.13
INC52,4=18.15
MOP52,1=1
MOP_ADDX52,1=10
ROP52,1=1
PM52,1=110
PA52,1=40.00
MOP52,2=1
MOP_ADDX52,2=10
ROP52,2=2
PM52,2=5110
PA52,2=-19.85
SLSTOT52=20.15
TYP53=2
DATI53=20200124004816
STATION_NR53=6111
SHF53=4612
ACC_REP_NR53=1177
OPID53=4
REF53=1179110044
SEQ53=1179110737967
SAFTDATI53=20200124004816
LCUR53=10
REPL53=2
MERCH_ID53,1=A
MERCH_NAME53,1=Discovery Filling Station Ltd
MERCH_RECEIPT_SEQ_NR53,1=611100992770
PMP53,1=1
PUMP_MODE53,1=1,1,1
NOZZLE53,1=1
NDATI53,1=20200124004756
START_DATE53,1=20200124004725
PRI53,1=1.249
BASEPRI53,1=1.249
QTY53,1=8.01
QTYUNIT53,1=2
GAMT53,1=10.00
AMT53,1=10.00
UGAMT53,1=10.00
UAMT53,1=10.00
PLU53,1=6
NAM53,1=FuelSave Unl
GRP53,1=59
CRD53,1=325
EXTREF53,1=FuelSave Unl
ART_MERCH_ID53,1=A
EXC53,1=10.00
INC53,1=10.00
NQUA_CHANGEABLE53,1=662043.87
MOP53,1=1
MOP_ADDX53,1=10
ROP53,1=1
PM53,1=110
PA53,1=10.00
SLSTOT53=10.00
TYP54=2
DATI54=20200124005343
STATION_NR54=6111
SHF54=4612
ACC_REP_NR54=1177
OPID54=4
REF54=1179110045
SEQ54=1179110737968
SAFTDATI54=20200124005343
LCUR54=10
PAN54=557351*******475
MERCH_ID54,1=A
MERCH_NAME54,1=Discovery Filling Station Ltd
MERCH_RECEIPT_SEQ_NR54,1=611100992771
PRI54,1=0.79
UPR54,1=0.79
QTY54,1=1.00
QTYUNIT54,1=1
GAMT54,1=0.79
AMT54,1=0.79
UGAMT54,1=0.79
UAMT54,1=0.79
PLU54,1=5000112630633
NAM54,1=COCA COLA
GRP54,1=DRINKS
CRD54,1=3119
ART_MERCH_ID54,1=A
PRC54,1=20.00
VAMT54,1=0.13
EXC54,1=0.66
INC54,1=0.79
PRI54,2=8.90
UPR54,2=8.90
QTY54,2=1.00
QTYUNIT54,2=1
GAMT54,2=8.90
AMT54,2=8.90
UGAMT54,2=8.90
UAMT54,2=8.90
PLU54,2=5000143923117
NAM54,2=B&H BLUE K/S
GRP54,2=TOBACCO
CRD54,2=4019
ART_MERCH_ID54,2=A
PRC54,2=20.00
VAMT54,2=1.48
EXC54,2=7.42
INC54,2=8.90
CPPAN54,1=557351*******475
MOP54,1=6
MOP_ADDX54,1=50
MOP_ADDY54,1=14
ROP54,1=1
PM54,1=949
PSUB54,1=14
PA54,1=9.69
SLSTOT54=9.69
TYP55=2
DATI55=20200124005735
STATION_NR55=6111
SHF55=4612
ACC_REP_NR55=1177
OPID55=4
REF55=1179110046
SEQ55=1179110737969
SAFTDATI55=20200124005735
LCUR55=10
REPL55=2
MERCH_ID55,1=A
MERCH_NAME55,1=Discovery Filling Station Ltd
MERCH_RECEIPT_SEQ_NR55,1=611100992772
PRI55,1=0.89
UPR55,1=0.89
QTY55,1=1.00
QTYUNIT55,1=1
GAMT55,1=0.89
AMT55,1=0.89
UGAMT55,1=0.89
UAMT55,1=0.89
PLU55,1=5020379154475
NAM55,1=HAPPY SHOPPE
GRP55,1=CONFECTIONERY
CRD55,1=3119
ART_MERCH_ID55,1=A
PRC55,1=20.00
VAMT55,1=0.15
EXC55,1=0.74
INC55,1=0.89
MOP55,1=1
MOP_ADDX55,1=10
ROP55,1=1
PM55,1=110
PA55,1=0.89
SLSTOT55=0.89
TYP56=2
DATI56=20200124005745
STATION_NR56=6111
SHF56=4612
ACC_REP_NR56=1177
OPID56=4
REF56=1179110047
SEQ56=1179110737970
SAFTDATI56=20200124005745
LCUR56=10
PAN56=465935*******409
MERCH_ID56,1=A
MERCH_NAME56,1=Discovery Filling Station Ltd
MERCH_RECEIPT_SEQ_NR56,1=611100992773
PMP56,1=1
PUMP_MODE56,1=1,1,1
NOZZLE56,1=2
NDATI56,1=20200124005656
START_DATE56,1=20200124005536
PRI56,1=1.299
BASEPRI56,1=1.299
QTY56,1=21.09
QTYUNIT56,1=2
GAMT56,1=27.40
AMT56,1=27.40
UGAMT56,1=27.40
UAMT56,1=27.40
PLU56,1=3
NAM56,1=FuelSave Dsl
GRP56,1=59
CRD56,1=425
EXTREF56,1=FuelSave Dsl
ART_MERCH_ID56,1=A
EXC56,1=27.40
INC56,1=27.40
NQUA_CHANGEABLE56,1=825603.25
CPPAN56,1=465935*******409
MOP56,1=6
MOP_ADDX56,1=50
MOP_ADDY56,1=12
ROP56,1=1
PM56,1=949
PSUB56,1=12
PA56,1=27.40
SLSTOT56=27.40
TYP57=2
DATI57=20200124005857
STATION_NR57=6111
SHF57=4612
ACC_REP_NR57=1177
OPID57=4
REF57=1179110048
SEQ57=1179110737971
SAFTDATI57=20200124005857
LCUR57=10
PAN57=557351*******550
MERCH_ID57,1=A
MERCH_NAME57,1=Discovery Filling Station Ltd
MERCH_RECEIPT_SEQ_NR57,1=611100992774
PRI57,1=8.70
UPR57,1=8.70
QTY57,1=1.00
QTYUNIT57,1=1
GAMT57,1=8.70
AMT57,1=8.70
UGAMT57,1=8.70
UAMT57,1=8.70
PLU57,1=5060592002931
NAM57,1=CFIELD RD SK
GRP57,1=TOBACCO
CRD57,1=4019
ART_MERCH_ID57,1=A
PRC57,1=20.00
VAMT57,1=1.45
EXC57,1=7.25
INC57,1=8.70
CPPAN57,1=557351*******550
MOP57,1=6
MOP_ADDX57,1=50
MOP_ADDY57,1=14
ROP57,1=1
PM57,1=949
PSUB57,1=14
PA57,1=8.70
SLSTOT57=8.70
TYP58=2
DATI58=20200124010059
STATION_NR58=6111
SHF58=4612
ACC_REP_NR58=1177
OPID58=4
REF58=1179110049
SEQ58=1179110737972
SAFTDATI58=20200124010059
LCUR58=10
REPL58=2
MERCH_ID58,1=A
MERCH_NAME58,1=Discovery Filling Station Ltd
MERCH_RECEIPT_SEQ_NR58,1=611100992775
PMP58,1=4
PUMP_MODE58,1=1,1,1
NOZZLE58,1=2
NDATI58,1=20200124010034
START_DATE58,1=20200124010004
PRI58,1=1.529
BASEPRI58,1=1.529
QTY58,1=6.54
QTYUNIT58,1=2
GAMT58,1=10.00
AMT58,1=10.00
UGAMT58,1=10.00
UAMT58,1=10.00
PLU58,1=8
NAM58,1=V Power Dsl
GRP58,1=59
CRD58,1=430
EXTREF58,1=V Power Dsl
ART_MERCH_ID58,1=A
EXC58,1=10.00
INC58,1=10.00
NQUA_CHANGEABLE58,1=115215.54
MOP58,1=1
MOP_ADDX58,1=10
ROP58,1=1
PM58,1=110
PA58,1=10.00
SLSTOT58=10.00
TYP59=2
DATI59=20200124010241
STATION_NR59=6111
SHF59=4612
ACC_REP_NR59=1177
OPID59=4
REF59=1179110050
SEQ59=1179110737973
SAFTDATI59=20200124010241
LCUR59=10
REPL59=2
MERCH_ID59,1=A
MERCH_NAME59,1=Discovery Filling Station Ltd
MERCH_RECEIPT_SEQ_NR59,1=611100992776
PMP59,1=1
PUMP_MODE59,1=1,1,1
NOZZLE59,1=2
NDATI59,1=20200124010152
START_DATE59,1=20200124010106
PRI59,1=1.299
BASEPRI59,1=1.299
QTY59,1=8.52
QTYUNIT59,1=2
GAMT59,1=11.07
AMT59,1=11.07
UGAMT59,1=11.07
UAMT59,1=11.07
PLU59,1=3
NAM59,1=FuelSave Dsl
GRP59,1=59
CRD59,1=425
EXTREF59,1=FuelSave Dsl
ART_MERCH_ID59,1=A
EXC59,1=11.07
INC59,1=11.07
NQUA_CHANGEABLE59,1=825611.77
MOP59,1=1
MOP_ADDX59,1=10
ROP59,1=1
PM59,1=110
PA59,1=11.07
SLSTOT59=11.07
TYP60=2
DATI60=20200124010721
STATION_NR60=6111
SHF60=4612
ACC_REP_NR60=1177
OPID60=4
REF60=1179110051
SEQ60=1179110737974
SAFTDATI60=20200124010721
LCUR60=10
REPL60=2
MERCH_ID60,1=A
MERCH_NAME60,1=Discovery Filling Station Ltd
MERCH_RECEIPT_SEQ_NR60,1=611100992777
PRI60,1=0.79
UPR60,1=0.79
QTY60,1=1.00
QTYUNIT60,1=1
GAMT60,1=0.79
AMT60,1=0.79
UGAMT60,1=0.79
UAMT60,1=0.79
PLU60,1=5020379150071
NAM60,1=ES WHOLEMILK
GRP60,1=CHILLED FOOD
CRD60,1=3400
ART_MERCH_ID60,1=A
EXC60,1=0.79
INC60,1=0.79
PRI60,2=8.80
UPR60,2=8.80
QTY60,2=1.00
QTYUNIT60,2=1
GAMT60,2=8.80
AMT60,2=8.80
UGAMT60,2=8.80
UAMT60,2=8.80
PLU60,2=5000431027169
NAM60,2=CARLTON S/KING 20S
GRP60,2=TOBACCO
CRD60,2=4019
ART_MERCH_ID60,2=A
PRC60,2=20.00
VAMT60,2=1.47
EXC60,2=7.33
INC60,2=8.80
MOP60,1=1
MOP_ADDX60,1=10
ROP60,1=1
PM60,1=110
PA60,1=9.59
SLSTOT60=9.59
TYP61=21
SPEC_TYPE61=14
DATI61=20200124011147
STATION_NR61=6111
SHF61=4612
OPID61=4
LREF61=1179110052
SPEC_ID61=5000143929720
SPEC_NAME61=B&H KS GOLD
SPEC_ITYP61=1
SPEC_QUA61=1.00
SPEC_ADDD61=12.04
TYP62=21
SPEC_TYPE62=14
DATI62=20200124011151
STATION_NR62=6111
SHF62=4612
OPID62=4
LREF62=1179110052
SPEC_ID62=5000112644692
SPEC_NAME62=COCA COLA
SPEC_ITYP62=1
SPEC_QUA62=1.00
SPEC_ADDD62=2.15
TYP63=2
DATI63=20200124011237
STATION_NR63=6111
SHF63=4612
ACC_REP_NR63=1177
OPID63=4
REF63=1179110052
SEQ63=1179110737975
SAFTDATI63=20200124011237
LCUR63=10
REPL63=2
MERCH_ID63,1=A
MERCH_NAME63,1=Discovery Filling Station Ltd
MERCH_RECEIPT_SEQ_NR63,1=611100992778
PROGPRI63,1=2.15
PROGUPR63,1=2.15
QTY63,1=1.00
QTYUNIT63,1=1
PLU63,1=5000112644692
NAM63,1=COCA COLA
GRP63,1=DRINKS
CRD63,1=3119
ART_MERCH_ID63,1=A
PRC63,1=20.00
PROGPRI63,2=12.04
PROGUPR63,2=12.04
QTY63,2=1.00
QTYUNIT63,2=1
PLU63,2=5000143929720
NAM63,2=B&H KS GOLD
GRP63,2=TOBACCO
CRD63,2=4019
ART_MERCH_ID63,2=A
PRC63,2=20.00
PRI63,3=1.35
UPR63,3=1.35
QTY63,3=1.00
QTYUNIT63,3=1
GAMT63,3=1.35
AMT63,3=1.35
UGAMT63,3=1.35
UAMT63,3=1.35
PLU63,3=5060517883034
NAM63,3=MONSTER
GRP63,3=DRINKS
CRD63,3=3119
ART_MERCH_ID63,3=A
PRC63,3=20.00
VAMT63,3=0.22
EXC63,3=1.13
INC63,3=1.35
PRI63,4=1.00
UPR63,4=1.00
QTY63,4=1.00
QTYUNIT63,4=1
GAMT63,4=1.00
AMT63,4=1.00
UGAMT63,4=1.00
UAMT63,4=1.00
PLU63,4=5000237131015
NAM63,4=NIK NAKS NIC
GRP63,4=CRISPS
CRD63,4=3219
ART_MERCH_ID63,4=A
PRC63,4=20.00
VAMT63,4=0.17
EXC63,4=0.83
INC63,4=1.00
PRI63,5=1.00
UPR63,5=1.00
QTY63,5=1.00
QTYUNIT63,5=1
GAMT63,5=1.00
AMT63,5=1.00
UGAMT63,5=1.00
UAMT63,5=1.00
PLU63,5=7613036080095
NAM63,5=ROLO 4PK PM1
GRP63,5=CONFECTIONERY
CRD63,5=3119
ART_MERCH_ID63,5=A
PRC63,5=20.00
VAMT63,5=0.17
EXC63,5=0.83
INC63,5=1.00
PRI63,6=0.05
UPR63,6=0.05
QTY63,6=1.00
QTYUNIT63,6=1
GAMT63,6=0.05
AMT63,6=0.05
UGAMT63,6=0.05
UAMT63,6=0.05
PLU63,6=5011929933732
NAM63,6=PREMIER LVT
GRP63,6=GENERAL GOODS V
CRD63,6=3319
ART_MERCH_ID63,6=A
PRC63,6=20.00
VAMT63,6=0.01
EXC63,6=0.04
INC63,6=0.05
MOP63,1=1
MOP_ADDX63,1=10
ROP63,1=1
PM63,1=110
PA63,1=5.40
MOP63,2=1
MOP_ADDX63,2=10
ROP63,2=2
PM63,2=5110
PA63,2=-2.00
SLSTOT63=3.40
TYP64=2
DATI64=20200124011311
STATION_NR64=6111
SHF64=4612
ACC_REP_NR64=1177
OPID64=4
REF64=1179110053
SEQ64=1179110737976
SAFTDATI64=20200124011311
LCUR64=10
REPL64=2
MERCH_ID64,1=A
MERCH_NAME64,1=Discovery Filling Station Ltd
MERCH_RECEIPT_SEQ_NR64,1=611100992779
PRI64,1=12.04
UPR64,1=12.04
QTY64,1=1.00
QTYUNIT64,1=1
GAMT64,1=12.04
AMT64,1=12.04
UGAMT64,1=12.04
UAMT64,1=12.04
PLU64,1=5000143929720
NAM64,1=B&H KS GOLD
GRP64,1=TOBACCO
CRD64,1=4019
ART_MERCH_ID64,1=A
PRC64,1=20.00
VAMT64,1=2.01
EXC64,1=10.03
INC64,1=12.04
PRI64,2=2.15
UPR64,2=2.15
QTY64,2=1.00
QTYUNIT64,2=1
GAMT64,2=2.15
AMT64,2=2.15
UGAMT64,2=2.15
UAMT64,2=2.15
PLU64,2=5000112644692
NAM64,2=COCA COLA
GRP64,2=DRINKS
CRD64,2=3119
ART_MERCH_ID64,2=A
PRC64,2=20.00
VAMT64,2=0.36
EXC64,2=1.79
INC64,2=2.15
MOP64,1=1
MOP_ADDX64,1=10
ROP64,1=1
PM64,1=110
PA64,1=20.00
MOP64,2=1
MOP_ADDX64,2=10
ROP64,2=2
PM64,2=5110
PA64,2=-5.81
SLSTOT64=14.19
TYP65=2
DATI65=20200124011406
STATION_NR65=6111
SHF65=4612
ACC_REP_NR65=1177
OPID65=4
REF65=1179110054
SEQ65=1179110737977
SAFTDATI65=20200124011406
LCUR65=10
REPL65=2
MERCH_ID65,1=A
MERCH_NAME65,1=Discovery Filling Station Ltd
MERCH_RECEIPT_SEQ_NR65,1=611100992780
PRI65,1=2.00
UPR65,1=2.00
QTY65,1=3.00
QTYUNIT65,1=1
GAMT65,1=6.00
AMT65,1=6.00
UGAMT65,1=6.00
UAMT65,1=6.00
PLU65,1=5031390115321
NAM65,1=3 WAYS TO WIN
GRP65,1=LOTTERY SRATCHC
CRD65,1=9500
ART_MERCH_ID65,1=A
EXC65,1=6.00
INC65,1=6.00
MOP65,1=1
MOP_ADDX65,1=10
ROP65,1=1
PM65,1=110
PA65,1=6.00
SLSTOT65=6.00
TYP66=2
DATI66=20200124011538
STATION_NR66=6111
SHF66=4612
ACC_REP_NR66=1177
OPID66=4
REF66=1179110055
SEQ66=1179110737978
SAFTDATI66=20200124011538
LCUR66=10
REPL66=2
MERCH_ID66,1=A
MERCH_NAME66,1=Discovery Filling Station Ltd
MERCH_RECEIPT_SEQ_NR66,1=611100992781
PMP66,1=1
PUMP_MODE66,1=1,1,1
NOZZLE66,1=2
NDATI66,1=20200124011446
START_DATE66,1=20200124011402
PRI66,1=1.299
BASEPRI66,1=1.299
QTY66,1=5.39
QTYUNIT66,1=2
GAMT66,1=7.00
AMT66,1=7.00
UGAMT66,1=7.00
UAMT66,1=7.00
PLU66,1=3
NAM66,1=FuelSave Dsl
GRP66,1=59
CRD66,1=425
EXTREF66,1=FuelSave Dsl
ART_MERCH_ID66,1=A
EXC66,1=7.00
INC66,1=7.00
NQUA_CHANGEABLE66,1=825617.16
MOP66,1=1
MOP_ADDX66,1=10
ROP66,1=1
PM66,1=110
PA66,1=7.00
SLSTOT66=7.00
TYP67=21
SPEC_TYPE67=3
DATI67=20200124011949
STATION_NR67=6111
SHF67=4612
OPID67=4
LREF67=1179110056
SPEC_ID67=6
SPEC_NAME67=FuelSave Unl
SPEC_QUA67=12.01
SPEC_PRI67=1.249
SPEC_AMT67=15.00
SPEC_ADDD67=5
TYP68=21
SPEC_TYPE68=3
DATI68=20200124012054
STATION_NR68=6111
SHF68=4612
OPID68=4
LREF68=1179110057
SPEC_ID68=6
SPEC_NAME68=FuelSave Unl
SPEC_QUA68=12.01
SPEC_PRI68=1.249
SPEC_AMT68=15.00
SPEC_ADDD68=5
TYP69=2
DATI69=20200124012129
STATION_NR69=6111
SHF69=4612
ACC_REP_NR69=1177
OPID69=4
REF69=1179110058
SEQ69=1179110737979
SAFTDATI69=20200124012129
LCUR69=10
REPL69=2
MERCH_ID69,1=A
MERCH_NAME69,1=Discovery Filling Station Ltd
MERCH_RECEIPT_SEQ_NR69,1=611100992782
PRI69,1=8.70
UPR69,1=8.70
QTY69,1=1.00
QTYUNIT69,1=1
GAMT69,1=8.70
AMT69,1=8.70
UGAMT69,1=8.70
UAMT69,1=8.70
PLU69,1=5060592002931
NAM69,1=CFIELD RD SK
GRP69,1=TOBACCO
CRD69,1=4019
ART_MERCH_ID69,1=A
PRC69,1=20.00
VAMT69,1=1.45
EXC69,1=7.25
INC69,1=8.70
MOP69,1=1
MOP_ADDX69,1=10
ROP69,1=1
PM69,1=110
PA69,1=8.70
SLSTOT69=8.70
TYP70=2
DATI70=20200124012350
STATION_NR70=6111
SHF70=4612
ACC_REP_NR70=1177
OPID70=4
REF70=1179110059
SEQ70=1179110737980
SAFTDATI70=20200124012350
LCUR70=10
REPL70=2
MERCH_ID70,1=A
MERCH_NAME70,1=Discovery Filling Station Ltd
MERCH_RECEIPT_SEQ_NR70,1=611100992783
PRI70,1=1.09
UPR70,1=1.09
QTY70,1=2.00
QTYUNIT70,1=1
GAMT70,1=2.18
AMT70,1=1.60
UGAMT70,1=2.18
UAMT70,1=1.60
PLU70,1=5054267007642
NAM70,1=LUCOZADE
GRP70,1=DRINKS
CRD70,1=3119
PRO70,1=MMH1887
DSCT70,1=2
DNAM70,1=L/ENRGY 2 FOR 1.60
DSC70,1=0.58
ART_MERCH_ID70,1=A
PRC70,1=20.00
VAMT70,1=0.27
EXC70,1=1.33
INC70,1=1.60
PRI70,2=1.65
UPR70,2=1.65
QTY70,2=1.00
QTYUNIT70,2=1
GAMT70,2=1.65
AMT70,2=1.65
UGAMT70,2=1.65
UAMT70,2=1.65
PLU70,2=0716165174011
NAM70,2=RAW PAPR/TIP
GRP70,2=TOBACCO SUNDRIE
CRD70,2=4019
ART_MERCH_ID70,2=A
PRC70,2=20.00
VAMT70,2=0.27
EXC70,2=1.38
INC70,2=1.65
MOP70,1=1
MOP_ADDX70,1=10
ROP70,1=1
PM70,1=110
PA70,1=3.25
SLSTOT70=3.25
TYP71=2
DATI71=20200124012421
STATION_NR71=6111
SHF71=4612
ACC_REP_NR71=1177
OPID71=4
REF71=1179110060
SEQ71=1179110737981
SAFTDATI71=20200124012421
LCUR71=10
REPL71=2
MERCH_ID71,1=A
MERCH_NAME71,1=Discovery Filling Station Ltd
MERCH_RECEIPT_SEQ_NR71,1=611100992784
PRI71,1=1.00
UPR71,1=1.00
QTY71,1=2.00
QTYUNIT71,1=1
GAMT71,1=2.00
AMT71,1=1.50
UGAMT71,1=2.00
UAMT71,1=1.50
PLU71,1=5000237131138
NAM71,1=HULA HOOPS B
GRP71,1=CRISPS
CRD71,1=3219
PRO71,1=MMH1888
DSCT71,1=2
DNAM71,1=HULA 2 FOR 1.50
DSC71,1=0.50
ART_MERCH_ID71,1=A
PRC71,1=20.00
VAMT71,1=0.25
EXC71,1=1.25
INC71,1=1.50
MOP71,1=1
MOP_ADDX71,1=10
ROP71,1=1
PM71,1=110
PA71,1=1.50
SLSTOT71=1.50
TYP72=2
DATI72=20200124012440
STATION_NR72=6111
SHF72=4612
ACC_REP_NR72=1177
OPID72=4
REF72=1179110061
SEQ72=1179110737982
SAFTDATI72=20200124012440
LCUR72=10
PAN72=481893*******377
MERCH_ID72,1=A
MERCH_NAME72,1=Discovery Filling Station Ltd
MERCH_RECEIPT_SEQ_NR72,1=611100992785
PRI72,1=1.35
UPR72,1=1.35
QTY72,1=1.00
QTYUNIT72,1=1
GAMT72,1=1.35
AMT72,1=1.35
UGAMT72,1=1.35
UAMT72,1=1.35
PLU72,1=5060517883034
NAM72,1=MONSTER
GRP72,1=DRINKS
CRD72,1=3119
ART_MERCH_ID72,1=A
PRC72,1=20.00
VAMT72,1=0.22
EXC72,1=1.13
INC72,1=1.35
PRI72,2=8.70
UPR72,2=8.70
QTY72,2=1.00
QTYUNIT72,2=1
GAMT72,2=8.70
AMT72,2=8.70
UGAMT72,2=8.70
UAMT72,2=8.70
PLU72,2=5000431026902
NAM72,2=PLAYERS KS 20S
GRP72,2=TOBACCO
CRD72,2=4019
ART_MERCH_ID72,2=A
PRC72,2=20.00
VAMT72,2=1.45
EXC72,2=7.25
INC72,2=8.70
CPPAN72,1=481893*******377
MOP72,1=6
MOP_ADDX72,1=50
MOP_ADDY72,1=13
ROP72,1=1
PM72,1=949
PSUB72,1=13
PA72,1=10.05
SLSTOT72=10.05
TYP73=2
DATI73=20200124012636
STATION_NR73=6111
SHF73=4612
ACC_REP_NR73=1177
OPID73=4
REF73=1179110062
SEQ73=1179110737983
SAFTDATI73=20200124012636
LCUR73=10
REPL73=2
MERCH_ID73,1=A
MERCH_NAME73,1=Discovery Filling Station Ltd
MERCH_RECEIPT_SEQ_NR73,1=611100992786
PRI73,1=11.25
UPR73,1=11.25
QTY73,1=1.00
QTYUNIT73,1=1
GAMT73,1=11.25
AMT73,1=11.25
UGAMT73,1=11.25
UAMT73,1=11.25
PLU73,1=5060592002696
NAM73,1=MARLBORO GOL
GRP73,1=TOBACCO
CRD73,1=4019
ART_MERCH_ID73,1=A
PRC73,1=20.00
VAMT73,1=1.87
EXC73,1=9.38
INC73,1=11.25
MOP73,1=1
MOP_ADDX73,1=10
ROP73,1=1
PM73,1=110
PA73,1=11.25
SLSTOT73=11.25
TYP74=21
SPEC_TYPE74=14
DATI74=20200124012843
STATION_NR74=6111
SHF74=4612
OPID74=4
LREF74=1179110063
SPEC_ID74=5000382023197
SPEC_NAME74=IRN BRU
SPEC_ITYP74=1
SPEC_QUA74=1.00
SPEC_ADDD74=1.39
TYP75=2
DATI75=20200124012845
STATION_NR75=6111
SHF75=4612
ACC_REP_NR75=1177
OPID75=4
REF75=1179110063
SEQ75=1179110737984
SAFTDATI75=20200124012845
LCUR75=10
REPL75=2
MERCH_ID75,1=A
MERCH_NAME75,1=Discovery Filling Station Ltd
MERCH_RECEIPT_SEQ_NR75,1=611100992787
PRI75,1=8.70
UPR75,1=8.70
QTY75,1=1.00
QTYUNIT75,1=1
GAMT75,1=8.70
AMT75,1=8.70
UGAMT75,1=8.70
UAMT75,1=8.70
PLU75,1=5000431027572
NAM75,1=L&B KS BLUE 20
GRP75,1=TOBACCO
CRD75,1=4019
ART_MERCH_ID75,1=A
PRC75,1=20.00
VAMT75,1=1.45
EXC75,1=7.25
INC75,1=8.70
PROGPRI75,2=1.39
PROGUPR75,2=1.39
QTY75,2=1.00
QTYUNIT75,2=1
PLU75,2=5000382023197
NAM75,2=IRN BRU
GRP75,2=DRINKS
CRD75,2=3119
ART_MERCH_ID75,2=A
PRC75,2=20.00
MOP75,1=1
MOP_ADDX75,1=10
ROP75,1=1
PM75,1=110
PA75,1=8.70
SLSTOT75=8.70
TYP76=2
DATI76=20200124012854
STATION_NR76=6111
SHF76=4612
ACC_REP_NR76=1177
OPID76=4
REF76=1179110064
SEQ76=1179110737985
SAFTDATI76=20200124012854
LCUR76=10
REPL76=2
MERCH_ID76,1=A
MERCH_NAME76,1=Discovery Filling Station Ltd
MERCH_RECEIPT_SEQ_NR76,1=611100992788
PRI76,1=1.39
UPR76,1=1.39
QTY76,1=1.00
QTYUNIT76,1=1
GAMT76,1=1.39
AMT76,1=1.39
UGAMT76,1=1.39
UAMT76,1=1.39
PLU76,1=5000382023197
NAM76,1=IRN BRU
GRP76,1=DRINKS
CRD76,1=3119
ART_MERCH_ID76,1=A
PRC76,1=20.00
VAMT76,1=0.23
EXC76,1=1.16
INC76,1=1.39
MOP76,1=1
MOP_ADDX76,1=10
ROP76,1=1
PM76,1=110
PA76,1=20.00
MOP76,2=1
MOP_ADDX76,2=10
ROP76,2=2
PM76,2=5110
PA76,2=-18.61
SLSTOT76=1.39
TYP77=2
DATI77=20200124013021
STATION_NR77=6111
SHF77=4612
ACC_REP_NR77=1177
OPID77=4
REF77=1179110065
SEQ77=1179110737986
SAFTDATI77=20200124013021
LCUR77=10
REPL77=2
MERCH_ID77,1=A
MERCH_NAME77,1=Discovery Filling Station Ltd
MERCH_RECEIPT_SEQ_NR77,1=611100992789
PMP77,1=3
PUMP_MODE77,1=1,1,1
NOZZLE77,1=3
NDATI77,1=20200124012946
START_DATE77,1=20200124012914
PRI77,1=1.299
BASEPRI77,1=1.299
QTY77,1=10.01
QTYUNIT77,1=2
GAMT77,1=13.00
AMT77,1=13.00
UGAMT77,1=13.00
UAMT77,1=13.00
PLU77,1=3
NAM77,1=FuelSave Dsl
GRP77,1=59
CRD77,1=425
EXTREF77,1=FuelSave Dsl
ART_MERCH_ID77,1=A
EXC77,1=13.00
INC77,1=13.00
NQUA_CHANGEABLE77,1=1276906.34
MOP77,1=1
MOP_ADDX77,1=10
ROP77,1=1
PM77,1=110
PA77,1=13.00
SLSTOT77=13.00
TYP78=21
SPEC_TYPE78=14
DATI78=20200124013131
STATION_NR78=6111
SHF78=4612
OPID78=4
LREF78=1179110066
SPEC_ID78=1003
SPEC_NAME78=PAYPOINT
SPEC_ITYP78=1
SPEC_QUA78=1.00
SPEC_PRI78=20.00
SPEC_AMT78=20.00
TYP79=2
DATI79=20200124013147
STATION_NR79=6111
SHF79=4612
ACC_REP_NR79=1177
OPID79=4
REF79=1179110066
SEQ79=1179110737987
SAFTDATI79=20200124013147
LCUR79=10
REPL79=2
MERCH_ID79,1=A
MERCH_NAME79,1=Discovery Filling Station Ltd
MERCH_RECEIPT_SEQ_NR79,1=611100992790
PRI79,1=20.00
UPR79,1=20.00
QTY79,1=1.00
QTYUNIT79,1=1
GAMT79,1=20.00
AMT79,1=20.00
UGAMT79,1=20.00
UAMT79,1=20.00
PLU79,1=1003
NAM79,1=PAYPOINT
GRP79,1=STAMPS & PHONE
CRD79,1=9019
ART_MERCH_ID79,1=A
EXC79,1=20.00
INC79,1=20.00
PRI79,2=0.90
UPR79,2=0.90
QTY79,2=1.00
QTYUNIT79,2=1
GAMT79,2=0.90
AMT79,2=0.90
UGAMT79,2=0.90
UAMT79,2=0.90
PLU79,2=8938506311516
NAM79,2=EXIS LIGHTER
GRP79,2=TOBACCO SUNDRIE
CRD79,2=4019
ART_MERCH_ID79,2=A
PRC79,2=20.00
VAMT79,2=0.15
EXC79,2=0.75
INC79,2=0.90
PRI79,3=1.00
UPR79,3=1.00
QTY79,3=1.00
QTYUNIT79,3=1
GAMT79,3=1.00
AMT79,3=1.00
UGAMT79,3=1.00
UAMT79,3=1.00
PLU79,3=5031390114744
NAM79,3=NEW YEAR 2020
GRP79,3=LOTTERY SRATCHC
CRD79,3=9500
ART_MERCH_ID79,3=A
EXC79,3=1.00
INC79,3=1.00
MOP79,1=1
MOP_ADDX79,1=10
ROP79,1=1
PM79,1=110
PA79,1=21.90
SLSTOT79=21.90
TYP80=2
DATI80=20200124013213
STATION_NR80=6111
SHF80=4612
ACC_REP_NR80=1177
OPID80=4
REF80=1179110067
SEQ80=1179110737988
SAFTDATI80=20200124013213
LCUR80=10
REPL80=2
MERCH_ID80,1=A
MERCH_NAME80,1=Discovery Filling Station Ltd
MERCH_RECEIPT_SEQ_NR80,1=611100992791
PRI80,1=1.00
UPR80,1=1.00
QTY80,1=1.00
QTYUNIT80,1=1
GAMT80,1=1.00
AMT80,1=1.00
UGAMT80,1=1.00
UAMT80,1=1.00
PLU80,1=7622210117793
NAM80,1=CAD CHC ECLR
GRP80,1=CONFECTIONERY
CRD80,1=3119
ART_MERCH_ID80,1=A
PRC80,1=20.00
VAMT80,1=0.17
EXC80,1=0.83
INC80,1=1.00
PRI80,2=1.09
UPR80,2=1.09
QTY80,2=1.00
QTYUNIT80,2=1
GAMT80,2=1.09
AMT80,2=1.09
UGAMT80,2=1.09
UAMT80,2=1.09
PLU80,2=5000112629002
NAM80,2=DR PEPPER
GRP80,2=DRINKS
CRD80,2=3119
ART_MERCH_ID80,2=A
PRC80,2=20.00
VAMT80,2=0.18
EXC80,2=0.91
INC80,2=1.09
PRI80,3=8.70
UPR80,3=8.70
QTY80,3=1.00
QTYUNIT80,3=1
GAMT80,3=8.70
AMT80,3=8.70
UGAMT80,3=8.70
UAMT80,3=8.70
PLU80,3=5000431026902
NAM80,3=PLAYERS KS 20S
GRP80,3=TOBACCO
CRD80,3=4019
ART_MERCH_ID80,3=A
PRC80,3=20.00
VAMT80,3=1.45
EXC80,3=7.25
INC80,3=8.70
MOP80,1=1
MOP_ADDX80,1=10
ROP80,1=1
PM80,1=110
PA80,1=20.00
MOP80,2=1
MOP_ADDX80,2=10
ROP80,2=2
PM80,2=5110
PA80,2=-9.21
SLSTOT80=10.79
TYP81=2
DATI81=20200124013407
STATION_NR81=6111
SHF81=4612
ACC_REP_NR81=1177
OPID81=4
REF81=1179110068
SEQ81=1179110737989
SAFTDATI81=20200124013407
LCUR81=10
PAN81=475139*******102
MERCH_ID81,1=A
MERCH_NAME81,1=Discovery Filling Station Ltd
MERCH_RECEIPT_SEQ_NR81,1=611100992792
PMP81,1=5
PUMP_MODE81,1=1,1,1
NOZZLE81,1=1
NDATI81,1=20200124011739
START_DATE81,1=20200124011649
PRI81,1=1.249
BASEPRI81,1=1.249
QTY81,1=12.01
QTYUNIT81,1=2
GAMT81,1=15.00
AMT81,1=15.00
UGAMT81,1=15.00
UAMT81,1=15.00
PLU81,1=6
NAM81,1=FuelSave Unl
GRP81,1=59
CRD81,1=325
EXTREF81,1=FuelSave Unl
ART_MERCH_ID81,1=A
EXC81,1=15.00
INC81,1=15.00
NQUA_CHANGEABLE81,1=1061857.83
CPPAN81,1=475139*******102
MOP81,1=6
MOP_ADDX81,1=50
MOP_ADDY81,1=12
ROP81,1=1
PM81,1=949
PSUB81,1=12
PA81,1=15.00
SLSTOT81=15.00
TYP82=21
SPEC_TYPE82=14
DATI82=20200124013523
STATION_NR82=6111
SHF82=4612
OPID82=4
LREF82=1179110069
SPEC_ID82=1003
SPEC_NAME82=PAYPOINT
SPEC_ITYP82=1
SPEC_QUA82=1.00
SPEC_PRI82=60.00
SPEC_AMT82=60.00
TYP83=2
DATI83=20200124013525
STATION_NR83=6111
SHF83=4612
ACC_REP_NR83=1177
OPID83=4
REF83=1179110069
SEQ83=1179110737990
SAFTDATI83=20200124013525
LCUR83=10
REPL83=2
MERCH_ID83,1=A
MERCH_NAME83,1=Discovery Filling Station Ltd
MERCH_RECEIPT_SEQ_NR83,1=611100992793
PRI83,1=60.00
UPR83,1=60.00
QTY83,1=1.00
QTYUNIT83,1=1
GAMT83,1=60.00
AMT83,1=60.00
UGAMT83,1=60.00
UAMT83,1=60.00
PLU83,1=1003
NAM83,1=PAYPOINT
GRP83,1=STAMPS & PHONE
CRD83,1=9019
ART_MERCH_ID83,1=A
EXC83,1=60.00
INC83,1=60.00
MOP83,1=1
MOP_ADDX83,1=10
ROP83,1=1
PM83,1=110
PA83,1=60.00
SLSTOT83=60.00
TYP84=2
DATI84=20200124013554
STATION_NR84=6111
SHF84=4612
ACC_REP_NR84=1177
OPID84=4
REF84=1179110070
SEQ84=1179110737991
SAFTDATI84=20200124013554
LCUR84=10
REPL84=2
MERCH_ID84,1=A
MERCH_NAME84,1=Discovery Filling Station Ltd
MERCH_RECEIPT_SEQ_NR84,1=611100992794
PMP84,1=4
PUMP_MODE84,1=1,1,1
NOZZLE84,1=3
NDATI84,1=20200124013513
START_DATE84,1=20200124013421
PRI84,1=1.299
BASEPRI84,1=1.299
QTY84,1=13.10
QTYUNIT84,1=2
GAMT84,1=17.02
AMT84,1=17.02
UGAMT84,1=17.02
UAMT84,1=17.02
PLU84,1=3
NAM84,1=FuelSave Dsl
GRP84,1=59
CRD84,1=425
EXTREF84,1=FuelSave Dsl
ART_MERCH_ID84,1=A
EXC84,1=17.02
INC84,1=17.02
NQUA_CHANGEABLE84,1=1501933.24
MOP84,1=1
MOP_ADDX84,1=10
ROP84,1=1
PM84,1=110
PA84,1=17.02
SLSTOT84=17.02
TYP85=2
DATI85=20200124013642
STATION_NR85=6111
SHF85=4612
ACC_REP_NR85=1177
OPID85=4
REF85=1179110071
SEQ85=1179110737992
SAFTDATI85=20200124013642
LCUR85=10
PAN85=475139*******102
MERCH_ID85,1=A
MERCH_NAME85,1=Discovery Filling Station Ltd
MERCH_RECEIPT_SEQ_NR85,1=611100992795
PRI85,1=0.99
UPR85,1=0.99
QTY85,1=2.00
QTYUNIT85,1=1
GAMT85,1=1.98
AMT85,1=1.98
UGAMT85,1=1.98
UAMT85,1=1.98
PLU85,1=5000382104711
NAM85,1=ROCKSTAR
GRP85,1=DRINKS
CRD85,1=3119
ART_MERCH_ID85,1=A
PRC85,1=20.00
VAMT85,1=0.33
EXC85,1=1.65
INC85,1=1.98
PRI85,2=1.00
UPR85,2=1.00
QTY85,2=1.00
QTYUNIT85,2=1
GAMT85,2=1.00
AMT85,2=1.00
UGAMT85,2=1.00
UAMT85,2=1.00
PLU85,2=7613036080699
NAM85,2=T CRISP4PKPM
GRP85,2=CONFECTIONERY
CRD85,2=3119
ART_MERCH_ID85,2=A
PRC85,2=20.00
VAMT85,2=0.17
EXC85,2=0.83
INC85,2=1.00
PRI85,3=1.30
UPR85,3=1.30
QTY85,3=1.00
QTYUNIT85,3=1
GAMT85,3=1.30
AMT85,3=1.30
UGAMT85,3=1.30
UAMT85,3=1.30
PLU85,3=490407
NAM85,3=CLARKS BEEF SAUSAGE
GRP85,3=CHILLED FOOD
CRD85,3=3400
ART_MERCH_ID85,3=A
EXC85,3=1.30
INC85,3=1.30
CPPAN85,1=475139*******102
MOP85,1=6
MOP_ADDX85,1=50
MOP_ADDY85,1=12
ROP85,1=1
PM85,1=949
PSUB85,1=12
PA85,1=4.28
SLSTOT85=4.28
TYP86=2
DATI86=20200124013803
STATION_NR86=6111
SHF86=4612
ACC_REP_NR86=1177
OPID86=4
REF86=1179110072
SEQ86=1179110737993
SAFTDATI86=20200124013803
LCUR86=10
REPL86=2
MERCH_ID86,1=A
MERCH_NAME86,1=Discovery Filling Station Ltd
MERCH_RECEIPT_SEQ_NR86,1=611100992796
PRI86,1=8.70
UPR86,1=8.70
QTY86,1=1.00
QTYUNIT86,1=1
GAMT86,1=8.70
AMT86,1=8.70
UGAMT86,1=8.70
UAMT86,1=8.70
PLU86,1=5000431026902
NAM86,1=PLAYERS KS 20S
GRP86,1=TOBACCO
CRD86,1=4019
ART_MERCH_ID86,1=A
PRC86,1=20.00
VAMT86,1=1.45
EXC86,1=7.25
INC86,1=8.70
PRI86,2=0.90
UPR86,2=0.90
QTY86,2=1.00
QTYUNIT86,2=1
GAMT86,2=0.90
AMT86,2=0.90
UGAMT86,2=0.90
UAMT86,2=0.90
PLU86,2=8938506311516
NAM86,2=EXIS LIGHTER
GRP86,2=TOBACCO SUNDRIE
CRD86,2=4019
ART_MERCH_ID86,2=A
PRC86,2=20.00
VAMT86,2=0.15
EXC86,2=0.75
INC86,2=0.90
MOP86,1=1
MOP_ADDX86,1=10
ROP86,1=1
PM86,1=110
PA86,1=9.60
SLSTOT86=9.60
TYP87=2
DATI87=20200124014029
STATION_NR87=6111
SHF87=4612
ACC_REP_NR87=1177
OPID87=4
REF87=1179110073
SEQ87=1179110737994
SAFTDATI87=20200124014029
LCUR87=10
REPL87=2
MERCH_ID87,1=A
MERCH_NAME87,1=Discovery Filling Station Ltd
MERCH_RECEIPT_SEQ_NR87,1=611100992797
PRI87,1=1.59
UPR87,1=1.59
QTY87,1=1.00
QTYUNIT87,1=1
GAMT87,1=1.59
AMT87,1=1.59
UGAMT87,1=1.59
UAMT87,1=1.59
PLU87,1=5060147114454
NAM87,1=SANDWICH
GRP87,1=CHILLED FOOD
CRD87,1=3400
ART_MERCH_ID87,1=A
EXC87,1=1.59
INC87,1=1.59
PRI87,2=1.00
UPR87,2=1.00
QTY87,2=1.00
QTYUNIT87,2=1
GAMT87,2=1.00
AMT87,2=1.00
UGAMT87,2=1.00
UAMT87,2=1.00
PLU87,2=5900951247088
NAM87,2=GALAXY COOKI
GRP87,2=CONFECTIONERY
CRD87,2=3119
ART_MERCH_ID87,2=A
PRC87,2=20.00
VAMT87,2=0.17
EXC87,2=0.83
INC87,2=1.00
PRI87,3=1.00
UPR87,3=1.00
QTY87,3=1.00
QTYUNIT87,3=1
GAMT87,3=1.00
AMT87,3=1.00
UGAMT87,3=1.00
UAMT87,3=1.00
PLU87,3=5410438037816
NAM87,3=YZO SBRY MLK
GRP87,3=CHILLED FOOD
CRD87,3=3400
ART_MERCH_ID87,3=A
EXC87,3=1.00
INC87,3=1.00
PMP87,4=2
PUMP_MODE87,4=1,1,1
NOZZLE87,4=2
NDATI87,4=20200124013844
START_DATE87,4=20200124013818
PRI87,4=1.299
BASEPRI87,4=1.299
QTY87,4=3.95
QTYUNIT87,4=2
GAMT87,4=5.13
AMT87,4=5.13
UGAMT87,4=5.13
UAMT87,4=5.13
PLU87,4=3
NAM87,4=FuelSave Dsl
GRP87,4=59
CRD87,4=425
EXTREF87,4=FuelSave Dsl
ART_MERCH_ID87,4=A
EXC87,4=5.13
INC87,4=5.13
NQUA_CHANGEABLE87,4=1554495.97
MOP87,1=1
MOP_ADDX87,1=10
ROP87,1=1
PM87,1=110
PA87,1=10.00
MOP87,2=1
MOP_ADDX87,2=10
ROP87,2=2
PM87,2=5110
PA87,2=-1.28
SLSTOT87=8.72
TYP88=2
DATI88=20200124014042
STATION_NR88=6111
SHF88=4612
ACC_REP_NR88=1177
OPID88=4
REF88=1179110074
SEQ88=1179110737995
SAFTDATI88=20200124014042
LCUR88=10
REPL88=2
MERCH_ID88,1=A
MERCH_NAME88,1=Discovery Filling Station Ltd
MERCH_RECEIPT_SEQ_NR88,1=611100992798
PRI88,1=1.00
UPR88,1=1.00
QTY88,1=1.00
QTYUNIT88,1=1
GAMT88,1=1.00
AMT88,1=1.00
UGAMT88,1=1.00
UAMT88,1=1.00
PLU88,1=5000237130933
NAM88,1=MC FLM GRILL
GRP88,1=CRISPS
CRD88,1=3219
ART_MERCH_ID88,1=A
PRC88,1=20.00
VAMT88,1=0.17
EXC88,1=0.83
INC88,1=1.00
MOP88,1=1
MOP_ADDX88,1=10
ROP88,1=1
PM88,1=110
PA88,1=1.00
SLSTOT88=1.00
TYP89=2
DATI89=20200124014453
STATION_NR89=6111
SHF89=4612
ACC_REP_NR89=1177
OPID89=4
REF89=1179110075
SEQ89=1179110737996
SAFTDATI89=20200124014453
LCUR89=10
REPL89=2
MERCH_ID89,1=A
MERCH_NAME89,1=Discovery Filling Station Ltd
MERCH_RECEIPT_SEQ_NR89,1=611100992799
PRI89,1=12.55
UPR89,1=12.55
QTY89,1=1.00
QTYUNIT89,1=1
GAMT89,1=12.55
AMT89,1=12.55
UGAMT89,1=12.55
UAMT89,1=12.55
PLU89,1=5000435011072
NAM89,1=PLAYERS RED VOLUME 3
GRP89,1=TOBACCO
CRD89,1=4019
ART_MERCH_ID89,1=A
PRC89,1=20.00
VAMT89,1=2.09
EXC89,1=10.46
INC89,1=12.55
MOP89,1=1
MOP_ADDX89,1=10
ROP89,1=1
PM89,1=110
PA89,1=15.00
MOP89,2=1
MOP_ADDX89,2=10
ROP89,2=2
PM89,2=5110
PA89,2=-2.45
SLSTOT89=12.55
TYP90=2
DATI90=20200124014507
STATION_NR90=6111
SHF90=4612
ACC_REP_NR90=1177
OPID90=4
REF90=1179110076
SEQ90=1179110737997
SAFTDATI90=20200124014507
LCUR90=10
REPL90=2
MERCH_ID90,1=A
MERCH_NAME90,1=Discovery Filling Station Ltd
MERCH_RECEIPT_SEQ_NR90,1=611100992800
PMP90,1=2
PUMP_MODE90,1=1,1,1
NOZZLE90,1=2
NDATI90,1=20200124014417
START_DATE90,1=20200124014331
PRI90,1=1.299
BASEPRI90,1=1.299
QTY90,1=11.63
QTYUNIT90,1=2
GAMT90,1=15.11
AMT90,1=15.11
UGAMT90,1=15.11
UAMT90,1=15.11
PLU90,1=3
NAM90,1=FuelSave Dsl
GRP90,1=59
CRD90,1=425
EXTREF90,1=FuelSave Dsl
ART_MERCH_ID90,1=A
EXC90,1=15.11
INC90,1=15.11
NQUA_CHANGEABLE90,1=1554507.60
MOP90,1=1
MOP_ADDX90,1=10
ROP90,1=1
PM90,1=110
PA90,1=15.11
SLSTOT90=15.11
TYP91=2
DATI91=20200124015236
STATION_NR91=6111
SHF91=4612
ACC_REP_NR91=1177
OPID91=4
REF91=1179110077
SEQ91=1179110737998
SAFTDATI91=20200124015236
LCUR91=10
PAN91=476223*******735
MERCH_ID91,1=A
MERCH_NAME91,1=Discovery Filling Station Ltd
MERCH_RECEIPT_SEQ_NR91,1=611100992801
PRI91,1=10.45
UPR91,1=10.45
QTY91,1=1.00
QTYUNIT91,1=1
GAMT91,1=10.45
AMT91,1=10.45
UGAMT91,1=10.45
UAMT91,1=10.45
PLU91,1=5000431026445
NAM91,1=RICHMOND S/K GREEN
GRP91,1=TOBACCO
CRD91,1=4019
ART_MERCH_ID91,1=A
PRC91,1=20.00
VAMT91,1=1.74
EXC91,1=8.71
INC91,1=10.45
PRI91,2=0.65
UPR91,2=0.65
QTY91,2=1.00
QTYUNIT91,2=1
GAMT91,2=0.65
AMT91,2=0.65
UGAMT91,2=0.65
UAMT91,2=0.65
PLU91,2=50173686
NAM91,2=EXTRA SUGAR FREE S/M
GRP91,2=CONFECTIONERY
CRD91,2=3119
ART_MERCH_ID91,2=A
PRC91,2=20.00
VAMT91,2=0.11
EXC91,2=0.54
INC91,2=0.65
CPPAN91,1=476223*******735
MOP91,1=6
MOP_ADDX91,1=50
MOP_ADDY91,1=12
ROP91,1=1
PM91,1=949
PSUB91,1=12
PA91,1=11.10
SLSTOT91=11.10
TYP92=2
DATI92=20200124015335
STATION_NR92=6111
SHF92=4612
ACC_REP_NR92=1177
OPID92=4
REF92=1179110078
SEQ92=1179110737999
SAFTDATI92=20200124015335
LCUR92=10
REPL92=2
MERCH_ID92,1=A
MERCH_NAME92,1=Discovery Filling Station Ltd
MERCH_RECEIPT_SEQ_NR92,1=611100992802
PRI92,1=0.79
UPR92,1=0.79
QTY92,1=2.00
QTYUNIT92,1=1
GAMT92,1=1.58
AMT92,1=1.58
UGAMT92,1=1.58
UAMT92,1=1.58
PLU92,1=5000112630633
NAM92,1=COCA COLA
GRP92,1=DRINKS
CRD92,1=3119
ART_MERCH_ID92,1=A
PRC92,1=20.00
VAMT92,1=0.26
EXC92,1=1.32
INC92,1=1.58
PRI92,2=8.80
UPR92,2=8.80
QTY92,2=1.00
QTYUNIT92,2=1
GAMT92,2=8.80
AMT92,2=8.80
UGAMT92,2=8.80
UAMT92,2=8.80
PLU92,2=5000431027169
NAM92,2=CARLTON S/KING 20S
GRP92,2=TOBACCO
CRD92,2=4019
ART_MERCH_ID92,2=A
PRC92,2=20.00
VAMT92,2=1.47
EXC92,2=7.33
INC92,2=8.80
PRI92,3=1.89
UPR92,3=1.89
QTY92,3=1.00
QTYUNIT92,3=1
GAMT92,3=1.89
AMT92,3=1.89
UGAMT92,3=1.89
UAMT92,3=1.89
PLU92,3=5055109220328
NAM92,3=CLARKS WHITE ROLL 1.
GRP92,3=SANDWICHES
CRD92,3=6000
ART_MERCH_ID92,3=A
EXC92,3=1.89
INC92,3=1.89
MOP92,1=1
MOP_ADDX92,1=10
ROP92,1=1
PM92,1=110
PA92,1=12.27
SLSTOT92=12.27
TYP93=2
DATI93=20200124015419
STATION_NR93=6111
SHF93=4612
ACC_REP_NR93=1177
OPID93=4
REF93=1179110079
SEQ93=1179110738000
SAFTDATI93=20200124015419
LCUR93=10
REPL93=2
MERCH_ID93,1=A
MERCH_NAME93,1=Discovery Filling Station Ltd
MERCH_RECEIPT_SEQ_NR93,1=611100992803
PRI93,1=0.65
UPR93,1=0.65
QTY93,1=1.00
QTYUNIT93,1=1
GAMT93,1=0.65
AMT93,1=0.65
UGAMT93,1=0.65
UAMT93,1=0.65
PLU93,1=4009900522083
NAM93,1=SKITTLES WB
GRP93,1=CONFECTIONERY
CRD93,1=3119
ART_MERCH_ID93,1=A
PRC93,1=20.00
VAMT93,1=0.11
EXC93,1=0.54
INC93,1=0.65
PRI93,2=0.90
UPR93,2=0.90
QTY93,2=1.00
QTYUNIT93,2=1
GAMT93,2=0.90
AMT93,2=0.90
UGAMT93,2=0.90
UAMT93,2=0.90
PLU93,2=8938506311516
NAM93,2=EXIS LIGHTER
GRP93,2=TOBACCO SUNDRIE
CRD93,2=4019
ART_MERCH_ID93,2=A
PRC93,2=20.00
VAMT93,2=0.15
EXC93,2=0.75
INC93,2=0.90
MOP93,1=1
MOP_ADDX93,1=10
ROP93,1=1
PM93,1=110
PA93,1=1.55
SLSTOT93=1.55
TYP94=2
DATI94=20200124015459
STATION_NR94=6111
SHF94=4612
ACC_REP_NR94=1177
OPID94=4
REF94=1179110080
SEQ94=1179110738001
SAFTDATI94=20200124015459
LCUR94=10
REPL94=2
MERCH_ID94,1=A
MERCH_NAME94,1=Discovery Filling Station Ltd
MERCH_RECEIPT_SEQ_NR94,1=611100992804
PMP94,1=3
PUMP_MODE94,1=1,1,1
NOZZLE94,1=3
NDATI94,1=20200124015433
START_DATE94,1=20200124015332
PRI94,1=1.299
BASEPRI94,1=1.299
QTY94,1=23.10
QTYUNIT94,1=2
GAMT94,1=30.01
AMT94,1=30.01
UGAMT94,1=30.01
UAMT94,1=30.01
PLU94,1=3
NAM94,1=FuelSave Dsl
GRP94,1=59
CRD94,1=425
EXTREF94,1=FuelSave Dsl
ART_MERCH_ID94,1=A
EXC94,1=30.01
INC94,1=30.01
NQUA_CHANGEABLE94,1=1276929.44
MOP94,1=1
MOP_ADDX94,1=10
ROP94,1=1
PM94,1=110
PA94,1=30.01
SLSTOT94=30.01
TYP95=2
DATI95=20200124015525
STATION_NR95=6111
SHF95=4612
ACC_REP_NR95=1177
OPID95=4
REF95=1179110081
SEQ95=1179110738002
SAFTDATI95=20200124015525
LCUR95=10
PAN95=476224*******485
MERCH_ID95,1=A
MERCH_NAME95,1=Discovery Filling Station Ltd
MERCH_RECEIPT_SEQ_NR95,1=611100992805
PRI95,1=1.00
UPR95,1=1.00
QTY95,1=2.00
QTYUNIT95,1=1
GAMT95,1=2.00
AMT95,1=2.00
UGAMT95,1=2.00
UAMT95,1=2.00
PLU95,1=5014234085097
NAM95,1=SNAX ON THE GO SPICY
GRP95,1=CHILLED FOOD
CRD95,1=3400
ART_MERCH_ID95,1=A
EXC95,1=2.00
INC95,1=2.00
PRI95,2=1.00
UPR95,2=1.00
QTY95,2=1.00
QTYUNIT95,2=1
GAMT95,2=1.00
AMT95,2=1.00
UGAMT95,2=1.00
UAMT95,2=1.00
PLU95,2=5016860639286
NAM95,2=DLMR CHC MLK
GRP95,2=CHILLED FOOD
CRD95,2=3400
ART_MERCH_ID95,2=A
EXC95,2=1.00
INC95,2=1.00
PRI95,3=0.59
UPR95,3=0.59
QTY95,3=2.00
QTYUNIT95,3=1
GAMT95,3=1.18
AMT95,3=1.00
UGAMT95,3=1.18
UAMT95,3=1.00
PLU95,3=5020379058698
NAM95,3=HS BKWL F/JK
GRP95,3=GROCERY ZERO
CRD95,3=3100
PRO95,3=MMH446
DSCT95,3=2
DNAM95,3=HS CAKES 2FR1.00
DSC95,3=0.18
ART_MERCH_ID95,3=A
EXC95,3=1.00
INC95,3=1.00
PRI95,4=0.39
UPR95,4=0.39
QTY95,4=1.00
QTYUNIT95,4=1
GAMT95,4=0.39
AMT95,4=0.39
UGAMT95,4=0.39
UAMT95,4=0.39
PLU95,4=50973613
NAM95,4=RIZLA GREEN
GRP95,4=TOBACCO SUNDRIE
CRD95,4=4019
ART_MERCH_ID95,4=A
PRC95,4=20.00
VAMT95,4=0.06
EXC95,4=0.33
INC95,4=0.39
CPPAN95,1=476224*******485
MOP95,1=6
MOP_ADDX95,1=50
MOP_ADDY95,1=12
ROP95,1=1
PM95,1=949
PSUB95,1=12
PA95,1=4.39
SLSTOT95=4.39
TYP96=2
DATI96=20200124015733
STATION_NR96=6111
SHF96=4612
ACC_REP_NR96=1177
OPID96=4
REF96=1179110082
SEQ96=1179110738003
SAFTDATI96=20200124015733
LCUR96=10
REPL96=2
MERCH_ID96,1=A
MERCH_NAME96,1=Discovery Filling Station Ltd
MERCH_RECEIPT_SEQ_NR96,1=611100992806
PRI96,1=3.50
UPR96,1=3.50
QTY96,1=1.00
QTYUNIT96,1=1
GAMT96,1=3.50
AMT96,1=3.50
UGAMT96,1=3.50
UAMT96,1=3.50
PLU96,1=5029053561370
NAM96,1=ANDREX CLASSIC CLEAN
GRP96,1=GENERAL GOODS V
CRD96,1=3319
ART_MERCH_ID96,1=A
PRC96,1=20.00
VAMT96,1=0.58
EXC96,1=2.92
INC96,1=3.50
PMP96,2=1
PUMP_MODE96,2=1,1,1
NOZZLE96,2=1
NDATI96,2=20200124015526
START_DATE96,2=20200124015214
PRI96,2=1.249
BASEPRI96,2=1.249
QTY96,2=12.33
QTYUNIT96,2=2
GAMT96,2=15.40
AMT96,2=15.40
UGAMT96,2=15.40
UAMT96,2=15.40
PLU96,2=6
NAM96,2=FuelSave Unl
GRP96,2=59
CRD96,2=325
EXTREF96,2=FuelSave Unl
ART_MERCH_ID96,2=A
EXC96,2=15.40
INC96,2=15.40
NQUA_CHANGEABLE96,2=662056.20
MOP96,1=1
MOP_ADDX96,1=10
ROP96,1=1
PM96,1=110
PA96,1=18.90
SLSTOT96=18.90
TYP97=2
DATI97=20200124015855
STATION_NR97=6111
SHF97=4612
ACC_REP_NR97=1177
OPID97=4
REF97=1179110083
SEQ97=1179110738004
SAFTDATI97=20200124015855
LCUR97=10
REPL97=2
MERCH_ID97,1=A
MERCH_NAME97,1=Discovery Filling Station Ltd
MERCH_RECEIPT_SEQ_NR97,1=611100992807
PMP97,1=3
PUMP_MODE97,1=1,1,1
NOZZLE97,1=3
NDATI97,1=20200124015750
START_DATE97,1=20200124015709
PRI97,1=1.299
BASEPRI97,1=1.299
QTY97,1=15.40
QTYUNIT97,1=2
GAMT97,1=20.00
AMT97,1=20.00
UGAMT97,1=20.00
UAMT97,1=20.00
PLU97,1=3
NAM97,1=FuelSave Dsl
GRP97,1=59
CRD97,1=425
EXTREF97,1=FuelSave Dsl
ART_MERCH_ID97,1=A
EXC97,1=20.00
INC97,1=20.00
NQUA_CHANGEABLE97,1=1276944.84
PRI97,2=1.00
UPR97,2=1.00
QTY97,2=1.00
QTYUNIT97,2=1
GAMT97,2=1.00
AMT97,2=1.00
UGAMT97,2=1.00
UAMT97,2=1.00
PLU97,2=5000112599732
NAM97,2=OASIS S/F
GRP97,2=DRINKS
CRD97,2=3119
ART_MERCH_ID97,2=A
PRC97,2=20.00
VAMT97,2=0.17
EXC97,2=0.83
INC97,2=1.00
MOP97,1=1
MOP_ADDX97,1=10
ROP97,1=1
PM97,1=110
PA97,1=50.00
MOP97,2=1
MOP_ADDX97,2=10
ROP97,2=2
PM97,2=5110
PA97,2=-29.00
SLSTOT97=21.00
TYP98=2
DATI98=20200124021226
STATION_NR98=6111
SHF98=4612
ACC_REP_NR98=1177
OPID98=4
REF98=1179110084
SEQ98=1179110738005
SAFTDATI98=20200124021226
LCUR98=10
REPL98=2
MERCH_ID98,1=A
MERCH_NAME98,1=Discovery Filling Station Ltd
MERCH_RECEIPT_SEQ_NR98,1=611100992808
PRI98,1=9.30
UPR98,1=9.30
QTY98,1=1.00
QTYUNIT98,1=1
GAMT98,1=9.30
AMT98,1=9.30
UGAMT98,1=9.30
UAMT98,1=9.30
PLU98,1=5060592002634
NAM98,1=MARLBORO TOUCH
GRP98,1=TOBACCO
CRD98,1=4019
ART_MERCH_ID98,1=A
PRC98,1=20.00
VAMT98,1=1.55
EXC98,1=7.75
INC98,1=9.30
PRI98,2=8.70
UPR98,2=8.70
QTY98,2=1.00
QTYUNIT98,2=1
GAMT98,2=8.70
AMT98,2=8.70
UGAMT98,2=8.70
UAMT98,2=8.70
PLU98,2=5000435011706
NAM98,2=PLAYERS SK
GRP98,2=TOBACCO
CRD98,2=4019
ART_MERCH_ID98,2=A
PRC98,2=20.00
VAMT98,2=1.45
EXC98,2=7.25
INC98,2=8.70
PRI98,3=8.70
UPR98,3=8.70
QTY98,3=1.00
QTYUNIT98,3=1
GAMT98,3=8.70
AMT98,3=8.70
UGAMT98,3=8.70
UAMT98,3=8.70
PLU98,3=5000435011706
NAM98,3=PLAYERS SK
GRP98,3=TOBACCO
CRD98,3=4019
ART_MERCH_ID98,3=A
PRC98,3=20.00
VAMT98,3=1.45
EXC98,3=7.25
INC98,3=8.70
MOP98,1=1
MOP_ADDX98,1=10
ROP98,1=1
PM98,1=110
PA98,1=30.00
MOP98,2=1
MOP_ADDX98,2=10
ROP98,2=2
PM98,2=5110
PA98,2=-3.30
SLSTOT98=26.70
TYP99=2
DATI99=20200124021417
STATION_NR99=6111
SHF99=4612
ACC_REP_NR99=1177
OPID99=4
REF99=1179110085
SEQ99=1179110738006
SAFTDATI99=20200124021417
LCUR99=10
REPL99=2
MERCH_ID99,1=A
MERCH_NAME99,1=Discovery Filling Station Ltd
MERCH_RECEIPT_SEQ_NR99,1=611100992809
PRI99,1=2.39
UPR99,1=2.39
QTY99,1=1.00
QTYUNIT99,1=1
GAMT99,1=2.39
AMT99,1=2.39
UGAMT99,1=2.39
UAMT99,1=2.39
PLU99,1=4060800174628
NAM99,1=PEPSI
GRP99,1=DRINKS
CRD99,1=3119
ART_MERCH_ID99,1=A
PRC99,1=20.00
VAMT99,1=0.40
EXC99,1=1.99
INC99,1=2.39
PRI99,2=1.00
UPR99,2=1.00
QTY99,2=1.00
QTYUNIT99,2=1
GAMT99,2=1.00
AMT99,2=1.00
UGAMT99,2=1.00
UAMT99,2=1.00
PLU99,2=5010459005025
NAM99,2=HIGHLAND SPRING 1.5L
GRP99,2=DRINKS
CRD99,2=3119
ART_MERCH_ID99,2=A
PRC99,2=20.00
VAMT99,2=0.17
EXC99,2=0.83
INC99,2=1.00
MOP99,1=1
MOP_ADDX99,1=10
ROP99,1=1
PM99,1=110
PA99,1=3.39
SLSTOT99=3.39
TYP100=2
DATI100=20200124021449
STATION_NR100=6111
SHF100=4612
ACC_REP_NR100=1177
OPID100=4
REF100=1179110086
SEQ100=1179110738007
SAFTDATI100=20200124021449
LCUR100=10
REPL100=2
MERCH_ID100,1=A
MERCH_NAME100,1=Discovery Filling Station Ltd
MERCH_RECEIPT_SEQ_NR100,1=611100992810
PRI100,1=8.89
UPR100,1=8.89
QTY100,1=1.00
QTYUNIT100,1=1
GAMT100,1=8.89
AMT100,1=8.89
UGAMT100,1=8.89
UAMT100,1=8.89
PLU100,1=5000143927931
NAM100,1=SOVEREIGN BLUE KS 20
GRP100,1=TOBACCO
CRD100,1=4019
ART_MERCH_ID100,1=A
PRC100,1=20.00
VAMT100,1=1.48
EXC100,1=7.41
INC100,1=8.89
MOP100,1=1
MOP_ADDX100,1=10
ROP100,1=1
PM100,1=110
PA100,1=10.00
MOP100,2=1
MOP_ADDX100,2=10
ROP100,2=2
PM100,2=5110
PA100,2=-1.11
SLSTOT100=8.89
TYP101=2
DATI101=20200124021459
STATION_NR101=6111
SHF101=4612
ACC_REP_NR101=1177
OPID101=4
REF101=1179110087
SEQ101=1179110738008
SAFTDATI101=20200124021459
LCUR101=10
REPL101=2
MERCH_ID101,1=A
MERCH_NAME101,1=Discovery Filling Station Ltd
MERCH_RECEIPT_SEQ_NR101,1=611100992811
PRI101,1=1.00
UPR101,1=1.00
QTY101,1=1.00
QTYUNIT101,1=1
GAMT101,1=1.00
AMT101,1=1.00
UGAMT101,1=1.00
UAMT101,1=1.00
PLU101,1=7622210629562
NAM101,1=CAD CRUNCHIE
GRP101,1=CONFECTIONERY
CRD101,1=3119
ART_MERCH_ID101,1=A
PRC101,1=20.00
VAMT101,1=0.17
EXC101,1=0.83
INC101,1=1.00
MOP101,1=1
MOP_ADDX101,1=10
ROP101,1=1
PM101,1=110
PA101,1=1.00
SLSTOT101=1.00
TYP102=2
DATI102=20200124022952
STATION_NR102=6111
SHF102=4612
ACC_REP_NR102=1177
OPID102=4
REF102=1179110088
SEQ102=1179110738009
SAFTDATI102=20200124022952
LCUR102=10
REPL102=2
MERCH_ID102,1=A
MERCH_NAME102,1=Discovery Filling Station Ltd
MERCH_RECEIPT_SEQ_NR102,1=611100992812
PMP102,1=2
PUMP_MODE102,1=1,1,1
NOZZLE102,1=2
NDATI102,1=20200124022918
START_DATE102,1=20200124022836
PRI102,1=1.299
BASEPRI102,1=1.299
QTY102,1=10.00
QTYUNIT102,1=2
GAMT102,1=12.99
AMT102,1=12.99
UGAMT102,1=12.99
UAMT102,1=12.99
PLU102,1=3
NAM102,1=FuelSave Dsl
GRP102,1=59
CRD102,1=425
EXTREF102,1=FuelSave Dsl
ART_MERCH_ID102,1=A
EXC102,1=12.99
INC102,1=12.99
NQUA_CHANGEABLE102,1=1554517.60
MOP102,1=1
MOP_ADDX102,1=10
ROP102,1=1
PM102,1=110
PA102,1=20.00
MOP102,2=1
MOP_ADDX102,2=10
ROP102,2=2
PM102,2=5110
PA102,2=-7.01
SLSTOT102=12.99
TYP103=2
DATI103=20200124023014
STATION_NR103=6111
SHF103=4612
ACC_REP_NR103=1177
OPID103=4
REF103=1179110089
SEQ103=1179110738010
SAFTDATI103=20200124023014
LCUR103=10
REPL103=2
MERCH_ID103,1=A
MERCH_NAME103,1=Discovery Filling Station Ltd
MERCH_RECEIPT_SEQ_NR103,1=611100992813
PRI103,1=9.80
UPR103,1=9.80
QTY103,1=1.00
QTYUNIT103,1=1
GAMT103,1=9.80
AMT103,1=9.80
UGAMT103,1=9.80
UAMT103,1=9.80
PLU103,1=5000143936339
NAM103,1=STERLING KS
GRP103,1=TOBACCO
CRD103,1=4019
ART_MERCH_ID103,1=A
PRC103,1=20.00
VAMT103,1=1.63
EXC103,1=8.17
INC103,1=9.80
MOP103,1=1
MOP_ADDX103,1=10
ROP103,1=1
PM103,1=110
PA103,1=9.80
SLSTOT103=9.80
TYP104=2
DATI104=20200124023057
STATION_NR104=6111
SHF104=4612
ACC_REP_NR104=1177
OPID104=4
REF104=1179110090
SEQ104=1179110738011
SAFTDATI104=20200124023057
LCUR104=10
REPL104=2
MERCH_ID104,1=A
MERCH_NAME104,1=Discovery Filling Station Ltd
MERCH_RECEIPT_SEQ_NR104,1=611100992814
PRI104,1=1.00
UPR104,1=1.00
QTY104,1=1.00
QTYUNIT104,1=1
GAMT104,1=1.00
AMT104,1=1.00
UGAMT104,1=1.00
UAMT104,1=1.00
PLU104,1=7622210629555
NAM104,1=CAD TWIRL
GRP104,1=CONFECTIONERY
CRD104,1=3119
ART_MERCH_ID104,1=A
PRC104,1=20.00
VAMT104,1=0.17
EXC104,1=0.83
INC104,1=1.00
PRI104,2=0.25
UPR104,2=0.25
QTY104,2=1.00
QTYUNIT104,2=1
GAMT104,2=0.25
AMT104,2=0.25
UGAMT104,2=0.25
UAMT104,2=0.25
PLU104,2=5020379036542
NAM104,2=ES COLA PM25
GRP104,2=DRINKS
CRD104,2=3119
ART_MERCH_ID104,2=A
PRC104,2=20.00
VAMT104,2=0.04
EXC104,2=0.21
INC104,2=0.25
MOP104,1=1
MOP_ADDX104,1=10
ROP104,1=1
PM104,1=110
PA104,1=5.00
MOP104,2=1
MOP_ADDX104,2=10
ROP104,2=2
PM104,2=5110
PA104,2=-3.75
SLSTOT104=1.25
TYP105=2
DATI105=20200124023732
STATION_NR105=6111
SHF105=4612
ACC_REP_NR105=1177
OPID105=4
REF105=1179110091
SEQ105=1179110738012
SAFTDATI105=20200124023732
LCUR105=10
PAN105=700205*******784310
MERCH_ID105,1=A
MERCH_NAME105,1=Discovery Filling Station Ltd
MERCH_RECEIPT_SEQ_NR105,1=611100992815
PMP105,1=6
PUMP_MODE105,1=1,1,1
NOZZLE105,1=2
NDATI105,1=20200124023706
START_DATE105,1=20200124023433
PRI105,1=1.299
BASEPRI105,1=1.299
QTY105,1=64.86
QTYUNIT105,1=2
GAMT105,1=84.25
AMT105,1=84.25
UGAMT105,1=84.25
UAMT105,1=84.25
PLU105,1=3
NAM105,1=FuelSave Dsl
GRP105,1=59
CRD105,1=425
EXTREF105,1=FuelSave Dsl
ART_MERCH_ID105,1=A
EXC105,1=84.25
INC105,1=84.25
NQUA_CHANGEABLE105,1=1186143.65
CPPAN105,1=700205*******784310
MOP105,1=6
MOP_ADDX105,1=50
MOP_ADDY105,1=1
ROP105,1=1
PM105,1=949
PSUB105,1=1
PA105,1=84.25
SLSTOT105=84.25
TYP106=2
DATI106=20200124025002
STATION_NR106=6111
SHF106=4612
ACC_REP_NR106=1177
OPID106=4
REF106=1179110092
SEQ106=1179110738013
SAFTDATI106=20200124025002
LCUR106=10
REPL106=2
MERCH_ID106,1=A
MERCH_NAME106,1=Discovery Filling Station Ltd
MERCH_RECEIPT_SEQ_NR106,1=611100992816
PRI106,1=8.70
UPR106,1=8.70
QTY106,1=1.00
QTYUNIT106,1=1
GAMT106,1=8.70
AMT106,1=8.70
UGAMT106,1=8.70
UAMT106,1=8.70
PLU106,1=5000431026964
NAM106,1=PLAYERS CRUSHBALL
GRP106,1=TOBACCO
CRD106,1=4019
ART_MERCH_ID106,1=A
PRC106,1=20.00
VAMT106,1=1.45
EXC106,1=7.25
INC106,1=8.70
MOP106,1=1
MOP_ADDX106,1=10
ROP106,1=1
PM106,1=110
PA106,1=8.70
SLSTOT106=8.70
TYP107=2
DATI107=20200124025414
STATION_NR107=6111
SHF107=4612
ACC_REP_NR107=1177
OPID107=4
REF107=1179110093
SEQ107=1179110738014
SAFTDATI107=20200124025414
LCUR107=10
REPL107=2
MERCH_ID107,1=A
MERCH_NAME107,1=Discovery Filling Station Ltd
MERCH_RECEIPT_SEQ_NR107,1=611100992817
PMP107,1=4
PUMP_MODE107,1=1,1,1
NOZZLE107,1=1
NDATI107,1=20200124025342
START_DATE107,1=20200124025319
PRI107,1=1.249
BASEPRI107,1=1.249
QTY107,1=5.61
QTYUNIT107,1=2
GAMT107,1=7.01
AMT107,1=7.01
UGAMT107,1=7.01
UAMT107,1=7.01
PLU107,1=6
NAM107,1=FuelSave Unl
GRP107,1=59
CRD107,1=325
EXTREF107,1=FuelSave Unl
ART_MERCH_ID107,1=A
EXC107,1=7.01
INC107,1=7.01
NQUA_CHANGEABLE107,1=708101.85
PRI107,2=9.35
UPR107,2=9.35
QTY107,2=1.00
QTYUNIT107,2=1
GAMT107,2=9.35
AMT107,2=9.35
UGAMT107,2=9.35
UAMT107,2=9.35
PLU107,2=5000431028357
NAM107,2=JPS SUPERKINGS BLUE
GRP107,2=TOBACCO
CRD107,2=4019
ART_MERCH_ID107,2=A
PRC107,2=20.00
VAMT107,2=1.56
EXC107,2=7.79
INC107,2=9.35
MOP107,1=1
MOP_ADDX107,1=10
ROP107,1=1
PM107,1=110
PA107,1=20.00
MOP107,2=1
MOP_ADDX107,2=10
ROP107,2=2
PM107,2=5110
PA107,2=-3.64
SLSTOT107=16.36
TYP108=2
DATI108=20200124025757
STATION_NR108=6111
SHF108=4612
ACC_REP_NR108=1177
OPID108=4
REF108=1179110094
SEQ108=1179110738015
SAFTDATI108=20200124025757
LCUR108=10
REPL108=2
MERCH_ID108,1=A
MERCH_NAME108,1=Discovery Filling Station Ltd
MERCH_RECEIPT_SEQ_NR108,1=611100992818
PRI108,1=8.70
UPR108,1=8.70
QTY108,1=1.00
QTYUNIT108,1=1
GAMT108,1=8.70
AMT108,1=8.70
UGAMT108,1=8.70
UAMT108,1=8.70
PLU108,1=5000431026995
NAM108,1=PLAYERS S/K
GRP108,1=TOBACCO
CRD108,1=4019
ART_MERCH_ID108,1=A
PRC108,1=20.00
VAMT108,1=1.45
EXC108,1=7.25
INC108,1=8.70
MOP108,1=1
MOP_ADDX108,1=10
ROP108,1=1
PM108,1=110
PA108,1=8.70
SLSTOT108=8.70
TYP109=2
DATI109=20200124025953
STATION_NR109=6111
SHF109=4612
ACC_REP_NR109=1177
OPID109=4
REF109=1179110095
SEQ109=1179110738016
SAFTDATI109=20200124025953
LCUR109=10
REPL109=2
MERCH_ID109,1=A
MERCH_NAME109,1=Discovery Filling Station Ltd
MERCH_RECEIPT_SEQ_NR109,1=611100992819
PRI109,1=2.15
UPR109,1=2.15
QTY109,1=1.00
QTYUNIT109,1=1
GAMT109,1=2.15
AMT109,1=2.15
UGAMT109,1=2.15
UAMT109,1=2.15
PLU109,1=5000112644692
NAM109,1=COCA COLA
GRP109,1=DRINKS
CRD109,1=3119
ART_MERCH_ID109,1=A
PRC109,1=20.00
VAMT109,1=0.36
EXC109,1=1.79
INC109,1=2.15
PRI109,2=1.00
UPR109,2=1.00
QTY109,2=1.00
QTYUNIT109,2=1
GAMT109,2=1.00
AMT109,2=1.00
UGAMT109,2=1.00
UAMT109,2=1.00
PLU109,2=5000382101185
NAM109,2=BARR LMNADE
GRP109,2=DRINKS
CRD109,2=3119
ART_MERCH_ID109,2=A
PRC109,2=20.00
VAMT109,2=0.17
EXC109,2=0.83
INC109,2=1.00
MOP109,1=1
MOP_ADDX109,1=10
ROP109,1=1
PM109,1=110
PA109,1=3.15
SLSTOT109=3.15
TYP110=2
DATI110=20200124030013
STATION_NR110=6111
ACC_REP_NR110=1177
REF110=1179510001
SEQ110=1179510017019
SAFTDATI110=20200124030013
LCUR110=10
PAN110=475142******6202
HOSTTYPE110=12
HOSTBOOKPER110=1179
AUTH110=985591
CAIC110=044026111
ONLINERC110=000
STAN110=058538
REPL110=2
MERCH_ID110,1=A
MERCH_NAME110,1=Discovery Filling Station Ltd
PMP110,1=5
PUMP_MODE110,1=1,3,2
NOZZLE110,1=1
NDATI110,1=20200124030013
START_DATE110,1=20200124025940
PRI110,1=1.249
BASEPRI110,1=1.249
QTY110,1=8.00
QTYUNIT110,1=2
GAMT110,1=10.00
AMT110,1=10.00
UGAMT110,1=10.00
UAMT110,1=10.00
PLU110,1=6
NAM110,1=FuelSave Unl
GRP110,1=59
CRD110,1=325
EXTREF110,1=FuelSave Unl
ART_MERCH_ID110,1=A
EXC110,1=10.00
INC110,1=10.00
NQUA_CHANGEABLE110,1=1061865.83
CPPAN110,1=475142******6202
CPREPL110,1=2
CPHOSTTYPE110,1=12
CPHOSTBKPER110,1=1179
CPAUTH110,1=985591
CPCAIC110,1=044026111
CPONLINERC110,1=000
CPSTAN110,1=058538
MOP110,1=4
MOP_ADDX110,1=2
MOP_ADDY110,1=2
ROP110,1=1
PM110,1=701
PSUB110,1=2
PA110,1=10.00
TRKMED110,1=5
SLSTOT110=10.00
TYP111=2
DATI111=20200124030531
STATION_NR111=6111
SHF111=4612
ACC_REP_NR111=1177
OPID111=4
REF111=1179110096
SEQ111=1179110738017
SAFTDATI111=20200124030531
LCUR111=10
REPL111=2
MERCH_ID111,1=A
MERCH_NAME111,1=Discovery Filling Station Ltd
MERCH_RECEIPT_SEQ_NR111,1=611100992820
PMP111,1=1
PUMP_MODE111,1=1,1,1
NOZZLE111,1=1
NDATI111,1=20200124030426
START_DATE111,1=20200124030342
PRI111,1=1.249
BASEPRI111,1=1.249
QTY111,1=8.01
QTYUNIT111,1=2
GAMT111,1=10.00
AMT111,1=10.00
UGAMT111,1=10.00
UAMT111,1=10.00
PLU111,1=6
NAM111,1=FuelSave Unl
GRP111,1=59
CRD111,1=325
EXTREF111,1=FuelSave Unl
ART_MERCH_ID111,1=A
EXC111,1=10.00
INC111,1=10.00
NQUA_CHANGEABLE111,1=662064.21
PRI111,2=0.79
UPR111,2=0.79
QTY111,2=1.00
QTYUNIT111,2=1
GAMT111,2=0.79
AMT111,2=0.79
UGAMT111,2=0.79
UAMT111,2=0.79
PLU111,2=5020379150095
NAM111,2=ES SS MILK
GRP111,2=CHILLED FOOD
CRD111,2=3400
ART_MERCH_ID111,2=A
EXC111,2=0.79
INC111,2=0.79
MOP111,1=1
MOP_ADDX111,1=10
ROP111,1=1
PM111,1=110
PA111,1=10.79
SLSTOT111=10.79
TYP112=2
DATI112=20200124031223
STATION_NR112=6111
SHF112=4612
ACC_REP_NR112=1177
OPID112=4
REF112=1179110097
SEQ112=1179110738018
SAFTDATI112=20200124031223
LCUR112=10
REPL112=2
MERCH_ID112,1=A
MERCH_NAME112,1=Discovery Filling Station Ltd
MERCH_RECEIPT_SEQ_NR112,1=611100992821
PMP112,1=2
PUMP_MODE112,1=1,1,1
NOZZLE112,1=2
NDATI112,1=20200124031149
START_DATE112,1=20200124031117
PRI112,1=1.299
BASEPRI112,1=1.299
QTY112,1=10.01
QTYUNIT112,1=2
GAMT112,1=13.00
AMT112,1=13.00
UGAMT112,1=13.00
UAMT112,1=13.00
PLU112,1=3
NAM112,1=FuelSave Dsl
GRP112,1=59
CRD112,1=425
EXTREF112,1=FuelSave Dsl
ART_MERCH_ID112,1=A
EXC112,1=13.00
INC112,1=13.00
NQUA_CHANGEABLE112,1=1554527.61
MOP112,1=1
MOP_ADDX112,1=10
ROP112,1=1
PM112,1=110
PA112,1=13.00
SLSTOT112=13.00
TYP113=2
DATI113=20200124032024
STATION_NR113=6111
SHF113=4612
ACC_REP_NR113=1177
OPID113=4
REF113=1179110098
SEQ113=1179110738019
SAFTDATI113=20200124032024
LCUR113=10
REPL113=2
MERCH_ID113,1=A
MERCH_NAME113,1=Discovery Filling Station Ltd
MERCH_RECEIPT_SEQ_NR113,1=611100992822
PRI113,1=1.29
UPR113,1=1.29
QTY113,1=1.00
QTYUNIT113,1=1
GAMT113,1=1.29
AMT113,1=1.29
UGAMT113,1=1.29
UAMT113,1=1.29
PLU113,1=90433863
NAM113,1=RED BULL
GRP113,1=DRINKS
CRD113,1=3119
ART_MERCH_ID113,1=A
PRC113,1=20.00
VAMT113,1=0.21
EXC113,1=1.08
INC113,1=1.29
PRI113,2=0.65
UPR113,2=0.65
QTY113,2=1.00
QTYUNIT113,2=1
GAMT113,2=0.65
AMT113,2=0.65
UGAMT113,2=0.65
UAMT113,2=0.65
PLU113,2=42211488
NAM113,2=WRIG EXTRA ICE S/MIN
GRP113,2=CONFECTIONERY
CRD113,2=3119
ART_MERCH_ID113,2=A
PRC113,2=20.00
VAMT113,2=0.11
EXC113,2=0.54
INC113,2=0.65
MOP113,1=1
MOP_ADDX113,1=10
ROP113,1=1
PM113,1=110
PA113,1=5.00
MOP113,2=1
MOP_ADDX113,2=10
ROP113,2=2
PM113,2=5110
PA113,2=-3.06
SLSTOT113=1.94
TYP114=2
DATI114=20200124032052
STATION_NR114=6111
SHF114=4612
ACC_REP_NR114=1177
OPID114=4
REF114=1179110099
SEQ114=1179110738020
SAFTDATI114=20200124032052
LCUR114=10
REPL114=2
MERCH_ID114,1=A
MERCH_NAME114,1=Discovery Filling Station Ltd
MERCH_RECEIPT_SEQ_NR114,1=611100992823
PMP114,1=6
PUMP_MODE114,1=1,1,1
NOZZLE114,1=2
NDATI114,1=20200124031906
START_DATE114,1=20200124031801
PRI114,1=1.299
BASEPRI114,1=1.299
QTY114,1=8.47
QTYUNIT114,1=2
GAMT114,1=11.00
AMT114,1=11.00
UGAMT114,1=11.00
UAMT114,1=11.00
PLU114,1=3
NAM114,1=FuelSave Dsl
GRP114,1=59
CRD114,1=425
EXTREF114,1=FuelSave Dsl
ART_MERCH_ID114,1=A
EXC114,1=11.00
INC114,1=11.00
NQUA_CHANGEABLE114,1=1186152.12
MOP114,1=1
MOP_ADDX114,1=10
ROP114,1=1
PM114,1=110
PA114,1=11.00
SLSTOT114=11.00
TYP115=2
DATI115=20200124033000
STATION_NR115=6111
SHF115=4612
ACC_REP_NR115=1177
OPID115=4
REF115=1179110100
SEQ115=1179110738021
SAFTDATI115=20200124033000
LCUR115=10
REPL115=2
MERCH_ID115,1=A
MERCH_NAME115,1=Discovery Filling Station Ltd
MERCH_RECEIPT_SEQ_NR115,1=611100992824
PRI115,1=0.65
UPR115,1=0.65
QTY115,1=2.00
QTYUNIT115,1=1
GAMT115,1=1.30
AMT115,1=1.00
UGAMT115,1=1.30
UAMT115,1=1.00
PLU115,1=5020379150798
NAM115,1=HS ONI RNG
GRP115,1=CRISPS
CRD115,1=3219
PRO115,1=MMH1315
DSCT115,1=2
DNAM115,1=H/S 2 FOR 1
DSC115,1=0.30
ART_MERCH_ID115,1=A
PRC115,1=20.00
VAMT115,1=0.17
EXC115,1=0.83
INC115,1=1.00
PRI115,2=1.00
UPR115,2=1.00
QTY115,2=1.00
QTYUNIT115,2=1
GAMT115,2=1.00
AMT115,2=1.00
UGAMT115,2=1.00
UAMT115,2=1.00
PLU115,2=5016860959483
NAM115,2=STRWBRY MILK
GRP115,2=CHILLED FOOD
CRD115,2=3400
ART_MERCH_ID115,2=A
EXC115,2=1.00
INC115,2=1.00
PRI115,3=1.00
UPR115,3=1.00
QTY115,3=2.00
QTYUNIT115,3=1
GAMT115,3=2.00
AMT115,3=2.00
UGAMT115,3=2.00
UAMT115,3=2.00
PLU115,3=5016860639286
NAM115,3=DLMR CHC MLK
GRP115,3=CHILLED FOOD
CRD115,3=3400
ART_MERCH_ID115,3=A
EXC115,3=2.00
INC115,3=2.00
PRI115,4=1.00
UPR115,4=1.00
QTY115,4=1.00
QTYUNIT115,4=1
GAMT115,4=1.00
AMT115,4=1.00
UGAMT115,4=1.00
UAMT115,4=1.00
PLU115,4=5016860000178
NAM115,4=DLMR BAN MLK
GRP115,4=CHILLED FOOD
CRD115,4=3400
ART_MERCH_ID115,4=A
EXC115,4=1.00
INC115,4=1.00
PRI115,5=2.49
UPR115,5=2.49
QTY115,5=1.00
QTYUNIT115,5=1
GAMT115,5=2.49
AMT115,5=2.49
UGAMT115,5=2.49
UAMT115,5=2.49
PLU115,5=5053990138593
NAM115,5=PRINGLES TEX
GRP115,5=CRISPS
CRD115,5=3219
ART_MERCH_ID115,5=A
PRC115,5=20.00
VAMT115,5=0.41
EXC115,5=2.08
INC115,5=2.49
PRI115,6=1.00
UPR115,6=1.00
QTY115,6=1.00
QTYUNIT115,6=1
GAMT115,6=1.00
AMT115,6=1.00
UGAMT115,6=1.00
UAMT115,6=1.00
PLU115,6=7613036400909
NAM115,6=BLUE RIBAND
GRP115,6=GROCERY VAT
CRD115,6=3119
ART_MERCH_ID115,6=A
PRC115,6=20.00
VAMT115,6=0.17
EXC115,6=0.83
INC115,6=1.00
PRI115,7=0.90
UPR115,7=0.90
QTY115,7=2.00
QTYUNIT115,7=1
GAMT115,7=1.80
AMT115,7=1.80
UGAMT115,7=1.80
UAMT115,7=1.80
PLU115,7=80761761
NAM115,7=KINDER BUENO WHITE
GRP115,7=CONFECTIONERY
CRD115,7=3119
ART_MERCH_ID115,7=A
PRC115,7=20.00
VAMT115,7=0.30
EXC115,7=1.50
INC115,7=1.80
MOP115,1=1
MOP_ADDX115,1=10
ROP115,1=1
PM115,1=110
PA115,1=10.29
SLSTOT115=10.29
TYP116=21
SPEC_TYPE116=14
DATI116=20200124033130
STATION_NR116=6111
SHF116=4612
OPID116=4
LREF116=1179110101
SPEC_ID116=5020379124669
SPEC_NAME116=CHILLI FLAVO
SPEC_ITYP116=1
SPEC_QUA116=1.00
SPEC_ADDD116=0.59
TYP117=2
DATI117=20200124033138
STATION_NR117=6111
SHF117=4612
ACC_REP_NR117=1177
OPID117=4
REF117=1179110101
SEQ117=1179110738022
SAFTDATI117=20200124033138
LCUR117=10
REPL117=2
MERCH_ID117,1=A
MERCH_NAME117,1=Discovery Filling Station Ltd
MERCH_RECEIPT_SEQ_NR117,1=611100992825
PRI117,1=1.00
UPR117,1=1.00
QTY117,1=1.00
QTYUNIT117,1=1
GAMT117,1=1.00
AMT117,1=1.00
UGAMT117,1=1.00
UAMT117,1=1.00
PLU117,1=7622210629531
NAM117,1=CAD WISPA
GRP117,1=CONFECTIONERY
CRD117,1=3119
ART_MERCH_ID117,1=A
PRC117,1=20.00
VAMT117,1=0.17
EXC117,1=0.83
INC117,1=1.00
PRI117,2=1.00
UPR117,2=1.00
QTY117,2=1.00
QTYUNIT117,2=1
GAMT117,2=1.00
AMT117,2=1.00
UGAMT117,2=1.00
UAMT117,2=1.00
PLU117,2=7613036400909
NAM117,2=BLUE RIBAND
GRP117,2=GROCERY VAT
CRD117,2=3119
ART_MERCH_ID117,2=A
PRC117,2=20.00
VAMT117,2=0.17
EXC117,2=0.83
INC117,2=1.00
PRI117,3=0.59
UPR117,3=0.59
QTY117,3=2.00
QTYUNIT117,3=1
GAMT117,3=1.18
AMT117,3=1.00
UGAMT117,3=1.18
UAMT117,3=1.00
PLU117,3=5020379124669
NAM117,3=CHILLI FLAVO
GRP117,3=CRISPS
CRD117,3=3219
PRO117,3=MMH1315
DSCT117,3=2
DNAM117,3=H/S 2 FOR 1
DSC117,3=0.18
ART_MERCH_ID117,3=A
PRC117,3=20.00
VAMT117,3=0.17
EXC117,3=0.83
INC117,3=1.00
PROGPRI117,4=0.59
PROGUPR117,4=0.59
QTY117,4=1.00
QTYUNIT117,4=1
PLU117,4=5020379124669
NAM117,4=CHILLI FLAVO
GRP117,4=CRISPS
CRD117,4=3219
ART_MERCH_ID117,4=A
PRC117,4=20.00
MOP117,1=1
MOP_ADDX117,1=10
ROP117,1=1
PM117,1=110
PA117,1=3.00
SLSTOT117=3.00
TYP118=2
DATI118=20200124033334
STATION_NR118=6111
SHF118=4612
ACC_REP_NR118=1177
OPID118=4
REF118=1179110102
SEQ118=1179110738023
SAFTDATI118=20200124033334
LCUR118=10
REPL118=2
MERCH_ID118,1=A
MERCH_NAME118,1=Discovery Filling Station Ltd
MERCH_RECEIPT_SEQ_NR118,1=611100992826
PMP118,1=1
PUMP_MODE118,1=1,1,1
NOZZLE118,1=1
NDATI118,1=20200124033255
START_DATE118,1=20200124033212
PRI118,1=1.249
BASEPRI118,1=1.249
QTY118,1=8.01
QTYUNIT118,1=2
GAMT118,1=10.00
AMT118,1=10.00
UGAMT118,1=10.00
UAMT118,1=10.00
PLU118,1=6
NAM118,1=FuelSave Unl
GRP118,1=59
CRD118,1=325
EXTREF118,1=FuelSave Unl
ART_MERCH_ID118,1=A
EXC118,1=10.00
INC118,1=10.00
NQUA_CHANGEABLE118,1=662072.22
PRI118,2=2.00
UPR118,2=2.00
QTY118,2=1.00
QTYUNIT118,2=1
GAMT118,2=2.00
AMT118,2=2.00
UGAMT118,2=2.00
UAMT118,2=2.00
PLU118,2=5031390115529
NAM118,2=20K  A MONTH FOR A Y
GRP118,2=LOTTERY SRATCHC
CRD118,2=9500
ART_MERCH_ID118,2=A
EXC118,2=2.00
INC118,2=2.00
MOP118,1=1
MOP_ADDX118,1=10
ROP118,1=1
PM118,1=110
PA118,1=12.00
SLSTOT118=12.00
TYP119=21
SPEC_TYPE119=14
DATI119=20200124034449
STATION_NR119=6111
SHF119=4612
OPID119=4
LREF119=1179110103
SPEC_ID119=1003
SPEC_NAME119=PAYPOINT
SPEC_ITYP119=1
SPEC_QUA119=1.00
SPEC_PRI119=20.00
SPEC_AMT119=20.00
TYP120=2
DATI120=20200124034457
STATION_NR120=6111
SHF120=4612
ACC_REP_NR120=1177
OPID120=4
REF120=1179110103
SEQ120=1179110738024
SAFTDATI120=20200124034457
LCUR120=10
REPL120=2
MERCH_ID120,1=A
MERCH_NAME120,1=Discovery Filling Station Ltd
MERCH_RECEIPT_SEQ_NR120,1=611100992827
PMP120,1=3
PUMP_MODE120,1=1,1,1
NOZZLE120,1=3
NDATI120,1=20200124034359
START_DATE120,1=20200124034254
PRI120,1=1.299
BASEPRI120,1=1.299
QTY120,1=19.25
QTYUNIT120,1=2
GAMT120,1=25.01
AMT120,1=25.01
UGAMT120,1=25.01
UAMT120,1=25.01
PLU120,1=3
NAM120,1=FuelSave Dsl
GRP120,1=59
CRD120,1=425
EXTREF120,1=FuelSave Dsl
ART_MERCH_ID120,1=A
EXC120,1=25.01
INC120,1=25.01
NQUA_CHANGEABLE120,1=1276964.09
PRI120,2=20.00
UPR120,2=20.00
QTY120,2=1.00
QTYUNIT120,2=1
GAMT120,2=20.00
AMT120,2=20.00
UGAMT120,2=20.00
UAMT120,2=20.00
PLU120,2=1003
NAM120,2=PAYPOINT
GRP120,2=STAMPS & PHONE
CRD120,2=9019
ART_MERCH_ID120,2=A
EXC120,2=20.00
INC120,2=20.00
MOP120,1=1
MOP_ADDX120,1=10
ROP120,1=1
PM120,1=110
PA120,1=45.01
SLSTOT120=45.01
TYP121=21
SPEC_TYPE121=13
DATI121=20200124034548
STATION_NR121=6111
SHF121=4612
OPID121=4
SPEC_ADDD121=Open cash drawer
TYP122=2
DATI122=20200124035048
STATION_NR122=6111
SHF122=4612
ACC_REP_NR122=1177
OPID122=4
REF122=1179110104
SEQ122=1179110738025
SAFTDATI122=20200124035048
LCUR122=10
REPL122=2
MERCH_ID122,1=A
MERCH_NAME122,1=Discovery Filling Station Ltd
MERCH_RECEIPT_SEQ_NR122,1=611100992828
PMP122,1=2
PUMP_MODE122,1=1,1,1
NOZZLE122,1=1
NDATI122,1=20200124035024
START_DATE122,1=20200124034935
PRI122,1=1.249
BASEPRI122,1=1.249
QTY122,1=19.84
QTYUNIT122,1=2
GAMT122,1=24.78
AMT122,1=24.78
UGAMT122,1=24.78
UAMT122,1=24.78
PLU122,1=6
NAM122,1=FuelSave Unl
GRP122,1=59
CRD122,1=325
EXTREF122,1=FuelSave Unl
ART_MERCH_ID122,1=A
EXC122,1=24.78
INC122,1=24.78
NQUA_CHANGEABLE122,1=570581.39
MOP122,1=1
MOP_ADDX122,1=10
ROP122,1=1
PM122,1=110
PA122,1=25.00
MOP122,2=1
MOP_ADDX122,2=10
ROP122,2=2
PM122,2=5110
PA122,2=-0.22
SLSTOT122=24.78
TYP123=2
DATI123=20200124040509
STATION_NR123=6111
SHF123=4612
ACC_REP_NR123=1177
OPID123=4
REF123=1179110105
SEQ123=1179110738026
SAFTDATI123=20200124040509
LCUR123=10
REPL123=2
MERCH_ID123,1=A
MERCH_NAME123,1=Discovery Filling Station Ltd
MERCH_RECEIPT_SEQ_NR123,1=611100992829
PRI123,1=0.79
UPR123,1=0.79
QTY123,1=1.00
QTYUNIT123,1=1
GAMT123,1=0.79
AMT123,1=0.79
UGAMT123,1=0.79
UAMT123,1=0.79
PLU123,1=5020379150071
NAM123,1=ES WHOLEMILK
GRP123,1=CHILLED FOOD
CRD123,1=3400
ART_MERCH_ID123,1=A
EXC123,1=0.79
INC123,1=0.79
PRI123,2=1.65
UPR123,2=1.65
QTY123,2=1.00
QTYUNIT123,2=1
GAMT123,2=1.65
AMT123,2=1.65
UGAMT123,2=1.65
UAMT123,2=1.65
PLU123,2=5000168208688
NAM123,2=MCV MILK CHC
GRP123,2=GROCERY VAT
CRD123,2=3119
ART_MERCH_ID123,2=A
PRC123,2=20.00
VAMT123,2=0.27
EXC123,2=1.38
INC123,2=1.65
PRI123,3=9.55
UPR123,3=9.55
QTY123,3=1.00
QTYUNIT123,3=1
GAMT123,3=9.55
AMT123,3=9.55
UGAMT123,3=9.55
UAMT123,3=9.55
PLU123,3=5000143922516
NAM123,3=STERLING SKINGS UNPR
GRP123,3=TOBACCO
CRD123,3=4019
ART_MERCH_ID123,3=A
PRC123,3=20.00
VAMT123,3=1.59
EXC123,3=7.96
INC123,3=9.55
MOP123,1=1
MOP_ADDX123,1=10
ROP123,1=1
PM123,1=110
PA123,1=20.00
MOP123,2=1
MOP_ADDX123,2=10
ROP123,2=2
PM123,2=5110
PA123,2=-8.01
SLSTOT123=11.99
TYP124=2
DATI124=20200124040613
STATION_NR124=6111
SHF124=4612
ACC_REP_NR124=1177
OPID124=4
REF124=1179110106
SEQ124=1179110738027
SAFTDATI124=20200124040613
LCUR124=10
PAN124=465859*******014
MERCH_ID124,1=A
MERCH_NAME124,1=Discovery Filling Station Ltd
MERCH_RECEIPT_SEQ_NR124,1=611100992830
PRI124,1=8.70
UPR124,1=8.70
QTY124,1=1.00
QTYUNIT124,1=1
GAMT124,1=8.70
AMT124,1=8.70
UGAMT124,1=8.70
UAMT124,1=8.70
PLU124,1=5000431026902
NAM124,1=PLAYERS KS 20S
GRP124,1=TOBACCO
CRD124,1=4019
ART_MERCH_ID124,1=A
PRC124,1=20.00
VAMT124,1=1.45
EXC124,1=7.25
INC124,1=8.70
CPPAN124,1=465859*******014
MOP124,1=6
MOP_ADDX124,1=50
MOP_ADDY124,1=12
ROP124,1=1
PM124,1=949
PSUB124,1=12
PA124,1=8.70
SLSTOT124=8.70
TYP125=2
DATI125=20200124040717
STATION_NR125=6111
SHF125=4612
ACC_REP_NR125=1177
OPID125=4
REF125=1179110107
SEQ125=1179110738028
SAFTDATI125=20200124040717
LCUR125=10
PAN125=700205*******784336
MERCH_ID125,1=A
MERCH_NAME125,1=Discovery Filling Station Ltd
MERCH_RECEIPT_SEQ_NR125,1=611100992831
PMP125,1=6
PUMP_MODE125,1=1,1,1
NOZZLE125,1=2
NDATI125,1=20200124040648
START_DATE125,1=20200124040505
PRI125,1=1.299
BASEPRI125,1=1.299
QTY125,1=22.44
QTYUNIT125,1=2
GAMT125,1=29.15
AMT125,1=29.15
UGAMT125,1=29.15
UAMT125,1=29.15
PLU125,1=3
NAM125,1=FuelSave Dsl
GRP125,1=59
CRD125,1=425
EXTREF125,1=FuelSave Dsl
ART_MERCH_ID125,1=A
EXC125,1=29.15
INC125,1=29.15
NQUA_CHANGEABLE125,1=1186174.56
CPPAN125,1=700205*******784336
MOP125,1=6
MOP_ADDX125,1=50
MOP_ADDY125,1=1
ROP125,1=1
PM125,1=949
PSUB125,1=1
PA125,1=29.15
SLSTOT125=29.15
TYP126=2
DATI126=20200124040805
STATION_NR126=6111
SHF126=4612
ACC_REP_NR126=1177
OPID126=4
REF126=1179110108
SEQ126=1179110738029
SAFTDATI126=20200124040805
LCUR126=10
PAN126=465859*******014
MERCH_ID126,1=A
MERCH_NAME126,1=Discovery Filling Station Ltd
MERCH_RECEIPT_SEQ_NR126,1=611100992832
PRI126,1=0.90
UPR126,1=0.90
QTY126,1=1.00
QTYUNIT126,1=1
GAMT126,1=0.90
AMT126,1=0.90
UGAMT126,1=0.90
UAMT126,1=0.90
PLU126,1=8938506311516
NAM126,1=EXIS LIGHTER
GRP126,1=TOBACCO SUNDRIE
CRD126,1=4019
ART_MERCH_ID126,1=A
PRC126,1=20.00
VAMT126,1=0.15
EXC126,1=0.75
INC126,1=0.90
CPPAN126,1=465859*******014
MOP126,1=6
MOP_ADDX126,1=50
MOP_ADDY126,1=12
ROP126,1=1
PM126,1=949
PSUB126,1=12
PA126,1=0.90
SLSTOT126=0.90
TYP127=2
DATI127=20200124043349
STATION_NR127=6111
SHF127=4612
ACC_REP_NR127=1177
OPID127=4
REF127=1179110109
SEQ127=1179110738030
SAFTDATI127=20200124043349
LCUR127=10
REPL127=2
MERCH_ID127,1=A
MERCH_NAME127,1=Discovery Filling Station Ltd
MERCH_RECEIPT_SEQ_NR127,1=611100992833
PRI127,1=1.45
UPR127,1=1.45
QTY127,1=1.00
QTYUNIT127,1=1
GAMT127,1=1.45
AMT127,1=1.45
UGAMT127,1=1.45
UAMT127,1=1.45
PLU127,1=5038512005010
NAM127,1=JUICE BURST ORANGE
GRP127,1=DRINKS
CRD127,1=3119
ART_MERCH_ID127,1=A
PRC127,1=20.00
VAMT127,1=0.24
EXC127,1=1.21
INC127,1=1.45
PRI127,2=0.79
UPR127,2=0.79
QTY127,2=1.00
QTYUNIT127,2=1
GAMT127,2=0.79
AMT127,2=0.79
UGAMT127,2=0.79
UAMT127,2=0.79
PLU127,2=5000112630633
NAM127,2=COCA COLA
GRP127,2=DRINKS
CRD127,2=3119
ART_MERCH_ID127,2=A
PRC127,2=20.00
VAMT127,2=0.13
EXC127,2=0.66
INC127,2=0.79
PRI127,3=1.05
UPR127,3=1.05
QTY127,3=1.00
QTYUNIT127,3=1
GAMT127,3=1.05
AMT127,3=1.05
UGAMT127,3=1.05
UAMT127,3=1.05
PLU127,3=3057640372513
NAM127,3=VOLVIC TOUCH OF FRUI
GRP127,3=DRINKS
CRD127,3=3119
ART_MERCH_ID127,3=A
PRC127,3=20.00
VAMT127,3=0.17
EXC127,3=0.88
INC127,3=1.05
PRI127,4=18.15
UPR127,4=18.15
QTY127,4=1.00
QTYUNIT127,4=1
GAMT127,4=18.15
AMT127,4=18.15
UGAMT127,4=18.15
UAMT127,4=18.15
PLU127,4=5000435010747
NAM127,4=GOLD LEAF 50G
GRP127,4=TOBACCO
CRD127,4=4019
ART_MERCH_ID127,4=A
PRC127,4=20.00
VAMT127,4=3.02
EXC127,4=15.13
INC127,4=18.15
PRI127,5=1.05
UPR127,5=1.05
QTY127,5=1.00
QTYUNIT127,5=1
GAMT127,5=1.05
AMT127,5=1.05
UGAMT127,5=1.05
UAMT127,5=1.05
PLU127,5=5000159470643
NAM127,5=MARS SNICKERS DUO
GRP127,5=CONFECTIONERY
CRD127,5=3119
ART_MERCH_ID127,5=A
PRC127,5=20.00
VAMT127,5=0.17
EXC127,5=0.88
INC127,5=1.05
MOP127,1=1
MOP_ADDX127,1=10
ROP127,1=1
PM127,1=110
PA127,1=30.00
MOP127,2=1
MOP_ADDX127,2=10
ROP127,2=2
PM127,2=5110
PA127,2=-7.51
SLSTOT127=22.49
TYP128=2
DATI128=20200124043416
STATION_NR128=6111
SHF128=4612
ACC_REP_NR128=1177
OPID128=4
REF128=1179110110
SEQ128=1179110738031
SAFTDATI128=20200124043416
LCUR128=10
REPL128=2
MERCH_ID128,1=A
MERCH_NAME128,1=Discovery Filling Station Ltd
MERCH_RECEIPT_SEQ_NR128,1=611100992834
PMP128,1=5
PUMP_MODE128,1=1,1,1
NOZZLE128,1=2
NDATI128,1=20200124043252
START_DATE128,1=20200124043057
PRI128,1=1.299
BASEPRI128,1=1.299
QTY128,1=11.55
QTYUNIT128,1=2
GAMT128,1=15.00
AMT128,1=15.00
UGAMT128,1=15.00
UAMT128,1=15.00
PLU128,1=3
NAM128,1=FuelSave Dsl
GRP128,1=59
CRD128,1=425
EXTREF128,1=FuelSave Dsl
ART_MERCH_ID128,1=A
EXC128,1=15.00
INC128,1=15.00
NQUA_CHANGEABLE128,1=1114724.55
MOP128,1=1
MOP_ADDX128,1=10
ROP128,1=1
PM128,1=110
PA128,1=15.00
SLSTOT128=15.00
TYP129=2
DATI129=20200124043449
STATION_NR129=6111
SHF129=4612
ACC_REP_NR129=1177
OPID129=4
REF129=1179110111
SEQ129=1179110738032
SAFTDATI129=20200124043449
LCUR129=10
REPL129=2
MERCH_ID129,1=A
MERCH_NAME129,1=Discovery Filling Station Ltd
MERCH_RECEIPT_SEQ_NR129,1=611100992835
PRI129,1=0.50
UPR129,1=0.50
QTY129,1=3.00
QTYUNIT129,1=1
GAMT129,1=1.50
AMT129,1=1.00
UGAMT129,1=1.50
UAMT129,1=1.00
PLU129,1=5012035954840
NAM129,1=HARIBO MINI
GRP129,1=CONFECTIONERY
CRD129,1=3119
PRO129,1=MMH1861
DSCT129,1=2
DNAM129,1=HARIBO 3 FOR 1.00
DSC129,1=0.50
ART_MERCH_ID129,1=A
PRC129,1=20.00
VAMT129,1=0.17
EXC129,1=0.83
INC129,1=1.00
PRI129,2=0.39
UPR129,2=0.39
QTY129,2=1.00
QTYUNIT129,2=1
GAMT129,2=0.39
AMT129,2=0.39
UGAMT129,2=0.39
UAMT129,2=0.39
PLU129,2=5020379133487
NAM129,2=ES ENERGY
GRP129,2=DRINKS
CRD129,2=3119
ART_MERCH_ID129,2=A
PRC129,2=20.00
VAMT129,2=0.06
EXC129,2=0.33
INC129,2=0.39
PRI129,3=0.89
UPR129,3=0.89
QTY129,3=1.00
QTYUNIT129,3=1
GAMT129,3=0.89
AMT129,3=0.89
UGAMT129,3=0.89
UAMT129,3=0.89
PLU129,3=5010102003422
NAM129,3=TANGO ORANGE
GRP129,3=DRINKS
CRD129,3=3119
ART_MERCH_ID129,3=A
PRC129,3=20.00
VAMT129,3=0.15
EXC129,3=0.74
INC129,3=0.89
MOP129,1=1
MOP_ADDX129,1=10
ROP129,1=1
PM129,1=110
PA129,1=2.28
SLSTOT129=2.28
TYP130=2
DATI130=20200124043811
STATION_NR130=6111
SHF130=4612
ACC_REP_NR130=1177
OPID130=4
REF130=1179110112
SEQ130=1179110738033
SAFTDATI130=20200124043811
LCUR130=10
REPL130=2
MERCH_ID130,1=A
MERCH_NAME130,1=Discovery Filling Station Ltd
MERCH_RECEIPT_SEQ_NR130,1=611100992836
PMP130,1=3
PUMP_MODE130,1=1,1,1
NOZZLE130,1=1
NDATI130,1=20200124043639
START_DATE130,1=20200124043607
PRI130,1=1.249
BASEPRI130,1=1.249
QTY130,1=6.46
QTYUNIT130,1=2
GAMT130,1=8.07
AMT130,1=8.07
UGAMT130,1=8.07
UAMT130,1=8.07
PLU130,1=6
NAM130,1=FuelSave Unl
GRP130,1=59
CRD130,1=325
EXTREF130,1=FuelSave Unl
ART_MERCH_ID130,1=A
EXC130,1=8.07
INC130,1=8.07
NQUA_CHANGEABLE130,1=1194052.93
PRI130,2=0.89
UPR130,2=0.89
QTY130,2=1.00
QTYUNIT130,2=1
GAMT130,2=0.89
AMT130,2=0.89
UGAMT130,2=0.89
UAMT130,2=0.89
PLU130,2=5020379148795
NAM130,2=ES WHITE 4 R
GRP130,2=GENERAL GOODS V
CRD130,2=3319
ART_MERCH_ID130,2=A
PRC130,2=20.00
VAMT130,2=0.15
EXC130,2=0.74
INC130,2=0.89
PRI130,3=1.95
UPR130,3=1.95
QTY130,3=1.00
QTYUNIT130,3=1
GAMT130,3=1.95
AMT130,3=1.95
UGAMT130,3=1.95
UAMT130,3=1.95
PLU130,3=5055109220373
NAM130,3=CLARKS BROWN ROLL 1.
GRP130,3=SANDWICHES
CRD130,3=6000
ART_MERCH_ID130,3=A
EXC130,3=1.95
INC130,3=1.95
MOP130,1=1
MOP_ADDX130,1=10
ROP130,1=1
PM130,1=110
PA130,1=20.00
MOP130,2=1
MOP_ADDX130,2=10
ROP130,2=2
PM130,2=5110
PA130,2=-9.09
SLSTOT130=10.91
TYP131=2
DATI131=20200124044037
STATION_NR131=6111
SHF131=4612
ACC_REP_NR131=1177
OPID131=4
REF131=1179110113
SEQ131=1179110738034
SAFTDATI131=20200124044037
LCUR131=10
REPL131=2
MERCH_ID131,1=A
MERCH_NAME131,1=Discovery Filling Station Ltd
MERCH_RECEIPT_SEQ_NR131,1=611100992837
PMP131,1=2
PUMP_MODE131,1=1,1,1
NOZZLE131,1=2
NDATI131,1=20200124044005
START_DATE131,1=20200124043917
PRI131,1=1.299
BASEPRI131,1=1.299
QTY131,1=14.63
QTYUNIT131,1=2
GAMT131,1=19.00
AMT131,1=19.00
UGAMT131,1=19.00
UAMT131,1=19.00
PLU131,1=3
NAM131,1=FuelSave Dsl
GRP131,1=59
CRD131,1=425
EXTREF131,1=FuelSave Dsl
ART_MERCH_ID131,1=A
EXC131,1=19.00
INC131,1=19.00
NQUA_CHANGEABLE131,1=1554542.24
MOP131,1=1
MOP_ADDX131,1=10
ROP131,1=1
PM131,1=110
PA131,1=19.00
SLSTOT131=19.00
TYP132=21
SPEC_TYPE132=14
DATI132=20200124044300
STATION_NR132=6111
SHF132=4612
OPID132=4
LREF132=1179110114
SPEC_ID132=50973613
SPEC_NAME132=RIZLA GREEN
SPEC_ITYP132=1
SPEC_QUA132=1.00
SPEC_ADDD132=0.39
TYP133=2
DATI133=20200124044342
STATION_NR133=6111
SHF133=4612
ACC_REP_NR133=1177
OPID133=4
REF133=1179110114
SEQ133=1179110738035
SAFTDATI133=20200124044342
LCUR133=10
REPL133=2
MERCH_ID133,1=A
MERCH_NAME133,1=Discovery Filling Station Ltd
MERCH_RECEIPT_SEQ_NR133,1=611100992838
PROGPRI133,1=0.39
PROGUPR133,1=0.39
QTY133,1=1.00
QTYUNIT133,1=1
PLU133,1=50973613
NAM133,1=RIZLA GREEN
GRP133,1=TOBACCO SUNDRIE
CRD133,1=4019
ART_MERCH_ID133,1=A
PRC133,1=20.00
PRI133,2=8.70
UPR133,2=8.70
QTY133,2=1.00
QTYUNIT133,2=1
GAMT133,2=8.70
AMT133,2=8.70
UGAMT133,2=8.70
UAMT133,2=8.70
PLU133,2=5000431026995
NAM133,2=PLAYERS S/K
GRP133,2=TOBACCO
CRD133,2=4019
ART_MERCH_ID133,2=A
PRC133,2=20.00
VAMT133,2=1.45
EXC133,2=7.25
INC133,2=8.70
MOP133,1=1
MOP_ADDX133,1=10
ROP133,1=1
PM133,1=110
PA133,1=8.70
SLSTOT133=8.70
TYP134=2
DATI134=20200124045754
STATION_NR134=6111
SHF134=4612
ACC_REP_NR134=1177
OPID134=4
REF134=1179110115
SEQ134=1179110738036
SAFTDATI134=20200124045754
LCUR134=10
REPL134=2
MERCH_ID134,1=A
MERCH_NAME134,1=Discovery Filling Station Ltd
MERCH_RECEIPT_SEQ_NR134,1=611100992839
PRI134,1=8.70
UPR134,1=8.70
QTY134,1=1.00
QTYUNIT134,1=1
GAMT134,1=8.70
AMT134,1=8.70
UGAMT134,1=8.70
UAMT134,1=8.70
PLU134,1=5000431026902
NAM134,1=PLAYERS KS 20S
GRP134,1=TOBACCO
CRD134,1=4019
ART_MERCH_ID134,1=A
PRC134,1=20.00
VAMT134,1=1.45
EXC134,1=7.25
INC134,1=8.70
MOP134,1=1
MOP_ADDX134,1=10
ROP134,1=1
PM134,1=110
PA134,1=20.00
MOP134,2=1
MOP_ADDX134,2=10
ROP134,2=2
PM134,2=5110
PA134,2=-11.30
SLSTOT134=8.70
TYP135=21
SPEC_TYPE135=13
DATI135=20200124045810
STATION_NR135=6111
SHF135=4612
OPID135=4
SPEC_ADDD135=Open cash drawer
TYP136=2
DATI136=20200124045828
STATION_NR136=6111
SHF136=4612
ACC_REP_NR136=1177
OPID136=4
REF136=1179110116
SEQ136=1179110738037
SAFTDATI136=20200124045828
LCUR136=10
REPL136=2
MERCH_ID136,1=A
MERCH_NAME136,1=Discovery Filling Station Ltd
MERCH_RECEIPT_SEQ_NR136,1=611100992840
PRI136,1=1.25
UPR136,1=1.25
QTY136,1=1.00
QTYUNIT136,1=1
GAMT136,1=1.25
AMT136,1=1.25
UGAMT136,1=1.25
UAMT136,1=1.25
PLU136,1=5000382109525
NAM136,1=BARRS PINEAPPLE
GRP136,1=DRINKS
CRD136,1=3119
ART_MERCH_ID136,1=A
PRC136,1=20.00
VAMT136,1=0.21
EXC136,1=1.04
INC136,1=1.25
MOP136,1=1
MOP_ADDX136,1=10
ROP136,1=1
PM136,1=110
PA136,1=1.25
SLSTOT136=1.25
TYP137=2
DATI137=20200124045913
STATION_NR137=6111
SHF137=4612
ACC_REP_NR137=1177
OPID137=4
REF137=1179110117
SEQ137=1179110738038
SAFTDATI137=20200124045913
LCUR137=10
REPL137=2
MERCH_ID137,1=A
MERCH_NAME137,1=Discovery Filling Station Ltd
MERCH_RECEIPT_SEQ_NR137,1=611100992841
PRI137,1=1.00
UPR137,1=1.00
QTY137,1=1.00
QTYUNIT137,1=1
GAMT137,1=1.00
AMT137,1=1.00
UGAMT137,1=1.00
UAMT137,1=1.00
PLU137,1=5020379056939
NAM137,1=ES JAFFA CKE
GRP137,1=GROCERY ZERO
CRD137,1=3100
ART_MERCH_ID137,1=A
EXC137,1=1.00
INC137,1=1.00
PRI137,2=0.50
UPR137,2=0.50
QTY137,2=1.00
QTYUNIT137,2=1
GAMT137,2=0.50
AMT137,2=0.50
UGAMT137,2=0.50
UAMT137,2=0.50
PLU137,2=5020379106696
NAM137,2=ES ISOTONIC
GRP137,2=DRINKS
CRD137,2=3119
ART_MERCH_ID137,2=A
PRC137,2=20.00
VAMT137,2=0.08
EXC137,2=0.42
INC137,2=0.50
MOP137,1=1
MOP_ADDX137,1=10
ROP137,1=1
PM137,1=110
PA137,1=10.00
MOP137,2=1
MOP_ADDX137,2=10
ROP137,2=2
PM137,2=5110
PA137,2=-8.50
SLSTOT137=1.50
TYP138=2
DATI138=20200124050237
STATION_NR138=6111
SHF138=4612
ACC_REP_NR138=1177
OPID138=4
REF138=1179110118
SEQ138=1179110738039
SAFTDATI138=20200124050237
LCUR138=10
REPL138=2
MERCH_ID138,1=A
MERCH_NAME138,1=Discovery Filling Station Ltd
MERCH_RECEIPT_SEQ_NR138,1=611100992842
PMP138,1=3
PUMP_MODE138,1=1,1,1
NOZZLE138,1=1
NDATI138,1=20200124050145
START_DATE138,1=20200124050124
PRI138,1=1.249
BASEPRI138,1=1.249
QTY138,1=4.00
QTYUNIT138,1=2
GAMT138,1=5.00
AMT138,1=5.00
UGAMT138,1=5.00
UAMT138,1=5.00
PLU138,1=6
NAM138,1=FuelSave Unl
GRP138,1=59
CRD138,1=325
EXTREF138,1=FuelSave Unl
ART_MERCH_ID138,1=A
EXC138,1=5.00
INC138,1=5.00
NQUA_CHANGEABLE138,1=1194056.93
MOP138,1=1
MOP_ADDX138,1=10
ROP138,1=1
PM138,1=110
PA138,1=5.00
SLSTOT138=5.00
TYP139=21
SPEC_TYPE139=13
DATI139=20200124050247
STATION_NR139=6111
SHF139=4612
OPID139=4
SPEC_ADDD139=Open cash drawer
TYP140=2
DATI140=20200124051141
STATION_NR140=6111
SHF140=4612
ACC_REP_NR140=1177
OPID140=4
REF140=1179110119
SEQ140=1179110738040
SAFTDATI140=20200124051141
LCUR140=10
REPL140=2
MERCH_ID140,1=A
MERCH_NAME140,1=Discovery Filling Station Ltd
MERCH_RECEIPT_SEQ_NR140,1=611100992843
PRI140,1=9.80
UPR140,1=9.80
QTY140,1=1.00
QTYUNIT140,1=1
GAMT140,1=9.80
AMT140,1=9.80
UGAMT140,1=9.80
UAMT140,1=9.80
PLU140,1=5000143936339
NAM140,1=STERLING KS
GRP140,1=TOBACCO
CRD140,1=4019
ART_MERCH_ID140,1=A
PRC140,1=20.00
VAMT140,1=1.63
EXC140,1=8.17
INC140,1=9.80
MOP140,1=1
MOP_ADDX140,1=10
ROP140,1=1
PM140,1=110
PA140,1=9.80
SLSTOT140=9.80
TYP141=21
SPEC_TYPE141=14
DATI141=20200124051847
STATION_NR141=6111
SHF141=4612
OPID141=4
LREF141=1179110120
SPEC_ID141=5000435010860
SPEC_NAME141=GV BRIGHT YELLOW 30G
SPEC_ITYP141=1
SPEC_QUA141=1.00
SPEC_ADDD141=14.00
TYP142=2
DATI142=20200124051851
STATION_NR142=6111
SHF142=4612
ACC_REP_NR142=1177
OPID142=4
REF142=1179110120
SEQ142=1179110738041
SAFTDATI142=20200124051851
LCUR142=10
PAN142=482874*******493
MERCH_ID142,1=A
MERCH_NAME142,1=Discovery Filling Station Ltd
MERCH_RECEIPT_SEQ_NR142,1=611100992844
PRI142,1=1.25
UPR142,1=1.25
QTY142,1=3.00
QTYUNIT142,1=1
GAMT142,1=3.75
AMT142,1=3.75
UGAMT142,1=3.75
UAMT142,1=3.75
PLU142,1=5060639122738
NAM142,1=MONSTER
GRP142,1=DRINKS
CRD142,1=3119
ART_MERCH_ID142,1=A
PRC142,1=20.00
VAMT142,1=0.62
EXC142,1=3.13
INC142,1=3.75
PRI142,2=14.00
UPR142,2=14.00
QTY142,2=1.00
QTYUNIT142,2=1
GAMT142,2=14.00
AMT142,2=14.00
UGAMT142,2=14.00
UAMT142,2=14.00
PLU142,2=5000435010860
NAM142,2=GV BRIGHT YELLOW 30G
GRP142,2=TOBACCO
CRD142,2=4019
ART_MERCH_ID142,2=A
PRC142,2=20.00
VAMT142,2=2.33
EXC142,2=11.67
INC142,2=14.00
PROGPRI142,3=14.00
PROGUPR142,3=14.00
QTY142,3=1.00
QTYUNIT142,3=1
PLU142,3=5000435010860
NAM142,3=GV BRIGHT YELLOW 30G
GRP142,3=TOBACCO
CRD142,3=4019
ART_MERCH_ID142,3=A
PRC142,3=20.00
CPPAN142,1=482874*******493
MOP142,1=6
MOP_ADDX142,1=50
MOP_ADDY142,1=13
ROP142,1=1
PM142,1=949
PSUB142,1=13
PA142,1=17.75
SLSTOT142=17.75
TYP143=2
DATI143=20200124052327
STATION_NR143=6111
SHF143=4612
ACC_REP_NR143=1177
OPID143=4
REF143=1179110121
SEQ143=1179110738042
SAFTDATI143=20200124052327
LCUR143=10
PAN143=475117*******276
MERCH_ID143,1=A
MERCH_NAME143,1=Discovery Filling Station Ltd
MERCH_RECEIPT_SEQ_NR143,1=611100992845
PRI143,1=8.70
UPR143,1=8.70
QTY143,1=1.00
QTYUNIT143,1=1
GAMT143,1=8.70
AMT143,1=8.70
UGAMT143,1=8.70
UAMT143,1=8.70
PLU143,1=5000431026964
NAM143,1=PLAYERS CRUSHBALL
GRP143,1=TOBACCO
CRD143,1=4019
ART_MERCH_ID143,1=A
PRC143,1=20.00
VAMT143,1=1.45
EXC143,1=7.25
INC143,1=8.70
CPPAN143,1=475117*******276
MOP143,1=6
MOP_ADDX143,1=50
MOP_ADDY143,1=12
ROP143,1=1
PM143,1=949
PSUB143,1=12
PA143,1=8.70
SLSTOT143=8.70
TYP144=2
DATI144=20200124052426
STATION_NR144=6111
SHF144=4612
ACC_REP_NR144=1177
OPID144=4
REF144=1179110122
SEQ144=1179110738043
SAFTDATI144=20200124052426
LCUR144=10
REPL144=2
MERCH_ID144,1=A
MERCH_NAME144,1=Discovery Filling Station Ltd
MERCH_RECEIPT_SEQ_NR144,1=611100992846
PRI144,1=0.80
UPR144,1=0.80
QTY144,1=1.00
QTYUNIT144,1=1
GAMT144,1=0.80
AMT144,1=0.80
UGAMT144,1=0.80
UAMT144,1=0.80
PLU144,1=5020379151887
NAM144,1=HS ORANGE
GRP144,1=DRINKS
CRD144,1=3119
ART_MERCH_ID144,1=A
PRC144,1=20.00
VAMT144,1=0.13
EXC144,1=0.67
INC144,1=0.80
PRI144,2=0.79
UPR144,2=0.79
QTY144,2=1.00
QTYUNIT144,2=1
GAMT144,2=0.79
AMT144,2=0.79
UGAMT144,2=0.79
UAMT144,2=0.79
PLU144,2=5020379150095
NAM144,2=ES SS MILK
GRP144,2=CHILLED FOOD
CRD144,2=3400
ART_MERCH_ID144,2=A
EXC144,2=0.79
INC144,2=0.79
MOP144,1=1
MOP_ADDX144,1=10
ROP144,1=1
PM144,1=110
PA144,1=2.00
MOP144,2=1
MOP_ADDX144,2=10
ROP144,2=2
PM144,2=5110
PA144,2=-0.41
SLSTOT144=1.59
TYP145=2
DATI145=20200124052636
STATION_NR145=6111
SHF145=4612
ACC_REP_NR145=1177
OPID145=4
REF145=1179110123
SEQ145=1179110738044
SAFTDATI145=20200124052636
LCUR145=10
PAN145=475139*******306
MERCH_ID145,1=A
MERCH_NAME145,1=Discovery Filling Station Ltd
MERCH_RECEIPT_SEQ_NR145,1=611100992847
PRI145,1=0.65
UPR145,1=0.65
QTY145,1=1.00
QTYUNIT145,1=1
GAMT145,1=0.65
AMT145,1=0.65
UGAMT145,1=0.65
UAMT145,1=0.65
PLU145,1=42211471
NAM145,1=WRIG ICEWHITE
GRP145,1=CONFECTIONERY
CRD145,1=3119
ART_MERCH_ID145,1=A
PRC145,1=20.00
VAMT145,1=0.11
EXC145,1=0.54
INC145,1=0.65
PRI145,2=14.10
UPR145,2=14.10
QTY145,2=1.00
QTYUNIT145,2=1
GAMT145,2=14.10
AMT145,2=14.10
UGAMT145,2=14.10
UAMT145,2=14.10
PLU145,2=5000143958621
NAM145,2=A/LEAF 30G
GRP145,2=TOBACCO
CRD145,2=4019
ART_MERCH_ID145,2=A
PRC145,2=20.00
VAMT145,2=2.35
EXC145,2=11.75
INC145,2=14.10
CPPAN145,1=475139*******306
MOP145,1=6
MOP_ADDX145,1=50
MOP_ADDY145,1=12
ROP145,1=1
PM145,1=949
PSUB145,1=12
PA145,1=14.75
SLSTOT145=14.75
TYP146=2
DATI146=20200124053458
STATION_NR146=6111
SHF146=4612
ACC_REP_NR146=1177
OPID146=4
REF146=1179110124
SEQ146=1179110738045
SAFTDATI146=20200124053458
LCUR146=10
REPL146=2
MERCH_ID146,1=A
MERCH_NAME146,1=Discovery Filling Station Ltd
MERCH_RECEIPT_SEQ_NR146,1=611100992848
PRI146,1=1.25
UPR146,1=1.25
QTY146,1=1.00
QTYUNIT146,1=1
GAMT146,1=1.25
AMT146,1=1.25
UGAMT146,1=1.25
UAMT146,1=1.25
PLU146,1=5060639124329
NAM146,1=MONSTER
GRP146,1=DRINKS
CRD146,1=3119
ART_MERCH_ID146,1=A
PRC146,1=20.00
VAMT146,1=0.21
EXC146,1=1.04
INC146,1=1.25
PRI146,2=1.59
UPR146,2=1.59
QTY146,2=1.00
QTYUNIT146,2=1
GAMT146,2=1.59
AMT146,2=1.59
UGAMT146,2=1.59
UAMT146,2=1.59
PLU146,2=9002490239565
NAM146,2=RED BULL
GRP146,2=DRINKS
CRD146,2=3119
ART_MERCH_ID146,2=A
PRC146,2=20.00
VAMT146,2=0.26
EXC146,2=1.33
INC146,2=1.59
PRI146,3=1.52
UPR146,3=1.52
QTY146,3=1.00
QTYUNIT146,3=1
GAMT146,3=1.52
AMT146,3=1.52
UGAMT146,3=1.52
UAMT146,3=1.52
PLU146,3=5054267000216
NAM146,3=LUCOZADE ORANGE 500M
GRP146,3=DRINKS
CRD146,3=3119
ART_MERCH_ID146,3=A
PRC146,3=20.00
VAMT146,3=0.25
EXC146,3=1.27
INC146,3=1.52
PRI146,4=0.80
UPR146,4=0.80
QTY146,4=1.00
QTYUNIT146,4=1
GAMT146,4=0.80
AMT146,4=0.80
UGAMT146,4=0.80
UAMT146,4=0.80
PLU146,4=5000201499776
NAM146,4=CADBURY TWIRL CHOCOL
GRP146,4=CONFECTIONERY
CRD146,4=3119
ART_MERCH_ID146,4=A
PRC146,4=20.00
VAMT146,4=0.13
EXC146,4=0.67
INC146,4=0.80
PRI146,5=10.00
UPR146,5=10.00
QTY146,5=1.00
QTYUNIT146,5=1
GAMT146,5=10.00
AMT146,5=10.00
UGAMT146,5=10.00
UAMT146,5=10.00
PLU146,5=5000143918823
NAM146,5=MAYFAIR KS 20S UNPRI
GRP146,5=TOBACCO
CRD146,5=4019
ART_MERCH_ID146,5=A
PRC146,5=20.00
VAMT146,5=1.67
EXC146,5=8.33
INC146,5=10.00
MOP146,1=1
MOP_ADDX146,1=10
ROP146,1=1
PM146,1=110
PA146,1=20.00
MOP146,2=1
MOP_ADDX146,2=10
ROP146,2=2
PM146,2=5110
PA146,2=-4.84
SLSTOT146=15.16
TYP147=2
DATI147=20200124053605
STATION_NR147=6111
SHF147=4612
ACC_REP_NR147=1177
OPID147=4
REF147=1179110125
SEQ147=1179110738046
SAFTDATI147=20200124053605
LCUR147=10
PAN147=446238*******215
MERCH_ID147,1=A
MERCH_NAME147,1=Discovery Filling Station Ltd
MERCH_RECEIPT_SEQ_NR147,1=611100992849
PMP147,1=4
PUMP_MODE147,1=1,1,1
NOZZLE147,1=1
NDATI147,1=20200124053538
START_DATE147,1=20200124053454
PRI147,1=1.249
BASEPRI147,1=1.249
QTY147,1=20.56
QTYUNIT147,1=2
GAMT147,1=25.68
AMT147,1=25.68
UGAMT147,1=25.68
UAMT147,1=25.68
PLU147,1=6
NAM147,1=FuelSave Unl
GRP147,1=59
CRD147,1=325
EXTREF147,1=FuelSave Unl
ART_MERCH_ID147,1=A
EXC147,1=25.68
INC147,1=25.68
NQUA_CHANGEABLE147,1=708122.41
CPPAN147,1=446238*******215
MOP147,1=6
MOP_ADDX147,1=50
MOP_ADDY147,1=12
ROP147,1=1
PM147,1=949
PSUB147,1=12
PA147,1=25.68
SLSTOT147=25.68
TYP148=2
DATI148=20200124053959
STATION_NR148=6111
SHF148=4612
ACC_REP_NR148=1177
OPID148=4
REF148=1179110126
SEQ148=1179110738047
SAFTDATI148=20200124053959
LCUR148=10
PAN148=700205*******910510
MERCH_ID148,1=A
MERCH_NAME148,1=Discovery Filling Station Ltd
MERCH_RECEIPT_SEQ_NR148,1=611100992850
PMP148,1=4
PUMP_MODE148,1=1,1,1
NOZZLE148,1=3
NDATI148,1=20200124053936
START_DATE148,1=20200124053741
PRI148,1=1.299
BASEPRI148,1=1.299
QTY148,1=50.30
QTYUNIT148,1=2
GAMT148,1=65.34
AMT148,1=65.34
UGAMT148,1=65.34
UAMT148,1=65.34
PLU148,1=3
NAM148,1=FuelSave Dsl
GRP148,1=59
CRD148,1=425
EXTREF148,1=FuelSave Dsl
ART_MERCH_ID148,1=A
EXC148,1=65.34
INC148,1=65.34
NQUA_CHANGEABLE148,1=1501983.54
CPPAN148,1=700205*******910510
MOP148,1=6
MOP_ADDX148,1=50
MOP_ADDY148,1=1
ROP148,1=1
PM148,1=949
PSUB148,1=1
PA148,1=65.34
SLSTOT148=65.34
TYP149=2
DATI149=20200124054103
STATION_NR149=6111
SHF149=4612
ACC_REP_NR149=1177
OPID149=4
REF149=1179110127
SEQ149=1179110738048
SAFTDATI149=20200124054103
LCUR149=10
REPL149=2
MERCH_ID149,1=A
MERCH_NAME149,1=Discovery Filling Station Ltd
MERCH_RECEIPT_SEQ_NR149,1=611100992851
PMP149,1=3
PUMP_MODE149,1=1,1,1
NOZZLE149,1=1
NDATI149,1=20200124054051
START_DATE149,1=20200124054035
PRI149,1=1.249
BASEPRI149,1=1.249
QTY149,1=5.41
QTYUNIT149,1=2
GAMT149,1=6.76
AMT149,1=6.76
UGAMT149,1=6.76
UAMT149,1=6.76
PLU149,1=6
NAM149,1=FuelSave Unl
GRP149,1=59
CRD149,1=325
EXTREF149,1=FuelSave Unl
ART_MERCH_ID149,1=A
EXC149,1=6.76
INC149,1=6.76
NQUA_CHANGEABLE149,1=1194062.34
MOP149,1=1
MOP_ADDX149,1=10
ROP149,1=1
PM149,1=110
PA149,1=10.00
MOP149,2=1
MOP_ADDX149,2=10
ROP149,2=2
PM149,2=5110
PA149,2=-3.24
SLSTOT149=6.76
TYP150=2
DATI150=20200124054545
STATION_NR150=6111
SHF150=4612
ACC_REP_NR150=1177
OPID150=4
REF150=1179110128
SEQ150=1179110738049
SAFTDATI150=20200124054545
LCUR150=10
PAN150=476368*******726
MERCH_ID150,1=A
MERCH_NAME150,1=Discovery Filling Station Ltd
MERCH_RECEIPT_SEQ_NR150,1=611100992852
PRI150,1=1.00
UPR150,1=1.00
QTY150,1=1.00
QTYUNIT150,1=1
GAMT150,1=1.00
AMT150,1=1.00
UGAMT150,1=1.00
UAMT150,1=1.00
PLU150,1=5010459005025
NAM150,1=HIGHLAND SPRING 1.5L
GRP150,1=DRINKS
CRD150,1=3119
ART_MERCH_ID150,1=A
PRC150,1=20.00
VAMT150,1=0.17
EXC150,1=0.83
INC150,1=1.00
PRI150,2=1.00
UPR150,2=1.00
QTY150,2=1.00
QTYUNIT150,2=1
GAMT150,2=1.00
AMT150,2=1.00
UGAMT150,2=1.00
UAMT150,2=1.00
PLU150,2=5060466510296
NAM150,2=RLNTLSS ORGN
GRP150,2=DRINKS
CRD150,2=3119
ART_MERCH_ID150,2=A
PRC150,2=20.00
VAMT150,2=0.17
EXC150,2=0.83
INC150,2=1.00
PRI150,3=1.00
UPR150,3=1.00
QTY150,3=1.00
QTYUNIT150,3=1
GAMT150,3=1.00
AMT150,3=1.00
UGAMT150,3=1.00
UAMT150,3=1.00
PLU150,3=5020379155045
NAM150,3=ES PROTEIN
GRP150,3=CHILLED FOOD
CRD150,3=3400
ART_MERCH_ID150,3=A
EXC150,3=1.00
INC150,3=1.00
PRI150,4=0.65
UPR150,4=0.65
QTY150,4=1.00
QTYUNIT150,4=1
GAMT150,4=0.65
AMT150,4=0.65
UGAMT150,4=0.65
UAMT150,4=0.65
PLU150,4=40099361
NAM150,4=EXTRA SUGAR FREE P/M
GRP150,4=CONFECTIONERY
CRD150,4=3119
ART_MERCH_ID150,4=A
PRC150,4=20.00
VAMT150,4=0.11
EXC150,4=0.54
INC150,4=0.65
CPPAN150,1=476368*******726
MOP150,1=6
MOP_ADDX150,1=50
MOP_ADDY150,1=12
ROP150,1=1
PM150,1=949
PSUB150,1=12
PA150,1=3.65
SLSTOT150=3.65
TYP151=2
DATI151=20200124055032
STATION_NR151=6111
SHF151=4612
ACC_REP_NR151=1177
OPID151=4
REF151=1179110129
SEQ151=1179110738050
SAFTDATI151=20200124055032
LCUR151=10
REPL151=2
MERCH_ID151,1=A
MERCH_NAME151,1=Discovery Filling Station Ltd
MERCH_RECEIPT_SEQ_NR151,1=611100992853
PMP151,1=5
PUMP_MODE151,1=1,1,1
NOZZLE151,1=2
NDATI151,1=20200124054942
START_DATE151,1=20200124054845
PRI151,1=1.299
BASEPRI151,1=1.299
QTY151,1=15.40
QTYUNIT151,1=2
GAMT151,1=20.00
AMT151,1=20.00
UGAMT151,1=20.00
UAMT151,1=20.00
PLU151,1=3
NAM151,1=FuelSave Dsl
GRP151,1=59
CRD151,1=425
EXTREF151,1=FuelSave Dsl
ART_MERCH_ID151,1=A
EXC151,1=20.00
INC151,1=20.00
NQUA_CHANGEABLE151,1=1114739.95
MOP151,1=1
MOP_ADDX151,1=10
ROP151,1=1
PM151,1=110
PA151,1=20.00
SLSTOT151=20.00
TYP152=2
DATI152=20200124055338
STATION_NR152=6111
SHF152=4612
ACC_REP_NR152=1177
OPID152=4
REF152=1179110130
SEQ152=1179110738051
SAFTDATI152=20200124055338
LCUR152=10
REPL152=2
MERCH_ID152,1=A
MERCH_NAME152,1=Discovery Filling Station Ltd
MERCH_RECEIPT_SEQ_NR152,1=611100992854
PMP152,1=5
PUMP_MODE152,1=1,1,1
NOZZLE152,1=2
NDATI152,1=20200124055311
START_DATE152,1=20200124055236
PRI152,1=1.299
BASEPRI152,1=1.299
QTY152,1=7.70
QTYUNIT152,1=2
GAMT152,1=10.00
AMT152,1=10.00
UGAMT152,1=10.00
UAMT152,1=10.00
PLU152,1=3
NAM152,1=FuelSave Dsl
GRP152,1=59
CRD152,1=425
EXTREF152,1=FuelSave Dsl
ART_MERCH_ID152,1=A
EXC152,1=10.00
INC152,1=10.00
NQUA_CHANGEABLE152,1=1114747.65
MOP152,1=1
MOP_ADDX152,1=10
ROP152,1=1
PM152,1=110
PA152,1=10.00
SLSTOT152=10.00
TYP153=2
DATI153=20200124055412
STATION_NR153=6111
SHF153=4612
ACC_REP_NR153=1177
OPID153=4
REF153=1179110131
SEQ153=1179110738052
SAFTDATI153=20200124055412
LCUR153=10
PAN153=475117*******903
MERCH_ID153,1=A
MERCH_NAME153,1=Discovery Filling Station Ltd
MERCH_RECEIPT_SEQ_NR153,1=611100992855
PMP153,1=3
PUMP_MODE153,1=1,1,1
NOZZLE153,1=3
NDATI153,1=20200124055346
START_DATE153,1=20200124055240
PRI153,1=1.299
BASEPRI153,1=1.299
QTY153,1=23.10
QTYUNIT153,1=2
GAMT153,1=30.01
AMT153,1=30.01
UGAMT153,1=30.01
UAMT153,1=30.01
PLU153,1=3
NAM153,1=FuelSave Dsl
GRP153,1=59
CRD153,1=425
EXTREF153,1=FuelSave Dsl
ART_MERCH_ID153,1=A
EXC153,1=30.01
INC153,1=30.01
NQUA_CHANGEABLE153,1=1276987.19
CPPAN153,1=475117*******903
MOP153,1=6
MOP_ADDX153,1=50
MOP_ADDY153,1=12
ROP153,1=1
PM153,1=949
PSUB153,1=12
PA153,1=30.01
SLSTOT153=30.01
TYP154=2
DATI154=20200124055653
STATION_NR154=6111
SHF154=4612
ACC_REP_NR154=1177
OPID154=4
REF154=1179110132
SEQ154=1179110738053
SAFTDATI154=20200124055653
LCUR154=10
PAN154=476223*******714
MERCH_ID154,1=A
MERCH_NAME154,1=Discovery Filling Station Ltd
MERCH_RECEIPT_SEQ_NR154,1=611100992856
PMP154,1=1
PUMP_MODE154,1=1,1,1
NOZZLE154,1=1
NDATI154,1=20200124055632
START_DATE154,1=20200124055522
PRI154,1=1.249
BASEPRI154,1=1.249
QTY154,1=32.05
QTYUNIT154,1=2
GAMT154,1=40.03
AMT154,1=40.03
UGAMT154,1=40.03
UAMT154,1=40.03
PLU154,1=6
NAM154,1=FuelSave Unl
GRP154,1=59
CRD154,1=325
EXTREF154,1=FuelSave Unl
ART_MERCH_ID154,1=A
EXC154,1=40.03
INC154,1=40.03
NQUA_CHANGEABLE154,1=662104.27
CPPAN154,1=476223*******714
MOP154,1=6
MOP_ADDX154,1=50
MOP_ADDY154,1=12
ROP154,1=1
PM154,1=949
PSUB154,1=12
PA154,1=40.03
SLSTOT154=40.03
TYP155=2
DATI155=20200124055916
STATION_NR155=6111
SHF155=4612
ACC_REP_NR155=1177
OPID155=4
REF155=1179110133
SEQ155=1179110738054
SAFTDATI155=20200124055916
LCUR155=10
PAN155=471530*******111
MERCH_ID155,1=A
MERCH_NAME155,1=Discovery Filling Station Ltd
MERCH_RECEIPT_SEQ_NR155,1=611100992857
PMP155,1=6
PUMP_MODE155,1=1,1,1
NOZZLE155,1=3
NDATI155,1=20200124055850
START_DATE155,1=20200124055657
PRI155,1=1.529
BASEPRI155,1=1.529
QTY155,1=64.34
QTYUNIT155,1=2
GAMT155,1=98.38
AMT155,1=98.38
UGAMT155,1=98.38
UAMT155,1=98.38
PLU155,1=8
NAM155,1=V Power Dsl
GRP155,1=59
CRD155,1=430
EXTREF155,1=V Power Dsl
ART_MERCH_ID155,1=A
EXC155,1=98.38
INC155,1=98.38
NQUA_CHANGEABLE155,1=120037.60
CPPAN155,1=471530*******111
MOP155,1=6
MOP_ADDX155,1=50
MOP_ADDY155,1=7
ROP155,1=1
PM155,1=949
PSUB155,1=7
PA155,1=98.38
SLSTOT155=98.38
TYP156=2
DATI156=20200124062147
STATION_NR156=6111
SHF156=4612
ACC_REP_NR156=1177
OPID156=4
REF156=1179110134
SEQ156=1179110738055
SAFTDATI156=20200124062147
LCUR156=10
PAN156=459645*******080
MERCH_ID156,1=A
MERCH_NAME156,1=Discovery Filling Station Ltd
MERCH_RECEIPT_SEQ_NR156,1=611100992858
PMP156,1=5
PUMP_MODE156,1=1,1,1
NOZZLE156,1=1
NDATI156,1=20200124062118
START_DATE156,1=20200124061915
PRI156,1=1.249
BASEPRI156,1=1.249
QTY156,1=28.59
QTYUNIT156,1=2
GAMT156,1=35.71
AMT156,1=35.71
UGAMT156,1=35.71
UAMT156,1=35.71
PLU156,1=6
NAM156,1=FuelSave Unl
GRP156,1=59
CRD156,1=325
EXTREF156,1=FuelSave Unl
ART_MERCH_ID156,1=A
EXC156,1=35.71
INC156,1=35.71
NQUA_CHANGEABLE156,1=1061894.42
PRI156,2=0.35
UPR156,2=0.35
QTY156,2=1.00
QTYUNIT156,2=1
GAMT156,2=0.35
AMT156,2=0.35
UGAMT156,2=0.35
UAMT156,2=0.35
PLU156,2=5020379150651
NAM156,2=E/S ENERGY
GRP156,2=DRINKS
CRD156,2=3119
ART_MERCH_ID156,2=A
PRC156,2=20.00
VAMT156,2=0.06
EXC156,2=0.29
INC156,2=0.35
CPPAN156,1=459645*******080
MOP156,1=6
MOP_ADDX156,1=50
MOP_ADDY156,1=13
ROP156,1=1
PM156,1=949
PSUB156,1=13
PA156,1=36.06
SLSTOT156=36.06
TYP157=2
DATI157=20200124062342
STATION_NR157=6111
SHF157=4612
ACC_REP_NR157=1177
OPID157=4
REF157=1179110135
SEQ157=1179110738056
SAFTDATI157=20200124062342
LCUR157=10
REPL157=2
MERCH_ID157,1=A
MERCH_NAME157,1=Discovery Filling Station Ltd
MERCH_RECEIPT_SEQ_NR157,1=611100992859
PRI157,1=0.25
UPR157,1=0.25
QTY157,1=1.00
QTYUNIT157,1=1
GAMT157,1=0.25
AMT157,1=0.25
UGAMT157,1=0.25
UAMT157,1=0.25
PLU157,1=5020379036528
NAM157,1=ES LMND PM25
GRP157,1=DRINKS
CRD157,1=3119
ART_MERCH_ID157,1=A
PRC157,1=20.00
VAMT157,1=0.04
EXC157,1=0.21
INC157,1=0.25
PRI157,2=0.25
UPR157,2=0.25
QTY157,2=1.00
QTYUNIT157,2=1
GAMT157,2=0.25
AMT157,2=0.25
UGAMT157,2=0.25
UAMT157,2=0.25
PLU157,2=5020379036566
NAM157,2=ES ORNG PM25
GRP157,2=DRINKS
CRD157,2=3119
ART_MERCH_ID157,2=A
PRC157,2=20.00
VAMT157,2=0.04
EXC157,2=0.21
INC157,2=0.25
PRI157,3=1.00
UPR157,3=1.00
QTY157,3=1.00
QTYUNIT157,3=1
GAMT157,3=1.00
AMT157,3=1.00
UGAMT157,3=1.00
UAMT157,3=1.00
PLU157,3=7613036033480
NAM157,3=NESCAFE 3IN1
GRP157,3=GROCERY ZERO
CRD157,3=3100
ART_MERCH_ID157,3=A
EXC157,3=1.00
INC157,3=1.00
PRI157,4=0.50
UPR157,4=0.50
QTY157,4=1.00
QTYUNIT157,4=1
GAMT157,4=0.50
AMT157,4=0.50
UGAMT157,4=0.50
UAMT157,4=0.50
PLU157,4=5020379146142
NAM157,4=ES DARK CHOC
GRP157,4=CONFECTIONERY
CRD157,4=3119
ART_MERCH_ID157,4=A
PRC157,4=20.00
VAMT157,4=0.08
EXC157,4=0.42
INC157,4=0.50
MOP157,1=1
MOP_ADDX157,1=10
ROP157,1=1
PM157,1=110
PA157,1=2.00
SLSTOT157=2.00
TYP158=21
SPEC_TYPE158=14
DATI158=20200124062451
STATION_NR158=6111
SHF158=4612
OPID158=4
LREF158=1179110136
SPEC_ID158=3000
SPEC_NAME158=MISC VAT
SPEC_ITYP158=1
SPEC_QUA158=1.00
SPEC_PRI158=1.99
SPEC_AMT158=1.99
TYP159=2
DATI159=20200124062453
STATION_NR159=6111
SHF159=4612
ACC_REP_NR159=1177
OPID159=4
REF159=1179110136
SEQ159=1179110738057
SAFTDATI159=20200124062453
LCUR159=10
REPL159=2
MERCH_ID159,1=A
MERCH_NAME159,1=Discovery Filling Station Ltd
MERCH_RECEIPT_SEQ_NR159,1=611100992860
PRI159,1=1.99
UPR159,1=1.99
QTY159,1=1.00
QTYUNIT159,1=1
GAMT159,1=1.99
AMT159,1=1.99
UGAMT159,1=1.99
UAMT159,1=1.99
PLU159,1=3000
NAM159,1=MISC VAT
GRP159,1=MISC VAT
CRD159,1=6019
ART_MERCH_ID159,1=A
PRC159,1=20.00
VAMT159,1=0.33
EXC159,1=1.66
INC159,1=1.99
MOP159,1=1
MOP_ADDX159,1=10
ROP159,1=1
PM159,1=110
PA159,1=1.99
SLSTOT159=1.99
TYP160=2
DATI160=20200124062702
STATION_NR160=6111
SHF160=4612
ACC_REP_NR160=1177
OPID160=4
REF160=1179110137
SEQ160=1179110738058
SAFTDATI160=20200124062702
LCUR160=10
REPL160=2
MERCH_ID160,1=A
MERCH_NAME160,1=Discovery Filling Station Ltd
MERCH_RECEIPT_SEQ_NR160,1=611100992861
PMP160,1=5
PUMP_MODE160,1=1,1,1
NOZZLE160,1=2
NDATI160,1=20200124062605
START_DATE160,1=20200124062506
PRI160,1=1.299
BASEPRI160,1=1.299
QTY160,1=7.70
QTYUNIT160,1=2
GAMT160,1=10.00
AMT160,1=10.00
UGAMT160,1=10.00
UAMT160,1=10.00
PLU160,1=3
NAM160,1=FuelSave Dsl
GRP160,1=59
CRD160,1=425
EXTREF160,1=FuelSave Dsl
ART_MERCH_ID160,1=A
EXC160,1=10.00
INC160,1=10.00
NQUA_CHANGEABLE160,1=1114755.35
MOP160,1=1
MOP_ADDX160,1=10
ROP160,1=1
PM160,1=110
PA160,1=10.00
SLSTOT160=10.00
TYP161=2
DATI161=20200124063059
STATION_NR161=6111
SHF161=4612
ACC_REP_NR161=1177
OPID161=4
REF161=1179110138
SEQ161=1179110738059
SAFTDATI161=20200124063059
LCUR161=10
REPL161=2
MERCH_ID161,1=A
MERCH_NAME161,1=Discovery Filling Station Ltd
MERCH_RECEIPT_SEQ_NR161,1=611100992862
PMP161,1=2
PUMP_MODE161,1=1,1,1
NOZZLE161,1=2
NDATI161,1=20200124063041
START_DATE161,1=20200124063002
PRI161,1=1.299
BASEPRI161,1=1.299
QTY161,1=7.70
QTYUNIT161,1=2
GAMT161,1=10.00
AMT161,1=10.00
UGAMT161,1=10.00
UAMT161,1=10.00
PLU161,1=3
NAM161,1=FuelSave Dsl
GRP161,1=59
CRD161,1=425
EXTREF161,1=FuelSave Dsl
ART_MERCH_ID161,1=A
EXC161,1=10.00
INC161,1=10.00
NQUA_CHANGEABLE161,1=1554549.94
MOP161,1=1
MOP_ADDX161,1=10
ROP161,1=1
PM161,1=110
PA161,1=10.00
SLSTOT161=10.00
TYP162=2
DATI162=20200124063140
STATION_NR162=6111
SHF162=4612
ACC_REP_NR162=1177
OPID162=4
REF162=1179110139
SEQ162=1179110738060
SAFTDATI162=20200124063140
LCUR162=10
REPL162=2
MERCH_ID162,1=A
MERCH_NAME162,1=Discovery Filling Station Ltd
MERCH_RECEIPT_SEQ_NR162,1=611100992863
PRI162,1=1.00
UPR162,1=1.00
QTY162,1=1.00
QTYUNIT162,1=1
GAMT162,1=1.00
AMT162,1=1.00
UGAMT162,1=1.00
UAMT162,1=1.00
PLU162,1=5410438040175
NAM162,1=YAZOO CHOC
GRP162,1=CHILLED FOOD
CRD162,1=3400
ART_MERCH_ID162,1=A
EXC162,1=1.00
INC162,1=1.00
PRI162,2=1.00
UPR162,2=1.00
QTY162,2=1.00
QTYUNIT162,2=1
GAMT162,2=1.00
AMT162,2=1.00
UGAMT162,2=1.00
UAMT162,2=1.00
PLU162,2=5031390114744
NAM162,2=NEW YEAR 2020
GRP162,2=LOTTERY SRATCHC
CRD162,2=9500
ART_MERCH_ID162,2=A
EXC162,2=1.00
INC162,2=1.00
MOP162,1=1
MOP_ADDX162,1=10
ROP162,1=1
PM162,1=110
PA162,1=2.00
SLSTOT162=2.00
TYP163=2
DATI163=20200124063252
STATION_NR163=6111
SHF163=4612
ACC_REP_NR163=1177
OPID163=4
REF163=1179110140
SEQ163=1179110738061
SAFTDATI163=20200124063252
LCUR163=10
PAN163=476367*******219
MERCH_ID163,1=A
MERCH_NAME163,1=Discovery Filling Station Ltd
MERCH_RECEIPT_SEQ_NR163,1=611100992864
PRI163,1=8.70
UPR163,1=8.70
QTY163,1=2.00
QTYUNIT163,1=1
GAMT163,1=17.40
AMT163,1=17.40
UGAMT163,1=17.40
UAMT163,1=17.40
PLU163,1=5000143920628
NAM163,1=B&H SK BLUE
GRP163,1=TOBACCO
CRD163,1=4019
ART_MERCH_ID163,1=A
PRC163,1=20.00
VAMT163,1=2.90
EXC163,1=14.50
INC163,1=17.40
CPPAN163,1=476367*******219
MOP163,1=6
MOP_ADDX163,1=50
MOP_ADDY163,1=12
ROP163,1=1
PM163,1=949
PSUB163,1=12
PA163,1=17.40
SLSTOT163=17.40
TYP164=2
DATI164=20200124063505
STATION_NR164=6111
SHF164=4612
ACC_REP_NR164=1177
OPID164=4
REF164=1179110141
SEQ164=1179110738062
SAFTDATI164=20200124063505
LCUR164=10
PAN164=446292*******440
MERCH_ID164,1=A
MERCH_NAME164,1=Discovery Filling Station Ltd
MERCH_RECEIPT_SEQ_NR164,1=611100992865
PRI164,1=0.30
UPR164,1=0.30
QTY164,1=2.00
QTYUNIT164,1=1
GAMT164,1=0.60
AMT164,1=0.60
UGAMT164,1=0.60
UAMT164,1=0.60
PLU164,1=1012
NAM164,1=WHITE / BROWN ROLL
GRP164,1=SANDWICHES
CRD164,1=6000
ART_MERCH_ID164,1=A
EXC164,1=0.60
INC164,1=0.60
PRI164,2=0.75
UPR164,2=0.75
QTY164,2=2.00
QTYUNIT164,2=1
GAMT164,2=1.50
AMT164,2=1.00
UGAMT164,2=1.50
UAMT164,2=1.00
PLU164,2=7613035736047
NAM164,2=KITKAT 4FNGR
GRP164,2=CONFECTIONERY
CRD164,2=3119
PRO164,2=MMH1874
DSCT164,2=2
DNAM164,2=CHOC 2 F 1
DSC164,2=0.50
ART_MERCH_ID164,2=A
PRC164,2=20.00
VAMT164,2=0.17
EXC164,2=0.83
INC164,2=1.00
PMP164,3=4
PUMP_MODE164,3=1,1,1
NOZZLE164,3=3
NDATI164,3=20200124063210
START_DATE164,3=20200124063143
PRI164,3=1.299
BASEPRI164,3=1.299
QTY164,3=0.09
QTYUNIT164,3=2
GAMT164,3=0.12
AMT164,3=0.12
UGAMT164,3=0.12
UAMT164,3=0.12
PLU164,3=3
NAM164,3=FuelSave Dsl
GRP164,3=59
CRD164,3=425
EXTREF164,3=FuelSave Dsl
ART_MERCH_ID164,3=A
EXC164,3=0.12
INC164,3=0.12
NQUA_CHANGEABLE164,3=1501983.63
PMP164,4=4
PUMP_MODE164,4=1,1,1
NOZZLE164,4=3
NDATI164,4=20200124063308
START_DATE164,4=20200124063213
PRI164,4=1.299
BASEPRI164,4=1.299
QTY164,4=19.51
QTYUNIT164,4=2
GAMT164,4=25.34
AMT164,4=25.34
UGAMT164,4=25.34
UAMT164,4=25.34
PLU164,4=3
NAM164,4=FuelSave Dsl
GRP164,4=59
CRD164,4=425
EXTREF164,4=FuelSave Dsl
ART_MERCH_ID164,4=A
EXC164,4=25.34
INC164,4=25.34
NQUA_CHANGEABLE164,4=1502003.14
PRI164,5=9.80
UPR164,5=9.80
QTY164,5=1.00
QTYUNIT164,5=1
GAMT164,5=9.80
AMT164,5=9.80
UGAMT164,5=9.80
UAMT164,5=9.80
PLU164,5=5000143936339
NAM164,5=STERLING KS
GRP164,5=TOBACCO
CRD164,5=4019
ART_MERCH_ID164,5=A
PRC164,5=20.00
VAMT164,5=1.63
EXC164,5=8.17
INC164,5=9.80
CPPAN164,1=446292*******440
MOP164,1=6
MOP_ADDX164,1=50
MOP_ADDY164,1=12
ROP164,1=1
PM164,1=949
PSUB164,1=12
PA164,1=36.86
SLSTOT164=36.86
TYP165=2
DATI165=20200124063638
STATION_NR165=6111
SHF165=4612
ACC_REP_NR165=1177
OPID165=4
REF165=1179110142
SEQ165=1179110738063
SAFTDATI165=20200124063638
LCUR165=10
PAN165=475117*******308
MERCH_ID165,1=A
MERCH_NAME165,1=Discovery Filling Station Ltd
MERCH_RECEIPT_SEQ_NR165,1=611100992866
PRI165,1=1.59
UPR165,1=1.59
QTY165,1=1.00
QTYUNIT165,1=1
GAMT165,1=1.59
AMT165,1=1.59
UGAMT165,1=1.59
UAMT165,1=1.59
PLU165,1=9002490239565
NAM165,1=RED BULL
GRP165,1=DRINKS
CRD165,1=3119
ART_MERCH_ID165,1=A
PRC165,1=20.00
VAMT165,1=0.26
EXC165,1=1.33
INC165,1=1.59
PRI165,2=1.85
UPR165,2=1.85
QTY165,2=1.00
QTYUNIT165,2=1
GAMT165,2=1.85
AMT165,2=1.85
UGAMT165,2=1.85
UAMT165,2=1.85
PLU165,2=490411
NAM165,2=CLARKS STEAK & GRAVY
GRP165,2=CHILLED FOOD
CRD165,2=3400
ART_MERCH_ID165,2=A
EXC165,2=1.85
INC165,2=1.85
PRI165,3=0.39
UPR165,3=0.39
QTY165,3=1.00
QTYUNIT165,3=1
GAMT165,3=0.39
AMT165,3=0.39
UGAMT165,3=0.39
UAMT165,3=0.39
PLU165,3=5000237113967
NAM165,3=DISCOS S&V
GRP165,3=CRISPS
CRD165,3=3219
ART_MERCH_ID165,3=A
EXC165,3=0.39
INC165,3=0.39
PRI165,4=0.59
UPR165,4=0.59
QTY165,4=1.00
QTYUNIT165,4=1
GAMT165,4=0.59
AMT165,4=0.59
UGAMT165,4=0.59
UAMT165,4=0.59
PLU165,4=5000328141114
NAM165,4=QUAVERS PM59
GRP165,4=CRISPS
CRD165,4=3219
ART_MERCH_ID165,4=A
PRC165,4=20.00
VAMT165,4=0.10
EXC165,4=0.49
INC165,4=0.59
PRI165,5=9.80
UPR165,5=9.80
QTY165,5=1.00
QTYUNIT165,5=1
GAMT165,5=9.80
AMT165,5=9.80
UGAMT165,5=9.80
UAMT165,5=9.80
PLU165,5=5000143936339
NAM165,5=STERLING KS
GRP165,5=TOBACCO
CRD165,5=4019
ART_MERCH_ID165,5=A
PRC165,5=20.00
VAMT165,5=1.63
EXC165,5=8.17
INC165,5=9.80
CPPAN165,1=475117*******308
MOP165,1=6
MOP_ADDX165,1=50
MOP_ADDY165,1=12
ROP165,1=1
PM165,1=949
PSUB165,1=12
PA165,1=14.22
SLSTOT165=14.22
TYP166=2
DATI166=20200124063811
STATION_NR166=6111
SHF166=4612
ACC_REP_NR166=1177
OPID166=4
REF166=1179110143
SEQ166=1179110738064
SAFTDATI166=20200124063811
LCUR166=10
PAN166=476223*******338
MERCH_ID166,1=A
MERCH_NAME166,1=Discovery Filling Station Ltd
MERCH_RECEIPT_SEQ_NR166,1=611100992867
PRI166,1=10.45
UPR166,1=10.45
QTY166,1=1.00
QTYUNIT166,1=1
GAMT166,1=10.45
AMT166,1=10.45
UGAMT166,1=10.45
UAMT166,1=10.45
PLU166,1=5000431026117
NAM166,1=RICHMOND KS UNPRICED
GRP166,1=TOBACCO
CRD166,1=4019
ART_MERCH_ID166,1=A
PRC166,1=20.00
VAMT166,1=1.74
EXC166,1=8.71
INC166,1=10.45
CPPAN166,1=476223*******338
MOP166,1=6
MOP_ADDX166,1=50
MOP_ADDY166,1=12
ROP166,1=1
PM166,1=949
PSUB166,1=12
PA166,1=10.45
SLSTOT166=10.45
TYP167=2
DATI167=20200124064123
STATION_NR167=6111
SHF167=4612
ACC_REP_NR167=1177
OPID167=4
REF167=1179110144
SEQ167=1179110738065
SAFTDATI167=20200124064123
LCUR167=10
REPL167=2
MERCH_ID167,1=A
MERCH_NAME167,1=Discovery Filling Station Ltd
MERCH_RECEIPT_SEQ_NR167,1=611100992868
PRI167,1=0.60
UPR167,1=0.60
QTY167,1=1.00
QTYUNIT167,1=1
GAMT167,1=0.60
AMT167,1=0.60
UGAMT167,1=0.60
UAMT167,1=0.60
PLU167,1=5449000034335
NAM167,1=SMART WATER 600ML
GRP167,1=DRINKS
CRD167,1=3119
ART_MERCH_ID167,1=A
PRC167,1=20.00
VAMT167,1=0.10
EXC167,1=0.50
INC167,1=0.60
PRI167,2=0.60
UPR167,2=0.60
QTY167,2=1.00
QTYUNIT167,2=1
GAMT167,2=0.60
AMT167,2=0.60
UGAMT167,2=0.60
UAMT167,2=0.60
PLU167,2=7622210442154
NAM167,2=BELV STRAWBE
GRP167,2=GROCERY ZERO
CRD167,2=3100
ART_MERCH_ID167,2=A
EXC167,2=0.60
INC167,2=0.60
MOP167,1=1
MOP_ADDX167,1=10
ROP167,1=1
PM167,1=110
PA167,1=20.00
MOP167,2=1
MOP_ADDX167,2=10
ROP167,2=2
PM167,2=5110
PA167,2=-18.80
SLSTOT167=1.20
TYP168=2
DATI168=20200124064222
STATION_NR168=6111
SHF168=4612
ACC_REP_NR168=1177
OPID168=4
REF168=1179110145
SEQ168=1179110738066
SAFTDATI168=20200124064222
LCUR168=10
REPL168=2
MERCH_ID168,1=A
MERCH_NAME168,1=Discovery Filling Station Ltd
MERCH_RECEIPT_SEQ_NR168,1=611100992869
PRI168,1=2.70
UPR168,1=2.70
QTY168,1=1.00
QTYUNIT168,1=1
GAMT168,1=2.70
AMT168,1=2.70
UGAMT168,1=2.70
UAMT168,1=2.70
PLU168,1=1009
NAM168,1=LARGE 16OZ HOT DRINK
GRP168,1=DRINKS PROMO
CRD168,1=6000
ART_MERCH_ID168,1=A
PRC168,1=20.00
VAMT168,1=0.45
EXC168,1=2.25
INC168,1=2.70
MOP168,1=1
MOP_ADDX168,1=10
ROP168,1=1
PM168,1=110
PA168,1=2.70
SLSTOT168=2.70
TYP169=2
DATI169=20200124064456
STATION_NR169=6111
SHF169=4612
ACC_REP_NR169=1177
OPID169=4
REF169=1179110146
SEQ169=1179110738067
SAFTDATI169=20200124064456
LCUR169=10
REPL169=2
MERCH_ID169,1=A
MERCH_NAME169,1=Discovery Filling Station Ltd
MERCH_RECEIPT_SEQ_NR169,1=611100992870
PMP169,1=2
PUMP_MODE169,1=1,1,1
NOZZLE169,1=2
NDATI169,1=20200124064414
START_DATE169,1=20200124064326
PRI169,1=1.299
BASEPRI169,1=1.299
QTY169,1=15.40
QTYUNIT169,1=2
GAMT169,1=20.00
AMT169,1=20.00
UGAMT169,1=20.00
UAMT169,1=20.00
PLU169,1=3
NAM169,1=FuelSave Dsl
GRP169,1=59
CRD169,1=425
EXTREF169,1=FuelSave Dsl
ART_MERCH_ID169,1=A
EXC169,1=20.00
INC169,1=20.00
NQUA_CHANGEABLE169,1=1554565.34
PRI169,2=1.00
UPR169,2=1.00
QTY169,2=1.00
QTYUNIT169,2=1
GAMT169,2=1.00
AMT169,2=1.00
UGAMT169,2=1.00
UAMT169,2=1.00
PLU169,2=7622300737900
NAM169,2=CDM CARAMEL
GRP169,2=CONFECTIONERY
CRD169,2=3119
ART_MERCH_ID169,2=A
PRC169,2=20.00
VAMT169,2=0.17
EXC169,2=0.83
INC169,2=1.00
MOP169,1=1
MOP_ADDX169,1=10
ROP169,1=1
PM169,1=110
PA169,1=21.00
SLSTOT169=21.00
TYP170=2
DATI170=20200124064505
STATION_NR170=6111
SHF170=4612
ACC_REP_NR170=1177
OPID170=4
REF170=1179110147
SEQ170=1179110738068
SAFTDATI170=20200124064505
LCUR170=10
REPL170=2
MERCH_ID170,1=A
MERCH_NAME170,1=Discovery Filling Station Ltd
MERCH_RECEIPT_SEQ_NR170,1=611100992871
PRI170,1=0.79
UPR170,1=0.79
QTY170,1=1.00
QTYUNIT170,1=1
GAMT170,1=0.79
AMT170,1=0.79
UGAMT170,1=0.79
UAMT170,1=0.79
PLU170,1=5020379150071
NAM170,1=ES WHOLEMILK
GRP170,1=CHILLED FOOD
CRD170,1=3400
ART_MERCH_ID170,1=A
EXC170,1=0.79
INC170,1=0.79
MOP170,1=1
MOP_ADDX170,1=10
ROP170,1=1
PM170,1=110
PA170,1=0.79
SLSTOT170=0.79
TYP171=21
SPEC_TYPE171=13
DATI171=20200124064513
STATION_NR171=6111
SHF171=4612
OPID171=4
SPEC_ADDD171=Open cash drawer
TYP172=2
DATI172=20200124064717
STATION_NR172=6111
SHF172=4612
ACC_REP_NR172=1177
OPID172=4
REF172=1179110148
SEQ172=1179110738069
SAFTDATI172=20200124064717
LCUR172=10
REPL172=2
MERCH_ID172,1=A
MERCH_NAME172,1=Discovery Filling Station Ltd
MERCH_RECEIPT_SEQ_NR172,1=611100992872
PRI172,1=2.39
UPR172,1=2.39
QTY172,1=1.00
QTYUNIT172,1=1
GAMT172,1=2.39
AMT172,1=1.91
UGAMT172,1=2.39
UAMT172,1=1.91
PLU172,1=4060800174628
NAM172,1=PEPSI
GRP172,1=DRINKS
CRD172,1=3119
DSCT172,1=8
DNAM172,1=Discount on total
DSC172,1=0.48
ART_MERCH_ID172,1=A
PRC172,1=20.00
VAMT172,1=0.32
EXC172,1=1.59
INC172,1=1.91
MOP172,1=1
MOP_ADDX172,1=10
ROP172,1=1
PM172,1=110
PA172,1=2.00
MOP172,2=1
MOP_ADDX172,2=10
ROP172,2=2
PM172,2=5110
PA172,2=-0.09
SLSTOT172=1.91
TYP173=2
DATI173=20200124065027
STATION_NR173=6111
SHF173=4612
ACC_REP_NR173=1177
OPID173=4
REF173=1179110149
SEQ173=1179110738070
SAFTDATI173=20200124065027
LCUR173=10
REPL173=2
MOP173,1=1
MOP_ADDX173,1=10
ROP173,1=5
PM173,1=2510
PA173,1=-1280.00
TYP174=2
DATI174=20200124065101
STATION_NR174=6111
SHF174=4612
ACC_REP_NR174=1177
OPID174=4
REF174=1179110150
SEQ174=1179110738071
SAFTDATI174=20200124065101
LCUR174=10
REPL174=2
MERCH_ID174,1=A
MERCH_NAME174,1=Discovery Filling Station Ltd
MERCH_RECEIPT_SEQ_NR174,1=611100992873
PRI174,1=1.00
UPR174,1=1.00
QTY174,1=1.00
QTYUNIT174,1=1
GAMT174,1=1.00
AMT174,1=1.00
UGAMT174,1=1.00
UAMT174,1=1.00
PLU174,1=5020379133401
NAM174,1=ES ENERGY
GRP174,1=DRINKS
CRD174,1=3119
ART_MERCH_ID174,1=A
PRC174,1=20.00
VAMT174,1=0.17
EXC174,1=0.83
INC174,1=1.00
MOP174,1=1
MOP_ADDX174,1=10
ROP174,1=1
PM174,1=110
PA174,1=1.00
SLSTOT174=1.00
TYP175=2
DATI175=20200124065113
STATION_NR175=6111
SHF175=4612
ACC_REP_NR175=1177
OPID175=4
REF175=1179110151
SEQ175=1179110738072
SAFTDATI175=20200124065113
LCUR175=10
REPL175=2
MERCH_ID175,1=A
MERCH_NAME175,1=Discovery Filling Station Ltd
MERCH_RECEIPT_SEQ_NR175,1=611100992874
PRI175,1=0.50
UPR175,1=0.50
QTY175,1=1.00
QTYUNIT175,1=1
GAMT175,1=0.50
AMT175,1=0.50
UGAMT175,1=0.50
UAMT175,1=0.50
PLU175,1=5020379106658
NAM175,1=ES TROP BRRY
GRP175,1=DRINKS
CRD175,1=3119
ART_MERCH_ID175,1=A
PRC175,1=20.00
VAMT175,1=0.08
EXC175,1=0.42
INC175,1=0.50
PRI175,2=2.40
UPR175,2=2.40
QTY175,2=1.00
QTYUNIT175,2=1
GAMT175,2=2.40
AMT175,2=2.40
UGAMT175,2=2.40
UAMT175,2=2.40
PLU175,2=1010
NAM175,2=REGULAR 12OZ HOT DRI
GRP175,2=DRINKS PROMO
CRD175,2=6000
ART_MERCH_ID175,2=A
PRC175,2=20.00
VAMT175,2=0.40
EXC175,2=2.00
INC175,2=2.40
MOP175,1=1
MOP_ADDX175,1=10
ROP175,1=1
PM175,1=110
PA175,1=2.90
SLSTOT175=2.90
TYP176=2
DATI176=20200124065156
STATION_NR176=6111
SHF176=4612
ACC_REP_NR176=1177
OPID176=4
REF176=1179110152
SEQ176=1179110738073
SAFTDATI176=20200124065156
LCUR176=10
REPL176=2
MERCH_ID176,1=A
MERCH_NAME176,1=Discovery Filling Station Ltd
MERCH_RECEIPT_SEQ_NR176,1=611100992875
PRI176,1=1.05
UPR176,1=1.05
QTY176,1=1.00
QTYUNIT176,1=1
GAMT176,1=1.05
AMT176,1=1.05
UGAMT176,1=1.05
UAMT176,1=1.05
PLU176,1=3057640136993
NAM176,1=VOLVIC SPORTS CAP
GRP176,1=DRINKS
CRD176,1=3119
ART_MERCH_ID176,1=A
PRC176,1=20.00
VAMT176,1=0.17
EXC176,1=0.88
INC176,1=1.05
PRI176,2=2.40
UPR176,2=2.40
QTY176,2=1.00
QTYUNIT176,2=1
GAMT176,2=2.40
AMT176,2=2.40
UGAMT176,2=2.40
UAMT176,2=2.40
PLU176,2=1010
NAM176,2=REGULAR 12OZ HOT DRI
GRP176,2=DRINKS PROMO
CRD176,2=6000
ART_MERCH_ID176,2=A
PRC176,2=20.00
VAMT176,2=0.40
EXC176,2=2.00
INC176,2=2.40
MOP176,1=1
MOP_ADDX176,1=10
ROP176,1=1
PM176,1=110
PA176,1=3.45
SLSTOT176=3.45
TYP177=2
DATI177=20200124065205
STATION_NR177=6111
SHF177=4612
ACC_REP_NR177=1177
OPID177=4
REF177=1179110153
SEQ177=1179110738074
SAFTDATI177=20200124065205
LCUR177=10
REPL177=2
MERCH_ID177,1=A
MERCH_NAME177,1=Discovery Filling Station Ltd
MERCH_RECEIPT_SEQ_NR177,1=611100992876
PMP177,1=4
PUMP_MODE177,1=1,1,1
NOZZLE177,1=3
NDATI177,1=20200124065119
START_DATE177,1=20200124065029
PRI177,1=1.299
BASEPRI177,1=1.299
QTY177,1=11.55
QTYUNIT177,1=2
GAMT177,1=15.00
AMT177,1=15.00
UGAMT177,1=15.00
UAMT177,1=15.00
PLU177,1=3
NAM177,1=FuelSave Dsl
GRP177,1=59
CRD177,1=425
EXTREF177,1=FuelSave Dsl
ART_MERCH_ID177,1=A
EXC177,1=15.00
INC177,1=15.00
NQUA_CHANGEABLE177,1=1502014.69
MOP177,1=1
MOP_ADDX177,1=10
ROP177,1=1
PM177,1=110
PA177,1=15.00
SLSTOT177=15.00
TYP178=2
DATI178=20200124065353
STATION_NR178=6111
SHF178=4612
ACC_REP_NR178=1177
OPID178=4
REF178=1179110154
SEQ178=1179110738075
SAFTDATI178=20200124065353
LCUR178=10
PAN178=476220*******213
MERCH_ID178,1=A
MERCH_NAME178,1=Discovery Filling Station Ltd
MERCH_RECEIPT_SEQ_NR178,1=611100992877
PRI178,1=1.29
UPR178,1=1.29
QTY178,1=1.00
QTYUNIT178,1=1
GAMT178,1=1.29
AMT178,1=1.29
UGAMT178,1=1.29
UAMT178,1=1.29
PLU178,1=5060122034401
NAM178,1=MARS DRINK 350ML
GRP178,1=CHILLED FOOD
CRD178,1=3400
ART_MERCH_ID178,1=A
EXC178,1=1.29
INC178,1=1.29
PMP178,2=5
PUMP_MODE178,2=1,1,1
NOZZLE178,2=1
NDATI178,2=20200124065320
START_DATE178,2=20200124065225
PRI178,2=1.249
BASEPRI178,2=1.249
QTY178,2=16.01
QTYUNIT178,2=2
GAMT178,2=20.00
AMT178,2=20.00
UGAMT178,2=20.00
UAMT178,2=20.00
PLU178,2=6
NAM178,2=FuelSave Unl
GRP178,2=59
CRD178,2=325
EXTREF178,2=FuelSave Unl
ART_MERCH_ID178,2=A
EXC178,2=20.00
INC178,2=20.00
NQUA_CHANGEABLE178,2=1061910.43
CPPAN178,1=476220*******213
MOP178,1=6
MOP_ADDX178,1=50
MOP_ADDY178,1=12
ROP178,1=1
PM178,1=949
PSUB178,1=12
PA178,1=21.29
SLSTOT178=21.29
TYP179=2
DATI179=20200124065421
STATION_NR179=6111
SHF179=4612
ACC_REP_NR179=1177
OPID179=4
REF179=1179110155
SEQ179=1179110738076
SAFTDATI179=20200124065421
LCUR179=10
PAN179=475117*******087
MERCH_ID179,1=A
MERCH_NAME179,1=Discovery Filling Station Ltd
MERCH_RECEIPT_SEQ_NR179,1=611100992878
PRI179,1=1.89
UPR179,1=1.89
QTY179,1=1.00
QTYUNIT179,1=1
GAMT179,1=1.89
AMT179,1=1.89
UGAMT179,1=1.89
UAMT179,1=1.89
PLU179,1=5055109260430
NAM179,1=CLARKS STANDARD FILL
GRP179,1=SANDWICHES
CRD179,1=6000
ART_MERCH_ID179,1=A
EXC179,1=1.89
INC179,1=1.89
PRI179,2=1.25
UPR179,2=1.25
QTY179,2=2.00
QTYUNIT179,2=1
GAMT179,2=2.50
AMT179,2=2.50
UGAMT179,2=2.50
UAMT179,2=2.50
PLU179,2=90433870
NAM179,2=RED BULL
GRP179,2=DRINKS
CRD179,2=3119
ART_MERCH_ID179,2=A
PRC179,2=20.00
VAMT179,2=0.42
EXC179,2=2.08
INC179,2=2.50
CPPAN179,1=475117*******087
MOP179,1=6
MOP_ADDX179,1=50
MOP_ADDY179,1=12
ROP179,1=1
PM179,1=949
PSUB179,1=12
PA179,1=4.39
SLSTOT179=4.39
TYP180=1
DATI180=20200124065731
STATION_NR180=6111
SHF180=2727
REF180=1179120000
OPID180=5
TYP181=2
DATI181=20200124065807
STATION_NR181=6111
SHF181=2727
ACC_REP_NR181=1177
OPID181=5
REF181=1179120001
SEQ181=1179120274827
SAFTDATI181=20200124065807
LCUR181=10
REPL181=2
MERCH_ID181,1=A
MERCH_NAME181,1=Discovery Filling Station Ltd
MERCH_RECEIPT_SEQ_NR181,1=611100992879
PMP181,1=4
PUMP_MODE181,1=1,1,1
NOZZLE181,1=3
NDATI181,1=20200124065723
START_DATE181,1=20200124065605
PRI181,1=1.299
BASEPRI181,1=1.299
QTY181,1=15.40
QTYUNIT181,1=2
GAMT181,1=20.00
AMT181,1=20.00
UGAMT181,1=20.00
UAMT181,1=20.00
PLU181,1=3
NAM181,1=FuelSave Dsl
GRP181,1=59
CRD181,1=425
EXTREF181,1=FuelSave Dsl
ART_MERCH_ID181,1=A
EXC181,1=20.00
INC181,1=20.00
NQUA_CHANGEABLE181,1=1502030.09
MOP181,1=1
MOP_ADDX181,1=10
ROP181,1=1
PM181,1=110
PA181,1=20.00
SLSTOT181=20.00
TYP182=2
DATI182=20200124065859
STATION_NR182=6111
SHF182=4612
ACC_REP_NR182=1177
OPID182=4
REF182=1179110156
SEQ182=1179110738077
SAFTDATI182=20200124065859
LCUR182=10
REPL182=2
MOP182,1=1
MOP_ADDX182,1=10
ROP182,1=5
PM182,1=2510
PA182,1=-60.00
TYP183=2
DATI183=20200124065901
STATION_NR183=6111
SHF183=2727
ACC_REP_NR183=1177
OPID183=5
REF183=1179120002
SEQ183=1179120274828
SAFTDATI183=20200124065901
LCUR183=10
PAN183=476223*******420
MERCH_ID183,1=A
MERCH_NAME183,1=Discovery Filling Station Ltd
MERCH_RECEIPT_SEQ_NR183,1=611100992880
PRI183,1=0.79
UPR183,1=0.79
QTY183,1=1.00
QTYUNIT183,1=1
GAMT183,1=0.79
AMT183,1=0.79
UGAMT183,1=0.79
UAMT183,1=0.79
PLU183,1=5000112630633
NAM183,1=COCA COLA
GRP183,1=DRINKS
CRD183,1=3119
ART_MERCH_ID183,1=A
PRC183,1=20.00
VAMT183,1=0.13
EXC183,1=0.66
INC183,1=0.79
PMP183,2=6
PUMP_MODE183,2=1,1,1
NOZZLE183,2=1
NDATI183,2=20200124065813
START_DATE183,2=20200124065743
PRI183,2=1.249
BASEPRI183,2=1.249
QTY183,2=8.03
QTYUNIT183,2=2
GAMT183,2=10.03
AMT183,2=10.03
UGAMT183,2=10.03
UAMT183,2=10.03
PLU183,2=6
NAM183,2=FuelSave Unl
GRP183,2=59
CRD183,2=325
EXTREF183,2=FuelSave Unl
ART_MERCH_ID183,2=A
EXC183,2=10.03
INC183,2=10.03
NQUA_CHANGEABLE183,2=369493.02
CPPAN183,1=476223*******420
MOP183,1=6
MOP_ADDX183,1=50
MOP_ADDY183,1=12
ROP183,1=1
PM183,1=949
PSUB183,1=12
PA183,1=10.82
SLSTOT183=10.82
TYP184=3
DATI184=20200124065916
STATION_NR184=6111
SHF184=4612
REF184=1179110000
OPID184=4
POSDISCONNECTED184=NO
TYP185=20
DATI185=20200124065936
STATION_NR185=6111
SHF185=4612
REF185=1179110000
OPID185=4
SHF_CURL185,10=2.20
TYP186=2
DATI186=20200124070151
STATION_NR186=6111
SHF186=2727
ACC_REP_NR186=1177
OPID186=5
REF186=1179120003
SEQ186=1179120274829
SAFTDATI186=20200124070151
LCUR186=10
PAN186=447810*******722
MERCH_ID186,1=A
MERCH_NAME186,1=Discovery Filling Station Ltd
MERCH_RECEIPT_SEQ_NR186,1=611100992881
PMP186,1=3
PUMP_MODE186,1=1,1,1
NOZZLE186,1=1
NDATI186,1=20200124070128
START_DATE186,1=20200124070059
PRI186,1=1.249
BASEPRI186,1=1.249
QTY186,1=8.01
QTYUNIT186,1=2
GAMT186,1=10.00
AMT186,1=10.00
UGAMT186,1=10.00
UAMT186,1=10.00
PLU186,1=6
NAM186,1=FuelSave Unl
GRP186,1=59
CRD186,1=325
EXTREF186,1=FuelSave Unl
ART_MERCH_ID186,1=A
EXC186,1=10.00
INC186,1=10.00
NQUA_CHANGEABLE186,1=1194070.35
CPPAN186,1=447810*******722
MOP186,1=6
MOP_ADDX186,1=50
MOP_ADDY186,1=13
ROP186,1=1
PM186,1=949
PSUB186,1=13
PA186,1=10.00
SLSTOT186=10.00
TYP187=21
SPEC_TYPE187=13
DATI187=20200124070314
STATION_NR187=6111
SHF187=2727
OPID187=5
SPEC_ADDD187=Open cash drawer
TYP188=2
DATI188=20200124070515
STATION_NR188=6111
SHF188=2727
ACC_REP_NR188=1177
OPID188=5
REF188=1179120004
SEQ188=1179120274830
SAFTDATI188=20200124070515
LCUR188=10
PAN188=700205*******645425
MERCH_ID188,1=A
MERCH_NAME188,1=Discovery Filling Station Ltd
MERCH_RECEIPT_SEQ_NR188,1=611100992882
PMP188,1=6
PUMP_MODE188,1=1,1,1
NOZZLE188,1=2
NDATI188,1=20200124070424
START_DATE188,1=20200124070201
PRI188,1=1.299
BASEPRI188,1=1.299
QTY188,1=49.23
QTYUNIT188,1=2
GAMT188,1=63.95
AMT188,1=63.95
UGAMT188,1=63.95
UAMT188,1=63.95
PLU188,1=3
NAM188,1=FuelSave Dsl
GRP188,1=59
CRD188,1=425
EXTREF188,1=FuelSave Dsl
ART_MERCH_ID188,1=A
EXC188,1=63.95
INC188,1=63.95
NQUA_CHANGEABLE188,1=1186223.79
CPPAN188,1=700205*******645425
MOP188,1=6
MOP_ADDX188,1=50
MOP_ADDY188,1=1
ROP188,1=1
PM188,1=949
PSUB188,1=1
PA188,1=63.95
SLSTOT188=63.95
TYP189=2
DATI189=20200124070822
STATION_NR189=6111
SHF189=2727
ACC_REP_NR189=1177
OPID189=5
REF189=1179120005
SEQ189=1179120274831
SAFTDATI189=20200124070822
LCUR189=10
REPL189=2
MERCH_ID189,1=A
MERCH_NAME189,1=Discovery Filling Station Ltd
MERCH_RECEIPT_SEQ_NR189,1=611100992883
PRI189,1=1.59
UPR189,1=1.59
QTY189,1=1.00
QTYUNIT189,1=1
GAMT189,1=1.59
AMT189,1=1.59
UGAMT189,1=1.59
UAMT189,1=1.59
PLU189,1=9002490239565
NAM189,1=RED BULL
GRP189,1=DRINKS
CRD189,1=3119
ART_MERCH_ID189,1=A
PRC189,1=20.00
VAMT189,1=0.26
EXC189,1=1.33
INC189,1=1.59
MOP189,1=1
MOP_ADDX189,1=10
ROP189,1=1
PM189,1=110
PA189,1=1.59
SLSTOT189=1.59
TYP190=2
DATI190=20200124070907
STATION_NR190=6111
SHF190=2727
ACC_REP_NR190=1177
OPID190=5
REF190=1179120006
SEQ190=1179120274832
SAFTDATI190=20200124070907
LCUR190=10
REPL190=2
MERCH_ID190,1=A
MERCH_NAME190,1=Discovery Filling Station Ltd
MERCH_RECEIPT_SEQ_NR190,1=611100992884
PRI190,1=1.59
UPR190,1=1.59
QTY190,1=1.00
QTYUNIT190,1=1
GAMT190,1=1.59
AMT190,1=1.59
UGAMT190,1=1.59
UAMT190,1=1.59
PLU190,1=9002490239565
NAM190,1=RED BULL
GRP190,1=DRINKS
CRD190,1=3119
ART_MERCH_ID190,1=A
PRC190,1=20.00
VAMT190,1=0.26
EXC190,1=1.33
INC190,1=1.59
PRI190,2=1.00
UPR190,2=1.00
QTY190,2=1.00
QTYUNIT190,2=1
GAMT190,2=1.00
AMT190,2=1.00
UGAMT190,2=1.00
UAMT190,2=1.00
PLU190,2=5000112599732
NAM190,2=OASIS S/F
GRP190,2=DRINKS
CRD190,2=3119
ART_MERCH_ID190,2=A
PRC190,2=20.00
VAMT190,2=0.17
EXC190,2=0.83
INC190,2=1.00
PRI190,3=0.80
UPR190,3=0.80
QTY190,3=1.00
QTYUNIT190,3=1
GAMT190,3=0.80
AMT190,3=0.80
UGAMT190,3=0.80
UAMT190,3=0.80
PLU190,3=7622300743659
NAM190,3=CADBURY DAIRY MILK F
GRP190,3=CONFECTIONERY
CRD190,3=3119
ART_MERCH_ID190,3=A
PRC190,3=20.00
VAMT190,3=0.13
EXC190,3=0.67
INC190,3=0.80
MOP190,1=1
MOP_ADDX190,1=10
ROP190,1=1
PM190,1=110
PA190,1=3.39
SLSTOT190=3.39
TYP191=2
DATI191=20200124071001
STATION_NR191=6111
SHF191=2727
ACC_REP_NR191=1177
OPID191=5
REF191=1179120007
SEQ191=1179120274833
SAFTDATI191=20200124071001
LCUR191=10
REPL191=2
MERCH_ID191,1=A
MERCH_NAME191,1=Discovery Filling Station Ltd
MERCH_RECEIPT_SEQ_NR191,1=611100992885
PMP191,1=3
PUMP_MODE191,1=1,1,1
NOZZLE191,1=1
NDATI191,1=20200124070929
START_DATE191,1=20200124070902
PRI191,1=1.249
BASEPRI191,1=1.249
QTY191,1=8.01
QTYUNIT191,1=2
GAMT191,1=10.00
AMT191,1=10.00
UGAMT191,1=10.00
UAMT191,1=10.00
PLU191,1=6
NAM191,1=FuelSave Unl
GRP191,1=59
CRD191,1=325
EXTREF191,1=FuelSave Unl
ART_MERCH_ID191,1=A
EXC191,1=10.00
INC191,1=10.00
NQUA_CHANGEABLE191,1=1194078.36
MOP191,1=1
MOP_ADDX191,1=10
ROP191,1=1
PM191,1=110
PA191,1=10.00
SLSTOT191=10.00
TYP192=2
DATI192=20200124071145
STATION_NR192=6111
SHF192=2727
ACC_REP_NR192=1177
OPID192=5
REF192=1179120008
SEQ192=1179120274834
SAFTDATI192=20200124071145
LCUR192=10
PAN192=475117*******742
MERCH_ID192,1=A
MERCH_NAME192,1=Discovery Filling Station Ltd
MERCH_RECEIPT_SEQ_NR192,1=611100992886
PMP192,1=2
PUMP_MODE192,1=1,1,1
NOZZLE192,1=2
NDATI192,1=20200124071059
START_DATE192,1=20200124070953
PRI192,1=1.299
BASEPRI192,1=1.299
QTY192,1=23.11
QTYUNIT192,1=2
GAMT192,1=30.02
AMT192,1=30.02
UGAMT192,1=30.02
UAMT192,1=30.02
PLU192,1=3
NAM192,1=FuelSave Dsl
GRP192,1=59
CRD192,1=425
EXTREF192,1=FuelSave Dsl
ART_MERCH_ID192,1=A
EXC192,1=30.02
INC192,1=30.02
NQUA_CHANGEABLE192,1=1554588.45
CPPAN192,1=475117*******742
MOP192,1=6
MOP_ADDX192,1=50
MOP_ADDY192,1=12
ROP192,1=1
PM192,1=949
PSUB192,1=12
PA192,1=30.02
SLSTOT192=30.02
TYP193=2
DATI193=20200124071232
STATION_NR193=6111
SHF193=2727
ACC_REP_NR193=1177
OPID193=5
REF193=1179120009
SEQ193=1179120274835
SAFTDATI193=20200124071232
LCUR193=10
REPL193=2
MERCH_ID193,1=A
MERCH_NAME193,1=Discovery Filling Station Ltd
MERCH_RECEIPT_SEQ_NR193,1=611100992887
PMP193,1=1
PUMP_MODE193,1=1,1,1
NOZZLE193,1=1
NDATI193,1=20200124071140
START_DATE193,1=20200124071047
PRI193,1=1.249
BASEPRI193,1=1.249
QTY193,1=20.02
QTYUNIT193,1=2
GAMT193,1=25.00
AMT193,1=25.00
UGAMT193,1=25.00
UAMT193,1=25.00
PLU193,1=6
NAM193,1=FuelSave Unl
GRP193,1=59
CRD193,1=325
EXTREF193,1=FuelSave Unl
ART_MERCH_ID193,1=A
EXC193,1=25.00
INC193,1=25.00
NQUA_CHANGEABLE193,1=662124.29
PRI193,2=1.00
UPR193,2=1.00
QTY193,2=1.00
QTYUNIT193,2=1
GAMT193,2=1.00
AMT193,2=1.00
UGAMT193,2=1.00
UAMT193,2=1.00
PLU193,2=7622210817280
NAM193,2=PICNIC PM
GRP193,2=CONFECTIONERY
CRD193,2=3119
ART_MERCH_ID193,2=A
PRC193,2=20.00
VAMT193,2=0.17
EXC193,2=0.83
INC193,2=1.00
MOP193,1=1
MOP_ADDX193,1=10
ROP193,1=1
PM193,1=110
PA193,1=26.00
SLSTOT193=26.00
TYP194=2
DATI194=20200124071440
STATION_NR194=6111
SHF194=2727
ACC_REP_NR194=1177
OPID194=5
REF194=1179120010
SEQ194=1179120274836
SAFTDATI194=20200124071440
LCUR194=10
PAN194=700205*******645433
MERCH_ID194,1=A
MERCH_NAME194,1=Discovery Filling Station Ltd
MERCH_RECEIPT_SEQ_NR194,1=611100992888
PMP194,1=4
PUMP_MODE194,1=1,1,1
NOZZLE194,1=3
NDATI194,1=20200124071414
START_DATE194,1=20200124071231
PRI194,1=1.299
BASEPRI194,1=1.299
QTY194,1=51.24
QTYUNIT194,1=2
GAMT194,1=66.56
AMT194,1=66.56
UGAMT194,1=66.56
UAMT194,1=66.56
PLU194,1=3
NAM194,1=FuelSave Dsl
GRP194,1=59
CRD194,1=425
EXTREF194,1=FuelSave Dsl
ART_MERCH_ID194,1=A
EXC194,1=66.56
INC194,1=66.56
NQUA_CHANGEABLE194,1=1502081.33
CPPAN194,1=700205*******645433
MOP194,1=6
MOP_ADDX194,1=50
MOP_ADDY194,1=1
ROP194,1=1
PM194,1=949
PSUB194,1=1
PA194,1=66.56
SLSTOT194=66.56
TYP195=2
DATI195=20200124071602
STATION_NR195=6111
SHF195=2727
ACC_REP_NR195=1177
OPID195=5
REF195=1179120011
SEQ195=1179120274837
SAFTDATI195=20200124071602
LCUR195=10
PAN195=700205*******126029
MERCH_ID195,1=A
MERCH_NAME195,1=Discovery Filling Station Ltd
MERCH_RECEIPT_SEQ_NR195,1=611100992889
PMP195,1=5
PUMP_MODE195,1=1,1,1
NOZZLE195,1=2
NDATI195,1=20200124071538
START_DATE195,1=20200124071324
PRI195,1=1.299
BASEPRI195,1=1.299
QTY195,1=49.66
QTYUNIT195,1=2
GAMT195,1=64.51
AMT195,1=64.51
UGAMT195,1=64.51
UAMT195,1=64.51
PLU195,1=3
NAM195,1=FuelSave Dsl
GRP195,1=59
CRD195,1=425
EXTREF195,1=FuelSave Dsl
ART_MERCH_ID195,1=A
EXC195,1=64.51
INC195,1=64.51
NQUA_CHANGEABLE195,1=1114805.01
CPPAN195,1=700205*******126029
MOP195,1=6
MOP_ADDX195,1=50
MOP_ADDY195,1=1
ROP195,1=1
PM195,1=949
PSUB195,1=1
PA195,1=64.51
SLSTOT195=64.51
TYP196=2
DATI196=20200124071651
STATION_NR196=6111
SHF196=2727
ACC_REP_NR196=1177
OPID196=5
REF196=1179120012
SEQ196=1179120274838
SAFTDATI196=20200124071651
LCUR196=10
REPL196=2
MERCH_ID196,1=A
MERCH_NAME196,1=Discovery Filling Station Ltd
MERCH_RECEIPT_SEQ_NR196,1=611100992890
PMP196,1=3
PUMP_MODE196,1=1,1,1
NOZZLE196,1=3
NDATI196,1=20200124071619
START_DATE196,1=20200124071521
PRI196,1=1.299
BASEPRI196,1=1.299
QTY196,1=23.10
QTYUNIT196,1=2
GAMT196,1=30.01
AMT196,1=30.01
UGAMT196,1=30.01
UAMT196,1=30.01
PLU196,1=3
NAM196,1=FuelSave Dsl
GRP196,1=59
CRD196,1=425
EXTREF196,1=FuelSave Dsl
ART_MERCH_ID196,1=A
EXC196,1=30.01
INC196,1=30.01
NQUA_CHANGEABLE196,1=1277010.29
MOP196,1=1
MOP_ADDX196,1=10
ROP196,1=1
PM196,1=110
PA196,1=30.01
SLSTOT196=30.01
TYP197=2
DATI197=20200124071713
STATION_NR197=6111
SHF197=2727
ACC_REP_NR197=1177
OPID197=5
REF197=1179120013
SEQ197=1179120274839
SAFTDATI197=20200124071713
LCUR197=10
REPL197=2
MERCH_ID197,1=A
MERCH_NAME197,1=Discovery Filling Station Ltd
MERCH_RECEIPT_SEQ_NR197,1=611100992891
PRI197,1=1.25
UPR197,1=1.25
QTY197,1=5.00
QTYUNIT197,1=1
GAMT197,1=6.25
AMT197,1=6.25
UGAMT197,1=6.25
UAMT197,1=6.25
PLU197,1=90433870
NAM197,1=RED BULL
GRP197,1=DRINKS
CRD197,1=3119
ART_MERCH_ID197,1=A
PRC197,1=20.00
VAMT197,1=1.04
EXC197,1=5.21
INC197,1=6.25
PRI197,2=0.65
UPR197,2=0.65
QTY197,2=1.00
QTYUNIT197,2=1
GAMT197,2=0.65
AMT197,2=0.65
UGAMT197,2=0.65
UAMT197,2=0.65
PLU197,2=42189633
NAM197,2=AIRWAVES EXTREME
GRP197,2=CONFECTIONERY
CRD197,2=3119
ART_MERCH_ID197,2=A
PRC197,2=20.00
VAMT197,2=0.11
EXC197,2=0.54
INC197,2=0.65
MOP197,1=1
MOP_ADDX197,1=10
ROP197,1=1
PM197,1=110
PA197,1=6.90
SLSTOT197=6.90
TYP198=2
DATI198=20200124071731
STATION_NR198=6111
SHF198=2727
ACC_REP_NR198=1177
OPID198=5
REF198=1179120014
SEQ198=1179120274840
SAFTDATI198=20200124071731
LCUR198=10
REPL198=2
MERCH_ID198,1=A
MERCH_NAME198,1=Discovery Filling Station Ltd
MERCH_RECEIPT_SEQ_NR198,1=611100992892
PRI198,1=1.25
UPR198,1=1.25
QTY198,1=1.00
QTYUNIT198,1=1
GAMT198,1=1.25
AMT198,1=1.25
UGAMT198,1=1.25
UAMT198,1=1.25
PLU198,1=50271207
NAM198,1=BARR IRU-BRU 750ML
GRP198,1=DRINKS
CRD198,1=3119
ART_MERCH_ID198,1=A
PRC198,1=20.00
VAMT198,1=0.21
EXC198,1=1.04
INC198,1=1.25
MOP198,1=1
MOP_ADDX198,1=10
ROP198,1=1
PM198,1=110
PA198,1=1.25
SLSTOT198=1.25
TYP199=2
DATI199=20200124071823
STATION_NR199=6111
SHF199=2727
ACC_REP_NR199=1177
OPID199=5
REF199=1179120015
SEQ199=1179120274841
SAFTDATI199=20200124071823
LCUR199=10
REPL199=2
MERCH_ID199,1=A
MERCH_NAME199,1=Discovery Filling Station Ltd
MERCH_RECEIPT_SEQ_NR199,1=611100992893
PRI199,1=1.00
UPR199,1=1.00
QTY199,1=1.00
QTYUNIT199,1=1
GAMT199,1=1.00
AMT199,1=1.00
UGAMT199,1=1.00
UAMT199,1=1.00
PLU199,1=5060466510470
NAM199,1=RLS APL&KIWI
GRP199,1=DRINKS
CRD199,1=3119
ART_MERCH_ID199,1=A
PRC199,1=20.00
VAMT199,1=0.17
EXC199,1=0.83
INC199,1=1.00
MOP199,1=1
MOP_ADDX199,1=10
ROP199,1=1
PM199,1=110
PA199,1=1.00
SLSTOT199=1.00
TYP200=2
DATI200=20200124072023
STATION_NR200=6111
SHF200=2727
ACC_REP_NR200=1177
OPID200=5
REF200=1179120016
SEQ200=1179120274842
SAFTDATI200=20200124072023
LCUR200=10
REPL200=2
MERCH_ID200,1=A
MERCH_NAME200,1=Discovery Filling Station Ltd
MERCH_RECEIPT_SEQ_NR200,1=611100992894
PMP200,1=5
PUMP_MODE200,1=1,1,1
NOZZLE200,1=1
NDATI200,1=20200124071818
START_DATE200,1=20200124071742
PRI200,1=1.249
BASEPRI200,1=1.249
QTY200,1=8.01
QTYUNIT200,1=2
GAMT200,1=10.00
AMT200,1=10.00
UGAMT200,1=10.00
UAMT200,1=10.00
PLU200,1=6
NAM200,1=FuelSave Unl
GRP200,1=59
CRD200,1=325
EXTREF200,1=FuelSave Unl
ART_MERCH_ID200,1=A
EXC200,1=10.00
INC200,1=10.00
NQUA_CHANGEABLE200,1=1061918.44
PRI200,2=2.59
UPR200,2=2.59
QTY200,2=1.00
QTYUNIT200,2=1
GAMT200,2=2.59
AMT200,2=2.59
UGAMT200,2=2.59
UAMT200,2=2.59
PLU200,2=5055109259984
NAM200,2=CLARKS PREMIUM FILL
GRP200,2=CHILLED FOOD
CRD200,2=3400
ART_MERCH_ID200,2=A
EXC200,2=2.59
INC200,2=2.59
MOP200,1=1
MOP_ADDX200,1=10
ROP200,1=1
PM200,1=110
PA200,1=20.00
MOP200,2=1
MOP_ADDX200,2=10
ROP200,2=2
PM200,2=5110
PA200,2=-7.41
SLSTOT200=12.59
TYP201=21
SPEC_TYPE201=14
DATI201=20200124072044
STATION_NR201=6111
SHF201=2727
OPID201=5
LREF201=1179120017
SPEC_ID201=1003
SPEC_NAME201=PAYPOINT
SPEC_ITYP201=1
SPEC_QUA201=1.00
SPEC_PRI201=15.00
SPEC_AMT201=15.00
TYP202=2
DATI202=20200124072049
STATION_NR202=6111
SHF202=2727
ACC_REP_NR202=1177
OPID202=5
REF202=1179120017
SEQ202=1179120274843
SAFTDATI202=20200124072049
LCUR202=10
PAN202=446292*******459
MERCH_ID202,1=A
MERCH_NAME202,1=Discovery Filling Station Ltd
MERCH_RECEIPT_SEQ_NR202,1=611100992895
PRI202,1=1.29
UPR202,1=1.29
QTY202,1=1.00
QTYUNIT202,1=1
GAMT202,1=1.29
AMT202,1=1.29
UGAMT202,1=1.29
UAMT202,1=1.29
PLU202,1=90433863
NAM202,1=RED BULL
GRP202,1=DRINKS
CRD202,1=3119
ART_MERCH_ID202,1=A
PRC202,1=20.00
VAMT202,1=0.21
EXC202,1=1.08
INC202,1=1.29
PRI202,2=0.69
UPR202,2=0.69
QTY202,2=1.00
QTYUNIT202,2=1
GAMT202,2=0.69
AMT202,2=0.69
UGAMT202,2=0.69
UAMT202,2=0.69
PLU202,2=5019402500723
NAM202,2=MAC BE CRAN & RASP
GRP202,2=DRINKS
CRD202,2=3119
ART_MERCH_ID202,2=A
PRC202,2=20.00
VAMT202,2=0.11
EXC202,2=0.58
INC202,2=0.69
PRI202,3=2.40
UPR202,3=2.40
QTY202,3=1.00
QTYUNIT202,3=1
GAMT202,3=2.40
AMT202,3=2.40
UGAMT202,3=2.40
UAMT202,3=2.40
PLU202,3=1010
NAM202,3=REGULAR 12OZ HOT DRI
GRP202,3=DRINKS PROMO
CRD202,3=6000
ART_MERCH_ID202,3=A
PRC202,3=20.00
VAMT202,3=0.40
EXC202,3=2.00
INC202,3=2.40
PRI202,4=2.70
UPR202,4=2.70
QTY202,4=1.00
QTYUNIT202,4=1
GAMT202,4=2.70
AMT202,4=2.70
UGAMT202,4=2.70
UAMT202,4=2.70
PLU202,4=1009
NAM202,4=LARGE 16OZ HOT DRINK
GRP202,4=DRINKS PROMO
CRD202,4=6000
ART_MERCH_ID202,4=A
PRC202,4=20.00
VAMT202,4=0.45
EXC202,4=2.25
INC202,4=2.70
PRI202,5=15.00
UPR202,5=15.00
QTY202,5=1.00
QTYUNIT202,5=1
GAMT202,5=15.00
AMT202,5=15.00
UGAMT202,5=15.00
UAMT202,5=15.00
PLU202,5=1003
NAM202,5=PAYPOINT
GRP202,5=STAMPS & PHONE
CRD202,5=9019
ART_MERCH_ID202,5=A
EXC202,5=15.00
INC202,5=15.00
CPPAN202,1=446292*******459
MOP202,1=6
MOP_ADDX202,1=50
MOP_ADDY202,1=12
ROP202,1=1
PM202,1=949
PSUB202,1=12
PA202,1=22.08
SLSTOT202=22.08
TYP203=2
DATI203=20200124072217
STATION_NR203=6111
SHF203=2727
ACC_REP_NR203=1177
OPID203=5
REF203=1179120018
SEQ203=1179120274844
SAFTDATI203=20200124072217
LCUR203=10
REPL203=2
MERCH_ID203,1=A
MERCH_NAME203,1=Discovery Filling Station Ltd
MERCH_RECEIPT_SEQ_NR203,1=611100992896
PRI203,1=1.09
UPR203,1=1.09
QTY203,1=1.00
QTYUNIT203,1=1
GAMT203,1=1.09
AMT203,1=0.80
UGAMT203,1=1.09
UAMT203,1=0.80
PLU203,1=5054267007642
NAM203,1=LUCOZADE
GRP203,1=DRINKS
CRD203,1=3119
PRO203,1=MMH1887
DSCT203,1=2
DNAM203,1=L/ENRGY 2 FOR 1.60
DSC203,1=0.29
ART_MERCH_ID203,1=A
PRC203,1=20.00
VAMT203,1=0.13
EXC203,1=0.67
INC203,1=0.80
PRI203,2=1.09
UPR203,2=1.09
QTY203,2=1.00
QTYUNIT203,2=1
GAMT203,2=1.09
AMT203,2=0.80
UGAMT203,2=1.09
UAMT203,2=0.80
PLU203,2=5054267008090
NAM203,2=LUCOZADE
GRP203,2=DRINKS
CRD203,2=3119
PRO203,2=MMH1887
DSCT203,2=2
DNAM203,2=L/ENRGY 2 FOR 1.60
DSC203,2=0.29
ART_MERCH_ID203,2=A
PRC203,2=20.00
VAMT203,2=0.13
EXC203,2=0.67
INC203,2=0.80
PRI203,3=0.95
UPR203,3=0.95
QTY203,3=1.00
QTYUNIT203,3=1
GAMT203,3=0.95
AMT203,3=0.95
UGAMT203,3=0.95
UAMT203,3=0.95
PLU203,3=5010891011868
NAM203,3=RIZLA KS SLIM SILVER
GRP203,3=TOBACCO SUNDRIE
CRD203,3=4019
ART_MERCH_ID203,3=A
PRC203,3=20.00
VAMT203,3=0.16
EXC203,3=0.79
INC203,3=0.95
PRI203,4=8.80
UPR203,4=8.80
QTY203,4=1.00
QTYUNIT203,4=1
GAMT203,4=8.80
AMT203,4=8.80
UGAMT203,4=8.80
UAMT203,4=8.80
PLU203,4=5000431027084
NAM203,4=CARLTON KS 20S
GRP203,4=TOBACCO
CRD203,4=4019
ART_MERCH_ID203,4=A
PRC203,4=20.00
VAMT203,4=1.47
EXC203,4=7.33
INC203,4=8.80
MOP203,1=1
MOP_ADDX203,1=10
ROP203,1=1
PM203,1=110
PA203,1=20.00
MOP203,2=1
MOP_ADDX203,2=10
ROP203,2=2
PM203,2=5110
PA203,2=-8.65
SLSTOT203=11.35
TYP204=2
DATI204=20200124072231
STATION_NR204=6111
ACC_REP_NR204=1177
REF204=1179510002
SEQ204=1179510017020
SAFTDATI204=20200124072231
LCUR204=10
PAN204=557351******6564
HOSTTYPE204=12
HOSTBOOKPER204=1179
AUTH204=563800
CAIC204=044026111
ONLINERC204=000
STAN204=058540
REPL204=2
MERCH_ID204,1=A
MERCH_NAME204,1=Discovery Filling Station Ltd
PMP204,1=5
PUMP_MODE204,1=1,3,2
NOZZLE204,1=1
NDATI204,1=20200124072231
START_DATE204,1=20200124072148
PRI204,1=1.249
BASEPRI204,1=1.249
QTY204,1=16.01
QTYUNIT204,1=2
GAMT204,1=20.00
AMT204,1=20.00
UGAMT204,1=20.00
UAMT204,1=20.00
PLU204,1=6
NAM204,1=FuelSave Unl
GRP204,1=59
CRD204,1=325
EXTREF204,1=FuelSave Unl
ART_MERCH_ID204,1=A
EXC204,1=20.00
INC204,1=20.00
NQUA_CHANGEABLE204,1=1061934.45
CPPAN204,1=557351******6564
CPREPL204,1=2
CPHOSTTYPE204,1=12
CPHOSTBKPER204,1=1179
CPAUTH204,1=563800
CPCAIC204,1=044026111
CPONLINERC204,1=000
CPSTAN204,1=058540
MOP204,1=4
MOP_ADDX204,1=4
MOP_ADDY204,1=2
ROP204,1=1
PM204,1=703
PSUB204,1=2
PA204,1=20.00
TRKMED204,1=5
SLSTOT204=20.00
TYP205=2
DATI205=20200124072233
STATION_NR205=6111
SHF205=2727
ACC_REP_NR205=1177
OPID205=5
REF205=1179120019
SEQ205=1179120274845
SAFTDATI205=20200124072233
LCUR205=10
REPL205=2
MERCH_ID205,1=A
MERCH_NAME205,1=Discovery Filling Station Ltd
MERCH_RECEIPT_SEQ_NR205,1=611100992897
PMP205,1=2
PUMP_MODE205,1=1,1,1
NOZZLE205,1=2
NDATI205,1=20200124072202
START_DATE205,1=20200124072058
PRI205,1=1.299
BASEPRI205,1=1.299
QTY205,1=23.10
QTYUNIT205,1=2
GAMT205,1=30.01
AMT205,1=30.01
UGAMT205,1=30.01
UAMT205,1=30.01
PLU205,1=3
NAM205,1=FuelSave Dsl
GRP205,1=59
CRD205,1=425
EXTREF205,1=FuelSave Dsl
ART_MERCH_ID205,1=A
EXC205,1=30.01
INC205,1=30.01
NQUA_CHANGEABLE205,1=1554611.55
MOP205,1=1
MOP_ADDX205,1=10
ROP205,1=1
PM205,1=110
PA205,1=30.01
SLSTOT205=30.01
TYP206=2
DATI206=20200124072256
STATION_NR206=6111
SHF206=2727
ACC_REP_NR206=1177
OPID206=5
REF206=1179120020
SEQ206=1179120274846
SAFTDATI206=20200124072256
LCUR206=10
PAN206=476224*******519
MERCH_ID206,1=A
MERCH_NAME206,1=Discovery Filling Station Ltd
MERCH_RECEIPT_SEQ_NR206,1=611100992898
PRI206,1=1.59
UPR206,1=1.59
QTY206,1=1.00
QTYUNIT206,1=1
GAMT206,1=1.59
AMT206,1=1.59
UGAMT206,1=1.59
UAMT206,1=1.59
PLU206,1=5060147114430
NAM206,1=SANDWICH
GRP206,1=CHILLED FOOD
CRD206,1=3400
ART_MERCH_ID206,1=A
EXC206,1=1.59
INC206,1=1.59
PRI206,2=1.00
UPR206,2=1.00
QTY206,2=1.00
QTYUNIT206,2=1
GAMT206,2=1.00
AMT206,2=1.00
UGAMT206,2=1.00
UAMT206,2=1.00
PLU206,2=5410438040199
NAM206,2=YAZOO
GRP206,2=CHILLED FOOD
CRD206,2=3400
ART_MERCH_ID206,2=A
EXC206,2=1.00
INC206,2=1.00
PRI206,3=8.70
UPR206,3=8.70
QTY206,3=1.00
QTYUNIT206,3=1
GAMT206,3=8.70
AMT206,3=8.70
UGAMT206,3=8.70
UAMT206,3=8.70
PLU206,3=5000431026964
NAM206,3=PLAYERS CRUSHBALL
GRP206,3=TOBACCO
CRD206,3=4019
ART_MERCH_ID206,3=A
PRC206,3=20.00
VAMT206,3=1.45
EXC206,3=7.25
INC206,3=8.70
CPPAN206,1=476224*******519
MOP206,1=6
MOP_ADDX206,1=50
MOP_ADDY206,1=12
ROP206,1=1
PM206,1=949
PSUB206,1=12
PA206,1=11.29
SLSTOT206=11.29
TYP207=2
DATI207=20200124072736
STATION_NR207=6111
SHF207=2727
ACC_REP_NR207=1177
OPID207=5
REF207=1179120021
SEQ207=1179120274847
SAFTDATI207=20200124072736
LCUR207=10
REPL207=2
MERCH_ID207,1=A
MERCH_NAME207,1=Discovery Filling Station Ltd
MERCH_RECEIPT_SEQ_NR207,1=611100992899
PRI207,1=0.60
UPR207,1=0.60
QTY207,1=3.00
QTYUNIT207,1=1
GAMT207,1=1.80
AMT207,1=1.20
UGAMT207,1=1.80
UAMT207,1=1.20
PLU207,1=57026619
NAM207,1=CAD OREO EGG
GRP207,1=CONFECTIONERY
CRD207,1=3119
PRO207,1=MMH1866
DSCT207,1=2
DNAM207,1=CAD EGG 3 FOR 1.20
DSC207,1=0.60
ART_MERCH_ID207,1=A
PRC207,1=20.00
VAMT207,1=0.20
EXC207,1=1.00
INC207,1=1.20
PRI207,2=0.65
UPR207,2=0.65
QTY207,2=1.00
QTYUNIT207,2=1
GAMT207,2=0.65
AMT207,2=0.65
UGAMT207,2=0.65
UAMT207,2=0.65
PLU207,2=5000328141701
NAM207,2=WLKR SMK BCN
GRP207,2=CRISPS
CRD207,2=3219
ART_MERCH_ID207,2=A
PRC207,2=20.00
VAMT207,2=0.11
EXC207,2=0.54
INC207,2=0.65
PRI207,3=1.00
UPR207,3=1.00
QTY207,3=1.00
QTYUNIT207,3=1
GAMT207,3=1.00
AMT207,3=1.00
UGAMT207,3=1.00
UAMT207,3=1.00
PLU207,3=5010102240858
NAM207,3=TANGO ORANGE
GRP207,3=DRINKS
CRD207,3=3119
ART_MERCH_ID207,3=A
PRC207,3=20.00
VAMT207,3=0.17
EXC207,3=0.83
INC207,3=1.00
PRI207,4=2.50
UPR207,4=2.50
QTY207,4=1.00
QTYUNIT207,4=1
GAMT207,4=2.50
AMT207,4=2.50
UGAMT207,4=2.50
UAMT207,4=2.50
PLU207,4=2083800000003
NAM207,4=LOTTERY
GRP207,4=LOTTERY ONLINE
CRD207,4=9500
ART_MERCH_ID207,4=A
EXC207,4=2.50
INC207,4=2.50
MOP207,1=1
MOP_ADDX207,1=10
ROP207,1=1
PM207,1=110
PA207,1=5.35
SLSTOT207=5.35
TYP208=2
DATI208=20200124072810
STATION_NR208=6111
SHF208=2727
ACC_REP_NR208=1177
OPID208=5
REF208=1179120022
SEQ208=1179120274848
SAFTDATI208=20200124072810
LCUR208=10
PAN208=476367*******011
MERCH_ID208,1=A
MERCH_NAME208,1=Discovery Filling Station Ltd
MERCH_RECEIPT_SEQ_NR208,1=611100992900
PRI208,1=0.59
UPR208,1=0.59
QTY208,1=1.00
QTYUNIT208,1=1
GAMT208,1=0.59
AMT208,1=0.59
UGAMT208,1=0.59
UAMT208,1=0.59
PLU208,1=5020379133463
NAM208,1=ES ENERGY
GRP208,1=DRINKS
CRD208,1=3119
ART_MERCH_ID208,1=A
PRC208,1=20.00
VAMT208,1=0.10
EXC208,1=0.49
INC208,1=0.59
PRI208,2=1.50
UPR208,2=1.50
QTY208,2=1.00
QTYUNIT208,2=1
GAMT208,2=1.50
AMT208,2=1.50
UGAMT208,2=1.50
UAMT208,2=1.50
PLU208,2=54491472
NAM208,2=COCA-COLA 500ML
GRP208,2=DRINKS
CRD208,2=3119
ART_MERCH_ID208,2=A
PRC208,2=20.00
VAMT208,2=0.25
EXC208,2=1.25
INC208,2=1.50
PRI208,3=0.50
UPR208,3=0.50
QTY208,3=2.00
QTYUNIT208,3=1
GAMT208,3=1.00
AMT208,3=1.00
UGAMT208,3=1.00
UAMT208,3=1.00
PLU208,3=5020379106672
NAM208,3=ES ISOTONIC
GRP208,3=DRINKS
CRD208,3=3119
ART_MERCH_ID208,3=A
PRC208,3=20.00
VAMT208,3=0.17
EXC208,3=0.83
INC208,3=1.00
PRI208,4=1.05
UPR208,4=1.05
QTY208,4=2.00
QTYUNIT208,4=1
GAMT208,4=2.10
AMT208,4=1.50
UGAMT208,4=2.10
UAMT208,4=1.50
PLU208,4=7622210212573
NAM208,4=BOOST DUO
GRP208,4=CONFECTIONERY
CRD208,4=3119
PRO208,4=MMH1877
DSCT208,4=2
DNAM208,4=CADBURY 2 FOR 1.50
DSC208,4=0.60
ART_MERCH_ID208,4=A
PRC208,4=20.00
VAMT208,4=0.25
EXC208,4=1.25
INC208,4=1.50
PRI208,5=9.45
UPR208,5=9.45
QTY208,5=1.00
QTYUNIT208,5=1
GAMT208,5=9.45
AMT208,5=9.45
UGAMT208,5=9.45
UAMT208,5=9.45
PLU208,5=5000431028081
NAM208,5=JPS KS 20 REAL BLUE
GRP208,5=TOBACCO
CRD208,5=4019
ART_MERCH_ID208,5=A
PRC208,5=20.00
VAMT208,5=1.57
EXC208,5=7.88
INC208,5=9.45
CPPAN208,1=476367*******011
MOP208,1=6
MOP_ADDX208,1=50
MOP_ADDY208,1=12
ROP208,1=1
PM208,1=949
PSUB208,1=12
PA208,1=14.04
SLSTOT208=14.04
TYP209=2
DATI209=20200124072845
STATION_NR209=6111
SHF209=2727
ACC_REP_NR209=1177
OPID209=5
REF209=1179120023
SEQ209=1179120274849
SAFTDATI209=20200124072845
LCUR209=10
PAN209=700205*******784294
MERCH_ID209,1=A
MERCH_NAME209,1=Discovery Filling Station Ltd
MERCH_RECEIPT_SEQ_NR209,1=611100992901
PMP209,1=2
PUMP_MODE209,1=1,1,1
NOZZLE209,1=2
NDATI209,1=20200124072759
START_DATE209,1=20200124072551
PRI209,1=1.299
BASEPRI209,1=1.299
QTY209,1=59.69
QTYUNIT209,1=2
GAMT209,1=77.54
AMT209,1=77.54
UGAMT209,1=77.54
UAMT209,1=77.54
PLU209,1=3
NAM209,1=FuelSave Dsl
GRP209,1=59
CRD209,1=425
EXTREF209,1=FuelSave Dsl
ART_MERCH_ID209,1=A
EXC209,1=77.54
INC209,1=77.54
NQUA_CHANGEABLE209,1=1554671.24
CPPAN209,1=700205*******784294
MOP209,1=6
MOP_ADDX209,1=50
MOP_ADDY209,1=1
ROP209,1=1
PM209,1=949
PSUB209,1=1
PA209,1=77.54
SLSTOT209=77.54
TYP210=2
DATI210=20200124072930
STATION_NR210=6111
SHF210=2727
ACC_REP_NR210=1177
OPID210=5
REF210=1179120024
SEQ210=1179120274850
SAFTDATI210=20200124072930
LCUR210=10
PAN210=535522*******885
MERCH_ID210,1=A
MERCH_NAME210,1=Discovery Filling Station Ltd
MERCH_RECEIPT_SEQ_NR210,1=611100992902
PRI210,1=0.99
UPR210,1=0.99
QTY210,1=2.00
QTYUNIT210,1=1
GAMT210,1=1.98
AMT210,1=1.98
UGAMT210,1=1.98
UAMT210,1=1.98
PLU210,1=5000382033677
NAM210,1=RKSTR XDRNCE
GRP210,1=DRINKS
CRD210,1=3119
ART_MERCH_ID210,1=A
PRC210,1=20.00
VAMT210,1=0.33
EXC210,1=1.65
INC210,1=1.98
PRI210,2=8.80
UPR210,2=8.80
QTY210,2=1.00
QTYUNIT210,2=1
GAMT210,2=8.80
AMT210,2=8.80
UGAMT210,2=8.80
UAMT210,2=8.80
PLU210,2=5000431028951
NAM210,2=L & B BLUE K/S BLUE
GRP210,2=TOBACCO
CRD210,2=4019
ART_MERCH_ID210,2=A
PRC210,2=20.00
VAMT210,2=1.47
EXC210,2=7.33
INC210,2=8.80
CPPAN210,1=535522*******885
MOP210,1=6
MOP_ADDX210,1=50
MOP_ADDY210,1=14
ROP210,1=1
PM210,1=949
PSUB210,1=14
PA210,1=10.78
SLSTOT210=10.78
TYP211=2
DATI211=20200124073029
STATION_NR211=6111
SHF211=2727
ACC_REP_NR211=1177
OPID211=5
REF211=1179120025
SEQ211=1179120274851
SAFTDATI211=20200124073029
LCUR211=10
PAN211=446271*******753
MERCH_ID211,1=A
MERCH_NAME211,1=Discovery Filling Station Ltd
MERCH_RECEIPT_SEQ_NR211,1=611100992903
PRI211,1=1.59
UPR211,1=1.59
QTY211,1=1.00
QTYUNIT211,1=1
GAMT211,1=1.59
AMT211,1=1.59
UGAMT211,1=1.59
UAMT211,1=1.59
PLU211,1=9002490239565
NAM211,1=RED BULL
GRP211,1=DRINKS
CRD211,1=3119
ART_MERCH_ID211,1=A
PRC211,1=20.00
VAMT211,1=0.26
EXC211,1=1.33
INC211,1=1.59
PRI211,2=0.95
UPR211,2=0.95
QTY211,2=1.00
QTYUNIT211,2=1
GAMT211,2=0.95
AMT211,2=0.95
UGAMT211,2=0.95
UAMT211,2=0.95
PLU211,2=5000112629101
NAM211,2=POWERADE
GRP211,2=DRINKS
CRD211,2=3119
ART_MERCH_ID211,2=A
PRC211,2=20.00
VAMT211,2=0.16
EXC211,2=0.79
INC211,2=0.95
CPPAN211,1=446271*******753
MOP211,1=6
MOP_ADDX211,1=50
MOP_ADDY211,1=12
ROP211,1=1
PM211,1=949
PSUB211,1=12
PA211,1=2.54
SLSTOT211=2.54
TYP212=2
DATI212=20200124073101
STATION_NR212=6111
SHF212=2727
ACC_REP_NR212=1177
OPID212=5
REF212=1179120026
SEQ212=1179120274852
SAFTDATI212=20200124073101
LCUR212=10
REPL212=2
MERCH_ID212,1=A
MERCH_NAME212,1=Discovery Filling Station Ltd
MERCH_RECEIPT_SEQ_NR212,1=611100992904
PMP212,1=6
PUMP_MODE212,1=1,1,1
NOZZLE212,1=1
NDATI212,1=20200124073002
START_DATE212,1=20200124072906
PRI212,1=1.249
BASEPRI212,1=1.249
QTY212,1=12.01
QTYUNIT212,1=2
GAMT212,1=15.00
AMT212,1=15.00
UGAMT212,1=15.00
UAMT212,1=15.00
PLU212,1=6
NAM212,1=FuelSave Unl
GRP212,1=59
CRD212,1=325
EXTREF212,1=FuelSave Unl
ART_MERCH_ID212,1=A
EXC212,1=15.00
INC212,1=15.00
NQUA_CHANGEABLE212,1=369505.03
MOP212,1=1
MOP_ADDX212,1=10
ROP212,1=1
PM212,1=110
PA212,1=15.00
SLSTOT212=15.00
TYP213=2
DATI213=20200124073155
STATION_NR213=6111
SHF213=2727
ACC_REP_NR213=1177
OPID213=5
REF213=1179120027
SEQ213=1179120274853
SAFTDATI213=20200124073155
LCUR213=10
PAN213=475714*******537
MERCH_ID213,1=A
MERCH_NAME213,1=Discovery Filling Station Ltd
MERCH_RECEIPT_SEQ_NR213,1=611100992905
PMP213,1=2
PUMP_MODE213,1=1,1,1
NOZZLE213,1=1
NDATI213,1=20200124073124
START_DATE213,1=20200124073033
PRI213,1=1.249
BASEPRI213,1=1.249
QTY213,1=24.02
QTYUNIT213,1=2
GAMT213,1=30.00
AMT213,1=30.00
UGAMT213,1=30.00
UAMT213,1=30.00
PLU213,1=6
NAM213,1=FuelSave Unl
GRP213,1=59
CRD213,1=325
EXTREF213,1=FuelSave Unl
ART_MERCH_ID213,1=A
EXC213,1=30.00
INC213,1=30.00
NQUA_CHANGEABLE213,1=570605.41
PRI213,2=10.35
UPR213,2=10.35
QTY213,2=1.00
QTYUNIT213,2=1
GAMT213,2=10.35
AMT213,2=10.35
UGAMT213,2=10.35
UAMT213,2=10.35
PLU213,2=5000431027312
NAM213,2=L&B K/S ORIG 20S
GRP213,2=TOBACCO
CRD213,2=4019
ART_MERCH_ID213,2=A
PRC213,2=20.00
VAMT213,2=1.72
EXC213,2=8.63
INC213,2=10.35
CPPAN213,1=475714*******537
MOP213,1=6
MOP_ADDX213,1=50
MOP_ADDY213,1=12
ROP213,1=1
PM213,1=949
PSUB213,1=12
PA213,1=40.35
SLSTOT213=40.35
TYP214=2
DATI214=20200124073230
STATION_NR214=6111
SHF214=2727
ACC_REP_NR214=1177
OPID214=5
REF214=1179120028
SEQ214=1179120274854
SAFTDATI214=20200124073230
LCUR214=10
PAN214=446292*******541
MERCH_ID214,1=A
MERCH_NAME214,1=Discovery Filling Station Ltd
MERCH_RECEIPT_SEQ_NR214,1=611100992906
PMP214,1=5
PUMP_MODE214,1=1,1,1
NOZZLE214,1=3
NDATI214,1=20200124073059
START_DATE214,1=20200124072930
PRI214,1=1.529
BASEPRI214,1=1.529
QTY214,1=43.70
QTYUNIT214,1=2
GAMT214,1=66.82
AMT214,1=66.82
UGAMT214,1=66.82
UAMT214,1=66.82
PLU214,1=8
NAM214,1=V Power Dsl
GRP214,1=59
CRD214,1=430
EXTREF214,1=V Power Dsl
ART_MERCH_ID214,1=A
EXC214,1=66.82
INC214,1=66.82
NQUA_CHANGEABLE214,1=230395.82
PRI214,2=0.39
UPR214,2=0.39
QTY214,2=3.00
QTYUNIT214,2=1
GAMT214,2=1.17
AMT214,2=1.00
UGAMT214,2=1.17
UAMT214,2=1.00
PLU214,2=5000328142593
NAM214,2=FRAZZLES PM
GRP214,2=CRISPS
CRD214,2=3219
PRO214,2=MMH1054
DSCT214,2=2
DNAM214,2=FRAZZLES 3FOR1
DSC214,2=0.17
ART_MERCH_ID214,2=A
PRC214,2=20.00
VAMT214,2=0.17
EXC214,2=0.83
INC214,2=1.00
CPPAN214,1=446292*******541
MOP214,1=6
MOP_ADDX214,1=50
MOP_ADDY214,1=12
ROP214,1=1
PM214,1=949
PSUB214,1=12
PA214,1=67.82
SLSTOT214=67.82
TYP215=21
SPEC_TYPE215=5
DATI215=20200124073519
STATION_NR215=6111
SHF215=2727
OPID215=5
REF215=1179120029
SPEC_ID215=5000143923117
SPEC_NAME215=B&H BLUE K/S
SPEC_ITYP215=1
SPEC_QUA215=1.00
SPEC_PRI215=8.90
SPEC_AMT215=8.90
TYP216=21
SPEC_TYPE216=5
DATI216=20200124073519
STATION_NR216=6111
SHF216=2727
OPID216=5
LREF216=1179120029
SPEC_ID216=5000143926217
SPEC_NAME216=B&H KS D/CAP
SPEC_ITYP216=1
SPEC_QUA216=1.00
SPEC_PRI216=8.80
SPEC_AMT216=8.80
TYP217=21
SPEC_TYPE217=5
DATI217=20200124073519
STATION_NR217=6111
SHF217=2727
OPID217=5
LREF217=1179120029
SPEC_ID217=5000143912012
SPEC_NAME217=B&H KS DUAL
SPEC_ITYP217=1
SPEC_QUA217=1.00
SPEC_PRI217=10.99
SPEC_AMT217=10.99
TYP218=2
DATI218=20200124073541
STATION_NR218=6111
SHF218=2727
ACC_REP_NR218=1177
OPID218=5
REF218=1179120030
SEQ218=1179120274855
SAFTDATI218=20200124073541
LCUR218=10
PAN218=707881028700001402
CERT218=----------------
REPL218=2
CARR218=MILK
CUST218=3
CNAM218=ARNOLD CLARK
ID218=707881028700001402
INFO218=ARNOLD CLARK
MERCH_ID218,1=A
MERCH_NAME218,1=Discovery Filling Station Ltd
MERCH_RECEIPT_SEQ_NR218,1=611100992907
PRI218,1=0.79
UPR218,1=0.79
QTY218,1=3.00
QTYUNIT218,1=1
GAMT218,1=2.37
AMT218,1=2.37
UGAMT218,1=2.37
UAMT218,1=2.37
PLU218,1=5020379150095
NAM218,1=ES SS MILK
GRP218,1=CHILLED FOOD
CRD218,1=3400
ART_MERCH_ID218,1=A
EXC218,1=2.37
INC218,1=2.37
CPPAN218,1=707881028700001402
CPCERT218,1=----------------
CPREPL218,1=2
CPCARR218,1=MILK
MOP218,1=10
MOP_ADDX218,1=20
ROP218,1=1
PM218,1=3000
PA218,1=2.37
TRKMED218,1=1
SLSTOT218=2.37
TYP219=2
DATI219=20200124073602
STATION_NR219=6111
SHF219=2727
ACC_REP_NR219=1177
OPID219=5
REF219=1179120031
SEQ219=1179120274856
SAFTDATI219=20200124073602
LCUR219=10
PAN219=707881028700001405
CERT219=----------------
REPL219=2
CARR219=FR09JET
CUST219=7
CNAM219=FRESH JET LTD
ID219=707881028700001405
INFO219=FRESH JET LTD
MERCH_ID219,1=A
MERCH_NAME219,1=Discovery Filling Station Ltd
MERCH_RECEIPT_SEQ_NR219,1=611100992908
PMP219,1=2
PUMP_MODE219,1=1,1,1
NOZZLE219,1=1
NDATI219,1=20200124073515
START_DATE219,1=20200124073349
PRI219,1=1.249
BASEPRI219,1=1.249
QTY219,1=45.44
QTYUNIT219,1=2
GAMT219,1=56.75
AMT219,1=56.75
UGAMT219,1=56.75
UAMT219,1=56.75
PLU219,1=6
NAM219,1=FuelSave Unl
GRP219,1=59
CRD219,1=325
EXTREF219,1=FuelSave Unl
ART_MERCH_ID219,1=A
EXC219,1=56.75
INC219,1=56.75
NQUA_CHANGEABLE219,1=570650.85
CPPAN219,1=707881028700001405
CPCERT219,1=----------------
CPREPL219,1=2
CPCARR219,1=FR09JET
MOP219,1=10
MOP_ADDX219,1=20
ROP219,1=1
PM219,1=3000
PA219,1=56.75
TRKMED219,1=1
SLSTOT219=56.75
TYP220=21
SPEC_TYPE220=5
DATI220=20200124073647
STATION_NR220=6111
SHF220=2727
OPID220=5
REF220=1179120032
SPEC_ID220=5017353500809
SPEC_NAME220=GLPH PARACET
SPEC_ITYP220=1
SPEC_QUA220=1.00
SPEC_PRI220=0.79
SPEC_AMT220=0.79
TYP221=21
SPEC_TYPE221=5
DATI221=20200124073647
STATION_NR221=6111
SHF221=2727
OPID221=5
LREF221=1179120032
SPEC_ID221=5000143920628
SPEC_NAME221=B&H SK BLUE
SPEC_ITYP221=1
SPEC_QUA221=1.00
SPEC_PRI221=8.70
SPEC_AMT221=8.70
TYP222=21
SPEC_TYPE222=5
DATI222=20200124073647
STATION_NR222=6111
SHF222=2727
OPID222=5
LREF222=1179120032
SPEC_ID222=5000143913927
SPEC_NAME222=B&H S/K SKY BLUE 20
SPEC_ITYP222=1
SPEC_QUA222=1.00
SPEC_PRI222=8.80
SPEC_AMT222=8.80
TYP223=2
DATI223=20200124073945
STATION_NR223=6111
SHF223=2727
ACC_REP_NR223=1177
OPID223=5
REF223=1179120033
SEQ223=1179120274857
SAFTDATI223=20200124073945
LCUR223=10
PAN223=481885*******823
MERCH_ID223,1=A
MERCH_NAME223,1=Discovery Filling Station Ltd
MERCH_RECEIPT_SEQ_NR223,1=611100992909
PRI223,1=0.85
UPR223,1=0.85
QTY223,1=1.00
QTYUNIT223,1=1
GAMT223,1=0.85
AMT223,1=0.85
UGAMT223,1=0.85
UAMT223,1=0.85
PLU223,1=8410076900371
NAM223,1=NV PROTEIN S
GRP223,1=GROCERY VAT
CRD223,1=3119
ART_MERCH_ID223,1=A
PRC223,1=20.00
VAMT223,1=0.14
EXC223,1=0.71
INC223,1=0.85
PRI223,2=0.59
UPR223,2=0.59
QTY223,2=1.00
QTYUNIT223,2=1
GAMT223,2=0.59
AMT223,2=0.59
UGAMT223,2=0.59
UAMT223,2=0.59
PLU223,2=5000112592054
NAM223,2=COKE ZERO
GRP223,2=DRINKS
CRD223,2=3119
ART_MERCH_ID223,2=A
PRC223,2=20.00
VAMT223,2=0.10
EXC223,2=0.49
INC223,2=0.59
PRI223,3=1.09
UPR223,3=1.09
QTY223,3=1.00
QTYUNIT223,3=1
GAMT223,3=1.09
AMT223,3=1.09
UGAMT223,3=1.09
UAMT223,3=1.09
PLU223,3=5054267007642
NAM223,3=LUCOZADE
GRP223,3=DRINKS
CRD223,3=3119
ART_MERCH_ID223,3=A
PRC223,3=20.00
VAMT223,3=0.18
EXC223,3=0.91
INC223,3=1.09
CPPAN223,1=481885*******823
MOP223,1=6
MOP_ADDX223,1=50
MOP_ADDY223,1=13
ROP223,1=1
PM223,1=949
PSUB223,1=13
PA223,1=2.53
SLSTOT223=2.53
TYP224=2
DATI224=20200124074043
STATION_NR224=6111
ACC_REP_NR224=1177
REF224=1179510003
SEQ224=1179510017021
SAFTDATI224=20200124074043
LCUR224=10
PAN224=476367******4111
HOSTTYPE224=12
HOSTBOOKPER224=1179
AUTH224=055387
CAIC224=044026111
ONLINERC224=000
STAN224=058542
REPL224=2
MERCH_ID224,1=A
MERCH_NAME224,1=Discovery Filling Station Ltd
PMP224,1=5
PUMP_MODE224,1=1,3,2
NOZZLE224,1=2
NDATI224,1=20200124074043
START_DATE224,1=20200124074007
PRI224,1=1.299
BASEPRI224,1=1.299
QTY224,1=7.69
QTYUNIT224,1=2
GAMT224,1=10.00
AMT224,1=10.00
UGAMT224,1=10.00
UAMT224,1=10.00
PLU224,1=3
NAM224,1=FuelSave Dsl
GRP224,1=59
CRD224,1=425
EXTREF224,1=FuelSave Dsl
ART_MERCH_ID224,1=A
EXC224,1=10.00
INC224,1=10.00
NQUA_CHANGEABLE224,1=1114812.70
CPPAN224,1=476367******4111
CPREPL224,1=2
CPHOSTTYPE224,1=12
CPHOSTBKPER224,1=1179
CPAUTH224,1=055387
CPCAIC224,1=044026111
CPONLINERC224,1=000
CPSTAN224,1=058542
MOP224,1=4
MOP_ADDX224,1=2
MOP_ADDY224,1=2
ROP224,1=1
PM224,1=701
PSUB224,1=2
PA224,1=10.00
TRKMED224,1=5
SLSTOT224=10.00
TYP225=2
DATI225=20200124074136
STATION_NR225=6111
SHF225=2727
ACC_REP_NR225=1177
OPID225=5
REF225=1179120034
SEQ225=1179120274858
SAFTDATI225=20200124074136
LCUR225=10
PAN225=446204*******930
MERCH_ID225,1=A
MERCH_NAME225,1=Discovery Filling Station Ltd
MERCH_RECEIPT_SEQ_NR225,1=611100992910
PMP225,1=4
PUMP_MODE225,1=1,1,1
NOZZLE225,1=3
NDATI225,1=20200124074112
START_DATE225,1=20200124074009
PRI225,1=1.299
BASEPRI225,1=1.299
QTY225,1=23.17
QTYUNIT225,1=2
GAMT225,1=30.10
AMT225,1=30.10
UGAMT225,1=30.10
UAMT225,1=30.10
PLU225,1=3
NAM225,1=FuelSave Dsl
GRP225,1=59
CRD225,1=425
EXTREF225,1=FuelSave Dsl
ART_MERCH_ID225,1=A
EXC225,1=30.10
INC225,1=30.10
NQUA_CHANGEABLE225,1=1502104.50
CPPAN225,1=446204*******930
MOP225,1=6
MOP_ADDX225,1=50
MOP_ADDY225,1=12
ROP225,1=1
PM225,1=949
PSUB225,1=12
PA225,1=30.10
SLSTOT225=30.10
TYP226=2
DATI226=20200124074229
STATION_NR226=6111
SHF226=2727
ACC_REP_NR226=1177
OPID226=5
REF226=1179120035
SEQ226=1179120274859
SAFTDATI226=20200124074229
LCUR226=10
PAN226=707881028700001402
CERT226=----------------
REPL226=2
CARR226=MILK
CUST226=3
CNAM226=ARNOLD CLARK
ID226=707881028700001402
INFO226=ARNOLD CLARK
MERCH_ID226,1=A
MERCH_NAME226,1=Discovery Filling Station Ltd
MERCH_RECEIPT_SEQ_NR226,1=611100992911
PRI226,1=0.79
UPR226,1=0.79
QTY226,1=2.00
QTYUNIT226,1=1
GAMT226,1=1.58
AMT226,1=1.58
UGAMT226,1=1.58
UAMT226,1=1.58
PLU226,1=5020379150095
NAM226,1=ES SS MILK
GRP226,1=CHILLED FOOD
CRD226,1=3400
ART_MERCH_ID226,1=A
EXC226,1=1.58
INC226,1=1.58
CPPAN226,1=707881028700001402
CPCERT226,1=----------------
CPREPL226,1=2
CPCARR226,1=MILK
MOP226,1=10
MOP_ADDX226,1=20
ROP226,1=1
PM226,1=3000
PA226,1=1.58
TRKMED226,1=1
SLSTOT226=1.58
TYP227=2
DATI227=20200124074251
STATION_NR227=6111
SHF227=2727
ACC_REP_NR227=1177
OPID227=5
REF227=1179120036
SEQ227=1179120274860
SAFTDATI227=20200124074251
LCUR227=10
PAN227=525302*******829
MERCH_ID227,1=A
MERCH_NAME227,1=Discovery Filling Station Ltd
MERCH_RECEIPT_SEQ_NR227,1=611100992912
PRI227,1=8.70
UPR227,1=8.70
QTY227,1=1.00
QTYUNIT227,1=1
GAMT227,1=8.70
AMT227,1=8.70
UGAMT227,1=8.70
UAMT227,1=8.70
PLU227,1=5000431026933
NAM227,1=PLAYERS K/S BRIGHT B
GRP227,1=TOBACCO
CRD227,1=4019
ART_MERCH_ID227,1=A
PRC227,1=20.00
VAMT227,1=1.45
EXC227,1=7.25
INC227,1=8.70
CPPAN227,1=525302*******829
MOP227,1=6
MOP_ADDX227,1=50
MOP_ADDY227,1=15
ROP227,1=1
PM227,1=949
PSUB227,1=15
PA227,1=8.70
SLSTOT227=8.70
TYP228=2
DATI228=20200124074319
STATION_NR228=6111
SHF228=2727
ACC_REP_NR228=1177
OPID228=5
REF228=1179120037
SEQ228=1179120274861
SAFTDATI228=20200124074319
LCUR228=10
PAN228=700205*******129559
MERCH_ID228,1=A
MERCH_NAME228,1=Discovery Filling Station Ltd
MERCH_RECEIPT_SEQ_NR228,1=611100992913
PMP228,1=6
PUMP_MODE228,1=1,1,1
NOZZLE228,1=2
NDATI228,1=20200124074129
START_DATE228,1=20200124074047
PRI228,1=1.299
BASEPRI228,1=1.299
QTY228,1=13.09
QTYUNIT228,1=2
GAMT228,1=17.00
AMT228,1=17.00
UGAMT228,1=17.00
UAMT228,1=17.00
PLU228,1=3
NAM228,1=FuelSave Dsl
GRP228,1=59
CRD228,1=425
EXTREF228,1=FuelSave Dsl
ART_MERCH_ID228,1=A
EXC228,1=17.00
INC228,1=17.00
NQUA_CHANGEABLE228,1=1186236.88
CPPAN228,1=700205*******129559
MOP228,1=6
MOP_ADDX228,1=50
MOP_ADDY228,1=1
ROP228,1=1
PM228,1=949
PSUB228,1=1
PA228,1=17.00
SLSTOT228=17.00
TYP229=2
DATI229=20200124074357
STATION_NR229=6111
SHF229=2727
ACC_REP_NR229=1177
OPID229=5
REF229=1179120038
SEQ229=1179120274862
SAFTDATI229=20200124074357
LCUR229=10
PAN229=465859*******021
MERCH_ID229,1=A
MERCH_NAME229,1=Discovery Filling Station Ltd
MERCH_RECEIPT_SEQ_NR229,1=611100992914
PMP229,1=3
PUMP_MODE229,1=1,1,1
NOZZLE229,1=3
NDATI229,1=20200124074254
START_DATE229,1=20200124074209
PRI229,1=1.299
BASEPRI229,1=1.299
QTY229,1=11.55
QTYUNIT229,1=2
GAMT229,1=15.00
AMT229,1=15.00
UGAMT229,1=15.00
UAMT229,1=15.00
PLU229,1=3
NAM229,1=FuelSave Dsl
GRP229,1=59
CRD229,1=425
EXTREF229,1=FuelSave Dsl
ART_MERCH_ID229,1=A
EXC229,1=15.00
INC229,1=15.00
NQUA_CHANGEABLE229,1=1277021.84
CPPAN229,1=465859*******021
MOP229,1=6
MOP_ADDX229,1=50
MOP_ADDY229,1=12
ROP229,1=1
PM229,1=949
PSUB229,1=12
PA229,1=15.00
SLSTOT229=15.00
TYP230=2
DATI230=20200124074426
STATION_NR230=6111
SHF230=2727
ACC_REP_NR230=1177
OPID230=5
REF230=1179120039
SEQ230=1179120274863
SAFTDATI230=20200124074426
LCUR230=10
PAN230=446292*******459
MERCH_ID230,1=A
MERCH_NAME230,1=Discovery Filling Station Ltd
MERCH_RECEIPT_SEQ_NR230,1=611100992915
PMP230,1=1
PUMP_MODE230,1=1,1,1
NOZZLE230,1=1
NDATI230,1=20200124074250
START_DATE230,1=20200124074212
PRI230,1=1.249
BASEPRI230,1=1.249
QTY230,1=8.01
QTYUNIT230,1=2
GAMT230,1=10.00
AMT230,1=10.00
UGAMT230,1=10.00
UAMT230,1=10.00
PLU230,1=6
NAM230,1=FuelSave Unl
GRP230,1=59
CRD230,1=325
EXTREF230,1=FuelSave Unl
ART_MERCH_ID230,1=A
EXC230,1=10.00
INC230,1=10.00
NQUA_CHANGEABLE230,1=662132.30
CPPAN230,1=446292*******459
MOP230,1=6
MOP_ADDX230,1=50
MOP_ADDY230,1=12
ROP230,1=1
PM230,1=949
PSUB230,1=12
PA230,1=10.00
SLSTOT230=10.00
TYP231=21
SPEC_TYPE231=5
DATI231=20200124074520
STATION_NR231=6111
SHF231=2727
OPID231=5
REF231=1179120040
SPEC_ID231=5000143934212
SPEC_NAME231=B&H SK BL DU
SPEC_ITYP231=1
SPEC_QUA231=1.00
SPEC_PRI231=8.90
SPEC_AMT231=8.90
TYP232=21
SPEC_TYPE232=5
DATI232=20200124074520
STATION_NR232=6111
SHF232=2727
OPID232=5
LREF232=1179120040
SPEC_ID232=5000143920628
SPEC_NAME232=B&H SK BLUE
SPEC_ITYP232=1
SPEC_QUA232=1.00
SPEC_PRI232=8.90
SPEC_AMT232=8.90
TYP233=21
SPEC_TYPE233=5
DATI233=20200124074520
STATION_NR233=6111
SHF233=2727
OPID233=5
LREF233=1179120040
SPEC_ID233=5000143913927
SPEC_NAME233=B&H S/K SKY BLUE 20
SPEC_ITYP233=1
SPEC_QUA233=1.00
SPEC_PRI233=8.90
SPEC_AMT233=8.90
TYP234=21
SPEC_TYPE234=5
DATI234=20200124074520
STATION_NR234=6111
SHF234=2727
OPID234=5
LREF234=1179120040
SPEC_ID234=5000143926217
SPEC_NAME234=B&H KS D/CAP
SPEC_ITYP234=1
SPEC_QUA234=1.00
SPEC_PRI234=8.90
SPEC_AMT234=8.90
TYP235=2
DATI235=20200124074542
STATION_NR235=6111
ACC_REP_NR235=1177
REF235=1179510004
SEQ235=1179510017022
SAFTDATI235=20200124074542
LCUR235=10
PAN235=475141******6208
HOSTTYPE235=12
HOSTBOOKPER235=1179
AUTH235=224789
CAIC235=044026111
ONLINERC235=000
STAN235=058544
REPL235=2
MERCH_ID235,1=A
MERCH_NAME235,1=Discovery Filling Station Ltd
PMP235,1=5
PUMP_MODE235,1=1,3,2
NOZZLE235,1=1
NDATI235,1=20200124074542
START_DATE235,1=20200124074455
PRI235,1=1.249
BASEPRI235,1=1.249
QTY235,1=16.01
QTYUNIT235,1=2
GAMT235,1=20.00
AMT235,1=20.00
UGAMT235,1=20.00
UAMT235,1=20.00
PLU235,1=6
NAM235,1=FuelSave Unl
GRP235,1=59
CRD235,1=325
EXTREF235,1=FuelSave Unl
ART_MERCH_ID235,1=A
EXC235,1=20.00
INC235,1=20.00
NQUA_CHANGEABLE235,1=1061950.46
CPPAN235,1=475141******6208
CPREPL235,1=2
CPHOSTTYPE235,1=12
CPHOSTBKPER235,1=1179
CPAUTH235,1=224789
CPCAIC235,1=044026111
CPONLINERC235,1=000
CPSTAN235,1=058544
MOP235,1=4
MOP_ADDX235,1=2
MOP_ADDY235,1=2
ROP235,1=1
PM235,1=701
PSUB235,1=2
PA235,1=20.00
TRKMED235,1=5
SLSTOT235=20.00
TYP236=2
DATI236=20200124074527
STATION_NR236=6111
SHF236=2727
ACC_REP_NR236=1177
OPID236=5
REF236=1179120041
SEQ236=1179120274864
SAFTDATI236=20200124074527
LCUR236=10
PAN236=446204*******363
MERCH_ID236,1=A
MERCH_NAME236,1=Discovery Filling Station Ltd
MERCH_RECEIPT_SEQ_NR236,1=611100992916
PMP236,1=2
PUMP_MODE236,1=1,1,1
NOZZLE236,1=2
NDATI236,1=20200124074459
START_DATE236,1=20200124074246
PRI236,1=1.299
BASEPRI236,1=1.299
QTY236,1=56.97
QTYUNIT236,1=2
GAMT236,1=74.00
AMT236,1=74.00
UGAMT236,1=74.00
UAMT236,1=74.00
PLU236,1=3
NAM236,1=FuelSave Dsl
GRP236,1=59
CRD236,1=425
EXTREF236,1=FuelSave Dsl
ART_MERCH_ID236,1=A
EXC236,1=74.00
INC236,1=74.00
NQUA_CHANGEABLE236,1=1554728.21
CPPAN236,1=446204*******363
MOP236,1=6
MOP_ADDX236,1=50
MOP_ADDY236,1=12
ROP236,1=1
PM236,1=949
PSUB236,1=12
PA236,1=74.00
SLSTOT236=74.00
TYP237=2
DATI237=20200124074603
STATION_NR237=6111
SHF237=2727
ACC_REP_NR237=1177
OPID237=5
REF237=1179120042
SEQ237=1179120274865
SAFTDATI237=20200124074603
LCUR237=10
REPL237=2
MERCH_ID237,1=A
MERCH_NAME237,1=Discovery Filling Station Ltd
MERCH_RECEIPT_SEQ_NR237,1=611100992917
PRI237,1=2.70
UPR237,1=2.70
QTY237,1=1.00
QTYUNIT237,1=1
GAMT237,1=2.70
AMT237,1=2.70
UGAMT237,1=2.70
UAMT237,1=2.70
PLU237,1=1009
NAM237,1=LARGE 16OZ HOT DRINK
GRP237,1=DRINKS PROMO
CRD237,1=6000
ART_MERCH_ID237,1=A
PRC237,1=20.00
VAMT237,1=0.45
EXC237,1=2.25
INC237,1=2.70
MOP237,1=1
MOP_ADDX237,1=10
ROP237,1=1
PM237,1=110
PA237,1=20.00
MOP237,2=1
MOP_ADDX237,2=10
ROP237,2=2
PM237,2=5110
PA237,2=-17.30
SLSTOT237=2.70
TYP238=2
DATI238=20200124074634
STATION_NR238=6111
SHF238=2727
ACC_REP_NR238=1177
OPID238=5
REF238=1179120043
SEQ238=1179120274866
SAFTDATI238=20200124074634
LCUR238=10
REPL238=2
MERCH_ID238,1=A
MERCH_NAME238,1=Discovery Filling Station Ltd
MERCH_RECEIPT_SEQ_NR238,1=611100992918
PRI238,1=0.70
UPR238,1=0.70
QTY238,1=2.00
QTYUNIT238,1=1
GAMT238,1=1.40
AMT238,1=1.40
UGAMT238,1=1.40
UAMT238,1=1.40
PLU238,1=5000328774800
NAM238,1=WALKERS BAKED CHS/ON
GRP238,1=CRISPS
CRD238,1=3219
ART_MERCH_ID238,1=A
PRC238,1=20.00
VAMT238,1=0.23
EXC238,1=1.17
INC238,1=1.40
PRI238,2=1.59
UPR238,2=1.59
QTY238,2=1.00
QTYUNIT238,2=1
GAMT238,2=1.59
AMT238,2=1.59
UGAMT238,2=1.59
UAMT238,2=1.59
PLU238,2=9002490239565
NAM238,2=RED BULL
GRP238,2=DRINKS
CRD238,2=3119
ART_MERCH_ID238,2=A
PRC238,2=20.00
VAMT238,2=0.26
EXC238,2=1.33
INC238,2=1.59
PRI238,3=1.25
UPR238,3=1.25
QTY238,3=1.00
QTYUNIT238,3=1
GAMT238,3=1.25
AMT238,3=1.25
UGAMT238,3=1.25
UAMT238,3=1.25
PLU238,3=50271207
NAM238,3=BARR IRU-BRU 750ML
GRP238,3=DRINKS
CRD238,3=3119
ART_MERCH_ID238,3=A
PRC238,3=20.00
VAMT238,3=0.21
EXC238,3=1.04
INC238,3=1.25
MOP238,1=1
MOP_ADDX238,1=10
ROP238,1=1
PM238,1=110
PA238,1=10.00
MOP238,2=1
MOP_ADDX238,2=10
ROP238,2=2
PM238,2=5110
PA238,2=-5.76
SLSTOT238=4.24
TYP239=21
SPEC_TYPE239=14
DATI239=20200124074744
STATION_NR239=6111
SHF239=2727
OPID239=5
LREF239=1179120044
SPEC_ID239=5000108280163
SPEC_NAME239=OATS SO SIMP GOLD SA
SPEC_ITYP239=1
SPEC_QUA239=1.00
SPEC_PRI239=0.99
SPEC_AMT239=0.99
SPEC_ADDD239=1.99
TYP240=2
DATI240=20200124074752
STATION_NR240=6111
SHF240=2727
ACC_REP_NR240=1177
OPID240=5
REF240=1179120044
SEQ240=1179120274867
SAFTDATI240=20200124074752
LCUR240=10
REPL240=2
MERCH_ID240,1=A
MERCH_NAME240,1=Discovery Filling Station Ltd
MERCH_RECEIPT_SEQ_NR240,1=611100992919
PRI240,1=0.99
UPR240,1=0.99
PROGPRI240,1=1.99
PROGUPR240,1=1.99
QTY240,1=1.00
QTYUNIT240,1=1
GAMT240,1=0.99
AMT240,1=0.99
UGAMT240,1=0.99
UAMT240,1=0.99
PLU240,1=5000108280163
NAM240,1=OATS SO SIMP GOLD SA
GRP240,1=GROCERY ZERO
CRD240,1=3100
ART_MERCH_ID240,1=A
EXC240,1=0.99
INC240,1=0.99
MOP240,1=1
MOP_ADDX240,1=10
ROP240,1=1
PM240,1=110
PA240,1=0.99
SLSTOT240=0.99
TYP241=21
SPEC_TYPE241=5
DATI241=20200124075153
STATION_NR241=6111
SHF241=2727
OPID241=5
REF241=1179120045
SPEC_ID241=5000108704638
SPEC_NAME241=QKR ORIG POT
SPEC_ITYP241=1
SPEC_QUA241=1.00
SPEC_PRI241=1.00
SPEC_AMT241=1.00
TYP242=2
DATI242=20200124075207
STATION_NR242=6111
SHF242=2727
ACC_REP_NR242=1177
OPID242=5
REF242=1179120046
SEQ242=1179120274868
SAFTDATI242=20200124075207
LCUR242=10
PAN242=465935*******204
MERCH_ID242,1=A
MERCH_NAME242,1=Discovery Filling Station Ltd
MERCH_RECEIPT_SEQ_NR242,1=611100992920
PMP242,1=1
PUMP_MODE242,1=1,1,1
NOZZLE242,1=1
NDATI242,1=20200124075136
START_DATE242,1=20200124075049
PRI242,1=1.249
BASEPRI242,1=1.249
QTY242,1=12.01
QTYUNIT242,1=2
GAMT242,1=15.00
AMT242,1=15.00
UGAMT242,1=15.00
UAMT242,1=15.00
PLU242,1=6
NAM242,1=FuelSave Unl
GRP242,1=59
CRD242,1=325
EXTREF242,1=FuelSave Unl
ART_MERCH_ID242,1=A
EXC242,1=15.00
INC242,1=15.00
NQUA_CHANGEABLE242,1=662144.31
PRI242,2=1.00
UPR242,2=1.00
QTY242,2=1.00
QTYUNIT242,2=1
GAMT242,2=1.00
AMT242,2=1.00
UGAMT242,2=1.00
UAMT242,2=1.00
PLU242,2=5410438040212
NAM242,2=YAZOO BANANA
GRP242,2=CHILLED FOOD
CRD242,2=3400
ART_MERCH_ID242,2=A
EXC242,2=1.00
INC242,2=1.00
CPPAN242,1=465935*******204
MOP242,1=6
MOP_ADDX242,1=50
MOP_ADDY242,1=12
ROP242,1=1
PM242,1=949
PSUB242,1=12
PA242,1=16.00
SLSTOT242=16.00
TYP243=2
DATI243=20200124075234
STATION_NR243=6111
SHF243=2727
ACC_REP_NR243=1177
OPID243=5
REF243=1179120047
SEQ243=1179120274869
SAFTDATI243=20200124075234
LCUR243=10
REPL243=2
MERCH_ID243,1=A
MERCH_NAME243,1=Discovery Filling Station Ltd
MERCH_RECEIPT_SEQ_NR243,1=611100992921
PRI243,1=2.45
UPR243,1=2.45
QTY243,1=1.00
QTYUNIT243,1=1
GAMT243,1=2.45
AMT243,1=2.45
UGAMT243,1=2.45
UAMT243,1=2.45
PLU243,1=5010605400483
NAM243,1=RENNIE PEPPE
GRP243,1=GENERAL GOODS V
CRD243,1=3319
ART_MERCH_ID243,1=A
PRC243,1=20.00
VAMT243,1=0.41
EXC243,1=2.04
INC243,1=2.45
MOP243,1=1
MOP_ADDX243,1=10
ROP243,1=1
PM243,1=110
PA243,1=2.45
SLSTOT243=2.45
TYP244=2
DATI244=20200124075337
STATION_NR244=6111
SHF244=2727
ACC_REP_NR244=1177
OPID244=5
REF244=1179120048
SEQ244=1179120274870
SAFTDATI244=20200124075337
LCUR244=10
REPL244=2
MERCH_ID244,1=A
MERCH_NAME244,1=Discovery Filling Station Ltd
MERCH_RECEIPT_SEQ_NR244,1=611100992922
PRI244,1=1.39
UPR244,1=1.39
QTY244,1=1.00
QTYUNIT244,1=1
GAMT244,1=1.39
AMT244,1=1.39
UGAMT244,1=1.39
UAMT244,1=1.39
PLU244,1=5010102118850
NAM244,1=DRNCH PEAR
GRP244,1=DRINKS
CRD244,1=3119
ART_MERCH_ID244,1=A
PRC244,1=20.00
VAMT244,1=0.23
EXC244,1=1.16
INC244,1=1.39
PRI244,2=0.65
UPR244,2=0.65
QTY244,2=1.00
QTYUNIT244,2=1
GAMT244,2=0.65
AMT244,2=0.65
UGAMT244,2=0.65
UAMT244,2=0.65
PLU244,2=50173686
NAM244,2=EXTRA SUGAR FREE S/M
GRP244,2=CONFECTIONERY
CRD244,2=3119
ART_MERCH_ID244,2=A
PRC244,2=20.00
VAMT244,2=0.11
EXC244,2=0.54
INC244,2=0.65
MOP244,1=1
MOP_ADDX244,1=10
ROP244,1=1
PM244,1=110
PA244,1=5.00
MOP244,2=1
MOP_ADDX244,2=10
ROP244,2=2
PM244,2=5110
PA244,2=-2.96
SLSTOT244=2.04
TYP245=2
DATI245=20200124075705
STATION_NR245=6111
SHF245=2727
ACC_REP_NR245=1177
OPID245=5
REF245=1179120049
SEQ245=1179120274871
SAFTDATI245=20200124075705
LCUR245=10
REPL245=2
MERCH_ID245,1=A
MERCH_NAME245,1=Discovery Filling Station Ltd
MERCH_RECEIPT_SEQ_NR245,1=611100992923
PRI245,1=1.00
UPR245,1=1.00
QTY245,1=1.00
QTYUNIT245,1=1
GAMT245,1=1.00
AMT245,1=1.00
UGAMT245,1=1.00
UAMT245,1=1.00
PLU245,1=5000159491334
NAM245,1=GAL CNTR TRT
GRP245,1=CONFECTIONERY
CRD245,1=3119
ART_MERCH_ID245,1=A
PRC245,1=20.00
VAMT245,1=0.17
EXC245,1=0.83
INC245,1=1.00
PRI245,2=1.00
UPR245,2=1.00
QTY245,2=1.00
QTYUNIT245,2=1
GAMT245,2=1.00
AMT245,2=1.00
UGAMT245,2=1.00
UAMT245,2=1.00
PLU245,2=5000159510745
NAM245,2=GALAXY MILK
GRP245,2=CONFECTIONERY
CRD245,2=3119
ART_MERCH_ID245,2=A
PRC245,2=20.00
VAMT245,2=0.17
EXC245,2=0.83
INC245,2=1.00
MOP245,1=1
MOP_ADDX245,1=10
ROP245,1=1
PM245,1=110
PA245,1=2.00
SLSTOT245=2.00
TYP246=21
SPEC_TYPE246=5
DATI246=20200124075728
STATION_NR246=6111
SHF246=2727
OPID246=5
REF246=1179120050
SPEC_ID246=5000108280163
SPEC_NAME246=OATS SO SIMP GOLD SA
SPEC_ITYP246=1
SPEC_QUA246=1.00
SPEC_PRI246=0.99
SPEC_AMT246=0.99
TYP247=21
SPEC_TYPE247=5
DATI247=20200124075728
STATION_NR247=6111
SHF247=2727
OPID247=5
LREF247=1179120050
SPEC_ID247=5000108704638
SPEC_NAME247=QKR ORIG POT
SPEC_ITYP247=1
SPEC_QUA247=1.00
SPEC_PRI247=0.99
SPEC_AMT247=0.99
TYP248=2
DATI248=20200124080212
STATION_NR248=6111
SHF248=2727
ACC_REP_NR248=1177
OPID248=5
REF248=1179120051
SEQ248=1179120274872
SAFTDATI248=20200124080212
LCUR248=10
PAN248=475117*******962
MERCH_ID248,1=A
MERCH_NAME248,1=Discovery Filling Station Ltd
MERCH_RECEIPT_SEQ_NR248,1=611100992924
PMP248,1=1
PUMP_MODE248,1=1,1,1
NOZZLE248,1=1
NDATI248,1=20200124080208
START_DATE248,1=20200124080108
PRI248,1=1.249
BASEPRI248,1=1.249
QTY248,1=24.02
QTYUNIT248,1=2
GAMT248,1=30.00
AMT248,1=30.00
UGAMT248,1=30.00
UAMT248,1=30.00
PLU248,1=6
NAM248,1=FuelSave Unl
GRP248,1=59
CRD248,1=325
EXTREF248,1=FuelSave Unl
ART_MERCH_ID248,1=A
EXC248,1=30.00
INC248,1=30.00
NQUA_CHANGEABLE248,1=662168.33
CPPAN248,1=475117*******962
MOP248,1=6
MOP_ADDX248,1=50
MOP_ADDY248,1=12
ROP248,1=1
PM248,1=949
PSUB248,1=12
PA248,1=30.00
SLSTOT248=30.00
TYP249=2
DATI249=20200124080235
STATION_NR249=6111
SHF249=2727
ACC_REP_NR249=1177
OPID249=5
REF249=1179120052
SEQ249=1179120274873
SAFTDATI249=20200124080235
LCUR249=10
PAN249=475117*******183
MERCH_ID249,1=A
MERCH_NAME249,1=Discovery Filling Station Ltd
MERCH_RECEIPT_SEQ_NR249,1=611100992925
PMP249,1=3
PUMP_MODE249,1=1,1,1
NOZZLE249,1=1
NDATI249,1=20200124080041
START_DATE249,1=20200124080003
PRI249,1=1.249
BASEPRI249,1=1.249
QTY249,1=16.01
QTYUNIT249,1=2
GAMT249,1=20.00
AMT249,1=20.00
UGAMT249,1=20.00
UAMT249,1=20.00
PLU249,1=6
NAM249,1=FuelSave Unl
GRP249,1=59
CRD249,1=325
EXTREF249,1=FuelSave Unl
ART_MERCH_ID249,1=A
EXC249,1=20.00
INC249,1=20.00
NQUA_CHANGEABLE249,1=1194094.37
PRI249,2=0.50
UPR249,2=0.50
QTY249,2=2.00
QTYUNIT249,2=1
GAMT249,2=1.00
AMT249,2=1.00
UGAMT249,2=1.00
UAMT249,2=1.00
PLU249,2=5020379106696
NAM249,2=ES ISOTONIC
GRP249,2=DRINKS
CRD249,2=3119
ART_MERCH_ID249,2=A
PRC249,2=20.00
VAMT249,2=0.17
EXC249,2=0.83
INC249,2=1.00
PRI249,3=1.35
UPR249,3=1.35
QTY249,3=1.00
QTYUNIT249,3=1
GAMT249,3=1.35
AMT249,3=1.35
UGAMT249,3=1.35
UAMT249,3=1.35
PLU249,3=5060517885304
NAM249,3=MONSTER
GRP249,3=DRINKS
CRD249,3=3119
ART_MERCH_ID249,3=A
PRC249,3=20.00
VAMT249,3=0.22
EXC249,3=1.13
INC249,3=1.35
CPPAN249,1=475117*******183
MOP249,1=6
MOP_ADDX249,1=50
MOP_ADDY249,1=12
ROP249,1=1
PM249,1=949
PSUB249,1=12
PA249,1=22.35
SLSTOT249=22.35
TYP250=1
DATI250=20200124080329
STATION_NR250=6111
SHF250=4613
REF250=1179110000
OPID250=6
TYP251=2
DATI251=20200124080649
STATION_NR251=6111
SHF251=4613
ACC_REP_NR251=1177
OPID251=6
REF251=1179110157
SEQ251=1179110738078
SAFTDATI251=20200124080649
LCUR251=10
PAN251=446291*******168
MERCH_ID251,1=A
MERCH_NAME251,1=Discovery Filling Station Ltd
MERCH_RECEIPT_SEQ_NR251,1=611100992926
PMP251,1=2
PUMP_MODE251,1=1,1,1
NOZZLE251,1=1
NDATI251,1=20200124080626
START_DATE251,1=20200124080523
PRI251,1=1.249
BASEPRI251,1=1.249
QTY251,1=30.85
QTYUNIT251,1=2
GAMT251,1=38.53
AMT251,1=38.53
UGAMT251,1=38.53
UAMT251,1=38.53
PLU251,1=6
NAM251,1=FuelSave Unl
GRP251,1=59
CRD251,1=325
EXTREF251,1=FuelSave Unl
ART_MERCH_ID251,1=A
EXC251,1=38.53
INC251,1=38.53
NQUA_CHANGEABLE251,1=570681.70
CPPAN251,1=446291*******168
MOP251,1=6
MOP_ADDX251,1=50
MOP_ADDY251,1=12
ROP251,1=1
PM251,1=949
PSUB251,1=12
PA251,1=38.53
SLSTOT251=38.53
TYP252=2
DATI252=20200124080754
STATION_NR252=6111
SHF252=4613
ACC_REP_NR252=1177
OPID252=6
REF252=1179110158
SEQ252=1179110738079
SAFTDATI252=20200124080754
LCUR252=10
PAN252=483192*******952
MERCH_ID252,1=A
MERCH_NAME252,1=Discovery Filling Station Ltd
MERCH_RECEIPT_SEQ_NR252,1=611100992927
PMP252,1=4
PUMP_MODE252,1=1,1,1
NOZZLE252,1=1
NDATI252,1=20200124080718
START_DATE252,1=20200124080639
PRI252,1=1.249
BASEPRI252,1=1.249
QTY252,1=12.01
QTYUNIT252,1=2
GAMT252,1=15.00
AMT252,1=15.00
UGAMT252,1=15.00
UAMT252,1=15.00
PLU252,1=6
NAM252,1=FuelSave Unl
GRP252,1=59
CRD252,1=325
EXTREF252,1=FuelSave Unl
ART_MERCH_ID252,1=A
EXC252,1=15.00
INC252,1=15.00
NQUA_CHANGEABLE252,1=708134.42
CPPAN252,1=483192*******952
MOP252,1=6
MOP_ADDX252,1=50
MOP_ADDY252,1=13
ROP252,1=1
PM252,1=949
PSUB252,1=13
PA252,1=15.00
SLSTOT252=15.00
TYP253=2
DATI253=20200124080838
STATION_NR253=6111
SHF253=4613
ACC_REP_NR253=1177
OPID253=6
REF253=1179110159
SEQ253=1179110738080
SAFTDATI253=20200124080838
LCUR253=10
REPL253=2
MERCH_ID253,1=A
MERCH_NAME253,1=Discovery Filling Station Ltd
MERCH_RECEIPT_SEQ_NR253,1=611100992928
PRI253,1=18.15
UPR253,1=18.15
QTY253,1=1.00
QTYUNIT253,1=1
GAMT253,1=18.15
AMT253,1=18.15
UGAMT253,1=18.15
UAMT253,1=18.15
PLU253,1=5000435010747
NAM253,1=GOLD LEAF 50G
GRP253,1=TOBACCO
CRD253,1=4019
ART_MERCH_ID253,1=A
PRC253,1=20.00
VAMT253,1=3.02
EXC253,1=15.13
INC253,1=18.15
PRI253,2=1.00
UPR253,2=1.00
QTY253,2=1.00
QTYUNIT253,2=1
GAMT253,2=1.00
AMT253,2=1.00
UGAMT253,2=1.00
UAMT253,2=1.00
PLU253,2=5000382101222
NAM253,2=BARR COLA
GRP253,2=DRINKS
CRD253,2=3119
ART_MERCH_ID253,2=A
PRC253,2=20.00
VAMT253,2=0.17
EXC253,2=0.83
INC253,2=1.00
MOP253,1=1
MOP_ADDX253,1=10
ROP253,1=1
PM253,1=110
PA253,1=20.00
MOP253,2=1
MOP_ADDX253,2=10
ROP253,2=2
PM253,2=5110
PA253,2=-0.85
SLSTOT253=19.15
TYP254=2
DATI254=20200124081327
STATION_NR254=6111
SHF254=2727
ACC_REP_NR254=1177
OPID254=5
REF254=1179120053
SEQ254=1179120274874
SAFTDATI254=20200124081327
LCUR254=10
REPL254=2
MERCH_ID254,1=A
MERCH_NAME254,1=Discovery Filling Station Ltd
MERCH_RECEIPT_SEQ_NR254,1=611100992929
PRI254,1=1.00
UPR254,1=1.00
QTY254,1=1.00
QTYUNIT254,1=1
GAMT254,1=1.00
AMT254,1=1.00
UGAMT254,1=1.00
UAMT254,1=1.00
PLU254,1=7622210629579
NAM254,1=CAD D DECKER
GRP254,1=CONFECTIONERY
CRD254,1=3119
ART_MERCH_ID254,1=A
PRC254,1=20.00
VAMT254,1=0.17
EXC254,1=0.83
INC254,1=1.00
PRI254,2=0.35
UPR254,2=0.35
QTY254,2=1.00
QTYUNIT254,2=1
GAMT254,2=0.35
AMT254,2=0.35
UGAMT254,2=0.35
UAMT254,2=0.35
PLU254,2=5020379150651
NAM254,2=E/S ENERGY
GRP254,2=DRINKS
CRD254,2=3119
ART_MERCH_ID254,2=A
PRC254,2=20.00
VAMT254,2=0.06
EXC254,2=0.29
INC254,2=0.35
MOP254,1=1
MOP_ADDX254,1=10
ROP254,1=1
PM254,1=110
PA254,1=1.35
SLSTOT254=1.35
TYP255=2
DATI255=20200124081258
STATION_NR255=6111
SHF255=4613
ACC_REP_NR255=1177
OPID255=6
REF255=1179110160
SEQ255=1179110738081
SAFTDATI255=20200124081258
LCUR255=10
PAN255=705505*******068076
MERCH_ID255,1=A
MERCH_NAME255,1=Discovery Filling Station Ltd
MERCH_RECEIPT_SEQ_NR255,1=611100992930
PMP255,1=4
PUMP_MODE255,1=1,1,1
NOZZLE255,1=3
NDATI255,1=20200124081235
START_DATE255,1=20200124081020
PRI255,1=1.299
BASEPRI255,1=1.299
QTY255,1=67.43
QTYUNIT255,1=2
GAMT255,1=87.59
AMT255,1=87.59
UGAMT255,1=87.59
UAMT255,1=87.59
PLU255,1=3
NAM255,1=FuelSave Dsl
GRP255,1=59
CRD255,1=425
EXTREF255,1=FuelSave Dsl
ART_MERCH_ID255,1=A
EXC255,1=87.59
INC255,1=87.59
NQUA_CHANGEABLE255,1=1502171.93
CPPAN255,1=705505*******068076
MOP255,1=6
MOP_ADDX255,1=50
MOP_ADDY255,1=2
ROP255,1=1
PM255,1=949
PSUB255,1=2
PA255,1=87.59
SLSTOT255=87.59
TYP256=2
DATI256=20200124081427
STATION_NR256=6111
ACC_REP_NR256=1177
REF256=1179510005
SEQ256=1179510017023
SAFTDATI256=20200124081427
LCUR256=10
PAN256=454313******5324
HOSTTYPE256=12
HOSTBOOKPER256=1179
AUTH256=726857
CAIC256=044026111
ONLINERC256=000
STAN256=058546
REPL256=2
MERCH_ID256,1=A
MERCH_NAME256,1=Discovery Filling Station Ltd
PMP256,1=5
PUMP_MODE256,1=1,3,2
NOZZLE256,1=1
NDATI256,1=20200124081426
START_DATE256,1=20200124081324
PRI256,1=1.249
BASEPRI256,1=1.249
QTY256,1=24.01
QTYUNIT256,1=2
GAMT256,1=30.00
AMT256,1=30.00
UGAMT256,1=30.00
UAMT256,1=30.00
PLU256,1=6
NAM256,1=FuelSave Unl
GRP256,1=59
CRD256,1=325
EXTREF256,1=FuelSave Unl
ART_MERCH_ID256,1=A
EXC256,1=30.00
INC256,1=30.00
NQUA_CHANGEABLE256,1=1061974.47
CPPAN256,1=454313******5324
CPREPL256,1=2
CPHOSTTYPE256,1=12
CPHOSTBKPER256,1=1179
CPAUTH256,1=726857
CPCAIC256,1=044026111
CPONLINERC256,1=000
CPSTAN256,1=058546
MOP256,1=4
MOP_ADDX256,1=2
MOP_ADDY256,1=2
ROP256,1=1
PM256,1=701
PSUB256,1=2
PA256,1=30.00
TRKMED256,1=5
SLSTOT256=30.00
TYP257=2
DATI257=20200124081457
STATION_NR257=6111
SHF257=4613
ACC_REP_NR257=1177
OPID257=6
REF257=1179110161
SEQ257=1179110738082
SAFTDATI257=20200124081457
LCUR257=10
REPL257=2
MERCH_ID257,1=A
MERCH_NAME257,1=Discovery Filling Station Ltd
MERCH_RECEIPT_SEQ_NR257,1=611100992931
PRI257,1=1.52
UPR257,1=1.52
QTY257,1=1.00
QTYUNIT257,1=1
GAMT257,1=1.52
AMT257,1=1.52
UGAMT257,1=1.52
UAMT257,1=1.52
PLU257,1=5054267000216
NAM257,1=LUCOZADE ORANGE 500M
GRP257,1=DRINKS
CRD257,1=3119
ART_MERCH_ID257,1=A
PRC257,1=20.00
VAMT257,1=0.25
EXC257,1=1.27
INC257,1=1.52
PRI257,2=1.52
UPR257,2=1.52
QTY257,2=1.00
QTYUNIT257,2=1
GAMT257,2=1.52
AMT257,2=1.52
UGAMT257,2=1.52
UAMT257,2=1.52
PLU257,2=5054267000216
NAM257,2=LUCOZADE ORANGE 500M
GRP257,2=DRINKS
CRD257,2=3119
ART_MERCH_ID257,2=A
PRC257,2=20.00
VAMT257,2=0.25
EXC257,2=1.27
INC257,2=1.52
PRI257,3=0.60
UPR257,3=0.60
QTY257,3=1.00
QTYUNIT257,3=1
GAMT257,3=0.60
AMT257,3=0.60
UGAMT257,3=0.60
UAMT257,3=0.60
PLU257,3=7622210442154
NAM257,3=BELV STRAWBE
GRP257,3=GROCERY ZERO
CRD257,3=3100
ART_MERCH_ID257,3=A
EXC257,3=0.60
INC257,3=0.60
MOP257,1=1
MOP_ADDX257,1=10
ROP257,1=1
PM257,1=110
PA257,1=5.00
MOP257,2=1
MOP_ADDX257,2=10
ROP257,2=2
PM257,2=5110
PA257,2=-1.36
SLSTOT257=3.64
TYP258=2
DATI258=20200124081531
STATION_NR258=6111
SHF258=4613
ACC_REP_NR258=1177
OPID258=6
REF258=1179110162
SEQ258=1179110738083
SAFTDATI258=20200124081531
LCUR258=10
PAN258=446277*******202
MERCH_ID258,1=A
MERCH_NAME258,1=Discovery Filling Station Ltd
MERCH_RECEIPT_SEQ_NR258,1=611100992932
PMP258,1=2
PUMP_MODE258,1=1,1,1
NOZZLE258,1=2
NDATI258,1=20200124081458
START_DATE258,1=20200124081338
PRI258,1=1.299
BASEPRI258,1=1.299
QTY258,1=30.85
QTYUNIT258,1=2
GAMT258,1=40.07
AMT258,1=40.07
UGAMT258,1=40.07
UAMT258,1=40.07
PLU258,1=3
NAM258,1=FuelSave Dsl
GRP258,1=59
CRD258,1=425
EXTREF258,1=FuelSave Dsl
ART_MERCH_ID258,1=A
EXC258,1=40.07
INC258,1=40.07
NQUA_CHANGEABLE258,1=1554759.06
CPPAN258,1=446277*******202
MOP258,1=6
MOP_ADDX258,1=50
MOP_ADDY258,1=12
ROP258,1=1
PM258,1=949
PSUB258,1=12
PA258,1=40.07
SLSTOT258=40.07
TYP259=2
DATI259=20200124081638
STATION_NR259=6111
SHF259=4613
ACC_REP_NR259=1177
OPID259=6
REF259=1179110163
SEQ259=1179110738084
SAFTDATI259=20200124081638
LCUR259=10
PAN259=492181*******466
MERCH_ID259,1=A
MERCH_NAME259,1=Discovery Filling Station Ltd
MERCH_RECEIPT_SEQ_NR259,1=611100992933
PMP259,1=3
PUMP_MODE259,1=1,1,1
NOZZLE259,1=1
NDATI259,1=20200124081613
START_DATE259,1=20200124081512
PRI259,1=1.249
BASEPRI259,1=1.249
QTY259,1=32.65
QTYUNIT259,1=2
GAMT259,1=40.78
AMT259,1=40.78
UGAMT259,1=40.78
UAMT259,1=40.78
PLU259,1=6
NAM259,1=FuelSave Unl
GRP259,1=59
CRD259,1=325
EXTREF259,1=FuelSave Unl
ART_MERCH_ID259,1=A
EXC259,1=40.78
INC259,1=40.78
NQUA_CHANGEABLE259,1=1194127.02
CPPAN259,1=492181*******466
MOP259,1=6
MOP_ADDX259,1=50
MOP_ADDY259,1=12
ROP259,1=1
PM259,1=949
PSUB259,1=12
PA259,1=40.78
SLSTOT259=40.78
TYP260=2
DATI260=20200124081846
STATION_NR260=6111
SHF260=4613
ACC_REP_NR260=1177
OPID260=6
REF260=1179110164
SEQ260=1179110738085
SAFTDATI260=20200124081846
LCUR260=10
PAN260=446291*******410
MERCH_ID260,1=A
MERCH_NAME260,1=Discovery Filling Station Ltd
MERCH_RECEIPT_SEQ_NR260,1=611100992934
PMP260,1=5
PUMP_MODE260,1=1,1,1
NOZZLE260,1=1
NDATI260,1=20200124081821
START_DATE260,1=20200124081744
PRI260,1=1.249
BASEPRI260,1=1.249
QTY260,1=16.01
QTYUNIT260,1=2
GAMT260,1=20.00
AMT260,1=20.00
UGAMT260,1=20.00
UAMT260,1=20.00
PLU260,1=6
NAM260,1=FuelSave Unl
GRP260,1=59
CRD260,1=325
EXTREF260,1=FuelSave Unl
ART_MERCH_ID260,1=A
EXC260,1=20.00
INC260,1=20.00
NQUA_CHANGEABLE260,1=1061990.48
CPPAN260,1=446291*******410
MOP260,1=6
MOP_ADDX260,1=50
MOP_ADDY260,1=12
ROP260,1=1
PM260,1=949
PSUB260,1=12
PA260,1=20.00
SLSTOT260=20.00
TYP261=2
DATI261=20200124082018
STATION_NR261=6111
SHF261=4613
ACC_REP_NR261=1177
OPID261=6
REF261=1179110165
SEQ261=1179110738086
SAFTDATI261=20200124082018
LCUR261=10
PAN261=446292*******650
MERCH_ID261,1=A
MERCH_NAME261,1=Discovery Filling Station Ltd
MERCH_RECEIPT_SEQ_NR261,1=611100992935
PMP261,1=6
PUMP_MODE261,1=1,1,1
NOZZLE261,1=3
NDATI261,1=20200124081555
START_DATE261,1=20200124081459
PRI261,1=1.529
BASEPRI261,1=1.529
QTY261,1=26.16
QTYUNIT261,1=2
GAMT261,1=40.00
AMT261,1=40.00
UGAMT261,1=40.00
UAMT261,1=40.00
PLU261,1=8
NAM261,1=V Power Dsl
GRP261,1=59
CRD261,1=430
EXTREF261,1=V Power Dsl
ART_MERCH_ID261,1=A
EXC261,1=40.00
INC261,1=40.00
NQUA_CHANGEABLE261,1=120063.76
CPPAN261,1=446292*******650
MOP261,1=6
MOP_ADDX261,1=50
MOP_ADDY261,1=12
ROP261,1=1
PM261,1=949
PSUB261,1=12
PA261,1=40.00
SLSTOT261=40.00
TYP262=2
DATI262=20200124082109
STATION_NR262=6111
SHF262=4613
ACC_REP_NR262=1177
OPID262=6
REF262=1179110166
SEQ262=1179110738087
SAFTDATI262=20200124082109
LCUR262=10
PAN262=518652*******508
MERCH_ID262,1=A
MERCH_NAME262,1=Discovery Filling Station Ltd
MERCH_RECEIPT_SEQ_NR262,1=611100992936
PMP262,1=3
PUMP_MODE262,1=1,1,1
NOZZLE262,1=1
NDATI262,1=20200124082026
START_DATE262,1=20200124081915
PRI262,1=1.249
BASEPRI262,1=1.249
QTY262,1=40.54
QTYUNIT262,1=2
GAMT262,1=50.63
AMT262,1=50.63
UGAMT262,1=50.63
UAMT262,1=50.63
PLU262,1=6
NAM262,1=FuelSave Unl
GRP262,1=59
CRD262,1=325
EXTREF262,1=FuelSave Unl
ART_MERCH_ID262,1=A
EXC262,1=50.63
INC262,1=50.63
NQUA_CHANGEABLE262,1=1194167.56
CPPAN262,1=518652*******508
MOP262,1=6
MOP_ADDX262,1=50
MOP_ADDY262,1=15
ROP262,1=1
PM262,1=949
PSUB262,1=15
PA262,1=50.63
SLSTOT262=50.63
TYP263=2
DATI263=20200124082152
STATION_NR263=6111
SHF263=4613
ACC_REP_NR263=1177
OPID263=6
REF263=1179110167
SEQ263=1179110738088
SAFTDATI263=20200124082152
LCUR263=10
REPL263=2
MERCH_ID263,1=A
MERCH_NAME263,1=Discovery Filling Station Ltd
MERCH_RECEIPT_SEQ_NR263,1=611100992937
PMP263,1=5
PUMP_MODE263,1=1,1,1
NOZZLE263,1=1
NDATI263,1=20200124082105
START_DATE263,1=20200124082037
PRI263,1=1.249
BASEPRI263,1=1.249
QTY263,1=8.01
QTYUNIT263,1=2
GAMT263,1=10.00
AMT263,1=10.00
UGAMT263,1=10.00
UAMT263,1=10.00
PLU263,1=6
NAM263,1=FuelSave Unl
GRP263,1=59
CRD263,1=325
EXTREF263,1=FuelSave Unl
ART_MERCH_ID263,1=A
EXC263,1=10.00
INC263,1=10.00
NQUA_CHANGEABLE263,1=1061998.49
MOP263,1=1
MOP_ADDX263,1=10
ROP263,1=1
PM263,1=110
PA263,1=10.00
SLSTOT263=10.00
TYP264=2
DATI264=20200124082342
STATION_NR264=6111
SHF264=4613
ACC_REP_NR264=1177
OPID264=6
REF264=1179110168
SEQ264=1179110738089
SAFTDATI264=20200124082342
LCUR264=10
REPL264=2
MERCH_ID264,1=A
MERCH_NAME264,1=Discovery Filling Station Ltd
MERCH_RECEIPT_SEQ_NR264,1=611100992938
PMP264,1=4
PUMP_MODE264,1=1,1,1
NOZZLE264,1=3
NDATI264,1=20200124082257
START_DATE264,1=20200124082154
PRI264,1=1.299
BASEPRI264,1=1.299
QTY264,1=16.40
QTYUNIT264,1=2
GAMT264,1=21.30
AMT264,1=21.30
UGAMT264,1=21.30
UAMT264,1=21.30
PLU264,1=3
NAM264,1=FuelSave Dsl
GRP264,1=59
CRD264,1=425
EXTREF264,1=FuelSave Dsl
ART_MERCH_ID264,1=A
EXC264,1=21.30
INC264,1=21.30
NQUA_CHANGEABLE264,1=1502188.33
MOP264,1=1
MOP_ADDX264,1=10
ROP264,1=1
PM264,1=110
PA264,1=25.00
MOP264,2=1
MOP_ADDX264,2=10
ROP264,2=2
PM264,2=5110
PA264,2=-3.70
SLSTOT264=21.30
TYP265=2
DATI265=20200124082418
STATION_NR265=6111
SHF265=4613
ACC_REP_NR265=1177
OPID265=6
REF265=1179110169
SEQ265=1179110738090
SAFTDATI265=20200124082418
LCUR265=10
PAN265=475117*******712
MERCH_ID265,1=A
MERCH_NAME265,1=Discovery Filling Station Ltd
MERCH_RECEIPT_SEQ_NR265,1=611100992939
PMP265,1=5
PUMP_MODE265,1=1,1,1
NOZZLE265,1=1
NDATI265,1=20200124082350
START_DATE265,1=20200124082306
PRI265,1=1.249
BASEPRI265,1=1.249
QTY265,1=20.62
QTYUNIT265,1=2
GAMT265,1=25.75
AMT265,1=25.75
UGAMT265,1=25.75
UAMT265,1=25.75
PLU265,1=6
NAM265,1=FuelSave Unl
GRP265,1=59
CRD265,1=325
EXTREF265,1=FuelSave Unl
ART_MERCH_ID265,1=A
EXC265,1=25.75
INC265,1=25.75
NQUA_CHANGEABLE265,1=1062019.11
CPPAN265,1=475117*******712
MOP265,1=6
MOP_ADDX265,1=50
MOP_ADDY265,1=12
ROP265,1=1
PM265,1=949
PSUB265,1=12
PA265,1=25.75
SLSTOT265=25.75
TYP266=2
DATI266=20200124082552
STATION_NR266=6111
SHF266=4613
ACC_REP_NR266=1177
OPID266=6
REF266=1179110170
SEQ266=1179110738091
SAFTDATI266=20200124082552
LCUR266=10
PAN266=476223*******137
MERCH_ID266,1=A
MERCH_NAME266,1=Discovery Filling Station Ltd
MERCH_RECEIPT_SEQ_NR266,1=611100992940
PMP266,1=1
PUMP_MODE266,1=1,1,1
NOZZLE266,1=2
NDATI266,1=20200124082514
START_DATE266,1=20200124082436
PRI266,1=1.299
BASEPRI266,1=1.299
QTY266,1=11.55
QTYUNIT266,1=2
GAMT266,1=15.00
AMT266,1=15.00
UGAMT266,1=15.00
UAMT266,1=15.00
PLU266,1=3
NAM266,1=FuelSave Dsl
GRP266,1=59
CRD266,1=425
EXTREF266,1=FuelSave Dsl
ART_MERCH_ID266,1=A
EXC266,1=15.00
INC266,1=15.00
NQUA_CHANGEABLE266,1=825628.71
PRI266,2=5.00
UPR266,2=5.00
QTY266,2=1.00
QTYUNIT266,2=1
GAMT266,2=5.00
AMT266,2=5.00
UGAMT266,2=5.00
UAMT266,2=5.00
PLU266,2=5031390115383
NAM266,2=TRIPLE PAYOUT 5
GRP266,2=LOTTERY SRATCHC
CRD266,2=9500
ART_MERCH_ID266,2=A
EXC266,2=5.00
INC266,2=5.00
CPPAN266,1=476223*******137
MOP266,1=6
MOP_ADDX266,1=50
MOP_ADDY266,1=12
ROP266,1=1
PM266,1=949
PSUB266,1=12
PA266,1=20.00
SLSTOT266=20.00
TYP267=2
DATI267=20200124082627
STATION_NR267=6111
ACC_REP_NR267=1177
REF267=1179520006
SEQ267=1179520008620
SAFTDATI267=20200124082627
LCUR267=10
PAN267=476223******5317
HOSTTYPE267=12
HOSTBOOKPER267=1179
AUTH267=024301
CAIC267=044026111
ONLINERC267=000
STAN267=058548
REPL267=2
MERCH_ID267,1=A
MERCH_NAME267,1=Discovery Filling Station Ltd
PMP267,1=6
PUMP_MODE267,1=1,3,2
NOZZLE267,1=2
NDATI267,1=20200124082627
START_DATE267,1=20200124082526
PRI267,1=1.299
BASEPRI267,1=1.299
QTY267,1=15.39
QTYUNIT267,1=2
GAMT267,1=20.00
AMT267,1=20.00
UGAMT267,1=20.00
UAMT267,1=20.00
PLU267,1=3
NAM267,1=FuelSave Dsl
GRP267,1=59
CRD267,1=425
EXTREF267,1=FuelSave Dsl
ART_MERCH_ID267,1=A
EXC267,1=20.00
INC267,1=20.00
NQUA_CHANGEABLE267,1=1186252.27
CPPAN267,1=476223******5317
CPREPL267,1=2
CPHOSTTYPE267,1=12
CPHOSTBKPER267,1=1179
CPAUTH267,1=024301
CPCAIC267,1=044026111
CPONLINERC267,1=000
CPSTAN267,1=058548
MOP267,1=4
MOP_ADDX267,1=2
MOP_ADDY267,1=2
ROP267,1=1
PM267,1=701
PSUB267,1=2
PA267,1=20.00
TRKMED267,1=5
SLSTOT267=20.00
TYP268=2
DATI268=20200124083155
STATION_NR268=6111
SHF268=4613
ACC_REP_NR268=1177
OPID268=6
REF268=1179110171
SEQ268=1179110738092
SAFTDATI268=20200124083155
LCUR268=10
REPL268=2
MERCH_ID268,1=A
MERCH_NAME268,1=Discovery Filling Station Ltd
MERCH_RECEIPT_SEQ_NR268,1=611100992941
PMP268,1=1
PUMP_MODE268,1=1,1,1
NOZZLE268,1=1
NDATI268,1=20200124083056
START_DATE268,1=20200124083014
PRI268,1=1.249
BASEPRI268,1=1.249
QTY268,1=15.22
QTYUNIT268,1=2
GAMT268,1=19.01
AMT268,1=19.01
UGAMT268,1=19.01
UAMT268,1=19.01
PLU268,1=6
NAM268,1=FuelSave Unl
GRP268,1=59
CRD268,1=325
EXTREF268,1=FuelSave Unl
ART_MERCH_ID268,1=A
EXC268,1=19.01
INC268,1=19.01
NQUA_CHANGEABLE268,1=662183.55
PRI268,2=0.95
UPR268,2=0.95
QTY268,2=1.00
QTYUNIT268,2=1
GAMT268,2=0.95
AMT268,2=0.95
UGAMT268,2=0.95
UAMT268,2=0.95
PLU268,2=5010459007289
NAM268,2=H/SPRING SPORT 75CL
GRP268,2=DRINKS
CRD268,2=3119
ART_MERCH_ID268,2=A
PRC268,2=20.00
VAMT268,2=0.16
EXC268,2=0.79
INC268,2=0.95
MOP268,1=1
MOP_ADDX268,1=10
ROP268,1=1
PM268,1=110
PA268,1=20.00
MOP268,2=1
MOP_ADDX268,2=10
ROP268,2=2
PM268,2=5110
PA268,2=-0.04
SLSTOT268=19.96
TYP269=2
DATI269=20200124083303
STATION_NR269=6111
SHF269=4613
ACC_REP_NR269=1177
OPID269=6
REF269=1179110172
SEQ269=1179110738093
SAFTDATI269=20200124083303
LCUR269=10
PAN269=557351*******170
MERCH_ID269,1=A
MERCH_NAME269,1=Discovery Filling Station Ltd
MERCH_RECEIPT_SEQ_NR269,1=611100992942
PMP269,1=2
PUMP_MODE269,1=1,1,1
NOZZLE269,1=2
NDATI269,1=20200124083150
START_DATE269,1=20200124083124
PRI269,1=1.299
BASEPRI269,1=1.299
QTY269,1=7.71
QTYUNIT269,1=2
GAMT269,1=10.02
AMT269,1=10.02
UGAMT269,1=10.02
UAMT269,1=10.02
PLU269,1=3
NAM269,1=FuelSave Dsl
GRP269,1=59
CRD269,1=425
EXTREF269,1=FuelSave Dsl
ART_MERCH_ID269,1=A
EXC269,1=10.02
INC269,1=10.02
NQUA_CHANGEABLE269,1=1554766.77
PRI269,2=1.00
UPR269,2=1.00
QTY269,2=1.00
QTYUNIT269,2=1
GAMT269,2=1.00
AMT269,2=1.00
UGAMT269,2=1.00
UAMT269,2=1.00
PLU269,2=5000168183718
NAM269,2=MCV WHITE CH
GRP269,2=GROCERY VAT
CRD269,2=3119
ART_MERCH_ID269,2=A
PRC269,2=20.00
VAMT269,2=0.17
EXC269,2=0.83
INC269,2=1.00
CPPAN269,1=557351*******170
MOP269,1=6
MOP_ADDX269,1=50
MOP_ADDY269,1=14
ROP269,1=1
PM269,1=949
PSUB269,1=14
PA269,1=11.02
SLSTOT269=11.02
TYP270=21
SPEC_TYPE270=13
DATI270=20200124083632
STATION_NR270=6111
SHF270=2727
OPID270=5
SPEC_ADDD270=Open cash drawer
TYP271=2
DATI271=20200124083718
STATION_NR271=6111
SHF271=2727
ACC_REP_NR271=1177
OPID271=5
REF271=1179120054
SEQ271=1179120274875
SAFTDATI271=20200124083718
LCUR271=10
PAN271=459647*******156
MERCH_ID271,1=A
MERCH_NAME271,1=Discovery Filling Station Ltd
MERCH_RECEIPT_SEQ_NR271,1=611100992943
PRI271,1=1.99
UPR271,1=1.99
QTY271,1=1.00
QTYUNIT271,1=1
GAMT271,1=1.99
AMT271,1=1.99
UGAMT271,1=1.99
UAMT271,1=1.99
PLU271,1=5760466976350
NAM271,1=STARBUCKS FRAPPUCCIN
GRP271,1=CHILLED FOOD
CRD271,1=3400
ART_MERCH_ID271,1=A
EXC271,1=1.99
INC271,1=1.99
PRI271,2=9.80
UPR271,2=9.80
QTY271,2=1.00
QTYUNIT271,2=1
GAMT271,2=9.80
AMT271,2=9.80
UGAMT271,2=9.80
UAMT271,2=9.80
PLU271,2=5000143936339
NAM271,2=STERLING KS
GRP271,2=TOBACCO
CRD271,2=4019
ART_MERCH_ID271,2=A
PRC271,2=20.00
VAMT271,2=1.63
EXC271,2=8.17
INC271,2=9.80
CPPAN271,1=459647*******156
MOP271,1=6
MOP_ADDX271,1=50
MOP_ADDY271,1=13
ROP271,1=1
PM271,1=949
PSUB271,1=13
PA271,1=11.79
SLSTOT271=11.79
TYP272=2
DATI272=20200124083852
STATION_NR272=6111
SHF272=2727
ACC_REP_NR272=1177
OPID272=5
REF272=1179120055
SEQ272=1179120274876
SAFTDATI272=20200124083852
LCUR272=10
PAN272=446279*******317
MERCH_ID272,1=A
MERCH_NAME272,1=Discovery Filling Station Ltd
MERCH_RECEIPT_SEQ_NR272,1=611100992944
PMP272,1=2
PUMP_MODE272,1=1,1,1
NOZZLE272,1=2
NDATI272,1=20200124083755
START_DATE272,1=20200124083710
PRI272,1=1.299
BASEPRI272,1=1.299
QTY272,1=15.40
QTYUNIT272,1=2
GAMT272,1=20.00
AMT272,1=20.00
UGAMT272,1=20.00
UAMT272,1=20.00
PLU272,1=3
NAM272,1=FuelSave Dsl
GRP272,1=59
CRD272,1=425
EXTREF272,1=FuelSave Dsl
ART_MERCH_ID272,1=A
EXC272,1=20.00
INC272,1=20.00
NQUA_CHANGEABLE272,1=1554782.17
CPPAN272,1=446279*******317
MOP272,1=6
MOP_ADDX272,1=50
MOP_ADDY272,1=12
ROP272,1=1
PM272,1=949
PSUB272,1=12
PA272,1=20.00
SLSTOT272=20.00
TYP273=2
DATI273=20200124083844
STATION_NR273=6111
SHF273=4613
ACC_REP_NR273=1177
OPID273=6
REF273=1179110173
SEQ273=1179110738094
SAFTDATI273=20200124083844
LCUR273=10
PAN273=557351*******665
MERCH_ID273,1=A
MERCH_NAME273,1=Discovery Filling Station Ltd
MERCH_RECEIPT_SEQ_NR273,1=611100992945
PMP273,1=4
PUMP_MODE273,1=1,1,1
NOZZLE273,1=3
NDATI273,1=20200124083818
START_DATE273,1=20200124083722
PRI273,1=1.299
BASEPRI273,1=1.299
QTY273,1=23.11
QTYUNIT273,1=2
GAMT273,1=30.02
AMT273,1=30.02
UGAMT273,1=30.02
UAMT273,1=30.02
PLU273,1=3
NAM273,1=FuelSave Dsl
GRP273,1=59
CRD273,1=425
EXTREF273,1=FuelSave Dsl
ART_MERCH_ID273,1=A
EXC273,1=30.02
INC273,1=30.02
NQUA_CHANGEABLE273,1=1502211.44
CPPAN273,1=557351*******665
MOP273,1=6
MOP_ADDX273,1=50
MOP_ADDY273,1=14
ROP273,1=1
PM273,1=949
PSUB273,1=14
PA273,1=30.02
SLSTOT273=30.02
TYP274=2
DATI274=20200124084013
STATION_NR274=6111
SHF274=2727
ACC_REP_NR274=1177
OPID274=5
REF274=1179120056
SEQ274=1179120274877
SAFTDATI274=20200124084013
LCUR274=10
REPL274=2
MERCH_ID274,1=A
MERCH_NAME274,1=Discovery Filling Station Ltd
MERCH_RECEIPT_SEQ_NR274,1=611100992946
PRI274,1=1.00
UPR274,1=1.00
QTY274,1=1.00
QTYUNIT274,1=1
GAMT274,1=1.00
AMT274,1=1.00
UGAMT274,1=1.00
UAMT274,1=1.00
PLU274,1=5000328990828
NAM274,1=W MAX PAPRIK
GRP274,1=CRISPS
CRD274,1=3219
ART_MERCH_ID274,1=A
PRC274,1=20.00
VAMT274,1=0.17
EXC274,1=0.83
INC274,1=1.00
PRI274,2=1.09
UPR274,2=1.09
QTY274,2=2.00
QTYUNIT274,2=1
GAMT274,2=2.18
AMT274,2=1.60
UGAMT274,2=2.18
UAMT274,2=1.60
PLU274,2=5054267007642
NAM274,2=LUCOZADE
GRP274,2=DRINKS
CRD274,2=3119
PRO274,2=MMH1887
DSCT274,2=2
DNAM274,2=L/ENRGY 2 FOR 1.60
DSC274,2=0.58
ART_MERCH_ID274,2=A
PRC274,2=20.00
VAMT274,2=0.27
EXC274,2=1.33
INC274,2=1.60
MOP274,1=1
MOP_ADDX274,1=10
ROP274,1=1
PM274,1=110
PA274,1=2.60
SLSTOT274=2.60
TYP275=2
DATI275=20200124084049
STATION_NR275=6111
SHF275=4613
ACC_REP_NR275=1177
OPID275=6
REF275=1179110174
SEQ275=1179110738095
SAFTDATI275=20200124084049
LCUR275=10
REPL275=2
MERCH_ID275,1=A
MERCH_NAME275,1=Discovery Filling Station Ltd
MERCH_RECEIPT_SEQ_NR275,1=611100992947
PMP275,1=6
PUMP_MODE275,1=1,1,1
NOZZLE275,1=1
NDATI275,1=20200124083902
START_DATE275,1=20200124083821
PRI275,1=1.249
BASEPRI275,1=1.249
QTY275,1=8.01
QTYUNIT275,1=2
GAMT275,1=10.00
AMT275,1=10.00
UGAMT275,1=10.00
UAMT275,1=10.00
PLU275,1=6
NAM275,1=FuelSave Unl
GRP275,1=59
CRD275,1=325
EXTREF275,1=FuelSave Unl
ART_MERCH_ID275,1=A
EXC275,1=10.00
INC275,1=10.00
NQUA_CHANGEABLE275,1=369513.04
PRI275,2=8.80
UPR275,2=8.80
QTY275,2=1.00
QTYUNIT275,2=1
GAMT275,2=8.80
AMT275,2=8.80
UGAMT275,2=8.80
UAMT275,2=8.80
PLU275,2=5000431027695
NAM275,2=L&B SK BLUE SMOOTH
GRP275,2=TOBACCO
CRD275,2=4019
ART_MERCH_ID275,2=A
PRC275,2=20.00
VAMT275,2=1.47
EXC275,2=7.33
INC275,2=8.80
MOP275,1=1
MOP_ADDX275,1=10
ROP275,1=1
PM275,1=110
PA275,1=20.00
MOP275,2=1
MOP_ADDX275,2=10
ROP275,2=2
PM275,2=5110
PA275,2=-1.20
SLSTOT275=18.80
TYP276=2
DATI276=20200124084022
STATION_NR276=6111
SHF276=2727
ACC_REP_NR276=1177
OPID276=5
REF276=1179120057
SEQ276=1179120274878
SAFTDATI276=20200124084022
LCUR276=10
PAN276=700205*******001105
MERCH_ID276,1=A
MERCH_NAME276,1=Discovery Filling Station Ltd
MERCH_RECEIPT_SEQ_NR276,1=611100992948
PMP276,1=3
PUMP_MODE276,1=1,1,1
NOZZLE276,1=3
NDATI276,1=20200124083939
START_DATE276,1=20200124083913
PRI276,1=1.299
BASEPRI276,1=1.299
QTY276,1=7.70
QTYUNIT276,1=2
GAMT276,1=10.00
AMT276,1=10.00
UGAMT276,1=10.00
UAMT276,1=10.00
PLU276,1=3
NAM276,1=FuelSave Dsl
GRP276,1=59
CRD276,1=425
EXTREF276,1=FuelSave Dsl
ART_MERCH_ID276,1=A
EXC276,1=10.00
INC276,1=10.00
NQUA_CHANGEABLE276,1=1277029.54
CPPAN276,1=700205*******001105
MOP276,1=6
MOP_ADDX276,1=50
MOP_ADDY276,1=1
ROP276,1=1
PM276,1=949
PSUB276,1=1
PA276,1=10.00
SLSTOT276=10.00
TYP277=2
DATI277=20200124084113
STATION_NR277=6111
SHF277=2727
ACC_REP_NR277=1177
OPID277=5
REF277=1179120058
SEQ277=1179120274879
SAFTDATI277=20200124084113
LCUR277=10
REPL277=2
MERCH_ID277,1=A
MERCH_NAME277,1=Discovery Filling Station Ltd
MERCH_RECEIPT_SEQ_NR277,1=611100992949
PMP277,1=5
PUMP_MODE277,1=1,1,1
NOZZLE277,1=2
NDATI277,1=20200124084019
START_DATE277,1=20200124083856
PRI277,1=1.299
BASEPRI277,1=1.299
QTY277,1=20.79
QTYUNIT277,1=2
GAMT277,1=27.01
AMT277,1=27.01
UGAMT277,1=27.01
UAMT277,1=27.01
PLU277,1=3
NAM277,1=FuelSave Dsl
GRP277,1=59
CRD277,1=425
EXTREF277,1=FuelSave Dsl
ART_MERCH_ID277,1=A
EXC277,1=27.01
INC277,1=27.01
NQUA_CHANGEABLE277,1=1114833.49
MOP277,1=1
MOP_ADDX277,1=10
ROP277,1=1
PM277,1=110
PA277,1=27.01
SLSTOT277=27.01
TYP278=2
DATI278=20200124084110
STATION_NR278=6111
SHF278=4613
ACC_REP_NR278=1177
OPID278=6
REF278=1179110175
SEQ278=1179110738096
SAFTDATI278=20200124084110
LCUR278=10
PAN278=700205*******001097
MERCH_ID278,1=A
MERCH_NAME278,1=Discovery Filling Station Ltd
MERCH_RECEIPT_SEQ_NR278,1=611100992950
PMP278,1=1
PUMP_MODE278,1=1,1,1
NOZZLE278,1=2
NDATI278,1=20200124083949
START_DATE278,1=20200124083913
PRI278,1=1.299
BASEPRI278,1=1.299
QTY278,1=11.57
QTYUNIT278,1=2
GAMT278,1=15.03
AMT278,1=15.03
UGAMT278,1=15.03
UAMT278,1=15.03
PLU278,1=3
NAM278,1=FuelSave Dsl
GRP278,1=59
CRD278,1=425
EXTREF278,1=FuelSave Dsl
ART_MERCH_ID278,1=A
EXC278,1=15.03
INC278,1=15.03
NQUA_CHANGEABLE278,1=825640.28
CPPAN278,1=700205*******001097
MOP278,1=6
MOP_ADDX278,1=50
MOP_ADDY278,1=1
ROP278,1=1
PM278,1=949
PSUB278,1=1
PA278,1=15.03
SLSTOT278=15.03
TYP279=2
DATI279=20200124084325
STATION_NR279=6111
SHF279=2727
ACC_REP_NR279=1177
OPID279=5
REF279=1179120059
SEQ279=1179120274880
SAFTDATI279=20200124084325
LCUR279=10
REPL279=2
MERCH_ID279,1=A
MERCH_NAME279,1=Discovery Filling Station Ltd
MERCH_RECEIPT_SEQ_NR279,1=611100992951
PMP279,1=3
PUMP_MODE279,1=1,1,1
NOZZLE279,1=3
NDATI279,1=20200124084244
START_DATE279,1=20200124084146
PRI279,1=1.299
BASEPRI279,1=1.299
QTY279,1=23.10
QTYUNIT279,1=2
GAMT279,1=30.01
AMT279,1=30.01
UGAMT279,1=30.01
UAMT279,1=30.01
PLU279,1=3
NAM279,1=FuelSave Dsl
GRP279,1=59
CRD279,1=425
EXTREF279,1=FuelSave Dsl
ART_MERCH_ID279,1=A
EXC279,1=30.01
INC279,1=30.01
NQUA_CHANGEABLE279,1=1277052.64
PRI279,2=2.40
UPR279,2=2.40
QTY279,2=1.00
QTYUNIT279,2=1
GAMT279,2=2.40
AMT279,2=2.40
UGAMT279,2=2.40
UAMT279,2=2.40
PLU279,2=1010
NAM279,2=REGULAR 12OZ HOT DRI
GRP279,2=DRINKS PROMO
CRD279,2=6000
ART_MERCH_ID279,2=A
PRC279,2=20.00
VAMT279,2=0.40
EXC279,2=2.00
INC279,2=2.40
MOP279,1=1
MOP_ADDX279,1=10
ROP279,1=1
PM279,1=110
PA279,1=40.00
MOP279,2=1
MOP_ADDX279,2=10
ROP279,2=2
PM279,2=5110
PA279,2=-7.59
SLSTOT279=32.41
TYP280=21
SPEC_TYPE280=13
DATI280=20200124084339
STATION_NR280=6111
SHF280=2727
OPID280=5
SPEC_ADDD280=Open cash drawer
TYP281=2
DATI281=20200124084352
STATION_NR281=6111
SHF281=4613
ACC_REP_NR281=1177
OPID281=6
REF281=1179110176
SEQ281=1179110738097
SAFTDATI281=20200124084352
LCUR281=10
REPL281=2
MERCH_ID281,1=A
MERCH_NAME281,1=Discovery Filling Station Ltd
MERCH_RECEIPT_SEQ_NR281,1=611100992952
PMP281,1=1
PUMP_MODE281,1=1,1,1
NOZZLE281,1=1
NDATI281,1=20200124084318
START_DATE281,1=20200124084237
PRI281,1=1.249
BASEPRI281,1=1.249
QTY281,1=16.03
QTYUNIT281,1=2
GAMT281,1=20.02
AMT281,1=20.02
UGAMT281,1=20.02
UAMT281,1=20.02
PLU281,1=6
NAM281,1=FuelSave Unl
GRP281,1=59
CRD281,1=325
EXTREF281,1=FuelSave Unl
ART_MERCH_ID281,1=A
EXC281,1=20.02
INC281,1=20.02
NQUA_CHANGEABLE281,1=662199.58
MOP281,1=1
MOP_ADDX281,1=10
ROP281,1=1
PM281,1=110
PA281,1=20.20
MOP281,2=1
MOP_ADDX281,2=10
ROP281,2=2
PM281,2=5110
PA281,2=-0.18
SLSTOT281=20.02
TYP282=2
DATI282=20200124084443
STATION_NR282=6111
SHF282=4613
ACC_REP_NR282=1177
OPID282=6
REF282=1179110177
SEQ282=1179110738098
SAFTDATI282=20200124084443
LCUR282=10
PAN282=700205*******001105
MERCH_ID282,1=A
MERCH_NAME282,1=Discovery Filling Station Ltd
MERCH_RECEIPT_SEQ_NR282,1=611100992953
PMP282,1=5
PUMP_MODE282,1=1,1,1
NOZZLE282,1=1
NDATI282,1=20200124084405
START_DATE282,1=20200124084338
PRI282,1=1.249
BASEPRI282,1=1.249
QTY282,1=8.01
QTYUNIT282,1=2
GAMT282,1=10.00
AMT282,1=10.00
UGAMT282,1=10.00
UAMT282,1=10.00
PLU282,1=6
NAM282,1=FuelSave Unl
GRP282,1=59
CRD282,1=325
EXTREF282,1=FuelSave Unl
ART_MERCH_ID282,1=A
EXC282,1=10.00
INC282,1=10.00
NQUA_CHANGEABLE282,1=1062027.12
CPPAN282,1=700205*******001105
MOP282,1=6
MOP_ADDX282,1=50
MOP_ADDY282,1=1
ROP282,1=1
PM282,1=949
PSUB282,1=1
PA282,1=10.00
SLSTOT282=10.00
TYP283=2
DATI283=20200124084608
STATION_NR283=6111
SHF283=4613
ACC_REP_NR283=1177
OPID283=6
REF283=1179110178
SEQ283=1179110738099
SAFTDATI283=20200124084608
LCUR283=10
REPL283=2
MERCH_ID283,1=A
MERCH_NAME283,1=Discovery Filling Station Ltd
MERCH_RECEIPT_SEQ_NR283,1=611100992954
PRI283,1=0.49
UPR283,1=0.49
QTY283,1=1.00
QTYUNIT283,1=1
GAMT283,1=0.49
AMT283,1=0.49
UGAMT283,1=0.49
UAMT283,1=0.49
PLU283,1=5053827186766
NAM283,1=NG STRWBERRY
GRP283,1=GROCERY ZERO
CRD283,1=3100
ART_MERCH_ID283,1=A
EXC283,1=0.49
INC283,1=0.49
PRI283,2=0.49
UPR283,2=0.49
QTY283,2=1.00
QTYUNIT283,2=1
GAMT283,2=0.49
AMT283,2=0.49
UGAMT283,2=0.49
UAMT283,2=0.49
PLU283,2=5053827171694
NAM283,2=NGRN RSN BAR
GRP283,2=GROCERY ZERO
CRD283,2=3100
ART_MERCH_ID283,2=A
EXC283,2=0.49
INC283,2=0.49
MOP283,1=1
MOP_ADDX283,1=10
ROP283,1=1
PM283,1=110
PA283,1=1.00
MOP283,2=1
MOP_ADDX283,2=10
ROP283,2=2
PM283,2=5110
PA283,2=-0.02
SLSTOT283=0.98
TYP284=2
DATI284=20200124084606
STATION_NR284=6111
SHF284=2727
ACC_REP_NR284=1177
OPID284=5
REF284=1179120060
SEQ284=1179120274881
SAFTDATI284=20200124084606
LCUR284=10
PAN284=475748*******152
MERCH_ID284,1=A
MERCH_NAME284,1=Discovery Filling Station Ltd
MERCH_RECEIPT_SEQ_NR284,1=611100992955
PRI284,1=0.95
UPR284,1=0.95
QTY284,1=1.00
QTYUNIT284,1=1
GAMT284,1=0.95
AMT284,1=0.95
UGAMT284,1=0.95
UAMT284,1=0.95
PLU284,1=5010459007289
NAM284,1=H/SPRING SPORT 75CL
GRP284,1=DRINKS
CRD284,1=3119
ART_MERCH_ID284,1=A
PRC284,1=20.00
VAMT284,1=0.16
EXC284,1=0.79
INC284,1=0.95
PRI284,2=8.70
UPR284,2=8.70
QTY284,2=1.00
QTYUNIT284,2=1
GAMT284,2=8.70
AMT284,2=8.70
UGAMT284,2=8.70
UAMT284,2=8.70
PLU284,2=5000431027572
NAM284,2=L&B KS BLUE 20
GRP284,2=TOBACCO
CRD284,2=4019
ART_MERCH_ID284,2=A
PRC284,2=20.00
VAMT284,2=1.45
EXC284,2=7.25
INC284,2=8.70
CPPAN284,1=475748*******152
MOP284,1=6
MOP_ADDX284,1=50
MOP_ADDY284,1=12
ROP284,1=1
PM284,1=949
PSUB284,1=12
PA284,1=9.65
SLSTOT284=9.65
TYP285=2
DATI285=20200124084636
STATION_NR285=6111
SHF285=4613
ACC_REP_NR285=1177
OPID285=6
REF285=1179110179
SEQ285=1179110738100
SAFTDATI285=20200124084636
LCUR285=10
PAN285=475129*******979
MERCH_ID285,1=A
MERCH_NAME285,1=Discovery Filling Station Ltd
MERCH_RECEIPT_SEQ_NR285,1=611100992956
PMP285,1=6
PUMP_MODE285,1=1,1,1
NOZZLE285,1=2
NDATI285,1=20200124084601
START_DATE285,1=20200124084339
PRI285,1=1.299
BASEPRI285,1=1.299
QTY285,1=58.76
QTYUNIT285,1=2
GAMT285,1=76.33
AMT285,1=76.33
UGAMT285,1=76.33
UAMT285,1=76.33
PLU285,1=3
NAM285,1=FuelSave Dsl
GRP285,1=59
CRD285,1=425
EXTREF285,1=FuelSave Dsl
ART_MERCH_ID285,1=A
EXC285,1=76.33
INC285,1=76.33
NQUA_CHANGEABLE285,1=1186311.03
CPPAN285,1=475129*******979
MOP285,1=6
MOP_ADDX285,1=50
MOP_ADDY285,1=12
ROP285,1=1
PM285,1=949
PSUB285,1=12
PA285,1=76.33
SLSTOT285=76.33
TYP286=2
DATI286=20200124084814
STATION_NR286=6111
SHF286=2727
ACC_REP_NR286=1177
OPID286=5
REF286=1179120061
SEQ286=1179120274882
SAFTDATI286=20200124084814
LCUR286=10
PAN286=377388******008
MERCH_ID286,1=A
MERCH_NAME286,1=Discovery Filling Station Ltd
MERCH_RECEIPT_SEQ_NR286,1=611100992957
PRI286,1=1.00
UPR286,1=1.00
QTY286,1=1.00
QTYUNIT286,1=1
GAMT286,1=1.00
AMT286,1=1.00
UGAMT286,1=1.00
UAMT286,1=1.00
PLU286,1=5000168200866
NAM286,1=MCV JAFFA CA
GRP286,1=GROCERY ZERO
CRD286,1=3100
ART_MERCH_ID286,1=A
EXC286,1=1.00
INC286,1=1.00
PRI286,2=1.00
UPR286,2=1.00
QTY286,2=1.00
QTYUNIT286,2=1
GAMT286,2=1.00
AMT286,2=1.00
UGAMT286,2=1.00
UAMT286,2=1.00
PLU286,2=5010459005025
NAM286,2=HIGHLAND SPRING 1.5L
GRP286,2=DRINKS
CRD286,2=3119
ART_MERCH_ID286,2=A
PRC286,2=20.00
VAMT286,2=0.17
EXC286,2=0.83
INC286,2=1.00
PRI286,3=1.35
UPR286,3=1.35
QTY286,3=2.00
QTYUNIT286,3=1
GAMT286,3=2.70
AMT286,3=2.70
UGAMT286,3=2.70
UAMT286,3=2.70
PLU286,3=5060517883034
NAM286,3=MONSTER
GRP286,3=DRINKS
CRD286,3=3119
ART_MERCH_ID286,3=A
PRC286,3=20.00
VAMT286,3=0.45
EXC286,3=2.25
INC286,3=2.70
PMP286,4=1
PUMP_MODE286,4=1,1,1
NOZZLE286,4=2
NDATI286,4=20200124084801
START_DATE286,4=20200124084732
PRI286,4=1.299
BASEPRI286,4=1.299
QTY286,4=7.70
QTYUNIT286,4=2
GAMT286,4=10.00
AMT286,4=10.00
UGAMT286,4=10.00
UAMT286,4=10.00
PLU286,4=3
NAM286,4=FuelSave Dsl
GRP286,4=59
CRD286,4=425
EXTREF286,4=FuelSave Dsl
ART_MERCH_ID286,4=A
EXC286,4=10.00
INC286,4=10.00
NQUA_CHANGEABLE286,4=825647.98
CPPAN286,1=377388******008
MOP286,1=6
MOP_ADDX286,1=50
MOP_ADDY286,1=17
ROP286,1=1
PM286,1=949
PSUB286,1=17
PA286,1=14.70
SLSTOT286=14.70
TYP287=2
DATI287=20200124084842
STATION_NR287=6111
SHF287=2727
ACC_REP_NR287=1177
OPID287=5
REF287=1179120062
SEQ287=1179120274883
SAFTDATI287=20200124084842
LCUR287=10
PAN287=557351*******006
MERCH_ID287,1=A
MERCH_NAME287,1=Discovery Filling Station Ltd
MERCH_RECEIPT_SEQ_NR287,1=611100992958
PMP287,1=3
PUMP_MODE287,1=1,1,1
NOZZLE287,1=1
NDATI287,1=20200124084816
START_DATE287,1=20200124084726
PRI287,1=1.249
BASEPRI287,1=1.249
QTY287,1=24.02
QTYUNIT287,1=2
GAMT287,1=30.00
AMT287,1=30.00
UGAMT287,1=30.00
UAMT287,1=30.00
PLU287,1=6
NAM287,1=FuelSave Unl
GRP287,1=59
CRD287,1=325
EXTREF287,1=FuelSave Unl
ART_MERCH_ID287,1=A
EXC287,1=30.00
INC287,1=30.00
NQUA_CHANGEABLE287,1=1194191.58
CPPAN287,1=557351*******006
MOP287,1=6
MOP_ADDX287,1=50
MOP_ADDY287,1=14
ROP287,1=1
PM287,1=949
PSUB287,1=14
PA287,1=30.00
SLSTOT287=30.00
TYP288=2
DATI288=20200124084841
STATION_NR288=6111
SHF288=4613
ACC_REP_NR288=1177
OPID288=6
REF288=1179110180
SEQ288=1179110738101
SAFTDATI288=20200124084841
LCUR288=10
PAN288=475117*******771
MERCH_ID288,1=A
MERCH_NAME288,1=Discovery Filling Station Ltd
MERCH_RECEIPT_SEQ_NR288,1=611100992959
PMP288,1=2
PUMP_MODE288,1=1,1,1
NOZZLE288,1=2
NDATI288,1=20200124084718
START_DATE288,1=20200124084635
PRI288,1=1.299
BASEPRI288,1=1.299
QTY288,1=15.41
QTYUNIT288,1=2
GAMT288,1=20.02
AMT288,1=20.02
UGAMT288,1=20.02
UAMT288,1=20.02
PLU288,1=3
NAM288,1=FuelSave Dsl
GRP288,1=59
CRD288,1=425
EXTREF288,1=FuelSave Dsl
ART_MERCH_ID288,1=A
EXC288,1=20.02
INC288,1=20.02
NQUA_CHANGEABLE288,1=1554797.58
PRI288,2=1.25
UPR288,2=1.25
QTY288,2=1.00
QTYUNIT288,2=1
GAMT288,2=1.25
AMT288,2=1.25
UGAMT288,2=1.25
UAMT288,2=1.25
PLU288,2=5060639122738
NAM288,2=MONSTER
GRP288,2=DRINKS
CRD288,2=3119
ART_MERCH_ID288,2=A
PRC288,2=20.00
VAMT288,2=0.21
EXC288,2=1.04
INC288,2=1.25
CPPAN288,1=475117*******771
MOP288,1=6
MOP_ADDX288,1=50
MOP_ADDY288,1=12
ROP288,1=1
PM288,1=949
PSUB288,1=12
PA288,1=21.27
SLSTOT288=21.27
TYP289=2
DATI289=20200124085038
STATION_NR289=6111
SHF289=4613
ACC_REP_NR289=1177
OPID289=6
REF289=1179110181
SEQ289=1179110738102
SAFTDATI289=20200124085038
LCUR289=10
PAN289=475117*******355
MERCH_ID289,1=A
MERCH_NAME289,1=Discovery Filling Station Ltd
MERCH_RECEIPT_SEQ_NR289,1=611100992960
PMP289,1=4
PUMP_MODE289,1=1,1,1
NOZZLE289,1=3
NDATI289,1=20200124084935
START_DATE289,1=20200124084829
PRI289,1=1.299
BASEPRI289,1=1.299
QTY289,1=30.84
QTYUNIT289,1=2
GAMT289,1=40.06
AMT289,1=40.06
UGAMT289,1=40.06
UAMT289,1=40.06
PLU289,1=3
NAM289,1=FuelSave Dsl
GRP289,1=59
CRD289,1=425
EXTREF289,1=FuelSave Dsl
ART_MERCH_ID289,1=A
EXC289,1=40.06
INC289,1=40.06
NQUA_CHANGEABLE289,1=1502242.28
PRI289,2=2.70
UPR289,2=2.70
QTY289,2=1.00
QTYUNIT289,2=1
GAMT289,2=2.70
AMT289,2=2.70
UGAMT289,2=2.70
UAMT289,2=2.70
PLU289,2=1009
NAM289,2=LARGE 16OZ HOT DRINK
GRP289,2=DRINKS PROMO
CRD289,2=6000
ART_MERCH_ID289,2=A
PRC289,2=20.00
VAMT289,2=0.45
EXC289,2=2.25
INC289,2=2.70
CPPAN289,1=475117*******355
MOP289,1=6
MOP_ADDX289,1=50
MOP_ADDY289,1=12
ROP289,1=1
PM289,1=949
PSUB289,1=12
PA289,1=42.76
SLSTOT289=42.76
TYP290=2
DATI290=20200124085403
STATION_NR290=6111
SHF290=4613
ACC_REP_NR290=1177
OPID290=6
REF290=1179110182
SEQ290=1179110738103
SAFTDATI290=20200124085403
LCUR290=10
PAN290=446292*******340
MERCH_ID290,1=A
MERCH_NAME290,1=Discovery Filling Station Ltd
MERCH_RECEIPT_SEQ_NR290,1=611100992961
PMP290,1=6
PUMP_MODE290,1=1,1,1
NOZZLE290,1=1
NDATI290,1=20200124085220
START_DATE290,1=20200124085148
PRI290,1=1.249
BASEPRI290,1=1.249
QTY290,1=8.01
QTYUNIT290,1=2
GAMT290,1=10.00
AMT290,1=10.00
UGAMT290,1=10.00
UAMT290,1=10.00
PLU290,1=6
NAM290,1=FuelSave Unl
GRP290,1=59
CRD290,1=325
EXTREF290,1=FuelSave Unl
ART_MERCH_ID290,1=A
EXC290,1=10.00
INC290,1=10.00
NQUA_CHANGEABLE290,1=369521.05
PRI290,2=1.59
UPR290,2=1.59
QTY290,2=1.00
QTYUNIT290,2=1
GAMT290,2=1.59
AMT290,2=1.59
UGAMT290,2=1.59
UAMT290,2=1.59
PLU290,2=5060147114454
NAM290,2=SANDWICH
GRP290,2=CHILLED FOOD
CRD290,2=3400
ART_MERCH_ID290,2=A
EXC290,2=1.59
INC290,2=1.59
PRI290,3=2.75
UPR290,3=2.75
QTY290,3=1.00
QTYUNIT290,3=1
GAMT290,3=2.75
AMT290,3=2.75
UGAMT290,3=2.75
UAMT290,3=2.75
PLU290,3=5055109220144
NAM290,3=CLARKS FRENCH DEMI B
GRP290,3=SANDWICHES
CRD290,3=6000
ART_MERCH_ID290,3=A
EXC290,3=2.75
INC290,3=2.75
PRI290,4=0.69
UPR290,4=0.69
QTY290,4=1.00
QTYUNIT290,4=1
GAMT290,4=0.69
AMT290,4=0.69
UGAMT290,4=0.69
UAMT290,4=0.69
PLU290,4=5000112628883
NAM290,4=DIET COKE
GRP290,4=DRINKS
CRD290,4=3119
ART_MERCH_ID290,4=A
PRC290,4=20.00
VAMT290,4=0.11
EXC290,4=0.58
INC290,4=0.69
PRI290,5=0.69
UPR290,5=0.69
QTY290,5=1.00
QTYUNIT290,5=1
GAMT290,5=0.69
AMT290,5=0.69
UGAMT290,5=0.69
UAMT290,5=0.69
PLU290,5=5000112628883
NAM290,5=DIET COKE
GRP290,5=DRINKS
CRD290,5=3119
ART_MERCH_ID290,5=A
PRC290,5=20.00
VAMT290,5=0.11
EXC290,5=0.58
INC290,5=0.69
CPPAN290,1=446292*******340
MOP290,1=6
MOP_ADDX290,1=50
MOP_ADDY290,1=12
ROP290,1=1
PM290,1=949
PSUB290,1=12
PA290,1=15.72
SLSTOT290=15.72
TYP291=2
DATI291=20200124085424
STATION_NR291=6111
SHF291=4613
ACC_REP_NR291=1177
OPID291=6
REF291=1179110183
SEQ291=1179110738104
SAFTDATI291=20200124085424
LCUR291=10
PAN291=557351*******019
MERCH_ID291,1=A
MERCH_NAME291,1=Discovery Filling Station Ltd
MERCH_RECEIPT_SEQ_NR291,1=611100992962
PMP291,1=3
PUMP_MODE291,1=1,1,1
NOZZLE291,1=3
NDATI291,1=20200124085346
START_DATE291,1=20200124085231
PRI291,1=1.299
BASEPRI291,1=1.299
QTY291,1=23.10
QTYUNIT291,1=2
GAMT291,1=30.01
AMT291,1=30.01
UGAMT291,1=30.01
UAMT291,1=30.01
PLU291,1=3
NAM291,1=FuelSave Dsl
GRP291,1=59
CRD291,1=425
EXTREF291,1=FuelSave Dsl
ART_MERCH_ID291,1=A
EXC291,1=30.01
INC291,1=30.01
NQUA_CHANGEABLE291,1=1277075.74
CPPAN291,1=557351*******019
MOP291,1=6
MOP_ADDX291,1=50
MOP_ADDY291,1=14
ROP291,1=1
PM291,1=949
PSUB291,1=14
PA291,1=30.01
SLSTOT291=30.01
TYP292=2
DATI292=20200124085554
STATION_NR292=6111
SHF292=2727
ACC_REP_NR292=1177
OPID292=5
REF292=1179120063
SEQ292=1179120274884
SAFTDATI292=20200124085554
LCUR292=10
PAN292=402451*******377
MERCH_ID292,1=A
MERCH_NAME292,1=Discovery Filling Station Ltd
MERCH_RECEIPT_SEQ_NR292,1=611100992963
PMP292,1=5
PUMP_MODE292,1=1,1,1
NOZZLE292,1=2
NDATI292,1=20200124085527
START_DATE292,1=20200124085443
PRI292,1=1.299
BASEPRI292,1=1.299
QTY292,1=9.85
QTYUNIT292,1=2
GAMT292,1=12.80
AMT292,1=12.80
UGAMT292,1=12.80
UAMT292,1=12.80
PLU292,1=3
NAM292,1=FuelSave Dsl
GRP292,1=59
CRD292,1=425
EXTREF292,1=FuelSave Dsl
ART_MERCH_ID292,1=A
EXC292,1=12.80
INC292,1=12.80
NQUA_CHANGEABLE292,1=1114843.34
CPPAN292,1=402451*******377
MOP292,1=6
MOP_ADDX292,1=50
MOP_ADDY292,1=13
ROP292,1=1
PM292,1=949
PSUB292,1=13
PA292,1=12.80
SLSTOT292=12.80
TYP293=2
DATI293=20200124085733
STATION_NR293=6111
SHF293=4613
ACC_REP_NR293=1177
OPID293=6
REF293=1179110184
SEQ293=1179110738105
SAFTDATI293=20200124085733
LCUR293=10
PAN293=706650******606
MERCH_ID293,1=A
MERCH_NAME293,1=Discovery Filling Station Ltd
MERCH_RECEIPT_SEQ_NR293,1=611100992964
PMP293,1=4
PUMP_MODE293,1=1,1,1
NOZZLE293,1=3
NDATI293,1=20200124085652
START_DATE293,1=20200124085525
PRI293,1=1.299
BASEPRI293,1=1.299
QTY293,1=33.69
QTYUNIT293,1=2
GAMT293,1=43.76
AMT293,1=43.76
UGAMT293,1=43.76
UAMT293,1=43.76
PLU293,1=3
NAM293,1=FuelSave Dsl
GRP293,1=59
CRD293,1=425
EXTREF293,1=FuelSave Dsl
ART_MERCH_ID293,1=A
EXC293,1=43.76
INC293,1=43.76
NQUA_CHANGEABLE293,1=1502275.97
CPPAN293,1=706650******606
MOP293,1=6
MOP_ADDX293,1=50
MOP_ADDY293,1=10
ROP293,1=1
PM293,1=949
PSUB293,1=10
PA293,1=43.76
SLSTOT293=43.76
TYP294=2
DATI294=20200124090036
STATION_NR294=6111
SHF294=4613
ACC_REP_NR294=1177
OPID294=6
REF294=1179110185
SEQ294=1179110738106
SAFTDATI294=20200124090036
LCUR294=10
REPL294=2
MERCH_ID294,1=A
MERCH_NAME294,1=Discovery Filling Station Ltd
MERCH_RECEIPT_SEQ_NR294,1=611100992965
PMP294,1=2
PUMP_MODE294,1=1,1,1
NOZZLE294,1=2
NDATI294,1=20200124090013
START_DATE294,1=20200124085938
PRI294,1=1.299
BASEPRI294,1=1.299
QTY294,1=13.09
QTYUNIT294,1=2
GAMT294,1=17.00
AMT294,1=17.00
UGAMT294,1=17.00
UAMT294,1=17.00
PLU294,1=3
NAM294,1=FuelSave Dsl
GRP294,1=59
CRD294,1=425
EXTREF294,1=FuelSave Dsl
ART_MERCH_ID294,1=A
EXC294,1=17.00
INC294,1=17.00
NQUA_CHANGEABLE294,1=1554810.67
MOP294,1=1
MOP_ADDX294,1=10
ROP294,1=1
PM294,1=110
PA294,1=17.00
SLSTOT294=17.00
TYP295=2
DATI295=20200124090214
STATION_NR295=6111
SHF295=4613
ACC_REP_NR295=1177
OPID295=6
REF295=1179110186
SEQ295=1179110738107
SAFTDATI295=20200124090214
LCUR295=10
REPL295=2
MERCH_ID295,1=A
MERCH_NAME295,1=Discovery Filling Station Ltd
MERCH_RECEIPT_SEQ_NR295,1=611100992966
PRI295,1=1.59
UPR295,1=1.59
QTY295,1=1.00
QTYUNIT295,1=1
GAMT295,1=1.59
AMT295,1=1.59
UGAMT295,1=1.59
UAMT295,1=1.59
PLU295,1=9002490239565
NAM295,1=RED BULL
GRP295,1=DRINKS
CRD295,1=3119
ART_MERCH_ID295,1=A
PRC295,1=20.00
VAMT295,1=0.26
EXC295,1=1.33
INC295,1=1.59
PRI295,2=1.39
UPR295,2=1.39
QTY295,2=1.00
QTYUNIT295,2=1
GAMT295,2=1.39
AMT295,2=1.39
UGAMT295,2=1.39
UAMT295,2=1.39
PLU295,2=5060639123025
NAM295,2=MONSTER
GRP295,2=DRINKS
CRD295,2=3119
ART_MERCH_ID295,2=A
PRC295,2=20.00
VAMT295,2=0.23
EXC295,2=1.16
INC295,2=1.39
PRI295,3=1.00
UPR295,3=1.00
QTY295,3=1.00
QTYUNIT295,3=1
GAMT295,3=1.00
AMT295,3=1.00
UGAMT295,3=1.00
UAMT295,3=1.00
PLU295,3=5900951139246
NAM295,3=GAL CML PM10
GRP295,3=CONFECTIONERY
CRD295,3=3119
ART_MERCH_ID295,3=A
PRC295,3=20.00
VAMT295,3=0.17
EXC295,3=0.83
INC295,3=1.00
PRI295,4=3.00
UPR295,4=3.00
QTY295,4=1.00
QTYUNIT295,4=1
GAMT295,4=3.00
AMT295,4=3.00
UGAMT295,4=3.00
UAMT295,4=3.00
PLU295,4=5031390115406
NAM295,4=TREASURE BINGO
GRP295,4=LOTTERY SRATCHC
CRD295,4=9500
ART_MERCH_ID295,4=A
EXC295,4=3.00
INC295,4=3.00
MOP295,1=1
MOP_ADDX295,1=10
ROP295,1=1
PM295,1=110
PA295,1=10.00
MOP295,2=1
MOP_ADDX295,2=10
ROP295,2=2
PM295,2=5110
PA295,2=-3.02
SLSTOT295=6.98
TYP296=2
DATI296=20200124090322
STATION_NR296=6111
SHF296=4613
ACC_REP_NR296=1177
OPID296=6
REF296=1179110187
SEQ296=1179110738108
SAFTDATI296=20200124090322
LCUR296=10
REPL296=2
MERCH_ID296,1=A
MERCH_NAME296,1=Discovery Filling Station Ltd
MERCH_RECEIPT_SEQ_NR296,1=611100992967
PRI296,1=1.85
UPR296,1=1.85
QTY296,1=1.00
QTYUNIT296,1=1
GAMT296,1=1.85
AMT296,1=1.85
UGAMT296,1=1.85
UAMT296,1=1.85
PLU296,1=490411
NAM296,1=CLARKS STEAK & GRAVY
GRP296,1=CHILLED FOOD
CRD296,1=3400
ART_MERCH_ID296,1=A
EXC296,1=1.85
INC296,1=1.85
MOP296,1=1
MOP_ADDX296,1=10
ROP296,1=1
PM296,1=110
PA296,1=2.00
MOP296,2=1
MOP_ADDX296,2=10
ROP296,2=2
PM296,2=5110
PA296,2=-0.15
SLSTOT296=1.85
TYP297=2
DATI297=20200124090402
STATION_NR297=6111
SHF297=4613
ACC_REP_NR297=1177
OPID297=6
REF297=1179110188
SEQ297=1179110738109
SAFTDATI297=20200124090402
LCUR297=10
PAN297=475714*******339
MERCH_ID297,1=A
MERCH_NAME297,1=Discovery Filling Station Ltd
MERCH_RECEIPT_SEQ_NR297,1=611100992968
PMP297,1=4
PUMP_MODE297,1=1,1,1
NOZZLE297,1=1
NDATI297,1=20200124090200
START_DATE297,1=20200124090120
PRI297,1=1.249
BASEPRI297,1=1.249
QTY297,1=12.01
QTYUNIT297,1=2
GAMT297,1=15.00
AMT297,1=15.00
UGAMT297,1=15.00
UAMT297,1=15.00
PLU297,1=6
NAM297,1=FuelSave Unl
GRP297,1=59
CRD297,1=325
EXTREF297,1=FuelSave Unl
ART_MERCH_ID297,1=A
EXC297,1=15.00
INC297,1=15.00
NQUA_CHANGEABLE297,1=708146.43
PRI297,2=0.65
UPR297,2=0.65
QTY297,2=1.00
QTYUNIT297,2=1
GAMT297,2=0.65
AMT297,2=0.65
UGAMT297,2=0.65
UAMT297,2=0.65
PLU297,2=5000328142166
NAM297,2=WLKRS C&0
GRP297,2=CRISPS
CRD297,2=3219
ART_MERCH_ID297,2=A
PRC297,2=20.00
VAMT297,2=0.11
EXC297,2=0.54
INC297,2=0.65
PRI297,3=1.89
UPR297,3=1.89
QTY297,3=1.00
QTYUNIT297,3=1
GAMT297,3=1.89
AMT297,3=1.89
UGAMT297,3=1.89
UAMT297,3=1.89
PLU297,3=5055109260270
NAM297,3=CLARKS STANDARD FILL
GRP297,3=SANDWICHES
CRD297,3=6000
ART_MERCH_ID297,3=A
EXC297,3=1.89
INC297,3=1.89
CPPAN297,1=475714*******339
MOP297,1=6
MOP_ADDX297,1=50
MOP_ADDY297,1=12
ROP297,1=1
PM297,1=949
PSUB297,1=12
PA297,1=17.54
SLSTOT297=17.54
TYP298=2
DATI298=20200124090454
STATION_NR298=6111
SHF298=4613
ACC_REP_NR298=1177
OPID298=6
REF298=1179110189
SEQ298=1179110738110
SAFTDATI298=20200124090454
LCUR298=10
PAN298=476367*******477
MERCH_ID298,1=A
MERCH_NAME298,1=Discovery Filling Station Ltd
MERCH_RECEIPT_SEQ_NR298,1=611100992969
PRI298,1=1.25
UPR298,1=1.25
QTY298,1=1.00
QTYUNIT298,1=1
GAMT298,1=1.25
AMT298,1=1.25
UGAMT298,1=1.25
UAMT298,1=1.25
PLU298,1=5060639122578
NAM298,1=MONSTER
GRP298,1=DRINKS
CRD298,1=3119
ART_MERCH_ID298,1=A
PRC298,1=5.00
VAMT298,1=0.06
EXC298,1=1.19
INC298,1=1.25
PRI298,2=1.25
UPR298,2=1.25
QTY298,2=1.00
QTYUNIT298,2=1
GAMT298,2=1.25
AMT298,2=1.25
UGAMT298,2=1.25
UAMT298,2=1.25
PLU298,2=5060639122578
NAM298,2=MONSTER
GRP298,2=DRINKS
CRD298,2=3119
ART_MERCH_ID298,2=A
PRC298,2=5.00
VAMT298,2=0.06
EXC298,2=1.19
INC298,2=1.25
PRI298,3=1.25
UPR298,3=1.25
QTY298,3=1.00
QTYUNIT298,3=1
GAMT298,3=1.25
AMT298,3=1.25
UGAMT298,3=1.25
UAMT298,3=1.25
PLU298,3=5060639122806
NAM298,3=MONSTER
GRP298,3=DRINKS
CRD298,3=3119
ART_MERCH_ID298,3=A
PRC298,3=5.00
VAMT298,3=0.06
EXC298,3=1.19
INC298,3=1.25
CPPAN298,1=476367*******477
MOP298,1=6
MOP_ADDX298,1=50
MOP_ADDY298,1=12
ROP298,1=1
PM298,1=949
PSUB298,1=12
PA298,1=3.75
SLSTOT298=3.75
TYP299=2
DATI299=20200124090645
STATION_NR299=6111
SHF299=4613
ACC_REP_NR299=1177
OPID299=6
REF299=1179110190
SEQ299=1179110738111
SAFTDATI299=20200124090645
LCUR299=10
REPL299=2
MERCH_ID299,1=A
MERCH_NAME299,1=Discovery Filling Station Ltd
MERCH_RECEIPT_SEQ_NR299,1=611100992970
PRI299,1=5.99
UPR299,1=5.99
QTY299,1=1.00
QTYUNIT299,1=1
GAMT299,1=5.99
AMT299,1=5.99
UGAMT299,1=5.99
UAMT299,1=5.99
PLU299,1=5010373017678
NAM299,1=5LTR READY MIXED SCR
GRP299,1=CAR CARE
CRD299,1=2119
ART_MERCH_ID299,1=A
PRC299,1=20.00
VAMT299,1=1.00
EXC299,1=4.99
INC299,1=5.99
MOP299,1=1
MOP_ADDX299,1=10
ROP299,1=1
PM299,1=110
PA299,1=10.00
MOP299,2=1
MOP_ADDX299,2=10
ROP299,2=2
PM299,2=5110
PA299,2=-4.01
SLSTOT299=5.99
TYP300=2
DATI300=20200124090756
STATION_NR300=6111
SHF300=4613
ACC_REP_NR300=1177
OPID300=6
REF300=1179110191
SEQ300=1179110738112
SAFTDATI300=20200124090756
LCUR300=10
REPL300=2
MERCH_ID300,1=A
MERCH_NAME300,1=Discovery Filling Station Ltd
MERCH_RECEIPT_SEQ_NR300,1=611100992971
PRI300,1=2.40
UPR300,1=2.40
QTY300,1=1.00
QTYUNIT300,1=1
GAMT300,1=2.40
AMT300,1=2.40
UGAMT300,1=2.40
UAMT300,1=2.40
PLU300,1=1010
NAM300,1=REGULAR 12OZ HOT DRI
GRP300,1=DRINKS PROMO
CRD300,1=6000
ART_MERCH_ID300,1=A
PRC300,1=20.00
VAMT300,1=0.40
EXC300,1=2.00
INC300,1=2.40
MOP300,1=1
MOP_ADDX300,1=10
ROP300,1=1
PM300,1=110
PA300,1=2.50
MOP300,2=1
MOP_ADDX300,2=10
ROP300,2=2
PM300,2=5110
PA300,2=-0.10
SLSTOT300=2.40
TYP301=2
DATI301=20200124090813
STATION_NR301=6111
SHF301=4613
ACC_REP_NR301=1177
OPID301=6
REF301=1179110192
SEQ301=1179110738113
SAFTDATI301=20200124090813
LCUR301=10
PAN301=475130*******969
MERCH_ID301,1=A
MERCH_NAME301,1=Discovery Filling Station Ltd
MERCH_RECEIPT_SEQ_NR301,1=611100992972
PMP301,1=2
PUMP_MODE301,1=1,1,1
NOZZLE301,1=2
NDATI301,1=20200124090742
START_DATE301,1=20200124090530
PRI301,1=1.299
BASEPRI301,1=1.299
QTY301,1=53.27
QTYUNIT301,1=2
GAMT301,1=69.20
AMT301,1=69.20
UGAMT301,1=69.20
UAMT301,1=69.20
PLU301,1=3
NAM301,1=FuelSave Dsl
GRP301,1=59
CRD301,1=425
EXTREF301,1=FuelSave Dsl
ART_MERCH_ID301,1=A
EXC301,1=69.20
INC301,1=69.20
NQUA_CHANGEABLE301,1=1554863.94
CPPAN301,1=475130*******969
MOP301,1=6
MOP_ADDX301,1=50
MOP_ADDY301,1=12
ROP301,1=1
PM301,1=949
PSUB301,1=12
PA301,1=69.20
SLSTOT301=69.20
TYP302=2
DATI302=20200124090820
STATION_NR302=6111
SHF302=2727
ACC_REP_NR302=1177
OPID302=5
REF302=1179120064
SEQ302=1179120274885
SAFTDATI302=20200124090820
LCUR302=10
PAN302=475117*******184
MERCH_ID302,1=A
MERCH_NAME302,1=Discovery Filling Station Ltd
MERCH_RECEIPT_SEQ_NR302,1=611100992973
PMP302,1=3
PUMP_MODE302,1=1,1,1
NOZZLE302,1=1
NDATI302,1=20200124090733
START_DATE302,1=20200124090622
PRI302,1=1.249
BASEPRI302,1=1.249
QTY302,1=39.29
QTYUNIT302,1=2
GAMT302,1=49.07
AMT302,1=49.07
UGAMT302,1=49.07
UAMT302,1=49.07
PLU302,1=6
NAM302,1=FuelSave Unl
GRP302,1=59
CRD302,1=325
EXTREF302,1=FuelSave Unl
ART_MERCH_ID302,1=A
EXC302,1=49.07
INC302,1=49.07
NQUA_CHANGEABLE302,1=1194230.87
PRI302,2=0.90
UPR302,2=0.90
QTY302,2=1.00
QTYUNIT302,2=1
GAMT302,2=0.90
AMT302,2=0.90
UGAMT302,2=0.90
UAMT302,2=0.90
PLU302,2=8938506311516
NAM302,2=EXIS LIGHTER
GRP302,2=TOBACCO SUNDRIE
CRD302,2=4019
ART_MERCH_ID302,2=A
PRC302,2=20.00
VAMT302,2=0.15
EXC302,2=0.75
INC302,2=0.90
PRI302,3=11.25
UPR302,3=11.25
QTY302,3=1.00
QTYUNIT302,3=1
GAMT302,3=11.25
AMT302,3=11.25
UGAMT302,3=11.25
UAMT302,3=11.25
PLU302,3=5060592002818
NAM302,3=MARLBORO RED
GRP302,3=TOBACCO
CRD302,3=4019
ART_MERCH_ID302,3=A
PRC302,3=20.00
VAMT302,3=1.87
EXC302,3=9.38
INC302,3=11.25
CPPAN302,1=475117*******184
MOP302,1=6
MOP_ADDX302,1=50
MOP_ADDY302,1=12
ROP302,1=1
PM302,1=949
PSUB302,1=12
PA302,1=61.22
SLSTOT302=61.22
TYP303=2
DATI303=20200124091015
STATION_NR303=6111
SHF303=2727
ACC_REP_NR303=1177
OPID303=5
REF303=1179120065
SEQ303=1179120274886
SAFTDATI303=20200124091015
LCUR303=10
PAN303=465838*******276
MERCH_ID303,1=A
MERCH_NAME303,1=Discovery Filling Station Ltd
MERCH_RECEIPT_SEQ_NR303,1=611100992974
PRI303,1=1.09
UPR303,1=1.09
QTY303,1=4.00
QTYUNIT303,1=1
GAMT303,1=4.36
AMT303,1=3.20
UGAMT303,1=4.36
UAMT303,1=3.20
PLU303,1=5054267007642
NAM303,1=LUCOZADE
GRP303,1=DRINKS
CRD303,1=3119
PRO303,1=MMH1887
DSCT303,1=2
DNAM303,1=L/ENRGY 2 FOR 1.60
DSC303,1=1.16
ART_MERCH_ID303,1=A
PRC303,1=20.00
VAMT303,1=0.53
EXC303,1=2.67
INC303,1=3.20
PMP303,2=4
PUMP_MODE303,2=1,1,1
NOZZLE303,2=3
NDATI303,2=20200124090923
START_DATE303,2=20200124090745
PRI303,2=1.299
BASEPRI303,2=1.299
QTY303,2=46.21
QTYUNIT303,2=2
GAMT303,2=60.03
AMT303,2=60.03
UGAMT303,2=60.03
UAMT303,2=60.03
PLU303,2=3
NAM303,2=FuelSave Dsl
GRP303,2=59
CRD303,2=425
EXTREF303,2=FuelSave Dsl
ART_MERCH_ID303,2=A
EXC303,2=60.03
INC303,2=60.03
NQUA_CHANGEABLE303,2=1502322.18
CPPAN303,1=465838*******276
MOP303,1=6
MOP_ADDX303,1=50
MOP_ADDY303,1=12
ROP303,1=1
PM303,1=949
PSUB303,1=12
PA303,1=63.23
SLSTOT303=63.23
TYP304=2
DATI304=20200124090942
STATION_NR304=6111
SHF304=4613
ACC_REP_NR304=1177
OPID304=6
REF304=1179110193
SEQ304=1179110738114
SAFTDATI304=20200124090942
LCUR304=10
PAN304=471530*******581
MERCH_ID304,1=A
MERCH_NAME304,1=Discovery Filling Station Ltd
MERCH_RECEIPT_SEQ_NR304,1=611100992975
PMP304,1=5
PUMP_MODE304,1=1,1,1
NOZZLE304,1=2
NDATI304,1=20200124090855
START_DATE304,1=20200124090634
PRI304,1=1.299
BASEPRI304,1=1.299
QTY304,1=52.78
QTYUNIT304,1=2
GAMT304,1=68.56
AMT304,1=68.56
UGAMT304,1=68.56
UAMT304,1=68.56
PLU304,1=3
NAM304,1=FuelSave Dsl
GRP304,1=59
CRD304,1=425
EXTREF304,1=FuelSave Dsl
ART_MERCH_ID304,1=A
EXC304,1=68.56
INC304,1=68.56
NQUA_CHANGEABLE304,1=1114896.12
CPPAN304,1=471530*******581
MOP304,1=6
MOP_ADDX304,1=50
MOP_ADDY304,1=7
ROP304,1=1
PM304,1=949
PSUB304,1=7
PA304,1=68.56
SLSTOT304=68.56
TYP305=2
DATI305=20200124091111
STATION_NR305=6111
SHF305=4613
ACC_REP_NR305=1177
OPID305=6
REF305=1179110194
SEQ305=1179110738115
SAFTDATI305=20200124091111
LCUR305=10
PAN305=446271*******736
MERCH_ID305,1=A
MERCH_NAME305,1=Discovery Filling Station Ltd
MERCH_RECEIPT_SEQ_NR305,1=611100992976
PRI305,1=12.55
UPR305,1=12.55
QTY305,1=1.00
QTYUNIT305,1=1
GAMT305,1=12.55
AMT305,1=12.55
UGAMT305,1=12.55
UAMT305,1=12.55
PLU305,1=5000435011072
NAM305,1=PLAYERS RED VOLUME 3
GRP305,1=TOBACCO
CRD305,1=4019
ART_MERCH_ID305,1=A
PRC305,1=20.00
VAMT305,1=2.09
EXC305,1=10.46
INC305,1=12.55
CPPAN305,1=446271*******736
MOP305,1=6
MOP_ADDX305,1=50
MOP_ADDY305,1=12
ROP305,1=1
PM305,1=949
PSUB305,1=12
PA305,1=12.55
SLSTOT305=12.55
TYP306=21
SPEC_TYPE306=3
DATI306=20200124091135
STATION_NR306=6111
SHF306=2727
OPID306=5
LREF306=1179120066
SPEC_ID306=6
SPEC_NAME306=FuelSave Unl
SPEC_QUA306=43.20
SPEC_PRI306=1.249
SPEC_AMT306=53.96
SPEC_ADDD306=1
TYP307=2
DATI307=20200124091257
STATION_NR307=6111
SHF307=4613
ACC_REP_NR307=1177
OPID307=6
REF307=1179110195
SEQ307=1179110738116
SAFTDATI307=20200124091257
LCUR307=10
REPL307=2
MERCH_ID307,1=A
MERCH_NAME307,1=Discovery Filling Station Ltd
MERCH_RECEIPT_SEQ_NR307,1=611100992977
PMP307,1=3
PUMP_MODE307,1=1,1,1
NOZZLE307,1=3
NDATI307,1=20200124091232
START_DATE307,1=20200124091144
PRI307,1=1.299
BASEPRI307,1=1.299
QTY307,1=15.40
QTYUNIT307,1=2
GAMT307,1=20.00
AMT307,1=20.00
UGAMT307,1=20.00
UAMT307,1=20.00
PLU307,1=3
NAM307,1=FuelSave Dsl
GRP307,1=59
CRD307,1=425
EXTREF307,1=FuelSave Dsl
ART_MERCH_ID307,1=A
EXC307,1=20.00
INC307,1=20.00
NQUA_CHANGEABLE307,1=1277091.14
MOP307,1=1
MOP_ADDX307,1=10
ROP307,1=1
PM307,1=110
PA307,1=20.00
SLSTOT307=20.00
TYP308=2
DATI308=20200124091306
STATION_NR308=6111
SHF308=2727
ACC_REP_NR308=1177
OPID308=5
REF308=1179120067
SEQ308=1179120274887
SAFTDATI308=20200124091306
LCUR308=10
PAN308=700205*******551785
MERCH_ID308,1=A
MERCH_NAME308,1=Discovery Filling Station Ltd
MERCH_RECEIPT_SEQ_NR308,1=611100992978
PMP308,1=6
PUMP_MODE308,1=1,1,1
NOZZLE308,1=2
NDATI308,1=20200124091221
START_DATE308,1=20200124091006
PRI308,1=1.299
BASEPRI308,1=1.299
QTY308,1=56.05
QTYUNIT308,1=2
GAMT308,1=72.81
AMT308,1=72.81
UGAMT308,1=72.81
UAMT308,1=72.81
PLU308,1=3
NAM308,1=FuelSave Dsl
GRP308,1=59
CRD308,1=425
EXTREF308,1=FuelSave Dsl
ART_MERCH_ID308,1=A
EXC308,1=72.81
INC308,1=72.81
NQUA_CHANGEABLE308,1=1186367.08
CPPAN308,1=700205*******551785
MOP308,1=6
MOP_ADDX308,1=50
MOP_ADDY308,1=1
ROP308,1=1
PM308,1=949
PSUB308,1=1
PA308,1=72.81
SLSTOT308=72.81
TYP309=2
DATI309=20200124091407
STATION_NR309=6111
SHF309=2727
ACC_REP_NR309=1177
OPID309=5
REF309=1179120068
SEQ309=1179120274888
SAFTDATI309=20200124091407
LCUR309=10
PAN309=454742*******383
MERCH_ID309,1=A
MERCH_NAME309,1=Discovery Filling Station Ltd
MERCH_RECEIPT_SEQ_NR309,1=611100992979
PRI309,1=14.10
UPR309,1=14.10
QTY309,1=1.00
QTYUNIT309,1=1
GAMT309,1=14.10
AMT309,1=14.10
UGAMT309,1=14.10
UAMT309,1=14.10
PLU309,1=5000143958621
NAM309,1=A/LEAF 30G
GRP309,1=TOBACCO
CRD309,1=4019
ART_MERCH_ID309,1=A
PRC309,1=20.00
VAMT309,1=2.35
EXC309,1=11.75
INC309,1=14.10
PRI309,2=1.05
UPR309,2=1.05
QTY309,2=1.00
QTYUNIT309,2=1
GAMT309,2=1.05
AMT309,2=1.05
UGAMT309,2=1.05
UAMT309,2=1.05
PLU309,2=50226894
NAM309,2=SWAN EXT SLIM FILTER
GRP309,2=TOBACCO SUNDRIE
CRD309,2=4019
ART_MERCH_ID309,2=A
PRC309,2=20.00
VAMT309,2=0.17
EXC309,2=0.88
INC309,2=1.05
CPPAN309,1=454742*******383
MOP309,1=6
MOP_ADDX309,1=50
MOP_ADDY309,1=12
ROP309,1=1
PM309,1=949
PSUB309,1=12
PA309,1=15.15
SLSTOT309=15.15
TYP310=2
DATI310=20200124091414
STATION_NR310=6111
SHF310=4613
ACC_REP_NR310=1177
OPID310=6
REF310=1179110196
SEQ310=1179110738117
SAFTDATI310=20200124091414
LCUR310=10
PAN310=700205*******450348
MERCH_ID310,1=A
MERCH_NAME310,1=Discovery Filling Station Ltd
MERCH_RECEIPT_SEQ_NR310,1=611100992980
PMP310,1=2
PUMP_MODE310,1=1,1,1
NOZZLE310,1=2
NDATI310,1=20200124091339
START_DATE310,1=20200124091133
PRI310,1=1.299
BASEPRI310,1=1.299
QTY310,1=58.52
QTYUNIT310,1=2
GAMT310,1=76.02
AMT310,1=76.02
UGAMT310,1=76.02
UAMT310,1=76.02
PLU310,1=3
NAM310,1=FuelSave Dsl
GRP310,1=59
CRD310,1=425
EXTREF310,1=FuelSave Dsl
ART_MERCH_ID310,1=A
EXC310,1=76.02
INC310,1=76.02
NQUA_CHANGEABLE310,1=1554922.46
CPPAN310,1=700205*******450348
MOP310,1=6
MOP_ADDX310,1=50
MOP_ADDY310,1=1
ROP310,1=1
PM310,1=949
PSUB310,1=1
PA310,1=76.02
SLSTOT310=76.02
TYP311=2
DATI311=20200124091809
STATION_NR311=6111
SHF311=2727
ACC_REP_NR311=1177
OPID311=5
REF311=1179120069
SEQ311=1179120274889
SAFTDATI311=20200124091809
LCUR311=10
REPL311=2
MERCH_ID311,1=A
MERCH_NAME311,1=Discovery Filling Station Ltd
MERCH_RECEIPT_SEQ_NR311,1=611100992981
PRI311,1=1.89
UPR311,1=1.89
QTY311,1=1.00
QTYUNIT311,1=1
GAMT311,1=1.89
AMT311,1=1.89
UGAMT311,1=1.89
UAMT311,1=1.89
PLU311,1=5055109260447
NAM311,1=CLARKS STANDARD FILL
GRP311,1=SANDWICHES
CRD311,1=6000
ART_MERCH_ID311,1=A
EXC311,1=1.89
INC311,1=1.89
PRI311,2=11.05
UPR311,2=11.05
QTY311,2=1.00
QTYUNIT311,2=1
GAMT311,2=11.05
AMT311,2=11.05
UGAMT311,2=11.05
UAMT311,2=11.05
PLU311,2=5000143921427
NAM311,2=B&H KS SILVE
GRP311,2=TOBACCO
CRD311,2=4019
ART_MERCH_ID311,2=A
PRC311,2=20.00
VAMT311,2=1.84
EXC311,2=9.21
INC311,2=11.05
MOP311,1=1
MOP_ADDX311,1=10
ROP311,1=1
PM311,1=110
PA311,1=50.00
MOP311,2=1
MOP_ADDX311,2=10
ROP311,2=2
PM311,2=5110
PA311,2=-37.06
SLSTOT311=12.94
TYP312=2
DATI312=20200124091753
STATION_NR312=6111
SHF312=4613
ACC_REP_NR312=1177
OPID312=6
REF312=1179110197
SEQ312=1179110738118
SAFTDATI312=20200124091753
LCUR312=10
PAN312=475117*******057
MERCH_ID312,1=A
MERCH_NAME312,1=Discovery Filling Station Ltd
MERCH_RECEIPT_SEQ_NR312,1=611100992982
PMP312,1=3
PUMP_MODE312,1=1,1,1
NOZZLE312,1=1
NDATI312,1=20200124091725
START_DATE312,1=20200124091621
PRI312,1=1.249
BASEPRI312,1=1.249
QTY312,1=31.51
QTYUNIT312,1=2
GAMT312,1=39.36
AMT312,1=39.36
UGAMT312,1=39.36
UAMT312,1=39.36
PLU312,1=6
NAM312,1=FuelSave Unl
GRP312,1=59
CRD312,1=325
EXTREF312,1=FuelSave Unl
ART_MERCH_ID312,1=A
EXC312,1=39.36
INC312,1=39.36
NQUA_CHANGEABLE312,1=1194262.38
CPPAN312,1=475117*******057
MOP312,1=6
MOP_ADDX312,1=50
MOP_ADDY312,1=12
ROP312,1=1
PM312,1=949
PSUB312,1=12
PA312,1=39.36
SLSTOT312=39.36
TYP313=21
SPEC_TYPE313=13
DATI313=20200124091958
STATION_NR313=6111
SHF313=2727
OPID313=5
SPEC_ADDD313=Open cash drawer
TYP314=2
DATI314=20200124092026
STATION_NR314=6111
SHF314=2727
ACC_REP_NR314=1177
OPID314=5
REF314=1179120070
SEQ314=1179120274890
SAFTDATI314=20200124092026
LCUR314=10
PAN314=475748*******187
MERCH_ID314,1=A
MERCH_NAME314,1=Discovery Filling Station Ltd
MERCH_RECEIPT_SEQ_NR314,1=611100992983
PMP314,1=1
PUMP_MODE314,1=1,1,1
NOZZLE314,1=1
NDATI314,1=20200124091130
START_DATE314,1=20200124090952
PRI314,1=1.249
BASEPRI314,1=1.249
QTY314,1=43.20
QTYUNIT314,1=2
GAMT314,1=53.96
AMT314,1=53.96
UGAMT314,1=53.96
UAMT314,1=53.96
PLU314,1=6
NAM314,1=FuelSave Unl
GRP314,1=59
CRD314,1=325
EXTREF314,1=FuelSave Unl
ART_MERCH_ID314,1=A
EXC314,1=53.96
INC314,1=53.96
NQUA_CHANGEABLE314,1=662242.78
CPPAN314,1=475748*******187
MOP314,1=6
MOP_ADDX314,1=50
MOP_ADDY314,1=12
ROP314,1=1
PM314,1=949
PSUB314,1=12
PA314,1=53.96
SLSTOT314=53.96
TYP315=21
SPEC_TYPE315=13
DATI315=20200124092201
STATION_NR315=6111
SHF315=2727
OPID315=5
SPEC_ADDD315=Open cash drawer
TYP316=2
DATI316=20200124092424
STATION_NR316=6111
SHF316=2727
ACC_REP_NR316=1177
OPID316=5
REF316=1179120071
SEQ316=1179120274891
SAFTDATI316=20200124092424
LCUR316=10
PAN316=476367*******918
MERCH_ID316,1=A
MERCH_NAME316,1=Discovery Filling Station Ltd
MERCH_RECEIPT_SEQ_NR316,1=611100992984
PMP316,1=5
PUMP_MODE316,1=1,1,1
NOZZLE316,1=1
NDATI316,1=20200124092342
START_DATE316,1=20200124092212
PRI316,1=1.249
BASEPRI316,1=1.249
QTY316,1=39.14
QTYUNIT316,1=2
GAMT316,1=48.89
AMT316,1=48.89
UGAMT316,1=48.89
UAMT316,1=48.89
PLU316,1=6
NAM316,1=FuelSave Unl
GRP316,1=59
CRD316,1=325
EXTREF316,1=FuelSave Unl
ART_MERCH_ID316,1=A
EXC316,1=48.89
INC316,1=48.89
NQUA_CHANGEABLE316,1=1062066.26
CPPAN316,1=476367*******918
MOP316,1=6
MOP_ADDX316,1=50
MOP_ADDY316,1=12
ROP316,1=1
PM316,1=949
PSUB316,1=12
PA316,1=48.89
SLSTOT316=48.89
TYP317=2
DATI317=20200124092947
STATION_NR317=6111
SHF317=2727
ACC_REP_NR317=1177
OPID317=5
REF317=1179120072
SEQ317=1179120274892
SAFTDATI317=20200124092947
LCUR317=10
REPL317=2
MERCH_ID317,1=A
MERCH_NAME317,1=Discovery Filling Station Ltd
MERCH_RECEIPT_SEQ_NR317,1=611100992985
PMP317,1=4
PUMP_MODE317,1=1,1,1
NOZZLE317,1=1
NDATI317,1=20200124092923
START_DATE317,1=20200124092851
PRI317,1=1.249
BASEPRI317,1=1.249
QTY317,1=8.01
QTYUNIT317,1=2
GAMT317,1=10.00
AMT317,1=10.00
UGAMT317,1=10.00
UAMT317,1=10.00
PLU317,1=6
NAM317,1=FuelSave Unl
GRP317,1=59
CRD317,1=325
EXTREF317,1=FuelSave Unl
ART_MERCH_ID317,1=A
EXC317,1=10.00
INC317,1=10.00
NQUA_CHANGEABLE317,1=708154.44
MOP317,1=1
MOP_ADDX317,1=10
ROP317,1=1
PM317,1=110
PA317,1=10.00
SLSTOT317=10.00
TYP318=2
DATI318=20200124093031
STATION_NR318=6111
SHF318=2727
ACC_REP_NR318=1177
OPID318=5
REF318=1179120073
SEQ318=1179120274893
SAFTDATI318=20200124093031
LCUR318=10
REPL318=2
MERCH_ID318,1=A
MERCH_NAME318,1=Discovery Filling Station Ltd
MERCH_RECEIPT_SEQ_NR318,1=611100992986
PMP318,1=2
PUMP_MODE318,1=1,1,1
NOZZLE318,1=2
NDATI318,1=20200124092912
START_DATE318,1=20200124092835
PRI318,1=1.299
BASEPRI318,1=1.299
QTY318,1=7.74
QTYUNIT318,1=2
GAMT318,1=10.05
AMT318,1=10.05
UGAMT318,1=10.05
UAMT318,1=10.05
PLU318,1=3
NAM318,1=FuelSave Dsl
GRP318,1=59
CRD318,1=425
EXTREF318,1=FuelSave Dsl
ART_MERCH_ID318,1=A
EXC318,1=10.05
INC318,1=10.05
NQUA_CHANGEABLE318,1=1554930.20
MOP318,1=1
MOP_ADDX318,1=10
ROP318,1=1
PM318,1=110
PA318,1=10.05
SLSTOT318=10.05
TYP319=21
SPEC_TYPE319=13
DATI319=20200124093111
STATION_NR319=6111
SHF319=2727
OPID319=5
SPEC_ADDD319=Open cash drawer
TYP320=2
DATI320=20200124093147
STATION_NR320=6111
SHF320=4613
ACC_REP_NR320=1177
OPID320=6
REF320=1179110198
SEQ320=1179110738119
SAFTDATI320=20200124093147
LCUR320=10
PAN320=556950*******359
MERCH_ID320,1=A
MERCH_NAME320,1=Discovery Filling Station Ltd
MERCH_RECEIPT_SEQ_NR320,1=611100992987
PMP320,1=4
PUMP_MODE320,1=1,1,1
NOZZLE320,1=3
NDATI320,1=20200124093126
START_DATE320,1=20200124093041
PRI320,1=1.299
BASEPRI320,1=1.299
QTY320,1=15.40
QTYUNIT320,1=2
GAMT320,1=20.00
AMT320,1=20.00
UGAMT320,1=20.00
UAMT320,1=20.00
PLU320,1=3
NAM320,1=FuelSave Dsl
GRP320,1=59
CRD320,1=425
EXTREF320,1=FuelSave Dsl
ART_MERCH_ID320,1=A
EXC320,1=20.00
INC320,1=20.00
NQUA_CHANGEABLE320,1=1502337.58
CPPAN320,1=556950*******359
MOP320,1=6
MOP_ADDX320,1=50
MOP_ADDY320,1=15
ROP320,1=1
PM320,1=949
PSUB320,1=15
PA320,1=20.00
SLSTOT320=20.00
TYP321=21
SPEC_TYPE321=14
DATI321=20200124093307
STATION_NR321=6111
SHF321=2727
OPID321=5
LREF321=1179120074
SPEC_ID321=3000
SPEC_NAME321=MISC VAT
SPEC_ITYP321=1
SPEC_QUA321=1.00
SPEC_PRI321=8.90
SPEC_AMT321=8.90
TYP322=2
DATI322=20200124093247
STATION_NR322=6111
SHF322=4613
ACC_REP_NR322=1177
OPID322=6
REF322=1179110199
SEQ322=1179110738120
SAFTDATI322=20200124093247
LCUR322=10
PAN322=700205*******740073
MERCH_ID322,1=A
MERCH_NAME322,1=Discovery Filling Station Ltd
MERCH_RECEIPT_SEQ_NR322,1=611100992988
PMP322,1=2
PUMP_MODE322,1=1,1,1
NOZZLE322,1=1
NDATI322,1=20200124093201
START_DATE322,1=20200124093120
PRI322,1=1.249
BASEPRI322,1=1.249
QTY322,1=14.16
QTYUNIT322,1=2
GAMT322,1=17.69
AMT322,1=17.69
UGAMT322,1=17.69
UAMT322,1=17.69
PLU322,1=6
NAM322,1=FuelSave Unl
GRP322,1=59
CRD322,1=325
EXTREF322,1=FuelSave Unl
ART_MERCH_ID322,1=A
EXC322,1=17.69
INC322,1=17.69
NQUA_CHANGEABLE322,1=570695.86
CPPAN322,1=700205*******740073
MOP322,1=6
MOP_ADDX322,1=50
MOP_ADDY322,1=1
ROP322,1=1
PM322,1=949
PSUB322,1=1
PA322,1=17.69
SLSTOT322=17.69
TYP323=2
DATI323=20200124093312
STATION_NR323=6111
SHF323=2727
ACC_REP_NR323=1177
OPID323=5
REF323=1179120074
SEQ323=1179120274894
SAFTDATI323=20200124093312
LCUR323=10
PAN323=475116*******330
MERCH_ID323,1=A
MERCH_NAME323,1=Discovery Filling Station Ltd
MERCH_RECEIPT_SEQ_NR323,1=611100992989
PRI323,1=1.79
UPR323,1=1.79
QTY323,1=1.00
QTYUNIT323,1=1
GAMT323,1=1.79
AMT323,1=1.79
UGAMT323,1=1.79
UAMT323,1=1.79
PLU323,1=5020379137515
NAM323,1=ES CAT LITTR
GRP323,1=GENERAL GOODS V
CRD323,1=3319
ART_MERCH_ID323,1=A
PRC323,1=20.00
VAMT323,1=0.30
EXC323,1=1.49
INC323,1=1.79
PRI323,2=1.00
UPR323,2=1.00
QTY323,2=2.00
QTYUNIT323,2=1
GAMT323,2=2.00
AMT323,2=1.50
UGAMT323,2=2.00
UAMT323,2=1.50
PLU323,2=5060466510593
NAM323,2=RELENTLESS
GRP323,2=DRINKS
CRD323,2=3119
PRO323,2=MMH1875
DSCT323,2=2
DNAM323,2=RELENTLE 2F1.50
DSC323,2=0.50
ART_MERCH_ID323,2=A
PRC323,2=20.00
VAMT323,2=0.25
EXC323,2=1.25
INC323,2=1.50
PRI323,3=1.00
UPR323,3=1.00
QTY323,3=2.00
QTYUNIT323,3=1
GAMT323,3=2.00
AMT323,3=2.00
UGAMT323,3=2.00
UAMT323,3=2.00
PLU323,3=5020379133401
NAM323,3=ES ENERGY
GRP323,3=DRINKS
CRD323,3=3119
ART_MERCH_ID323,3=A
PRC323,3=20.00
VAMT323,3=0.33
EXC323,3=1.67
INC323,3=2.00
PRI323,4=8.90
UPR323,4=8.90
QTY323,4=1.00
QTYUNIT323,4=1
GAMT323,4=8.90
AMT323,4=8.90
UGAMT323,4=8.90
UAMT323,4=8.90
PLU323,4=3000
NAM323,4=MISC VAT
GRP323,4=MISC VAT
CRD323,4=6019
ART_MERCH_ID323,4=A
PRC323,4=20.00
VAMT323,4=1.48
EXC323,4=7.42
INC323,4=8.90
CPPAN323,1=475116*******330
MOP323,1=6
MOP_ADDX323,1=50
MOP_ADDY323,1=12
ROP323,1=1
PM323,1=949
PSUB323,1=12
PA323,1=14.19
SLSTOT323=14.19
TYP324=21
SPEC_TYPE324=13
DATI324=20200124093406
STATION_NR324=6111
SHF324=2727
OPID324=5
SPEC_ADDD324=Open cash drawer
TYP325=2
DATI325=20200124093413
STATION_NR325=6111
SHF325=4613
ACC_REP_NR325=1177
OPID325=6
REF325=1179110200
SEQ325=1179110738121
SAFTDATI325=20200124093413
LCUR325=10
REPL325=2
MERCH_ID325,1=A
MERCH_NAME325,1=Discovery Filling Station Ltd
MERCH_RECEIPT_SEQ_NR325,1=611100992990
PRI325,1=0.05
UPR325,1=0.05
QTY325,1=1.00
QTYUNIT325,1=1
GAMT325,1=0.05
AMT325,1=0.05
UGAMT325,1=0.05
UAMT325,1=0.05
PLU325,1=5011929933732
NAM325,1=PREMIER LVT
GRP325,1=GENERAL GOODS V
CRD325,1=3319
ART_MERCH_ID325,1=A
PRC325,1=20.00
VAMT325,1=0.01
EXC325,1=0.04
INC325,1=0.05
PRI325,2=1.00
UPR325,2=1.00
QTY325,2=1.00
QTYUNIT325,2=1
GAMT325,2=1.00
AMT325,2=1.00
UGAMT325,2=1.00
UAMT325,2=1.00
PLU325,2=7622210629579
NAM325,2=CAD D DECKER
GRP325,2=CONFECTIONERY
CRD325,2=3119
ART_MERCH_ID325,2=A
PRC325,2=20.00
VAMT325,2=0.17
EXC325,2=0.83
INC325,2=1.00
PRI325,3=1.00
UPR325,3=1.00
QTY325,3=1.00
QTYUNIT325,3=1
GAMT325,3=1.00
AMT325,3=1.00
UGAMT325,3=1.00
UAMT325,3=1.00
PLU325,3=5023823001202
NAM325,3=SOTG CHS BGR
GRP325,3=CHILLED FOOD
CRD325,3=3400
ART_MERCH_ID325,3=A
EXC325,3=1.00
INC325,3=1.00
PRI325,4=1.39
UPR325,4=1.39
QTY325,4=1.00
QTYUNIT325,4=1
GAMT325,4=1.39
AMT325,4=1.39
UGAMT325,4=1.39
UAMT325,4=1.39
PLU325,4=5060639123025
NAM325,4=MONSTER
GRP325,4=DRINKS
CRD325,4=3119
ART_MERCH_ID325,4=A
PRC325,4=20.00
VAMT325,4=0.23
EXC325,4=1.16
INC325,4=1.39
MOP325,1=1
MOP_ADDX325,1=10
ROP325,1=1
PM325,1=110
PA325,1=10.00
MOP325,2=1
MOP_ADDX325,2=10
ROP325,2=2
PM325,2=5110
PA325,2=-6.56
SLSTOT325=3.44
TYP326=2
DATI326=20200124093448
STATION_NR326=6111
SHF326=4613
ACC_REP_NR326=1177
OPID326=6
REF326=1179110201
SEQ326=1179110738122
SAFTDATI326=20200124093448
LCUR326=10
REPL326=2
MERCH_ID326,1=A
MERCH_NAME326,1=Discovery Filling Station Ltd
MERCH_RECEIPT_SEQ_NR326,1=611100992991
PMP326,1=1
PUMP_MODE326,1=1,1,1
NOZZLE326,1=2
NDATI326,1=20200124093237
START_DATE326,1=20200124093157
PRI326,1=1.299
BASEPRI326,1=1.299
QTY326,1=15.43
QTYUNIT326,1=2
GAMT326,1=20.04
AMT326,1=20.04
UGAMT326,1=20.04
UAMT326,1=20.04
PLU326,1=3
NAM326,1=FuelSave Dsl
GRP326,1=59
CRD326,1=425
EXTREF326,1=FuelSave Dsl
ART_MERCH_ID326,1=A
EXC326,1=20.04
INC326,1=20.04
NQUA_CHANGEABLE326,1=825663.41
MOP326,1=1
MOP_ADDX326,1=10
ROP326,1=1
PM326,1=110
PA326,1=20.10
MOP326,2=1
MOP_ADDX326,2=10
ROP326,2=2
PM326,2=5110
PA326,2=-0.06
SLSTOT326=20.04
TYP327=2
DATI327=20200124093514
STATION_NR327=6111
SHF327=4613
ACC_REP_NR327=1177
OPID327=6
REF327=1179110202
SEQ327=1179110738123
SAFTDATI327=20200124093514
LCUR327=10
PAN327=700205*******330724
MERCH_ID327,1=A
MERCH_NAME327,1=Discovery Filling Station Ltd
MERCH_RECEIPT_SEQ_NR327,1=611100992992
PMP327,1=6
PUMP_MODE327,1=1,1,1
NOZZLE327,1=2
NDATI327,1=20200124093240
START_DATE327,1=20200124093003
PRI327,1=1.299
BASEPRI327,1=1.299
QTY327,1=66.79
QTYUNIT327,1=2
GAMT327,1=86.76
AMT327,1=86.76
UGAMT327,1=86.76
UAMT327,1=86.76
PLU327,1=3
NAM327,1=FuelSave Dsl
GRP327,1=59
CRD327,1=425
EXTREF327,1=FuelSave Dsl
ART_MERCH_ID327,1=A
EXC327,1=86.76
INC327,1=86.76
NQUA_CHANGEABLE327,1=1186433.87
CPPAN327,1=700205*******330724
MOP327,1=6
MOP_ADDX327,1=50
MOP_ADDY327,1=1
ROP327,1=1
PM327,1=949
PSUB327,1=1
PA327,1=86.76
SLSTOT327=86.76
TYP328=2
DATI328=20200124093615
STATION_NR328=6111
SHF328=2727
ACC_REP_NR328=1177
OPID328=5
REF328=1179120075
SEQ328=1179120274895
SAFTDATI328=20200124093615
LCUR328=10
PAN328=446292*******532
MERCH_ID328,1=A
MERCH_NAME328,1=Discovery Filling Station Ltd
MERCH_RECEIPT_SEQ_NR328,1=611100992993
PRI328,1=0.95
UPR328,1=0.95
QTY328,1=1.00
QTYUNIT328,1=1
GAMT328,1=0.95
AMT328,1=0.95
UGAMT328,1=0.95
UAMT328,1=0.95
PLU328,1=5010459007289
NAM328,1=H/SPRING SPORT 75CL
GRP328,1=DRINKS
CRD328,1=3119
ART_MERCH_ID328,1=A
PRC328,1=20.00
VAMT328,1=0.16
EXC328,1=0.79
INC328,1=0.95
PRI328,2=1.09
UPR328,2=1.09
QTY328,2=1.00
QTYUNIT328,2=1
GAMT328,2=1.09
AMT328,2=1.09
UGAMT328,2=1.09
UAMT328,2=1.09
PLU328,2=5000112628739
NAM328,2=DIET COKE
GRP328,2=DRINKS
CRD328,2=3119
ART_MERCH_ID328,2=A
PRC328,2=20.00
VAMT328,2=0.18
EXC328,2=0.91
INC328,2=1.09
PRI328,3=1.29
UPR328,3=1.29
QTY328,3=1.00
QTYUNIT328,3=1
GAMT328,3=1.29
AMT328,3=1.29
UGAMT328,3=1.29
UAMT328,3=1.29
PLU328,3=90433863
NAM328,3=RED BULL
GRP328,3=DRINKS
CRD328,3=3119
ART_MERCH_ID328,3=A
PRC328,3=20.00
VAMT328,3=0.21
EXC328,3=1.08
INC328,3=1.29
PRI328,4=0.25
UPR328,4=0.25
QTY328,4=1.00
QTYUNIT328,4=1
GAMT328,4=0.25
AMT328,4=0.25
UGAMT328,4=0.25
UAMT328,4=0.25
PLU328,4=80799092
NAM328,4=KINDER PM25
GRP328,4=CONFECTIONERY
CRD328,4=3119
ART_MERCH_ID328,4=A
PRC328,4=20.00
VAMT328,4=0.04
EXC328,4=0.21
INC328,4=0.25
PMP328,5=3
PUMP_MODE328,5=1,1,1
NOZZLE328,5=1
NDATI328,5=20200124093342
START_DATE328,5=20200124093306
PRI328,5=1.249
BASEPRI328,5=1.249
QTY328,5=16.05
QTYUNIT328,5=2
GAMT328,5=20.05
AMT328,5=20.05
UGAMT328,5=20.05
UAMT328,5=20.05
PLU328,5=6
NAM328,5=FuelSave Unl
GRP328,5=59
CRD328,5=325
EXTREF328,5=FuelSave Unl
ART_MERCH_ID328,5=A
EXC328,5=20.05
INC328,5=20.05
NQUA_CHANGEABLE328,5=1194278.43
CPPAN328,1=446292*******532
MOP328,1=6
MOP_ADDX328,1=50
MOP_ADDY328,1=12
ROP328,1=1
PM328,1=949
PSUB328,1=12
PA328,1=23.63
SLSTOT328=23.63
TYP329=2
DATI329=20200124093629
STATION_NR329=6111
SHF329=4613
ACC_REP_NR329=1177
OPID329=6
REF329=1179110203
SEQ329=1179110738124
SAFTDATI329=20200124093629
LCUR329=10
PAN329=557435*******269
MERCH_ID329,1=A
MERCH_NAME329,1=Discovery Filling Station Ltd
MERCH_RECEIPT_SEQ_NR329,1=611100992994
PMP329,1=4
PUMP_MODE329,1=1,1,1
NOZZLE329,1=3
NDATI329,1=20200124093444
START_DATE329,1=20200124093318
PRI329,1=1.299
BASEPRI329,1=1.299
QTY329,1=38.49
QTYUNIT329,1=2
GAMT329,1=50.00
AMT329,1=50.00
UGAMT329,1=50.00
UAMT329,1=50.00
PLU329,1=3
NAM329,1=FuelSave Dsl
GRP329,1=59
CRD329,1=425
EXTREF329,1=FuelSave Dsl
ART_MERCH_ID329,1=A
EXC329,1=50.00
INC329,1=50.00
NQUA_CHANGEABLE329,1=1502376.07
PRI329,2=1.89
UPR329,2=1.89
QTY329,2=1.00
QTYUNIT329,2=1
GAMT329,2=1.89
AMT329,2=1.89
UGAMT329,2=1.89
UAMT329,2=1.89
PLU329,2=5055109220335
NAM329,2=CLARKS WHITE ROLL 1.
GRP329,2=SANDWICHES
CRD329,2=6000
ART_MERCH_ID329,2=A
EXC329,2=1.89
INC329,2=1.89
PRI329,3=0.99
UPR329,3=0.99
QTY329,3=1.00
QTYUNIT329,3=1
GAMT329,3=0.99
AMT329,3=0.99
UGAMT329,3=0.99
UAMT329,3=0.99
PLU329,3=5000382104711
NAM329,3=ROCKSTAR
GRP329,3=DRINKS
CRD329,3=3119
ART_MERCH_ID329,3=A
PRC329,3=20.00
VAMT329,3=0.16
EXC329,3=0.83
INC329,3=0.99
CPPAN329,1=557435*******269
MOP329,1=6
MOP_ADDX329,1=50
MOP_ADDY329,1=14
ROP329,1=1
PM329,1=949
PSUB329,1=14
PA329,1=52.88
SLSTOT329=52.88
TYP330=21
SPEC_TYPE330=13
DATI330=20200124093810
STATION_NR330=6111
SHF330=4613
OPID330=6
SPEC_ADDD330=Open cash drawer
TYP331=21
SPEC_TYPE331=13
DATI331=20200124093920
STATION_NR331=6111
SHF331=2727
OPID331=5
SPEC_ADDD331=Open cash drawer
TYP332=2
DATI332=20200124093950
STATION_NR332=6111
SHF332=4613
ACC_REP_NR332=1177
OPID332=6
REF332=1179110204
SEQ332=1179110738125
SAFTDATI332=20200124093950
LCUR332=10
PAN332=475117*******187
MERCH_ID332,1=A
MERCH_NAME332,1=Discovery Filling Station Ltd
MERCH_RECEIPT_SEQ_NR332,1=611100992995
PRI332,1=2.60
UPR332,1=2.60
QTY332,1=1.00
QTYUNIT332,1=1
GAMT332,1=2.60
AMT332,1=2.60
UGAMT332,1=2.60
UAMT332,1=2.60
PLU332,1=5055109220939
NAM332,1=CLARKS  WRAP 2.50
GRP332,1=CHILLED FOOD
CRD332,1=3400
ART_MERCH_ID332,1=A
EXC332,1=2.60
INC332,1=2.60
CPPAN332,1=475117*******187
MOP332,1=6
MOP_ADDX332,1=50
MOP_ADDY332,1=12
ROP332,1=1
PM332,1=949
PSUB332,1=12
PA332,1=2.60
SLSTOT332=2.60
TYP333=2
DATI333=20200124094055
STATION_NR333=6111
SHF333=4613
ACC_REP_NR333=1177
OPID333=6
REF333=1179110205
SEQ333=1179110738126
SAFTDATI333=20200124094055
LCUR333=10
PAN333=700205*******001097
MERCH_ID333,1=A
MERCH_NAME333,1=Discovery Filling Station Ltd
MERCH_RECEIPT_SEQ_NR333,1=611100992996
PMP333,1=3
PUMP_MODE333,1=1,1,1
NOZZLE333,1=1
NDATI333,1=20200124094035
START_DATE333,1=20200124094007
PRI333,1=1.249
BASEPRI333,1=1.249
QTY333,1=12.01
QTYUNIT333,1=2
GAMT333,1=15.00
AMT333,1=15.00
UGAMT333,1=15.00
UAMT333,1=15.00
PLU333,1=6
NAM333,1=FuelSave Unl
GRP333,1=59
CRD333,1=325
EXTREF333,1=FuelSave Unl
ART_MERCH_ID333,1=A
EXC333,1=15.00
INC333,1=15.00
NQUA_CHANGEABLE333,1=1194290.44
CPPAN333,1=700205*******001097
MOP333,1=6
MOP_ADDX333,1=50
MOP_ADDY333,1=1
ROP333,1=1
PM333,1=949
PSUB333,1=1
PA333,1=15.00
SLSTOT333=15.00
TYP334=2
DATI334=20200124094128
STATION_NR334=6111
SHF334=2727
ACC_REP_NR334=1177
OPID334=5
REF334=1179120076
SEQ334=1179120274896
SAFTDATI334=20200124094128
LCUR334=10
PAN334=700205*******834009
MERCH_ID334,1=A
MERCH_NAME334,1=Discovery Filling Station Ltd
MERCH_RECEIPT_SEQ_NR334,1=611100992997
PMP334,1=4
PUMP_MODE334,1=1,1,1
NOZZLE334,1=3
NDATI334,1=20200124094053
START_DATE334,1=20200124093902
PRI334,1=1.299
BASEPRI334,1=1.299
QTY334,1=46.96
QTYUNIT334,1=2
GAMT334,1=61.00
AMT334,1=61.00
UGAMT334,1=61.00
UAMT334,1=61.00
PLU334,1=3
NAM334,1=FuelSave Dsl
GRP334,1=59
CRD334,1=425
EXTREF334,1=FuelSave Dsl
ART_MERCH_ID334,1=A
EXC334,1=61.00
INC334,1=61.00
NQUA_CHANGEABLE334,1=1502423.03
CPPAN334,1=700205*******834009
MOP334,1=6
MOP_ADDX334,1=50
MOP_ADDY334,1=1
ROP334,1=1
PM334,1=949
PSUB334,1=1
PA334,1=61.00
SLSTOT334=61.00
TYP335=2
DATI335=20200124094236
STATION_NR335=6111
SHF335=2727
ACC_REP_NR335=1177
OPID335=5
REF335=1179120077
SEQ335=1179120274897
SAFTDATI335=20200124094236
LCUR335=10
PAN335=483206*******263
MERCH_ID335,1=A
MERCH_NAME335,1=Discovery Filling Station Ltd
MERCH_RECEIPT_SEQ_NR335,1=611100992998
PRI335,1=0.65
UPR335,1=0.65
QTY335,1=1.00
QTYUNIT335,1=1
GAMT335,1=0.65
AMT335,1=0.65
UGAMT335,1=0.65
UAMT335,1=0.65
PLU335,1=42189633
NAM335,1=AIRWAVES EXTREME
GRP335,1=CONFECTIONERY
CRD335,1=3119
ART_MERCH_ID335,1=A
PRC335,1=20.00
VAMT335,1=0.11
EXC335,1=0.54
INC335,1=0.65
PMP335,2=6
PUMP_MODE335,2=1,1,1
NOZZLE335,2=2
NDATI335,2=20200124094115
START_DATE335,2=20200124094057
PRI335,2=1.299
BASEPRI335,2=1.299
QTY335,2=3.90
QTYUNIT335,2=2
GAMT335,2=5.07
AMT335,2=5.07
UGAMT335,2=5.07
UAMT335,2=5.07
PLU335,2=3
NAM335,2=FuelSave Dsl
GRP335,2=59
CRD335,2=425
EXTREF335,2=FuelSave Dsl
ART_MERCH_ID335,2=A
EXC335,2=5.07
INC335,2=5.07
NQUA_CHANGEABLE335,2=1186437.77
CPPAN335,1=483206*******263
MOP335,1=6
MOP_ADDX335,1=50
MOP_ADDY335,1=13
ROP335,1=1
PM335,1=949
PSUB335,1=13
PA335,1=5.72
SLSTOT335=5.72
TYP336=2
DATI336=20200124094157
STATION_NR336=6111
SHF336=4613
ACC_REP_NR336=1177
OPID336=6
REF336=1179110206
SEQ336=1179110738127
SAFTDATI336=20200124094157
LCUR336=10
PAN336=706650******598
MERCH_ID336,1=A
MERCH_NAME336,1=Discovery Filling Station Ltd
MERCH_RECEIPT_SEQ_NR336,1=611100992999
PMP336,1=2
PUMP_MODE336,1=1,1,1
NOZZLE336,1=2
NDATI336,1=20200124094035
START_DATE336,1=20200124094000
PRI336,1=1.299
BASEPRI336,1=1.299
QTY336,1=10.00
QTYUNIT336,1=2
GAMT336,1=12.99
AMT336,1=12.99
UGAMT336,1=12.99
UAMT336,1=12.99
PLU336,1=3
NAM336,1=FuelSave Dsl
GRP336,1=59
CRD336,1=425
EXTREF336,1=FuelSave Dsl
ART_MERCH_ID336,1=A
EXC336,1=12.99
INC336,1=12.99
NQUA_CHANGEABLE336,1=1554940.20
CPPAN336,1=706650******598
MOP336,1=6
MOP_ADDX336,1=50
MOP_ADDY336,1=10
ROP336,1=1
PM336,1=949
PSUB336,1=10
PA336,1=12.99
SLSTOT336=12.99
TYP337=2
DATI337=20200124094400
STATION_NR337=6111
SHF337=2727
ACC_REP_NR337=1177
OPID337=5
REF337=1179120078
SEQ337=1179120274898
SAFTDATI337=20200124094400
LCUR337=10
REPL337=2
MERCH_ID337,1=A
MERCH_NAME337,1=Discovery Filling Station Ltd
MERCH_RECEIPT_SEQ_NR337,1=611100993000
PRI337,1=0.65
UPR337,1=0.65
QTY337,1=1.00
QTYUNIT337,1=1
GAMT337,1=0.65
AMT337,1=0.65
UGAMT337,1=0.65
UAMT337,1=0.65
PLU337,1=50173167
NAM337,1=AIRWAVES SUGARFR/VAP
GRP337,1=CONFECTIONERY
CRD337,1=3119
ART_MERCH_ID337,1=A
PRC337,1=20.00
VAMT337,1=0.11
EXC337,1=0.54
INC337,1=0.65
MOP337,1=1
MOP_ADDX337,1=10
ROP337,1=1
PM337,1=110
PA337,1=0.65
SLSTOT337=0.65
TYP338=2
DATI338=20200124094420
STATION_NR338=6111
ACC_REP_NR338=1177
REF338=1179510007
SEQ338=1179510017024
SAFTDATI338=20200124094420
LCUR338=10
PAN338=476367******8746
HOSTTYPE338=12
HOSTBOOKPER338=1179
AUTH338=929229
CAIC338=044026111
ONLINERC338=000
STAN338=058550
REPL338=2
MERCH_ID338,1=A
MERCH_NAME338,1=Discovery Filling Station Ltd
PMP338,1=5
PUMP_MODE338,1=1,3,2
NOZZLE338,1=2
NDATI338,1=20200124094420
START_DATE338,1=20200124094336
PRI338,1=1.299
BASEPRI338,1=1.299
QTY338,1=7.69
QTYUNIT338,1=2
GAMT338,1=10.00
AMT338,1=10.00
UGAMT338,1=10.00
UAMT338,1=10.00
PLU338,1=3
NAM338,1=FuelSave Dsl
GRP338,1=59
CRD338,1=425
EXTREF338,1=FuelSave Dsl
ART_MERCH_ID338,1=A
EXC338,1=10.00
INC338,1=10.00
NQUA_CHANGEABLE338,1=1114903.81
CPPAN338,1=476367******8746
CPREPL338,1=2
CPHOSTTYPE338,1=12
CPHOSTBKPER338,1=1179
CPAUTH338,1=929229
CPCAIC338,1=044026111
CPONLINERC338,1=000
CPSTAN338,1=058550
MOP338,1=4
MOP_ADDX338,1=2
MOP_ADDY338,1=2
ROP338,1=1
PM338,1=701
PSUB338,1=2
PA338,1=10.00
TRKMED338,1=5
SLSTOT338=10.00
TYP339=2
DATI339=20200124094518
STATION_NR339=6111
SHF339=2727
ACC_REP_NR339=1177
OPID339=5
REF339=1179120079
SEQ339=1179120274899
SAFTDATI339=20200124094518
LCUR339=10
PAN339=475129*******338
MERCH_ID339,1=A
MERCH_NAME339,1=Discovery Filling Station Ltd
MERCH_RECEIPT_SEQ_NR339,1=611100993001
PMP339,1=4
PUMP_MODE339,1=1,1,1
NOZZLE339,1=3
NDATI339,1=20200124094455
START_DATE339,1=20200124094346
PRI339,1=1.299
BASEPRI339,1=1.299
QTY339,1=15.40
QTYUNIT339,1=2
GAMT339,1=20.00
AMT339,1=20.00
UGAMT339,1=20.00
UAMT339,1=20.00
PLU339,1=3
NAM339,1=FuelSave Dsl
GRP339,1=59
CRD339,1=425
EXTREF339,1=FuelSave Dsl
ART_MERCH_ID339,1=A
EXC339,1=20.00
INC339,1=20.00
NQUA_CHANGEABLE339,1=1502438.43
CPPAN339,1=475129*******338
MOP339,1=6
MOP_ADDX339,1=50
MOP_ADDY339,1=12
ROP339,1=1
PM339,1=949
PSUB339,1=12
PA339,1=20.00
SLSTOT339=20.00
TYP340=2
DATI340=20200124094616
STATION_NR340=6111
SHF340=2727
ACC_REP_NR340=1177
OPID340=5
REF340=1179120080
SEQ340=1179120274900
SAFTDATI340=20200124094616
LCUR340=10
REPL340=2
MOP340,1=1
MOP_ADDX340,1=10
ROP340,1=7
ROP_ADD340,1=4
PM340,1=5310
PMIO340,1=4
PA340,1=-6.00
TYP341=2
DATI341=20200124094815
STATION_NR341=6111
SHF341=2727
ACC_REP_NR341=1177
OPID341=5
REF341=1179120081
SEQ341=1179120274901
SAFTDATI341=20200124094815
LCUR341=10
REPL341=2
MERCH_ID341,1=A
MERCH_NAME341,1=Discovery Filling Station Ltd
MERCH_RECEIPT_SEQ_NR341,1=611100993002
PRI341,1=2.40
UPR341,1=2.40
QTY341,1=1.00
QTYUNIT341,1=1
GAMT341,1=2.40
AMT341,1=2.40
UGAMT341,1=2.40
UAMT341,1=2.40
PLU341,1=1010
NAM341,1=REGULAR 12OZ HOT DRI
GRP341,1=DRINKS PROMO
CRD341,1=6000
ART_MERCH_ID341,1=A
PRC341,1=20.00
VAMT341,1=0.40
EXC341,1=2.00
INC341,1=2.40
MOP341,1=1
MOP_ADDX341,1=10
ROP341,1=1
PM341,1=110
PA341,1=2.40
SLSTOT341=2.40
TYP342=2
DATI342=20200124094848
STATION_NR342=6111
SHF342=2727
ACC_REP_NR342=1177
OPID342=5
REF342=1179120082
SEQ342=1179120274902
SAFTDATI342=20200124094848
LCUR342=10
PAN342=707881028700001351
CERT342=----------------
REPL342=2
ODO342=0
CARR342=M7YDA
CUST342=2
CNAM342=AGRA PRECISION ENGINEERING CO
ID342=707881028700001351
INFO342=AGRA PRECISION ENGINEERING CO
MERCH_ID342,1=A
MERCH_NAME342,1=Discovery Filling Station Ltd
MERCH_RECEIPT_SEQ_NR342,1=611100993003
PMP342,1=3
PUMP_MODE342,1=1,1,1
NOZZLE342,1=1
NDATI342,1=20200124094739
START_DATE342,1=20200124094609
PRI342,1=1.249
BASEPRI342,1=1.249
QTY342,1=49.69
QTYUNIT342,1=2
GAMT342,1=62.06
AMT342,1=62.06
UGAMT342,1=62.06
UAMT342,1=62.06
PLU342,1=6
NAM342,1=FuelSave Unl
GRP342,1=59
CRD342,1=325
EXTREF342,1=FuelSave Unl
ART_MERCH_ID342,1=A
EXC342,1=62.06
INC342,1=62.06
NQUA_CHANGEABLE342,1=1194340.13
CPPAN342,1=707881028700001351
CPCERT342,1=----------------
CPREPL342,1=2
CPODO342,1=0
CPCARR342,1=M7YDA
MOP342,1=10
MOP_ADDX342,1=20
ROP342,1=1
PM342,1=3000
PA342,1=62.06
TRKMED342,1=1
SLSTOT342=62.06
TYP343=2
DATI343=20200124094925
STATION_NR343=6111
SHF343=2727
ACC_REP_NR343=1177
OPID343=5
REF343=1179120083
SEQ343=1179120274903
SAFTDATI343=20200124094925
LCUR343=10
PAN343=706650******598
MERCH_ID343,1=A
MERCH_NAME343,1=Discovery Filling Station Ltd
MERCH_RECEIPT_SEQ_NR343,1=611100993004
PMP343,1=2
PUMP_MODE343,1=1,1,1
NOZZLE343,1=2
NDATI343,1=20200124094742
START_DATE343,1=20200124094537
PRI343,1=1.299
BASEPRI343,1=1.299
QTY343,1=52.37
QTYUNIT343,1=2
GAMT343,1=68.03
AMT343,1=68.03
UGAMT343,1=68.03
UAMT343,1=68.03
PLU343,1=3
NAM343,1=FuelSave Dsl
GRP343,1=59
CRD343,1=425
EXTREF343,1=FuelSave Dsl
ART_MERCH_ID343,1=A
EXC343,1=68.03
INC343,1=68.03
NQUA_CHANGEABLE343,1=1554992.57
CPPAN343,1=706650******598
MOP343,1=6
MOP_ADDX343,1=50
MOP_ADDY343,1=10
ROP343,1=1
PM343,1=949
PSUB343,1=10
PA343,1=68.03
SLSTOT343=68.03
TYP344=2
DATI344=20200124095027
STATION_NR344=6111
SHF344=2727
ACC_REP_NR344=1177
OPID344=5
REF344=1179120084
SEQ344=1179120274904
SAFTDATI344=20200124095027
LCUR344=10
REPL344=2
MERCH_ID344,1=A
MERCH_NAME344,1=Discovery Filling Station Ltd
MERCH_RECEIPT_SEQ_NR344,1=611100993005
PRI344,1=0.65
UPR344,1=0.65
QTY344,1=1.00
QTYUNIT344,1=1
GAMT344,1=0.65
AMT344,1=0.65
UGAMT344,1=0.65
UAMT344,1=0.65
PLU344,1=50173167
NAM344,1=AIRWAVES SUGARFR/VAP
GRP344,1=CONFECTIONERY
CRD344,1=3119
ART_MERCH_ID344,1=A
PRC344,1=20.00
VAMT344,1=0.11
EXC344,1=0.54
INC344,1=0.65
PRI344,2=2.19
UPR344,2=2.19
QTY344,2=1.00
QTYUNIT344,2=1
GAMT344,2=2.19
AMT344,2=2.19
UGAMT344,2=2.19
UAMT344,2=2.19
PLU344,2=5000112640250
NAM344,2=DIET COKE
GRP344,2=DRINKS
CRD344,2=3119
ART_MERCH_ID344,2=A
PRC344,2=20.00
VAMT344,2=0.36
EXC344,2=1.83
INC344,2=2.19
MOP344,1=1
MOP_ADDX344,1=10
ROP344,1=1
PM344,1=110
PA344,1=20.00
MOP344,2=1
MOP_ADDX344,2=10
ROP344,2=2
PM344,2=5110
PA344,2=-17.16
SLSTOT344=2.84
TYP345=2
DATI345=20200124095112
STATION_NR345=6111
SHF345=2727
ACC_REP_NR345=1177
OPID345=5
REF345=1179120085
SEQ345=1179120274905
SAFTDATI345=20200124095112
LCUR345=10
PAN345=535648*******158
MERCH_ID345,1=A
MERCH_NAME345,1=Discovery Filling Station Ltd
MERCH_RECEIPT_SEQ_NR345,1=611100993006
PMP345,1=4
PUMP_MODE345,1=1,1,1
NOZZLE345,1=3
NDATI345,1=20200124095012
START_DATE345,1=20200124094843
PRI345,1=1.299
BASEPRI345,1=1.299
QTY345,1=38.49
QTYUNIT345,1=2
GAMT345,1=50.00
AMT345,1=50.00
UGAMT345,1=50.00
UAMT345,1=50.00
PLU345,1=3
NAM345,1=FuelSave Dsl
GRP345,1=59
CRD345,1=425
EXTREF345,1=FuelSave Dsl
ART_MERCH_ID345,1=A
EXC345,1=50.00
INC345,1=50.00
NQUA_CHANGEABLE345,1=1502476.92
CPPAN345,1=535648*******158
MOP345,1=6
MOP_ADDX345,1=50
MOP_ADDY345,1=14
ROP345,1=1
PM345,1=949
PSUB345,1=14
PA345,1=50.00
SLSTOT345=50.00
TYP346=2
DATI346=20200124095308
STATION_NR346=6111
SHF346=2727
ACC_REP_NR346=1177
OPID346=5
REF346=1179120086
SEQ346=1179120274906
SAFTDATI346=20200124095308
LCUR346=10
REPL346=2
MERCH_ID346,1=A
MERCH_NAME346,1=Discovery Filling Station Ltd
MERCH_RECEIPT_SEQ_NR346,1=611100993007
PMP346,1=2
PUMP_MODE346,1=1,1,1
NOZZLE346,1=1
NDATI346,1=20200124095221
START_DATE346,1=20200124095134
PRI346,1=1.249
BASEPRI346,1=1.249
QTY346,1=12.00
QTYUNIT346,1=2
GAMT346,1=14.99
AMT346,1=14.99
UGAMT346,1=14.99
UAMT346,1=14.99
PLU346,1=6
NAM346,1=FuelSave Unl
GRP346,1=59
CRD346,1=325
EXTREF346,1=FuelSave Unl
ART_MERCH_ID346,1=A
EXC346,1=14.99
INC346,1=14.99
NQUA_CHANGEABLE346,1=570707.86
MOP346,1=1
MOP_ADDX346,1=10
ROP346,1=1
PM346,1=110
PA346,1=14.99
SLSTOT346=14.99
TYP347=2
DATI347=20200124095409
STATION_NR347=6111
SHF347=2727
ACC_REP_NR347=1177
OPID347=5
REF347=1179120087
SEQ347=1179120274907
SAFTDATI347=20200124095409
LCUR347=10
PAN347=552073*******239
MERCH_ID347,1=A
MERCH_NAME347,1=Discovery Filling Station Ltd
MERCH_RECEIPT_SEQ_NR347,1=611100993008
PMP347,1=3
PUMP_MODE347,1=1,1,1
NOZZLE347,1=1
NDATI347,1=20200124095327
START_DATE347,1=20200124095203
PRI347,1=1.249
BASEPRI347,1=1.249
QTY347,1=46.23
QTYUNIT347,1=2
GAMT347,1=57.74
AMT347,1=57.74
UGAMT347,1=57.74
UAMT347,1=57.74
PLU347,1=6
NAM347,1=FuelSave Unl
GRP347,1=59
CRD347,1=325
EXTREF347,1=FuelSave Unl
ART_MERCH_ID347,1=A
EXC347,1=57.74
INC347,1=57.74
NQUA_CHANGEABLE347,1=1194386.36
CPPAN347,1=552073*******239
MOP347,1=6
MOP_ADDX347,1=50
MOP_ADDY347,1=15
ROP347,1=1
PM347,1=949
PSUB347,1=15
PA347,1=57.74
SLSTOT347=57.74
TYP348=2
DATI348=20200124095443
STATION_NR348=6111
SHF348=2727
ACC_REP_NR348=1177
OPID348=5
REF348=1179120088
SEQ348=1179120274908
SAFTDATI348=20200124095443
LCUR348=10
PAN348=446292*******430
MERCH_ID348,1=A
MERCH_NAME348,1=Discovery Filling Station Ltd
MERCH_RECEIPT_SEQ_NR348,1=611100993009
PMP348,1=5
PUMP_MODE348,1=1,1,1
NOZZLE348,1=1
NDATI348,1=20200124095341
START_DATE348,1=20200124095206
PRI348,1=1.249
BASEPRI348,1=1.249
QTY348,1=44.04
QTYUNIT348,1=2
GAMT348,1=55.01
AMT348,1=55.01
UGAMT348,1=55.01
UAMT348,1=55.01
PLU348,1=6
NAM348,1=FuelSave Unl
GRP348,1=59
CRD348,1=325
EXTREF348,1=FuelSave Unl
ART_MERCH_ID348,1=A
EXC348,1=55.01
INC348,1=55.01
NQUA_CHANGEABLE348,1=1062110.30
CPPAN348,1=446292*******430
MOP348,1=6
MOP_ADDX348,1=50
MOP_ADDY348,1=12
ROP348,1=1
PM348,1=949
PSUB348,1=12
PA348,1=55.01
SLSTOT348=55.01
TYP349=21
SPEC_TYPE349=13
DATI349=20200124095540
STATION_NR349=6111
SHF349=2727
OPID349=5
SPEC_ADDD349=Open cash drawer
TYP350=2
DATI350=20200124095649
STATION_NR350=6111
SHF350=2727
ACC_REP_NR350=1177
OPID350=5
REF350=1179120089
SEQ350=1179120274909
SAFTDATI350=20200124095649
LCUR350=10
PAN350=700205*******203405
MERCH_ID350,1=A
MERCH_NAME350,1=Discovery Filling Station Ltd
MERCH_RECEIPT_SEQ_NR350,1=611100993010
PMP350,1=2
PUMP_MODE350,1=1,1,1
NOZZLE350,1=1
NDATI350,1=20200124095605
START_DATE350,1=20200124095514
PRI350,1=1.249
BASEPRI350,1=1.249
QTY350,1=19.23
QTYUNIT350,1=2
GAMT350,1=24.02
AMT350,1=24.02
UGAMT350,1=24.02
UAMT350,1=24.02
PLU350,1=6
NAM350,1=FuelSave Unl
GRP350,1=59
CRD350,1=325
EXTREF350,1=FuelSave Unl
ART_MERCH_ID350,1=A
EXC350,1=24.02
INC350,1=24.02
NQUA_CHANGEABLE350,1=570727.09
CPPAN350,1=700205*******203405
MOP350,1=6
MOP_ADDX350,1=50
MOP_ADDY350,1=1
ROP350,1=1
PM350,1=949
PSUB350,1=1
PA350,1=24.02
SLSTOT350=24.02
TYP351=2
DATI351=20200124095740
STATION_NR351=6111
SHF351=2727
ACC_REP_NR351=1177
OPID351=5
REF351=1179120090
SEQ351=1179120274910
SAFTDATI351=20200124095740
LCUR351=10
PAN351=540222*******022
MERCH_ID351,1=A
MERCH_NAME351,1=Discovery Filling Station Ltd
MERCH_RECEIPT_SEQ_NR351,1=611100993011
PMP351,1=4
PUMP_MODE351,1=1,1,1
NOZZLE351,1=1
NDATI351,1=20200124095642
START_DATE351,1=20200124095535
PRI351,1=1.249
BASEPRI351,1=1.249
QTY351,1=33.68
QTYUNIT351,1=2
GAMT351,1=42.07
AMT351,1=42.07
UGAMT351,1=42.07
UAMT351,1=42.07
PLU351,1=6
NAM351,1=FuelSave Unl
GRP351,1=59
CRD351,1=325
EXTREF351,1=FuelSave Unl
ART_MERCH_ID351,1=A
EXC351,1=42.07
INC351,1=42.07
NQUA_CHANGEABLE351,1=708188.12
PRI351,2=1.00
UPR351,2=1.00
QTY351,2=2.00
QTYUNIT351,2=1
GAMT351,2=2.00
AMT351,2=2.00
UGAMT351,2=2.00
UAMT351,2=2.00
PLU351,2=5014234085769
NAM351,2=SAUSAGE ROLL
GRP351,2=CHILLED FOOD
CRD351,2=3400
ART_MERCH_ID351,2=A
EXC351,2=2.00
INC351,2=2.00
CPPAN351,1=540222*******022
MOP351,1=6
MOP_ADDX351,1=50
MOP_ADDY351,1=15
ROP351,1=1
PM351,1=949
PSUB351,1=15
PA351,1=44.07
SLSTOT351=44.07
TYP352=2
DATI352=20200124095852
STATION_NR352=6111
SHF352=2727
ACC_REP_NR352=1177
OPID352=5
REF352=1179120091
SEQ352=1179120274911
SAFTDATI352=20200124095852
LCUR352=10
PAN352=446292*******438
MERCH_ID352,1=A
MERCH_NAME352,1=Discovery Filling Station Ltd
MERCH_RECEIPT_SEQ_NR352,1=611100993012
PRI352,1=1.89
UPR352,1=1.89
QTY352,1=1.00
QTYUNIT352,1=1
GAMT352,1=1.89
AMT352,1=1.89
UGAMT352,1=1.89
UAMT352,1=1.89
PLU352,1=5055109260430
NAM352,1=CLARKS STANDARD FILL
GRP352,1=SANDWICHES
CRD352,1=6000
ART_MERCH_ID352,1=A
EXC352,1=1.89
INC352,1=1.89
PRI352,2=1.09
UPR352,2=1.09
QTY352,2=1.00
QTYUNIT352,2=1
GAMT352,2=1.09
AMT352,2=1.09
UGAMT352,2=1.09
UAMT352,2=1.09
PLU352,2=5054267007642
NAM352,2=LUCOZADE
GRP352,2=DRINKS
CRD352,2=3119
ART_MERCH_ID352,2=A
PRC352,2=20.00
VAMT352,2=0.18
EXC352,2=0.91
INC352,2=1.09
CPPAN352,1=446292*******438
MOP352,1=6
MOP_ADDX352,1=50
MOP_ADDY352,1=12
ROP352,1=1
PM352,1=949
PSUB352,1=12
PA352,1=2.98
SLSTOT352=2.98
TYP353=2
DATI353=20200124100034
STATION_NR353=6111
SHF353=2727
ACC_REP_NR353=1177
OPID353=5
REF353=1179120092
SEQ353=1179120274912
SAFTDATI353=20200124100034
LCUR353=10
REPL353=2
MERCH_ID353,1=A
MERCH_NAME353,1=Discovery Filling Station Ltd
MERCH_RECEIPT_SEQ_NR353,1=611100993013
PRI353,1=8.70
UPR353,1=8.70
QTY353,1=1.00
QTYUNIT353,1=1
GAMT353,1=8.70
AMT353,1=8.70
UGAMT353,1=8.70
UAMT353,1=8.70
PLU353,1=5000431026995
NAM353,1=PLAYERS S/K
GRP353,1=TOBACCO
CRD353,1=4019
ART_MERCH_ID353,1=A
PRC353,1=20.00
VAMT353,1=1.45
EXC353,1=7.25
INC353,1=8.70
MOP353,1=1
MOP_ADDX353,1=10
ROP353,1=1
PM353,1=110
PA353,1=8.70
SLSTOT353=8.70
TYP354=2
DATI354=20200124100042
STATION_NR354=6111
SHF354=2727
ACC_REP_NR354=1177
OPID354=5
REF354=1179120093
SEQ354=1179120274913
SAFTDATI354=20200124100042
LCUR354=10
PAN354=700205*******001105
MERCH_ID354,1=A
MERCH_NAME354,1=Discovery Filling Station Ltd
MERCH_RECEIPT_SEQ_NR354,1=611100993014
PMP354,1=3
PUMP_MODE354,1=1,1,1
NOZZLE354,1=3
NDATI354,1=20200124100014
START_DATE354,1=20200124095935
PRI354,1=1.299
BASEPRI354,1=1.299
QTY354,1=11.55
QTYUNIT354,1=2
GAMT354,1=15.00
AMT354,1=15.00
UGAMT354,1=15.00
UAMT354,1=15.00
PLU354,1=3
NAM354,1=FuelSave Dsl
GRP354,1=59
CRD354,1=425
EXTREF354,1=FuelSave Dsl
ART_MERCH_ID354,1=A
EXC354,1=15.00
INC354,1=15.00
NQUA_CHANGEABLE354,1=1277102.69
CPPAN354,1=700205*******001105
MOP354,1=6
MOP_ADDX354,1=50
MOP_ADDY354,1=1
ROP354,1=1
PM354,1=949
PSUB354,1=1
PA354,1=15.00
SLSTOT354=15.00
TYP355=21
SPEC_TYPE355=13
DATI355=20200124100124
STATION_NR355=6111
SHF355=4613
OPID355=6
SPEC_ADDD355=Open cash drawer
TYP356=2
DATI356=20200124100127
STATION_NR356=6111
ACC_REP_NR356=1177
REF356=1179520008
SEQ356=1179520008621
SAFTDATI356=20200124100127
LCUR356=10
PAN356=446292******7243
HOSTTYPE356=12
HOSTBOOKPER356=1179
AUTH356=024320
CAIC356=044026111
ONLINERC356=000
STAN356=058552
REPL356=2
MERCH_ID356,1=A
MERCH_NAME356,1=Discovery Filling Station Ltd
PMP356,1=6
PUMP_MODE356,1=1,3,2
NOZZLE356,1=2
NDATI356,1=20200124100126
START_DATE356,1=20200124100017
PRI356,1=1.299
BASEPRI356,1=1.299
QTY356,1=15.39
QTYUNIT356,1=2
GAMT356,1=20.00
AMT356,1=20.00
UGAMT356,1=20.00
UAMT356,1=20.00
PLU356,1=3
NAM356,1=FuelSave Dsl
GRP356,1=59
CRD356,1=425
EXTREF356,1=FuelSave Dsl
ART_MERCH_ID356,1=A
EXC356,1=20.00
INC356,1=20.00
NQUA_CHANGEABLE356,1=1186453.16
CPPAN356,1=446292******7243
CPREPL356,1=2
CPHOSTTYPE356,1=12
CPHOSTBKPER356,1=1179
CPAUTH356,1=024320
CPCAIC356,1=044026111
CPONLINERC356,1=000
CPSTAN356,1=058552
MOP356,1=4
MOP_ADDX356,1=2
MOP_ADDY356,1=2
ROP356,1=1
PM356,1=701
PSUB356,1=2
PA356,1=20.00
TRKMED356,1=5
SLSTOT356=20.00
TYP357=2
DATI357=20200124100206
STATION_NR357=6111
SHF357=2727
ACC_REP_NR357=1177
OPID357=5
REF357=1179120094
SEQ357=1179120274914
SAFTDATI357=20200124100206
LCUR357=10
REPL357=2
MERCH_ID357,1=A
MERCH_NAME357,1=Discovery Filling Station Ltd
MERCH_RECEIPT_SEQ_NR357,1=611100993015
PMP357,1=5
PUMP_MODE357,1=1,1,1
NOZZLE357,1=3
NDATI357,1=20200124100019
START_DATE357,1=20200124095850
PRI357,1=1.529
BASEPRI357,1=1.529
QTY357,1=6.23
QTYUNIT357,1=2
GAMT357,1=9.53
AMT357,1=9.53
UGAMT357,1=9.53
UAMT357,1=9.53
PLU357,1=8
NAM357,1=V Power Dsl
GRP357,1=59
CRD357,1=430
EXTREF357,1=V Power Dsl
ART_MERCH_ID357,1=A
EXC357,1=9.53
INC357,1=9.53
NQUA_CHANGEABLE357,1=230402.05
PRI357,2=0.30
UPR357,2=0.30
QTY357,2=2.00
QTYUNIT357,2=1
GAMT357,2=0.60
AMT357,2=0.60
UGAMT357,2=0.60
UAMT357,2=0.60
PLU357,2=1012
NAM357,2=WHITE / BROWN ROLL
GRP357,2=SANDWICHES
CRD357,2=6000
ART_MERCH_ID357,2=A
EXC357,2=0.60
INC357,2=0.60
MOP357,1=1
MOP_ADDX357,1=10
ROP357,1=1
PM357,1=110
PA357,1=11.00
MOP357,2=1
MOP_ADDX357,2=10
ROP357,2=2
PM357,2=5110
PA357,2=-0.87
SLSTOT357=10.13
TYP358=2
DATI358=20200124100304
STATION_NR358=6111
SHF358=4613
ACC_REP_NR358=1177
OPID358=6
REF358=1179110207
SEQ358=1179110738128
SAFTDATI358=20200124100304
LCUR358=10
REPL358=2
MERCH_ID358,1=A
MERCH_NAME358,1=Discovery Filling Station Ltd
MERCH_RECEIPT_SEQ_NR358,1=611100993016
PRI358,1=1.25
UPR358,1=1.25
QTY358,1=1.00
QTYUNIT358,1=1
GAMT358,1=1.25
AMT358,1=1.25
UGAMT358,1=1.25
UAMT358,1=1.25
PLU358,1=50271153
NAM358,1=BARR RED COLA 750ML
GRP358,1=DRINKS
CRD358,1=3119
ART_MERCH_ID358,1=A
PRC358,1=20.00
VAMT358,1=0.21
EXC358,1=1.04
INC358,1=1.25
MOP358,1=1
MOP_ADDX358,1=10
ROP358,1=1
PM358,1=110
PA358,1=1.40
MOP358,2=1
MOP_ADDX358,2=10
ROP358,2=2
PM358,2=5110
PA358,2=-0.15
SLSTOT358=1.25
TYP359=2
DATI359=20200124100320
STATION_NR359=6111
SHF359=4613
ACC_REP_NR359=1177
OPID359=6
REF359=1179110208
SEQ359=1179110738129
SAFTDATI359=20200124100320
LCUR359=10
PAN359=700205*******001097
MERCH_ID359,1=A
MERCH_NAME359,1=Discovery Filling Station Ltd
MERCH_RECEIPT_SEQ_NR359,1=611100993017
PMP359,1=4
PUMP_MODE359,1=1,1,1
NOZZLE359,1=3
NDATI359,1=20200124100300
START_DATE359,1=20200124100212
PRI359,1=1.299
BASEPRI359,1=1.299
QTY359,1=11.55
QTYUNIT359,1=2
GAMT359,1=15.00
AMT359,1=15.00
UGAMT359,1=15.00
UAMT359,1=15.00
PLU359,1=3
NAM359,1=FuelSave Dsl
GRP359,1=59
CRD359,1=425
EXTREF359,1=FuelSave Dsl
ART_MERCH_ID359,1=A
EXC359,1=15.00
INC359,1=15.00
NQUA_CHANGEABLE359,1=1502488.47
CPPAN359,1=700205*******001097
MOP359,1=6
MOP_ADDX359,1=50
MOP_ADDY359,1=1
ROP359,1=1
PM359,1=949
PSUB359,1=1
PA359,1=15.00
SLSTOT359=15.00
TYP360=2
DATI360=20200124100307
STATION_NR360=6111
SHF360=2727
ACC_REP_NR360=1177
OPID360=5
REF360=1179120095
SEQ360=1179120274915
SAFTDATI360=20200124100307
LCUR360=10
PAN360=475117*******098
MERCH_ID360,1=A
MERCH_NAME360,1=Discovery Filling Station Ltd
MERCH_RECEIPT_SEQ_NR360,1=611100993018
PRI360,1=1.09
UPR360,1=1.09
QTY360,1=1.00
QTYUNIT360,1=1
GAMT360,1=1.09
AMT360,1=1.09
UGAMT360,1=1.09
UAMT360,1=1.09
PLU360,1=5010092093045
NAM360,1=KINGSMILL EVERYDAY W
GRP360,1=GROCERY ZERO
CRD360,1=3100
ART_MERCH_ID360,1=A
EXC360,1=1.09
INC360,1=1.09
PRI360,2=1.00
UPR360,2=1.00
QTY360,2=1.00
QTYUNIT360,2=1
GAMT360,2=1.00
AMT360,2=1.00
UGAMT360,2=1.00
UAMT360,2=1.00
PLU360,2=5010052112144
NAM360,2=RINGOS CHEES
GRP360,2=CRISPS
CRD360,2=3219
ART_MERCH_ID360,2=A
PRC360,2=20.00
VAMT360,2=0.17
EXC360,2=0.83
INC360,2=1.00
PRI360,3=0.55
UPR360,3=0.55
QTY360,3=1.00
QTYUNIT360,3=1
GAMT360,3=0.55
AMT360,3=0.50
UGAMT360,3=0.55
UAMT360,3=0.50
PLU360,3=5020379123990
NAM360,3=HS MROOM SOU
GRP360,3=GROCERY ZERO
CRD360,3=3100
PRO360,3=MMH433
DSCT360,3=2
DNAM360,3=HS SOUP 2FÚ1.00 PM0
DSC360,3=0.05
ART_MERCH_ID360,3=A
EXC360,3=0.50
INC360,3=0.50
PRI360,4=0.55
UPR360,4=0.55
QTY360,4=1.00
QTYUNIT360,4=1
GAMT360,4=0.55
AMT360,4=0.50
UGAMT360,4=0.55
UAMT360,4=0.50
PLU360,4=5020379016285
NAM360,4=TOMATO SOUP
GRP360,4=GROCERY ZERO
CRD360,4=3100
PRO360,4=MMH433
DSCT360,4=2
DNAM360,4=HS SOUP 2FÚ1.00 PM0
DSC360,4=0.05
ART_MERCH_ID360,4=A
EXC360,4=0.50
INC360,4=0.50
PRI360,5=2.50
UPR360,5=2.50
QTY360,5=1.00
QTYUNIT360,5=1
GAMT360,5=2.50
AMT360,5=2.50
UGAMT360,5=2.50
UAMT360,5=2.50
PLU360,5=2083800000003
NAM360,5=LOTTERY
GRP360,5=LOTTERY ONLINE
CRD360,5=9500
ART_MERCH_ID360,5=A
EXC360,5=2.50
INC360,5=2.50
PMP360,6=1
PUMP_MODE360,6=1,1,1
NOZZLE360,6=1
NDATI360,6=20200124100205
START_DATE360,6=20200124100020
PRI360,6=1.249
BASEPRI360,6=1.249
QTY360,6=40.70
QTYUNIT360,6=2
GAMT360,6=50.83
AMT360,6=50.83
UGAMT360,6=50.83
UAMT360,6=50.83
PLU360,6=6
NAM360,6=FuelSave Unl
GRP360,6=59
CRD360,6=325
EXTREF360,6=FuelSave Unl
ART_MERCH_ID360,6=A
EXC360,6=50.83
INC360,6=50.83
NQUA_CHANGEABLE360,6=662283.48
CPPAN360,1=475117*******098
MOP360,1=6
MOP_ADDX360,1=50
MOP_ADDY360,1=12
ROP360,1=1
PM360,1=949
PSUB360,1=12
PA360,1=56.42
SLSTOT360=56.42
TYP361=2
DATI361=20200124100822
STATION_NR361=6111
SHF361=4613
ACC_REP_NR361=1177
OPID361=6
REF361=1179110209
SEQ361=1179110738130
SAFTDATI361=20200124100822
LCUR361=10
PAN361=475117*******245
MERCH_ID361,1=A
MERCH_NAME361,1=Discovery Filling Station Ltd
MERCH_RECEIPT_SEQ_NR361,1=611100993019
PMP361,1=1
PUMP_MODE361,1=1,1,1
NOZZLE361,1=2
NDATI361,1=20200124100702
START_DATE361,1=20200124100555
PRI361,1=1.299
BASEPRI361,1=1.299
QTY361,1=23.10
QTYUNIT361,1=2
GAMT361,1=30.01
AMT361,1=30.01
UGAMT361,1=30.01
UAMT361,1=30.01
PLU361,1=3
NAM361,1=FuelSave Dsl
GRP361,1=59
CRD361,1=425
EXTREF361,1=FuelSave Dsl
ART_MERCH_ID361,1=A
EXC361,1=30.01
INC361,1=30.01
NQUA_CHANGEABLE361,1=825686.51
CPPAN361,1=475117*******245
MOP361,1=6
MOP_ADDX361,1=50
MOP_ADDY361,1=12
ROP361,1=1
PM361,1=949
PSUB361,1=12
PA361,1=30.01
SLSTOT361=30.01
TYP362=21
SPEC_TYPE362=1
DATI362=20200124101006
STATION_NR362=6111
SHF362=4613
OPID362=6
LREF362=1179110210
SPEC_ID362=7613037028911
SPEC_NAME362=YES DK CHOC BANANA P
SPEC_ITYP362=1
SPEC_QUA362=1.00
SPEC_PRI362=1.29
SPEC_AMT362=1.29
TYP363=2
DATI363=20200124101017
STATION_NR363=6111
SHF363=4613
ACC_REP_NR363=1177
OPID363=6
REF363=1179110210
SEQ363=1179110738131
SAFTDATI363=20200124101017
LCUR363=10
REPL363=2
MERCH_ID363,1=A
MERCH_NAME363,1=Discovery Filling Station Ltd
MERCH_RECEIPT_SEQ_NR363,1=611100993020
PRI363,1=1.29
UPR363,1=1.29
QTY363,1=1.00
QTYUNIT363,1=1
GAMT363,1=1.29
AMT363,1=1.29
UGAMT363,1=1.29
UAMT363,1=1.29
PLU363,1=7613037023985
NAM363,1=YES DK CHOC SEA SALT
GRP363,1=CONFECTIONERY
CRD363,1=3119
ART_MERCH_ID363,1=A
PRC363,1=20.00
VAMT363,1=0.21
EXC363,1=1.08
INC363,1=1.29
MOP363,1=1
MOP_ADDX363,1=10
ROP363,1=1
PM363,1=110
PA363,1=1.50
MOP363,2=1
MOP_ADDX363,2=10
ROP363,2=2
PM363,2=5110
PA363,2=-0.21
SLSTOT363=1.29
TYP364=2
DATI364=20200124101038
STATION_NR364=6111
SHF364=4613
ACC_REP_NR364=1177
OPID364=6
REF364=1179110211
SEQ364=1179110738132
SAFTDATI364=20200124101038
LCUR364=10
REPL364=2
MERCH_ID364,1=A
MERCH_NAME364,1=Discovery Filling Station Ltd
MERCH_RECEIPT_SEQ_NR364,1=611100993021
PRI364,1=1.00
UPR364,1=1.00
QTY364,1=1.00
QTYUNIT364,1=1
GAMT364,1=1.00
AMT364,1=1.00
UGAMT364,1=1.00
UAMT364,1=1.00
PLU364,1=5000382101307
NAM364,1=BARR CHRYADE
GRP364,1=DRINKS
CRD364,1=3119
ART_MERCH_ID364,1=A
PRC364,1=20.00
VAMT364,1=0.17
EXC364,1=0.83
INC364,1=1.00
MOP364,1=1
MOP_ADDX364,1=10
ROP364,1=1
PM364,1=110
PA364,1=10.00
MOP364,2=1
MOP_ADDX364,2=10
ROP364,2=2
PM364,2=5110
PA364,2=-9.00
SLSTOT364=1.00
TYP365=2
DATI365=20200124101111
STATION_NR365=6111
SHF365=4613
ACC_REP_NR365=1177
OPID365=6
REF365=1179110212
SEQ365=1179110738133
SAFTDATI365=20200124101111
LCUR365=10
PAN365=476367*******049
MERCH_ID365,1=A
MERCH_NAME365,1=Discovery Filling Station Ltd
MERCH_RECEIPT_SEQ_NR365,1=611100993022
PRI365,1=1.59
UPR365,1=1.59
QTY365,1=1.00
QTYUNIT365,1=1
GAMT365,1=1.59
AMT365,1=1.59
UGAMT365,1=1.59
UAMT365,1=1.59
PLU365,1=9002490239565
NAM365,1=RED BULL
GRP365,1=DRINKS
CRD365,1=3119
ART_MERCH_ID365,1=A
PRC365,1=20.00
VAMT365,1=0.26
EXC365,1=1.33
INC365,1=1.59
PRI365,2=1.59
UPR365,2=1.59
QTY365,2=1.00
QTYUNIT365,2=1
GAMT365,2=1.59
AMT365,2=1.59
UGAMT365,2=1.59
UAMT365,2=1.59
PLU365,2=9002490239565
NAM365,2=RED BULL
GRP365,2=DRINKS
CRD365,2=3119
ART_MERCH_ID365,2=A
PRC365,2=20.00
VAMT365,2=0.26
EXC365,2=1.33
INC365,2=1.59
PRI365,3=1.00
UPR365,3=1.00
QTY365,3=1.00
QTYUNIT365,3=1
GAMT365,3=1.00
AMT365,3=1.00
UGAMT365,3=1.00
UAMT365,3=1.00
PLU365,3=5410438037793
NAM365,3=YAZOO BANANA
GRP365,3=CHILLED FOOD
CRD365,3=3400
ART_MERCH_ID365,3=A
EXC365,3=1.00
INC365,3=1.00
CPPAN365,1=476367*******049
MOP365,1=6
MOP_ADDX365,1=50
MOP_ADDY365,1=12
ROP365,1=1
PM365,1=949
PSUB365,1=12
PA365,1=4.18
SLSTOT365=4.18
TYP366=2
DATI366=20200124101149
STATION_NR366=6111
SHF366=4613
ACC_REP_NR366=1177
OPID366=6
REF366=1179110213
SEQ366=1179110738134
SAFTDATI366=20200124101149
LCUR366=10
REPL366=2
MERCH_ID366,1=A
MERCH_NAME366,1=Discovery Filling Station Ltd
MERCH_RECEIPT_SEQ_NR366,1=611100993023
PRI366,1=1.59
UPR366,1=1.59
QTY366,1=1.00
QTYUNIT366,1=1
GAMT366,1=1.59
AMT366,1=1.59
UGAMT366,1=1.59
UAMT366,1=1.59
PLU366,1=9002490239565
NAM366,1=RED BULL
GRP366,1=DRINKS
CRD366,1=3119
ART_MERCH_ID366,1=A
PRC366,1=20.00
VAMT366,1=0.26
EXC366,1=1.33
INC366,1=1.59
PRI366,2=1.59
UPR366,2=1.59
QTY366,2=1.00
QTYUNIT366,2=1
GAMT366,2=1.59
AMT366,2=1.59
UGAMT366,2=1.59
UAMT366,2=1.59
PLU366,2=9002490239565
NAM366,2=RED BULL
GRP366,2=DRINKS
CRD366,2=3119
ART_MERCH_ID366,2=A
PRC366,2=20.00
VAMT366,2=0.26
EXC366,2=1.33
INC366,2=1.59
MOP366,1=1
MOP_ADDX366,1=10
ROP366,1=1
PM366,1=110
PA366,1=4.00
MOP366,2=1
MOP_ADDX366,2=10
ROP366,2=2
PM366,2=5110
PA366,2=-0.82
SLSTOT366=3.18
TYP367=2
DATI367=20200124101253
STATION_NR367=6111
SHF367=4613
ACC_REP_NR367=1177
OPID367=6
REF367=1179110214
SEQ367=1179110738135
SAFTDATI367=20200124101253
LCUR367=10
REPL367=2
MERCH_ID367,1=A
MERCH_NAME367,1=Discovery Filling Station Ltd
MERCH_RECEIPT_SEQ_NR367,1=611100993024
PRI367,1=0.35
UPR367,1=0.35
QTY367,1=1.00
QTYUNIT367,1=1
GAMT367,1=0.35
AMT367,1=0.35
UGAMT367,1=0.35
UAMT367,1=0.35
PLU367,1=5020379150651
NAM367,1=E/S ENERGY
GRP367,1=DRINKS
CRD367,1=3119
ART_MERCH_ID367,1=A
PRC367,1=20.00
VAMT367,1=0.06
EXC367,1=0.29
INC367,1=0.35
PRI367,2=1.56
UPR367,2=1.56
QTY367,2=1.00
QTYUNIT367,2=1
GAMT367,2=1.56
AMT367,2=1.56
UGAMT367,2=1.56
UAMT367,2=1.56
PLU367,2=492134
NAM367,2=SCOTCH PIE
GRP367,2=HOT FOOD
CRD367,2=3119
ART_MERCH_ID367,2=A
PRC367,2=20.00
VAMT367,2=0.26
EXC367,2=1.30
INC367,2=1.56
MOP367,1=1
MOP_ADDX367,1=10
ROP367,1=1
PM367,1=110
PA367,1=5.00
MOP367,2=1
MOP_ADDX367,2=10
ROP367,2=2
PM367,2=5110
PA367,2=-3.09
SLSTOT367=1.91
TYP368=2
DATI368=20200124101441
STATION_NR368=6111
SHF368=4613
ACC_REP_NR368=1177
OPID368=6
REF368=1179110215
SEQ368=1179110738136
SAFTDATI368=20200124101441
LCUR368=10
PAN368=483215*******538
MERCH_ID368,1=A
MERCH_NAME368,1=Discovery Filling Station Ltd
MERCH_RECEIPT_SEQ_NR368,1=611100993025
PRI368,1=0.99
UPR368,1=0.99
QTY368,1=1.00
QTYUNIT368,1=1
GAMT368,1=0.99
AMT368,1=0.99
UGAMT368,1=0.99
UAMT368,1=0.99
PLU368,1=5414150410551
NAM368,1=CARAMELLATTE
GRP368,1=GROCERY VAT
CRD368,1=3119
ART_MERCH_ID368,1=A
PRC368,1=20.00
VAMT368,1=0.16
EXC368,1=0.83
INC368,1=0.99
PRI368,2=1.30
UPR368,2=1.30
QTY368,2=1.00
QTYUNIT368,2=1
GAMT368,2=1.30
AMT368,2=1.30
UGAMT368,2=1.30
UAMT368,2=1.30
PLU368,2=492157
NAM368,2=CLARKS PORK SAUSAGE
GRP368,2=CHILLED FOOD
CRD368,2=3400
ART_MERCH_ID368,2=A
EXC368,2=1.30
INC368,2=1.30
PRI368,3=14.10
UPR368,3=14.10
QTY368,3=1.00
QTYUNIT368,3=1
GAMT368,3=14.10
AMT368,3=14.10
UGAMT368,3=14.10
UAMT368,3=14.10
PLU368,3=5000143958621
NAM368,3=A/LEAF 30G
GRP368,3=TOBACCO
CRD368,3=4019
ART_MERCH_ID368,3=A
PRC368,3=20.00
VAMT368,3=2.35
EXC368,3=11.75
INC368,3=14.10
CPPAN368,1=483215*******538
MOP368,1=6
MOP_ADDX368,1=50
MOP_ADDY368,1=13
ROP368,1=1
PM368,1=949
PSUB368,1=13
PA368,1=16.39
SLSTOT368=16.39
TYP369=2
DATI369=20200124101517
STATION_NR369=6111
SHF369=4613
ACC_REP_NR369=1177
OPID369=6
REF369=1179110216
SEQ369=1179110738137
SAFTDATI369=20200124101517
LCUR369=10
REPL369=2
MERCH_ID369,1=A
MERCH_NAME369,1=Discovery Filling Station Ltd
MERCH_RECEIPT_SEQ_NR369,1=611100993026
PRI369,1=0.80
UPR369,1=0.80
QTY369,1=1.00
QTYUNIT369,1=1
GAMT369,1=0.80
AMT369,1=0.80
UGAMT369,1=0.80
UAMT369,1=0.80
PLU369,1=7622210470126
NAM369,1=CAD WISPA STD
GRP369,1=CONFECTIONERY
CRD369,1=3119
ART_MERCH_ID369,1=A
PRC369,1=20.00
VAMT369,1=0.13
EXC369,1=0.67
INC369,1=0.80
MOP369,1=1
MOP_ADDX369,1=10
ROP369,1=1
PM369,1=110
PA369,1=0.80
SLSTOT369=0.80
TYP370=2
DATI370=20200124101531
STATION_NR370=6111
SHF370=4613
ACC_REP_NR370=1177
OPID370=6
REF370=1179110217
SEQ370=1179110738138
SAFTDATI370=20200124101531
LCUR370=10
PAN370=475714*******152
MERCH_ID370,1=A
MERCH_NAME370,1=Discovery Filling Station Ltd
MERCH_RECEIPT_SEQ_NR370,1=611100993027
PMP370,1=2
PUMP_MODE370,1=1,1,1
NOZZLE370,1=1
NDATI370,1=20200124101414
START_DATE370,1=20200124101333
PRI370,1=1.249
BASEPRI370,1=1.249
QTY370,1=12.81
QTYUNIT370,1=2
GAMT370,1=16.00
AMT370,1=16.00
UGAMT370,1=16.00
UAMT370,1=16.00
PLU370,1=6
NAM370,1=FuelSave Unl
GRP370,1=59
CRD370,1=325
EXTREF370,1=FuelSave Unl
ART_MERCH_ID370,1=A
EXC370,1=16.00
INC370,1=16.00
NQUA_CHANGEABLE370,1=570739.90
CPPAN370,1=475714*******152
MOP370,1=6
MOP_ADDX370,1=50
MOP_ADDY370,1=12
ROP370,1=1
PM370,1=949
PSUB370,1=12
PA370,1=16.00
SLSTOT370=16.00
TYP371=2
DATI371=20200124101553
STATION_NR371=6111
SHF371=4613
ACC_REP_NR371=1177
OPID371=6
REF371=1179110218
SEQ371=1179110738139
SAFTDATI371=20200124101553
LCUR371=10
REPL371=2
MERCH_ID371,1=A
MERCH_NAME371,1=Discovery Filling Station Ltd
MERCH_RECEIPT_SEQ_NR371,1=611100993028
PMP371,1=6
PUMP_MODE371,1=1,1,1
NOZZLE371,1=3
NDATI371,1=20200124101515
START_DATE371,1=20200124101447
PRI371,1=1.529
BASEPRI371,1=1.529
QTY371,1=6.54
QTYUNIT371,1=2
GAMT371,1=10.00
AMT371,1=10.00
UGAMT371,1=10.00
UAMT371,1=10.00
PLU371,1=8
NAM371,1=V Power Dsl
GRP371,1=59
CRD371,1=430
EXTREF371,1=V Power Dsl
ART_MERCH_ID371,1=A
EXC371,1=10.00
INC371,1=10.00
NQUA_CHANGEABLE371,1=120070.30
MOP371,1=1
MOP_ADDX371,1=10
ROP371,1=1
PM371,1=110
PA371,1=10.00
SLSTOT371=10.00
TYP372=2
DATI372=20200124101538
STATION_NR372=6111
SHF372=2727
ACC_REP_NR372=1177
OPID372=5
REF372=1179120096
SEQ372=1179120274916
SAFTDATI372=20200124101538
LCUR372=10
PAN372=700205*******740073
MERCH_ID372,1=A
MERCH_NAME372,1=Discovery Filling Station Ltd
MERCH_RECEIPT_SEQ_NR372,1=611100993029
PMP372,1=4
PUMP_MODE372,1=1,1,1
NOZZLE372,1=1
NDATI372,1=20200124101456
START_DATE372,1=20200124101416
PRI372,1=1.249
BASEPRI372,1=1.249
QTY372,1=14.00
QTYUNIT372,1=2
GAMT372,1=17.49
AMT372,1=17.49
UGAMT372,1=17.49
UAMT372,1=17.49
PLU372,1=6
NAM372,1=FuelSave Unl
GRP372,1=59
CRD372,1=325
EXTREF372,1=FuelSave Unl
ART_MERCH_ID372,1=A
EXC372,1=17.49
INC372,1=17.49
NQUA_CHANGEABLE372,1=708202.12
CPPAN372,1=700205*******740073
MOP372,1=6
MOP_ADDX372,1=50
MOP_ADDY372,1=1
ROP372,1=1
PM372,1=949
PSUB372,1=1
PA372,1=17.49
SLSTOT372=17.49
TYP373=2
DATI373=20200124102021
STATION_NR373=6111
SHF373=2727
ACC_REP_NR373=1177
OPID373=5
REF373=1179120097
SEQ373=1179120274917
SAFTDATI373=20200124102021
LCUR373=10
PAN373=454742*******601
MERCH_ID373,1=A
MERCH_NAME373,1=Discovery Filling Station Ltd
MERCH_RECEIPT_SEQ_NR373,1=611100993030
PRI373,1=1.35
UPR373,1=1.35
QTY373,1=1.00
QTYUNIT373,1=1
GAMT373,1=1.35
AMT373,1=1.35
UGAMT373,1=1.35
UAMT373,1=1.35
PLU373,1=5060517883034
NAM373,1=MONSTER
GRP373,1=DRINKS
CRD373,1=3119
ART_MERCH_ID373,1=A
PRC373,1=20.00
VAMT373,1=0.22
EXC373,1=1.13
INC373,1=1.35
PRI373,2=1.62
UPR373,2=1.62
QTY373,2=1.00
QTYUNIT373,2=1
GAMT373,2=1.62
AMT373,2=1.62
UGAMT373,2=1.62
UAMT373,2=1.62
PLU373,2=492147
NAM373,2=CHK CURRY PIE
GRP373,2=HOT FOOD
CRD373,2=3119
ART_MERCH_ID373,2=A
PRC373,2=20.00
VAMT373,2=0.27
EXC373,2=1.35
INC373,2=1.62
CPPAN373,1=454742*******601
MOP373,1=6
MOP_ADDX373,1=50
MOP_ADDY373,1=12
ROP373,1=1
PM373,1=949
PSUB373,1=12
PA373,1=2.97
SLSTOT373=2.97
TYP374=2
DATI374=20200124102147
STATION_NR374=6111
SHF374=2727
ACC_REP_NR374=1177
OPID374=5
REF374=1179120098
SEQ374=1179120274918
SAFTDATI374=20200124102147
LCUR374=10
PAN374=530553*******775
MERCH_ID374,1=A
MERCH_NAME374,1=Discovery Filling Station Ltd
MERCH_RECEIPT_SEQ_NR374,1=611100993031
PRI374,1=2.19
UPR374,1=2.19
QTY374,1=1.00
QTYUNIT374,1=1
GAMT374,1=2.19
AMT374,1=2.19
UGAMT374,1=2.19
UAMT374,1=2.19
PLU374,1=5000112640250
NAM374,1=DIET COKE
GRP374,1=DRINKS
CRD374,1=3119
ART_MERCH_ID374,1=A
PRC374,1=20.00
VAMT374,1=0.36
EXC374,1=1.83
INC374,1=2.19
PRI374,2=1.56
UPR374,2=1.56
QTY374,2=1.00
QTYUNIT374,2=1
GAMT374,2=1.56
AMT374,2=1.56
UGAMT374,2=1.56
UAMT374,2=1.56
PLU374,2=492134
NAM374,2=SCOTCH PIE
GRP374,2=HOT FOOD
CRD374,2=3119
ART_MERCH_ID374,2=A
PRC374,2=20.00
VAMT374,2=0.26
EXC374,2=1.30
INC374,2=1.56
PMP374,3=4
PUMP_MODE374,3=1,1,1
NOZZLE374,3=3
NDATI374,3=20200124102032
START_DATE374,3=20200124101920
PRI374,3=1.299
BASEPRI374,3=1.299
QTY374,3=35.01
QTYUNIT374,3=2
GAMT374,3=45.48
AMT374,3=45.48
UGAMT374,3=45.48
UAMT374,3=45.48
PLU374,3=3
NAM374,3=FuelSave Dsl
GRP374,3=59
CRD374,3=425
EXTREF374,3=FuelSave Dsl
ART_MERCH_ID374,3=A
EXC374,3=45.48
INC374,3=45.48
NQUA_CHANGEABLE374,3=1502523.48
CPPAN374,1=530553*******775
MOP374,1=6
MOP_ADDX374,1=50
MOP_ADDY374,1=15
ROP374,1=1
PM374,1=949
PSUB374,1=15
PA374,1=49.23
SLSTOT374=49.23
TYP375=2
DATI375=20200124102326
STATION_NR375=6111
SHF375=2727
ACC_REP_NR375=1177
OPID375=5
REF375=1179120099
SEQ375=1179120274919
SAFTDATI375=20200124102326
LCUR375=10
REPL375=2
MERCH_ID375,1=A
MERCH_NAME375,1=Discovery Filling Station Ltd
MERCH_RECEIPT_SEQ_NR375,1=611100993032
PRI375,1=2.75
UPR375,1=2.75
QTY375,1=1.00
QTYUNIT375,1=1
GAMT375,1=2.75
AMT375,1=2.75
UGAMT375,1=2.75
UAMT375,1=2.75
PLU375,1=5055109220182
NAM375,1=CLARKS SOFT FLUTED B
GRP375,1=SANDWICHES
CRD375,1=6000
ART_MERCH_ID375,1=A
EXC375,1=2.75
INC375,1=2.75
MOP375,1=1
MOP_ADDX375,1=10
ROP375,1=1
PM375,1=110
PA375,1=2.75
SLSTOT375=2.75
TYP376=2
DATI376=20200124102356
STATION_NR376=6111
SHF376=2727
ACC_REP_NR376=1177
OPID376=5
REF376=1179120100
SEQ376=1179120274920
SAFTDATI376=20200124102356
LCUR376=10
REPL376=2
MERCH_ID376,1=A
MERCH_NAME376,1=Discovery Filling Station Ltd
MERCH_RECEIPT_SEQ_NR376,1=611100993033
PMP376,1=1
PUMP_MODE376,1=1,1,1
NOZZLE376,1=2
NDATI376,1=20200124102321
START_DATE376,1=20200124102253
PRI376,1=1.299
BASEPRI376,1=1.299
QTY376,1=7.78
QTYUNIT376,1=2
GAMT376,1=10.11
AMT376,1=10.11
UGAMT376,1=10.11
UAMT376,1=10.11
PLU376,1=3
NAM376,1=FuelSave Dsl
GRP376,1=59
CRD376,1=425
EXTREF376,1=FuelSave Dsl
ART_MERCH_ID376,1=A
EXC376,1=10.11
INC376,1=10.11
NQUA_CHANGEABLE376,1=825694.29
PRI376,2=8.70
UPR376,2=8.70
QTY376,2=1.00
QTYUNIT376,2=1
GAMT376,2=8.70
AMT376,2=8.70
UGAMT376,2=8.70
UAMT376,2=8.70
PLU376,2=5000431026902
NAM376,2=PLAYERS KS 20S
GRP376,2=TOBACCO
CRD376,2=4019
ART_MERCH_ID376,2=A
PRC376,2=20.00
VAMT376,2=1.45
EXC376,2=7.25
INC376,2=8.70
MOP376,1=1
MOP_ADDX376,1=10
ROP376,1=1
PM376,1=110
PA376,1=20.00
MOP376,2=1
MOP_ADDX376,2=10
ROP376,2=2
PM376,2=5110
PA376,2=-1.19
SLSTOT376=18.81
TYP377=2
DATI377=20200124102457
STATION_NR377=6111
SHF377=2727
ACC_REP_NR377=1177
OPID377=5
REF377=1179120101
SEQ377=1179120274921
SAFTDATI377=20200124102457
LCUR377=10
PAN377=475748*******023
MERCH_ID377,1=A
MERCH_NAME377,1=Discovery Filling Station Ltd
MERCH_RECEIPT_SEQ_NR377,1=611100993034
PRI377,1=0.79
UPR377,1=0.79
QTY377,1=1.00
QTYUNIT377,1=1
GAMT377,1=0.79
AMT377,1=0.79
UGAMT377,1=0.79
UAMT377,1=0.79
PLU377,1=5020379150071
NAM377,1=ES WHOLEMILK
GRP377,1=CHILLED FOOD
CRD377,1=3400
ART_MERCH_ID377,1=A
EXC377,1=0.79
INC377,1=0.79
PRI377,2=1.65
UPR377,2=1.65
QTY377,2=1.00
QTYUNIT377,2=1
GAMT377,2=1.65
AMT377,2=1.65
UGAMT377,2=1.65
UAMT377,2=1.65
PLU377,2=5000168209739
NAM377,2=MCV HOB NOBS
GRP377,2=GROCERY VAT
CRD377,2=3119
ART_MERCH_ID377,2=A
PRC377,2=20.00
VAMT377,2=0.27
EXC377,2=1.38
INC377,2=1.65
PRI377,3=0.95
UPR377,3=0.95
QTY377,3=1.00
QTYUNIT377,3=1
GAMT377,3=0.95
AMT377,3=0.95
UGAMT377,3=0.95
UAMT377,3=0.95
PLU377,3=5010459007289
NAM377,3=H/SPRING SPORT 75CL
GRP377,3=DRINKS
CRD377,3=3119
ART_MERCH_ID377,3=A
PRC377,3=20.00
VAMT377,3=0.16
EXC377,3=0.79
INC377,3=0.95
PRI377,4=1.00
UPR377,4=1.00
QTY377,4=1.00
QTYUNIT377,4=1
GAMT377,4=1.00
AMT377,4=1.00
UGAMT377,4=1.00
UAMT377,4=1.00
PLU377,4=5012035950231
NAM377,4=HARIBO SUPER
GRP377,4=CONFECTIONERY
CRD377,4=3119
ART_MERCH_ID377,4=A
PRC377,4=20.00
VAMT377,4=0.17
EXC377,4=0.83
INC377,4=1.00
PRI377,5=1.00
UPR377,5=1.00
QTY377,5=2.00
QTYUNIT377,5=1
GAMT377,5=2.00
AMT377,5=2.00
UGAMT377,5=2.00
UAMT377,5=2.00
PLU377,5=5000159510745
NAM377,5=GALAXY MILK
GRP377,5=CONFECTIONERY
CRD377,5=3119
ART_MERCH_ID377,5=A
PRC377,5=20.00
VAMT377,5=0.33
EXC377,5=1.67
INC377,5=2.00
CPPAN377,1=475748*******023
MOP377,1=6
MOP_ADDX377,1=50
MOP_ADDY377,1=12
ROP377,1=1
PM377,1=949
PSUB377,1=12
PA377,1=6.39
SLSTOT377=6.39
TYP378=21
SPEC_TYPE378=13
DATI378=20200124102830
STATION_NR378=6111
SHF378=4613
OPID378=6
SPEC_ADDD378=Open cash drawer
TYP379=21
SPEC_TYPE379=1
DATI379=20200124102852
STATION_NR379=6111
SHF379=2727
OPID379=5
LREF379=1179120102
SPEC_ID379=5000143917130
SPEC_NAME379=B&H KS BLU
SPEC_ITYP379=1
SPEC_QUA379=1.00
SPEC_PRI379=8.90
SPEC_AMT379=8.90
TYP380=21
SPEC_TYPE380=1
DATI380=20200124102950
STATION_NR380=6111
SHF380=2727
OPID380=5
LREF380=1179120103
SPEC_ID380=5010232965096
SPEC_NAME380=DUREX PLEASUREMAX 3P
SPEC_ITYP380=1
SPEC_QUA380=1.00
SPEC_PRI380=3.49
SPEC_AMT380=3.49
TYP381=21
SPEC_TYPE381=5
DATI381=20200124102955
STATION_NR381=6111
SHF381=2727
OPID381=5
REF381=1179120103
SPEC_ID381=5010232953994
SPEC_NAME381=DUREX
SPEC_ITYP381=1
SPEC_QUA381=1.00
SPEC_PRI381=3.56
SPEC_AMT381=3.56
TYP382=2
DATI382=20200124103046
STATION_NR382=6111
SHF382=4613
ACC_REP_NR382=1177
OPID382=6
REF382=1179110219
SEQ382=1179110738140
SAFTDATI382=20200124103046
LCUR382=10
PAN382=475117*******149
MERCH_ID382,1=A
MERCH_NAME382,1=Discovery Filling Station Ltd
MERCH_RECEIPT_SEQ_NR382,1=611100993035
PMP382,1=4
PUMP_MODE382,1=1,1,1
NOZZLE382,1=3
NDATI382,1=20200124103013
START_DATE382,1=20200124102918
PRI382,1=1.299
BASEPRI382,1=1.299
QTY382,1=23.05
QTYUNIT382,1=2
GAMT382,1=29.94
AMT382,1=29.94
UGAMT382,1=29.94
UAMT382,1=29.94
PLU382,1=3
NAM382,1=FuelSave Dsl
GRP382,1=59
CRD382,1=425
EXTREF382,1=FuelSave Dsl
ART_MERCH_ID382,1=A
EXC382,1=29.94
INC382,1=29.94
NQUA_CHANGEABLE382,1=1502546.53
CPPAN382,1=475117*******149
MOP382,1=6
MOP_ADDX382,1=50
MOP_ADDY382,1=12
ROP382,1=1
PM382,1=949
PSUB382,1=12
PA382,1=29.94
SLSTOT382=29.94
TYP383=2
DATI383=20200124103247
STATION_NR383=6111
SHF383=4613
ACC_REP_NR383=1177
OPID383=6
REF383=1179110220
SEQ383=1179110738141
SAFTDATI383=20200124103247
LCUR383=10
PAN383=465902*******026
MERCH_ID383,1=A
MERCH_NAME383,1=Discovery Filling Station Ltd
MERCH_RECEIPT_SEQ_NR383,1=611100993036
PMP383,1=5
PUMP_MODE383,1=1,1,1
NOZZLE383,1=2
NDATI383,1=20200124103213
START_DATE383,1=20200124103133
PRI383,1=1.299
BASEPRI383,1=1.299
QTY383,1=11.55
QTYUNIT383,1=2
GAMT383,1=15.00
AMT383,1=15.00
UGAMT383,1=15.00
UAMT383,1=15.00
PLU383,1=3
NAM383,1=FuelSave Dsl
GRP383,1=59
CRD383,1=425
EXTREF383,1=FuelSave Dsl
ART_MERCH_ID383,1=A
EXC383,1=15.00
INC383,1=15.00
NQUA_CHANGEABLE383,1=1114915.36
CPPAN383,1=465902*******026
MOP383,1=6
MOP_ADDX383,1=50
MOP_ADDY383,1=12
ROP383,1=1
PM383,1=949
PSUB383,1=12
PA383,1=15.00
SLSTOT383=15.00
TYP384=21
SPEC_TYPE384=13
DATI384=20200124103308
STATION_NR384=6111
SHF384=4613
OPID384=6
SPEC_ADDD384=Open cash drawer
TYP385=2
DATI385=20200124103327
STATION_NR385=6111
SHF385=2727
ACC_REP_NR385=1177
OPID385=5
REF385=1179120104
SEQ385=1179120274922
SAFTDATI385=20200124103327
LCUR385=10
PAN385=454742*******109
MERCH_ID385,1=A
MERCH_NAME385,1=Discovery Filling Station Ltd
MERCH_RECEIPT_SEQ_NR385,1=611100993037
PMP385,1=2
PUMP_MODE385,1=1,1,1
NOZZLE385,1=1
NDATI385,1=20200124103248
START_DATE385,1=20200124103200
PRI385,1=1.249
BASEPRI385,1=1.249
QTY385,1=12.01
QTYUNIT385,1=2
GAMT385,1=15.00
AMT385,1=15.00
UGAMT385,1=15.00
UAMT385,1=15.00
PLU385,1=6
NAM385,1=FuelSave Unl
GRP385,1=59
CRD385,1=325
EXTREF385,1=FuelSave Unl
ART_MERCH_ID385,1=A
EXC385,1=15.00
INC385,1=15.00
NQUA_CHANGEABLE385,1=570751.91
CPPAN385,1=454742*******109
MOP385,1=6
MOP_ADDX385,1=50
MOP_ADDY385,1=12
ROP385,1=1
PM385,1=949
PSUB385,1=12
PA385,1=15.00
SLSTOT385=15.00
TYP386=2
DATI386=20200124103403
STATION_NR386=6111
SHF386=2727
ACC_REP_NR386=1177
OPID386=5
REF386=1179120105
SEQ386=1179120274923
SAFTDATI386=20200124103403
LCUR386=10
PAN386=446238*******159
MERCH_ID386,1=A
MERCH_NAME386,1=Discovery Filling Station Ltd
MERCH_RECEIPT_SEQ_NR386,1=611100993038
PMP386,1=3
PUMP_MODE386,1=1,1,1
NOZZLE386,1=1
NDATI386,1=20200124103340
START_DATE386,1=20200124103309
PRI386,1=1.249
BASEPRI386,1=1.249
QTY386,1=12.03
QTYUNIT386,1=2
GAMT386,1=15.03
AMT386,1=15.03
UGAMT386,1=15.03
UAMT386,1=15.03
PLU386,1=6
NAM386,1=FuelSave Unl
GRP386,1=59
CRD386,1=325
EXTREF386,1=FuelSave Unl
ART_MERCH_ID386,1=A
EXC386,1=15.03
INC386,1=15.03
NQUA_CHANGEABLE386,1=1194398.39
CPPAN386,1=446238*******159
MOP386,1=6
MOP_ADDX386,1=50
MOP_ADDY386,1=12
ROP386,1=1
PM386,1=949
PSUB386,1=12
PA386,1=15.03
SLSTOT386=15.03
TYP387=2
DATI387=20200124103352
STATION_NR387=6111
SHF387=4613
ACC_REP_NR387=1177
OPID387=6
REF387=1179110221
SEQ387=1179110738142
SAFTDATI387=20200124103352
LCUR387=10
PAN387=705505*******202645
MERCH_ID387,1=A
MERCH_NAME387,1=Discovery Filling Station Ltd
MERCH_RECEIPT_SEQ_NR387,1=611100993039
PMP387,1=7
PUMP_MODE387,1=1,1,1
NOZZLE387,1=1
NDATI387,1=20200124103252
START_DATE387,1=20200124103140
PRI387,1=1.299
BASEPRI387,1=1.299
QTY387,1=88.22
QTYUNIT387,1=2
GAMT387,1=114.60
AMT387,1=114.60
UGAMT387,1=114.60
UAMT387,1=114.60
PLU387,1=3
NAM387,1=FuelSave Dsl
GRP387,1=59
CRD387,1=425
EXTREF387,1=FuelSave Dsl
ART_MERCH_ID387,1=A
EXC387,1=114.60
INC387,1=114.60
NQUA_CHANGEABLE387,1=787678.49
CPPAN387,1=705505*******202645
MOP387,1=6
MOP_ADDX387,1=50
MOP_ADDY387,1=2
ROP387,1=1
PM387,1=949
PSUB387,1=2
PA387,1=114.60
SLSTOT387=114.60
TYP388=21
SPEC_TYPE388=13
DATI388=20200124103453
STATION_NR388=6111
SHF388=4613
OPID388=6
SPEC_ADDD388=Open cash drawer
TYP389=2
DATI389=20200124103727
STATION_NR389=6111
SHF389=2727
ACC_REP_NR389=1177
OPID389=5
REF389=1179120106
SEQ389=1179120274924
SAFTDATI389=20200124103727
LCUR389=10
PAN389=557351*******318
MERCH_ID389,1=A
MERCH_NAME389,1=Discovery Filling Station Ltd
MERCH_RECEIPT_SEQ_NR389,1=611100993040
PMP389,1=5
PUMP_MODE389,1=1,1,1
NOZZLE389,1=1
NDATI389,1=20200124103642
START_DATE389,1=20200124103606
PRI389,1=1.249
BASEPRI389,1=1.249
QTY389,1=9.75
QTYUNIT389,1=2
GAMT389,1=12.18
AMT389,1=12.18
UGAMT389,1=12.18
UAMT389,1=12.18
PLU389,1=6
NAM389,1=FuelSave Unl
GRP389,1=59
CRD389,1=325
EXTREF389,1=FuelSave Unl
ART_MERCH_ID389,1=A
EXC389,1=12.18
INC389,1=12.18
NQUA_CHANGEABLE389,1=1062120.05
CPPAN389,1=557351*******318
MOP389,1=6
MOP_ADDX389,1=50
MOP_ADDY389,1=14
ROP389,1=1
PM389,1=949
PSUB389,1=14
PA389,1=12.18
SLSTOT389=12.18
TYP390=2
DATI390=20200124103853
STATION_NR390=6111
SHF390=2727
ACC_REP_NR390=1177
OPID390=5
REF390=1179120107
SEQ390=1179120274925
SAFTDATI390=20200124103853
LCUR390=10
PAN390=492915*******004
MERCH_ID390,1=A
MERCH_NAME390,1=Discovery Filling Station Ltd
MERCH_RECEIPT_SEQ_NR390,1=611100993041
PMP390,1=4
PUMP_MODE390,1=1,1,1
NOZZLE390,1=1
NDATI390,1=20200124103811
START_DATE390,1=20200124103700
PRI390,1=1.249
BASEPRI390,1=1.249
QTY390,1=32.32
QTYUNIT390,1=2
GAMT390,1=40.37
AMT390,1=40.37
UGAMT390,1=40.37
UAMT390,1=40.37
PLU390,1=6
NAM390,1=FuelSave Unl
GRP390,1=59
CRD390,1=325
EXTREF390,1=FuelSave Unl
ART_MERCH_ID390,1=A
EXC390,1=40.37
INC390,1=40.37
NQUA_CHANGEABLE390,1=708234.44
CPPAN390,1=492915*******004
MOP390,1=6
MOP_ADDX390,1=50
MOP_ADDY390,1=13
ROP390,1=1
PM390,1=949
PSUB390,1=13
PA390,1=40.37
SLSTOT390=40.37
TYP391=2
DATI391=20200124103927
STATION_NR391=6111
SHF391=2727
ACC_REP_NR391=1177
OPID391=5
REF391=1179120108
SEQ391=1179120274926
SAFTDATI391=20200124103927
LCUR391=10
PAN391=476367*******415
MERCH_ID391,1=A
MERCH_NAME391,1=Discovery Filling Station Ltd
MERCH_RECEIPT_SEQ_NR391,1=611100993042
PMP391,1=2
PUMP_MODE391,1=1,1,1
NOZZLE391,1=1
NDATI391,1=20200124103855
START_DATE391,1=20200124103819
PRI391,1=1.249
BASEPRI391,1=1.249
QTY391,1=8.43
QTYUNIT391,1=2
GAMT391,1=10.53
AMT391,1=10.53
UGAMT391,1=10.53
UAMT391,1=10.53
PLU391,1=6
NAM391,1=FuelSave Unl
GRP391,1=59
CRD391,1=325
EXTREF391,1=FuelSave Unl
ART_MERCH_ID391,1=A
EXC391,1=10.53
INC391,1=10.53
NQUA_CHANGEABLE391,1=570760.34
CPPAN391,1=476367*******415
MOP391,1=6
MOP_ADDX391,1=50
MOP_ADDY391,1=12
ROP391,1=1
PM391,1=949
PSUB391,1=12
PA391,1=10.53
SLSTOT391=10.53
TYP392=2
DATI392=20200124104002
STATION_NR392=6111
SHF392=2727
ACC_REP_NR392=1177
OPID392=5
REF392=1179120109
SEQ392=1179120274927
SAFTDATI392=20200124104002
LCUR392=10
PAN392=465941*******485
MERCH_ID392,1=A
MERCH_NAME392,1=Discovery Filling Station Ltd
MERCH_RECEIPT_SEQ_NR392,1=611100993043
PRI392,1=7.10
UPR392,1=7.10
QTY392,1=1.00
QTYUNIT392,1=1
GAMT392,1=7.10
AMT392,1=7.10
UGAMT392,1=7.10
UAMT392,1=7.10
PLU392,1=5011846004898
NAM392,1=COMMA 2 STROKE OIL
GRP392,1=CAR CARE
CRD392,1=2119
ART_MERCH_ID392,1=A
PRC392,1=20.00
VAMT392,1=1.18
EXC392,1=5.92
INC392,1=7.10
PMP392,2=6
PUMP_MODE392,2=1,1,1
NOZZLE392,2=1
NDATI392,2=20200124103837
START_DATE392,2=20200124103746
PRI392,2=1.249
BASEPRI392,2=1.249
QTY392,2=4.52
QTYUNIT392,2=2
GAMT392,2=5.65
AMT392,2=5.65
UGAMT392,2=5.65
UAMT392,2=5.65
PLU392,2=6
NAM392,2=FuelSave Unl
GRP392,2=59
CRD392,2=325
EXTREF392,2=FuelSave Unl
ART_MERCH_ID392,2=A
EXC392,2=5.65
INC392,2=5.65
NQUA_CHANGEABLE392,2=369525.57
CPPAN392,1=465941*******485
MOP392,1=6
MOP_ADDX392,1=50
MOP_ADDY392,1=12
ROP392,1=1
PM392,1=949
PSUB392,1=12
PA392,1=12.75
SLSTOT392=12.75
TYP393=2
DATI393=20200124104034
STATION_NR393=6111
SHF393=2727
ACC_REP_NR393=1177
OPID393=5
REF393=1179120110
SEQ393=1179120274928
SAFTDATI393=20200124104034
LCUR393=10
PAN393=476367*******214
MERCH_ID393,1=A
MERCH_NAME393,1=Discovery Filling Station Ltd
MERCH_RECEIPT_SEQ_NR393,1=611100993044
PRI393,1=0.79
UPR393,1=0.79
QTY393,1=1.00
QTYUNIT393,1=1
GAMT393,1=0.79
AMT393,1=0.79
UGAMT393,1=0.79
UAMT393,1=0.79
PLU393,1=5017353500809
NAM393,1=GLPH PARACET
GRP393,1=GROCERY VAT
CRD393,1=3119
ART_MERCH_ID393,1=A
PRC393,1=20.00
VAMT393,1=0.13
EXC393,1=0.66
INC393,1=0.79
CPPAN393,1=476367*******214
MOP393,1=6
MOP_ADDX393,1=50
MOP_ADDY393,1=12
ROP393,1=1
PM393,1=949
PSUB393,1=12
PA393,1=0.79
SLSTOT393=0.79
TYP394=2
DATI394=20200124104212
STATION_NR394=6111
SHF394=2727
ACC_REP_NR394=1177
OPID394=5
REF394=1179120111
SEQ394=1179120274929
SAFTDATI394=20200124104212
LCUR394=10
REPL394=2
MERCH_ID394,1=A
MERCH_NAME394,1=Discovery Filling Station Ltd
MERCH_RECEIPT_SEQ_NR394,1=611100993045
PRI394,1=1.05
UPR394,1=1.05
QTY394,1=1.00
QTYUNIT394,1=1
GAMT394,1=1.05
AMT394,1=1.05
UGAMT394,1=1.05
UAMT394,1=1.05
PLU394,1=5000159470490
NAM394,1=MARS DUO   2X 42.5G
GRP394,1=CONFECTIONERY
CRD394,1=3119
ART_MERCH_ID394,1=A
PRC394,1=20.00
VAMT394,1=0.17
EXC394,1=0.88
INC394,1=1.05
PRI394,2=1.52
UPR394,2=1.52
QTY394,2=1.00
QTYUNIT394,2=1
GAMT394,2=1.52
AMT394,2=1.52
UGAMT394,2=1.52
UAMT394,2=1.52
PLU394,2=5054267000216
NAM394,2=LUCOZADE ORANGE 500M
GRP394,2=DRINKS
CRD394,2=3119
ART_MERCH_ID394,2=A
PRC394,2=20.00
VAMT394,2=0.25
EXC394,2=1.27
INC394,2=1.52
PRI394,3=0.59
UPR394,3=0.59
QTY394,3=1.00
QTYUNIT394,3=1
GAMT394,3=0.59
AMT394,3=0.59
UGAMT394,3=0.59
UAMT394,3=0.59
PLU394,3=5000382103516
NAM394,3=IRN BRU
GRP394,3=DRINKS
CRD394,3=3119
ART_MERCH_ID394,3=A
PRC394,3=20.00
VAMT394,3=0.10
EXC394,3=0.49
INC394,3=0.59
MOP394,1=1
MOP_ADDX394,1=10
ROP394,1=1
PM394,1=110
PA394,1=3.16
SLSTOT394=3.16
TYP395=2
DATI395=20200124104318
STATION_NR395=6111
SHF395=2727
ACC_REP_NR395=1177
OPID395=5
REF395=1179120112
SEQ395=1179120274930
SAFTDATI395=20200124104318
LCUR395=10
PAN395=454742*******589
MERCH_ID395,1=A
MERCH_NAME395,1=Discovery Filling Station Ltd
MERCH_RECEIPT_SEQ_NR395,1=611100993046
PMP395,1=4
PUMP_MODE395,1=1,1,1
NOZZLE395,1=1
NDATI395,1=20200124104300
START_DATE395,1=20200124104210
PRI395,1=1.249
BASEPRI395,1=1.249
QTY395,1=16.02
QTYUNIT395,1=2
GAMT395,1=20.01
AMT395,1=20.01
UGAMT395,1=20.01
UAMT395,1=20.01
PLU395,1=6
NAM395,1=FuelSave Unl
GRP395,1=59
CRD395,1=325
EXTREF395,1=FuelSave Unl
ART_MERCH_ID395,1=A
EXC395,1=20.01
INC395,1=20.01
NQUA_CHANGEABLE395,1=708250.46
CPPAN395,1=454742*******589
MOP395,1=6
MOP_ADDX395,1=50
MOP_ADDY395,1=12
ROP395,1=1
PM395,1=949
PSUB395,1=12
PA395,1=20.01
SLSTOT395=20.01
TYP396=2
DATI396=20200124104357
STATION_NR396=6111
SHF396=2727
ACC_REP_NR396=1177
OPID396=5
REF396=1179120113
SEQ396=1179120274931
SAFTDATI396=20200124104357
LCUR396=10
PAN396=543477*******304
MERCH_ID396,1=A
MERCH_NAME396,1=Discovery Filling Station Ltd
MERCH_RECEIPT_SEQ_NR396,1=611100993047
PMP396,1=5
PUMP_MODE396,1=1,1,1
NOZZLE396,1=3
NDATI396,1=20200124104314
START_DATE396,1=20200124104208
PRI396,1=1.529
BASEPRI396,1=1.529
QTY396,1=26.42
QTYUNIT396,1=2
GAMT396,1=40.40
AMT396,1=40.40
UGAMT396,1=40.40
UAMT396,1=40.40
PLU396,1=8
NAM396,1=V Power Dsl
GRP396,1=59
CRD396,1=430
EXTREF396,1=V Power Dsl
ART_MERCH_ID396,1=A
EXC396,1=40.40
INC396,1=40.40
NQUA_CHANGEABLE396,1=230428.47
CPPAN396,1=543477*******304
MOP396,1=6
MOP_ADDX396,1=50
MOP_ADDY396,1=15
ROP396,1=1
PM396,1=949
PSUB396,1=15
PA396,1=40.40
SLSTOT396=40.40
TYP397=2
DATI397=20200124104619
STATION_NR397=6111
SHF397=2727
ACC_REP_NR397=1177
OPID397=5
REF397=1179120114
SEQ397=1179120274932
SAFTDATI397=20200124104619
LCUR397=10
PAN397=705505*******781397
MERCH_ID397,1=A
MERCH_NAME397,1=Discovery Filling Station Ltd
MERCH_RECEIPT_SEQ_NR397,1=611100993048
PMP397,1=7
PUMP_MODE397,1=1,1,1
NOZZLE397,1=1
NDATI397,1=20200124104359
START_DATE397,1=20200124103725
PRI397,1=1.299
BASEPRI397,1=1.299
QTY397,1=500.00
QTYUNIT397,1=2
GAMT397,1=649.50
AMT397,1=649.50
UGAMT397,1=649.50
UAMT397,1=649.50
PLU397,1=3
NAM397,1=FuelSave Dsl
GRP397,1=59
CRD397,1=425
EXTREF397,1=FuelSave Dsl
ART_MERCH_ID397,1=A
EXC397,1=649.50
INC397,1=649.50
NQUA_CHANGEABLE397,1=788178.49
PMP397,2=6
PUMP_MODE397,2=1,1,1
NOZZLE397,2=2
NDATI397,2=20200124104529
START_DATE397,2=20200124104410
PRI397,2=1.299
BASEPRI397,2=1.299
QTY397,2=30.68
QTYUNIT397,2=2
GAMT397,2=39.85
AMT397,2=39.85
UGAMT397,2=39.85
UAMT397,2=39.85
PLU397,2=3
NAM397,2=FuelSave Dsl
GRP397,2=59
CRD397,2=425
EXTREF397,2=FuelSave Dsl
ART_MERCH_ID397,2=A
EXC397,2=39.85
INC397,2=39.85
NQUA_CHANGEABLE397,2=1186483.84
CPPAN397,1=705505*******781397
MOP397,1=6
MOP_ADDX397,1=50
MOP_ADDY397,1=2
ROP397,1=1
PM397,1=949
PSUB397,1=2
PA397,1=689.35
SLSTOT397=689.35
TYP398=2
DATI398=20200124104738
STATION_NR398=6111
SHF398=2727
ACC_REP_NR398=1177
OPID398=5
REF398=1179120115
SEQ398=1179120274933
SAFTDATI398=20200124104738
LCUR398=10
PAN398=476367*******718
MERCH_ID398,1=A
MERCH_NAME398,1=Discovery Filling Station Ltd
MERCH_RECEIPT_SEQ_NR398,1=611100993049
PRI398,1=0.50
UPR398,1=0.50
QTY398,1=1.00
QTYUNIT398,1=1
GAMT398,1=0.50
AMT398,1=0.34
UGAMT398,1=0.50
UAMT398,1=0.34
PLU398,1=5012035954444
NAM398,1=HAR STR PM50
GRP398,1=CONFECTIONERY
CRD398,1=3119
PRO398,1=MMH1861
DSCT398,1=2
DNAM398,1=HARIBO 3 FOR 1.00
DSC398,1=0.16
ART_MERCH_ID398,1=A
PRC398,1=20.00
VAMT398,1=0.06
EXC398,1=0.28
INC398,1=0.34
PRI398,2=0.39
UPR398,2=0.39
QTY398,2=1.00
QTYUNIT398,2=1
GAMT398,2=0.39
AMT398,2=0.39
UGAMT398,2=0.39
UAMT398,2=0.39
PLU398,2=5010052112083
NAM398,2=RINGOS S&V
GRP398,2=CRISPS
CRD398,2=3219
ART_MERCH_ID398,2=A
PRC398,2=20.00
VAMT398,2=0.06
EXC398,2=0.33
INC398,2=0.39
PRI398,3=0.50
UPR398,3=0.50
QTY398,3=2.00
QTYUNIT398,3=1
GAMT398,3=1.00
AMT398,3=0.66
UGAMT398,3=1.00
UAMT398,3=0.66
PLU398,3=5012035954444
NAM398,3=HAR STR PM50
GRP398,3=CONFECTIONERY
CRD398,3=3119
PRO398,3=MMH1861
DSCT398,3=2
DNAM398,3=HARIBO 3 FOR 1.00
DSC398,3=0.34
ART_MERCH_ID398,3=A
PRC398,3=20.00
VAMT398,3=0.11
EXC398,3=0.55
INC398,3=0.66
PRI398,4=1.50
UPR398,4=1.50
QTY398,4=1.00
QTYUNIT398,4=1
GAMT398,4=1.50
AMT398,4=1.50
UGAMT398,4=1.50
UAMT398,4=1.50
PLU398,4=54491472
NAM398,4=COCA-COLA 500ML
GRP398,4=DRINKS
CRD398,4=3119
ART_MERCH_ID398,4=A
PRC398,4=20.00
VAMT398,4=0.25
EXC398,4=1.25
INC398,4=1.50
PRI398,5=1.59
UPR398,5=1.59
QTY398,5=1.00
QTYUNIT398,5=1
GAMT398,5=1.59
AMT398,5=1.59
UGAMT398,5=1.59
UAMT398,5=1.59
PLU398,5=9002490239565
NAM398,5=RED BULL
GRP398,5=DRINKS
CRD398,5=3119
ART_MERCH_ID398,5=A
PRC398,5=20.00
VAMT398,5=0.26
EXC398,5=1.33
INC398,5=1.59
CPPAN398,1=476367*******718
MOP398,1=6
MOP_ADDX398,1=50
MOP_ADDY398,1=12
ROP398,1=1
PM398,1=949
PSUB398,1=12
PA398,1=4.48
SLSTOT398=4.48
TYP399=2
DATI399=20200124104827
STATION_NR399=6111
SHF399=2727
ACC_REP_NR399=1177
OPID399=5
REF399=1179120116
SEQ399=1179120274934
SAFTDATI399=20200124104827
LCUR399=10
PAN399=476367*******180
MERCH_ID399,1=A
MERCH_NAME399,1=Discovery Filling Station Ltd
MERCH_RECEIPT_SEQ_NR399,1=611100993050
PRI399,1=0.39
UPR399,1=0.39
QTY399,1=1.00
QTYUNIT399,1=1
GAMT399,1=0.39
AMT399,1=0.30
UGAMT399,1=0.39
UAMT399,1=0.30
PLU399,1=5010052109625
NAM399,1=GW TAS SPICY
GRP399,1=CRISPS
CRD399,1=3219
PRO399,1=MMH915
DSCT399,1=2
DNAM399,1=TRANSFORM A SNACK 2
DSC399,1=0.09
ART_MERCH_ID399,1=A
PRC399,1=20.00
VAMT399,1=0.05
EXC399,1=0.25
INC399,1=0.30
PRI399,2=0.39
UPR399,2=0.39
QTY399,2=1.00
QTYUNIT399,2=1
GAMT399,2=0.39
AMT399,2=0.30
UGAMT399,2=0.39
UAMT399,2=0.30
PLU399,2=5010052109595
NAM399,2=GW TAS BEEF
GRP399,2=CRISPS
CRD399,2=3219
PRO399,2=MMH915
DSCT399,2=2
DNAM399,2=TRANSFORM A SNACK 2
DSC399,2=0.09
ART_MERCH_ID399,2=A
PRC399,2=20.00
VAMT399,2=0.05
EXC399,2=0.25
INC399,2=0.30
PRI399,3=1.00
UPR399,3=1.00
QTY399,3=1.00
QTYUNIT399,3=1
GAMT399,3=1.00
AMT399,3=1.00
UGAMT399,3=1.00
UAMT399,3=1.00
PLU399,3=5410438040199
NAM399,3=YAZOO
GRP399,3=CHILLED FOOD
CRD399,3=3400
ART_MERCH_ID399,3=A
EXC399,3=1.00
INC399,3=1.00
PRI399,4=1.98
UPR399,4=1.98
QTY399,4=1.00
QTYUNIT399,4=1
GAMT399,4=1.98
AMT399,4=1.98
UGAMT399,4=1.98
UAMT399,4=1.98
PLU399,4=492141
NAM399,4=STEAK & GRAVY
GRP399,4=HOT FOOD
CRD399,4=3119
ART_MERCH_ID399,4=A
PRC399,4=20.00
VAMT399,4=0.33
EXC399,4=1.65
INC399,4=1.98
CPPAN399,1=476367*******180
MOP399,1=6
MOP_ADDX399,1=50
MOP_ADDY399,1=12
ROP399,1=1
PM399,1=949
PSUB399,1=12
PA399,1=3.58
SLSTOT399=3.58
TYP400=2
DATI400=20200124104906
STATION_NR400=6111
SHF400=2727
ACC_REP_NR400=1177
OPID400=5
REF400=1179120117
SEQ400=1179120274935
SAFTDATI400=20200124104906
LCUR400=10
PAN400=557351*******557
MERCH_ID400,1=A
MERCH_NAME400,1=Discovery Filling Station Ltd
MERCH_RECEIPT_SEQ_NR400,1=611100993051
PMP400,1=3
PUMP_MODE400,1=1,1,1
NOZZLE400,1=1
NDATI400,1=20200124104823
START_DATE400,1=20200124104801
PRI400,1=1.249
BASEPRI400,1=1.249
QTY400,1=2.57
QTYUNIT400,1=2
GAMT400,1=3.21
AMT400,1=3.21
UGAMT400,1=3.21
UAMT400,1=3.21
PLU400,1=6
NAM400,1=FuelSave Unl
GRP400,1=59
CRD400,1=325
EXTREF400,1=FuelSave Unl
ART_MERCH_ID400,1=A
EXC400,1=3.21
INC400,1=3.21
NQUA_CHANGEABLE400,1=1194400.96
CPPAN400,1=557351*******557
MOP400,1=6
MOP_ADDX400,1=50
MOP_ADDY400,1=14
ROP400,1=1
PM400,1=949
PSUB400,1=14
PA400,1=3.21
SLSTOT400=3.21
TYP401=2
DATI401=20200124104924
STATION_NR401=6111
SHF401=2727
ACC_REP_NR401=1177
OPID401=5
REF401=1179120118
SEQ401=1179120274936
SAFTDATI401=20200124104924
LCUR401=10
PAN401=518791*******096
MERCH_ID401,1=A
MERCH_NAME401,1=Discovery Filling Station Ltd
MERCH_RECEIPT_SEQ_NR401,1=611100993052
PMP401,1=2
PUMP_MODE401,1=1,1,1
NOZZLE401,1=2
NDATI401,1=20200124104826
START_DATE401,1=20200124104610
PRI401,1=1.299
BASEPRI401,1=1.299
QTY401,1=44.21
QTYUNIT401,1=2
GAMT401,1=57.43
AMT401,1=57.43
UGAMT401,1=57.43
UAMT401,1=57.43
PLU401,1=3
NAM401,1=FuelSave Dsl
GRP401,1=59
CRD401,1=425
EXTREF401,1=FuelSave Dsl
ART_MERCH_ID401,1=A
EXC401,1=57.43
INC401,1=57.43
NQUA_CHANGEABLE401,1=1555036.78
CPPAN401,1=518791*******096
MOP401,1=6
MOP_ADDX401,1=50
MOP_ADDY401,1=15
ROP401,1=1
PM401,1=949
PSUB401,1=15
PA401,1=57.43
SLSTOT401=57.43
TYP402=2
DATI402=20200124105002
STATION_NR402=6111
SHF402=2727
ACC_REP_NR402=1177
OPID402=5
REF402=1179120119
SEQ402=1179120274937
SAFTDATI402=20200124105002
LCUR402=10
REPL402=2
MERCH_ID402,1=A
MERCH_NAME402,1=Discovery Filling Station Ltd
MERCH_RECEIPT_SEQ_NR402,1=611100993053
PMP402,1=6
PUMP_MODE402,1=1,1,1
NOZZLE402,1=1
NDATI402,1=20200124104934
START_DATE402,1=20200124104901
PRI402,1=1.249
BASEPRI402,1=1.249
QTY402,1=8.01
QTYUNIT402,1=2
GAMT402,1=10.00
AMT402,1=10.00
UGAMT402,1=10.00
UAMT402,1=10.00
PLU402,1=6
NAM402,1=FuelSave Unl
GRP402,1=59
CRD402,1=325
EXTREF402,1=FuelSave Unl
ART_MERCH_ID402,1=A
EXC402,1=10.00
INC402,1=10.00
NQUA_CHANGEABLE402,1=369533.58
MOP402,1=1
MOP_ADDX402,1=10
ROP402,1=1
PM402,1=110
PA402,1=10.00
SLSTOT402=10.00
TYP403=21
SPEC_TYPE403=13
DATI403=20200124105037
STATION_NR403=6111
SHF403=4613
OPID403=6
SPEC_ADDD403=Open cash drawer
TYP404=2
DATI404=20200124105017
STATION_NR404=6111
SHF404=2727
ACC_REP_NR404=1177
OPID404=5
REF404=1179120120
SEQ404=1179120274938
SAFTDATI404=20200124105017
LCUR404=10
PAN404=557351*******487
MERCH_ID404,1=A
MERCH_NAME404,1=Discovery Filling Station Ltd
MERCH_RECEIPT_SEQ_NR404,1=611100993054
PMP404,1=5
PUMP_MODE404,1=1,1,1
NOZZLE404,1=3
NDATI404,1=20200124104938
START_DATE404,1=20200124104824
PRI404,1=1.529
BASEPRI404,1=1.529
QTY404,1=26.16
QTYUNIT404,1=2
GAMT404,1=40.00
AMT404,1=40.00
UGAMT404,1=40.00
UAMT404,1=40.00
PLU404,1=8
NAM404,1=V Power Dsl
GRP404,1=59
CRD404,1=430
EXTREF404,1=V Power Dsl
ART_MERCH_ID404,1=A
EXC404,1=40.00
INC404,1=40.00
NQUA_CHANGEABLE404,1=230454.63
CPPAN404,1=557351*******487
MOP404,1=6
MOP_ADDX404,1=50
MOP_ADDY404,1=14
ROP404,1=1
PM404,1=949
PSUB404,1=14
PA404,1=40.00
SLSTOT404=40.00
TYP405=2
DATI405=20200124105141
STATION_NR405=6111
SHF405=4613
ACC_REP_NR405=1177
OPID405=6
REF405=1179110222
SEQ405=1179110738143
SAFTDATI405=20200124105141
LCUR405=10
REPL405=2
MOP405,1=1
MOP_ADDX405,1=10
ROP405,1=5
PM405,1=2510
PA405,1=-210.00
SAFEDROPREF405,1=1
TYP406=3
DATI406=20200124105330
STATION_NR406=6111
SHF406=4613
REF406=1179110000
OPID406=6
POSDISCONNECTED406=NO
TYP407=2
DATI407=20200124105314
STATION_NR407=6111
SHF407=2727
ACC_REP_NR407=1177
OPID407=5
REF407=1179120121
SEQ407=1179120274939
SAFTDATI407=20200124105314
LCUR407=10
PAN407=471530*******379
MERCH_ID407,1=A
MERCH_NAME407,1=Discovery Filling Station Ltd
MERCH_RECEIPT_SEQ_NR407,1=611100993055
PMP407,1=4
PUMP_MODE407,1=1,1,1
NOZZLE407,1=3
NDATI407,1=20200124105145
START_DATE407,1=20200124105012
PRI407,1=1.299
BASEPRI407,1=1.299
QTY407,1=41.56
QTYUNIT407,1=2
GAMT407,1=53.99
AMT407,1=53.99
UGAMT407,1=53.99
UAMT407,1=53.99
PLU407,1=3
NAM407,1=FuelSave Dsl
GRP407,1=59
CRD407,1=425
EXTREF407,1=FuelSave Dsl
ART_MERCH_ID407,1=A
EXC407,1=53.99
INC407,1=53.99
NQUA_CHANGEABLE407,1=1502588.09
CPPAN407,1=471530*******379
MOP407,1=6
MOP_ADDX407,1=50
MOP_ADDY407,1=7
ROP407,1=1
PM407,1=949
PSUB407,1=7
PA407,1=53.99
SLSTOT407=53.99
TYP408=2
DATI408=20200124105425
STATION_NR408=6111
SHF408=2727
ACC_REP_NR408=1177
OPID408=5
REF408=1179120122
SEQ408=1179120274940
SAFTDATI408=20200124105425
LCUR408=10
REPL408=2
MERCH_ID408,1=A
MERCH_NAME408,1=Discovery Filling Station Ltd
MERCH_RECEIPT_SEQ_NR408,1=611100993056
PRI408,1=1.09
UPR408,1=1.09
QTY408,1=1.00
QTYUNIT408,1=1
GAMT408,1=1.09
AMT408,1=1.09
UGAMT408,1=1.09
UAMT408,1=1.09
PLU408,1=5054267007895
NAM408,1=RIBENA
GRP408,1=DRINKS
CRD408,1=3119
ART_MERCH_ID408,1=A
PRC408,1=20.00
VAMT408,1=0.18
EXC408,1=0.91
INC408,1=1.09
MOP408,1=1
MOP_ADDX408,1=10
ROP408,1=1
PM408,1=110
PA408,1=1.09
SLSTOT408=1.09
TYP409=20
DATI409=20200124105439
STATION_NR409=6111
SHF409=4613
REF409=1179110000
OPID409=6
SHF_CURL409,10=1.11
TYP410=2
DATI410=20200124105434
STATION_NR410=6111
SHF410=2727
ACC_REP_NR410=1177
OPID410=5
REF410=1179120123
SEQ410=1179120274941
SAFTDATI410=20200124105434
LCUR410=10
PAN410=700205*******290259
MERCH_ID410,1=A
MERCH_NAME410,1=Discovery Filling Station Ltd
MERCH_RECEIPT_SEQ_NR410,1=611100993057
PMP410,1=3
PUMP_MODE410,1=1,1,1
NOZZLE410,1=1
NDATI410,1=20200124105325
START_DATE410,1=20200124105230
PRI410,1=1.249
BASEPRI410,1=1.249
QTY410,1=32.79
QTYUNIT410,1=2
GAMT410,1=40.95
AMT410,1=40.95
UGAMT410,1=40.95
UAMT410,1=40.95
PLU410,1=6
NAM410,1=FuelSave Unl
GRP410,1=59
CRD410,1=325
EXTREF410,1=FuelSave Unl
ART_MERCH_ID410,1=A
EXC410,1=40.95
INC410,1=40.95
NQUA_CHANGEABLE410,1=1194433.75
CPPAN410,1=700205*******290259
MOP410,1=6
MOP_ADDX410,1=50
MOP_ADDY410,1=1
ROP410,1=1
PM410,1=949
PSUB410,1=1
PA410,1=40.95
SLSTOT410=40.95
TYP411=2
DATI411=20200124105509
STATION_NR411=6111
SHF411=2727
ACC_REP_NR411=1177
OPID411=5
REF411=1179120124
SEQ411=1179120274942
SAFTDATI411=20200124105509
LCUR411=10
REPL411=2
MERCH_ID411,1=A
MERCH_NAME411,1=Discovery Filling Station Ltd
MERCH_RECEIPT_SEQ_NR411,1=611100993058
PMP411,1=5
PUMP_MODE411,1=1,1,1
NOZZLE411,1=2
NDATI411,1=20200124105359
START_DATE411,1=20200124105208
PRI411,1=1.299
BASEPRI411,1=1.299
QTY411,1=37.72
QTYUNIT411,1=2
GAMT411,1=49.00
AMT411,1=49.00
UGAMT411,1=49.00
UAMT411,1=49.00
PLU411,1=3
NAM411,1=FuelSave Dsl
GRP411,1=59
CRD411,1=425
EXTREF411,1=FuelSave Dsl
ART_MERCH_ID411,1=A
EXC411,1=49.00
INC411,1=49.00
NQUA_CHANGEABLE411,1=1114953.08
MOP411,1=1
MOP_ADDX411,1=10
ROP411,1=1
PM411,1=110
PA411,1=49.00
SLSTOT411=49.00
TYP412=21
SPEC_TYPE412=14
DATI412=20200124105522
STATION_NR412=6111
SHF412=2727
OPID412=5
LREF412=1179120125
SPEC_ID412=1003
SPEC_NAME412=PAYPOINT
SPEC_ITYP412=1
SPEC_QUA412=1.00
SPEC_PRI412=10.00
SPEC_AMT412=10.00
TYP413=2
DATI413=20200124105525
STATION_NR413=6111
SHF413=2727
ACC_REP_NR413=1177
OPID413=5
REF413=1179120125
SEQ413=1179120274943
SAFTDATI413=20200124105525
LCUR413=10
REPL413=2
MERCH_ID413,1=A
MERCH_NAME413,1=Discovery Filling Station Ltd
MERCH_RECEIPT_SEQ_NR413,1=611100993059
PRI413,1=10.00
UPR413,1=10.00
QTY413,1=1.00
QTYUNIT413,1=1
GAMT413,1=10.00
AMT413,1=10.00
UGAMT413,1=10.00
UAMT413,1=10.00
PLU413,1=1003
NAM413,1=PAYPOINT
GRP413,1=STAMPS & PHONE
CRD413,1=9019
ART_MERCH_ID413,1=A
EXC413,1=10.00
INC413,1=10.00
MOP413,1=1
MOP_ADDX413,1=10
ROP413,1=1
PM413,1=110
PA413,1=10.00
SLSTOT413=10.00
TYP414=2
DATI414=20200124105607
STATION_NR414=6111
SHF414=2727
ACC_REP_NR414=1177
OPID414=5
REF414=1179120126
SEQ414=1179120274944
SAFTDATI414=20200124105607
LCUR414=10
PAN414=529930*******549
MERCH_ID414,1=A
MERCH_NAME414,1=Discovery Filling Station Ltd
MERCH_RECEIPT_SEQ_NR414,1=611100993060
PMP414,1=1
PUMP_MODE414,1=1,1,1
NOZZLE414,1=1
NDATI414,1=20200124105532
START_DATE414,1=20200124105431
PRI414,1=1.249
BASEPRI414,1=1.249
QTY414,1=24.02
QTYUNIT414,1=2
GAMT414,1=30.00
AMT414,1=30.00
UGAMT414,1=30.00
UAMT414,1=30.00
PLU414,1=6
NAM414,1=FuelSave Unl
GRP414,1=59
CRD414,1=325
EXTREF414,1=FuelSave Unl
ART_MERCH_ID414,1=A
EXC414,1=30.00
INC414,1=30.00
NQUA_CHANGEABLE414,1=662307.50
CPPAN414,1=529930*******549
MOP414,1=6
MOP_ADDX414,1=50
MOP_ADDY414,1=15
ROP414,1=1
PM414,1=949
PSUB414,1=15
PA414,1=30.00
SLSTOT414=30.00
TYP415=1
DATI415=20200124105715
STATION_NR415=6111
SHF415=4614
REF415=1179110000
OPID415=8
TYP416=21
SPEC_TYPE416=13
DATI416=20200124105807
STATION_NR416=6111
SHF416=4614
OPID416=8
SPEC_ADDD416=Open cash drawer
TYP417=2
DATI417=20200124105906
STATION_NR417=6111
SHF417=4614
ACC_REP_NR417=1177
OPID417=8
REF417=1179110223
SEQ417=1179110738144
SAFTDATI417=20200124105906
LCUR417=10
PAN417=700205*******203116
MERCH_ID417,1=A
MERCH_NAME417,1=Discovery Filling Station Ltd
MERCH_RECEIPT_SEQ_NR417,1=611100993061
PMP417,1=7
PUMP_MODE417,1=1,1,1
NOZZLE417,1=1
NDATI417,1=20200124105753
START_DATE417,1=20200124105357
PRI417,1=1.299
BASEPRI417,1=1.299
QTY417,1=251.73
QTYUNIT417,1=2
GAMT417,1=327.00
AMT417,1=327.00
UGAMT417,1=327.00
UAMT417,1=327.00
PLU417,1=3
NAM417,1=FuelSave Dsl
GRP417,1=59
CRD417,1=425
EXTREF417,1=FuelSave Dsl
ART_MERCH_ID417,1=A
EXC417,1=327.00
INC417,1=327.00
NQUA_CHANGEABLE417,1=788430.22
CPPAN417,1=700205*******203116
MOP417,1=6
MOP_ADDX417,1=50
MOP_ADDY417,1=1
ROP417,1=1
PM417,1=949
PSUB417,1=1
PA417,1=327.00
SLSTOT417=327.00
TYP418=2
DATI418=20200124105950
STATION_NR418=6111
SHF418=2727
ACC_REP_NR418=1177
OPID418=5
REF418=1179120127
SEQ418=1179120274945
SAFTDATI418=20200124105950
LCUR418=10
PAN418=376014******005
MERCH_ID418,1=A
MERCH_NAME418,1=Discovery Filling Station Ltd
MERCH_RECEIPT_SEQ_NR418,1=611100993062
PMP418,1=2
PUMP_MODE418,1=1,1,1
NOZZLE418,1=2
NDATI418,1=20200124105848
START_DATE418,1=20200124105656
PRI418,1=1.299
BASEPRI418,1=1.299
QTY418,1=45.87
QTYUNIT418,1=2
GAMT418,1=59.59
AMT418,1=59.59
UGAMT418,1=59.59
UAMT418,1=59.59
PLU418,1=3
NAM418,1=FuelSave Dsl
GRP418,1=59
CRD418,1=425
EXTREF418,1=FuelSave Dsl
ART_MERCH_ID418,1=A
EXC418,1=59.59
INC418,1=59.59
NQUA_CHANGEABLE418,1=1555082.65
CPPAN418,1=376014******005
MOP418,1=6
MOP_ADDX418,1=50
MOP_ADDY418,1=17
ROP418,1=1
PM418,1=949
PSUB418,1=17
PA418,1=59.59
SLSTOT418=59.59
TYP419=2
DATI419=20200124110007
STATION_NR419=6111
SHF419=4614
ACC_REP_NR419=1177
OPID419=8
REF419=1179110224
SEQ419=1179110738145
SAFTDATI419=20200124110007
LCUR419=10
PAN419=475130*******792
MERCH_ID419,1=A
MERCH_NAME419,1=Discovery Filling Station Ltd
MERCH_RECEIPT_SEQ_NR419,1=611100993063
PMP419,1=4
PUMP_MODE419,1=1,1,1
NOZZLE419,1=1
NDATI419,1=20200124105939
START_DATE419,1=20200124105908
PRI419,1=1.249
BASEPRI419,1=1.249
QTY419,1=8.13
QTYUNIT419,1=2
GAMT419,1=10.15
AMT419,1=10.15
UGAMT419,1=10.15
UAMT419,1=10.15
PLU419,1=6
NAM419,1=FuelSave Unl
GRP419,1=59
CRD419,1=325
EXTREF419,1=FuelSave Unl
ART_MERCH_ID419,1=A
EXC419,1=10.15
INC419,1=10.15
NQUA_CHANGEABLE419,1=708258.59
CPPAN419,1=475130*******792
MOP419,1=6
MOP_ADDX419,1=50
MOP_ADDY419,1=12
ROP419,1=1
PM419,1=949
PSUB419,1=12
PA419,1=10.15
SLSTOT419=10.15
TYP420=2
DATI420=20200124110225
STATION_NR420=6111
SHF420=2727
ACC_REP_NR420=1177
OPID420=5
REF420=1179120128
SEQ420=1179120274946
SAFTDATI420=20200124110225
LCUR420=10
PAN420=700205*******001097
MERCH_ID420,1=A
MERCH_NAME420,1=Discovery Filling Station Ltd
MERCH_RECEIPT_SEQ_NR420,1=611100993064
PMP420,1=2
PUMP_MODE420,1=1,1,1
NOZZLE420,1=1
NDATI420,1=20200124110157
START_DATE420,1=20200124110122
PRI420,1=1.249
BASEPRI420,1=1.249
QTY420,1=12.01
QTYUNIT420,1=2
GAMT420,1=15.00
AMT420,1=15.00
UGAMT420,1=15.00
UAMT420,1=15.00
PLU420,1=6
NAM420,1=FuelSave Unl
GRP420,1=59
CRD420,1=325
EXTREF420,1=FuelSave Unl
ART_MERCH_ID420,1=A
EXC420,1=15.00
INC420,1=15.00
NQUA_CHANGEABLE420,1=570772.35
CPPAN420,1=700205*******001097
MOP420,1=6
MOP_ADDX420,1=50
MOP_ADDY420,1=1
ROP420,1=1
PM420,1=949
PSUB420,1=1
PA420,1=15.00
SLSTOT420=15.00
TYP421=2
DATI421=20200124110311
STATION_NR421=6111
SHF421=4614
ACC_REP_NR421=1177
OPID421=8
REF421=1179110225
SEQ421=1179110738146
SAFTDATI421=20200124110311
LCUR421=10
REPL421=2
MERCH_ID421,1=A
MERCH_NAME421,1=Discovery Filling Station Ltd
MERCH_RECEIPT_SEQ_NR421,1=611100993065
PRI421,1=1.98
UPR421,1=1.98
QTY421,1=1.00
QTYUNIT421,1=1
GAMT421,1=1.98
AMT421,1=1.98
UGAMT421,1=1.98
UAMT421,1=1.98
PLU421,1=492141
NAM421,1=STEAK & GRAVY
GRP421,1=HOT FOOD
CRD421,1=3119
ART_MERCH_ID421,1=A
PRC421,1=20.00
VAMT421,1=0.33
EXC421,1=1.65
INC421,1=1.98
PRI421,2=1.92
UPR421,2=1.92
QTY421,2=1.00
QTYUNIT421,2=1
GAMT421,2=1.92
AMT421,2=1.92
UGAMT421,2=1.92
UAMT421,2=1.92
PLU421,2=492142
NAM421,2=TIKKA PIE
GRP421,2=HOT FOOD
CRD421,2=3119
ART_MERCH_ID421,2=A
PRC421,2=20.00
VAMT421,2=0.32
EXC421,2=1.60
INC421,2=1.92
MOP421,1=1
MOP_ADDX421,1=10
ROP421,1=1
PM421,1=110
PA421,1=4.00
MOP421,2=1
MOP_ADDX421,2=10
ROP421,2=2
PM421,2=5110
PA421,2=-0.10
SLSTOT421=3.90
TYP422=2
DATI422=20200124110617
STATION_NR422=6111
SHF422=2727
ACC_REP_NR422=1177
OPID422=5
REF422=1179120129
SEQ422=1179120274947
SAFTDATI422=20200124110617
LCUR422=10
REPL422=2
MERCH_ID422,1=A
MERCH_NAME422,1=Discovery Filling Station Ltd
MERCH_RECEIPT_SEQ_NR422,1=611100993066
PRI422,1=0.59
UPR422,1=0.59
QTY422,1=1.00
QTYUNIT422,1=1
GAMT422,1=0.59
AMT422,1=0.59
UGAMT422,1=0.59
UAMT422,1=0.59
PLU422,1=5000382103516
NAM422,1=IRN BRU
GRP422,1=DRINKS
CRD422,1=3119
ART_MERCH_ID422,1=A
PRC422,1=20.00
VAMT422,1=0.10
EXC422,1=0.49
INC422,1=0.59
PRI422,2=0.39
UPR422,2=0.39
QTY422,2=1.00
QTYUNIT422,2=1
GAMT422,2=0.39
AMT422,2=0.39
UGAMT422,2=0.39
UAMT422,2=0.39
PLU422,2=5000237113967
NAM422,2=DISCOS S&V
GRP422,2=CRISPS
CRD422,2=3219
ART_MERCH_ID422,2=A
EXC422,2=0.39
INC422,2=0.39
PRI422,3=0.80
UPR422,3=0.80
QTY422,3=1.00
QTYUNIT422,3=1
GAMT422,3=0.80
AMT422,3=0.80
UGAMT422,3=0.80
UAMT422,3=0.80
PLU422,3=7613034959287
NAM422,3=TOFFEE CRISP 38G
GRP422,3=CONFECTIONERY
CRD422,3=3119
ART_MERCH_ID422,3=A
PRC422,3=20.00
VAMT422,3=0.13
EXC422,3=0.67
INC422,3=0.80
PRI422,4=1.40
UPR422,4=1.40
QTY422,4=1.00
QTYUNIT422,4=1
GAMT422,4=1.40
AMT422,4=1.40
UGAMT422,4=1.40
UAMT422,4=1.40
PLU422,4=490589
NAM422,4=CREAM CAKES
GRP422,4=CHILLED FOOD
CRD422,4=3400
ART_MERCH_ID422,4=A
EXC422,4=1.40
INC422,4=1.40
PRI422,5=1.62
UPR422,5=1.62
QTY422,5=1.00
QTYUNIT422,5=1
GAMT422,5=1.62
AMT422,5=1.62
UGAMT422,5=1.62
UAMT422,5=1.62
PLU422,5=492135
NAM422,5=BEAN PIE
GRP422,5=HOT FOOD
CRD422,5=3119
ART_MERCH_ID422,5=A
PRC422,5=20.00
VAMT422,5=0.27
EXC422,5=1.35
INC422,5=1.62
MOP422,1=1
MOP_ADDX422,1=10
ROP422,1=1
PM422,1=110
PA422,1=4.80
SLSTOT422=4.80
TYP423=2
DATI423=20200124110718
STATION_NR423=6111
SHF423=2727
ACC_REP_NR423=1177
OPID423=5
REF423=1179120130
SEQ423=1179120274948
SAFTDATI423=20200124110718
LCUR423=10
PAN423=475117*******862
MERCH_ID423,1=A
MERCH_NAME423,1=Discovery Filling Station Ltd
MERCH_RECEIPT_SEQ_NR423,1=611100993067
PRI423,1=0.65
UPR423,1=0.65
QTY423,1=1.00
QTYUNIT423,1=1
GAMT423,1=0.65
AMT423,1=0.65
UGAMT423,1=0.65
UAMT423,1=0.65
PLU423,1=42247340
NAM423,1=WRIG EXTREA WHITE B/
GRP423,1=CONFECTIONERY
CRD423,1=3119
ART_MERCH_ID423,1=A
PRC423,1=20.00
VAMT423,1=0.11
EXC423,1=0.54
INC423,1=0.65
PRI423,2=0.65
UPR423,2=0.65
QTY423,2=1.00
QTYUNIT423,2=1
GAMT423,2=0.65
AMT423,2=0.65
UGAMT423,2=0.65
UAMT423,2=0.65
PLU423,2=42307174
NAM423,2=STARBURST GU
GRP423,2=CONFECTIONERY
CRD423,2=3119
ART_MERCH_ID423,2=A
PRC423,2=20.00
VAMT423,2=0.11
EXC423,2=0.54
INC423,2=0.65
CPPAN423,1=475117*******862
MOP423,1=6
MOP_ADDX423,1=50
MOP_ADDY423,1=12
ROP423,1=1
PM423,1=949
PSUB423,1=12
PA423,1=1.30
SLSTOT423=1.30
TYP424=2
DATI424=20200124110653
STATION_NR424=6111
SHF424=4614
ACC_REP_NR424=1177
OPID424=8
REF424=1179110226
SEQ424=1179110738147
SAFTDATI424=20200124110653
LCUR424=10
PAN424=700205*******350411
MERCH_ID424,1=A
MERCH_NAME424,1=Discovery Filling Station Ltd
MERCH_RECEIPT_SEQ_NR424,1=611100993068
PMP424,1=5
PUMP_MODE424,1=1,1,1
NOZZLE424,1=2
NDATI424,1=20200124110623
START_DATE424,1=20200124110424
PRI424,1=1.299
BASEPRI424,1=1.299
QTY424,1=37.21
QTYUNIT424,1=2
GAMT424,1=48.34
AMT424,1=48.34
UGAMT424,1=48.34
UAMT424,1=48.34
PLU424,1=3
NAM424,1=FuelSave Dsl
GRP424,1=59
CRD424,1=425
EXTREF424,1=FuelSave Dsl
ART_MERCH_ID424,1=A
EXC424,1=48.34
INC424,1=48.34
NQUA_CHANGEABLE424,1=1114990.29
CPPAN424,1=700205*******350411
MOP424,1=6
MOP_ADDX424,1=50
MOP_ADDY424,1=1
ROP424,1=1
PM424,1=949
PSUB424,1=1
PA424,1=48.34
SLSTOT424=48.34
TYP425=2
DATI425=20200124110737
STATION_NR425=6111
SHF425=2727
ACC_REP_NR425=1177
OPID425=5
REF425=1179120131
SEQ425=1179120274949
SAFTDATI425=20200124110737
LCUR425=10
PAN425=446279*******017
MERCH_ID425,1=A
MERCH_NAME425,1=Discovery Filling Station Ltd
MERCH_RECEIPT_SEQ_NR425,1=611100993069
PMP425,1=1
PUMP_MODE425,1=1,1,1
NOZZLE425,1=1
NDATI425,1=20200124110647
START_DATE425,1=20200124110546
PRI425,1=1.249
BASEPRI425,1=1.249
QTY425,1=16.01
QTYUNIT425,1=2
GAMT425,1=20.00
AMT425,1=20.00
UGAMT425,1=20.00
UAMT425,1=20.00
PLU425,1=6
NAM425,1=FuelSave Unl
GRP425,1=59
CRD425,1=325
EXTREF425,1=FuelSave Unl
ART_MERCH_ID425,1=A
EXC425,1=20.00
INC425,1=20.00
NQUA_CHANGEABLE425,1=662323.51
CPPAN425,1=446279*******017
MOP425,1=6
MOP_ADDX425,1=50
MOP_ADDY425,1=12
ROP425,1=1
PM425,1=949
PSUB425,1=12
PA425,1=20.00
SLSTOT425=20.00
TYP426=2
DATI426=20200124110743
STATION_NR426=6111
SHF426=4614
ACC_REP_NR426=1177
OPID426=8
REF426=1179110227
SEQ426=1179110738148
SAFTDATI426=20200124110743
LCUR426=10
PAN426=557351*******327
MERCH_ID426,1=A
MERCH_NAME426,1=Discovery Filling Station Ltd
MERCH_RECEIPT_SEQ_NR426,1=611100993070
PMP426,1=4
PUMP_MODE426,1=1,1,1
NOZZLE426,1=1
NDATI426,1=20200124110638
START_DATE426,1=20200124110537
PRI426,1=1.249
BASEPRI426,1=1.249
QTY426,1=31.11
QTYUNIT426,1=2
GAMT426,1=38.86
AMT426,1=38.86
UGAMT426,1=38.86
UAMT426,1=38.86
PLU426,1=6
NAM426,1=FuelSave Unl
GRP426,1=59
CRD426,1=325
EXTREF426,1=FuelSave Unl
ART_MERCH_ID426,1=A
EXC426,1=38.86
INC426,1=38.86
NQUA_CHANGEABLE426,1=708289.70
CPPAN426,1=557351*******327
MOP426,1=6
MOP_ADDX426,1=50
MOP_ADDY426,1=14
ROP426,1=1
PM426,1=949
PSUB426,1=14
PA426,1=38.86
SLSTOT426=38.86
TYP427=2
DATI427=20200124110824
STATION_NR427=6111
SHF427=2727
ACC_REP_NR427=1177
OPID427=5
REF427=1179120132
SEQ427=1179120274950
SAFTDATI427=20200124110824
LCUR427=10
REPL427=2
MERCH_ID427,1=A
MERCH_NAME427,1=Discovery Filling Station Ltd
MERCH_RECEIPT_SEQ_NR427,1=611100993071
PRI427,1=2.75
UPR427,1=2.75
QTY427,1=1.00
QTYUNIT427,1=1
GAMT427,1=2.75
AMT427,1=2.75
UGAMT427,1=2.75
UAMT427,1=2.75
PLU427,1=5055109220144
NAM427,1=CLARKS FRENCH DEMI B
GRP427,1=SANDWICHES
CRD427,1=6000
ART_MERCH_ID427,1=A
EXC427,1=2.75
INC427,1=2.75
PRI427,2=1.00
UPR427,2=1.00
QTY427,2=1.00
QTYUNIT427,2=1
GAMT427,2=1.00
AMT427,2=1.00
UGAMT427,2=1.00
UAMT427,2=1.00
PLU427,2=5020379133401
NAM427,2=ES ENERGY
GRP427,2=DRINKS
CRD427,2=3119
ART_MERCH_ID427,2=A
PRC427,2=20.00
VAMT427,2=0.17
EXC427,2=0.83
INC427,2=1.00
MOP427,1=1
MOP_ADDX427,1=10
ROP427,1=1
PM427,1=110
PA427,1=3.75
SLSTOT427=3.75
TYP428=2
DATI428=20200124110902
STATION_NR428=6111
SHF428=2727
ACC_REP_NR428=1177
OPID428=5
REF428=1179120133
SEQ428=1179120274951
SAFTDATI428=20200124110902
LCUR428=10
REPL428=2
MERCH_ID428,1=A
MERCH_NAME428,1=Discovery Filling Station Ltd
MERCH_RECEIPT_SEQ_NR428,1=611100993072
PMP428,1=3
PUMP_MODE428,1=1,1,1
NOZZLE428,1=1
NDATI428,1=20200124110839
START_DATE428,1=20200124110747
PRI428,1=1.249
BASEPRI428,1=1.249
QTY428,1=16.01
QTYUNIT428,1=2
GAMT428,1=20.00
AMT428,1=20.00
UGAMT428,1=20.00
UAMT428,1=20.00
PLU428,1=6
NAM428,1=FuelSave Unl
GRP428,1=59
CRD428,1=325
EXTREF428,1=FuelSave Unl
ART_MERCH_ID428,1=A
EXC428,1=20.00
INC428,1=20.00
NQUA_CHANGEABLE428,1=1194449.76
MOP428,1=1
MOP_ADDX428,1=10
ROP428,1=1
PM428,1=110
PA428,1=20.00
SLSTOT428=20.00
TYP429=2
DATI429=20200124111001
STATION_NR429=6111
SHF429=4614
ACC_REP_NR429=1177
OPID429=8
REF429=1179110228
SEQ429=1179110738149
SAFTDATI429=20200124111001
LCUR429=10
REPL429=2
MERCH_ID429,1=A
MERCH_NAME429,1=Discovery Filling Station Ltd
MERCH_RECEIPT_SEQ_NR429,1=611100993073
PMP429,1=5
PUMP_MODE429,1=1,1,1
NOZZLE429,1=1
NDATI429,1=20200124110935
START_DATE429,1=20200124110855
PRI429,1=1.249
BASEPRI429,1=1.249
QTY429,1=8.01
QTYUNIT429,1=2
GAMT429,1=10.00
AMT429,1=10.00
UGAMT429,1=10.00
UAMT429,1=10.00
PLU429,1=6
NAM429,1=FuelSave Unl
GRP429,1=59
CRD429,1=325
EXTREF429,1=FuelSave Unl
ART_MERCH_ID429,1=A
EXC429,1=10.00
INC429,1=10.00
NQUA_CHANGEABLE429,1=1062128.06
MOP429,1=1
MOP_ADDX429,1=10
ROP429,1=1
PM429,1=110
PA429,1=10.00
SLSTOT429=10.00
TYP430=2
DATI430=20200124111034
STATION_NR430=6111
SHF430=4614
ACC_REP_NR430=1177
OPID430=8
REF430=1179110229
SEQ430=1179110738150
SAFTDATI430=20200124111034
LCUR430=10
REPL430=2
MERCH_ID430,1=A
MERCH_NAME430,1=Discovery Filling Station Ltd
MERCH_RECEIPT_SEQ_NR430,1=611100993074
PRI430,1=0.65
UPR430,1=0.65
QTY430,1=1.00
QTYUNIT430,1=1
GAMT430,1=0.65
AMT430,1=0.65
UGAMT430,1=0.65
UAMT430,1=0.65
PLU430,1=5000112629125
NAM430,1=DR PEPPER
GRP430,1=DRINKS
CRD430,1=3119
ART_MERCH_ID430,1=A
PRC430,1=20.00
VAMT430,1=0.11
EXC430,1=0.54
INC430,1=0.65
MOP430,1=1
MOP_ADDX430,1=10
ROP430,1=1
PM430,1=110
PA430,1=0.65
SLSTOT430=0.65
TYP431=2
DATI431=20200124111614
STATION_NR431=6111
SHF431=2727
ACC_REP_NR431=1177
OPID431=5
REF431=1179120134
SEQ431=1179120274952
SAFTDATI431=20200124111614
LCUR431=10
PAN431=707881028700001409
CERT431=----------------
REPL431=2
CARR431=ST62AVV
CUST431=140
CNAM431=AFS SCAFFOLDING LTD
ID431=707881028700001409
INFO431=AFS SCAFFOLDING LTD
MERCH_ID431,1=A
MERCH_NAME431,1=Discovery Filling Station Ltd
MERCH_RECEIPT_SEQ_NR431,1=611100993075
PMP431,1=6
PUMP_MODE431,1=1,1,1
NOZZLE431,1=2
NDATI431,1=20200124111451
START_DATE431,1=20200124111352
PRI431,1=1.299
BASEPRI431,1=1.299
QTY431,1=23.18
QTYUNIT431,1=2
GAMT431,1=30.11
AMT431,1=30.11
UGAMT431,1=30.11
UAMT431,1=30.11
PLU431,1=3
NAM431,1=FuelSave Dsl
GRP431,1=59
CRD431,1=425
EXTREF431,1=FuelSave Dsl
ART_MERCH_ID431,1=A
EXC431,1=30.11
INC431,1=30.11
NQUA_CHANGEABLE431,1=1186507.02
CPPAN431,1=707881028700001409
CPCERT431,1=----------------
CPREPL431,1=2
CPCARR431,1=ST62AVV
MOP431,1=10
MOP_ADDX431,1=20
ROP431,1=1
PM431,1=3000
PA431,1=30.11
TRKMED431,1=1
SLSTOT431=30.11
TYP432=2
DATI432=20200124111628
STATION_NR432=6111
SHF432=2727
ACC_REP_NR432=1177
OPID432=5
REF432=1179120135
SEQ432=1179120274953
SAFTDATI432=20200124111628
LCUR432=10
REPL432=2
MERCH_ID432,1=A
MERCH_NAME432,1=Discovery Filling Station Ltd
MERCH_RECEIPT_SEQ_NR432,1=611100993076
PRI432,1=1.00
UPR432,1=1.00
QTY432,1=2.00
QTYUNIT432,1=1
GAMT432,1=2.00
AMT432,1=2.00
UGAMT432,1=2.00
UAMT432,1=2.00
PLU432,1=5010438016172
NAM432,1=VIMTO
GRP432,1=DRINKS
CRD432,1=3119
ART_MERCH_ID432,1=A
PRC432,1=20.00
VAMT432,1=0.33
EXC432,1=1.67
INC432,1=2.00
MOP432,1=1
MOP_ADDX432,1=10
ROP432,1=1
PM432,1=110
PA432,1=2.00
SLSTOT432=2.00
TYP433=21
SPEC_TYPE433=6
DATI433=20200124111706
STATION_NR433=6111
SHF433=4614
OPID433=8
REF433=1179110230
SPEC_ID433=6
SPEC_NAME433=FuelSave Unl
SPEC_QUA433=47.24
SPEC_PRI433=1.249
SPEC_AMT433=59.00
SPEC_ADDD433=4
TYP434=21
SPEC_TYPE434=6
DATI434=20200124111706
STATION_NR434=6111
SHF434=4614
OPID434=8
LREF434=1179110230
SPEC_ID434=3
SPEC_NAME434=FuelSave Dsl
SPEC_QUA434=8.47
SPEC_PRI434=1.299
SPEC_AMT434=11.00
SPEC_ADDD434=2
TYP435=2
DATI435=20200124111716
STATION_NR435=6111
SHF435=4614
ACC_REP_NR435=1177
OPID435=8
REF435=1179110231
SEQ435=1179110738151
SAFTDATI435=20200124111716
LCUR435=10
REPL435=2
MERCH_ID435,1=A
MERCH_NAME435,1=Discovery Filling Station Ltd
MERCH_RECEIPT_SEQ_NR435,1=611100993077
PMP435,1=2
PUMP_MODE435,1=1,1,1
NOZZLE435,1=2
NDATI435,1=20200124111630
START_DATE435,1=20200124111552
PRI435,1=1.299
BASEPRI435,1=1.299
QTY435,1=8.47
QTYUNIT435,1=2
GAMT435,1=11.00
AMT435,1=11.00
UGAMT435,1=11.00
UAMT435,1=11.00
PLU435,1=3
NAM435,1=FuelSave Dsl
GRP435,1=59
CRD435,1=425
EXTREF435,1=FuelSave Dsl
ART_MERCH_ID435,1=A
EXC435,1=11.00
INC435,1=11.00
NQUA_CHANGEABLE435,1=1555091.12
MOP435,1=1
MOP_ADDX435,1=10
ROP435,1=1
PM435,1=110
PA435,1=11.00
SLSTOT435=11.00
TYP436=2
DATI436=20200124111803
STATION_NR436=6111
SHF436=4614
ACC_REP_NR436=1177
OPID436=8
REF436=1179110232
SEQ436=1179110738152
SAFTDATI436=20200124111803
LCUR436=10
PAN436=476363*******624
MERCH_ID436,1=A
MERCH_NAME436,1=Discovery Filling Station Ltd
MERCH_RECEIPT_SEQ_NR436,1=611100993078
PMP436,1=3
PUMP_MODE436,1=1,1,1
NOZZLE436,1=3
NDATI436,1=20200124111530
START_DATE436,1=20200124111431
PRI436,1=1.299
BASEPRI436,1=1.299
QTY436,1=23.10
QTYUNIT436,1=2
GAMT436,1=30.01
AMT436,1=30.01
UGAMT436,1=30.01
UAMT436,1=30.01
PLU436,1=3
NAM436,1=FuelSave Dsl
GRP436,1=59
CRD436,1=425
EXTREF436,1=FuelSave Dsl
ART_MERCH_ID436,1=A
EXC436,1=30.01
INC436,1=30.01
NQUA_CHANGEABLE436,1=1277125.79
CPPAN436,1=476363*******624
MOP436,1=6
MOP_ADDX436,1=50
MOP_ADDY436,1=12
ROP436,1=1
PM436,1=949
PSUB436,1=12
PA436,1=30.01
SLSTOT436=30.01
TYP437=2
DATI437=20200124111918
STATION_NR437=6111
SHF437=4614
ACC_REP_NR437=1177
OPID437=8
REF437=1179110233
SEQ437=1179110738153
SAFTDATI437=20200124111918
LCUR437=10
REPL437=2
MERCH_ID437,1=A
MERCH_NAME437,1=Discovery Filling Station Ltd
MERCH_RECEIPT_SEQ_NR437,1=611100993079
PMP437,1=6
PUMP_MODE437,1=1,1,1
NOZZLE437,1=2
NDATI437,1=20200124111852
START_DATE437,1=20200124111800
PRI437,1=1.299
BASEPRI437,1=1.299
QTY437,1=7.70
QTYUNIT437,1=2
GAMT437,1=10.00
AMT437,1=10.00
UGAMT437,1=10.00
UAMT437,1=10.00
PLU437,1=3
NAM437,1=FuelSave Dsl
GRP437,1=59
CRD437,1=425
EXTREF437,1=FuelSave Dsl
ART_MERCH_ID437,1=A
EXC437,1=10.00
INC437,1=10.00
NQUA_CHANGEABLE437,1=1186514.72
MOP437,1=1
MOP_ADDX437,1=10
ROP437,1=1
PM437,1=110
PA437,1=20.00
MOP437,2=1
MOP_ADDX437,2=10
ROP437,2=2
PM437,2=5110
PA437,2=-10.00
SLSTOT437=10.00
TYP438=2
DATI438=20200124112113
STATION_NR438=6111
SHF438=2727
ACC_REP_NR438=1177
OPID438=5
REF438=1179120136
SEQ438=1179120274954
SAFTDATI438=20200124112113
LCUR438=10
PAN438=446292*******519
MERCH_ID438,1=A
MERCH_NAME438,1=Discovery Filling Station Ltd
MERCH_RECEIPT_SEQ_NR438,1=611100993080
PMP438,1=2
PUMP_MODE438,1=1,1,1
NOZZLE438,1=1
NDATI438,1=20200124112045
START_DATE438,1=20200124111938
PRI438,1=1.249
BASEPRI438,1=1.249
QTY438,1=12.01
QTYUNIT438,1=2
GAMT438,1=15.00
AMT438,1=15.00
UGAMT438,1=15.00
UAMT438,1=15.00
PLU438,1=6
NAM438,1=FuelSave Unl
GRP438,1=59
CRD438,1=325
EXTREF438,1=FuelSave Unl
ART_MERCH_ID438,1=A
EXC438,1=15.00
INC438,1=15.00
NQUA_CHANGEABLE438,1=570784.36
CPPAN438,1=446292*******519
MOP438,1=6
MOP_ADDX438,1=50
MOP_ADDY438,1=12
ROP438,1=1
PM438,1=949
PSUB438,1=12
PA438,1=15.00
SLSTOT438=15.00
TYP439=2
DATI439=20200124112456
STATION_NR439=6111
SHF439=2727
ACC_REP_NR439=1177
OPID439=5
REF439=1179120137
SEQ439=1179120274955
SAFTDATI439=20200124112456
LCUR439=10
REPL439=2
MERCH_ID439,1=A
MERCH_NAME439,1=Discovery Filling Station Ltd
MERCH_RECEIPT_SEQ_NR439,1=611100993081
PRI439,1=6.50
UPR439,1=6.50
QTY439,1=1.00
QTYUNIT439,1=1
GAMT439,1=6.50
AMT439,1=6.50
UGAMT439,1=6.50
UAMT439,1=6.50
PLU439,1=5000143973525
NAM439,1=NORDIC SPIRIT BERRIE
GRP439,1=TOBACCO SUNDRIE
CRD439,1=4019
ART_MERCH_ID439,1=A
PRC439,1=20.00
VAMT439,1=1.08
EXC439,1=5.42
INC439,1=6.50
PRI439,2=6.50
UPR439,2=6.50
QTY439,2=1.00
QTYUNIT439,2=1
GAMT439,2=6.50
AMT439,2=6.50
UGAMT439,2=6.50
UAMT439,2=6.50
PLU439,2=5000143973525
NAM439,2=NORDIC SPIRIT BERRIE
GRP439,2=TOBACCO SUNDRIE
CRD439,2=4019
ART_MERCH_ID439,2=A
PRC439,2=20.00
VAMT439,2=1.08
EXC439,2=5.42
INC439,2=6.50
MOP439,1=1
MOP_ADDX439,1=10
ROP439,1=1
PM439,1=110
PA439,1=13.00
SLSTOT439=13.00
TYP440=2
DATI440=20200124112106
STATION_NR440=6111
SHF440=4614
ACC_REP_NR440=1177
OPID440=8
REF440=1179110234
SEQ440=1179110738154
SAFTDATI440=20200124112106
LCUR440=10
PAN440=475130*******630
MERCH_ID440,1=A
MERCH_NAME440,1=Discovery Filling Station Ltd
MERCH_RECEIPT_SEQ_NR440,1=611100993082
PRI440,1=1.92
UPR440,1=1.92
QTY440,1=1.00
QTYUNIT440,1=1
GAMT440,1=1.92
AMT440,1=1.92
UGAMT440,1=1.92
UAMT440,1=1.92
PLU440,1=492137
NAM440,1=POTATO & BEAN
GRP440,1=HOT FOOD
CRD440,1=3119
ART_MERCH_ID440,1=A
PRC440,1=20.00
VAMT440,1=0.32
EXC440,1=1.60
INC440,1=1.92
PMP440,2=1
PUMP_MODE440,2=1,1,1
NOZZLE440,2=1
NDATI440,2=20200124111950
START_DATE440,2=20200124111915
PRI440,2=1.249
BASEPRI440,2=1.249
QTY440,2=12.03
QTYUNIT440,2=2
GAMT440,2=15.03
AMT440,2=15.03
UGAMT440,2=15.03
UAMT440,2=15.03
PLU440,2=6
NAM440,2=FuelSave Unl
GRP440,2=59
CRD440,2=325
EXTREF440,2=FuelSave Unl
ART_MERCH_ID440,2=A
EXC440,2=15.03
INC440,2=15.03
NQUA_CHANGEABLE440,2=662335.54
CPPAN440,1=475130*******630
MOP440,1=6
MOP_ADDX440,1=50
MOP_ADDY440,1=12
ROP440,1=1
PM440,1=949
PSUB440,1=12
PA440,1=16.95
SLSTOT440=16.95
TYP441=2
DATI441=20200124112544
STATION_NR441=6111
SHF441=2727
ACC_REP_NR441=1177
OPID441=5
REF441=1179120138
SEQ441=1179120274956
SAFTDATI441=20200124112544
LCUR441=10
REPL441=2
MERCH_ID441,1=A
MERCH_NAME441,1=Discovery Filling Station Ltd
MERCH_RECEIPT_SEQ_NR441,1=611100993083
PMP441,1=5
PUMP_MODE441,1=1,1,1
NOZZLE441,1=1
NDATI441,1=20200124112230
START_DATE441,1=20200124112143
PRI441,1=1.249
BASEPRI441,1=1.249
QTY441,1=16.01
QTYUNIT441,1=2
GAMT441,1=20.00
AMT441,1=20.00
UGAMT441,1=20.00
UAMT441,1=20.00
PLU441,1=6
NAM441,1=FuelSave Unl
GRP441,1=59
CRD441,1=325
EXTREF441,1=FuelSave Unl
ART_MERCH_ID441,1=A
EXC441,1=20.00
INC441,1=20.00
NQUA_CHANGEABLE441,1=1062144.07
MOP441,1=1
MOP_ADDX441,1=10
ROP441,1=1
PM441,1=110
PA441,1=20.00
SLSTOT441=20.00
TYP442=2
DATI442=20200124112559
STATION_NR442=6111
SHF442=2727
ACC_REP_NR442=1177
OPID442=5
REF442=1179120139
SEQ442=1179120274957
SAFTDATI442=20200124112559
LCUR442=10
REPL442=2
MERCH_ID442,1=A
MERCH_NAME442,1=Discovery Filling Station Ltd
MERCH_RECEIPT_SEQ_NR442,1=611100993084
PMP442,1=3
PUMP_MODE442,1=1,1,1
NOZZLE442,1=3
NDATI442,1=20200124112234
START_DATE442,1=20200124112158
PRI442,1=1.299
BASEPRI442,1=1.299
QTY442,1=4.62
QTYUNIT442,1=2
GAMT442,1=6.00
AMT442,1=6.00
UGAMT442,1=6.00
UAMT442,1=6.00
PLU442,1=3
NAM442,1=FuelSave Dsl
GRP442,1=59
CRD442,1=425
EXTREF442,1=FuelSave Dsl
ART_MERCH_ID442,1=A
EXC442,1=6.00
INC442,1=6.00
NQUA_CHANGEABLE442,1=1277130.41
PRI442,2=0.70
UPR442,2=0.70
QTY442,2=1.00
QTYUNIT442,2=1
GAMT442,2=0.70
AMT442,2=0.70
UGAMT442,2=0.70
UAMT442,2=0.70
PLU442,2=5010052107287
NAM442,2=G/W CHEESE/ONION
GRP442,2=CRISPS
CRD442,2=3219
ART_MERCH_ID442,2=A
PRC442,2=20.00
VAMT442,2=0.12
EXC442,2=0.58
INC442,2=0.70
PRI442,3=2.75
UPR442,3=2.75
QTY442,3=1.00
QTYUNIT442,3=1
GAMT442,3=2.75
AMT442,3=2.75
UGAMT442,3=2.75
UAMT442,3=2.75
PLU442,3=5055109220052
NAM442,3=CLARKS FRENCH DEMI B
GRP442,3=SANDWICHES
CRD442,3=6000
ART_MERCH_ID442,3=A
EXC442,3=2.75
INC442,3=2.75
PRI442,4=1.05
UPR442,4=1.05
QTY442,4=1.00
QTYUNIT442,4=1
GAMT442,4=1.05
AMT442,4=1.05
UGAMT442,4=1.05
UAMT442,4=1.05
PLU442,4=5900951028502
NAM442,4=TWIX KINGSIZE 85G
GRP442,4=CONFECTIONERY
CRD442,4=3119
ART_MERCH_ID442,4=A
PRC442,4=20.00
VAMT442,4=0.17
EXC442,4=0.88
INC442,4=1.05
MOP442,1=1
MOP_ADDX442,1=10
ROP442,1=1
PM442,1=110
PA442,1=10.50
SLSTOT442=10.50
TYP443=2
DATI443=20200124112614
STATION_NR443=6111
SHF443=2727
ACC_REP_NR443=1177
OPID443=5
REF443=1179120140
SEQ443=1179120274958
SAFTDATI443=20200124112614
LCUR443=10
REPL443=2
MERCH_ID443,1=A
MERCH_NAME443,1=Discovery Filling Station Ltd
MERCH_RECEIPT_SEQ_NR443,1=611100993085
PMP443,1=4
PUMP_MODE443,1=1,1,1
NOZZLE443,1=3
NDATI443,1=20200124112329
START_DATE443,1=20200124112255
PRI443,1=1.299
BASEPRI443,1=1.299
QTY443,1=7.70
QTYUNIT443,1=2
GAMT443,1=10.00
AMT443,1=10.00
UGAMT443,1=10.00
UAMT443,1=10.00
PLU443,1=3
NAM443,1=FuelSave Dsl
GRP443,1=59
CRD443,1=425
EXTREF443,1=FuelSave Dsl
ART_MERCH_ID443,1=A
EXC443,1=10.00
INC443,1=10.00
NQUA_CHANGEABLE443,1=1502595.79
MOP443,1=1
MOP_ADDX443,1=10
ROP443,1=1
PM443,1=110
PA443,1=10.00
SLSTOT443=10.00
TYP444=2
DATI444=20200124112523
STATION_NR444=6111
SHF444=4614
ACC_REP_NR444=1177
OPID444=8
REF444=1179110235
SEQ444=1179110738155
SAFTDATI444=20200124112523
LCUR444=10
PAN444=700205*******506197
MERCH_ID444,1=A
MERCH_NAME444,1=Discovery Filling Station Ltd
MERCH_RECEIPT_SEQ_NR444,1=611100993086
PMP444,1=6
PUMP_MODE444,1=1,1,1
NOZZLE444,1=2
NDATI444,1=20200124112216
START_DATE444,1=20200124112043
PRI444,1=1.299
BASEPRI444,1=1.299
QTY444,1=31.23
QTYUNIT444,1=2
GAMT444,1=40.57
AMT444,1=40.57
UGAMT444,1=40.57
UAMT444,1=40.57
PLU444,1=3
NAM444,1=FuelSave Dsl
GRP444,1=59
CRD444,1=425
EXTREF444,1=FuelSave Dsl
ART_MERCH_ID444,1=A
EXC444,1=40.57
INC444,1=40.57
NQUA_CHANGEABLE444,1=1186545.95
CPPAN444,1=700205*******506197
MOP444,1=6
MOP_ADDX444,1=50
MOP_ADDY444,1=1
ROP444,1=1
PM444,1=949
PSUB444,1=1
PA444,1=40.57
SLSTOT444=40.57
TYP445=2
DATI445=20200124112713
STATION_NR445=6111
SHF445=4614
ACC_REP_NR445=1177
OPID445=8
REF445=1179110236
SEQ445=1179110738156
SAFTDATI445=20200124112713
LCUR445=10
PAN445=471530*******434
MERCH_ID445,1=A
MERCH_NAME445,1=Discovery Filling Station Ltd
MERCH_RECEIPT_SEQ_NR445,1=611100993087
PMP445,1=1
PUMP_MODE445,1=1,1,1
NOZZLE445,1=1
NDATI445,1=20200124112632
START_DATE445,1=20200124112547
PRI445,1=1.249
BASEPRI445,1=1.249
QTY445,1=19.35
QTYUNIT445,1=2
GAMT445,1=24.17
AMT445,1=24.17
UGAMT445,1=24.17
UAMT445,1=24.17
PLU445,1=6
NAM445,1=FuelSave Unl
GRP445,1=59
CRD445,1=325
EXTREF445,1=FuelSave Unl
ART_MERCH_ID445,1=A
EXC445,1=24.17
INC445,1=24.17
NQUA_CHANGEABLE445,1=662354.89
CPPAN445,1=471530*******434
MOP445,1=6
MOP_ADDX445,1=50
MOP_ADDY445,1=7
ROP445,1=1
PM445,1=949
PSUB445,1=7
PA445,1=24.17
SLSTOT445=24.17
TYP446=2
DATI446=20200124112834
STATION_NR446=6111
SHF446=2727
ACC_REP_NR446=1177
OPID446=5
REF446=1179120141
SEQ446=1179120274959
SAFTDATI446=20200124112834
LCUR446=10
PAN446=475117*******370
MERCH_ID446,1=A
MERCH_NAME446,1=Discovery Filling Station Ltd
MERCH_RECEIPT_SEQ_NR446,1=611100993088
PMP446,1=5
PUMP_MODE446,1=1,1,1
NOZZLE446,1=1
NDATI446,1=20200124112722
START_DATE446,1=20200124112641
PRI446,1=1.249
BASEPRI446,1=1.249
QTY446,1=16.02
QTYUNIT446,1=2
GAMT446,1=20.01
AMT446,1=20.01
UGAMT446,1=20.01
UAMT446,1=20.01
PLU446,1=6
NAM446,1=FuelSave Unl
GRP446,1=59
CRD446,1=325
EXTREF446,1=FuelSave Unl
ART_MERCH_ID446,1=A
EXC446,1=20.01
INC446,1=20.01
NQUA_CHANGEABLE446,1=1062160.09
CPPAN446,1=475117*******370
MOP446,1=6
MOP_ADDX446,1=50
MOP_ADDY446,1=12
ROP446,1=1
PM446,1=949
PSUB446,1=12
PA446,1=20.01
SLSTOT446=20.01
TYP447=2
DATI447=20200124112854
STATION_NR447=6111
SHF447=2727
ACC_REP_NR447=1177
OPID447=5
REF447=1179120142
SEQ447=1179120274960
SAFTDATI447=20200124112854
LCUR447=10
PAN447=700205*******001097
MERCH_ID447,1=A
MERCH_NAME447,1=Discovery Filling Station Ltd
MERCH_RECEIPT_SEQ_NR447,1=611100993089
PMP447,1=3
PUMP_MODE447,1=1,1,1
NOZZLE447,1=1
NDATI447,1=20200124112743
START_DATE447,1=20200124112714
PRI447,1=1.249
BASEPRI447,1=1.249
QTY447,1=12.01
QTYUNIT447,1=2
GAMT447,1=15.00
AMT447,1=15.00
UGAMT447,1=15.00
UAMT447,1=15.00
PLU447,1=6
NAM447,1=FuelSave Unl
GRP447,1=59
CRD447,1=325
EXTREF447,1=FuelSave Unl
ART_MERCH_ID447,1=A
EXC447,1=15.00
INC447,1=15.00
NQUA_CHANGEABLE447,1=1194461.77
CPPAN447,1=700205*******001097
MOP447,1=6
MOP_ADDX447,1=50
MOP_ADDY447,1=1
ROP447,1=1
PM447,1=949
PSUB447,1=1
PA447,1=15.00
SLSTOT447=15.00
TYP448=2
DATI448=20200124112944
STATION_NR448=6111
SHF448=4614
ACC_REP_NR448=1177
OPID448=8
REF448=1179110237
SEQ448=1179110738157
SAFTDATI448=20200124112944
LCUR448=10
PAN448=535562*******989
MERCH_ID448,1=A
MERCH_NAME448,1=Discovery Filling Station Ltd
MERCH_RECEIPT_SEQ_NR448,1=611100993090
PRI448,1=1.98
UPR448,1=1.98
QTY448,1=1.00
QTYUNIT448,1=1
GAMT448,1=1.98
AMT448,1=1.98
UGAMT448,1=1.98
UAMT448,1=1.98
PLU448,1=492141
NAM448,1=STEAK & GRAVY
GRP448,1=HOT FOOD
CRD448,1=3119
ART_MERCH_ID448,1=A
PRC448,1=20.00
VAMT448,1=0.33
EXC448,1=1.65
INC448,1=1.98
PRI448,2=1.98
UPR448,2=1.98
QTY448,2=1.00
QTYUNIT448,2=1
GAMT448,2=1.98
AMT448,2=1.98
UGAMT448,2=1.98
UAMT448,2=1.98
PLU448,2=492141
NAM448,2=STEAK & GRAVY
GRP448,2=HOT FOOD
CRD448,2=3119
ART_MERCH_ID448,2=A
PRC448,2=20.00
VAMT448,2=0.33
EXC448,2=1.65
INC448,2=1.98
PRI448,3=1.92
UPR448,3=1.92
QTY448,3=1.00
QTYUNIT448,3=1
GAMT448,3=1.92
AMT448,3=1.92
UGAMT448,3=1.92
UAMT448,3=1.92
PLU448,3=492139
NAM448,3=MAC CHEESE PIE
GRP448,3=HOT FOOD
CRD448,3=3119
ART_MERCH_ID448,3=A
PRC448,3=20.00
VAMT448,3=0.32
EXC448,3=1.60
INC448,3=1.92
PRI448,4=0.30
UPR448,4=0.30
QTY448,4=1.00
QTYUNIT448,4=1
GAMT448,4=0.30
AMT448,4=0.30
UGAMT448,4=0.30
UAMT448,4=0.30
PLU448,4=5000237130513
NAM448,4=SPACE RAIDER
GRP448,4=CRISPS
CRD448,4=3219
ART_MERCH_ID448,4=A
PRC448,4=20.00
VAMT448,4=0.05
EXC448,4=0.25
INC448,4=0.30
PRI448,5=0.30
UPR448,5=0.30
QTY448,5=1.00
QTYUNIT448,5=1
GAMT448,5=0.30
AMT448,5=0.30
UGAMT448,5=0.30
UAMT448,5=0.30
PLU448,5=5000237130513
NAM448,5=SPACE RAIDER
GRP448,5=CRISPS
CRD448,5=3219
ART_MERCH_ID448,5=A
PRC448,5=20.00
VAMT448,5=0.05
EXC448,5=0.25
INC448,5=0.30
PRI448,6=1.00
UPR448,6=1.00
QTY448,6=1.00
QTYUNIT448,6=1
GAMT448,6=1.00
AMT448,6=1.00
UGAMT448,6=1.00
UAMT448,6=1.00
PLU448,6=7622210817280
NAM448,6=PICNIC PM
GRP448,6=CONFECTIONERY
CRD448,6=3119
ART_MERCH_ID448,6=A
PRC448,6=20.00
VAMT448,6=0.17
EXC448,6=0.83
INC448,6=1.00
PRI448,7=1.25
UPR448,7=1.25
QTY448,7=1.00
QTYUNIT448,7=1
GAMT448,7=1.25
AMT448,7=1.25
UGAMT448,7=1.25
UAMT448,7=1.25
PLU448,7=50271108
NAM448,7=BARR LEMONADE
GRP448,7=DRINKS
CRD448,7=3119
ART_MERCH_ID448,7=A
PRC448,7=20.00
VAMT448,7=0.21
EXC448,7=1.04
INC448,7=1.25
PRI448,8=0.05
UPR448,8=0.05
QTY448,8=1.00
QTYUNIT448,8=1
GAMT448,8=0.05
AMT448,8=0.05
UGAMT448,8=0.05
UAMT448,8=0.05
PLU448,8=5011929933732
NAM448,8=PREMIER LVT
GRP448,8=GENERAL GOODS V
CRD448,8=3319
ART_MERCH_ID448,8=A
PRC448,8=20.00
VAMT448,8=0.01
EXC448,8=0.04
INC448,8=0.05
CPPAN448,1=535562*******989
MOP448,1=6
MOP_ADDX448,1=50
MOP_ADDY448,1=14
ROP448,1=1
PM448,1=949
PSUB448,1=14
PA448,1=8.78
SLSTOT448=8.78
TYP449=2
DATI449=20200124112942
STATION_NR449=6111
SHF449=2727
ACC_REP_NR449=1177
OPID449=5
REF449=1179120143
SEQ449=1179120274961
SAFTDATI449=20200124112942
LCUR449=10
PAN449=471530*******115
MERCH_ID449,1=A
MERCH_NAME449,1=Discovery Filling Station Ltd
MERCH_RECEIPT_SEQ_NR449,1=611100993091
PMP449,1=6
PUMP_MODE449,1=1,1,1
NOZZLE449,1=2
NDATI449,1=20200124112902
START_DATE449,1=20200124112802
PRI449,1=1.299
BASEPRI449,1=1.299
QTY449,1=11.16
QTYUNIT449,1=2
GAMT449,1=14.50
AMT449,1=14.50
UGAMT449,1=14.50
UAMT449,1=14.50
PLU449,1=3
NAM449,1=FuelSave Dsl
GRP449,1=59
CRD449,1=425
EXTREF449,1=FuelSave Dsl
ART_MERCH_ID449,1=A
EXC449,1=14.50
INC449,1=14.50
NQUA_CHANGEABLE449,1=1186557.11
CPPAN449,1=471530*******115
MOP449,1=6
MOP_ADDX449,1=50
MOP_ADDY449,1=7
ROP449,1=1
PM449,1=949
PSUB449,1=7
PA449,1=14.50
SLSTOT449=14.50
TYP450=2
DATI450=20200124113124
STATION_NR450=6111
SHF450=4614
ACC_REP_NR450=1177
OPID450=8
REF450=1179110238
SEQ450=1179110738158
SAFTDATI450=20200124113124
LCUR450=10
PAN450=446292*******622
MERCH_ID450,1=A
MERCH_NAME450,1=Discovery Filling Station Ltd
MERCH_RECEIPT_SEQ_NR450,1=611100993092
PMP450,1=4
PUMP_MODE450,1=1,1,1
NOZZLE450,1=1
NDATI450,1=20200124113055
START_DATE450,1=20200124113007
PRI450,1=1.249
BASEPRI450,1=1.249
QTY450,1=24.95
QTYUNIT450,1=2
GAMT450,1=31.16
AMT450,1=31.16
UGAMT450,1=31.16
UAMT450,1=31.16
PLU450,1=6
NAM450,1=FuelSave Unl
GRP450,1=59
CRD450,1=325
EXTREF450,1=FuelSave Unl
ART_MERCH_ID450,1=A
EXC450,1=31.16
INC450,1=31.16
NQUA_CHANGEABLE450,1=708314.65
CPPAN450,1=446292*******622
MOP450,1=6
MOP_ADDX450,1=50
MOP_ADDY450,1=12
ROP450,1=1
PM450,1=949
PSUB450,1=12
PA450,1=31.16
SLSTOT450=31.16
TYP451=2
DATI451=20200124113234
STATION_NR451=6111
SHF451=4614
ACC_REP_NR451=1177
OPID451=8
REF451=1179110239
SEQ451=1179110738159
SAFTDATI451=20200124113234
LCUR451=10
PAN451=476223*******248
MERCH_ID451,1=A
MERCH_NAME451,1=Discovery Filling Station Ltd
MERCH_RECEIPT_SEQ_NR451,1=611100993093
PMP451,1=2
PUMP_MODE451,1=1,1,1
NOZZLE451,1=2
NDATI451,1=20200124113213
START_DATE451,1=20200124113117
PRI451,1=1.299
BASEPRI451,1=1.299
QTY451,1=23.10
QTYUNIT451,1=2
GAMT451,1=30.01
AMT451,1=30.01
UGAMT451,1=30.01
UAMT451,1=30.01
PLU451,1=3
NAM451,1=FuelSave Dsl
GRP451,1=59
CRD451,1=425
EXTREF451,1=FuelSave Dsl
ART_MERCH_ID451,1=A
EXC451,1=30.01
INC451,1=30.01
NQUA_CHANGEABLE451,1=1555114.22
CPPAN451,1=476223*******248
MOP451,1=6
MOP_ADDX451,1=50
MOP_ADDY451,1=12
ROP451,1=1
PM451,1=949
PSUB451,1=12
PA451,1=30.01
SLSTOT451=30.01
TYP452=2
DATI452=20200124113542
STATION_NR452=6111
SHF452=4614
ACC_REP_NR452=1177
OPID452=8
REF452=1179110240
SEQ452=1179110738160
SAFTDATI452=20200124113542
LCUR452=10
PAN452=475141*******300
MERCH_ID452,1=A
MERCH_NAME452,1=Discovery Filling Station Ltd
MERCH_RECEIPT_SEQ_NR452,1=611100993094
PMP452,1=1
PUMP_MODE452,1=1,1,1
NOZZLE452,1=1
NDATI452,1=20200124113516
START_DATE452,1=20200124113443
PRI452,1=1.249
BASEPRI452,1=1.249
QTY452,1=8.02
QTYUNIT452,1=2
GAMT452,1=10.02
AMT452,1=10.02
UGAMT452,1=10.02
UAMT452,1=10.02
PLU452,1=6
NAM452,1=FuelSave Unl
GRP452,1=59
CRD452,1=325
EXTREF452,1=FuelSave Unl
ART_MERCH_ID452,1=A
EXC452,1=10.02
INC452,1=10.02
NQUA_CHANGEABLE452,1=662362.91
CPPAN452,1=475141*******300
MOP452,1=6
MOP_ADDX452,1=50
MOP_ADDY452,1=12
ROP452,1=1
PM452,1=949
PSUB452,1=12
PA452,1=10.02
SLSTOT452=10.02
TYP453=2
DATI453=20200124113543
STATION_NR453=6111
SHF453=2727
ACC_REP_NR453=1177
OPID453=5
REF453=1179120144
SEQ453=1179120274962
SAFTDATI453=20200124113543
LCUR453=10
PAN453=700205*******001105
MERCH_ID453,1=A
MERCH_NAME453,1=Discovery Filling Station Ltd
MERCH_RECEIPT_SEQ_NR453,1=611100993095
PMP453,1=3
PUMP_MODE453,1=1,1,1
NOZZLE453,1=1
NDATI453,1=20200124113524
START_DATE453,1=20200124113441
PRI453,1=1.249
BASEPRI453,1=1.249
QTY453,1=12.01
QTYUNIT453,1=2
GAMT453,1=15.00
AMT453,1=15.00
UGAMT453,1=15.00
UAMT453,1=15.00
PLU453,1=6
NAM453,1=FuelSave Unl
GRP453,1=59
CRD453,1=325
EXTREF453,1=FuelSave Unl
ART_MERCH_ID453,1=A
EXC453,1=15.00
INC453,1=15.00
NQUA_CHANGEABLE453,1=1194473.78
CPPAN453,1=700205*******001105
MOP453,1=6
MOP_ADDX453,1=50
MOP_ADDY453,1=1
ROP453,1=1
PM453,1=949
PSUB453,1=1
PA453,1=15.00
SLSTOT453=15.00
TYP454=2
DATI454=20200124113617
STATION_NR454=6111
SHF454=4614
ACC_REP_NR454=1177
OPID454=8
REF454=1179110241
SEQ454=1179110738161
SAFTDATI454=20200124113617
LCUR454=10
REPL454=2
MERCH_ID454,1=A
MERCH_NAME454,1=Discovery Filling Station Ltd
MERCH_RECEIPT_SEQ_NR454,1=611100993096
PMP454,1=4
PUMP_MODE454,1=1,1,1
NOZZLE454,1=3
NDATI454,1=20200124113547
START_DATE454,1=20200124113510
PRI454,1=1.299
BASEPRI454,1=1.299
QTY454,1=3.86
QTYUNIT454,1=2
GAMT454,1=5.01
AMT454,1=5.01
UGAMT454,1=5.01
UAMT454,1=5.01
PLU454,1=3
NAM454,1=FuelSave Dsl
GRP454,1=59
CRD454,1=425
EXTREF454,1=FuelSave Dsl
ART_MERCH_ID454,1=A
EXC454,1=5.01
INC454,1=5.01
NQUA_CHANGEABLE454,1=1502599.65
MOP454,1=1
MOP_ADDX454,1=10
ROP454,1=1
PM454,1=110
PA454,1=5.01
SLSTOT454=5.01
TYP455=2
DATI455=20200124113636
STATION_NR455=6111
SHF455=2727
ACC_REP_NR455=1177
OPID455=5
REF455=1179120145
SEQ455=1179120274963
SAFTDATI455=20200124113636
LCUR455=10
REPL455=2
MERCH_ID455,1=A
MERCH_NAME455,1=Discovery Filling Station Ltd
MERCH_RECEIPT_SEQ_NR455,1=611100993097
PMP455,1=6
PUMP_MODE455,1=1,1,1
NOZZLE455,1=2
NDATI455,1=20200124113604
START_DATE455,1=20200124113510
PRI455,1=1.299
BASEPRI455,1=1.299
QTY455,1=15.40
QTYUNIT455,1=2
GAMT455,1=20.00
AMT455,1=20.00
UGAMT455,1=20.00
UAMT455,1=20.00
PLU455,1=3
NAM455,1=FuelSave Dsl
GRP455,1=59
CRD455,1=425
EXTREF455,1=FuelSave Dsl
ART_MERCH_ID455,1=A
EXC455,1=20.00
INC455,1=20.00
NQUA_CHANGEABLE455,1=1186572.51
MOP455,1=1
MOP_ADDX455,1=10
ROP455,1=1
PM455,1=110
PA455,1=20.00
SLSTOT455=20.00
TYP456=2
DATI456=20200124113627
STATION_NR456=6111
SHF456=4614
ACC_REP_NR456=1177
OPID456=8
REF456=1179110242
SEQ456=1179110738162
SAFTDATI456=20200124113627
LCUR456=10
PAN456=700205*******001097
MERCH_ID456,1=A
MERCH_NAME456,1=Discovery Filling Station Ltd
MERCH_RECEIPT_SEQ_NR456,1=611100993098
PMP456,1=2
PUMP_MODE456,1=1,1,1
NOZZLE456,1=1
NDATI456,1=20200124113553
START_DATE456,1=20200124113502
PRI456,1=1.249
BASEPRI456,1=1.249
QTY456,1=12.01
QTYUNIT456,1=2
GAMT456,1=15.00
AMT456,1=15.00
UGAMT456,1=15.00
UAMT456,1=15.00
PLU456,1=6
NAM456,1=FuelSave Unl
GRP456,1=59
CRD456,1=325
EXTREF456,1=FuelSave Unl
ART_MERCH_ID456,1=A
EXC456,1=15.00
INC456,1=15.00
NQUA_CHANGEABLE456,1=570796.37
CPPAN456,1=700205*******001097
MOP456,1=6
MOP_ADDX456,1=50
MOP_ADDY456,1=1
ROP456,1=1
PM456,1=949
PSUB456,1=1
PA456,1=15.00
SLSTOT456=15.00
TYP457=2
DATI457=20200124113821
STATION_NR457=6111
SHF457=4614
ACC_REP_NR457=1177
OPID457=8
REF457=1179110243
SEQ457=1179110738163
SAFTDATI457=20200124113821
LCUR457=10
REPL457=2
MERCH_ID457,1=A
MERCH_NAME457,1=Discovery Filling Station Ltd
MERCH_RECEIPT_SEQ_NR457,1=611100993099
PMP457,1=4
PUMP_MODE457,1=1,1,1
NOZZLE457,1=3
NDATI457,1=20200124113758
START_DATE457,1=20200124113728
PRI457,1=1.299
BASEPRI457,1=1.299
QTY457,1=7.70
QTYUNIT457,1=2
GAMT457,1=10.00
AMT457,1=10.00
UGAMT457,1=10.00
UAMT457,1=10.00
PLU457,1=3
NAM457,1=FuelSave Dsl
GRP457,1=59
CRD457,1=425
EXTREF457,1=FuelSave Dsl
ART_MERCH_ID457,1=A
EXC457,1=10.00
INC457,1=10.00
NQUA_CHANGEABLE457,1=1502607.35
MOP457,1=1
MOP_ADDX457,1=10
ROP457,1=1
PM457,1=110
PA457,1=10.00
SLSTOT457=10.00
TYP458=2
DATI458=20200124113911
STATION_NR458=6111
SHF458=2727
ACC_REP_NR458=1177
OPID458=5
REF458=1179120146
SEQ458=1179120274964
SAFTDATI458=20200124113911
LCUR458=10
PAN458=518652*******147
MERCH_ID458,1=A
MERCH_NAME458,1=Discovery Filling Station Ltd
MERCH_RECEIPT_SEQ_NR458,1=611100993100
PRI458,1=0.69
UPR458,1=0.69
QTY458,1=1.00
QTYUNIT458,1=1
GAMT458,1=0.69
AMT458,1=0.69
UGAMT458,1=0.69
UAMT458,1=0.69
PLU458,1=5000168121840
NAM458,1=G/A YOG BREA
GRP458,1=GROCERY ZERO
CRD458,1=3100
ART_MERCH_ID458,1=A
EXC458,1=0.69
INC458,1=0.69
PRI458,2=1.89
UPR458,2=1.89
QTY458,2=1.00
QTYUNIT458,2=1
GAMT458,2=1.89
AMT458,2=1.89
UGAMT458,2=1.89
UAMT458,2=1.89
PLU458,2=5055109220311
NAM458,2=CLARKS WHITE ROLL 1.
GRP458,2=SANDWICHES
CRD458,2=6000
ART_MERCH_ID458,2=A
EXC458,2=1.89
INC458,2=1.89
PRI458,3=1.25
UPR458,3=1.25
QTY458,3=1.00
QTYUNIT458,3=1
GAMT458,3=1.25
AMT458,3=1.25
UGAMT458,3=1.25
UAMT458,3=1.25
PLU458,3=90433870
NAM458,3=RED BULL
GRP458,3=DRINKS
CRD458,3=3119
ART_MERCH_ID458,3=A
PRC458,3=20.00
VAMT458,3=0.21
EXC458,3=1.04
INC458,3=1.25
CPPAN458,1=518652*******147
MOP458,1=6
MOP_ADDX458,1=50
MOP_ADDY458,1=15
ROP458,1=1
PM458,1=949
PSUB458,1=15
PA458,1=3.83
SLSTOT458=3.83
TYP459=2
DATI459=20200124113959
STATION_NR459=6111
SHF459=2727
ACC_REP_NR459=1177
OPID459=5
REF459=1179120147
SEQ459=1179120274965
SAFTDATI459=20200124113959
LCUR459=10
REPL459=2
MERCH_ID459,1=A
MERCH_NAME459,1=Discovery Filling Station Ltd
MERCH_RECEIPT_SEQ_NR459,1=611100993101
PMP459,1=6
PUMP_MODE459,1=1,1,1
NOZZLE459,1=2
NDATI459,1=20200124113906
START_DATE459,1=20200124113827
PRI459,1=1.299
BASEPRI459,1=1.299
QTY459,1=11.55
QTYUNIT459,1=2
GAMT459,1=15.00
AMT459,1=15.00
UGAMT459,1=15.00
UAMT459,1=15.00
PLU459,1=3
NAM459,1=FuelSave Dsl
GRP459,1=59
CRD459,1=425
EXTREF459,1=FuelSave Dsl
ART_MERCH_ID459,1=A
EXC459,1=15.00
INC459,1=15.00
NQUA_CHANGEABLE459,1=1186584.06
PRI459,2=0.65
UPR459,2=0.65
QTY459,2=1.00
QTYUNIT459,2=1
GAMT459,2=0.65
AMT459,2=0.65
UGAMT459,2=0.65
UAMT459,2=0.65
PLU459,2=5033022002269
NAM459,2=ICE VALLEY WATER
GRP459,2=DRINKS
CRD459,2=3119
ART_MERCH_ID459,2=A
PRC459,2=20.00
VAMT459,2=0.11
EXC459,2=0.54
INC459,2=0.65
MOP459,1=1
MOP_ADDX459,1=10
ROP459,1=1
PM459,1=110
PA459,1=20.00
MOP459,2=1
MOP_ADDX459,2=10
ROP459,2=2
PM459,2=5110
PA459,2=-4.35
SLSTOT459=15.65
TYP460=21
SPEC_TYPE460=3
DATI460=20200124114122
STATION_NR460=6111
SHF460=2727
OPID460=5
LREF460=1179120148
SPEC_ID460=6
SPEC_NAME460=FuelSave Unl
SPEC_QUA460=47.24
SPEC_PRI460=1.249
SPEC_AMT460=59.00
SPEC_ADDD460=4
TYP461=2
DATI461=20200124114129
STATION_NR461=6111
SHF461=4614
ACC_REP_NR461=1177
OPID461=8
REF461=1179110244
SEQ461=1179110738164
SAFTDATI461=20200124114129
LCUR461=10
PAN461=459647*******131
MERCH_ID461,1=A
MERCH_NAME461,1=Discovery Filling Station Ltd
MERCH_RECEIPT_SEQ_NR461,1=611100993102
PMP461,1=4
PUMP_MODE461,1=1,1,1
NOZZLE461,1=3
NDATI461,1=20200124114045
START_DATE461,1=20200124113903
PRI461,1=1.299
BASEPRI461,1=1.299
QTY461,1=41.59
QTYUNIT461,1=2
GAMT461,1=54.03
AMT461,1=54.03
UGAMT461,1=54.03
UAMT461,1=54.03
PLU461,1=3
NAM461,1=FuelSave Dsl
GRP461,1=59
CRD461,1=425
EXTREF461,1=FuelSave Dsl
ART_MERCH_ID461,1=A
EXC461,1=54.03
INC461,1=54.03
NQUA_CHANGEABLE461,1=1502648.94
CPPAN461,1=459647*******131
MOP461,1=6
MOP_ADDX461,1=50
MOP_ADDY461,1=13
ROP461,1=1
PM461,1=949
PSUB461,1=13
PA461,1=54.03
SLSTOT461=54.03
TYP462=2
DATI462=20200124114212
STATION_NR462=6111
SHF462=2727
ACC_REP_NR462=1177
OPID462=5
REF462=1179120149
SEQ462=1179120274966
SAFTDATI462=20200124114212
LCUR462=10
REPL462=2
MERCH_ID462,1=A
MERCH_NAME462,1=Discovery Filling Station Ltd
MERCH_RECEIPT_SEQ_NR462,1=611100993103
PMP462,1=3
PUMP_MODE462,1=1,1,1
NOZZLE462,1=3
NDATI462,1=20200124114106
START_DATE462,1=20200124113945
PRI462,1=1.299
BASEPRI462,1=1.299
QTY462,1=30.79
QTYUNIT462,1=2
GAMT462,1=40.00
AMT462,1=40.00
UGAMT462,1=40.00
UAMT462,1=40.00
PLU462,1=3
NAM462,1=FuelSave Dsl
GRP462,1=59
CRD462,1=425
EXTREF462,1=FuelSave Dsl
ART_MERCH_ID462,1=A
EXC462,1=40.00
INC462,1=40.00
NQUA_CHANGEABLE462,1=1277161.20
MOP462,1=1
MOP_ADDX462,1=10
ROP462,1=1
PM462,1=110
PA462,1=40.00
SLSTOT462=40.00
TYP463=2
DATI463=20200124114232
STATION_NR463=6111
SHF463=2727
ACC_REP_NR463=1177
OPID463=5
REF463=1179120150
SEQ463=1179120274967
SAFTDATI463=20200124114232
LCUR463=10
REPL463=2
MERCH_ID463,1=A
MERCH_NAME463,1=Discovery Filling Station Ltd
MERCH_RECEIPT_SEQ_NR463,1=611100993104
PRI463,1=0.69
UPR463,1=0.69
QTY463,1=1.00
QTYUNIT463,1=1
GAMT463,1=0.69
AMT463,1=0.69
UGAMT463,1=0.69
UAMT463,1=0.69
PLU463,1=5000112628883
NAM463,1=DIET COKE
GRP463,1=DRINKS
CRD463,1=3119
ART_MERCH_ID463,1=A
PRC463,1=20.00
VAMT463,1=0.11
EXC463,1=0.58
INC463,1=0.69
MOP463,1=1
MOP_ADDX463,1=10
ROP463,1=1
PM463,1=110
PA463,1=0.69
SLSTOT463=0.69
TYP464=2
DATI464=20200124114238
STATION_NR464=6111
ACC_REP_NR464=1177
REF464=1179510009
SEQ464=1179510017025
SAFTDATI464=20200124114238
LCUR464=10
PAN464=529021******2764
HOSTTYPE464=12
HOSTBOOKPER464=1179
AUTH464=059094
CAIC464=044026111
ONLINERC464=000
STAN464=058554
REPL464=2
MERCH_ID464,1=A
MERCH_NAME464,1=Discovery Filling Station Ltd
PMP464,1=5
PUMP_MODE464,1=1,3,2
NOZZLE464,1=3
NDATI464,1=20200124114238
START_DATE464,1=20200124114138
PRI464,1=1.529
BASEPRI464,1=1.529
QTY464,1=19.62
QTYUNIT464,1=2
GAMT464,1=30.00
AMT464,1=30.00
UGAMT464,1=30.00
UAMT464,1=30.00
PLU464,1=8
NAM464,1=V Power Dsl
GRP464,1=59
CRD464,1=430
EXTREF464,1=V Power Dsl
ART_MERCH_ID464,1=A
EXC464,1=30.00
INC464,1=30.00
NQUA_CHANGEABLE464,1=230474.25
CPPAN464,1=529021******2764
CPREPL464,1=2
CPHOSTTYPE464,1=12
CPHOSTBKPER464,1=1179
CPAUTH464,1=059094
CPCAIC464,1=044026111
CPONLINERC464,1=000
CPSTAN464,1=058554
MOP464,1=4
MOP_ADDX464,1=4
MOP_ADDY464,1=1
ROP464,1=1
PM464,1=703
PSUB464,1=1
PA464,1=30.00
TRKMED464,1=5
SLSTOT464=30.00
TYP465=2
DATI465=20200124114244
STATION_NR465=6111
SHF465=2727
ACC_REP_NR465=1177
OPID465=5
REF465=1179120151
SEQ465=1179120274968
SAFTDATI465=20200124114244
LCUR465=10
REPL465=2
MERCH_ID465,1=A
MERCH_NAME465,1=Discovery Filling Station Ltd
MERCH_RECEIPT_SEQ_NR465,1=611100993105
PMP465,1=2
PUMP_MODE465,1=1,1,1
NOZZLE465,1=2
NDATI465,1=20200124114133
START_DATE465,1=20200124114050
PRI465,1=1.299
BASEPRI465,1=1.299
QTY465,1=15.40
QTYUNIT465,1=2
GAMT465,1=20.00
AMT465,1=20.00
UGAMT465,1=20.00
UAMT465,1=20.00
PLU465,1=3
NAM465,1=FuelSave Dsl
GRP465,1=59
CRD465,1=425
EXTREF465,1=FuelSave Dsl
ART_MERCH_ID465,1=A
EXC465,1=20.00
INC465,1=20.00
NQUA_CHANGEABLE465,1=1555129.62
MOP465,1=1
MOP_ADDX465,1=10
ROP465,1=1
PM465,1=110
PA465,1=20.00
SLSTOT465=20.00
TYP466=2
DATI466=20200124114242
STATION_NR466=6111
SHF466=4614
ACC_REP_NR466=1177
OPID466=8
REF466=1179110245
SEQ466=1179110738165
SAFTDATI466=20200124114242
LCUR466=10
PAN466=459647*******131
MERCH_ID466,1=A
MERCH_NAME466,1=Discovery Filling Station Ltd
MERCH_RECEIPT_SEQ_NR466,1=611100993106
PMP466,1=4
PUMP_MODE466,1=1,1,1
NOZZLE466,1=1
NDATI466,1=20200124114236
START_DATE466,1=20200124114207
PRI466,1=1.249
BASEPRI466,1=1.249
QTY466,1=9.08
QTYUNIT466,1=2
GAMT466,1=11.34
AMT466,1=11.34
UGAMT466,1=11.34
UAMT466,1=11.34
PLU466,1=6
NAM466,1=FuelSave Unl
GRP466,1=59
CRD466,1=325
EXTREF466,1=FuelSave Unl
ART_MERCH_ID466,1=A
EXC466,1=11.34
INC466,1=11.34
NQUA_CHANGEABLE466,1=708323.73
CPPAN466,1=459647*******131
MOP466,1=6
MOP_ADDX466,1=50
MOP_ADDY466,1=13
ROP466,1=1
PM466,1=949
PSUB466,1=13
PA466,1=11.34
SLSTOT466=11.34
TYP467=2
DATI467=20200124114407
STATION_NR467=6111
SHF467=2727
ACC_REP_NR467=1177
OPID467=5
REF467=1179120152
SEQ467=1179120274969
SAFTDATI467=20200124114407
LCUR467=10
REPL467=2
MERCH_ID467,1=A
MERCH_NAME467,1=Discovery Filling Station Ltd
MERCH_RECEIPT_SEQ_NR467,1=611100993107
PRI467,1=6.50
UPR467,1=6.50
QTY467,1=1.00
QTYUNIT467,1=1
GAMT467,1=6.50
AMT467,1=6.50
UGAMT467,1=6.50
UAMT467,1=6.50
PLU467,1=5000143974621
NAM467,1=NORDIC SPIRIT MINT 9
GRP467,1=TOBACCO SUNDRIE
CRD467,1=4019
ART_MERCH_ID467,1=A
PRC467,1=20.00
VAMT467,1=1.08
EXC467,1=5.42
INC467,1=6.50
MOP467,1=1
MOP_ADDX467,1=10
ROP467,1=1
PM467,1=110
PA467,1=6.50
SLSTOT467=6.50
TYP468=2
DATI468=20200124114509
STATION_NR468=6111
SHF468=4614
ACC_REP_NR468=1177
OPID468=8
REF468=1179110246
SEQ468=1179110738166
SAFTDATI468=20200124114509
LCUR468=10
PAN468=522948*******773
MERCH_ID468,1=A
MERCH_NAME468,1=Discovery Filling Station Ltd
MERCH_RECEIPT_SEQ_NR468,1=611100993108
PMP468,1=2
PUMP_MODE468,1=1,1,1
NOZZLE468,1=2
NDATI468,1=20200124114449
START_DATE468,1=20200124114341
PRI468,1=1.299
BASEPRI468,1=1.299
QTY468,1=30.79
QTYUNIT468,1=2
GAMT468,1=40.00
AMT468,1=40.00
UGAMT468,1=40.00
UAMT468,1=40.00
PLU468,1=3
NAM468,1=FuelSave Dsl
GRP468,1=59
CRD468,1=425
EXTREF468,1=FuelSave Dsl
ART_MERCH_ID468,1=A
EXC468,1=40.00
INC468,1=40.00
NQUA_CHANGEABLE468,1=1555160.41
CPPAN468,1=522948*******773
MOP468,1=6
MOP_ADDX468,1=50
MOP_ADDY468,1=15
ROP468,1=1
PM468,1=949
PSUB468,1=15
PA468,1=40.00
SLSTOT468=40.00
TYP469=2
DATI469=20200124114551
STATION_NR469=6111
SHF469=4614
ACC_REP_NR469=1177
OPID469=8
REF469=1179110247
SEQ469=1179110738167
SAFTDATI469=20200124114551
LCUR469=10
PAN469=705505*******211305
MERCH_ID469,1=A
MERCH_NAME469,1=Discovery Filling Station Ltd
MERCH_RECEIPT_SEQ_NR469,1=611100993109
PMP469,1=6
PUMP_MODE469,1=1,1,1
NOZZLE469,1=2
NDATI469,1=20200124114512
START_DATE469,1=20200124114326
PRI469,1=1.299
BASEPRI469,1=1.299
QTY469,1=42.07
QTYUNIT469,1=2
GAMT469,1=54.65
AMT469,1=54.65
UGAMT469,1=54.65
UAMT469,1=54.65
PLU469,1=3
NAM469,1=FuelSave Dsl
GRP469,1=59
CRD469,1=425
EXTREF469,1=FuelSave Dsl
ART_MERCH_ID469,1=A
EXC469,1=54.65
INC469,1=54.65
NQUA_CHANGEABLE469,1=1186626.13
CPPAN469,1=705505*******211305
MOP469,1=6
MOP_ADDX469,1=50
MOP_ADDY469,1=2
ROP469,1=1
PM469,1=949
PSUB469,1=2
PA469,1=54.65
SLSTOT469=54.65
TYP470=2
DATI470=20200124114639
STATION_NR470=6111
SHF470=4614
ACC_REP_NR470=1177
OPID470=8
REF470=1179110248
SEQ470=1179110738168
SAFTDATI470=20200124114639
LCUR470=10
PAN470=446292*******723
MERCH_ID470,1=A
MERCH_NAME470,1=Discovery Filling Station Ltd
MERCH_RECEIPT_SEQ_NR470,1=611100993110
PMP470,1=5
PUMP_MODE470,1=1,1,1
NOZZLE470,1=1
NDATI470,1=20200124114521
START_DATE470,1=20200124114442
PRI470,1=1.249
BASEPRI470,1=1.249
QTY470,1=16.10
QTYUNIT470,1=2
GAMT470,1=20.11
AMT470,1=20.11
UGAMT470,1=20.11
UAMT470,1=20.11
PLU470,1=6
NAM470,1=FuelSave Unl
GRP470,1=59
CRD470,1=325
EXTREF470,1=FuelSave Unl
ART_MERCH_ID470,1=A
EXC470,1=20.11
INC470,1=20.11
NQUA_CHANGEABLE470,1=1062176.19
PRI470,2=1.09
UPR470,2=1.09
QTY470,2=1.00
QTYUNIT470,2=1
GAMT470,2=1.09
AMT470,2=1.09
UGAMT470,2=1.09
UAMT470,2=1.09
PLU470,2=5000112628739
NAM470,2=DIET COKE
GRP470,2=DRINKS
CRD470,2=3119
ART_MERCH_ID470,2=A
PRC470,2=20.00
VAMT470,2=0.18
EXC470,2=0.91
INC470,2=1.09
PRI470,3=1.49
UPR470,3=1.49
QTY470,3=1.00
QTYUNIT470,3=1
GAMT470,3=1.49
AMT470,3=1.49
UGAMT470,3=1.49
UAMT470,3=1.49
PLU470,3=54491496
NAM470,3=DIET COKE 500ML
GRP470,3=DRINKS
CRD470,3=3119
ART_MERCH_ID470,3=A
PRC470,3=20.00
VAMT470,3=0.25
EXC470,3=1.24
INC470,3=1.49
PRI470,4=0.59
UPR470,4=0.59
QTY470,4=1.00
QTYUNIT470,4=1
GAMT470,4=0.59
AMT470,4=0.59
UGAMT470,4=0.59
UAMT470,4=0.59
PLU470,4=5000328141114
NAM470,4=QUAVERS PM59
GRP470,4=CRISPS
CRD470,4=3219
ART_MERCH_ID470,4=A
PRC470,4=20.00
VAMT470,4=0.10
EXC470,4=0.49
INC470,4=0.59
CPPAN470,1=446292*******723
MOP470,1=6
MOP_ADDX470,1=50
MOP_ADDY470,1=12
ROP470,1=1
PM470,1=949
PSUB470,1=12
PA470,1=23.28
SLSTOT470=23.28
TYP471=2
DATI471=20200124114810
STATION_NR471=6111
SHF471=4614
ACC_REP_NR471=1177
OPID471=8
REF471=1179110249
SEQ471=1179110738169
SAFTDATI471=20200124114810
LCUR471=10
REPL471=2
MERCH_ID471,1=A
MERCH_NAME471,1=Discovery Filling Station Ltd
MERCH_RECEIPT_SEQ_NR471,1=611100993111
PMP471,1=3
PUMP_MODE471,1=1,1,1
NOZZLE471,1=2
NDATI471,1=20200124114730
START_DATE471,1=20200124114653
PRI471,1=1.529
BASEPRI471,1=1.529
QTY471,1=13.10
QTYUNIT471,1=2
GAMT471,1=20.03
AMT471,1=20.03
UGAMT471,1=20.03
UAMT471,1=20.03
PLU471,1=8
NAM471,1=V Power Dsl
GRP471,1=59
CRD471,1=430
EXTREF471,1=V Power Dsl
ART_MERCH_ID471,1=A
EXC471,1=20.03
INC471,1=20.03
NQUA_CHANGEABLE471,1=177723.33
MOP471,1=1
MOP_ADDX471,1=10
ROP471,1=1
PM471,1=110
PA471,1=20.03
SLSTOT471=20.03
TYP472=2
DATI472=20200124114825
STATION_NR472=6111
SHF472=4614
ACC_REP_NR472=1177
OPID472=8
REF472=1179110250
SEQ472=1179110738170
SAFTDATI472=20200124114825
LCUR472=10
REPL472=2
MERCH_ID472,1=A
MERCH_NAME472,1=Discovery Filling Station Ltd
MERCH_RECEIPT_SEQ_NR472,1=611100993112
PRI472,1=2.40
UPR472,1=2.40
QTY472,1=1.00
QTYUNIT472,1=1
GAMT472,1=2.40
AMT472,1=2.40
UGAMT472,1=2.40
UAMT472,1=2.40
PLU472,1=1010
NAM472,1=REGULAR 12OZ HOT DRI
GRP472,1=DRINKS PROMO
CRD472,1=6000
ART_MERCH_ID472,1=A
PRC472,1=20.00
VAMT472,1=0.40
EXC472,1=2.00
INC472,1=2.40
MOP472,1=1
MOP_ADDX472,1=10
ROP472,1=1
PM472,1=110
PA472,1=2.40
SLSTOT472=2.40
TYP473=2
DATI473=20200124114911
STATION_NR473=6111
SHF473=4614
ACC_REP_NR473=1177
OPID473=8
REF473=1179110251
SEQ473=1179110738171
SAFTDATI473=20200124114911
LCUR473=10
PAN473=446279*******214
MERCH_ID473,1=A
MERCH_NAME473,1=Discovery Filling Station Ltd
MERCH_RECEIPT_SEQ_NR473,1=611100993113
PMP473,1=1
PUMP_MODE473,1=1,1,1
NOZZLE473,1=2
NDATI473,1=20200124114840
START_DATE473,1=20200124114733
PRI473,1=1.299
BASEPRI473,1=1.299
QTY473,1=23.10
QTYUNIT473,1=2
GAMT473,1=30.01
AMT473,1=30.01
UGAMT473,1=30.01
UAMT473,1=30.01
PLU473,1=3
NAM473,1=FuelSave Dsl
GRP473,1=59
CRD473,1=425
EXTREF473,1=FuelSave Dsl
ART_MERCH_ID473,1=A
EXC473,1=30.01
INC473,1=30.01
NQUA_CHANGEABLE473,1=825717.39
CPPAN473,1=446279*******214
MOP473,1=6
MOP_ADDX473,1=50
MOP_ADDY473,1=12
ROP473,1=1
PM473,1=949
PSUB473,1=12
PA473,1=30.01
SLSTOT473=30.01
TYP474=2
DATI474=20200124115002
STATION_NR474=6111
SHF474=4614
ACC_REP_NR474=1177
OPID474=8
REF474=1179110252
SEQ474=1179110738172
SAFTDATI474=20200124115002
LCUR474=10
PAN474=557351*******611
MERCH_ID474,1=A
MERCH_NAME474,1=Discovery Filling Station Ltd
MERCH_RECEIPT_SEQ_NR474,1=611100993114
PMP474,1=5
PUMP_MODE474,1=1,1,1
NOZZLE474,1=1
NDATI474,1=20200124114929
START_DATE474,1=20200124114852
PRI474,1=1.249
BASEPRI474,1=1.249
QTY474,1=8.01
QTYUNIT474,1=2
GAMT474,1=10.00
AMT474,1=10.00
UGAMT474,1=10.00
UAMT474,1=10.00
PLU474,1=6
NAM474,1=FuelSave Unl
GRP474,1=59
CRD474,1=325
EXTREF474,1=FuelSave Unl
ART_MERCH_ID474,1=A
EXC474,1=10.00
INC474,1=10.00
NQUA_CHANGEABLE474,1=1062184.20
CPPAN474,1=557351*******611
MOP474,1=6
MOP_ADDX474,1=50
MOP_ADDY474,1=14
ROP474,1=1
PM474,1=949
PSUB474,1=14
PA474,1=10.00
SLSTOT474=10.00
TYP475=21
SPEC_TYPE475=13
DATI475=20200124115051
STATION_NR475=6111
SHF475=2727
OPID475=5
SPEC_ADDD475=Open cash drawer
TYP476=2
DATI476=20200124115029
STATION_NR476=6111
SHF476=4614
ACC_REP_NR476=1177
OPID476=8
REF476=1179110253
SEQ476=1179110738173
SAFTDATI476=20200124115029
LCUR476=10
PAN476=557351*******560
MERCH_ID476,1=A
MERCH_NAME476,1=Discovery Filling Station Ltd
MERCH_RECEIPT_SEQ_NR476,1=611100993115
PMP476,1=4
PUMP_MODE476,1=1,1,1
NOZZLE476,1=1
NDATI476,1=20200124115002
START_DATE476,1=20200124114944
PRI476,1=1.249
BASEPRI476,1=1.249
QTY476,1=2.45
QTYUNIT476,1=2
GAMT476,1=3.06
AMT476,1=3.06
UGAMT476,1=3.06
UAMT476,1=3.06
PLU476,1=6
NAM476,1=FuelSave Unl
GRP476,1=59
CRD476,1=325
EXTREF476,1=FuelSave Unl
ART_MERCH_ID476,1=A
EXC476,1=3.06
INC476,1=3.06
NQUA_CHANGEABLE476,1=708326.18
CPPAN476,1=557351*******560
MOP476,1=6
MOP_ADDX476,1=50
MOP_ADDY476,1=14
ROP476,1=1
PM476,1=949
PSUB476,1=14
PA476,1=3.06
SLSTOT476=3.06
TYP477=2
DATI477=20200124115106
STATION_NR477=6111
SHF477=4614
ACC_REP_NR477=1177
OPID477=8
REF477=1179110254
SEQ477=1179110738174
SAFTDATI477=20200124115106
LCUR477=10
REPL477=2
MERCH_ID477,1=A
MERCH_NAME477,1=Discovery Filling Station Ltd
MERCH_RECEIPT_SEQ_NR477,1=611100993116
PMP477,1=3
PUMP_MODE477,1=1,1,1
NOZZLE477,1=1
NDATI477,1=20200124115009
START_DATE477,1=20200124114927
PRI477,1=1.249
BASEPRI477,1=1.249
QTY477,1=19.14
QTYUNIT477,1=2
GAMT477,1=23.91
AMT477,1=23.91
UGAMT477,1=23.91
UAMT477,1=23.91
PLU477,1=6
NAM477,1=FuelSave Unl
GRP477,1=59
CRD477,1=325
EXTREF477,1=FuelSave Unl
ART_MERCH_ID477,1=A
EXC477,1=23.91
INC477,1=23.91
NQUA_CHANGEABLE477,1=1194492.92
MOP477,1=1
MOP_ADDX477,1=10
ROP477,1=1
PM477,1=110
PA477,1=30.00
MOP477,2=1
MOP_ADDX477,2=10
ROP477,2=2
PM477,2=5110
PA477,2=-6.09
SLSTOT477=23.91
TYP478=2
DATI478=20200124115134
STATION_NR478=6111
SHF478=4614
ACC_REP_NR478=1177
OPID478=8
REF478=1179110255
SEQ478=1179110738175
SAFTDATI478=20200124115134
LCUR478=10
REPL478=2
MERCH_ID478,1=A
MERCH_NAME478,1=Discovery Filling Station Ltd
MERCH_RECEIPT_SEQ_NR478,1=611100993117
PMP478,1=1
PUMP_MODE478,1=1,1,1
NOZZLE478,1=1
NDATI478,1=20200124115110
START_DATE478,1=20200124115040
PRI478,1=1.249
BASEPRI478,1=1.249
QTY478,1=8.01
QTYUNIT478,1=2
GAMT478,1=10.00
AMT478,1=10.00
UGAMT478,1=10.00
UAMT478,1=10.00
PLU478,1=6
NAM478,1=FuelSave Unl
GRP478,1=59
CRD478,1=325
EXTREF478,1=FuelSave Unl
ART_MERCH_ID478,1=A
EXC478,1=10.00
INC478,1=10.00
NQUA_CHANGEABLE478,1=662370.92
MOP478,1=1
MOP_ADDX478,1=10
ROP478,1=1
PM478,1=110
PA478,1=10.00
SLSTOT478=10.00
TYP479=2
DATI479=20200124115200
STATION_NR479=6111
SHF479=4614
ACC_REP_NR479=1177
OPID479=8
REF479=1179110256
SEQ479=1179110738176
SAFTDATI479=20200124115200
LCUR479=10
REPL479=2
MERCH_ID479,1=A
MERCH_NAME479,1=Discovery Filling Station Ltd
MERCH_RECEIPT_SEQ_NR479,1=611100993118
PMP479,1=2
PUMP_MODE479,1=1,1,1
NOZZLE479,1=2
NDATI479,1=20200124115130
START_DATE479,1=20200124115101
PRI479,1=1.299
BASEPRI479,1=1.299
QTY479,1=6.16
QTYUNIT479,1=2
GAMT479,1=8.00
AMT479,1=8.00
UGAMT479,1=8.00
UAMT479,1=8.00
PLU479,1=3
NAM479,1=FuelSave Dsl
GRP479,1=59
CRD479,1=425
EXTREF479,1=FuelSave Dsl
ART_MERCH_ID479,1=A
EXC479,1=8.00
INC479,1=8.00
NQUA_CHANGEABLE479,1=1555166.57
MOP479,1=1
MOP_ADDX479,1=10
ROP479,1=1
PM479,1=110
PA479,1=8.00
SLSTOT479=8.00
TYP480=2
DATI480=20200124115443
STATION_NR480=6111
SHF480=2727
ACC_REP_NR480=1177
OPID480=5
REF480=1179120153
SEQ480=1179120274970
SAFTDATI480=20200124115443
LCUR480=10
REPL480=2
MERCH_ID480,1=A
MERCH_NAME480,1=Discovery Filling Station Ltd
MERCH_RECEIPT_SEQ_NR480,1=611100993119
PRI480,1=1.25
UPR480,1=1.25
QTY480,1=1.00
QTYUNIT480,1=1
GAMT480,1=1.25
AMT480,1=1.25
UGAMT480,1=1.25
UAMT480,1=1.25
PLU480,1=50271207
NAM480,1=BARR IRU-BRU 750ML
GRP480,1=DRINKS
CRD480,1=3119
ART_MERCH_ID480,1=A
PRC480,1=20.00
VAMT480,1=0.21
EXC480,1=1.04
INC480,1=1.25
MOP480,1=1
MOP_ADDX480,1=10
ROP480,1=1
PM480,1=110
PA480,1=1.25
SLSTOT480=1.25
TYP481=2
DATI481=20200124115445
STATION_NR481=6111
SHF481=4614
ACC_REP_NR481=1177
OPID481=8
REF481=1179110257
SEQ481=1179110738177
SAFTDATI481=20200124115445
LCUR481=10
PAN481=705505*******201977
MERCH_ID481,1=A
MERCH_NAME481,1=Discovery Filling Station Ltd
MERCH_RECEIPT_SEQ_NR481,1=611100993120
PMP481,1=5
PUMP_MODE481,1=1,1,1
NOZZLE481,1=1
NDATI481,1=20200124115413
START_DATE481,1=20200124115212
PRI481,1=1.249
BASEPRI481,1=1.249
QTY481,1=26.30
QTYUNIT481,1=2
GAMT481,1=32.85
AMT481,1=32.85
UGAMT481,1=32.85
UAMT481,1=32.85
PLU481,1=6
NAM481,1=FuelSave Unl
GRP481,1=59
CRD481,1=325
EXTREF481,1=FuelSave Unl
ART_MERCH_ID481,1=A
EXC481,1=32.85
INC481,1=32.85
NQUA_CHANGEABLE481,1=1062210.50
CPPAN481,1=705505*******201977
MOP481,1=6
MOP_ADDX481,1=50
MOP_ADDY481,1=2
ROP481,1=1
PM481,1=949
PSUB481,1=2
PA481,1=32.85
SLSTOT481=32.85
TYP482=2
DATI482=20200124115611
STATION_NR482=6111
SHF482=4614
ACC_REP_NR482=1177
OPID482=8
REF482=1179110258
SEQ482=1179110738178
SAFTDATI482=20200124115611
LCUR482=10
REPL482=2
MERCH_ID482,1=A
MERCH_NAME482,1=Discovery Filling Station Ltd
MERCH_RECEIPT_SEQ_NR482,1=611100993121
PMP482,1=4
PUMP_MODE482,1=1,1,1
NOZZLE482,1=3
NDATI482,1=20200124115519
START_DATE482,1=20200124115450
PRI482,1=1.299
BASEPRI482,1=1.299
QTY482,1=7.71
QTYUNIT482,1=2
GAMT482,1=10.02
AMT482,1=10.02
UGAMT482,1=10.02
UAMT482,1=10.02
PLU482,1=3
NAM482,1=FuelSave Dsl
GRP482,1=59
CRD482,1=425
EXTREF482,1=FuelSave Dsl
ART_MERCH_ID482,1=A
EXC482,1=10.02
INC482,1=10.02
NQUA_CHANGEABLE482,1=1502656.65
PRI482,2=0.65
UPR482,2=0.65
QTY482,2=1.00
QTYUNIT482,2=1
GAMT482,2=0.65
AMT482,2=0.65
UGAMT482,2=0.65
UAMT482,2=0.65
PLU482,2=40099361
NAM482,2=EXTRA SUGAR FREE P/M
GRP482,2=CONFECTIONERY
CRD482,2=3119
ART_MERCH_ID482,2=A
PRC482,2=20.00
VAMT482,2=0.11
EXC482,2=0.54
INC482,2=0.65
MOP482,1=1
MOP_ADDX482,1=10
ROP482,1=1
PM482,1=110
PA482,1=10.67
SLSTOT482=10.67
TYP483=2
DATI483=20200124115949
STATION_NR483=6111
SHF483=2727
ACC_REP_NR483=1177
OPID483=5
REF483=1179120154
SEQ483=1179120274971
SAFTDATI483=20200124115949
LCUR483=10
PAN483=705505*******100934
MERCH_ID483,1=A
MERCH_NAME483,1=Discovery Filling Station Ltd
MERCH_RECEIPT_SEQ_NR483,1=611100993122
PMP483,1=6
PUMP_MODE483,1=1,1,1
NOZZLE483,1=2
NDATI483,1=20200124115917
START_DATE483,1=20200124115654
PRI483,1=1.299
BASEPRI483,1=1.299
QTY483,1=54.47
QTYUNIT483,1=2
GAMT483,1=70.76
AMT483,1=70.76
UGAMT483,1=70.76
UAMT483,1=70.76
PLU483,1=3
NAM483,1=FuelSave Dsl
GRP483,1=59
CRD483,1=425
EXTREF483,1=FuelSave Dsl
ART_MERCH_ID483,1=A
EXC483,1=70.76
INC483,1=70.76
NQUA_CHANGEABLE483,1=1186680.60
CPPAN483,1=705505*******100934
MOP483,1=6
MOP_ADDX483,1=50
MOP_ADDY483,1=2
ROP483,1=1
PM483,1=949
PSUB483,1=2
PA483,1=70.76
SLSTOT483=70.76
TYP484=2
DATI484=20200124120049
STATION_NR484=6111
SHF484=2727
ACC_REP_NR484=1177
OPID484=5
REF484=1179120155
SEQ484=1179120274972
SAFTDATI484=20200124120049
LCUR484=10
REPL484=2
MERCH_ID484,1=A
MERCH_NAME484,1=Discovery Filling Station Ltd
MERCH_RECEIPT_SEQ_NR484,1=611100993123
PRI484,1=2.00
UPR484,1=2.00
QTY484,1=1.00
QTYUNIT484,1=1
GAMT484,1=2.00
AMT484,1=2.00
UGAMT484,1=2.00
UAMT484,1=2.00
PLU484,1=4009900497503
NAM484,1=EXTRA SPEARMINT46PCE
GRP484,1=CONFECTIONERY
CRD484,1=3119
ART_MERCH_ID484,1=A
PRC484,1=20.00
VAMT484,1=0.33
EXC484,1=1.67
INC484,1=2.00
MOP484,1=1
MOP_ADDX484,1=10
ROP484,1=1
PM484,1=110
PA484,1=2.00
SLSTOT484=2.00
TYP485=2
DATI485=20200124120144
STATION_NR485=6111
SHF485=2727
ACC_REP_NR485=1177
OPID485=5
REF485=1179120156
SEQ485=1179120274973
SAFTDATI485=20200124120144
LCUR485=10
PAN485=454742*******776
MERCH_ID485,1=A
MERCH_NAME485,1=Discovery Filling Station Ltd
MERCH_RECEIPT_SEQ_NR485,1=611100993124
PRI485,1=1.09
UPR485,1=1.09
QTY485,1=1.00
QTYUNIT485,1=1
GAMT485,1=1.09
AMT485,1=1.09
UGAMT485,1=1.09
UAMT485,1=1.09
PLU485,1=5054267007642
NAM485,1=LUCOZADE
GRP485,1=DRINKS
CRD485,1=3119
ART_MERCH_ID485,1=A
PRC485,1=20.00
VAMT485,1=0.18
EXC485,1=0.91
INC485,1=1.09
PRI485,2=7.50
UPR485,2=7.50
QTY485,2=1.00
QTYUNIT485,2=1
GAMT485,2=7.50
AMT485,2=7.50
UGAMT485,2=7.50
UAMT485,2=7.50
PLU485,2=2083800000003
NAM485,2=LOTTERY
GRP485,2=LOTTERY ONLINE
CRD485,2=9500
ART_MERCH_ID485,2=A
EXC485,2=7.50
INC485,2=7.50
PRI485,3=6.00
UPR485,3=6.00
QTY485,3=1.00
QTYUNIT485,3=1
GAMT485,3=6.00
AMT485,3=6.00
UGAMT485,3=6.00
UAMT485,3=6.00
PLU485,3=2083800000003
NAM485,3=LOTTERY
GRP485,3=LOTTERY ONLINE
CRD485,3=9500
ART_MERCH_ID485,3=A
EXC485,3=6.00
INC485,3=6.00
CPPAN485,1=454742*******776
MOP485,1=6
MOP_ADDX485,1=50
MOP_ADDY485,1=12
ROP485,1=1
PM485,1=949
PSUB485,1=12
PA485,1=14.59
SLSTOT485=14.59
TYP486=2
DATI486=20200124120501
STATION_NR486=6111
SHF486=2727
ACC_REP_NR486=1177
OPID486=5
REF486=1179120157
SEQ486=1179120274974
SAFTDATI486=20200124120501
LCUR486=10
REPL486=2
MERCH_ID486,1=A
MERCH_NAME486,1=Discovery Filling Station Ltd
MERCH_RECEIPT_SEQ_NR486,1=611100993125
PRI486,1=3.49
UPR486,1=3.49
QTY486,1=1.00
QTYUNIT486,1=1
GAMT486,1=3.49
AMT486,1=3.49
UGAMT486,1=3.49
UAMT486,1=3.49
PLU486,1=7613036001809
NAM486,1=NESCAFE ORIG
GRP486,1=GROCERY ZERO
CRD486,1=3100
ART_MERCH_ID486,1=A
EXC486,1=3.49
INC486,1=3.49
PRI486,2=1.00
UPR486,2=1.00
QTY486,2=2.00
QTYUNIT486,2=1
GAMT486,2=2.00
AMT486,2=2.00
UGAMT486,2=2.00
UAMT486,2=2.00
PLU486,2=5020379149327
NAM486,2=HS JUMBO KIT
GRP486,2=GENERAL GOODS V
CRD486,2=3319
ART_MERCH_ID486,2=A
PRC486,2=20.00
VAMT486,2=0.33
EXC486,2=1.67
INC486,2=2.00
PRI486,3=0.50
UPR486,3=0.50
QTY486,3=2.00
QTYUNIT486,3=1
GAMT486,3=1.00
AMT486,3=1.00
UGAMT486,3=1.00
UAMT486,3=1.00
PLU486,3=5020379148719
NAM486,3=ES WHITE FAM
GRP486,3=GENERAL GOODS V
CRD486,3=3319
ART_MERCH_ID486,3=A
PRC486,3=20.00
VAMT486,3=0.17
EXC486,3=0.83
INC486,3=1.00
PRI486,4=0.05
UPR486,4=0.05
QTY486,4=1.00
QTYUNIT486,4=1
GAMT486,4=0.05
AMT486,4=0.05
UGAMT486,4=0.05
UAMT486,4=0.05
PLU486,4=5011929933732
NAM486,4=PREMIER LVT
GRP486,4=GENERAL GOODS V
CRD486,4=3319
ART_MERCH_ID486,4=A
PRC486,4=20.00
VAMT486,4=0.01
EXC486,4=0.04
INC486,4=0.05
PRI486,5=0.80
UPR486,5=0.80
QTY486,5=1.00
QTYUNIT486,5=1
GAMT486,5=0.80
AMT486,5=0.80
UGAMT486,5=0.80
UAMT486,5=0.80
PLU486,5=50201013
NAM486,5=FLAKE STANDARD
GRP486,5=CONFECTIONERY
CRD486,5=3119
ART_MERCH_ID486,5=A
PRC486,5=20.00
VAMT486,5=0.13
EXC486,5=0.67
INC486,5=0.80
PRI486,6=0.80
UPR486,6=0.80
QTY486,6=1.00
QTYUNIT486,6=1
GAMT486,6=0.80
AMT486,6=0.80
UGAMT486,6=0.80
UAMT486,6=0.80
PLU486,6=50201013
NAM486,6=FLAKE STANDARD
GRP486,6=CONFECTIONERY
CRD486,6=3119
ART_MERCH_ID486,6=A
PRC486,6=20.00
VAMT486,6=0.13
EXC486,6=0.67
INC486,6=0.80
PRI486,7=0.84
UPR486,7=0.84
QTY486,7=1.00
QTYUNIT486,7=1
GAMT486,7=0.84
AMT486,7=0.84
UGAMT486,7=0.84
UAMT486,7=0.84
PLU486,7=50201105
NAM486,7=TURKISH DELIGHT CADB
GRP486,7=CONFECTIONERY
CRD486,7=3119
ART_MERCH_ID486,7=A
PRC486,7=20.00
VAMT486,7=0.14
EXC486,7=0.70
INC486,7=0.84
PRI486,8=0.84
UPR486,8=0.84
QTY486,8=1.00
QTYUNIT486,8=1
GAMT486,8=0.84
AMT486,8=0.84
UGAMT486,8=0.84
UAMT486,8=0.84
PLU486,8=50201105
NAM486,8=TURKISH DELIGHT CADB
GRP486,8=CONFECTIONERY
CRD486,8=3119
ART_MERCH_ID486,8=A
PRC486,8=20.00
VAMT486,8=0.14
EXC486,8=0.70
INC486,8=0.84
MOP486,1=1
MOP_ADDX486,1=10
ROP486,1=1
PM486,1=110
PA486,1=9.82
SLSTOT486=9.82
TYP487=2
DATI487=20200124120526
STATION_NR487=6111
SHF487=2727
ACC_REP_NR487=1177
OPID487=5
REF487=1179120158
SEQ487=1179120274975
SAFTDATI487=20200124120526
LCUR487=10
REPL487=2
MERCH_ID487,1=A
MERCH_NAME487,1=Discovery Filling Station Ltd
MERCH_RECEIPT_SEQ_NR487,1=611100993126
PMP487,1=3
PUMP_MODE487,1=1,1,1
NOZZLE487,1=3
NDATI487,1=20200124120327
START_DATE487,1=20200124120222
PRI487,1=1.299
BASEPRI487,1=1.299
QTY487,1=23.10
QTYUNIT487,1=2
GAMT487,1=30.01
AMT487,1=30.01
UGAMT487,1=30.01
UAMT487,1=30.01
PLU487,1=3
NAM487,1=FuelSave Dsl
GRP487,1=59
CRD487,1=425
EXTREF487,1=FuelSave Dsl
ART_MERCH_ID487,1=A
EXC487,1=30.01
INC487,1=30.01
NQUA_CHANGEABLE487,1=1277184.30
MOP487,1=1
MOP_ADDX487,1=10
ROP487,1=1
PM487,1=110
PA487,1=30.01
SLSTOT487=30.01
TYP488=2
DATI488=20200124120539
STATION_NR488=6111
SHF488=2727
ACC_REP_NR488=1177
OPID488=5
REF488=1179120159
SEQ488=1179120274976
SAFTDATI488=20200124120539
LCUR488=10
PAN488=700205*******133254
MERCH_ID488,1=A
MERCH_NAME488,1=Discovery Filling Station Ltd
MERCH_RECEIPT_SEQ_NR488,1=611100993127
PMP488,1=5
PUMP_MODE488,1=1,1,1
NOZZLE488,1=2
NDATI488,1=20200124120348
START_DATE488,1=20200124120213
PRI488,1=1.299
BASEPRI488,1=1.299
QTY488,1=35.27
QTYUNIT488,1=2
GAMT488,1=45.82
AMT488,1=45.82
UGAMT488,1=45.82
UAMT488,1=45.82
PLU488,1=3
NAM488,1=FuelSave Dsl
GRP488,1=59
CRD488,1=425
EXTREF488,1=FuelSave Dsl
ART_MERCH_ID488,1=A
EXC488,1=45.82
INC488,1=45.82
NQUA_CHANGEABLE488,1=1115025.56
CPPAN488,1=700205*******133254
MOP488,1=6
MOP_ADDX488,1=50
MOP_ADDY488,1=1
ROP488,1=1
PM488,1=949
PSUB488,1=1
PA488,1=45.82
SLSTOT488=45.82
TYP489=2
DATI489=20200124120608
STATION_NR489=6111
SHF489=2727
ACC_REP_NR489=1177
OPID489=5
REF489=1179120160
SEQ489=1179120274977
SAFTDATI489=20200124120608
LCUR489=10
PAN489=476223*******144
MERCH_ID489,1=A
MERCH_NAME489,1=Discovery Filling Station Ltd
MERCH_RECEIPT_SEQ_NR489,1=611100993128
PMP489,1=1
PUMP_MODE489,1=1,1,1
NOZZLE489,1=2
NDATI489,1=20200124120440
START_DATE489,1=20200124120416
PRI489,1=1.299
BASEPRI489,1=1.299
QTY489,1=7.71
QTYUNIT489,1=2
GAMT489,1=10.02
AMT489,1=10.02
UGAMT489,1=10.02
UAMT489,1=10.02
PLU489,1=3
NAM489,1=FuelSave Dsl
GRP489,1=59
CRD489,1=425
EXTREF489,1=FuelSave Dsl
ART_MERCH_ID489,1=A
EXC489,1=10.02
INC489,1=10.02
NQUA_CHANGEABLE489,1=825725.10
PRI489,2=0.99
UPR489,2=0.99
QTY489,2=2.00
QTYUNIT489,2=1
GAMT489,2=1.98
AMT489,2=1.98
UGAMT489,2=1.98
UAMT489,2=1.98
PLU489,2=5000382108467
NAM489,2=IRN BRU
GRP489,2=DRINKS
CRD489,2=3119
ART_MERCH_ID489,2=A
PRC489,2=20.00
VAMT489,2=0.33
EXC489,2=1.65
INC489,2=1.98
PRI489,3=0.69
UPR489,3=0.69
QTY489,3=1.00
QTYUNIT489,3=1
GAMT489,3=0.69
AMT489,3=0.69
UGAMT489,3=0.69
UAMT489,3=0.69
PLU489,3=5019402500730
NAM489,3=MACB S/FREE S/BERRY
GRP489,3=DRINKS
CRD489,3=3119
ART_MERCH_ID489,3=A
PRC489,3=20.00
VAMT489,3=0.11
EXC489,3=0.58
INC489,3=0.69
CPPAN489,1=476223*******144
MOP489,1=6
MOP_ADDX489,1=50
MOP_ADDY489,1=12
ROP489,1=1
PM489,1=949
PSUB489,1=12
PA489,1=12.69
SLSTOT489=12.69
TYP490=2
DATI490=20200124120652
STATION_NR490=6111
SHF490=2727
ACC_REP_NR490=1177
OPID490=5
REF490=1179120161
SEQ490=1179120274978
SAFTDATI490=20200124120652
LCUR490=10
PAN490=465942*******765
MERCH_ID490,1=A
MERCH_NAME490,1=Discovery Filling Station Ltd
MERCH_RECEIPT_SEQ_NR490,1=611100993129
PRI490,1=1.09
UPR490,1=1.09
QTY490,1=1.00
QTYUNIT490,1=1
GAMT490,1=1.09
AMT490,1=1.09
UGAMT490,1=1.09
UAMT490,1=1.09
PLU490,1=5000112639612
NAM490,1=FANTA GRAPE
GRP490,1=DRINKS
CRD490,1=3119
ART_MERCH_ID490,1=A
PRC490,1=20.00
VAMT490,1=0.18
EXC490,1=0.91
INC490,1=1.09
PRI490,2=1.00
UPR490,2=1.00
QTY490,2=1.00
QTYUNIT490,2=1
GAMT490,2=1.00
AMT490,2=1.00
UGAMT490,2=1.00
UAMT490,2=1.00
PLU490,2=5000237131015
NAM490,2=NIK NAKS NIC
GRP490,2=CRISPS
CRD490,2=3219
ART_MERCH_ID490,2=A
PRC490,2=20.00
VAMT490,2=0.17
EXC490,2=0.83
INC490,2=1.00
PRI490,3=1.62
UPR490,3=1.62
QTY490,3=1.00
QTYUNIT490,3=1
GAMT490,3=1.62
AMT490,3=1.62
UGAMT490,3=1.62
UAMT490,3=1.62
PLU490,3=492147
NAM490,3=CHK CURRY PIE
GRP490,3=HOT FOOD
CRD490,3=3119
ART_MERCH_ID490,3=A
PRC490,3=20.00
VAMT490,3=0.27
EXC490,3=1.35
INC490,3=1.62
CPPAN490,1=465942*******765
MOP490,1=6
MOP_ADDX490,1=50
MOP_ADDY490,1=12
ROP490,1=1
PM490,1=949
PSUB490,1=12
PA490,1=3.71
SLSTOT490=3.71
TYP491=2
DATI491=20200124120818
STATION_NR491=6111
SHF491=2727
ACC_REP_NR491=1177
OPID491=5
REF491=1179120162
SEQ491=1179120274979
SAFTDATI491=20200124120818
LCUR491=10
PAN491=454742*******110
MERCH_ID491,1=A
MERCH_NAME491,1=Discovery Filling Station Ltd
MERCH_RECEIPT_SEQ_NR491,1=611100993130
PRI491,1=2.40
UPR491,1=2.40
QTY491,1=1.00
QTYUNIT491,1=1
GAMT491,1=2.40
AMT491,1=2.40
UGAMT491,1=2.40
UAMT491,1=2.40
PLU491,1=1010
NAM491,1=REGULAR 12OZ HOT DRI
GRP491,1=DRINKS PROMO
CRD491,1=6000
ART_MERCH_ID491,1=A
PRC491,1=20.00
VAMT491,1=0.40
EXC491,1=2.00
INC491,1=2.40
PRI491,2=1.80
UPR491,2=1.80
QTY491,2=1.00
QTYUNIT491,2=1
GAMT491,2=1.80
AMT491,2=1.80
UGAMT491,2=1.80
UAMT491,2=1.80
PLU491,2=492140
NAM491,2=SAUSAGE ROLL
GRP491,2=HOT FOOD
CRD491,2=3119
ART_MERCH_ID491,2=A
PRC491,2=20.00
VAMT491,2=0.30
EXC491,2=1.50
INC491,2=1.80
PRI491,3=1.98
UPR491,3=1.98
QTY491,3=1.00
QTYUNIT491,3=1
GAMT491,3=1.98
AMT491,3=1.98
UGAMT491,3=1.98
UAMT491,3=1.98
PLU491,3=492141
NAM491,3=STEAK & GRAVY
GRP491,3=HOT FOOD
CRD491,3=3119
ART_MERCH_ID491,3=A
PRC491,3=20.00
VAMT491,3=0.33
EXC491,3=1.65
INC491,3=1.98
PRI491,4=9.35
UPR491,4=9.35
QTY491,4=1.00
QTYUNIT491,4=1
GAMT491,4=9.35
AMT491,4=9.35
UGAMT491,4=9.35
UAMT491,4=9.35
PLU491,4=5000431028180
NAM491,4=JPS KING SIZE SILVER
GRP491,4=TOBACCO
CRD491,4=4019
ART_MERCH_ID491,4=A
PRC491,4=20.00
VAMT491,4=1.56
EXC491,4=7.79
INC491,4=9.35
CPPAN491,1=454742*******110
MOP491,1=6
MOP_ADDX491,1=50
MOP_ADDY491,1=12
ROP491,1=1
PM491,1=949
PSUB491,1=12
PA491,1=15.53
SLSTOT491=15.53
TYP492=2
DATI492=20200124120845
STATION_NR492=6111
SHF492=2727
ACC_REP_NR492=1177
OPID492=5
REF492=1179120163
SEQ492=1179120274980
SAFTDATI492=20200124120845
LCUR492=10
PAN492=553421*******830
MERCH_ID492,1=A
MERCH_NAME492,1=Discovery Filling Station Ltd
MERCH_RECEIPT_SEQ_NR492,1=611100993131
PMP492,1=4
PUMP_MODE492,1=1,1,1
NOZZLE492,1=1
NDATI492,1=20200124120737
START_DATE492,1=20200124120617
PRI492,1=1.249
BASEPRI492,1=1.249
QTY492,1=32.09
QTYUNIT492,1=2
GAMT492,1=40.08
AMT492,1=40.08
UGAMT492,1=40.08
UAMT492,1=40.08
PLU492,1=6
NAM492,1=FuelSave Unl
GRP492,1=59
CRD492,1=325
EXTREF492,1=FuelSave Unl
ART_MERCH_ID492,1=A
EXC492,1=40.08
INC492,1=40.08
NQUA_CHANGEABLE492,1=708358.27
PRI492,2=0.59
UPR492,2=0.59
QTY492,2=2.00
QTYUNIT492,2=1
GAMT492,2=1.18
AMT492,2=1.00
UGAMT492,2=1.18
UAMT492,2=1.00
PLU492,2=5020379150132
NAM492,2=HS FLAPJACK
GRP492,2=GROCERY ZERO
CRD492,2=3100
PRO492,2=MMH446
DSCT492,2=2
DNAM492,2=HS CAKES 2FR1.00
DSC492,2=0.18
ART_MERCH_ID492,2=A
EXC492,2=1.00
INC492,2=1.00
PRI492,3=0.60
UPR492,3=0.60
QTY492,3=2.00
QTYUNIT492,3=1
GAMT492,3=1.20
AMT492,3=1.20
UGAMT492,3=1.20
UAMT492,3=1.20
PLU492,3=5449000034335
NAM492,3=SMART WATER 600ML
GRP492,3=DRINKS
CRD492,3=3119
ART_MERCH_ID492,3=A
PRC492,3=20.00
VAMT492,3=0.20
EXC492,3=1.00
INC492,3=1.20
CPPAN492,1=553421*******830
MOP492,1=6
MOP_ADDX492,1=50
MOP_ADDY492,1=15
ROP492,1=1
PM492,1=949
PSUB492,1=15
PA492,1=42.28
SLSTOT492=42.28
TYP493=2
DATI493=20200124120908
STATION_NR493=6111
SHF493=4614
ACC_REP_NR493=1177
OPID493=8
REF493=1179110259
SEQ493=1179110738179
SAFTDATI493=20200124120908
LCUR493=10
REPL493=2
MERCH_ID493,1=A
MERCH_NAME493,1=Discovery Filling Station Ltd
MERCH_RECEIPT_SEQ_NR493,1=611100993132
PRI493,1=1.19
UPR493,1=1.19
QTY493,1=1.00
QTYUNIT493,1=1
GAMT493,1=1.19
AMT493,1=1.19
UGAMT493,1=1.19
UAMT493,1=1.19
PLU493,1=5000382106326
NAM493,1=R/CN ORG MNG
GRP493,1=DRINKS
CRD493,1=3119
ART_MERCH_ID493,1=A
PRC493,1=20.00
VAMT493,1=0.20
EXC493,1=0.99
INC493,1=1.19
PRI493,2=2.75
UPR493,2=2.75
QTY493,2=1.00
QTYUNIT493,2=1
GAMT493,2=2.75
AMT493,2=2.75
UGAMT493,2=2.75
UAMT493,2=2.75
PLU493,2=5055109220137
NAM493,2=CLARKS FRENCH DEMI B
GRP493,2=SANDWICHES
CRD493,2=6000
ART_MERCH_ID493,2=A
EXC493,2=2.75
INC493,2=2.75
MOP493,1=1
MOP_ADDX493,1=10
ROP493,1=1
PM493,1=110
PA493,1=5.00
MOP493,2=1
MOP_ADDX493,2=10
ROP493,2=2
PM493,2=5110
PA493,2=-1.06
SLSTOT493=3.94
TYP494=2
DATI494=20200124120933
STATION_NR494=6111
SHF494=2727
ACC_REP_NR494=1177
OPID494=5
REF494=1179120164
SEQ494=1179120274981
SAFTDATI494=20200124120933
LCUR494=10
PAN494=700205*******740040
MERCH_ID494,1=A
MERCH_NAME494,1=Discovery Filling Station Ltd
MERCH_RECEIPT_SEQ_NR494,1=611100993133
PMP494,1=1
PUMP_MODE494,1=1,1,1
NOZZLE494,1=1
NDATI494,1=20200124120853
START_DATE494,1=20200124120821
PRI494,1=1.249
BASEPRI494,1=1.249
QTY494,1=8.06
QTYUNIT494,1=2
GAMT494,1=10.07
AMT494,1=10.07
UGAMT494,1=10.07
UAMT494,1=10.07
PLU494,1=6
NAM494,1=FuelSave Unl
GRP494,1=59
CRD494,1=325
EXTREF494,1=FuelSave Unl
ART_MERCH_ID494,1=A
EXC494,1=10.07
INC494,1=10.07
NQUA_CHANGEABLE494,1=662378.98
CPPAN494,1=700205*******740040
MOP494,1=6
MOP_ADDX494,1=50
MOP_ADDY494,1=1
ROP494,1=1
PM494,1=949
PSUB494,1=1
PA494,1=10.07
SLSTOT494=10.07
TYP495=2
DATI495=20200124121016
STATION_NR495=6111
SHF495=4614
ACC_REP_NR495=1177
OPID495=8
REF495=1179110260
SEQ495=1179110738180
SAFTDATI495=20200124121016
LCUR495=10
PAN495=707881028700001409
CERT495=----------------
REPL495=2
CARR495=FP64KXK
CUST495=140
CNAM495=AFS SCAFFOLDING LTD
ID495=707881028700001409
INFO495=AFS SCAFFOLDING LTD
MERCH_ID495,1=A
MERCH_NAME495,1=Discovery Filling Station Ltd
MERCH_RECEIPT_SEQ_NR495,1=611100993134
PMP495,1=6
PUMP_MODE495,1=1,1,1
NOZZLE495,1=2
NDATI495,1=20200124120835
START_DATE495,1=20200124120713
PRI495,1=1.299
BASEPRI495,1=1.299
QTY495,1=30.79
QTYUNIT495,1=2
GAMT495,1=40.00
AMT495,1=40.00
UGAMT495,1=40.00
UAMT495,1=40.00
PLU495,1=3
NAM495,1=FuelSave Dsl
GRP495,1=59
CRD495,1=425
EXTREF495,1=FuelSave Dsl
ART_MERCH_ID495,1=A
EXC495,1=40.00
INC495,1=40.00
NQUA_CHANGEABLE495,1=1186711.39
CPPAN495,1=707881028700001409
CPCERT495,1=----------------
CPREPL495,1=2
CPCARR495,1=FP64KXK
MOP495,1=10
MOP_ADDX495,1=20
ROP495,1=1
PM495,1=3000
PA495,1=40.00
TRKMED495,1=1
SLSTOT495=40.00
TYP496=2
DATI496=20200124121027
STATION_NR496=6111
SHF496=2727
ACC_REP_NR496=1177
OPID496=5
REF496=1179120165
SEQ496=1179120274982
SAFTDATI496=20200124121027
LCUR496=10
PAN496=475714*******824
MERCH_ID496,1=A
MERCH_NAME496,1=Discovery Filling Station Ltd
MERCH_RECEIPT_SEQ_NR496,1=611100993135
PMP496,1=5
PUMP_MODE496,1=1,1,1
NOZZLE496,1=1
NDATI496,1=20200124120913
START_DATE496,1=20200124120804
PRI496,1=1.249
BASEPRI496,1=1.249
QTY496,1=32.03
QTYUNIT496,1=2
GAMT496,1=40.01
AMT496,1=40.01
UGAMT496,1=40.01
UAMT496,1=40.01
PLU496,1=6
NAM496,1=FuelSave Unl
GRP496,1=59
CRD496,1=325
EXTREF496,1=FuelSave Unl
ART_MERCH_ID496,1=A
EXC496,1=40.01
INC496,1=40.01
NQUA_CHANGEABLE496,1=1062242.53
CPPAN496,1=475714*******824
MOP496,1=6
MOP_ADDX496,1=50
MOP_ADDY496,1=12
ROP496,1=1
PM496,1=949
PSUB496,1=12
PA496,1=40.01
SLSTOT496=40.01
TYP497=2
DATI497=20200124121054
STATION_NR497=6111
SHF497=2727
ACC_REP_NR497=1177
OPID497=5
REF497=1179120166
SEQ497=1179120274983
SAFTDATI497=20200124121054
LCUR497=10
PAN497=476361*******351
MERCH_ID497,1=A
MERCH_NAME497,1=Discovery Filling Station Ltd
MERCH_RECEIPT_SEQ_NR497,1=611100993136
PMP497,1=3
PUMP_MODE497,1=1,1,1
NOZZLE497,1=3
NDATI497,1=20200124120952
START_DATE497,1=20200124120814
PRI497,1=1.299
BASEPRI497,1=1.299
QTY497,1=46.19
QTYUNIT497,1=2
GAMT497,1=60.00
AMT497,1=60.00
UGAMT497,1=60.00
UAMT497,1=60.00
PLU497,1=3
NAM497,1=FuelSave Dsl
GRP497,1=59
CRD497,1=425
EXTREF497,1=FuelSave Dsl
ART_MERCH_ID497,1=A
EXC497,1=60.00
INC497,1=60.00
NQUA_CHANGEABLE497,1=1277230.49
CPPAN497,1=476361*******351
MOP497,1=6
MOP_ADDX497,1=50
MOP_ADDY497,1=12
ROP497,1=1
PM497,1=949
PSUB497,1=12
PA497,1=60.00
SLSTOT497=60.00
TYP498=2
DATI498=20200124121107
STATION_NR498=6111
SHF498=4614
ACC_REP_NR498=1177
OPID498=8
REF498=1179110261
SEQ498=1179110738181
SAFTDATI498=20200124121107
LCUR498=10
PAN498=476223*******042
MERCH_ID498,1=A
MERCH_NAME498,1=Discovery Filling Station Ltd
MERCH_RECEIPT_SEQ_NR498,1=611100993137
PMP498,1=2
PUMP_MODE498,1=1,1,1
NOZZLE498,1=2
NDATI498,1=20200124120956
START_DATE498,1=20200124120909
PRI498,1=1.299
BASEPRI498,1=1.299
QTY498,1=15.40
QTYUNIT498,1=2
GAMT498,1=20.00
AMT498,1=20.00
UGAMT498,1=20.00
UAMT498,1=20.00
PLU498,1=3
NAM498,1=FuelSave Dsl
GRP498,1=59
CRD498,1=425
EXTREF498,1=FuelSave Dsl
ART_MERCH_ID498,1=A
EXC498,1=20.00
INC498,1=20.00
NQUA_CHANGEABLE498,1=1555181.97
PRI498,2=8.70
UPR498,2=8.70
QTY498,2=1.00
QTYUNIT498,2=1
GAMT498,2=8.70
AMT498,2=8.70
UGAMT498,2=8.70
UAMT498,2=8.70
PLU498,2=5000431026902
NAM498,2=PLAYERS KS 20S
GRP498,2=TOBACCO
CRD498,2=4019
ART_MERCH_ID498,2=A
PRC498,2=20.00
VAMT498,2=1.45
EXC498,2=7.25
INC498,2=8.70
CPPAN498,1=476223*******042
MOP498,1=6
MOP_ADDX498,1=50
MOP_ADDY498,1=12
ROP498,1=1
PM498,1=949
PSUB498,1=12
PA498,1=28.70
SLSTOT498=28.70
TYP499=21
SPEC_TYPE499=13
DATI499=20200124121125
STATION_NR499=6111
SHF499=2727
OPID499=5
SPEC_ADDD499=Open cash drawer
TYP500=2
DATI500=20200124121139
STATION_NR500=6111
SHF500=2727
ACC_REP_NR500=1177
OPID500=5
REF500=1179120167
SEQ500=1179120274984
SAFTDATI500=20200124121139
LCUR500=10
REPL500=2
MERCH_ID500,1=A
MERCH_NAME500,1=Discovery Filling Station Ltd
MERCH_RECEIPT_SEQ_NR500,1=611100993138
PRI500,1=1.95
UPR500,1=1.95
QTY500,1=1.00
QTYUNIT500,1=1
GAMT500,1=1.95
AMT500,1=1.95
UGAMT500,1=1.95
UAMT500,1=1.95
PLU500,1=5055109220366
NAM500,1=CLARKS BROWN ROLL 1.
GRP500,1=SANDWICHES
CRD500,1=6000
ART_MERCH_ID500,1=A
EXC500,1=1.95
INC500,1=1.95
PRI500,2=0.89
UPR500,2=0.89
QTY500,2=1.00
QTYUNIT500,2=1
GAMT500,2=0.89
AMT500,2=0.89
UGAMT500,2=0.89
UAMT500,2=0.89
PLU500,2=5000328531007
NAM500,2=WALK MON MUNCH P/ONI
GRP500,2=CRISPS
CRD500,2=3219
ART_MERCH_ID500,2=A
PRC500,2=20.00
VAMT500,2=0.15
EXC500,2=0.74
INC500,2=0.89
MOP500,1=1
MOP_ADDX500,1=10
ROP500,1=1
PM500,1=110
PA500,1=5.00
MOP500,2=1
MOP_ADDX500,2=10
ROP500,2=2
PM500,2=5110
PA500,2=-2.16
SLSTOT500=2.84
TYP501=2
DATI501=20200124121136
STATION_NR501=6111
SHF501=4614
ACC_REP_NR501=1177
OPID501=8
REF501=1179110262
SEQ501=1179110738182
SAFTDATI501=20200124121136
LCUR501=10
PAN501=535522*******112
MERCH_ID501,1=A
MERCH_NAME501,1=Discovery Filling Station Ltd
MERCH_RECEIPT_SEQ_NR501,1=611100993139
PRI501,1=0.89
UPR501,1=0.89
QTY501,1=1.00
QTYUNIT501,1=1
GAMT501,1=0.89
AMT501,1=0.89
UGAMT501,1=0.89
UAMT501,1=0.89
PLU501,1=5000328531007
NAM501,1=WALK MON MUNCH P/ONI
GRP501,1=CRISPS
CRD501,1=3219
ART_MERCH_ID501,1=A
PRC501,1=20.00
VAMT501,1=0.15
EXC501,1=0.74
INC501,1=0.89
PRI501,2=2.75
UPR501,2=2.75
QTY501,2=1.00
QTYUNIT501,2=1
GAMT501,2=2.75
AMT501,2=2.75
UGAMT501,2=2.75
UAMT501,2=2.75
PLU501,2=5055109220038
NAM501,2=CLARKS FRENCH DEMI B
GRP501,2=SANDWICHES
CRD501,2=6000
ART_MERCH_ID501,2=A
EXC501,2=2.75
INC501,2=2.75
CPPAN501,1=535522*******112
MOP501,1=6
MOP_ADDX501,1=50
MOP_ADDY501,1=14
ROP501,1=1
PM501,1=949
PSUB501,1=14
PA501,1=3.64
SLSTOT501=3.64
TYP502=21
SPEC_TYPE502=13
DATI502=20200124121233
STATION_NR502=6111
SHF502=2727
OPID502=5
SPEC_ADDD502=Open cash drawer
TYP503=2
DATI503=20200124121408
STATION_NR503=6111
SHF503=2727
ACC_REP_NR503=1177
OPID503=5
REF503=1179120168
SEQ503=1179120274985
SAFTDATI503=20200124121408
LCUR503=10
PAN503=476223*******514
MERCH_ID503,1=A
MERCH_NAME503,1=Discovery Filling Station Ltd
MERCH_RECEIPT_SEQ_NR503,1=611100993140
PRI503,1=2.70
UPR503,1=2.70
QTY503,1=1.00
QTYUNIT503,1=1
GAMT503,1=2.70
AMT503,1=2.70
UGAMT503,1=2.70
UAMT503,1=2.70
PLU503,1=1009
NAM503,1=LARGE 16OZ HOT DRINK
GRP503,1=DRINKS PROMO
CRD503,1=6000
ART_MERCH_ID503,1=A
PRC503,1=20.00
VAMT503,1=0.45
EXC503,1=2.25
INC503,1=2.70
PRI503,2=11.00
UPR503,2=11.00
QTY503,2=1.00
QTYUNIT503,2=1
GAMT503,2=11.00
AMT503,2=11.00
UGAMT503,2=11.00
UAMT503,2=11.00
PLU503,2=5000431029477
NAM503,2=RIVERSTONE R
GRP503,2=TOBACCO
CRD503,2=4019
ART_MERCH_ID503,2=A
PRC503,2=20.00
VAMT503,2=1.83
EXC503,2=9.17
INC503,2=11.00
CPPAN503,1=476223*******514
MOP503,1=6
MOP_ADDX503,1=50
MOP_ADDY503,1=12
ROP503,1=1
PM503,1=949
PSUB503,1=12
PA503,1=13.70
SLSTOT503=13.70
TYP504=2
DATI504=20200124121434
STATION_NR504=6111
SHF504=2727
ACC_REP_NR504=1177
OPID504=5
REF504=1179120169
SEQ504=1179120274986
SAFTDATI504=20200124121434
LCUR504=10
REPL504=2
MERCH_ID504,1=A
MERCH_NAME504,1=Discovery Filling Station Ltd
MERCH_RECEIPT_SEQ_NR504,1=611100993141
PRI504,1=1.89
UPR504,1=1.89
QTY504,1=1.00
QTYUNIT504,1=1
GAMT504,1=1.89
AMT504,1=1.89
UGAMT504,1=1.89
UAMT504,1=1.89
PLU504,1=5055109220328
NAM504,1=CLARKS WHITE ROLL 1.
GRP504,1=SANDWICHES
CRD504,1=6000
ART_MERCH_ID504,1=A
EXC504,1=1.89
INC504,1=1.89
PRI504,2=1.95
UPR504,2=1.95
QTY504,2=1.00
QTYUNIT504,2=1
GAMT504,2=1.95
AMT504,2=1.95
UGAMT504,2=1.95
UAMT504,2=1.95
PLU504,2=5055109220373
NAM504,2=CLARKS BROWN ROLL 1.
GRP504,2=SANDWICHES
CRD504,2=6000
ART_MERCH_ID504,2=A
EXC504,2=1.95
INC504,2=1.95
PRI504,3=1.50
UPR504,3=1.50
QTY504,3=1.00
QTYUNIT504,3=1
GAMT504,3=1.50
AMT504,3=1.50
UGAMT504,3=1.50
UAMT504,3=1.50
PLU504,3=54491472
NAM504,3=COCA-COLA 500ML
GRP504,3=DRINKS
CRD504,3=3119
ART_MERCH_ID504,3=A
PRC504,3=20.00
VAMT504,3=0.25
EXC504,3=1.25
INC504,3=1.50
PRI504,4=1.05
UPR504,4=1.05
QTY504,4=1.00
QTYUNIT504,4=1
GAMT504,4=1.05
AMT504,4=1.05
UGAMT504,4=1.05
UAMT504,4=1.05
PLU504,4=490506
NAM504,4=CLARKS JAM PASTRY
GRP504,4=GROCERY ZERO
CRD504,4=3100
ART_MERCH_ID504,4=A
EXC504,4=1.05
INC504,4=1.05
MOP504,1=1
MOP_ADDX504,1=10
ROP504,1=1
PM504,1=110
PA504,1=6.39
SLSTOT504=6.39
TYP505=21
SPEC_TYPE505=14
DATI505=20200124121618
STATION_NR505=6111
SHF505=2727
OPID505=5
LREF505=1179120170
SPEC_ID505=1003
SPEC_NAME505=PAYPOINT
SPEC_ITYP505=1
SPEC_QUA505=1.00
SPEC_PRI505=10.00
SPEC_AMT505=10.00
TYP506=21
SPEC_TYPE506=14
DATI506=20200124121622
STATION_NR506=6111
SHF506=2727
OPID506=5
LREF506=1179120170
SPEC_ID506=1003
SPEC_NAME506=PAYPOINT
SPEC_ITYP506=1
SPEC_QUA506=1.00
SPEC_PRI506=10.00
SPEC_AMT506=10.00
TYP507=2
DATI507=20200124121623
STATION_NR507=6111
SHF507=2727
ACC_REP_NR507=1177
OPID507=5
REF507=1179120170
SEQ507=1179120274987
SAFTDATI507=20200124121623
LCUR507=10
REPL507=2
MERCH_ID507,1=A
MERCH_NAME507,1=Discovery Filling Station Ltd
MERCH_RECEIPT_SEQ_NR507,1=611100993142
PRI507,1=10.00
UPR507,1=10.00
QTY507,1=1.00
QTYUNIT507,1=1
GAMT507,1=10.00
AMT507,1=10.00
UGAMT507,1=10.00
UAMT507,1=10.00
PLU507,1=1003
NAM507,1=PAYPOINT
GRP507,1=STAMPS & PHONE
CRD507,1=9019
ART_MERCH_ID507,1=A
EXC507,1=10.00
INC507,1=10.00
PRI507,2=10.00
UPR507,2=10.00
QTY507,2=1.00
QTYUNIT507,2=1
GAMT507,2=10.00
AMT507,2=10.00
UGAMT507,2=10.00
UAMT507,2=10.00
PLU507,2=1003
NAM507,2=PAYPOINT
GRP507,2=STAMPS & PHONE
CRD507,2=9019
ART_MERCH_ID507,2=A
EXC507,2=10.00
INC507,2=10.00
MOP507,1=1
MOP_ADDX507,1=10
ROP507,1=1
PM507,1=110
PA507,1=20.00
SLSTOT507=20.00
TYP508=2
DATI508=20200124121636
STATION_NR508=6111
SHF508=2727
ACC_REP_NR508=1177
OPID508=5
REF508=1179120171
SEQ508=1179120274988
SAFTDATI508=20200124121636
LCUR508=10
REPL508=2
MERCH_ID508,1=A
MERCH_NAME508,1=Discovery Filling Station Ltd
MERCH_RECEIPT_SEQ_NR508,1=611100993143
PRI508,1=9.30
UPR508,1=9.30
QTY508,1=1.00
QTYUNIT508,1=1
GAMT508,1=9.30
AMT508,1=9.30
UGAMT508,1=9.30
UAMT508,1=9.30
PLU508,1=5060592002634
NAM508,1=MARLBORO TOUCH
GRP508,1=TOBACCO
CRD508,1=4019
ART_MERCH_ID508,1=A
PRC508,1=20.00
VAMT508,1=1.55
EXC508,1=7.75
INC508,1=9.30
PRI508,2=9.30
UPR508,2=9.30
QTY508,2=1.00
QTYUNIT508,2=1
GAMT508,2=9.30
AMT508,2=9.30
UGAMT508,2=9.30
UAMT508,2=9.30
PLU508,2=5060592002634
NAM508,2=MARLBORO TOUCH
GRP508,2=TOBACCO
CRD508,2=4019
ART_MERCH_ID508,2=A
PRC508,2=20.00
VAMT508,2=1.55
EXC508,2=7.75
INC508,2=9.30
MOP508,1=1
MOP_ADDX508,1=10
ROP508,1=1
PM508,1=110
PA508,1=18.60
SLSTOT508=18.60
TYP509=2
DATI509=20200124121706
STATION_NR509=6111
SHF509=2727
ACC_REP_NR509=1177
OPID509=5
REF509=1179120172
SEQ509=1179120274989
SAFTDATI509=20200124121706
LCUR509=10
REPL509=2
MERCH_ID509,1=A
MERCH_NAME509,1=Discovery Filling Station Ltd
MERCH_RECEIPT_SEQ_NR509,1=611100993144
PRI509,1=0.90
UPR509,1=0.90
QTY509,1=1.00
QTYUNIT509,1=1
GAMT509,1=0.90
AMT509,1=0.90
UGAMT509,1=0.90
UAMT509,1=0.90
PLU509,1=8938506311516
NAM509,1=EXIS LIGHTER
GRP509,1=TOBACCO SUNDRIE
CRD509,1=4019
ART_MERCH_ID509,1=A
PRC509,1=20.00
VAMT509,1=0.15
EXC509,1=0.75
INC509,1=0.90
MOP509,1=1
MOP_ADDX509,1=10
ROP509,1=1
PM509,1=110
PA509,1=0.90
SLSTOT509=0.90
TYP510=2
DATI510=20200124121705
STATION_NR510=6111
SHF510=4614
ACC_REP_NR510=1177
OPID510=8
REF510=1179110263
SEQ510=1179110738183
SAFTDATI510=20200124121705
LCUR510=10
PAN510=446277*******760
MERCH_ID510,1=A
MERCH_NAME510,1=Discovery Filling Station Ltd
MERCH_RECEIPT_SEQ_NR510,1=611100993145
PRI510,1=6.69
UPR510,1=6.69
QTY510,1=1.00
QTYUNIT510,1=1
GAMT510,1=6.69
AMT510,1=6.69
UGAMT510,1=6.69
UAMT510,1=6.69
PLU510,1=5010373893685
NAM510,1=TETRA CAN RED
GRP510,1=CAR CARE
CRD510,1=2119
ART_MERCH_ID510,1=A
PRC510,1=20.00
VAMT510,1=1.11
EXC510,1=5.58
INC510,1=6.69
CPPAN510,1=446277*******760
MOP510,1=6
MOP_ADDX510,1=50
MOP_ADDY510,1=12
ROP510,1=1
PM510,1=949
PSUB510,1=12
PA510,1=6.69
SLSTOT510=6.69
TYP511=2
DATI511=20200124121711
STATION_NR511=6111
SHF511=2727
ACC_REP_NR511=1177
OPID511=5
REF511=1179120173
SEQ511=1179120274990
SAFTDATI511=20200124121711
LCUR511=10
PAN511=700205*******884798
MERCH_ID511,1=A
MERCH_NAME511,1=Discovery Filling Station Ltd
MERCH_RECEIPT_SEQ_NR511,1=611100993146
PMP511,1=6
PUMP_MODE511,1=1,1,1
NOZZLE511,1=2
NDATI511,1=20200124121612
START_DATE511,1=20200124121328
PRI511,1=1.299
BASEPRI511,1=1.299
QTY511,1=66.98
QTYUNIT511,1=2
GAMT511,1=87.01
AMT511,1=87.01
UGAMT511,1=87.01
UAMT511,1=87.01
PLU511,1=3
NAM511,1=FuelSave Dsl
GRP511,1=59
CRD511,1=425
EXTREF511,1=FuelSave Dsl
ART_MERCH_ID511,1=A
EXC511,1=87.01
INC511,1=87.01
NQUA_CHANGEABLE511,1=1186778.37
CPPAN511,1=700205*******884798
MOP511,1=6
MOP_ADDX511,1=50
MOP_ADDY511,1=1
ROP511,1=1
PM511,1=949
PSUB511,1=1
PA511,1=87.01
SLSTOT511=87.01
TYP512=2
DATI512=20200124121737
STATION_NR512=6111
SHF512=4614
ACC_REP_NR512=1177
OPID512=8
REF512=1179110264
SEQ512=1179110738184
SAFTDATI512=20200124121737
LCUR512=10
PAN512=700205*******001105
MERCH_ID512,1=A
MERCH_NAME512,1=Discovery Filling Station Ltd
MERCH_RECEIPT_SEQ_NR512,1=611100993147
PMP512,1=4
PUMP_MODE512,1=1,1,1
NOZZLE512,1=1
NDATI512,1=20200124121716
START_DATE512,1=20200124121637
PRI512,1=1.249
BASEPRI512,1=1.249
QTY512,1=12.01
QTYUNIT512,1=2
GAMT512,1=15.00
AMT512,1=15.00
UGAMT512,1=15.00
UAMT512,1=15.00
PLU512,1=6
NAM512,1=FuelSave Unl
GRP512,1=59
CRD512,1=325
EXTREF512,1=FuelSave Unl
ART_MERCH_ID512,1=A
EXC512,1=15.00
INC512,1=15.00
NQUA_CHANGEABLE512,1=708370.28
CPPAN512,1=700205*******001105
MOP512,1=6
MOP_ADDX512,1=50
MOP_ADDY512,1=1
ROP512,1=1
PM512,1=949
PSUB512,1=1
PA512,1=15.00
SLSTOT512=15.00
TYP513=2
DATI513=20200124121858
STATION_NR513=6111
SHF513=2727
ACC_REP_NR513=1177
OPID513=5
REF513=1179120174
SEQ513=1179120274991
SAFTDATI513=20200124121858
LCUR513=10
PAN513=446277*******760
MERCH_ID513,1=A
MERCH_NAME513,1=Discovery Filling Station Ltd
MERCH_RECEIPT_SEQ_NR513,1=611100993148
PMP513,1=2
PUMP_MODE513,1=1,1,1
NOZZLE513,1=1
NDATI513,1=20200124121804
START_DATE513,1=20200124121740
PRI513,1=1.249
BASEPRI513,1=1.249
QTY513,1=5.00
QTYUNIT513,1=2
GAMT513,1=6.25
AMT513,1=6.25
UGAMT513,1=6.25
UAMT513,1=6.25
PLU513,1=6
NAM513,1=FuelSave Unl
GRP513,1=59
CRD513,1=325
EXTREF513,1=FuelSave Unl
ART_MERCH_ID513,1=A
EXC513,1=6.25
INC513,1=6.25
NQUA_CHANGEABLE513,1=570801.37
CPPAN513,1=446277*******760
MOP513,1=6
MOP_ADDX513,1=50
MOP_ADDY513,1=12
ROP513,1=1
PM513,1=949
PSUB513,1=12
PA513,1=6.25
SLSTOT513=6.25
TYP514=21
SPEC_TYPE514=6
DATI514=20200124121926
STATION_NR514=6111
SHF514=2727
OPID514=5
REF514=1179120175
SPEC_ID514=6
SPEC_NAME514=FuelSave Unl
SPEC_QUA514=47.24
SPEC_PRI514=1.249
SPEC_AMT514=59.00
SPEC_ADDD514=4
TYP515=2
DATI515=20200124121937
STATION_NR515=6111
SHF515=2727
ACC_REP_NR515=1177
OPID515=5
REF515=1179120176
SEQ515=1179120274992
SAFTDATI515=20200124121937
LCUR515=10
PAN515=446271*******624
MERCH_ID515,1=A
MERCH_NAME515,1=Discovery Filling Station Ltd
MERCH_RECEIPT_SEQ_NR515,1=611100993149
PMP515,1=5
PUMP_MODE515,1=1,1,1
NOZZLE515,1=1
NDATI515,1=20200124121839
START_DATE515,1=20200124121726
PRI515,1=1.249
BASEPRI515,1=1.249
QTY515,1=37.65
QTYUNIT515,1=2
GAMT515,1=47.02
AMT515,1=47.02
UGAMT515,1=47.02
UAMT515,1=47.02
PLU515,1=6
NAM515,1=FuelSave Unl
GRP515,1=59
CRD515,1=325
EXTREF515,1=FuelSave Unl
ART_MERCH_ID515,1=A
EXC515,1=47.02
INC515,1=47.02
NQUA_CHANGEABLE515,1=1062280.18
CPPAN515,1=446271*******624
MOP515,1=6
MOP_ADDX515,1=50
MOP_ADDY515,1=12
ROP515,1=1
PM515,1=949
PSUB515,1=12
PA515,1=47.02
SLSTOT515=47.02
TYP516=2
DATI516=20200124122033
STATION_NR516=6111
ACC_REP_NR516=1177
REF516=1179520010
SEQ516=1179520008622
SAFTDATI516=20200124122033
LCUR516=10
PAN516=476223******7322
HOSTTYPE516=12
HOSTBOOKPER516=1179
AUTH516=024195
CAIC516=044026111
ONLINERC516=000
STAN516=058556
REPL516=2
MERCH_ID516,1=A
MERCH_NAME516,1=Discovery Filling Station Ltd
PMP516,1=6
PUMP_MODE516,1=1,3,2
NOZZLE516,1=1
NDATI516,1=20200124122033
START_DATE516,1=20200124121957
PRI516,1=1.249
BASEPRI516,1=1.249
QTY516,1=8.00
QTYUNIT516,1=2
GAMT516,1=10.00
AMT516,1=10.00
UGAMT516,1=10.00
UAMT516,1=10.00
PLU516,1=6
NAM516,1=FuelSave Unl
GRP516,1=59
CRD516,1=325
EXTREF516,1=FuelSave Unl
ART_MERCH_ID516,1=A
EXC516,1=10.00
INC516,1=10.00
NQUA_CHANGEABLE516,1=369541.58
CPPAN516,1=476223******7322
CPREPL516,1=2
CPHOSTTYPE516,1=12
CPHOSTBKPER516,1=1179
CPAUTH516,1=024195
CPCAIC516,1=044026111
CPONLINERC516,1=000
CPSTAN516,1=058556
MOP516,1=4
MOP_ADDX516,1=2
MOP_ADDY516,1=2
ROP516,1=1
PM516,1=701
PSUB516,1=2
PA516,1=10.00
TRKMED516,1=5
SLSTOT516=10.00
TYP517=2
DATI517=20200124122056
STATION_NR517=6111
SHF517=2727
ACC_REP_NR517=1177
OPID517=5
REF517=1179120177
SEQ517=1179120274993
SAFTDATI517=20200124122056
LCUR517=10
PAN517=700205*******001170
MERCH_ID517,1=A
MERCH_NAME517,1=Discovery Filling Station Ltd
MERCH_RECEIPT_SEQ_NR517,1=611100993150
PMP517,1=1
PUMP_MODE517,1=1,1,1
NOZZLE517,1=2
NDATI517,1=20200124122026
START_DATE517,1=20200124121934
PRI517,1=1.299
BASEPRI517,1=1.299
QTY517,1=15.40
QTYUNIT517,1=2
GAMT517,1=20.00
AMT517,1=20.00
UGAMT517,1=20.00
UAMT517,1=20.00
PLU517,1=3
NAM517,1=FuelSave Dsl
GRP517,1=59
CRD517,1=425
EXTREF517,1=FuelSave Dsl
ART_MERCH_ID517,1=A
EXC517,1=20.00
INC517,1=20.00
NQUA_CHANGEABLE517,1=825740.50
CPPAN517,1=700205*******001170
MOP517,1=6
MOP_ADDX517,1=50
MOP_ADDY517,1=1
ROP517,1=1
PM517,1=949
PSUB517,1=1
PA517,1=20.00
SLSTOT517=20.00
TYP518=21
SPEC_TYPE518=6
DATI518=20200124122315
STATION_NR518=6111
SHF518=4614
OPID518=8
REF518=1179110265
SPEC_ID518=6
SPEC_NAME518=FuelSave Unl
SPEC_QUA518=47.24
SPEC_PRI518=1.249
SPEC_AMT518=59.00
SPEC_ADDD518=4
TYP519=21
SPEC_TYPE519=6
DATI519=20200124122315
STATION_NR519=6111
SHF519=4614
OPID519=8
LREF519=1179110265
SPEC_ID519=6
SPEC_NAME519=FuelSave Unl
SPEC_QUA519=12.01
SPEC_PRI519=1.249
SPEC_AMT519=15.00
SPEC_ADDD519=5
TYP520=2
DATI520=20200124122319
STATION_NR520=6111
SHF520=2727
ACC_REP_NR520=1177
OPID520=5
REF520=1179120178
SEQ520=1179120274994
SAFTDATI520=20200124122319
LCUR520=10
PAN520=476223*******322
MERCH_ID520,1=A
MERCH_NAME520,1=Discovery Filling Station Ltd
MERCH_RECEIPT_SEQ_NR520,1=611100993151
PRI520,1=2.00
UPR520,1=2.00
QTY520,1=1.00
QTYUNIT520,1=1
GAMT520,1=2.00
AMT520,1=2.00
UGAMT520,1=2.00
UAMT520,1=2.00
PLU520,1=7622210677891
NAM520,1=CAD EGG/SPOON D/CHOC
GRP520,1=CONFECTIONERY
CRD520,1=3119
ART_MERCH_ID520,1=A
PRC520,1=20.00
VAMT520,1=0.33
EXC520,1=1.67
INC520,1=2.00
PRI520,2=0.65
UPR520,2=0.65
QTY520,2=1.00
QTYUNIT520,2=1
GAMT520,2=0.65
AMT520,2=0.65
UGAMT520,2=0.65
UAMT520,2=0.65
PLU520,2=42212379
NAM520,2=SPEARMINT WRIGLEYS10
GRP520,2=CONFECTIONERY
CRD520,2=3119
ART_MERCH_ID520,2=A
PRC520,2=20.00
VAMT520,2=0.11
EXC520,2=0.54
INC520,2=0.65
PRI520,3=1.98
UPR520,3=1.98
QTY520,3=2.00
QTYUNIT520,3=1
GAMT520,3=3.96
AMT520,3=3.96
UGAMT520,3=3.96
UAMT520,3=3.96
PLU520,3=492141
NAM520,3=STEAK & GRAVY
GRP520,3=HOT FOOD
CRD520,3=3119
ART_MERCH_ID520,3=A
PRC520,3=20.00
VAMT520,3=0.66
EXC520,3=3.30
INC520,3=3.96
PRI520,4=1.56
UPR520,4=1.56
QTY520,4=1.00
QTYUNIT520,4=1
GAMT520,4=1.56
AMT520,4=1.56
UGAMT520,4=1.56
UAMT520,4=1.56
PLU520,4=492134
NAM520,4=SCOTCH PIE
GRP520,4=HOT FOOD
CRD520,4=3119
ART_MERCH_ID520,4=A
PRC520,4=20.00
VAMT520,4=0.26
EXC520,4=1.30
INC520,4=1.56
CPPAN520,1=476223*******322
MOP520,1=6
MOP_ADDX520,1=50
MOP_ADDY520,1=12
ROP520,1=1
PM520,1=949
PSUB520,1=12
PA520,1=8.17
SLSTOT520=8.17
TYP521=2
DATI521=20200124122342
STATION_NR521=6111
SHF521=2727
ACC_REP_NR521=1177
OPID521=5
REF521=1179120179
SEQ521=1179120274995
SAFTDATI521=20200124122342
LCUR521=10
REPL521=2
MERCH_ID521,1=A
MERCH_NAME521,1=Discovery Filling Station Ltd
MERCH_RECEIPT_SEQ_NR521,1=611100993152
PMP521,1=2
PUMP_MODE521,1=1,1,1
NOZZLE521,1=2
NDATI521,1=20200124122224
START_DATE521,1=20200124122202
PRI521,1=1.299
BASEPRI521,1=1.299
QTY521,1=3.84
QTYUNIT521,1=2
GAMT521,1=4.99
AMT521,1=4.99
UGAMT521,1=4.99
UAMT521,1=4.99
PLU521,1=3
NAM521,1=FuelSave Dsl
GRP521,1=59
CRD521,1=425
EXTREF521,1=FuelSave Dsl
ART_MERCH_ID521,1=A
EXC521,1=4.99
INC521,1=4.99
NQUA_CHANGEABLE521,1=1555185.81
MOP521,1=1
MOP_ADDX521,1=10
ROP521,1=1
PM521,1=110
PA521,1=4.99
SLSTOT521=4.99
TYP522=2
DATI522=20200124122324
STATION_NR522=6111
SHF522=4614
ACC_REP_NR522=1177
OPID522=8
REF522=1179110266
SEQ522=1179110738185
SAFTDATI522=20200124122324
LCUR522=10
PAN522=518652*******392
MERCH_ID522,1=A
MERCH_NAME522,1=Discovery Filling Station Ltd
MERCH_RECEIPT_SEQ_NR522,1=611100993153
PMP522,1=3
PUMP_MODE522,1=1,1,1
NOZZLE522,1=3
NDATI522,1=20200124122208
START_DATE522,1=20200124122114
PRI522,1=1.299
BASEPRI522,1=1.299
QTY522,1=23.13
QTYUNIT522,1=2
GAMT522,1=30.05
AMT522,1=30.05
UGAMT522,1=30.05
UAMT522,1=30.05
PLU522,1=3
NAM522,1=FuelSave Dsl
GRP522,1=59
CRD522,1=425
EXTREF522,1=FuelSave Dsl
ART_MERCH_ID522,1=A
EXC522,1=30.05
INC522,1=30.05
NQUA_CHANGEABLE522,1=1277253.62
CPPAN522,1=518652*******392
MOP522,1=6
MOP_ADDX522,1=50
MOP_ADDY522,1=15
ROP522,1=1
PM522,1=949
PSUB522,1=15
PA522,1=30.05
SLSTOT522=30.05
TYP523=2
DATI523=20200124122349
STATION_NR523=6111
SHF523=2727
ACC_REP_NR523=1177
OPID523=5
REF523=1179120180
SEQ523=1179120274996
SAFTDATI523=20200124122349
LCUR523=10
PAN523=700205*******001097
MERCH_ID523,1=A
MERCH_NAME523,1=Discovery Filling Station Ltd
MERCH_RECEIPT_SEQ_NR523,1=611100993154
PMP523,1=5
PUMP_MODE523,1=1,1,1
NOZZLE523,1=1
NDATI523,1=20200124122229
START_DATE523,1=20200124122152
PRI523,1=1.249
BASEPRI523,1=1.249
QTY523,1=12.01
QTYUNIT523,1=2
GAMT523,1=15.00
AMT523,1=15.00
UGAMT523,1=15.00
UAMT523,1=15.00
PLU523,1=6
NAM523,1=FuelSave Unl
GRP523,1=59
CRD523,1=325
EXTREF523,1=FuelSave Unl
ART_MERCH_ID523,1=A
EXC523,1=15.00
INC523,1=15.00
NQUA_CHANGEABLE523,1=1062292.19
CPPAN523,1=700205*******001097
MOP523,1=6
MOP_ADDX523,1=50
MOP_ADDY523,1=1
ROP523,1=1
PM523,1=949
PSUB523,1=1
PA523,1=15.00
SLSTOT523=15.00
TYP524=2
DATI524=20200124122436
STATION_NR524=6111
SHF524=2727
ACC_REP_NR524=1177
OPID524=5
REF524=1179120181
SEQ524=1179120274997
SAFTDATI524=20200124122436
LCUR524=10
PAN524=700205*******001113
MERCH_ID524,1=A
MERCH_NAME524,1=Discovery Filling Station Ltd
MERCH_RECEIPT_SEQ_NR524,1=611100993155
PMP524,1=1
PUMP_MODE524,1=1,1,1
NOZZLE524,1=1
NDATI524,1=20200124122413
START_DATE524,1=20200124122350
PRI524,1=1.249
BASEPRI524,1=1.249
QTY524,1=5.21
QTYUNIT524,1=2
GAMT524,1=6.51
AMT524,1=6.51
UGAMT524,1=6.51
UAMT524,1=6.51
PLU524,1=6
NAM524,1=FuelSave Unl
GRP524,1=59
CRD524,1=325
EXTREF524,1=FuelSave Unl
ART_MERCH_ID524,1=A
EXC524,1=6.51
INC524,1=6.51
NQUA_CHANGEABLE524,1=662384.19
CPPAN524,1=700205*******001113
MOP524,1=6
MOP_ADDX524,1=50
MOP_ADDY524,1=1
ROP524,1=1
PM524,1=949
PSUB524,1=1
PA524,1=6.51
SLSTOT524=6.51
TYP525=21
SPEC_TYPE525=13
DATI525=20200124122548
STATION_NR525=6111
SHF525=2727
OPID525=5
SPEC_ADDD525=Open cash drawer
TYP526=2
DATI526=20200124122558
STATION_NR526=6111
SHF526=2727
ACC_REP_NR526=1177
OPID526=5
REF526=1179120182
SEQ526=1179120274998
SAFTDATI526=20200124122558
LCUR526=10
PAN526=475117*******797
MERCH_ID526,1=A
MERCH_NAME526,1=Discovery Filling Station Ltd
MERCH_RECEIPT_SEQ_NR526,1=611100993156
PMP526,1=4
PUMP_MODE526,1=1,1,1
NOZZLE526,1=3
NDATI526,1=20200124122519
START_DATE526,1=20200124122357
PRI526,1=1.299
BASEPRI526,1=1.299
QTY526,1=23.15
QTYUNIT526,1=2
GAMT526,1=30.07
AMT526,1=30.07
UGAMT526,1=30.07
UAMT526,1=30.07
PLU526,1=3
NAM526,1=FuelSave Dsl
GRP526,1=59
CRD526,1=425
EXTREF526,1=FuelSave Dsl
ART_MERCH_ID526,1=A
EXC526,1=30.07
INC526,1=30.07
NQUA_CHANGEABLE526,1=1502679.80
CPPAN526,1=475117*******797
MOP526,1=6
MOP_ADDX526,1=50
MOP_ADDY526,1=12
ROP526,1=1
PM526,1=949
PSUB526,1=12
PA526,1=30.07
SLSTOT526=30.07
TYP527=2
DATI527=20200124122623
STATION_NR527=6111
SHF527=2727
ACC_REP_NR527=1177
OPID527=5
REF527=1179120183
SEQ527=1179120274999
SAFTDATI527=20200124122623
LCUR527=10
PAN527=535522*******613
MERCH_ID527,1=A
MERCH_NAME527,1=Discovery Filling Station Ltd
MERCH_RECEIPT_SEQ_NR527,1=611100993157
PMP527,1=3
PUMP_MODE527,1=1,1,1
NOZZLE527,1=2
NDATI527,1=20200124122550
START_DATE527,1=20200124122510
PRI527,1=1.529
BASEPRI527,1=1.529
QTY527,1=13.09
QTYUNIT527,1=2
GAMT527,1=20.01
AMT527,1=20.01
UGAMT527,1=20.01
UAMT527,1=20.01
PLU527,1=8
NAM527,1=V Power Dsl
GRP527,1=59
CRD527,1=430
EXTREF527,1=V Power Dsl
ART_MERCH_ID527,1=A
EXC527,1=20.01
INC527,1=20.01
NQUA_CHANGEABLE527,1=177736.42
CPPAN527,1=535522*******613
MOP527,1=6
MOP_ADDX527,1=50
MOP_ADDY527,1=14
ROP527,1=1
PM527,1=949
PSUB527,1=14
PA527,1=20.01
SLSTOT527=20.01
TYP528=2
DATI528=20200124122705
STATION_NR528=6111
SHF528=2727
ACC_REP_NR528=1177
OPID528=5
REF528=1179120184
SEQ528=1179120275000
SAFTDATI528=20200124122705
LCUR528=10
PAN528=492915*******008
MERCH_ID528,1=A
MERCH_NAME528,1=Discovery Filling Station Ltd
MERCH_RECEIPT_SEQ_NR528,1=611100993158
PRI528,1=0.65
UPR528,1=0.65
QTY528,1=1.00
QTYUNIT528,1=1
GAMT528,1=0.65
AMT528,1=0.65
UGAMT528,1=0.65
UAMT528,1=0.65
PLU528,1=5000328142081
NAM528,1=WLKRS R/S
GRP528,1=CRISPS
CRD528,1=3219
ART_MERCH_ID528,1=A
PRC528,1=20.00
VAMT528,1=0.11
EXC528,1=0.54
INC528,1=0.65
PRI528,2=0.65
UPR528,2=0.65
QTY528,2=1.00
QTYUNIT528,2=1
GAMT528,2=0.65
AMT528,2=0.65
UGAMT528,2=0.65
UAMT528,2=0.65
PLU528,2=5000328142081
NAM528,2=WLKRS R/S
GRP528,2=CRISPS
CRD528,2=3219
ART_MERCH_ID528,2=A
PRC528,2=20.00
VAMT528,2=0.11
EXC528,2=0.54
INC528,2=0.65
PRI528,3=0.75
UPR528,3=0.75
QTY528,3=1.00
QTYUNIT528,3=1
GAMT528,3=0.75
AMT528,3=0.75
UGAMT528,3=0.75
UAMT528,3=0.75
PLU528,3=5900951020940
NAM528,3=MILKY WAY DUO
GRP528,3=CONFECTIONERY
CRD528,3=3119
ART_MERCH_ID528,3=A
PRC528,3=20.00
VAMT528,3=0.12
EXC528,3=0.63
INC528,3=0.75
PRI528,4=1.05
UPR528,4=1.05
QTY528,4=1.00
QTYUNIT528,4=1
GAMT528,4=1.05
AMT528,4=1.05
UGAMT528,4=1.05
UAMT528,4=1.05
PLU528,4=4011100038653
NAM528,4=BOUNTY TRIO 85G
GRP528,4=CONFECTIONERY
CRD528,4=3119
ART_MERCH_ID528,4=A
PRC528,4=20.00
VAMT528,4=0.17
EXC528,4=0.88
INC528,4=1.05
CPPAN528,1=492915*******008
MOP528,1=6
MOP_ADDX528,1=50
MOP_ADDY528,1=13
ROP528,1=1
PM528,1=949
PSUB528,1=13
PA528,1=3.10
SLSTOT528=3.10
TYP529=2
DATI529=20200124122730
STATION_NR529=6111
SHF529=2727
ACC_REP_NR529=1177
OPID529=5
REF529=1179120185
SEQ529=1179120275001
SAFTDATI529=20200124122730
LCUR529=10
PAN529=476223*******428
MERCH_ID529,1=A
MERCH_NAME529,1=Discovery Filling Station Ltd
MERCH_RECEIPT_SEQ_NR529,1=611100993159
PMP529,1=5
PUMP_MODE529,1=1,1,1
NOZZLE529,1=1
NDATI529,1=20200124122638
START_DATE529,1=20200124122537
PRI529,1=1.249
BASEPRI529,1=1.249
QTY529,1=8.01
QTYUNIT529,1=2
GAMT529,1=10.00
AMT529,1=10.00
UGAMT529,1=10.00
UAMT529,1=10.00
PLU529,1=6
NAM529,1=FuelSave Unl
GRP529,1=59
CRD529,1=325
EXTREF529,1=FuelSave Unl
ART_MERCH_ID529,1=A
EXC529,1=10.00
INC529,1=10.00
NQUA_CHANGEABLE529,1=1062300.20
CPPAN529,1=476223*******428
MOP529,1=6
MOP_ADDX529,1=50
MOP_ADDY529,1=12
ROP529,1=1
PM529,1=949
PSUB529,1=12
PA529,1=10.00
SLSTOT529=10.00
TYP530=2
DATI530=20200124122833
STATION_NR530=6111
SHF530=4614
ACC_REP_NR530=1177
OPID530=8
REF530=1179110267
SEQ530=1179110738186
SAFTDATI530=20200124122833
LCUR530=10
REPL530=2
MERCH_ID530,1=A
MERCH_NAME530,1=Discovery Filling Station Ltd
MERCH_RECEIPT_SEQ_NR530,1=611100993160
PRI530,1=0.35
UPR530,1=0.35
QTY530,1=1.00
QTYUNIT530,1=1
GAMT530,1=0.35
AMT530,1=0.28
UGAMT530,1=0.35
UAMT530,1=0.28
PLU530,1=5020379150651
NAM530,1=E/S ENERGY
GRP530,1=DRINKS
CRD530,1=3119
DSCT530,1=8
DNAM530,1=Discount on total
DSC530,1=0.07
ART_MERCH_ID530,1=A
PRC530,1=20.00
VAMT530,1=0.05
EXC530,1=0.23
INC530,1=0.28
MOP530,1=1
MOP_ADDX530,1=10
ROP530,1=1
PM530,1=110
PA530,1=0.28
SLSTOT530=0.28
TYP531=2
DATI531=20200124122937
STATION_NR531=6111
SHF531=2727
ACC_REP_NR531=1177
OPID531=5
REF531=1179120186
SEQ531=1179120275002
SAFTDATI531=20200124122937
LCUR531=10
PAN531=706650******630
MERCH_ID531,1=A
MERCH_NAME531,1=Discovery Filling Station Ltd
MERCH_RECEIPT_SEQ_NR531,1=611100993161
PMP531,1=4
PUMP_MODE531,1=1,1,1
NOZZLE531,1=1
NDATI531,1=20200124122908
START_DATE531,1=20200124122754
PRI531,1=1.249
BASEPRI531,1=1.249
QTY531,1=30.03
QTYUNIT531,1=2
GAMT531,1=37.51
AMT531,1=37.51
UGAMT531,1=37.51
UAMT531,1=37.51
PLU531,1=6
NAM531,1=FuelSave Unl
GRP531,1=59
CRD531,1=325
EXTREF531,1=FuelSave Unl
ART_MERCH_ID531,1=A
EXC531,1=37.51
INC531,1=37.51
NQUA_CHANGEABLE531,1=708400.31
CPPAN531,1=706650******630
MOP531,1=6
MOP_ADDX531,1=50
MOP_ADDY531,1=10
ROP531,1=1
PM531,1=949
PSUB531,1=10
PA531,1=37.51
SLSTOT531=37.51
TYP532=2
DATI532=20200124123025
STATION_NR532=6111
SHF532=2727
ACC_REP_NR532=1177
OPID532=5
REF532=1179120187
SEQ532=1179120275003
SAFTDATI532=20200124123025
LCUR532=10
REPL532=2
MERCH_ID532,1=A
MERCH_NAME532,1=Discovery Filling Station Ltd
MERCH_RECEIPT_SEQ_NR532,1=611100993162
PRI532,1=1.00
UPR532,1=1.00
QTY532,1=1.00
QTYUNIT532,1=1
GAMT532,1=1.00
AMT532,1=1.00
UGAMT532,1=1.00
UAMT532,1=1.00
PLU532,1=5000159519595
NAM532,1=GAL DKR MILK
GRP532,1=CONFECTIONERY
CRD532,1=3119
ART_MERCH_ID532,1=A
PRC532,1=20.00
VAMT532,1=0.17
EXC532,1=0.83
INC532,1=1.00
MOP532,1=1
MOP_ADDX532,1=10
ROP532,1=1
PM532,1=110
PA532,1=1.00
SLSTOT532=1.00
TYP533=2
DATI533=20200124123256
STATION_NR533=6111
SHF533=2727
ACC_REP_NR533=1177
OPID533=5
REF533=1179120188
SEQ533=1179120275004
SAFTDATI533=20200124123256
LCUR533=10
REPL533=2
MERCH_ID533,1=A
MERCH_NAME533,1=Discovery Filling Station Ltd
MERCH_RECEIPT_SEQ_NR533,1=611100993163
PMP533,1=3
PUMP_MODE533,1=1,1,1
NOZZLE533,1=1
NDATI533,1=20200124123215
START_DATE533,1=20200124123130
PRI533,1=1.249
BASEPRI533,1=1.249
QTY533,1=16.01
QTYUNIT533,1=2
GAMT533,1=20.00
AMT533,1=20.00
UGAMT533,1=20.00
UAMT533,1=20.00
PLU533,1=6
NAM533,1=FuelSave Unl
GRP533,1=59
CRD533,1=325
EXTREF533,1=FuelSave Unl
ART_MERCH_ID533,1=A
EXC533,1=20.00
INC533,1=20.00
NQUA_CHANGEABLE533,1=1194508.93
PRI533,2=1.05
UPR533,2=1.05
QTY533,2=1.00
QTYUNIT533,2=1
GAMT533,2=1.05
AMT533,2=1.05
UGAMT533,2=1.05
UAMT533,2=1.05
PLU533,2=5000159470490
NAM533,2=MARS DUO   2X 42.5G
GRP533,2=CONFECTIONERY
CRD533,2=3119
ART_MERCH_ID533,2=A
PRC533,2=20.00
VAMT533,2=0.17
EXC533,2=0.88
INC533,2=1.05
MOP533,1=1
MOP_ADDX533,1=10
ROP533,1=1
PM533,1=110
PA533,1=21.05
SLSTOT533=21.05
TYP534=21
SPEC_TYPE534=14
DATI534=20200124123341
STATION_NR534=6111
SHF534=2727
OPID534=5
LREF534=1179120189
SPEC_ID534=3000
SPEC_NAME534=MISC VAT
SPEC_ITYP534=1
SPEC_QUA534=1.00
SPEC_PRI534=1.00
SPEC_AMT534=1.00
TYP535=2
DATI535=20200124123345
STATION_NR535=6111
SHF535=2727
ACC_REP_NR535=1177
OPID535=5
REF535=1179120189
SEQ535=1179120275005
SAFTDATI535=20200124123345
LCUR535=10
REPL535=2
MERCH_ID535,1=A
MERCH_NAME535,1=Discovery Filling Station Ltd
MERCH_RECEIPT_SEQ_NR535,1=611100993164
PRI535,1=1.00
UPR535,1=1.00
QTY535,1=1.00
QTYUNIT535,1=1
GAMT535,1=1.00
AMT535,1=1.00
UGAMT535,1=1.00
UAMT535,1=1.00
PLU535,1=3000
NAM535,1=MISC VAT
GRP535,1=MISC VAT
CRD535,1=6019
ART_MERCH_ID535,1=A
PRC535,1=20.00
VAMT535,1=0.17
EXC535,1=0.83
INC535,1=1.00
MOP535,1=1
MOP_ADDX535,1=10
ROP535,1=1
PM535,1=110
PA535,1=1.00
SLSTOT535=1.00
TYP536=21
SPEC_TYPE536=14
DATI536=20200124123357
STATION_NR536=6111
SHF536=2727
OPID536=5
LREF536=1179120190
SPEC_ID536=3000
SPEC_NAME536=MISC VAT
SPEC_ITYP536=1
SPEC_QUA536=1.00
SPEC_PRI536=1.00
SPEC_AMT536=1.00
TYP537=2
DATI537=20200124123402
STATION_NR537=6111
SHF537=2727
ACC_REP_NR537=1177
OPID537=5
REF537=1179120190
SEQ537=1179120275006
SAFTDATI537=20200124123402
LCUR537=10
REPL537=2
MERCH_ID537,1=A
MERCH_NAME537,1=Discovery Filling Station Ltd
MERCH_RECEIPT_SEQ_NR537,1=611100993165
PRI537,1=1.00
UPR537,1=1.00
QTY537,1=1.00
QTYUNIT537,1=1
GAMT537,1=1.00
AMT537,1=1.00
UGAMT537,1=1.00
UAMT537,1=1.00
PLU537,1=3000
NAM537,1=MISC VAT
GRP537,1=MISC VAT
CRD537,1=6019
ART_MERCH_ID537,1=A
PRC537,1=20.00
VAMT537,1=0.17
EXC537,1=0.83
INC537,1=1.00
PRI537,2=1.00
UPR537,2=1.00
QTY537,2=1.00
QTYUNIT537,2=1
GAMT537,2=1.00
AMT537,2=1.00
UGAMT537,2=1.00
UAMT537,2=1.00
PLU537,2=5016860000178
NAM537,2=DLMR BAN MLK
GRP537,2=CHILLED FOOD
CRD537,2=3400
ART_MERCH_ID537,2=A
EXC537,2=1.00
INC537,2=1.00
MOP537,1=1
MOP_ADDX537,1=10
ROP537,1=1
PM537,1=110
PA537,1=2.00
SLSTOT537=2.00
TYP538=2
DATI538=20200124123415
STATION_NR538=6111
SHF538=2727
ACC_REP_NR538=1177
OPID538=5
REF538=1179120191
SEQ538=1179120275007
SAFTDATI538=20200124123415
LCUR538=10
PAN538=475117*******159
MERCH_ID538,1=A
MERCH_NAME538,1=Discovery Filling Station Ltd
MERCH_RECEIPT_SEQ_NR538,1=611100993166
PMP538,1=5
PUMP_MODE538,1=1,1,1
NOZZLE538,1=1
NDATI538,1=20200124123327
START_DATE538,1=20200124123229
PRI538,1=1.249
BASEPRI538,1=1.249
QTY538,1=24.01
QTYUNIT538,1=2
GAMT538,1=29.99
AMT538,1=29.99
UGAMT538,1=29.99
UAMT538,1=29.99
PLU538,1=6
NAM538,1=FuelSave Unl
GRP538,1=59
CRD538,1=325
EXTREF538,1=FuelSave Unl
ART_MERCH_ID538,1=A
EXC538,1=29.99
INC538,1=29.99
NQUA_CHANGEABLE538,1=1062324.21
CPPAN538,1=475117*******159
MOP538,1=6
MOP_ADDX538,1=50
MOP_ADDY538,1=12
ROP538,1=1
PM538,1=949
PSUB538,1=12
PA538,1=29.99
SLSTOT538=29.99
TYP539=2
DATI539=20200124123439
STATION_NR539=6111
SHF539=2727
ACC_REP_NR539=1177
OPID539=5
REF539=1179120192
SEQ539=1179120275008
SAFTDATI539=20200124123439
LCUR539=10
REPL539=2
MERCH_ID539,1=A
MERCH_NAME539,1=Discovery Filling Station Ltd
MERCH_RECEIPT_SEQ_NR539,1=611100993167
PRI539,1=0.65
UPR539,1=0.65
QTY539,1=1.00
QTYUNIT539,1=1
GAMT539,1=0.65
AMT539,1=0.65
UGAMT539,1=0.65
UAMT539,1=0.65
PLU539,1=50173686
NAM539,1=EXTRA SUGAR FREE S/M
GRP539,1=CONFECTIONERY
CRD539,1=3119
ART_MERCH_ID539,1=A
PRC539,1=20.00
VAMT539,1=0.11
EXC539,1=0.54
INC539,1=0.65
MOP539,1=1
MOP_ADDX539,1=10
ROP539,1=1
PM539,1=110
PA539,1=0.65
SLSTOT539=0.65
TYP540=21
SPEC_TYPE540=14
DATI540=20200124123506
STATION_NR540=6111
SHF540=2727
OPID540=5
LREF540=1179120193
SPEC_ID540=50271122
SPEC_NAME540=BARRS LIMEADE
SPEC_ITYP540=1
SPEC_QUA540=1.00
SPEC_PRI540=1.00
SPEC_AMT540=1.00
SPEC_ADDD540=1.25
TYP541=2
DATI541=20200124123509
STATION_NR541=6111
SHF541=2727
ACC_REP_NR541=1177
OPID541=5
REF541=1179120193
SEQ541=1179120275009
SAFTDATI541=20200124123509
LCUR541=10
REPL541=2
MERCH_ID541,1=A
MERCH_NAME541,1=Discovery Filling Station Ltd
MERCH_RECEIPT_SEQ_NR541,1=611100993168
PRI541,1=1.00
UPR541,1=1.00
PROGPRI541,1=1.25
PROGUPR541,1=1.25
QTY541,1=1.00
QTYUNIT541,1=1
GAMT541,1=1.00
AMT541,1=1.00
UGAMT541,1=1.00
UAMT541,1=1.00
PLU541,1=50271122
NAM541,1=BARRS LIMEADE
GRP541,1=DRINKS
CRD541,1=3119
ART_MERCH_ID541,1=A
PRC541,1=20.00
VAMT541,1=0.17
EXC541,1=0.83
INC541,1=1.00
MOP541,1=1
MOP_ADDX541,1=10
ROP541,1=1
PM541,1=110
PA541,1=1.00
SLSTOT541=1.00
TYP542=2
DATI542=20200124123540
STATION_NR542=6111
SHF542=2727
ACC_REP_NR542=1177
OPID542=5
REF542=1179120194
SEQ542=1179120275010
SAFTDATI542=20200124123540
LCUR542=10
REPL542=2
MERCH_ID542,1=A
MERCH_NAME542,1=Discovery Filling Station Ltd
MERCH_RECEIPT_SEQ_NR542,1=611100993169
PRI542,1=1.95
UPR542,1=1.95
QTY542,1=1.00
QTYUNIT542,1=1
GAMT542,1=1.95
AMT542,1=1.95
UGAMT542,1=1.95
UAMT542,1=1.95
PLU542,1=5055109220007
NAM542,1=CLARKS POPPYSEED SUB
GRP542,1=SANDWICHES
CRD542,1=6000
ART_MERCH_ID542,1=A
EXC542,1=1.95
INC542,1=1.95
PRI542,2=0.80
UPR542,2=0.80
QTY542,2=1.00
QTYUNIT542,2=1
GAMT542,2=0.80
AMT542,2=0.80
UGAMT542,2=0.80
UAMT542,2=0.80
PLU542,2=5000201499776
NAM542,2=CADBURY TWIRL CHOCOL
GRP542,2=CONFECTIONERY
CRD542,2=3119
ART_MERCH_ID542,2=A
PRC542,2=20.00
VAMT542,2=0.13
EXC542,2=0.67
INC542,2=0.80
PRI542,3=0.79
UPR542,3=0.79
QTY542,3=1.00
QTYUNIT542,3=1
GAMT542,3=0.79
AMT542,3=0.79
UGAMT542,3=0.79
UAMT542,3=0.79
PLU542,3=5000112630633
NAM542,3=COCA COLA
GRP542,3=DRINKS
CRD542,3=3119
ART_MERCH_ID542,3=A
PRC542,3=20.00
VAMT542,3=0.13
EXC542,3=0.66
INC542,3=0.79
PRI542,4=0.59
UPR542,4=0.59
QTY542,4=1.00
QTYUNIT542,4=1
GAMT542,4=0.59
AMT542,4=0.59
UGAMT542,4=0.59
UAMT542,4=0.59
PLU542,4=5000328141299
NAM542,4=WALKERS WOTS
GRP542,4=CRISPS
CRD542,4=3219
ART_MERCH_ID542,4=A
PRC542,4=20.00
VAMT542,4=0.10
EXC542,4=0.49
INC542,4=0.59
MOP542,1=1
MOP_ADDX542,1=10
ROP542,1=1
PM542,1=110
PA542,1=4.13
SLSTOT542=4.13
TYP543=2
DATI543=20200124123811
STATION_NR543=6111
SHF543=2727
ACC_REP_NR543=1177
OPID543=5
REF543=1179120195
SEQ543=1179120275011
SAFTDATI543=20200124123811
LCUR543=10
PAN543=557351*******368
MERCH_ID543,1=A
MERCH_NAME543,1=Discovery Filling Station Ltd
MERCH_RECEIPT_SEQ_NR543,1=611100993170
PMP543,1=3
PUMP_MODE543,1=1,1,1
NOZZLE543,1=1
NDATI543,1=20200124123744
START_DATE543,1=20200124123645
PRI543,1=1.249
BASEPRI543,1=1.249
QTY543,1=32.03
QTYUNIT543,1=2
GAMT543,1=40.01
AMT543,1=40.01
UGAMT543,1=40.01
UAMT543,1=40.01
PLU543,1=6
NAM543,1=FuelSave Unl
GRP543,1=59
CRD543,1=325
EXTREF543,1=FuelSave Unl
ART_MERCH_ID543,1=A
EXC543,1=40.01
INC543,1=40.01
NQUA_CHANGEABLE543,1=1194540.96
PRI543,2=8.80
UPR543,2=8.80
QTY543,2=1.00
QTYUNIT543,2=1
GAMT543,2=8.80
AMT543,2=8.80
UGAMT543,2=8.80
UAMT543,2=8.80
PLU543,2=5000431028951
NAM543,2=L & B BLUE K/S BLUE
GRP543,2=TOBACCO
CRD543,2=4019
ART_MERCH_ID543,2=A
PRC543,2=20.00
VAMT543,2=1.47
EXC543,2=7.33
INC543,2=8.80
CPPAN543,1=557351*******368
MOP543,1=6
MOP_ADDX543,1=50
MOP_ADDY543,1=14
ROP543,1=1
PM543,1=949
PSUB543,1=14
PA543,1=48.81
SLSTOT543=48.81
TYP544=2
DATI544=20200124123848
STATION_NR544=6111
SHF544=4614
ACC_REP_NR544=1177
OPID544=8
REF544=1179110268
SEQ544=1179110738187
SAFTDATI544=20200124123848
LCUR544=10
PAN544=476367*******565
MERCH_ID544,1=A
MERCH_NAME544,1=Discovery Filling Station Ltd
MERCH_RECEIPT_SEQ_NR544,1=611100993171
PMP544,1=2
PUMP_MODE544,1=1,1,1
NOZZLE544,1=1
NDATI544,1=20200124123818
START_DATE544,1=20200124123750
PRI544,1=1.249
BASEPRI544,1=1.249
QTY544,1=8.01
QTYUNIT544,1=2
GAMT544,1=10.00
AMT544,1=10.00
UGAMT544,1=10.00
UAMT544,1=10.00
PLU544,1=6
NAM544,1=FuelSave Unl
GRP544,1=59
CRD544,1=325
EXTREF544,1=FuelSave Unl
ART_MERCH_ID544,1=A
EXC544,1=10.00
INC544,1=10.00
NQUA_CHANGEABLE544,1=570809.38
CPPAN544,1=476367*******565
MOP544,1=6
MOP_ADDX544,1=50
MOP_ADDY544,1=12
ROP544,1=1
PM544,1=949
PSUB544,1=12
PA544,1=10.00
SLSTOT544=10.00
TYP545=2
DATI545=20200124123914
STATION_NR545=6111
SHF545=2727
ACC_REP_NR545=1177
OPID545=5
REF545=1179120196
SEQ545=1179120275012
SAFTDATI545=20200124123914
LCUR545=10
REPL545=2
MERCH_ID545,1=A
MERCH_NAME545,1=Discovery Filling Station Ltd
MERCH_RECEIPT_SEQ_NR545,1=611100993172
PRI545,1=1.00
UPR545,1=1.00
QTY545,1=1.00
QTYUNIT545,1=1
GAMT545,1=1.00
AMT545,1=1.00
UGAMT545,1=1.00
UAMT545,1=1.00
PLU545,1=5031390115154
NAM545,1=100000 1
GRP545,1=LOTTERY SRATCHC
CRD545,1=9500
ART_MERCH_ID545,1=A
EXC545,1=1.00
INC545,1=1.00
PRI545,2=1.00
UPR545,2=1.00
QTY545,2=1.00
QTYUNIT545,2=1
GAMT545,2=1.00
AMT545,2=1.00
UGAMT545,2=1.00
UAMT545,2=1.00
PLU545,2=5031390115154
NAM545,2=100000 1
GRP545,2=LOTTERY SRATCHC
CRD545,2=9500
ART_MERCH_ID545,2=A
EXC545,2=1.00
INC545,2=1.00
PRI545,3=2.00
UPR545,3=2.00
QTY545,3=1.00
QTYUNIT545,3=1
GAMT545,3=2.00
AMT545,3=2.00
UGAMT545,3=2.00
UAMT545,3=2.00
PLU545,3=5031390115321
NAM545,3=3 WAYS TO WIN
GRP545,3=LOTTERY SRATCHC
CRD545,3=9500
ART_MERCH_ID545,3=A
EXC545,3=2.00
INC545,3=2.00
PRI545,4=2.00
UPR545,4=2.00
QTY545,4=1.00
QTYUNIT545,4=1
GAMT545,4=2.00
AMT545,4=2.00
UGAMT545,4=2.00
UAMT545,4=2.00
PLU545,4=5031390115352
NAM545,4=MONEY MULTIPLIER 2
GRP545,4=LOTTERY SRATCHC
CRD545,4=9500
ART_MERCH_ID545,4=A
EXC545,4=2.00
INC545,4=2.00
PRI545,5=2.50
UPR545,5=2.50
QTY545,5=1.00
QTYUNIT545,5=1
GAMT545,5=2.50
AMT545,5=2.50
UGAMT545,5=2.50
UAMT545,5=2.50
PLU545,5=2083800000003
NAM545,5=LOTTERY
GRP545,5=LOTTERY ONLINE
CRD545,5=9500
ART_MERCH_ID545,5=A
EXC545,5=2.50
INC545,5=2.50
MOP545,1=1
MOP_ADDX545,1=10
ROP545,1=1
PM545,1=110
PA545,1=8.50
SLSTOT545=8.50
TYP546=2
DATI546=20200124123949
STATION_NR546=6111
SHF546=4614
ACC_REP_NR546=1177
OPID546=8
REF546=1179110269
SEQ546=1179110738188
SAFTDATI546=20200124123949
LCUR546=10
REPL546=2
MERCH_ID546,1=A
MERCH_NAME546,1=Discovery Filling Station Ltd
MERCH_RECEIPT_SEQ_NR546,1=611100993173
PRI546,1=0.70
UPR546,1=0.70
QTY546,1=1.00
QTYUNIT546,1=1
GAMT546,1=0.70
AMT546,1=0.70
UGAMT546,1=0.70
UAMT546,1=0.70
PLU546,1=5000237060971
NAM546,1=KP HULA HOOPS BBQ
GRP546,1=CRISPS
CRD546,1=3219
ART_MERCH_ID546,1=A
PRC546,1=20.00
VAMT546,1=0.12
EXC546,1=0.58
INC546,1=0.70
PRI546,2=1.89
UPR546,2=1.89
QTY546,2=1.00
QTYUNIT546,2=1
GAMT546,2=1.89
AMT546,2=1.89
UGAMT546,2=1.89
UAMT546,2=1.89
PLU546,2=5055109220359
NAM546,2=CLARKS WHITE ROLL 1.
GRP546,2=SANDWICHES
CRD546,2=6000
ART_MERCH_ID546,2=A
EXC546,2=1.89
INC546,2=1.89
PRI546,3=0.69
UPR546,3=0.69
QTY546,3=1.00
QTYUNIT546,3=1
GAMT546,3=0.69
AMT546,3=0.69
UGAMT546,3=0.69
UAMT546,3=0.69
PLU546,3=5000112628883
NAM546,3=DIET COKE
GRP546,3=DRINKS
CRD546,3=3119
ART_MERCH_ID546,3=A
PRC546,3=20.00
VAMT546,3=0.11
EXC546,3=0.58
INC546,3=0.69
PRI546,4=1.56
UPR546,4=1.56
QTY546,4=1.00
QTYUNIT546,4=1
GAMT546,4=1.56
AMT546,4=1.56
UGAMT546,4=1.56
UAMT546,4=1.56
PLU546,4=492134
NAM546,4=SCOTCH PIE
GRP546,4=HOT FOOD
CRD546,4=3119
ART_MERCH_ID546,4=A
PRC546,4=20.00
VAMT546,4=0.26
EXC546,4=1.30
INC546,4=1.56
MOP546,1=1
MOP_ADDX546,1=10
ROP546,1=1
PM546,1=110
PA546,1=20.00
MOP546,2=1
MOP_ADDX546,2=10
ROP546,2=2
PM546,2=5110
PA546,2=-15.16
SLSTOT546=4.84
TYP547=2
DATI547=20200124124024
STATION_NR547=6111
SHF547=4614
ACC_REP_NR547=1177
OPID547=8
REF547=1179110270
SEQ547=1179110738189
SAFTDATI547=20200124124024
LCUR547=10
REPL547=2
MERCH_ID547,1=A
MERCH_NAME547,1=Discovery Filling Station Ltd
MERCH_RECEIPT_SEQ_NR547,1=611100993174
PMP547,1=1
PUMP_MODE547,1=1,1,1
NOZZLE547,1=2
NDATI547,1=20200124123902
START_DATE547,1=20200124123824
PRI547,1=1.299
BASEPRI547,1=1.299
QTY547,1=11.55
QTYUNIT547,1=2
GAMT547,1=15.00
AMT547,1=15.00
UGAMT547,1=15.00
UAMT547,1=15.00
PLU547,1=3
NAM547,1=FuelSave Dsl
GRP547,1=59
CRD547,1=425
EXTREF547,1=FuelSave Dsl
ART_MERCH_ID547,1=A
EXC547,1=15.00
INC547,1=15.00
NQUA_CHANGEABLE547,1=825752.05
PRI547,2=0.65
UPR547,2=0.65
QTY547,2=1.00
QTYUNIT547,2=1
GAMT547,2=0.65
AMT547,2=0.65
UGAMT547,2=0.65
UAMT547,2=0.65
PLU547,2=50189779
NAM547,2=POLO MINTS ROWNTREE
GRP547,2=CONFECTIONERY
CRD547,2=3119
ART_MERCH_ID547,2=A
PRC547,2=20.00
VAMT547,2=0.11
EXC547,2=0.54
INC547,2=0.65
PRI547,3=0.80
UPR547,3=0.80
QTY547,3=1.00
QTYUNIT547,3=1
GAMT547,3=0.80
AMT547,3=0.80
UGAMT547,3=0.80
UAMT547,3=0.80
PLU547,3=5000159022521
NAM547,3=GALAXY RIPPLE SINGLE
GRP547,3=CONFECTIONERY
CRD547,3=3119
ART_MERCH_ID547,3=A
PRC547,3=20.00
VAMT547,3=0.13
EXC547,3=0.67
INC547,3=0.80
PRI547,4=0.80
UPR547,4=0.80
QTY547,4=1.00
QTYUNIT547,4=1
GAMT547,4=0.80
AMT547,4=0.80
UGAMT547,4=0.80
UAMT547,4=0.80
PLU547,4=7622210106421
NAM547,4=CAD DOUBLE DECKER 54
GRP547,4=CONFECTIONERY
CRD547,4=3119
ART_MERCH_ID547,4=A
PRC547,4=20.00
VAMT547,4=0.13
EXC547,4=0.67
INC547,4=0.80
PRI547,5=1.00
UPR547,5=1.00
QTY547,5=1.00
QTYUNIT547,5=1
GAMT547,5=1.00
AMT547,5=1.00
UGAMT547,5=1.00
UAMT547,5=1.00
PLU547,5=5410438037816
NAM547,5=YZO SBRY MLK
GRP547,5=CHILLED FOOD
CRD547,5=3400
ART_MERCH_ID547,5=A
EXC547,5=1.00
INC547,5=1.00
MOP547,1=1
MOP_ADDX547,1=10
ROP547,1=1
PM547,1=110
PA547,1=20.00
MOP547,2=1
MOP_ADDX547,2=10
ROP547,2=2
PM547,2=5110
PA547,2=-1.75
SLSTOT547=18.25
TYP548=2
DATI548=20200124124254
STATION_NR548=6111
SHF548=2727
ACC_REP_NR548=1177
OPID548=5
REF548=1179120197
SEQ548=1179120275013
SAFTDATI548=20200124124254
LCUR548=10
REPL548=2
MERCH_ID548,1=A
MERCH_NAME548,1=Discovery Filling Station Ltd
MERCH_RECEIPT_SEQ_NR548,1=611100993175
PRI548,1=0.59
UPR548,1=0.59
QTY548,1=1.00
QTYUNIT548,1=1
GAMT548,1=0.59
AMT548,1=0.59
UGAMT548,1=0.59
UAMT548,1=0.59
PLU548,1=5000328142333
NAM548,1=DORITOS CH
GRP548,1=CRISPS
CRD548,1=3219
ART_MERCH_ID548,1=A
EXC548,1=0.59
INC548,1=0.59
PRI548,2=2.60
UPR548,2=2.60
QTY548,2=1.00
QTYUNIT548,2=1
GAMT548,2=2.60
AMT548,2=2.60
UGAMT548,2=2.60
UAMT548,2=2.60
PLU548,2=5055109220908
NAM548,2=CLARKS  WRAP 2.60
GRP548,2=CHILLED FOOD
CRD548,2=3400
ART_MERCH_ID548,2=A
EXC548,2=2.60
INC548,2=2.60
MOP548,1=1
MOP_ADDX548,1=10
ROP548,1=1
PM548,1=110
PA548,1=3.19
SLSTOT548=3.19
TYP549=2
DATI549=20200124124306
STATION_NR549=6111
SHF549=2727
ACC_REP_NR549=1177
OPID549=5
REF549=1179120198
SEQ549=1179120275014
SAFTDATI549=20200124124306
LCUR549=10
PAN549=454313*******228
MERCH_ID549,1=A
MERCH_NAME549,1=Discovery Filling Station Ltd
MERCH_RECEIPT_SEQ_NR549,1=611100993176
PMP549,1=5
PUMP_MODE549,1=1,1,1
NOZZLE549,1=2
NDATI549,1=20200124124210
START_DATE549,1=20200124124127
PRI549,1=1.299
BASEPRI549,1=1.299
QTY549,1=7.70
QTYUNIT549,1=2
GAMT549,1=10.00
AMT549,1=10.00
UGAMT549,1=10.00
UAMT549,1=10.00
PLU549,1=3
NAM549,1=FuelSave Dsl
GRP549,1=59
CRD549,1=425
EXTREF549,1=FuelSave Dsl
ART_MERCH_ID549,1=A
EXC549,1=10.00
INC549,1=10.00
NQUA_CHANGEABLE549,1=1115033.26
CPPAN549,1=454313*******228
MOP549,1=6
MOP_ADDX549,1=50
MOP_ADDY549,1=12
ROP549,1=1
PM549,1=949
PSUB549,1=12
PA549,1=10.00
SLSTOT549=10.00
TYP550=21
SPEC_TYPE550=14
DATI550=20200124124333
STATION_NR550=6111
SHF550=2727
OPID550=5
LREF550=1179120199
SPEC_ID550=1003
SPEC_NAME550=PAYPOINT
SPEC_ITYP550=1
SPEC_QUA550=1.00
SPEC_PRI550=20.00
SPEC_AMT550=20.00
TYP551=2
DATI551=20200124124335
STATION_NR551=6111
SHF551=2727
ACC_REP_NR551=1177
OPID551=5
REF551=1179120199
SEQ551=1179120275015
SAFTDATI551=20200124124335
LCUR551=10
REPL551=2
MERCH_ID551,1=A
MERCH_NAME551,1=Discovery Filling Station Ltd
MERCH_RECEIPT_SEQ_NR551,1=611100993177
PRI551,1=20.00
UPR551,1=20.00
QTY551,1=1.00
QTYUNIT551,1=1
GAMT551,1=20.00
AMT551,1=20.00
UGAMT551,1=20.00
UAMT551,1=20.00
PLU551,1=1003
NAM551,1=PAYPOINT
GRP551,1=STAMPS & PHONE
CRD551,1=9019
ART_MERCH_ID551,1=A
EXC551,1=20.00
INC551,1=20.00
MOP551,1=1
MOP_ADDX551,1=10
ROP551,1=1
PM551,1=110
PA551,1=20.00
SLSTOT551=20.00
TYP552=2
DATI552=20200124124504
STATION_NR552=6111
SHF552=2727
ACC_REP_NR552=1177
OPID552=5
REF552=1179120200
SEQ552=1179120275016
SAFTDATI552=20200124124504
LCUR552=10
REPL552=2
MERCH_ID552,1=A
MERCH_NAME552,1=Discovery Filling Station Ltd
MERCH_RECEIPT_SEQ_NR552,1=611100993178
PRI552,1=2.60
UPR552,1=2.60
QTY552,1=1.00
QTYUNIT552,1=1
GAMT552,1=2.60
AMT552,1=2.60
UGAMT552,1=2.60
UAMT552,1=2.60
PLU552,1=5055109220199
NAM552,1=CLARKS SEEDED BROWN
GRP552,1=SANDWICHES
CRD552,1=6000
ART_MERCH_ID552,1=A
EXC552,1=2.60
INC552,1=2.60
MOP552,1=1
MOP_ADDX552,1=10
ROP552,1=1
PM552,1=110
PA552,1=2.60
SLSTOT552=2.60
TYP553=2
DATI553=20200124124636
STATION_NR553=6111
SHF553=2727
ACC_REP_NR553=1177
OPID553=5
REF553=1179120201
SEQ553=1179120275017
SAFTDATI553=20200124124636
LCUR553=10
PAN553=524679*******857
MERCH_ID553,1=A
MERCH_NAME553,1=Discovery Filling Station Ltd
MERCH_RECEIPT_SEQ_NR553,1=611100993179
PMP553,1=4
PUMP_MODE553,1=1,1,1
NOZZLE553,1=1
NDATI553,1=20200124124533
START_DATE553,1=20200124124455
PRI553,1=1.249
BASEPRI553,1=1.249
QTY553,1=11.99
QTYUNIT553,1=2
GAMT553,1=14.98
AMT553,1=14.98
UGAMT553,1=14.98
UAMT553,1=14.98
PLU553,1=6
NAM553,1=FuelSave Unl
GRP553,1=59
CRD553,1=325
EXTREF553,1=FuelSave Unl
ART_MERCH_ID553,1=A
EXC553,1=14.98
INC553,1=14.98
NQUA_CHANGEABLE553,1=708412.30
CPPAN553,1=524679*******857
MOP553,1=6
MOP_ADDX553,1=50
MOP_ADDY553,1=15
ROP553,1=1
PM553,1=949
PSUB553,1=15
PA553,1=14.98
SLSTOT553=14.98
TYP554=2
DATI554=20200124124813
STATION_NR554=6111
SHF554=2727
ACC_REP_NR554=1177
OPID554=5
REF554=1179120202
SEQ554=1179120275018
SAFTDATI554=20200124124813
LCUR554=10
PAN554=454313*******426
MERCH_ID554,1=A
MERCH_NAME554,1=Discovery Filling Station Ltd
MERCH_RECEIPT_SEQ_NR554,1=611100993180
PMP554,1=2
PUMP_MODE554,1=1,1,1
NOZZLE554,1=1
NDATI554,1=20200124124702
START_DATE554,1=20200124124612
PRI554,1=1.249
BASEPRI554,1=1.249
QTY554,1=8.01
QTYUNIT554,1=2
GAMT554,1=10.00
AMT554,1=10.00
UGAMT554,1=10.00
UAMT554,1=10.00
PLU554,1=6
NAM554,1=FuelSave Unl
GRP554,1=59
CRD554,1=325
EXTREF554,1=FuelSave Unl
ART_MERCH_ID554,1=A
EXC554,1=10.00
INC554,1=10.00
NQUA_CHANGEABLE554,1=570817.39
CPPAN554,1=454313*******426
MOP554,1=6
MOP_ADDX554,1=50
MOP_ADDY554,1=12
ROP554,1=1
PM554,1=949
PSUB554,1=12
PA554,1=10.00
SLSTOT554=10.00
TYP555=2
DATI555=20200124124903
STATION_NR555=6111
SHF555=2727
ACC_REP_NR555=1177
OPID555=5
REF555=1179120203
SEQ555=1179120275019
SAFTDATI555=20200124124903
LCUR555=10
PAN555=475117*******506
MERCH_ID555,1=A
MERCH_NAME555,1=Discovery Filling Station Ltd
MERCH_RECEIPT_SEQ_NR555,1=611100993181
PRI555,1=9.80
UPR555,1=9.80
QTY555,1=1.00
QTYUNIT555,1=1
GAMT555,1=9.80
AMT555,1=9.80
UGAMT555,1=9.80
UAMT555,1=9.80
PLU555,1=5000143936339
NAM555,1=STERLING KS
GRP555,1=TOBACCO
CRD555,1=4019
ART_MERCH_ID555,1=A
PRC555,1=20.00
VAMT555,1=1.63
EXC555,1=8.17
INC555,1=9.80
CPPAN555,1=475117*******506
MOP555,1=6
MOP_ADDX555,1=50
MOP_ADDY555,1=12
ROP555,1=1
PM555,1=949
PSUB555,1=12
PA555,1=9.80
SLSTOT555=9.80
TYP556=2
DATI556=20200124124906
STATION_NR556=6111
SHF556=4614
ACC_REP_NR556=1177
OPID556=8
REF556=1179110271
SEQ556=1179110738190
SAFTDATI556=20200124124906
LCUR556=10
PAN556=475130*******176
MERCH_ID556,1=A
MERCH_NAME556,1=Discovery Filling Station Ltd
MERCH_RECEIPT_SEQ_NR556,1=611100993182
PMP556,1=3
PUMP_MODE556,1=1,1,1
NOZZLE556,1=1
NDATI556,1=20200124124835
START_DATE556,1=20200124124804
PRI556,1=1.249
BASEPRI556,1=1.249
QTY556,1=8.01
QTYUNIT556,1=2
GAMT556,1=10.00
AMT556,1=10.00
UGAMT556,1=10.00
UAMT556,1=10.00
PLU556,1=6
NAM556,1=FuelSave Unl
GRP556,1=59
CRD556,1=325
EXTREF556,1=FuelSave Unl
ART_MERCH_ID556,1=A
EXC556,1=10.00
INC556,1=10.00
NQUA_CHANGEABLE556,1=1194548.97
CPPAN556,1=475130*******176
MOP556,1=6
MOP_ADDX556,1=50
MOP_ADDY556,1=12
ROP556,1=1
PM556,1=949
PSUB556,1=12
PA556,1=10.00
SLSTOT556=10.00
TYP557=2
DATI557=20200124125101
STATION_NR557=6111
SHF557=2727
ACC_REP_NR557=1177
OPID557=5
REF557=1179120204
SEQ557=1179120275020
SAFTDATI557=20200124125101
LCUR557=10
PAN557=465861*******015
MERCH_ID557,1=A
MERCH_NAME557,1=Discovery Filling Station Ltd
MERCH_RECEIPT_SEQ_NR557,1=611100993183
PMP557,1=6
PUMP_MODE557,1=1,1,1
NOZZLE557,1=2
NDATI557,1=20200124125022
START_DATE557,1=20200124124945
PRI557,1=1.299
BASEPRI557,1=1.299
QTY557,1=10.14
QTYUNIT557,1=2
GAMT557,1=13.17
AMT557,1=13.17
UGAMT557,1=13.17
UAMT557,1=13.17
PLU557,1=3
NAM557,1=FuelSave Dsl
GRP557,1=59
CRD557,1=425
EXTREF557,1=FuelSave Dsl
ART_MERCH_ID557,1=A
EXC557,1=13.17
INC557,1=13.17
NQUA_CHANGEABLE557,1=1186788.51
PRI557,2=2.50
UPR557,2=2.50
QTY557,2=1.00
QTYUNIT557,2=1
GAMT557,2=2.50
AMT557,2=2.50
UGAMT557,2=2.50
UAMT557,2=2.50
PLU557,2=2083800000003
NAM557,2=LOTTERY
GRP557,2=LOTTERY ONLINE
CRD557,2=9500
ART_MERCH_ID557,2=A
EXC557,2=2.50
INC557,2=2.50
CPPAN557,1=465861*******015
MOP557,1=6
MOP_ADDX557,1=50
MOP_ADDY557,1=12
ROP557,1=1
PM557,1=949
PSUB557,1=12
PA557,1=15.67
SLSTOT557=15.67
TYP558=2
DATI558=20200124125120
STATION_NR558=6111
SHF558=2727
ACC_REP_NR558=1177
OPID558=5
REF558=1179120205
SEQ558=1179120275021
SAFTDATI558=20200124125120
LCUR558=10
PAN558=529930*******721
MERCH_ID558,1=A
MERCH_NAME558,1=Discovery Filling Station Ltd
MERCH_RECEIPT_SEQ_NR558,1=611100993184
PMP558,1=4
PUMP_MODE558,1=1,1,1
NOZZLE558,1=3
NDATI558,1=20200124125004
START_DATE558,1=20200124124938
PRI558,1=1.299
BASEPRI558,1=1.299
QTY558,1=8.27
QTYUNIT558,1=2
GAMT558,1=10.74
AMT558,1=10.74
UGAMT558,1=10.74
UAMT558,1=10.74
PLU558,1=3
NAM558,1=FuelSave Dsl
GRP558,1=59
CRD558,1=425
EXTREF558,1=FuelSave Dsl
ART_MERCH_ID558,1=A
EXC558,1=10.74
INC558,1=10.74
NQUA_CHANGEABLE558,1=1502688.07
CPPAN558,1=529930*******721
MOP558,1=6
MOP_ADDX558,1=50
MOP_ADDY558,1=15
ROP558,1=1
PM558,1=949
PSUB558,1=15
PA558,1=10.74
SLSTOT558=10.74
TYP559=2
DATI559=20200124125336
STATION_NR559=6111
SHF559=2727
ACC_REP_NR559=1177
OPID559=5
REF559=1179120206
SEQ559=1179120275022
SAFTDATI559=20200124125336
LCUR559=10
PAN559=476367*******414
MERCH_ID559,1=A
MERCH_NAME559,1=Discovery Filling Station Ltd
MERCH_RECEIPT_SEQ_NR559,1=611100993185
PMP559,1=3
PUMP_MODE559,1=1,1,1
NOZZLE559,1=3
NDATI559,1=20200124125256
START_DATE559,1=20200124125205
PRI559,1=1.299
BASEPRI559,1=1.299
QTY559,1=15.47
QTYUNIT559,1=2
GAMT559,1=20.10
AMT559,1=20.10
UGAMT559,1=20.10
UAMT559,1=20.10
PLU559,1=3
NAM559,1=FuelSave Dsl
GRP559,1=59
CRD559,1=425
EXTREF559,1=FuelSave Dsl
ART_MERCH_ID559,1=A
EXC559,1=20.10
INC559,1=20.10
NQUA_CHANGEABLE559,1=1277269.09
CPPAN559,1=476367*******414
MOP559,1=6
MOP_ADDX559,1=50
MOP_ADDY559,1=12
ROP559,1=1
PM559,1=949
PSUB559,1=12
PA559,1=20.10
SLSTOT559=20.10
TYP560=2
DATI560=20200124125548
STATION_NR560=6111
SHF560=2727
ACC_REP_NR560=1177
OPID560=5
REF560=1179120207
SEQ560=1179120275023
SAFTDATI560=20200124125548
LCUR560=10
PAN560=465859*******018
MERCH_ID560,1=A
MERCH_NAME560,1=Discovery Filling Station Ltd
MERCH_RECEIPT_SEQ_NR560,1=611100993186
PRI560,1=1.00
UPR560,1=1.00
QTY560,1=1.00
QTYUNIT560,1=1
GAMT560,1=1.00
AMT560,1=1.00
UGAMT560,1=1.00
UAMT560,1=1.00
PLU560,1=5016860000475
NAM560,1=DEL ICED LAT
GRP560,1=CHILLED FOOD
CRD560,1=3400
ART_MERCH_ID560,1=A
EXC560,1=1.00
INC560,1=1.00
PRI560,2=0.65
UPR560,2=0.65
QTY560,2=1.00
QTYUNIT560,2=1
GAMT560,2=0.65
AMT560,2=0.65
UGAMT560,2=0.65
UAMT560,2=0.65
PLU560,2=5000112628937
NAM560,2=FANTA
GRP560,2=DRINKS
CRD560,2=3119
ART_MERCH_ID560,2=A
PRC560,2=20.00
VAMT560,2=0.11
EXC560,2=0.54
INC560,2=0.65
PRI560,3=4.99
UPR560,3=4.99
QTY560,3=1.00
QTYUNIT560,3=1
GAMT560,3=4.99
AMT560,3=4.99
UGAMT560,3=4.99
UAMT560,3=4.99
PLU560,3=5026637645907
NAM560,3=NIHGT VISION GLASSES
GRP560,3=GENERAL GOODS V
CRD560,3=3319
ART_MERCH_ID560,3=A
PRC560,3=20.00
VAMT560,3=0.83
EXC560,3=4.16
INC560,3=4.99
PMP560,4=4
PUMP_MODE560,4=1,1,1
NOZZLE560,4=1
NDATI560,4=20200124125435
START_DATE560,4=20200124125354
PRI560,4=1.249
BASEPRI560,4=1.249
QTY560,4=17.93
QTYUNIT560,4=2
GAMT560,4=22.39
AMT560,4=22.39
UGAMT560,4=22.39
UAMT560,4=22.39
PLU560,4=6
NAM560,4=FuelSave Unl
GRP560,4=59
CRD560,4=325
EXTREF560,4=FuelSave Unl
ART_MERCH_ID560,4=A
EXC560,4=22.39
INC560,4=22.39
NQUA_CHANGEABLE560,4=708430.23
CPPAN560,1=465859*******018
MOP560,1=6
MOP_ADDX560,1=50
MOP_ADDY560,1=12
ROP560,1=1
PM560,1=949
PSUB560,1=12
PA560,1=29.03
SLSTOT560=29.03
TYP561=2
DATI561=20200124125613
STATION_NR561=6111
SHF561=2727
ACC_REP_NR561=1177
OPID561=5
REF561=1179120208
SEQ561=1179120275024
SAFTDATI561=20200124125613
LCUR561=10
REPL561=2
MERCH_ID561,1=A
MERCH_NAME561,1=Discovery Filling Station Ltd
MERCH_RECEIPT_SEQ_NR561,1=611100993187
PRI561,1=1.00
UPR561,1=1.00
QTY561,1=1.00
QTYUNIT561,1=1
GAMT561,1=1.00
AMT561,1=1.00
UGAMT561,1=1.00
UAMT561,1=1.00
PLU561,1=7622210497383
NAM561,1=CD DAIRY MLK
GRP561,1=CONFECTIONERY
CRD561,1=3119
ART_MERCH_ID561,1=A
PRC561,1=20.00
VAMT561,1=0.17
EXC561,1=0.83
INC561,1=1.00
PRI561,2=1.00
UPR561,2=1.00
QTY561,2=1.00
QTYUNIT561,2=1
GAMT561,2=1.00
AMT561,2=1.00
UGAMT561,2=1.00
UAMT561,2=1.00
PLU561,2=7622210497383
NAM561,2=CD DAIRY MLK
GRP561,2=CONFECTIONERY
CRD561,2=3119
ART_MERCH_ID561,2=A
PRC561,2=20.00
VAMT561,2=0.17
EXC561,2=0.83
INC561,2=1.00
MOP561,1=1
MOP_ADDX561,1=10
ROP561,1=1
PM561,1=110
PA561,1=2.00
SLSTOT561=2.00
TYP562=2
DATI562=20200124125718
STATION_NR562=6111
SHF562=2727
ACC_REP_NR562=1177
OPID562=5
REF562=1179120209
SEQ562=1179120275025
SAFTDATI562=20200124125718
LCUR562=10
REPL562=2
MERCH_ID562,1=A
MERCH_NAME562,1=Discovery Filling Station Ltd
MERCH_RECEIPT_SEQ_NR562,1=611100993188
PMP562,1=5
PUMP_MODE562,1=1,1,1
NOZZLE562,1=1
NDATI562,1=20200124125632
START_DATE562,1=20200124125549
PRI562,1=1.249
BASEPRI562,1=1.249
QTY562,1=16.01
QTYUNIT562,1=2
GAMT562,1=20.00
AMT562,1=20.00
UGAMT562,1=20.00
UAMT562,1=20.00
PLU562,1=6
NAM562,1=FuelSave Unl
GRP562,1=59
CRD562,1=325
EXTREF562,1=FuelSave Unl
ART_MERCH_ID562,1=A
EXC562,1=20.00
INC562,1=20.00
NQUA_CHANGEABLE562,1=1062340.22
MOP562,1=1
MOP_ADDX562,1=10
ROP562,1=1
PM562,1=110
PA562,1=20.00
SLSTOT562=20.00
TYP563=2
DATI563=20200124125756
STATION_NR563=6111
SHF563=2727
ACC_REP_NR563=1177
OPID563=5
REF563=1179120210
SEQ563=1179120275026
SAFTDATI563=20200124125756
LCUR563=10
PAN563=446268*******027
MERCH_ID563,1=A
MERCH_NAME563,1=Discovery Filling Station Ltd
MERCH_RECEIPT_SEQ_NR563,1=611100993189
PMP563,1=6
PUMP_MODE563,1=1,1,1
NOZZLE563,1=1
NDATI563,1=20200124125733
START_DATE563,1=20200124125658
PRI563,1=1.249
BASEPRI563,1=1.249
QTY563,1=12.01
QTYUNIT563,1=2
GAMT563,1=15.00
AMT563,1=15.00
UGAMT563,1=15.00
UAMT563,1=15.00
PLU563,1=6
NAM563,1=FuelSave Unl
GRP563,1=59
CRD563,1=325
EXTREF563,1=FuelSave Unl
ART_MERCH_ID563,1=A
EXC563,1=15.00
INC563,1=15.00
NQUA_CHANGEABLE563,1=369553.59
CPPAN563,1=446268*******027
MOP563,1=6
MOP_ADDX563,1=50
MOP_ADDY563,1=12
ROP563,1=1
PM563,1=949
PSUB563,1=12
PA563,1=15.00
SLSTOT563=15.00
TYP564=2
DATI564=20200124125856
STATION_NR564=6111
SHF564=4614
ACC_REP_NR564=1177
OPID564=8
REF564=1179110272
SEQ564=1179110738191
SAFTDATI564=20200124125856
LCUR564=10
PAN564=529930*******442
MERCH_ID564,1=A
MERCH_NAME564,1=Discovery Filling Station Ltd
MERCH_RECEIPT_SEQ_NR564,1=611100993190
PMP564,1=2
PUMP_MODE564,1=1,1,1
NOZZLE564,1=2
NDATI564,1=20200124125749
START_DATE564,1=20200124125638
PRI564,1=1.299
BASEPRI564,1=1.299
QTY564,1=28.87
QTYUNIT564,1=2
GAMT564,1=37.50
AMT564,1=37.50
UGAMT564,1=37.50
UAMT564,1=37.50
PLU564,1=3
NAM564,1=FuelSave Dsl
GRP564,1=59
CRD564,1=425
EXTREF564,1=FuelSave Dsl
ART_MERCH_ID564,1=A
EXC564,1=37.50
INC564,1=37.50
NQUA_CHANGEABLE564,1=1555214.68
CPPAN564,1=529930*******442
MOP564,1=6
MOP_ADDX564,1=50
MOP_ADDY564,1=15
ROP564,1=1
PM564,1=949
PSUB564,1=15
PA564,1=37.50
SLSTOT564=37.50
TYP565=2
DATI565=20200124125956
STATION_NR565=6111
SHF565=4614
ACC_REP_NR565=1177
OPID565=8
REF565=1179110273
SEQ565=1179110738192
SAFTDATI565=20200124125956
LCUR565=10
PAN565=476223*******439
MERCH_ID565,1=A
MERCH_NAME565,1=Discovery Filling Station Ltd
MERCH_RECEIPT_SEQ_NR565,1=611100993191
PMP565,1=3
PUMP_MODE565,1=1,1,1
NOZZLE565,1=1
NDATI565,1=20200124125924
START_DATE565,1=20200124125852
PRI565,1=1.249
BASEPRI565,1=1.249
QTY565,1=5.30
QTYUNIT565,1=2
GAMT565,1=6.62
AMT565,1=6.62
UGAMT565,1=6.62
UAMT565,1=6.62
PLU565,1=6
NAM565,1=FuelSave Unl
GRP565,1=59
CRD565,1=325
EXTREF565,1=FuelSave Unl
ART_MERCH_ID565,1=A
EXC565,1=6.62
INC565,1=6.62
NQUA_CHANGEABLE565,1=1194554.27
CPPAN565,1=476223*******439
MOP565,1=6
MOP_ADDX565,1=50
MOP_ADDY565,1=12
ROP565,1=1
PM565,1=949
PSUB565,1=12
PA565,1=6.62
SLSTOT565=6.62
TYP566=2
DATI566=20200124130010
STATION_NR566=6111
SHF566=4614
ACC_REP_NR566=1177
OPID566=8
REF566=1179110274
SEQ566=1179110738193
SAFTDATI566=20200124130010
LCUR566=10
PAN566=475117*******228
MERCH_ID566,1=A
MERCH_NAME566,1=Discovery Filling Station Ltd
MERCH_RECEIPT_SEQ_NR566,1=611100993192
PMP566,1=1
PUMP_MODE566,1=1,1,1
NOZZLE566,1=2
NDATI566,1=20200124125949
START_DATE566,1=20200124125828
PRI566,1=1.299
BASEPRI566,1=1.299
QTY566,1=30.79
QTYUNIT566,1=2
GAMT566,1=40.00
AMT566,1=40.00
UGAMT566,1=40.00
UAMT566,1=40.00
PLU566,1=3
NAM566,1=FuelSave Dsl
GRP566,1=59
CRD566,1=425
EXTREF566,1=FuelSave Dsl
ART_MERCH_ID566,1=A
EXC566,1=40.00
INC566,1=40.00
NQUA_CHANGEABLE566,1=825782.84
CPPAN566,1=475117*******228
MOP566,1=6
MOP_ADDX566,1=50
MOP_ADDY566,1=12
ROP566,1=1
PM566,1=949
PSUB566,1=12
PA566,1=40.00
SLSTOT566=40.00
TYP567=2
DATI567=20200124130219
STATION_NR567=6111
SHF567=4614
ACC_REP_NR567=1177
OPID567=8
REF567=1179110275
SEQ567=1179110738194
SAFTDATI567=20200124130219
LCUR567=10
PAN567=700205*******000124
MERCH_ID567,1=A
MERCH_NAME567,1=Discovery Filling Station Ltd
MERCH_RECEIPT_SEQ_NR567,1=611100993193
PMP567,1=4
PUMP_MODE567,1=1,1,1
NOZZLE567,1=3
NDATI567,1=20200124130152
START_DATE567,1=20200124130048
PRI567,1=1.299
BASEPRI567,1=1.299
QTY567,1=30.19
QTYUNIT567,1=2
GAMT567,1=39.22
AMT567,1=39.22
UGAMT567,1=39.22
UAMT567,1=39.22
PLU567,1=3
NAM567,1=FuelSave Dsl
GRP567,1=59
CRD567,1=425
EXTREF567,1=FuelSave Dsl
ART_MERCH_ID567,1=A
EXC567,1=39.22
INC567,1=39.22
NQUA_CHANGEABLE567,1=1502718.26
CPPAN567,1=700205*******000124
MOP567,1=6
MOP_ADDX567,1=50
MOP_ADDY567,1=1
ROP567,1=1
PM567,1=949
PSUB567,1=1
PA567,1=39.22
SLSTOT567=39.22
TYP568=2
DATI568=20200124130327
STATION_NR568=6111
SHF568=2727
ACC_REP_NR568=1177
OPID568=5
REF568=1179120211
SEQ568=1179120275027
SAFTDATI568=20200124130327
LCUR568=10
REPL568=2
MERCH_ID568,1=A
MERCH_NAME568,1=Discovery Filling Station Ltd
MERCH_RECEIPT_SEQ_NR568,1=611100993194
PMP568,1=4
PUMP_MODE568,1=1,1,1
NOZZLE568,1=1
NDATI568,1=20200124111230
START_DATE568,1=20200124111049
PRI568,1=1.249
BASEPRI568,1=1.249
QTY568,1=47.24
QTYUNIT568,1=2
GAMT568,1=59.00
AMT568,1=59.00
UGAMT568,1=59.00
UAMT568,1=59.00
PLU568,1=6
NAM568,1=FuelSave Unl
GRP568,1=59
CRD568,1=325
EXTREF568,1=FuelSave Unl
ART_MERCH_ID568,1=A
EXC568,1=59.00
INC568,1=59.00
NQUA_CHANGEABLE568,1=708477.47
MOP568,1=2
MOP_ADDX568,1=5
ROP568,1=1
PM568,1=304
PA568,1=59.00
SLSTOT568=59.00
TYP569=2
DATI569=20200124130410
STATION_NR569=6111
SHF569=4614
ACC_REP_NR569=1177
OPID569=8
REF569=1179110276
SEQ569=1179110738195
SAFTDATI569=20200124130410
LCUR569=10
REPL569=2
MERCH_ID569,1=A
MERCH_NAME569,1=Discovery Filling Station Ltd
MERCH_RECEIPT_SEQ_NR569,1=611100993195
PMP569,1=2
PUMP_MODE569,1=1,1,1
NOZZLE569,1=1
NDATI569,1=20200124130338
START_DATE569,1=20200124130256
PRI569,1=1.249
BASEPRI569,1=1.249
QTY569,1=16.01
QTYUNIT569,1=2
GAMT569,1=20.00
AMT569,1=20.00
UGAMT569,1=20.00
UAMT569,1=20.00
PLU569,1=6
NAM569,1=FuelSave Unl
GRP569,1=59
CRD569,1=325
EXTREF569,1=FuelSave Unl
ART_MERCH_ID569,1=A
EXC569,1=20.00
INC569,1=20.00
NQUA_CHANGEABLE569,1=570833.40
MOP569,1=1
MOP_ADDX569,1=10
ROP569,1=1
PM569,1=110
PA569,1=20.00
SLSTOT569=20.00
TYP570=2
DATI570=20200124130514
STATION_NR570=6111
SHF570=4614
ACC_REP_NR570=1177
OPID570=8
REF570=1179110277
SEQ570=1179110738196
SAFTDATI570=20200124130514
LCUR570=10
REPL570=2
MERCH_ID570,1=A
MERCH_NAME570,1=Discovery Filling Station Ltd
MERCH_RECEIPT_SEQ_NR570,1=611100993196
PRI570,1=2.75
UPR570,1=2.75
QTY570,1=1.00
QTYUNIT570,1=1
GAMT570,1=2.75
AMT570,1=2.75
UGAMT570,1=2.75
UAMT570,1=2.75
PLU570,1=5055109220021
NAM570,1=CLARKS FRENCH DEMI B
GRP570,1=SANDWICHES
CRD570,1=6000
ART_MERCH_ID570,1=A
EXC570,1=2.75
INC570,1=2.75
MOP570,1=1
MOP_ADDX570,1=10
ROP570,1=1
PM570,1=110
PA570,1=2.75
SLSTOT570=2.75
TYP571=2
DATI571=20200124130539
STATION_NR571=6111
SHF571=4614
ACC_REP_NR571=1177
OPID571=8
REF571=1179110278
SEQ571=1179110738197
SAFTDATI571=20200124130539
LCUR571=10
REPL571=2
MERCH_ID571,1=A
MERCH_NAME571,1=Discovery Filling Station Ltd
MERCH_RECEIPT_SEQ_NR571,1=611100993197
PRI571,1=0.59
UPR571,1=0.59
QTY571,1=1.00
QTYUNIT571,1=1
GAMT571,1=0.59
AMT571,1=0.59
UGAMT571,1=0.59
UAMT571,1=0.59
PLU571,1=5020379124621
NAM571,1=HS ROASTED &
GRP571,1=CRISPS
CRD571,1=3219
ART_MERCH_ID571,1=A
PRC571,1=20.00
VAMT571,1=0.10
EXC571,1=0.49
INC571,1=0.59
MOP571,1=1
MOP_ADDX571,1=10
ROP571,1=1
PM571,1=110
PA571,1=10.00
MOP571,2=1
MOP_ADDX571,2=10
ROP571,2=2
PM571,2=5110
PA571,2=-9.41
SLSTOT571=0.59
TYP572=2
DATI572=20200124130901
STATION_NR572=6111
SHF572=4614
ACC_REP_NR572=1177
OPID572=8
REF572=1179110279
SEQ572=1179110738198
SAFTDATI572=20200124130901
LCUR572=10
REPL572=2
MERCH_ID572,1=A
MERCH_NAME572,1=Discovery Filling Station Ltd
MERCH_RECEIPT_SEQ_NR572,1=611100993198
PRI572,1=1.56
UPR572,1=1.56
QTY572,1=1.00
QTYUNIT572,1=1
GAMT572,1=1.56
AMT572,1=1.56
UGAMT572,1=1.56
UAMT572,1=1.56
PLU572,1=492134
NAM572,1=SCOTCH PIE
GRP572,1=HOT FOOD
CRD572,1=3119
ART_MERCH_ID572,1=A
PRC572,1=20.00
VAMT572,1=0.26
EXC572,1=1.30
INC572,1=1.56
PRI572,2=1.98
UPR572,2=1.98
QTY572,2=1.00
QTYUNIT572,2=1
GAMT572,2=1.98
AMT572,2=1.98
UGAMT572,2=1.98
UAMT572,2=1.98
PLU572,2=492141
NAM572,2=STEAK & GRAVY
GRP572,2=HOT FOOD
CRD572,2=3119
ART_MERCH_ID572,2=A
PRC572,2=20.00
VAMT572,2=0.33
EXC572,2=1.65
INC572,2=1.98
MOP572,1=1
MOP_ADDX572,1=10
ROP572,1=1
PM572,1=110
PA572,1=3.54
SLSTOT572=3.54
TYP573=2
DATI573=20200124131047
STATION_NR573=6111
SHF573=4614
ACC_REP_NR573=1177
OPID573=8
REF573=1179110280
SEQ573=1179110738199
SAFTDATI573=20200124131047
LCUR573=10
REPL573=2
MERCH_ID573,1=A
MERCH_NAME573,1=Discovery Filling Station Ltd
MERCH_RECEIPT_SEQ_NR573,1=611100993199
PRI573,1=1.00
UPR573,1=1.00
QTY573,1=1.00
QTYUNIT573,1=1
GAMT573,1=1.00
AMT573,1=1.00
UGAMT573,1=1.00
UAMT573,1=1.00
PLU573,1=7622210654199
NAM573,1=BASS JLLY BA
GRP573,1=CONFECTIONERY
CRD573,1=3119
ART_MERCH_ID573,1=A
PRC573,1=20.00
VAMT573,1=0.17
EXC573,1=0.83
INC573,1=1.00
MOP573,1=1
MOP_ADDX573,1=10
ROP573,1=1
PM573,1=110
PA573,1=10.00
MOP573,2=1
MOP_ADDX573,2=10
ROP573,2=2
PM573,2=5110
PA573,2=-9.00
SLSTOT573=1.00
TYP574=2
DATI574=20200124131100
STATION_NR574=6111
SHF574=2727
ACC_REP_NR574=1177
OPID574=5
REF574=1179120212
SEQ574=1179120275028
SAFTDATI574=20200124131100
LCUR574=10
PAN574=476223*******575
MERCH_ID574,1=A
MERCH_NAME574,1=Discovery Filling Station Ltd
MERCH_RECEIPT_SEQ_NR574,1=611100993200
PMP574,1=1
PUMP_MODE574,1=1,1,1
NOZZLE574,1=1
NDATI574,1=20200124131035
START_DATE574,1=20200124131009
PRI574,1=1.249
BASEPRI574,1=1.249
QTY574,1=8.02
QTYUNIT574,1=2
GAMT574,1=10.02
AMT574,1=10.02
UGAMT574,1=10.02
UAMT574,1=10.02
PLU574,1=6
NAM574,1=FuelSave Unl
GRP574,1=59
CRD574,1=325
EXTREF574,1=FuelSave Unl
ART_MERCH_ID574,1=A
EXC574,1=10.02
INC574,1=10.02
NQUA_CHANGEABLE574,1=662392.21
CPPAN574,1=476223*******575
MOP574,1=6
MOP_ADDX574,1=50
MOP_ADDY574,1=12
ROP574,1=1
PM574,1=949
PSUB574,1=12
PA574,1=10.02
SLSTOT574=10.02
TYP575=2
DATI575=20200124131422
STATION_NR575=6111
SHF575=4614
ACC_REP_NR575=1177
OPID575=8
REF575=1179110281
SEQ575=1179110738200
SAFTDATI575=20200124131422
LCUR575=10
PAN575=476367*******215
MERCH_ID575,1=A
MERCH_NAME575,1=Discovery Filling Station Ltd
MERCH_RECEIPT_SEQ_NR575,1=611100993201
PMP575,1=4
PUMP_MODE575,1=1,1,1
NOZZLE575,1=3
NDATI575,1=20200124131401
START_DATE575,1=20200124131324
PRI575,1=1.299
BASEPRI575,1=1.299
QTY575,1=11.55
QTYUNIT575,1=2
GAMT575,1=15.00
AMT575,1=15.00
UGAMT575,1=15.00
UAMT575,1=15.00
PLU575,1=3
NAM575,1=FuelSave Dsl
GRP575,1=59
CRD575,1=425
EXTREF575,1=FuelSave Dsl
ART_MERCH_ID575,1=A
EXC575,1=15.00
INC575,1=15.00
NQUA_CHANGEABLE575,1=1502729.81
CPPAN575,1=476367*******215
MOP575,1=6
MOP_ADDX575,1=50
MOP_ADDY575,1=12
ROP575,1=1
PM575,1=949
PSUB575,1=12
PA575,1=15.00
SLSTOT575=15.00
TYP576=2
DATI576=20200124131715
STATION_NR576=6111
ACC_REP_NR576=1177
REF576=1179510011
SEQ576=1179510017026
SAFTDATI576=20200124131715
LCUR576=10
PAN576=475130******8781
HOSTTYPE576=12
HOSTBOOKPER576=1179
AUTH576=167363
CAIC576=044026111
ONLINERC576=000
STAN576=058558
REPL576=2
MERCH_ID576,1=A
MERCH_NAME576,1=Discovery Filling Station Ltd
PMP576,1=5
PUMP_MODE576,1=1,3,2
NOZZLE576,1=1
NDATI576,1=20200124131715
START_DATE576,1=20200124131545
PRI576,1=1.249
BASEPRI576,1=1.249
QTY576,1=40.03
QTYUNIT576,1=2
GAMT576,1=50.00
AMT576,1=50.00
UGAMT576,1=50.00
UAMT576,1=50.00
PLU576,1=6
NAM576,1=FuelSave Unl
GRP576,1=59
CRD576,1=325
EXTREF576,1=FuelSave Unl
ART_MERCH_ID576,1=A
EXC576,1=50.00
INC576,1=50.00
NQUA_CHANGEABLE576,1=1062380.25
CPPAN576,1=475130******8781
CPREPL576,1=2
CPHOSTTYPE576,1=12
CPHOSTBKPER576,1=1179
CPAUTH576,1=167363
CPCAIC576,1=044026111
CPONLINERC576,1=000
CPSTAN576,1=058558
MOP576,1=4
MOP_ADDX576,1=2
MOP_ADDY576,1=2
ROP576,1=1
PM576,1=701
PSUB576,1=2
PA576,1=50.00
TRKMED576,1=5
SLSTOT576=50.00
TYP577=2
DATI577=20200124131650
STATION_NR577=6111
SHF577=2727
ACC_REP_NR577=1177
OPID577=5
REF577=1179120213
SEQ577=1179120275029
SAFTDATI577=20200124131650
LCUR577=10
PAN577=700205*******001048
MERCH_ID577,1=A
MERCH_NAME577,1=Discovery Filling Station Ltd
MERCH_RECEIPT_SEQ_NR577,1=611100993202
PMP577,1=1
PUMP_MODE577,1=1,1,1
NOZZLE577,1=1
NDATI577,1=20200124131529
START_DATE577,1=20200124131445
PRI577,1=1.249
BASEPRI577,1=1.249
QTY577,1=12.01
QTYUNIT577,1=2
GAMT577,1=15.00
AMT577,1=15.00
UGAMT577,1=15.00
UAMT577,1=15.00
PLU577,1=6
NAM577,1=FuelSave Unl
GRP577,1=59
CRD577,1=325
EXTREF577,1=FuelSave Unl
ART_MERCH_ID577,1=A
EXC577,1=15.00
INC577,1=15.00
NQUA_CHANGEABLE577,1=662404.22
CPPAN577,1=700205*******001048
MOP577,1=6
MOP_ADDX577,1=50
MOP_ADDY577,1=1
ROP577,1=1
PM577,1=949
PSUB577,1=1
PA577,1=15.00
SLSTOT577=15.00
TYP578=2
DATI578=20200124131725
STATION_NR578=6111
SHF578=4614
ACC_REP_NR578=1177
OPID578=8
REF578=1179110282
SEQ578=1179110738201
SAFTDATI578=20200124131725
LCUR578=10
REPL578=2
MERCH_ID578,1=A
MERCH_NAME578,1=Discovery Filling Station Ltd
MERCH_RECEIPT_SEQ_NR578,1=611100993203
PRI578,1=0.69
UPR578,1=0.69
QTY578,1=1.00
QTYUNIT578,1=1
GAMT578,1=0.69
AMT578,1=0.69
UGAMT578,1=0.69
UAMT578,1=0.69
PLU578,1=5000112628883
NAM578,1=DIET COKE
GRP578,1=DRINKS
CRD578,1=3119
ART_MERCH_ID578,1=A
PRC578,1=20.00
VAMT578,1=0.11
EXC578,1=0.58
INC578,1=0.69
PRI578,2=1.09
UPR578,2=1.09
QTY578,2=1.00
QTYUNIT578,2=1
GAMT578,2=1.09
AMT578,2=1.09
UGAMT578,2=1.09
UAMT578,2=1.09
PLU578,2=5000112628739
NAM578,2=DIET COKE
GRP578,2=DRINKS
CRD578,2=3119
ART_MERCH_ID578,2=A
PRC578,2=20.00
VAMT578,2=0.18
EXC578,2=0.91
INC578,2=1.09
PRI578,3=1.98
UPR578,3=1.98
QTY578,3=2.00
QTYUNIT578,3=1
GAMT578,3=3.96
AMT578,3=3.96
UGAMT578,3=3.96
UAMT578,3=3.96
PLU578,3=492141
NAM578,3=STEAK & GRAVY
GRP578,3=HOT FOOD
CRD578,3=3119
ART_MERCH_ID578,3=A
PRC578,3=20.00
VAMT578,3=0.66
EXC578,3=3.30
INC578,3=3.96
MOP578,1=1
MOP_ADDX578,1=10
ROP578,1=1
PM578,1=110
PA578,1=20.00
MOP578,2=1
MOP_ADDX578,2=10
ROP578,2=2
PM578,2=5110
PA578,2=-14.26
SLSTOT578=5.74
TYP579=2
DATI579=20200124131740
STATION_NR579=6111
SHF579=2727
ACC_REP_NR579=1177
OPID579=5
REF579=1179120214
SEQ579=1179120275030
SAFTDATI579=20200124131740
LCUR579=10
REPL579=2
MERCH_ID579,1=A
MERCH_NAME579,1=Discovery Filling Station Ltd
MERCH_RECEIPT_SEQ_NR579,1=611100993204
PRI579,1=2.70
UPR579,1=2.70
QTY579,1=1.00
QTYUNIT579,1=1
GAMT579,1=2.70
AMT579,1=2.70
UGAMT579,1=2.70
UAMT579,1=2.70
PLU579,1=5055109220984
NAM579,1=CLARKS WRAP 2.60
GRP579,1=SANDWICHES
CRD579,1=6000
ART_MERCH_ID579,1=A
EXC579,1=2.70
INC579,1=2.70
PRI579,2=0.70
UPR579,2=0.70
QTY579,2=1.00
QTYUNIT579,2=1
GAMT579,2=0.70
AMT579,2=0.70
UGAMT579,2=0.70
UAMT579,2=0.70
PLU579,2=5000237060971
NAM579,2=KP HULA HOOPS BBQ
GRP579,2=CRISPS
CRD579,2=3219
ART_MERCH_ID579,2=A
PRC579,2=20.00
VAMT579,2=0.12
EXC579,2=0.58
INC579,2=0.70
PRI579,3=0.69
UPR579,3=0.69
QTY579,3=1.00
QTYUNIT579,3=1
GAMT579,3=0.69
AMT579,3=0.69
UGAMT579,3=0.69
UAMT579,3=0.69
PLU579,3=5000112628883
NAM579,3=DIET COKE
GRP579,3=DRINKS
CRD579,3=3119
ART_MERCH_ID579,3=A
PRC579,3=20.00
VAMT579,3=0.11
EXC579,3=0.58
INC579,3=0.69
PRI579,4=0.65
UPR579,4=0.65
QTY579,4=1.00
QTYUNIT579,4=1
GAMT579,4=0.65
AMT579,4=0.65
UGAMT579,4=0.65
UAMT579,4=0.65
PLU579,4=42070719
NAM579,4=EXTRA COOL BREEZE
GRP579,4=CONFECTIONERY
CRD579,4=3119
ART_MERCH_ID579,4=A
PRC579,4=20.00
VAMT579,4=0.11
EXC579,4=0.54
INC579,4=0.65
MOP579,1=1
MOP_ADDX579,1=10
ROP579,1=1
PM579,1=110
PA579,1=20.00
MOP579,2=1
MOP_ADDX579,2=10
ROP579,2=2
PM579,2=5110
PA579,2=-15.26
SLSTOT579=4.74
TYP580=2
DATI580=20200124131753
STATION_NR580=6111
SHF580=2727
ACC_REP_NR580=1177
OPID580=5
REF580=1179120215
SEQ580=1179120275031
SAFTDATI580=20200124131753
LCUR580=10
PAN580=706650******355
MERCH_ID580,1=A
MERCH_NAME580,1=Discovery Filling Station Ltd
MERCH_RECEIPT_SEQ_NR580,1=611100993205
PMP580,1=6
PUMP_MODE580,1=1,1,1
NOZZLE580,1=1
NDATI580,1=20200124131605
START_DATE580,1=20200124131516
PRI580,1=1.249
BASEPRI580,1=1.249
QTY580,1=18.39
QTYUNIT580,1=2
GAMT580,1=22.97
AMT580,1=22.97
UGAMT580,1=22.97
UAMT580,1=22.97
PLU580,1=6
NAM580,1=FuelSave Unl
GRP580,1=59
CRD580,1=325
EXTREF580,1=FuelSave Unl
ART_MERCH_ID580,1=A
EXC580,1=22.97
INC580,1=22.97
NQUA_CHANGEABLE580,1=369571.98
CPPAN580,1=706650******355
MOP580,1=6
MOP_ADDX580,1=50
MOP_ADDY580,1=10
ROP580,1=1
PM580,1=949
PSUB580,1=10
PA580,1=22.97
SLSTOT580=22.97
TYP581=2
DATI581=20200124131815
STATION_NR581=6111
SHF581=4614
ACC_REP_NR581=1177
OPID581=8
REF581=1179110283
SEQ581=1179110738202
SAFTDATI581=20200124131815
LCUR581=10
PAN581=481885*******359
MERCH_ID581,1=A
MERCH_NAME581,1=Discovery Filling Station Ltd
MERCH_RECEIPT_SEQ_NR581,1=611100993206
PRI581,1=1.39
UPR581,1=1.39
QTY581,1=1.00
QTYUNIT581,1=1
GAMT581,1=1.39
AMT581,1=1.39
UGAMT581,1=1.39
UAMT581,1=1.39
PLU581,1=5000382023197
NAM581,1=IRN BRU
GRP581,1=DRINKS
CRD581,1=3119
ART_MERCH_ID581,1=A
PRC581,1=20.00
VAMT581,1=0.23
EXC581,1=1.16
INC581,1=1.39
PRI581,2=1.09
UPR581,2=1.09
QTY581,2=1.00
QTYUNIT581,2=1
GAMT581,2=1.09
AMT581,2=0.80
UGAMT581,2=1.09
UAMT581,2=0.80
PLU581,2=5054267008090
NAM581,2=LUCOZADE
GRP581,2=DRINKS
CRD581,2=3119
PRO581,2=MMH1887
DSCT581,2=2
DNAM581,2=L/ENRGY 2 FOR 1.60
DSC581,2=0.29
ART_MERCH_ID581,2=A
PRC581,2=20.00
VAMT581,2=0.13
EXC581,2=0.67
INC581,2=0.80
PRI581,3=1.09
UPR581,3=1.09
QTY581,3=1.00
QTYUNIT581,3=1
GAMT581,3=1.09
AMT581,3=0.80
UGAMT581,3=1.09
UAMT581,3=0.80
PLU581,3=5054267007642
NAM581,3=LUCOZADE
GRP581,3=DRINKS
CRD581,3=3119
PRO581,3=MMH1887
DSCT581,3=2
DNAM581,3=L/ENRGY 2 FOR 1.60
DSC581,3=0.29
ART_MERCH_ID581,3=A
PRC581,3=20.00
VAMT581,3=0.13
EXC581,3=0.67
INC581,3=0.80
CPPAN581,1=481885*******359
MOP581,1=6
MOP_ADDX581,1=50
MOP_ADDY581,1=13
ROP581,1=1
PM581,1=949
PSUB581,1=13
PA581,1=2.99
SLSTOT581=2.99
TYP582=2
DATI582=20200124131932
STATION_NR582=6111
SHF582=2727
ACC_REP_NR582=1177
OPID582=5
REF582=1179120216
SEQ582=1179120275032
SAFTDATI582=20200124131932
LCUR582=10
REPL582=2
MERCH_ID582,1=A
MERCH_NAME582,1=Discovery Filling Station Ltd
MERCH_RECEIPT_SEQ_NR582,1=611100993207
PMP582,1=1
PUMP_MODE582,1=1,1,1
NOZZLE582,1=2
NDATI582,1=20200124131914
START_DATE582,1=20200124131821
PRI582,1=1.299
BASEPRI582,1=1.299
QTY582,1=7.70
QTYUNIT582,1=2
GAMT582,1=10.00
AMT582,1=10.00
UGAMT582,1=10.00
UAMT582,1=10.00
PLU582,1=3
NAM582,1=FuelSave Dsl
GRP582,1=59
CRD582,1=425
EXTREF582,1=FuelSave Dsl
ART_MERCH_ID582,1=A
EXC582,1=10.00
INC582,1=10.00
NQUA_CHANGEABLE582,1=825790.54
MOP582,1=1
MOP_ADDX582,1=10
ROP582,1=1
PM582,1=110
PA582,1=10.00
SLSTOT582=10.00
TYP583=2
DATI583=20200124132132
STATION_NR583=6111
SHF583=2727
ACC_REP_NR583=1177
OPID583=5
REF583=1179120217
SEQ583=1179120275033
SAFTDATI583=20200124132132
LCUR583=10
PAN583=465904*******384
MERCH_ID583,1=A
MERCH_NAME583,1=Discovery Filling Station Ltd
MERCH_RECEIPT_SEQ_NR583,1=611100993208
PRI583,1=1.09
UPR583,1=1.09
QTY583,1=1.00
QTYUNIT583,1=1
GAMT583,1=1.09
AMT583,1=1.09
UGAMT583,1=1.09
UAMT583,1=1.09
PLU583,1=5010092093045
NAM583,1=KINGSMILL EVERYDAY W
GRP583,1=GROCERY ZERO
CRD583,1=3100
ART_MERCH_ID583,1=A
EXC583,1=1.09
INC583,1=1.09
PRI583,2=1.09
UPR583,2=1.09
QTY583,2=1.00
QTYUNIT583,2=1
GAMT583,2=1.09
AMT583,2=1.09
UGAMT583,2=1.09
UAMT583,2=1.09
PLU583,2=5054267007895
NAM583,2=RIBENA
GRP583,2=DRINKS
CRD583,2=3119
ART_MERCH_ID583,2=A
PRC583,2=20.00
VAMT583,2=0.18
EXC583,2=0.91
INC583,2=1.09
PRI583,3=1.09
UPR583,3=1.09
QTY583,3=1.00
QTYUNIT583,3=1
GAMT583,3=1.09
AMT583,3=1.09
UGAMT583,3=1.09
UAMT583,3=1.09
PLU583,3=5054267007642
NAM583,3=LUCOZADE
GRP583,3=DRINKS
CRD583,3=3119
ART_MERCH_ID583,3=A
PRC583,3=20.00
VAMT583,3=0.18
EXC583,3=0.91
INC583,3=1.09
PRI583,4=0.80
UPR583,4=0.80
QTY583,4=2.00
QTYUNIT583,4=1
GAMT583,4=1.60
AMT583,4=1.00
UGAMT583,4=1.60
UAMT583,4=1.00
PLU583,4=5900951247033
NAM583,4=GALAXY COOKIE CRUMBL
GRP583,4=CONFECTIONERY
CRD583,4=3119
PRO583,4=MMH1874
DSCT583,4=2
DNAM583,4=CHOC 2 F 1
DSC583,4=0.60
ART_MERCH_ID583,4=A
PRC583,4=20.00
VAMT583,4=0.17
EXC583,4=0.83
INC583,4=1.00
PRI583,5=2.60
UPR583,5=2.60
QTY583,5=1.00
QTYUNIT583,5=1
GAMT583,5=2.60
AMT583,5=2.60
UGAMT583,5=2.60
UAMT583,5=2.60
PLU583,5=5055109220915
NAM583,5=CLARKS  WRAP 2.50
GRP583,5=CHILLED FOOD
CRD583,5=3400
ART_MERCH_ID583,5=A
EXC583,5=2.60
INC583,5=2.60
CPPAN583,1=465904*******384
MOP583,1=6
MOP_ADDX583,1=50
MOP_ADDY583,1=12
ROP583,1=1
PM583,1=949
PSUB583,1=12
PA583,1=6.87
SLSTOT583=6.87
TYP584=2
DATI584=20200124132208
STATION_NR584=6111
SHF584=2727
ACC_REP_NR584=1177
OPID584=5
REF584=1179120218
SEQ584=1179120275034
SAFTDATI584=20200124132208
LCUR584=10
REPL584=2
MERCH_ID584,1=A
MERCH_NAME584,1=Discovery Filling Station Ltd
MERCH_RECEIPT_SEQ_NR584,1=611100993209
PRI584,1=14.10
UPR584,1=14.10
QTY584,1=1.00
QTYUNIT584,1=1
GAMT584,1=14.10
AMT584,1=14.10
UGAMT584,1=14.10
UAMT584,1=14.10
PLU584,1=5000143958621
NAM584,1=A/LEAF 30G
GRP584,1=TOBACCO
CRD584,1=4019
ART_MERCH_ID584,1=A
PRC584,1=20.00
VAMT584,1=2.35
EXC584,1=11.75
INC584,1=14.10
MOP584,1=1
MOP_ADDX584,1=10
ROP584,1=1
PM584,1=110
PA584,1=14.10
SLSTOT584=14.10
TYP585=2
DATI585=20200124132252
STATION_NR585=6111
SHF585=2727
ACC_REP_NR585=1177
OPID585=5
REF585=1179120219
SEQ585=1179120275035
SAFTDATI585=20200124132252
LCUR585=10
PAN585=707881028700001401
CERT585=----------------
REPL585=2
CARR585=HDZ2798
CUST585=32
CNAM585=WELDING SERVICES
ID585=707881028700001401
INFO585=WELDING SERVICES
MERCH_ID585,1=A
MERCH_NAME585,1=Discovery Filling Station Ltd
MERCH_RECEIPT_SEQ_NR585,1=611100993210
PMP585,1=5
PUMP_MODE585,1=1,1,1
NOZZLE585,1=2
NDATI585,1=20200124132044
START_DATE585,1=20200124131847
PRI585,1=1.299
BASEPRI585,1=1.299
QTY585,1=38.49
QTYUNIT585,1=2
GAMT585,1=50.00
AMT585,1=50.00
UGAMT585,1=50.00
UAMT585,1=50.00
PLU585,1=3
NAM585,1=FuelSave Dsl
GRP585,1=59
CRD585,1=425
EXTREF585,1=FuelSave Dsl
ART_MERCH_ID585,1=A
EXC585,1=50.00
INC585,1=50.00
NQUA_CHANGEABLE585,1=1115071.75
CPPAN585,1=707881028700001401
CPCERT585,1=----------------
CPREPL585,1=2
CPCARR585,1=HDZ2798
MOP585,1=10
MOP_ADDX585,1=20
ROP585,1=1
PM585,1=3000
PA585,1=50.00
TRKMED585,1=1
SLSTOT585=50.00
TYP586=2
DATI586=20200124132317
STATION_NR586=6111
SHF586=2727
ACC_REP_NR586=1177
OPID586=5
REF586=1179120220
SEQ586=1179120275036
SAFTDATI586=20200124132317
LCUR586=10
REPL586=2
MERCH_ID586,1=A
MERCH_NAME586,1=Discovery Filling Station Ltd
MERCH_RECEIPT_SEQ_NR586,1=611100993211
PRI586,1=8.70
UPR586,1=8.70
QTY586,1=1.00
QTYUNIT586,1=1
GAMT586,1=8.70
AMT586,1=8.70
UGAMT586,1=8.70
UAMT586,1=8.70
PLU586,1=5000431027572
NAM586,1=L&B KS BLUE 20
GRP586,1=TOBACCO
CRD586,1=4019
ART_MERCH_ID586,1=A
PRC586,1=20.00
VAMT586,1=1.45
EXC586,1=7.25
INC586,1=8.70
MOP586,1=1
MOP_ADDX586,1=10
ROP586,1=1
PM586,1=110
PA586,1=8.70
SLSTOT586=8.70
TYP587=2
DATI587=20200124132351
STATION_NR587=6111
SHF587=2727
ACC_REP_NR587=1177
OPID587=5
REF587=1179120221
SEQ587=1179120275037
SAFTDATI587=20200124132351
LCUR587=10
PAN587=535562*******082
MERCH_ID587,1=A
MERCH_NAME587,1=Discovery Filling Station Ltd
MERCH_RECEIPT_SEQ_NR587,1=611100993212
PMP587,1=3
PUMP_MODE587,1=1,1,1
NOZZLE587,1=3
NDATI587,1=20200124132224
START_DATE587,1=20200124132145
PRI587,1=1.299
BASEPRI587,1=1.299
QTY587,1=15.42
QTYUNIT587,1=2
GAMT587,1=20.03
AMT587,1=20.03
UGAMT587,1=20.03
UAMT587,1=20.03
PLU587,1=3
NAM587,1=FuelSave Dsl
GRP587,1=59
CRD587,1=425
EXTREF587,1=FuelSave Dsl
ART_MERCH_ID587,1=A
EXC587,1=20.03
INC587,1=20.03
NQUA_CHANGEABLE587,1=1277284.51
PRI587,2=1.92
UPR587,2=1.92
QTY587,2=1.00
QTYUNIT587,2=1
GAMT587,2=1.92
AMT587,2=1.92
UGAMT587,2=1.92
UAMT587,2=1.92
PLU587,2=492139
NAM587,2=MAC CHEESE PIE
GRP587,2=HOT FOOD
CRD587,2=3119
ART_MERCH_ID587,2=A
PRC587,2=20.00
VAMT587,2=0.32
EXC587,2=1.60
INC587,2=1.92
CPPAN587,1=535562*******082
MOP587,1=6
MOP_ADDX587,1=50
MOP_ADDY587,1=14
ROP587,1=1
PM587,1=949
PSUB587,1=14
PA587,1=21.95
SLSTOT587=21.95
TYP588=2
DATI588=20200124132413
STATION_NR588=6111
SHF588=2727
ACC_REP_NR588=1177
OPID588=5
REF588=1179120222
SEQ588=1179120275038
SAFTDATI588=20200124132413
LCUR588=10
PAN588=482178*******758
MERCH_ID588,1=A
MERCH_NAME588,1=Discovery Filling Station Ltd
MERCH_RECEIPT_SEQ_NR588,1=611100993213
PRI588,1=1.00
UPR588,1=1.00
QTY588,1=1.00
QTYUNIT588,1=1
GAMT588,1=1.00
AMT588,1=1.00
UGAMT588,1=1.00
UAMT588,1=1.00
PLU588,1=5000237131015
NAM588,1=NIK NAKS NIC
GRP588,1=CRISPS
CRD588,1=3219
ART_MERCH_ID588,1=A
PRC588,1=20.00
VAMT588,1=0.17
EXC588,1=0.83
INC588,1=1.00
PRI588,2=1.19
UPR588,2=1.19
QTY588,2=2.00
QTYUNIT588,2=1
GAMT588,2=2.38
AMT588,2=2.00
UGAMT588,2=2.38
UAMT588,2=2.00
PLU588,2=4060800303226
NAM588,2=PEPSI PM119
GRP588,2=DRINKS
CRD588,2=3119
PRO588,2=MMH1881
DSCT588,2=2
DNAM588,2=7UP 2 FOR 2.00
DSC588,2=0.38
ART_MERCH_ID588,2=A
PRC588,2=20.00
VAMT588,2=0.33
EXC588,2=1.67
INC588,2=2.00
CPPAN588,1=482178*******758
MOP588,1=6
MOP_ADDX588,1=50
MOP_ADDY588,1=13
ROP588,1=1
PM588,1=949
PSUB588,1=13
PA588,1=3.00
SLSTOT588=3.00
TYP589=2
DATI589=20200124132428
STATION_NR589=6111
SHF589=4614
ACC_REP_NR589=1177
OPID589=8
REF589=1179110284
SEQ589=1179110738203
SAFTDATI589=20200124132428
LCUR589=10
PAN589=700205*******000395
MERCH_ID589,1=A
MERCH_NAME589,1=Discovery Filling Station Ltd
MERCH_RECEIPT_SEQ_NR589,1=611100993214
PMP589,1=2
PUMP_MODE589,1=1,1,1
NOZZLE589,1=2
NDATI589,1=20200124132318
START_DATE589,1=20200124132101
PRI589,1=1.299
BASEPRI589,1=1.299
QTY589,1=64.29
QTYUNIT589,1=2
GAMT589,1=83.51
AMT589,1=83.51
UGAMT589,1=83.51
UAMT589,1=83.51
PLU589,1=3
NAM589,1=FuelSave Dsl
GRP589,1=59
CRD589,1=425
EXTREF589,1=FuelSave Dsl
ART_MERCH_ID589,1=A
EXC589,1=83.51
INC589,1=83.51
NQUA_CHANGEABLE589,1=1555278.97
CPPAN589,1=700205*******000395
MOP589,1=6
MOP_ADDX589,1=50
MOP_ADDY589,1=1
ROP589,1=1
PM589,1=949
PSUB589,1=1
PA589,1=83.51
SLSTOT589=83.51
TYP590=2
DATI590=20200124132545
STATION_NR590=6111
SHF590=4614
ACC_REP_NR590=1177
OPID590=8
REF590=1179110285
SEQ590=1179110738204
SAFTDATI590=20200124132545
LCUR590=10
REPL590=2
MERCH_ID590,1=A
MERCH_NAME590,1=Discovery Filling Station Ltd
MERCH_RECEIPT_SEQ_NR590,1=611100993215
PRI590,1=1.92
UPR590,1=1.92
QTY590,1=1.00
QTYUNIT590,1=1
GAMT590,1=1.92
AMT590,1=1.92
UGAMT590,1=1.92
UAMT590,1=1.92
PLU590,1=492137
NAM590,1=POTATO & BEAN
GRP590,1=HOT FOOD
CRD590,1=3119
ART_MERCH_ID590,1=A
PRC590,1=20.00
VAMT590,1=0.32
EXC590,1=1.60
INC590,1=1.92
PRI590,2=0.79
UPR590,2=0.79
QTY590,2=1.00
QTYUNIT590,2=1
GAMT590,2=0.79
AMT590,2=0.79
UGAMT590,2=0.79
UAMT590,2=0.79
PLU590,2=5020379150095
NAM590,2=ES SS MILK
GRP590,2=CHILLED FOOD
CRD590,2=3400
ART_MERCH_ID590,2=A
EXC590,2=0.79
INC590,2=0.79
MOP590,1=1
MOP_ADDX590,1=10
ROP590,1=1
PM590,1=110
PA590,1=10.00
MOP590,2=1
MOP_ADDX590,2=10
ROP590,2=2
PM590,2=5110
PA590,2=-7.29
SLSTOT590=2.71
TYP591=2
DATI591=20200124132638
STATION_NR591=6111
SHF591=4614
ACC_REP_NR591=1177
OPID591=8
REF591=1179110286
SEQ591=1179110738205
SAFTDATI591=20200124132638
LCUR591=10
PAN591=700205*******548389
MERCH_ID591,1=A
MERCH_NAME591,1=Discovery Filling Station Ltd
MERCH_RECEIPT_SEQ_NR591,1=611100993216
PMP591,1=5
PUMP_MODE591,1=1,1,1
NOZZLE591,1=2
NDATI591,1=20200124132609
START_DATE591,1=20200124132410
PRI591,1=1.299
BASEPRI591,1=1.299
QTY591,1=44.35
QTYUNIT591,1=2
GAMT591,1=57.61
AMT591,1=57.61
UGAMT591,1=57.61
UAMT591,1=57.61
PLU591,1=3
NAM591,1=FuelSave Dsl
GRP591,1=59
CRD591,1=425
EXTREF591,1=FuelSave Dsl
ART_MERCH_ID591,1=A
EXC591,1=57.61
INC591,1=57.61
NQUA_CHANGEABLE591,1=1115116.10
CPPAN591,1=700205*******548389
MOP591,1=6
MOP_ADDX591,1=50
MOP_ADDY591,1=1
ROP591,1=1
PM591,1=949
PSUB591,1=1
PA591,1=57.61
SLSTOT591=57.61
TYP592=2
DATI592=20200124132805
STATION_NR592=6111
SHF592=4614
ACC_REP_NR592=1177
OPID592=8
REF592=1179110287
SEQ592=1179110738206
SAFTDATI592=20200124132805
LCUR592=10
PAN592=446292*******617
MERCH_ID592,1=A
MERCH_NAME592,1=Discovery Filling Station Ltd
MERCH_RECEIPT_SEQ_NR592,1=611100993217
PMP592,1=3
PUMP_MODE592,1=1,1,1
NOZZLE592,1=3
NDATI592,1=20200124132732
START_DATE592,1=20200124132701
PRI592,1=1.299
BASEPRI592,1=1.299
QTY592,1=3.85
QTYUNIT592,1=2
GAMT592,1=5.00
AMT592,1=5.00
UGAMT592,1=5.00
UAMT592,1=5.00
PLU592,1=3
NAM592,1=FuelSave Dsl
GRP592,1=59
CRD592,1=425
EXTREF592,1=FuelSave Dsl
ART_MERCH_ID592,1=A
EXC592,1=5.00
INC592,1=5.00
NQUA_CHANGEABLE592,1=1277288.36
CPPAN592,1=446292*******617
MOP592,1=6
MOP_ADDX592,1=50
MOP_ADDY592,1=12
ROP592,1=1
PM592,1=949
PSUB592,1=12
PA592,1=5.00
SLSTOT592=5.00
TYP593=2
DATI593=20200124133001
STATION_NR593=6111
SHF593=4614
ACC_REP_NR593=1177
OPID593=8
REF593=1179110288
SEQ593=1179110738207
SAFTDATI593=20200124133001
LCUR593=10
REPL593=2
MERCH_ID593,1=A
MERCH_NAME593,1=Discovery Filling Station Ltd
MERCH_RECEIPT_SEQ_NR593,1=611100993218
PMP593,1=1
PUMP_MODE593,1=1,1,1
NOZZLE593,1=2
NDATI593,1=20200124132756
START_DATE593,1=20200124132718
PRI593,1=1.299
BASEPRI593,1=1.299
QTY593,1=12.32
QTYUNIT593,1=2
GAMT593,1=16.00
AMT593,1=16.00
UGAMT593,1=16.00
UAMT593,1=16.00
PLU593,1=3
NAM593,1=FuelSave Dsl
GRP593,1=59
CRD593,1=425
EXTREF593,1=FuelSave Dsl
ART_MERCH_ID593,1=A
EXC593,1=16.00
INC593,1=16.00
NQUA_CHANGEABLE593,1=825802.86
PRI593,2=1.00
UPR593,2=1.00
QTY593,2=1.00
QTYUNIT593,2=1
GAMT593,2=1.00
AMT593,2=1.00
UGAMT593,2=1.00
UAMT593,2=1.00
PLU593,2=5410438037816
NAM593,2=YZO SBRY MLK
GRP593,2=CHILLED FOOD
CRD593,2=3400
ART_MERCH_ID593,2=A
EXC593,2=1.00
INC593,2=1.00
MOP593,1=1
MOP_ADDX593,1=10
ROP593,1=1
PM593,1=110
PA593,1=20.00
MOP593,2=1
MOP_ADDX593,2=10
ROP593,2=2
PM593,2=5110
PA593,2=-3.00
SLSTOT593=17.00
TYP594=2
DATI594=20200124133148
STATION_NR594=6111
SHF594=4614
ACC_REP_NR594=1177
OPID594=8
REF594=1179110289
SEQ594=1179110738208
SAFTDATI594=20200124133148
LCUR594=10
PAN594=707881028700001365
CERT594=----------------
REPL594=2
CARR594=WR16NJK
CUST594=24
CNAM594=PETROSHOPS
ID594=707881028700001365
INFO594=PETROSHOPS
MERCH_ID594,1=A
MERCH_NAME594,1=Discovery Filling Station Ltd
MERCH_RECEIPT_SEQ_NR594,1=611100993219
PMP594,1=6
PUMP_MODE594,1=1,1,1
NOZZLE594,1=2
NDATI594,1=20200124133043
START_DATE594,1=20200124132954
PRI594,1=1.299
BASEPRI594,1=1.299
QTY594,1=15.40
QTYUNIT594,1=2
GAMT594,1=20.00
AMT594,1=20.00
UGAMT594,1=20.00
UAMT594,1=20.00
PLU594,1=3
NAM594,1=FuelSave Dsl
GRP594,1=59
CRD594,1=425
EXTREF594,1=FuelSave Dsl
ART_MERCH_ID594,1=A
EXC594,1=20.00
INC594,1=20.00
NQUA_CHANGEABLE594,1=1186803.91
CPPAN594,1=707881028700001365
CPCERT594,1=----------------
CPREPL594,1=2
CPCARR594,1=WR16NJK
MOP594,1=10
MOP_ADDX594,1=20
ROP594,1=1
PM594,1=3000
PA594,1=20.00
TRKMED594,1=1
SLSTOT594=20.00
TYP595=2
DATI595=20200124133218
STATION_NR595=6111
SHF595=4614
ACC_REP_NR595=1177
OPID595=8
REF595=1179110290
SEQ595=1179110738209
SAFTDATI595=20200124133218
LCUR595=10
REPL595=2
MERCH_ID595,1=A
MERCH_NAME595,1=Discovery Filling Station Ltd
MERCH_RECEIPT_SEQ_NR595,1=611100993220
PMP595,1=3
PUMP_MODE595,1=1,1,1
NOZZLE595,1=1
NDATI595,1=20200124133115
START_DATE595,1=20200124132959
PRI595,1=1.249
BASEPRI595,1=1.249
QTY595,1=17.62
QTYUNIT595,1=2
GAMT595,1=22.01
AMT595,1=22.01
UGAMT595,1=22.01
UAMT595,1=22.01
PLU595,1=6
NAM595,1=FuelSave Unl
GRP595,1=59
CRD595,1=325
EXTREF595,1=FuelSave Unl
ART_MERCH_ID595,1=A
EXC595,1=22.01
INC595,1=22.01
NQUA_CHANGEABLE595,1=1194571.89
MOP595,1=1
MOP_ADDX595,1=10
ROP595,1=1
PM595,1=110
PA595,1=22.01
SLSTOT595=22.01
TYP596=2
DATI596=20200124133245
STATION_NR596=6111
SHF596=4614
ACC_REP_NR596=1177
OPID596=8
REF596=1179110291
SEQ596=1179110738210
SAFTDATI596=20200124133245
LCUR596=10
REPL596=2
MERCH_ID596,1=A
MERCH_NAME596,1=Discovery Filling Station Ltd
MERCH_RECEIPT_SEQ_NR596,1=611100993221
PRI596,1=8.70
UPR596,1=8.70
QTY596,1=1.00
QTYUNIT596,1=1
GAMT596,1=8.70
AMT596,1=8.70
UGAMT596,1=8.70
UAMT596,1=8.70
PLU596,1=5000431026933
NAM596,1=PLAYERS K/S BRIGHT B
GRP596,1=TOBACCO
CRD596,1=4019
ART_MERCH_ID596,1=A
PRC596,1=20.00
VAMT596,1=1.45
EXC596,1=7.25
INC596,1=8.70
MOP596,1=1
MOP_ADDX596,1=10
ROP596,1=1
PM596,1=110
PA596,1=10.00
MOP596,2=1
MOP_ADDX596,2=10
ROP596,2=2
PM596,2=5110
PA596,2=-1.30
SLSTOT596=8.70
TYP597=21
SPEC_TYPE597=14
DATI597=20200124133335
STATION_NR597=6111
SHF597=4614
OPID597=8
LREF597=1179110292
SPEC_ID597=3000
SPEC_NAME597=MISC VAT
SPEC_ITYP597=1
SPEC_QUA597=1.00
SPEC_PRI597=1.29
SPEC_AMT597=1.29
TYP598=2
DATI598=20200124133342
STATION_NR598=6111
SHF598=4614
ACC_REP_NR598=1177
OPID598=8
REF598=1179110292
SEQ598=1179110738211
SAFTDATI598=20200124133342
LCUR598=10
REPL598=2
MERCH_ID598,1=A
MERCH_NAME598,1=Discovery Filling Station Ltd
MERCH_RECEIPT_SEQ_NR598,1=611100993222
PRI598,1=1.92
UPR598,1=1.92
QTY598,1=1.00
QTYUNIT598,1=1
GAMT598,1=1.92
AMT598,1=1.92
UGAMT598,1=1.92
UAMT598,1=1.92
PLU598,1=492139
NAM598,1=MAC CHEESE PIE
GRP598,1=HOT FOOD
CRD598,1=3119
ART_MERCH_ID598,1=A
PRC598,1=20.00
VAMT598,1=0.32
EXC598,1=1.60
INC598,1=1.92
PRI598,2=2.40
UPR598,2=2.40
QTY598,2=1.00
QTYUNIT598,2=1
GAMT598,2=2.40
AMT598,2=2.40
UGAMT598,2=2.40
UAMT598,2=2.40
PLU598,2=1010
NAM598,2=REGULAR 12OZ HOT DRI
GRP598,2=DRINKS PROMO
CRD598,2=6000
ART_MERCH_ID598,2=A
PRC598,2=20.00
VAMT598,2=0.40
EXC598,2=2.00
INC598,2=2.40
PRI598,3=1.29
UPR598,3=1.29
QTY598,3=1.00
QTYUNIT598,3=1
GAMT598,3=1.29
AMT598,3=1.29
UGAMT598,3=1.29
UAMT598,3=1.29
PLU598,3=3000
NAM598,3=MISC VAT
GRP598,3=MISC VAT
CRD598,3=6019
ART_MERCH_ID598,3=A
PRC598,3=20.00
VAMT598,3=0.21
EXC598,3=1.08
INC598,3=1.29
MOP598,1=1
MOP_ADDX598,1=10
ROP598,1=1
PM598,1=110
PA598,1=10.00
MOP598,2=1
MOP_ADDX598,2=10
ROP598,2=2
PM598,2=5110
PA598,2=-4.39
SLSTOT598=5.61
TYP599=2
DATI599=20200124133421
STATION_NR599=6111
SHF599=4614
ACC_REP_NR599=1177
OPID599=8
REF599=1179110293
SEQ599=1179110738212
SAFTDATI599=20200124133421
LCUR599=10
PAN599=446204*******363
MERCH_ID599,1=A
MERCH_NAME599,1=Discovery Filling Station Ltd
MERCH_RECEIPT_SEQ_NR599,1=611100993223
PMP599,1=4
PUMP_MODE599,1=1,1,1
NOZZLE599,1=3
NDATI599,1=20200124133157
START_DATE599,1=20200124132924
PRI599,1=1.299
BASEPRI599,1=1.299
QTY599,1=53.89
QTYUNIT599,1=2
GAMT599,1=70.00
AMT599,1=70.00
UGAMT599,1=70.00
UAMT599,1=70.00
PLU599,1=3
NAM599,1=FuelSave Dsl
GRP599,1=59
CRD599,1=425
EXTREF599,1=FuelSave Dsl
ART_MERCH_ID599,1=A
EXC599,1=70.00
INC599,1=70.00
NQUA_CHANGEABLE599,1=1502783.70
CPPAN599,1=446204*******363
MOP599,1=6
MOP_ADDX599,1=50
MOP_ADDY599,1=12
ROP599,1=1
PM599,1=949
PSUB599,1=12
PA599,1=70.00
SLSTOT599=70.00
TYP600=2
DATI600=20200124133456
STATION_NR600=6111
SHF600=4614
ACC_REP_NR600=1177
OPID600=8
REF600=1179110294
SEQ600=1179110738213
SAFTDATI600=20200124133456
LCUR600=10
REPL600=2
MERCH_ID600,1=A
MERCH_NAME600,1=Discovery Filling Station Ltd
MERCH_RECEIPT_SEQ_NR600,1=611100993224
PRI600,1=2.40
UPR600,1=2.40
QTY600,1=1.00
QTYUNIT600,1=1
GAMT600,1=2.40
AMT600,1=2.40
UGAMT600,1=2.40
UAMT600,1=2.40
PLU600,1=1010
NAM600,1=REGULAR 12OZ HOT DRI
GRP600,1=DRINKS PROMO
CRD600,1=6000
ART_MERCH_ID600,1=A
PRC600,1=20.00
VAMT600,1=0.40
EXC600,1=2.00
INC600,1=2.40
MOP600,1=1
MOP_ADDX600,1=10
ROP600,1=1
PM600,1=110
PA600,1=2.40
SLSTOT600=2.40
TYP601=2
DATI601=20200124133516
STATION_NR601=6111
SHF601=2727
ACC_REP_NR601=1177
OPID601=5
REF601=1179120223
SEQ601=1179120275039
SAFTDATI601=20200124133516
LCUR601=10
REPL601=2
MERCH_ID601,1=A
MERCH_NAME601,1=Discovery Filling Station Ltd
MERCH_RECEIPT_SEQ_NR601,1=611100993225
PRI601,1=1.05
UPR601,1=1.05
QTY601,1=2.00
QTYUNIT601,1=1
GAMT601,1=2.10
AMT601,1=2.10
UGAMT601,1=2.10
UAMT601,1=2.10
PLU601,1=5900951028502
NAM601,1=TWIX KINGSIZE 85G
GRP601,1=CONFECTIONERY
CRD601,1=3119
ART_MERCH_ID601,1=A
PRC601,1=20.00
VAMT601,1=0.35
EXC601,1=1.75
INC601,1=2.10
PRI601,2=1.69
UPR601,2=1.69
QTY601,2=1.00
QTYUNIT601,2=1
GAMT601,2=1.69
AMT601,2=1.69
UGAMT601,2=1.69
UAMT601,2=1.69
PLU601,2=5060147114348
NAM601,2=WRAP
GRP601,2=CHILLED FOOD
CRD601,2=3400
ART_MERCH_ID601,2=A
EXC601,2=1.69
INC601,2=1.69
PRI601,3=0.65
UPR601,3=0.65
QTY601,3=1.00
QTYUNIT601,3=1
GAMT601,3=0.65
AMT601,3=0.65
UGAMT601,3=0.65
UAMT601,3=0.65
PLU601,3=5000328142166
NAM601,3=WLKRS C&0
GRP601,3=CRISPS
CRD601,3=3219
ART_MERCH_ID601,3=A
PRC601,3=20.00
VAMT601,3=0.11
EXC601,3=0.54
INC601,3=0.65
PRI601,4=0.99
UPR601,4=0.99
QTY601,4=1.00
QTYUNIT601,4=1
GAMT601,4=0.99
AMT601,4=0.99
UGAMT601,4=0.99
UAMT601,4=0.99
PLU601,4=5000382044925
NAM601,4=IRN BRU
GRP601,4=DRINKS
CRD601,4=3119
ART_MERCH_ID601,4=A
PRC601,4=20.00
VAMT601,4=0.16
EXC601,4=0.83
INC601,4=0.99
MOP601,1=1
MOP_ADDX601,1=10
ROP601,1=1
PM601,1=110
PA601,1=5.43
SLSTOT601=5.43
TYP602=2
DATI602=20200124133510
STATION_NR602=6111
SHF602=4614
ACC_REP_NR602=1177
OPID602=8
REF602=1179110295
SEQ602=1179110738214
SAFTDATI602=20200124133510
LCUR602=10
PAN602=557351*******774
MERCH_ID602,1=A
MERCH_NAME602,1=Discovery Filling Station Ltd
MERCH_RECEIPT_SEQ_NR602,1=611100993226
PMP602,1=1
PUMP_MODE602,1=1,1,1
NOZZLE602,1=2
NDATI602,1=20200124133238
START_DATE602,1=20200124133156
PRI602,1=1.299
BASEPRI602,1=1.299
QTY602,1=11.55
QTYUNIT602,1=2
GAMT602,1=15.00
AMT602,1=15.00
UGAMT602,1=15.00
UAMT602,1=15.00
PLU602,1=3
NAM602,1=FuelSave Dsl
GRP602,1=59
CRD602,1=425
EXTREF602,1=FuelSave Dsl
ART_MERCH_ID602,1=A
EXC602,1=15.00
INC602,1=15.00
NQUA_CHANGEABLE602,1=825814.41
PRI602,2=1.00
UPR602,2=1.00
QTY602,2=1.00
QTYUNIT602,2=1
GAMT602,2=1.00
AMT602,2=1.00
UGAMT602,2=1.00
UAMT602,2=1.00
PLU602,2=7622210497420
NAM602,2=CDM FRT&NUT
GRP602,2=CONFECTIONERY
CRD602,2=3119
ART_MERCH_ID602,2=A
PRC602,2=20.00
VAMT602,2=0.17
EXC602,2=0.83
INC602,2=1.00
CPPAN602,1=557351*******774
MOP602,1=6
MOP_ADDX602,1=50
MOP_ADDY602,1=14
ROP602,1=1
PM602,1=949
PSUB602,1=14
PA602,1=16.00
SLSTOT602=16.00
TYP603=21
SPEC_TYPE603=14
DATI603=20200124133523
STATION_NR603=6111
SHF603=2727
OPID603=5
LREF603=1179120224
SPEC_ID603=3000
SPEC_NAME603=MISC VAT
SPEC_ITYP603=1
SPEC_QUA603=1.00
SPEC_PRI603=5.43
SPEC_AMT603=5.43
TYP604=2
DATI604=20200124133525
STATION_NR604=6111
SHF604=2727
ACC_REP_NR604=1177
OPID604=5
REF604=1179120224
SEQ604=1179120275040
SAFTDATI604=20200124133525
LCUR604=10
PAN604=476225*******935
MERCH_ID604,1=A
MERCH_NAME604,1=Discovery Filling Station Ltd
MERCH_RECEIPT_SEQ_NR604,1=611100993227
PRI604,1=5.43
UPR604,1=5.43
QTY604,1=1.00
QTYUNIT604,1=1
GAMT604,1=5.43
AMT604,1=5.43
UGAMT604,1=5.43
UAMT604,1=5.43
PLU604,1=3000
NAM604,1=MISC VAT
GRP604,1=MISC VAT
CRD604,1=6019
ART_MERCH_ID604,1=A
PRC604,1=20.00
VAMT604,1=0.90
EXC604,1=4.53
INC604,1=5.43
CPPAN604,1=476225*******935
MOP604,1=6
MOP_ADDX604,1=50
MOP_ADDY604,1=12
ROP604,1=1
PM604,1=949
PSUB604,1=12
PA604,1=5.43
SLSTOT604=5.43
TYP605=2
DATI605=20200124133543
STATION_NR605=6111
SHF605=4614
ACC_REP_NR605=1177
OPID605=8
REF605=1179110296
SEQ605=1179110738215
SAFTDATI605=20200124133543
LCUR605=10
PAN605=454313*******123
MERCH_ID605,1=A
MERCH_NAME605,1=Discovery Filling Station Ltd
MERCH_RECEIPT_SEQ_NR605,1=611100993228
PMP605,1=4
PUMP_MODE605,1=1,1,1
NOZZLE605,1=1
NDATI605,1=20200124133514
START_DATE605,1=20200124133414
PRI605,1=1.249
BASEPRI605,1=1.249
QTY605,1=24.02
QTYUNIT605,1=2
GAMT605,1=30.00
AMT605,1=30.00
UGAMT605,1=30.00
UAMT605,1=30.00
PLU605,1=6
NAM605,1=FuelSave Unl
GRP605,1=59
CRD605,1=325
EXTREF605,1=FuelSave Unl
ART_MERCH_ID605,1=A
EXC605,1=30.00
INC605,1=30.00
NQUA_CHANGEABLE605,1=708501.49
CPPAN605,1=454313*******123
MOP605,1=6
MOP_ADDX605,1=50
MOP_ADDY605,1=12
ROP605,1=1
PM605,1=949
PSUB605,1=12
PA605,1=30.00
SLSTOT605=30.00
TYP606=21
SPEC_TYPE606=14
DATI606=20200124133554
STATION_NR606=6111
SHF606=2727
OPID606=5
LREF606=1179120225
SPEC_ID606=3000
SPEC_NAME606=MISC VAT
SPEC_ITYP606=2
SPEC_QUA606=1.00
SPEC_PRI606=5.43
SPEC_AMT606=-5.43
TYP607=2
DATI607=20200124133554
STATION_NR607=6111
SHF607=2727
ACC_REP_NR607=1177
OPID607=5
REF607=1179120225
SEQ607=1179120275041
SAFTDATI607=20200124133554
LCUR607=10
REPL607=2
MERCH_ID607,1=A
MERCH_NAME607,1=Discovery Filling Station Ltd
MERCH_RECEIPT_SEQ_NR607,1=611100993229
PRI607,1=5.43
UPR607,1=5.43
QTY607,1=-1.00
QTYUNIT607,1=1
GAMT607,1=-5.43
AMT607,1=-5.43
UGAMT607,1=-5.43
UAMT607,1=-5.43
PLU607,1=3000
NAM607,1=MISC VAT
GRP607,1=MISC VAT
CRD607,1=6019
ART_MERCH_ID607,1=A
PRC607,1=20.00
VAMT607,1=-0.90
EXC607,1=-4.53
INC607,1=-5.43
MOP607,1=1
MOP_ADDX607,1=10
ROP607,1=2
PM607,1=5110
PA607,1=-5.43
SLSTOT607=-5.43
TYP608=2
DATI608=20200124133614
STATION_NR608=6111
SHF608=4614
ACC_REP_NR608=1177
OPID608=8
REF608=1179110297
SEQ608=1179110738216
SAFTDATI608=20200124133614
LCUR608=10
REPL608=2
MERCH_ID608,1=A
MERCH_NAME608,1=Discovery Filling Station Ltd
MERCH_RECEIPT_SEQ_NR608,1=611100993230
PMP608,1=5
PUMP_MODE608,1=1,1,1
NOZZLE608,1=2
NDATI608,1=20200124133536
START_DATE608,1=20200124133452
PRI608,1=1.299
BASEPRI608,1=1.299
QTY608,1=11.51
QTYUNIT608,1=2
GAMT608,1=14.95
AMT608,1=14.95
UGAMT608,1=14.95
UAMT608,1=14.95
PLU608,1=3
NAM608,1=FuelSave Dsl
GRP608,1=59
CRD608,1=425
EXTREF608,1=FuelSave Dsl
ART_MERCH_ID608,1=A
EXC608,1=14.95
INC608,1=14.95
NQUA_CHANGEABLE608,1=1115127.61
MOP608,1=1
MOP_ADDX608,1=10
ROP608,1=1
PM608,1=110
PA608,1=20.00
MOP608,2=1
MOP_ADDX608,2=10
ROP608,2=2
PM608,2=5110
PA608,2=-5.05
SLSTOT608=14.95
TYP609=21
SPEC_TYPE609=13
DATI609=20200124133626
STATION_NR609=6111
SHF609=4614
OPID609=8
SPEC_ADDD609=Open cash drawer
TYP610=2
DATI610=20200124133706
STATION_NR610=6111
SHF610=4614
ACC_REP_NR610=1177
OPID610=8
REF610=1179110298
SEQ610=1179110738217
SAFTDATI610=20200124133706
LCUR610=10
PAN610=482874*******252
MERCH_ID610,1=A
MERCH_NAME610,1=Discovery Filling Station Ltd
MERCH_RECEIPT_SEQ_NR610,1=611100993231
PRI610,1=1.00
UPR610,1=1.00
QTY610,1=1.00
QTYUNIT610,1=1
GAMT610,1=1.00
AMT610,1=1.00
UGAMT610,1=1.00
UAMT610,1=1.00
PLU610,1=5012035950231
NAM610,1=HARIBO SUPER
GRP610,1=CONFECTIONERY
CRD610,1=3119
ART_MERCH_ID610,1=A
PRC610,1=20.00
VAMT610,1=0.17
EXC610,1=0.83
INC610,1=1.00
PRI610,2=1.69
UPR610,2=1.69
QTY610,2=1.00
QTYUNIT610,2=1
GAMT610,2=1.69
AMT610,2=1.69
UGAMT610,2=1.69
UAMT610,2=1.69
PLU610,2=5060147114324
NAM610,2=WRAP
GRP610,2=CHILLED FOOD
CRD610,2=3400
ART_MERCH_ID610,2=A
EXC610,2=1.69
INC610,2=1.69
PRI610,3=1.59
UPR610,3=1.59
QTY610,3=1.00
QTYUNIT610,3=1
GAMT610,3=1.59
AMT610,3=1.59
UGAMT610,3=1.59
UAMT610,3=1.59
PLU610,3=5060147114461
NAM610,3=SANDWICH
GRP610,3=CHILLED FOOD
CRD610,3=3400
ART_MERCH_ID610,3=A
EXC610,3=1.59
INC610,3=1.59
PRI610,4=2.40
UPR610,4=2.40
QTY610,4=1.00
QTYUNIT610,4=1
GAMT610,4=2.40
AMT610,4=2.40
UGAMT610,4=2.40
UAMT610,4=2.40
PLU610,4=1010
NAM610,4=REGULAR 12OZ HOT DRI
GRP610,4=DRINKS PROMO
CRD610,4=6000
ART_MERCH_ID610,4=A
PRC610,4=20.00
VAMT610,4=0.40
EXC610,4=2.00
INC610,4=2.40
CPPAN610,1=482874*******252
MOP610,1=6
MOP_ADDX610,1=50
MOP_ADDY610,1=13
ROP610,1=1
PM610,1=949
PSUB610,1=13
PA610,1=6.68
SLSTOT610=6.68
TYP611=2
DATI611=20200124133748
STATION_NR611=6111
SHF611=4614
ACC_REP_NR611=1177
OPID611=8
REF611=1179110299
SEQ611=1179110738218
SAFTDATI611=20200124133748
LCUR611=10
PAN611=475117*******456
MERCH_ID611,1=A
MERCH_NAME611,1=Discovery Filling Station Ltd
MERCH_RECEIPT_SEQ_NR611,1=611100993232
PMP611,1=3
PUMP_MODE611,1=1,1,1
NOZZLE611,1=3
NDATI611,1=20200124133723
START_DATE611,1=20200124133623
PRI611,1=1.299
BASEPRI611,1=1.299
QTY611,1=23.13
QTYUNIT611,1=2
GAMT611,1=30.05
AMT611,1=30.05
UGAMT611,1=30.05
UAMT611,1=30.05
PLU611,1=3
NAM611,1=FuelSave Dsl
GRP611,1=59
CRD611,1=425
EXTREF611,1=FuelSave Dsl
ART_MERCH_ID611,1=A
EXC611,1=30.05
INC611,1=30.05
NQUA_CHANGEABLE611,1=1277311.49
CPPAN611,1=475117*******456
MOP611,1=6
MOP_ADDX611,1=50
MOP_ADDY611,1=12
ROP611,1=1
PM611,1=949
PSUB611,1=12
PA611,1=30.05
SLSTOT611=30.05
TYP612=2
DATI612=20200124133840
STATION_NR612=6111
SHF612=4614
ACC_REP_NR612=1177
OPID612=8
REF612=1179110300
SEQ612=1179110738219
SAFTDATI612=20200124133840
LCUR612=10
PAN612=475142*******306
MERCH_ID612,1=A
MERCH_NAME612,1=Discovery Filling Station Ltd
MERCH_RECEIPT_SEQ_NR612,1=611100993233
PRI612,1=8.70
UPR612,1=8.70
QTY612,1=1.00
QTYUNIT612,1=1
GAMT612,1=8.70
AMT612,1=8.70
UGAMT612,1=8.70
UAMT612,1=8.70
PLU612,1=5000431027572
NAM612,1=L&B KS BLUE 20
GRP612,1=TOBACCO
CRD612,1=4019
ART_MERCH_ID612,1=A
PRC612,1=20.00
VAMT612,1=1.45
EXC612,1=7.25
INC612,1=8.70
PRI612,2=1.70
UPR612,2=1.70
QTY612,2=1.00
QTYUNIT612,2=1
GAMT612,2=1.70
AMT612,2=1.70
UGAMT612,2=1.70
UAMT612,2=1.70
PLU612,2=8412765008504
NAM612,2=CLIPPER LIGHTER
GRP612,2=TOBACCO SUNDRIE
CRD612,2=4019
ART_MERCH_ID612,2=A
PRC612,2=20.00
VAMT612,2=0.28
EXC612,2=1.42
INC612,2=1.70
CPPAN612,1=475142*******306
MOP612,1=6
MOP_ADDX612,1=50
MOP_ADDY612,1=12
ROP612,1=1
PM612,1=949
PSUB612,1=12
PA612,1=10.40
SLSTOT612=10.40
TYP613=2
DATI613=20200124133907
STATION_NR613=6111
SHF613=4614
ACC_REP_NR613=1177
OPID613=8
REF613=1179110301
SEQ613=1179110738220
SAFTDATI613=20200124133907
LCUR613=10
PAN613=476224*******629
MERCH_ID613,1=A
MERCH_NAME613,1=Discovery Filling Station Ltd
MERCH_RECEIPT_SEQ_NR613,1=611100993234
PRI613,1=2.60
UPR613,1=2.60
QTY613,1=1.00
QTYUNIT613,1=1
GAMT613,1=2.60
AMT613,1=2.60
UGAMT613,1=2.60
UAMT613,1=2.60
PLU613,1=5055109220939
NAM613,1=CLARKS  WRAP 2.50
GRP613,1=CHILLED FOOD
CRD613,1=3400
ART_MERCH_ID613,1=A
EXC613,1=2.60
INC613,1=2.60
CPPAN613,1=476224*******629
MOP613,1=6
MOP_ADDX613,1=50
MOP_ADDY613,1=12
ROP613,1=1
PM613,1=949
PSUB613,1=12
PA613,1=2.60
SLSTOT613=2.60
TYP614=2
DATI614=20200124134225
STATION_NR614=6111
SHF614=4614
ACC_REP_NR614=1177
OPID614=8
REF614=1179110302
SEQ614=1179110738221
SAFTDATI614=20200124134225
LCUR614=10
PAN614=475116*******650
MERCH_ID614,1=A
MERCH_NAME614,1=Discovery Filling Station Ltd
MERCH_RECEIPT_SEQ_NR614,1=611100993235
PRI614,1=11.00
UPR614,1=11.00
QTY614,1=1.00
QTYUNIT614,1=1
GAMT614,1=11.00
AMT614,1=11.00
UGAMT614,1=11.00
UAMT614,1=11.00
PLU614,1=5000435010716
NAM614,1=GOLD LEAF30G
GRP614,1=TOBACCO
CRD614,1=4019
ART_MERCH_ID614,1=A
PRC614,1=20.00
VAMT614,1=1.83
EXC614,1=9.17
INC614,1=11.00
CPPAN614,1=475116*******650
MOP614,1=6
MOP_ADDX614,1=50
MOP_ADDY614,1=12
ROP614,1=1
PM614,1=949
PSUB614,1=12
PA614,1=11.00
SLSTOT614=11.00
TYP615=2
DATI615=20200124134304
STATION_NR615=6111
SHF615=4614
ACC_REP_NR615=1177
OPID615=8
REF615=1179110303
SEQ615=1179110738222
SAFTDATI615=20200124134304
LCUR615=10
REPL615=2
MERCH_ID615,1=A
MERCH_NAME615,1=Discovery Filling Station Ltd
MERCH_RECEIPT_SEQ_NR615,1=611100993236
PMP615,1=5
PUMP_MODE615,1=1,1,1
NOZZLE615,1=1
NDATI615,1=20200124134138
START_DATE615,1=20200124134009
PRI615,1=1.249
BASEPRI615,1=1.249
QTY615,1=43.75
QTYUNIT615,1=2
GAMT615,1=54.64
AMT615,1=54.64
UGAMT615,1=54.64
UAMT615,1=54.64
PLU615,1=6
NAM615,1=FuelSave Unl
GRP615,1=59
CRD615,1=325
EXTREF615,1=FuelSave Unl
ART_MERCH_ID615,1=A
EXC615,1=54.64
INC615,1=54.64
NQUA_CHANGEABLE615,1=1062424.00
MOP615,1=1
MOP_ADDX615,1=10
ROP615,1=1
PM615,1=110
PA615,1=60.00
MOP615,2=1
MOP_ADDX615,2=10
ROP615,2=2
PM615,2=5110
PA615,2=-5.36
SLSTOT615=54.64
TYP616=2
DATI616=20200124134326
STATION_NR616=6111
SHF616=4614
ACC_REP_NR616=1177
OPID616=8
REF616=1179110304
SEQ616=1179110738223
SAFTDATI616=20200124134326
LCUR616=10
PAN616=700205*******726584
MERCH_ID616,1=A
MERCH_NAME616,1=Discovery Filling Station Ltd
MERCH_RECEIPT_SEQ_NR616,1=611100993237
PMP616,1=3
PUMP_MODE616,1=1,1,1
NOZZLE616,1=3
NDATI616,1=20200124134154
START_DATE616,1=20200124134047
PRI616,1=1.299
BASEPRI616,1=1.299
QTY616,1=30.99
QTYUNIT616,1=2
GAMT616,1=40.26
AMT616,1=40.26
UGAMT616,1=40.26
UAMT616,1=40.26
PLU616,1=3
NAM616,1=FuelSave Dsl
GRP616,1=59
CRD616,1=425
EXTREF616,1=FuelSave Dsl
ART_MERCH_ID616,1=A
EXC616,1=40.26
INC616,1=40.26
NQUA_CHANGEABLE616,1=1277342.48
CPPAN616,1=700205*******726584
MOP616,1=6
MOP_ADDX616,1=50
MOP_ADDY616,1=1
ROP616,1=1
PM616,1=949
PSUB616,1=1
PA616,1=40.26
SLSTOT616=40.26
TYP617=2
DATI617=20200124134420
STATION_NR617=6111
SHF617=4614
ACC_REP_NR617=1177
OPID617=8
REF617=1179110305
SEQ617=1179110738224
SAFTDATI617=20200124134420
LCUR617=10
PAN617=543477*******541
MERCH_ID617,1=A
MERCH_NAME617,1=Discovery Filling Station Ltd
MERCH_RECEIPT_SEQ_NR617,1=611100993238
PMP617,1=4
PUMP_MODE617,1=1,1,1
NOZZLE617,1=1
NDATI617,1=20200124134207
START_DATE617,1=20200124134100
PRI617,1=1.249
BASEPRI617,1=1.249
QTY617,1=31.65
QTYUNIT617,1=2
GAMT617,1=39.53
AMT617,1=39.53
UGAMT617,1=39.53
UAMT617,1=39.53
PLU617,1=6
NAM617,1=FuelSave Unl
GRP617,1=59
CRD617,1=325
EXTREF617,1=FuelSave Unl
ART_MERCH_ID617,1=A
EXC617,1=39.53
INC617,1=39.53
NQUA_CHANGEABLE617,1=708533.14
PRI617,2=0.65
UPR617,2=0.65
QTY617,2=1.00
QTYUNIT617,2=1
GAMT617,2=0.65
AMT617,2=0.65
UGAMT617,2=0.65
UAMT617,2=0.65
PLU617,2=42070719
NAM617,2=EXTRA COOL BREEZE
GRP617,2=CONFECTIONERY
CRD617,2=3119
ART_MERCH_ID617,2=A
PRC617,2=20.00
VAMT617,2=0.11
EXC617,2=0.54
INC617,2=0.65
CPPAN617,1=543477*******541
MOP617,1=6
MOP_ADDX617,1=50
MOP_ADDY617,1=15
ROP617,1=1
PM617,1=949
PSUB617,1=15
PA617,1=40.18
SLSTOT617=40.18
TYP618=2
DATI618=20200124134621
STATION_NR618=6111
SHF618=4614
ACC_REP_NR618=1177
OPID618=8
REF618=1179110306
SEQ618=1179110738225
SAFTDATI618=20200124134621
LCUR618=10
REPL618=2
MERCH_ID618,1=A
MERCH_NAME618,1=Discovery Filling Station Ltd
MERCH_RECEIPT_SEQ_NR618,1=611100993239
PMP618,1=1
PUMP_MODE618,1=1,1,1
NOZZLE618,1=2
NDATI618,1=20200124134435
START_DATE618,1=20200124134258
PRI618,1=1.299
BASEPRI618,1=1.299
QTY618,1=46.51
QTYUNIT618,1=2
GAMT618,1=60.42
AMT618,1=60.42
UGAMT618,1=60.42
UAMT618,1=60.42
PLU618,1=3
NAM618,1=FuelSave Dsl
GRP618,1=59
CRD618,1=425
EXTREF618,1=FuelSave Dsl
ART_MERCH_ID618,1=A
EXC618,1=60.42
INC618,1=60.42
NQUA_CHANGEABLE618,1=825860.92
MOP618,1=1
MOP_ADDX618,1=10
ROP618,1=1
PM618,1=110
PA618,1=60.52
MOP618,2=1
MOP_ADDX618,2=10
ROP618,2=2
PM618,2=5110
PA618,2=-0.10
SLSTOT618=60.42
TYP619=21
SPEC_TYPE619=13
DATI619=20200124134648
STATION_NR619=6111
SHF619=4614
OPID619=8
SPEC_ADDD619=Open cash drawer
TYP620=2
DATI620=20200124134639
STATION_NR620=6111
SHF620=2727
ACC_REP_NR620=1177
OPID620=5
REF620=1179120226
SEQ620=1179120275042
SAFTDATI620=20200124134639
LCUR620=10
PAN620=557351*******405
MERCH_ID620,1=A
MERCH_NAME620,1=Discovery Filling Station Ltd
MERCH_RECEIPT_SEQ_NR620,1=611100993240
PMP620,1=5
PUMP_MODE620,1=1,1,1
NOZZLE620,1=2
NDATI620,1=20200124134606
START_DATE620,1=20200124134456
PRI620,1=1.299
BASEPRI620,1=1.299
QTY620,1=23.10
QTYUNIT620,1=2
GAMT620,1=30.01
AMT620,1=30.01
UGAMT620,1=30.01
UAMT620,1=30.01
PLU620,1=3
NAM620,1=FuelSave Dsl
GRP620,1=59
CRD620,1=425
EXTREF620,1=FuelSave Dsl
ART_MERCH_ID620,1=A
EXC620,1=30.01
INC620,1=30.01
NQUA_CHANGEABLE620,1=1115150.71
CPPAN620,1=557351*******405
MOP620,1=6
MOP_ADDX620,1=50
MOP_ADDY620,1=14
ROP620,1=1
PM620,1=949
PSUB620,1=14
PA620,1=30.01
SLSTOT620=30.01
TYP621=2
DATI621=20200124134742
STATION_NR621=6111
SHF621=2727
ACC_REP_NR621=1177
OPID621=5
REF621=1179120227
SEQ621=1179120275043
SAFTDATI621=20200124134742
LCUR621=10
PAN621=475117*******362
MERCH_ID621,1=A
MERCH_NAME621,1=Discovery Filling Station Ltd
MERCH_RECEIPT_SEQ_NR621,1=611100993241
PMP621,1=3
PUMP_MODE621,1=1,1,1
NOZZLE621,1=3
NDATI621,1=20200124134722
START_DATE621,1=20200124134639
PRI621,1=1.299
BASEPRI621,1=1.299
QTY621,1=15.40
QTYUNIT621,1=2
GAMT621,1=20.00
AMT621,1=20.00
UGAMT621,1=20.00
UAMT621,1=20.00
PLU621,1=3
NAM621,1=FuelSave Dsl
GRP621,1=59
CRD621,1=425
EXTREF621,1=FuelSave Dsl
ART_MERCH_ID621,1=A
EXC621,1=20.00
INC621,1=20.00
NQUA_CHANGEABLE621,1=1277357.88
CPPAN621,1=475117*******362
MOP621,1=6
MOP_ADDX621,1=50
MOP_ADDY621,1=12
ROP621,1=1
PM621,1=949
PSUB621,1=12
PA621,1=20.00
SLSTOT621=20.00
TYP622=2
DATI622=20200124134814
STATION_NR622=6111
SHF622=4614
ACC_REP_NR622=1177
OPID622=8
REF622=1179110307
SEQ622=1179110738226
SAFTDATI622=20200124134814
LCUR622=10
REPL622=2
MOP622,1=1
MOP_ADDX622,1=10
ROP622,1=5
PM622,1=2510
PA622,1=-350.00
SAFEDROPREF622,1=KEVIN
TYP623=2
DATI623=20200124134908
STATION_NR623=6111
SHF623=4614
ACC_REP_NR623=1177
OPID623=8
REF623=1179110308
SEQ623=1179110738227
SAFTDATI623=20200124134908
LCUR623=10
PAN623=700205*******073415
MERCH_ID623,1=A
MERCH_NAME623,1=Discovery Filling Station Ltd
MERCH_RECEIPT_SEQ_NR623,1=611100993242
PMP623,1=4
PUMP_MODE623,1=1,1,1
NOZZLE623,1=3
NDATI623,1=20200124134841
START_DATE623,1=20200124134708
PRI623,1=1.299
BASEPRI623,1=1.299
QTY623,1=39.00
QTYUNIT623,1=2
GAMT623,1=50.66
AMT623,1=50.66
UGAMT623,1=50.66
UAMT623,1=50.66
PLU623,1=3
NAM623,1=FuelSave Dsl
GRP623,1=59
CRD623,1=425
EXTREF623,1=FuelSave Dsl
ART_MERCH_ID623,1=A
EXC623,1=50.66
INC623,1=50.66
NQUA_CHANGEABLE623,1=1502822.70
CPPAN623,1=700205*******073415
MOP623,1=6
MOP_ADDX623,1=50
MOP_ADDY623,1=1
ROP623,1=1
PM623,1=949
PSUB623,1=1
PA623,1=50.66
SLSTOT623=50.66
TYP624=2
DATI624=20200124134939
STATION_NR624=6111
ACC_REP_NR624=1177
REF624=1179520012
SEQ624=1179520008623
SAFTDATI624=20200124134939
LCUR624=10
PAN624=465861******6062
HOSTTYPE624=12
HOSTBOOKPER624=1179
AUTH624=055803
CAIC624=044026111
ONLINERC624=000
STAN624=058560
REPL624=2
MERCH_ID624,1=A
MERCH_NAME624,1=Discovery Filling Station Ltd
PMP624,1=6
PUMP_MODE624,1=1,3,2
NOZZLE624,1=1
NDATI624,1=20200124134939
START_DATE624,1=20200124134836
PRI624,1=1.249
BASEPRI624,1=1.249
QTY624,1=24.01
QTYUNIT624,1=2
GAMT624,1=30.00
AMT624,1=30.00
UGAMT624,1=30.00
UAMT624,1=30.00
PLU624,1=6
NAM624,1=FuelSave Unl
GRP624,1=59
CRD624,1=325
EXTREF624,1=FuelSave Unl
ART_MERCH_ID624,1=A
EXC624,1=30.00
INC624,1=30.00
NQUA_CHANGEABLE624,1=369595.99
CPPAN624,1=465861******6062
CPREPL624,1=2
CPHOSTTYPE624,1=12
CPHOSTBKPER624,1=1179
CPAUTH624,1=055803
CPCAIC624,1=044026111
CPONLINERC624,1=000
CPSTAN624,1=058560
MOP624,1=4
MOP_ADDX624,1=2
MOP_ADDY624,1=2
ROP624,1=1
PM624,1=701
PSUB624,1=2
PA624,1=30.00
TRKMED624,1=5
SLSTOT624=30.00
TYP625=2
DATI625=20200124134957
STATION_NR625=6111
SHF625=4614
ACC_REP_NR625=1177
OPID625=8
REF625=1179110309
SEQ625=1179110738228
SAFTDATI625=20200124134957
LCUR625=10
PAN625=374202******016
MERCH_ID625,1=A
MERCH_NAME625,1=Discovery Filling Station Ltd
MERCH_RECEIPT_SEQ_NR625,1=611100993243
PMP625,1=1
PUMP_MODE625,1=1,1,1
NOZZLE625,1=2
NDATI625,1=20200124134937
START_DATE625,1=20200124134741
PRI625,1=1.299
BASEPRI625,1=1.299
QTY625,1=54.76
QTYUNIT625,1=2
GAMT625,1=71.13
AMT625,1=71.13
UGAMT625,1=71.13
UAMT625,1=71.13
PLU625,1=3
NAM625,1=FuelSave Dsl
GRP625,1=59
CRD625,1=425
EXTREF625,1=FuelSave Dsl
ART_MERCH_ID625,1=A
EXC625,1=71.13
INC625,1=71.13
NQUA_CHANGEABLE625,1=825915.68
CPPAN625,1=374202******016
MOP625,1=6
MOP_ADDX625,1=50
MOP_ADDY625,1=17
ROP625,1=1
PM625,1=949
PSUB625,1=17
PA625,1=71.13
SLSTOT625=71.13
TYP626=2
DATI626=20200124135106
STATION_NR626=6111
SHF626=4614
ACC_REP_NR626=1177
OPID626=8
REF626=1179110310
SEQ626=1179110738229
SAFTDATI626=20200124135106
LCUR626=10
REPL626=2
MERCH_ID626,1=A
MERCH_NAME626,1=Discovery Filling Station Ltd
MERCH_RECEIPT_SEQ_NR626,1=611100993244
PRI626,1=1.35
UPR626,1=1.35
QTY626,1=1.00
QTYUNIT626,1=1
GAMT626,1=1.35
AMT626,1=1.35
UGAMT626,1=1.35
UAMT626,1=1.35
PLU626,1=5060517885304
NAM626,1=MONSTER
GRP626,1=DRINKS
CRD626,1=3119
ART_MERCH_ID626,1=A
PRC626,1=20.00
VAMT626,1=0.22
EXC626,1=1.13
INC626,1=1.35
PRI626,2=1.59
UPR626,2=1.59
QTY626,2=1.00
QTYUNIT626,2=1
GAMT626,2=1.59
AMT626,2=1.59
UGAMT626,2=1.59
UAMT626,2=1.59
PLU626,2=5060147114454
NAM626,2=SANDWICH
GRP626,2=CHILLED FOOD
CRD626,2=3400
ART_MERCH_ID626,2=A
EXC626,2=1.59
INC626,2=1.59
MOP626,1=1
MOP_ADDX626,1=10
ROP626,1=1
PM626,1=110
PA626,1=3.00
MOP626,2=1
MOP_ADDX626,2=10
ROP626,2=2
PM626,2=5110
PA626,2=-0.06
SLSTOT626=2.94
TYP627=2
DATI627=20200124135131
STATION_NR627=6111
SHF627=2727
ACC_REP_NR627=1177
OPID627=5
REF627=1179120228
SEQ627=1179120275044
SAFTDATI627=20200124135131
LCUR627=10
PAN627=465946*******358
MERCH_ID627,1=A
MERCH_NAME627,1=Discovery Filling Station Ltd
MERCH_RECEIPT_SEQ_NR627,1=611100993245
PRI627,1=1.00
UPR627,1=1.00
QTY627,1=1.00
QTYUNIT627,1=1
GAMT627,1=1.00
AMT627,1=1.00
UGAMT627,1=1.00
UAMT627,1=1.00
PLU627,1=5000328746807
NAM627,1=MNSTR/M BEEF
GRP627,1=CRISPS
CRD627,1=3219
ART_MERCH_ID627,1=A
PRC627,1=20.00
VAMT627,1=0.17
EXC627,1=0.83
INC627,1=1.00
PRI627,2=1.00
UPR627,2=1.00
QTY627,2=1.00
QTYUNIT627,2=1
GAMT627,2=1.00
AMT627,2=1.00
UGAMT627,2=1.00
UAMT627,2=1.00
PLU627,2=5000328990231
NAM627,2=SENS THAI SC
GRP627,2=CRISPS
CRD627,2=3219
ART_MERCH_ID627,2=A
PRC627,2=20.00
VAMT627,2=0.17
EXC627,2=0.83
INC627,2=1.00
PRI627,3=1.00
UPR627,3=1.00
QTY627,3=1.00
QTYUNIT627,3=1
GAMT627,3=1.00
AMT627,3=1.00
UGAMT627,3=1.00
UAMT627,3=1.00
PLU627,3=5000328990071
NAM627,3=DORITOS COOL
GRP627,3=CRISPS
CRD627,3=3219
ART_MERCH_ID627,3=A
EXC627,3=1.00
INC627,3=1.00
PRI627,4=1.05
UPR627,4=1.05
QTY627,4=1.00
QTYUNIT627,4=1
GAMT627,4=1.05
AMT627,4=1.05
UGAMT627,4=1.05
UAMT627,4=1.05
PLU627,4=490505
NAM627,4=CLARKS PINK ICED DON
GRP627,4=GENERAL GOODS Z
CRD627,4=3300
ART_MERCH_ID627,4=A
EXC627,4=1.05
INC627,4=1.05
CPPAN627,1=465946*******358
MOP627,1=6
MOP_ADDX627,1=50
MOP_ADDY627,1=12
ROP627,1=1
PM627,1=949
PSUB627,1=12
PA627,1=4.05
SLSTOT627=4.05
TYP628=2
DATI628=20200124135157
STATION_NR628=6111
SHF628=4614
ACC_REP_NR628=1177
OPID628=8
REF628=1179110311
SEQ628=1179110738230
SAFTDATI628=20200124135157
LCUR628=10
PAN628=483215*******299
MERCH_ID628,1=A
MERCH_NAME628,1=Discovery Filling Station Ltd
MERCH_RECEIPT_SEQ_NR628,1=611100993246
PRI628,1=1.19
UPR628,1=1.19
QTY628,1=1.00
QTYUNIT628,1=1
GAMT628,1=1.19
AMT628,1=0.60
UGAMT628,1=1.19
UAMT628,1=0.60
PLU628,1=8714100076620
NAM628,1=POTN CURRY
GRP628,1=GROCERY ZERO
CRD628,1=3100
PRO628,1=MMH1878
DSCT628,1=2
DNAM628,1=POT BOGOF
DSC628,1=0.59
ART_MERCH_ID628,1=A
EXC628,1=0.60
INC628,1=0.60
PRI628,2=1.19
UPR628,2=1.19
QTY628,2=1.00
QTYUNIT628,2=1
GAMT628,2=1.19
AMT628,2=0.59
UGAMT628,2=1.19
UAMT628,2=0.59
PLU628,2=8714100076620
NAM628,2=POTN CURRY
GRP628,2=GROCERY ZERO
CRD628,2=3100
PRO628,2=MMH1878
DSCT628,2=2
DNAM628,2=POT BOGOF
DSC628,2=0.60
ART_MERCH_ID628,2=A
EXC628,2=0.59
INC628,2=0.59
PRI628,3=1.00
UPR628,3=1.00
QTY628,3=1.00
QTYUNIT628,3=1
GAMT628,3=1.00
AMT628,3=1.00
UGAMT628,3=1.00
UAMT628,3=1.00
PLU628,3=7622300737900
NAM628,3=CDM CARAMEL
GRP628,3=CONFECTIONERY
CRD628,3=3119
ART_MERCH_ID628,3=A
PRC628,3=20.00
VAMT628,3=0.17
EXC628,3=0.83
INC628,3=1.00
PRI628,4=0.65
UPR628,4=0.65
QTY628,4=1.00
QTYUNIT628,4=1
GAMT628,4=0.65
AMT628,4=0.65
UGAMT628,4=0.65
UAMT628,4=0.65
PLU628,4=42211488
NAM628,4=WRIG EXTRA ICE S/MIN
GRP628,4=CONFECTIONERY
CRD628,4=3119
ART_MERCH_ID628,4=A
PRC628,4=20.00
VAMT628,4=0.11
EXC628,4=0.54
INC628,4=0.65
PRI628,5=0.05
UPR628,5=0.05
QTY628,5=1.00
QTYUNIT628,5=1
GAMT628,5=0.05
AMT628,5=0.05
UGAMT628,5=0.05
UAMT628,5=0.05
PLU628,5=5011929933732
NAM628,5=PREMIER LVT
GRP628,5=GENERAL GOODS V
CRD628,5=3319
ART_MERCH_ID628,5=A
PRC628,5=20.00
VAMT628,5=0.01
EXC628,5=0.04
INC628,5=0.05
CPPAN628,1=483215*******299
MOP628,1=6
MOP_ADDX628,1=50
MOP_ADDY628,1=13
ROP628,1=1
PM628,1=949
PSUB628,1=13
PA628,1=2.89
SLSTOT628=2.89
TYP629=2
DATI629=20200124135156
STATION_NR629=6111
SHF629=2727
ACC_REP_NR629=1177
OPID629=5
REF629=1179120229
SEQ629=1179120275045
SAFTDATI629=20200124135156
LCUR629=10
PAN629=700205*******001048
MERCH_ID629,1=A
MERCH_NAME629,1=Discovery Filling Station Ltd
MERCH_RECEIPT_SEQ_NR629,1=611100993247
PMP629,1=3
PUMP_MODE629,1=1,1,1
NOZZLE629,1=1
NDATI629,1=20200124135130
START_DATE629,1=20200124135059
PRI629,1=1.249
BASEPRI629,1=1.249
QTY629,1=12.01
QTYUNIT629,1=2
GAMT629,1=15.00
AMT629,1=15.00
UGAMT629,1=15.00
UAMT629,1=15.00
PLU629,1=6
NAM629,1=FuelSave Unl
GRP629,1=59
CRD629,1=325
EXTREF629,1=FuelSave Unl
ART_MERCH_ID629,1=A
EXC629,1=15.00
INC629,1=15.00
NQUA_CHANGEABLE629,1=1194583.90
CPPAN629,1=700205*******001048
MOP629,1=6
MOP_ADDX629,1=50
MOP_ADDY629,1=1
ROP629,1=1
PM629,1=949
PSUB629,1=1
PA629,1=15.00
SLSTOT629=15.00
TYP630=2
DATI630=20200124135558
STATION_NR630=6111
SHF630=2727
ACC_REP_NR630=1177
OPID630=5
REF630=1179120230
SEQ630=1179120275046
SAFTDATI630=20200124135558
LCUR630=10
REPL630=2
MERCH_ID630,1=A
MERCH_NAME630,1=Discovery Filling Station Ltd
MERCH_RECEIPT_SEQ_NR630,1=611100993248
PRI630,1=0.39
UPR630,1=0.39
QTY630,1=1.00
QTYUNIT630,1=1
GAMT630,1=0.39
AMT630,1=0.39
UGAMT630,1=0.39
UAMT630,1=0.39
PLU630,1=5000237113967
NAM630,1=DISCOS S&V
GRP630,1=CRISPS
CRD630,1=3219
ART_MERCH_ID630,1=A
EXC630,1=0.39
INC630,1=0.39
PRI630,2=1.95
UPR630,2=1.95
QTY630,2=1.00
QTYUNIT630,2=1
GAMT630,2=1.95
AMT630,2=1.95
UGAMT630,2=1.95
UAMT630,2=1.95
PLU630,2=5055109219933
NAM630,2=CLARKS BCW SUB 1.90
GRP630,2=SANDWICHES
CRD630,2=6000
ART_MERCH_ID630,2=A
EXC630,2=1.95
INC630,2=1.95
PRI630,3=0.69
UPR630,3=0.69
QTY630,3=1.00
QTYUNIT630,3=1
GAMT630,3=0.69
AMT630,3=0.69
UGAMT630,3=0.69
UAMT630,3=0.69
PLU630,3=5000112628883
NAM630,3=DIET COKE
GRP630,3=DRINKS
CRD630,3=3119
ART_MERCH_ID630,3=A
PRC630,3=20.00
VAMT630,3=0.11
EXC630,3=0.58
INC630,3=0.69
MOP630,1=1
MOP_ADDX630,1=10
ROP630,1=1
PM630,1=110
PA630,1=20.00
MOP630,2=1
MOP_ADDX630,2=10
ROP630,2=2
PM630,2=5110
PA630,2=-16.97
SLSTOT630=3.03
TYP631=2
DATI631=20200124135620
STATION_NR631=6111
SHF631=2727
ACC_REP_NR631=1177
OPID631=5
REF631=1179120231
SEQ631=1179120275047
SAFTDATI631=20200124135620
LCUR631=10
REPL631=2
MERCH_ID631,1=A
MERCH_NAME631,1=Discovery Filling Station Ltd
MERCH_RECEIPT_SEQ_NR631,1=611100993249
PRI631,1=1.29
UPR631,1=1.29
QTY631,1=1.00
QTYUNIT631,1=1
GAMT631,1=1.29
AMT631,1=1.29
UGAMT631,1=1.29
UAMT631,1=1.29
PLU631,1=5000382108689
NAM631,1=ROCKSTAR
GRP631,1=DRINKS
CRD631,1=3119
ART_MERCH_ID631,1=A
PRC631,1=20.00
VAMT631,1=0.21
EXC631,1=1.08
INC631,1=1.29
MOP631,1=1
MOP_ADDX631,1=10
ROP631,1=1
PM631,1=110
PA631,1=1.29
SLSTOT631=1.29
TYP632=2
DATI632=20200124135629
STATION_NR632=6111
SHF632=2727
ACC_REP_NR632=1177
OPID632=5
REF632=1179120232
SEQ632=1179120275048
SAFTDATI632=20200124135629
LCUR632=10
PAN632=700205*******001097
MERCH_ID632,1=A
MERCH_NAME632,1=Discovery Filling Station Ltd
MERCH_RECEIPT_SEQ_NR632,1=611100993250
PMP632,1=3
PUMP_MODE632,1=1,1,1
NOZZLE632,1=1
NDATI632,1=20200124135607
START_DATE632,1=20200124135531
PRI632,1=1.249
BASEPRI632,1=1.249
QTY632,1=12.01
QTYUNIT632,1=2
GAMT632,1=15.00
AMT632,1=15.00
UGAMT632,1=15.00
UAMT632,1=15.00
PLU632,1=6
NAM632,1=FuelSave Unl
GRP632,1=59
CRD632,1=325
EXTREF632,1=FuelSave Unl
ART_MERCH_ID632,1=A
EXC632,1=15.00
INC632,1=15.00
NQUA_CHANGEABLE632,1=1194595.91
CPPAN632,1=700205*******001097
MOP632,1=6
MOP_ADDX632,1=50
MOP_ADDY632,1=1
ROP632,1=1
PM632,1=949
PSUB632,1=1
PA632,1=15.00
SLSTOT632=15.00
TYP633=2
DATI633=20200124135741
STATION_NR633=6111
SHF633=2727
ACC_REP_NR633=1177
OPID633=5
REF633=1179120233
SEQ633=1179120275049
SAFTDATI633=20200124135741
LCUR633=10
REPL633=2
MERCH_ID633,1=A
MERCH_NAME633,1=Discovery Filling Station Ltd
MERCH_RECEIPT_SEQ_NR633,1=611100993251
PMP633,1=5
PUMP_MODE633,1=1,1,1
NOZZLE633,1=3
NDATI633,1=20200124135706
START_DATE633,1=20200124135615
PRI633,1=1.529
BASEPRI633,1=1.529
QTY633,1=13.08
QTYUNIT633,1=2
GAMT633,1=20.00
AMT633,1=20.00
UGAMT633,1=20.00
UAMT633,1=20.00
PLU633,1=8
NAM633,1=V Power Dsl
GRP633,1=59
CRD633,1=430
EXTREF633,1=V Power Dsl
ART_MERCH_ID633,1=A
EXC633,1=20.00
INC633,1=20.00
NQUA_CHANGEABLE633,1=230487.33
MOP633,1=1
MOP_ADDX633,1=10
ROP633,1=1
PM633,1=110
PA633,1=20.00
SLSTOT633=20.00
TYP634=2
DATI634=20200124135800
STATION_NR634=6111
SHF634=2727
ACC_REP_NR634=1177
OPID634=5
REF634=1179120234
SEQ634=1179120275050
SAFTDATI634=20200124135800
LCUR634=10
REPL634=2
MERCH_ID634,1=A
MERCH_NAME634,1=Discovery Filling Station Ltd
MERCH_RECEIPT_SEQ_NR634,1=611100993252
PMP634,1=1
PUMP_MODE634,1=1,1,1
NOZZLE634,1=1
NDATI634,1=20200124135730
START_DATE634,1=20200124135703
PRI634,1=1.249
BASEPRI634,1=1.249
QTY634,1=8.01
QTYUNIT634,1=2
GAMT634,1=10.00
AMT634,1=10.00
UGAMT634,1=10.00
UAMT634,1=10.00
PLU634,1=6
NAM634,1=FuelSave Unl
GRP634,1=59
CRD634,1=325
EXTREF634,1=FuelSave Unl
ART_MERCH_ID634,1=A
EXC634,1=10.00
INC634,1=10.00
NQUA_CHANGEABLE634,1=662412.23
MOP634,1=1
MOP_ADDX634,1=10
ROP634,1=1
PM634,1=110
PA634,1=10.00
SLSTOT634=10.00
TYP635=21
SPEC_TYPE635=3
DATI635=20200124135941
STATION_NR635=6111
SHF635=2727
OPID635=5
LREF635=1179120235
SPEC_ID635=6
SPEC_NAME635=FuelSave Unl
SPEC_QUA635=26.42
SPEC_PRI635=1.249
SPEC_AMT635=33.00
SPEC_ADDD635=4
TYP636=21
SPEC_TYPE636=13
DATI636=20200124135948
STATION_NR636=6111
SHF636=2727
OPID636=5
SPEC_ADDD636=Open cash drawer
TYP637=2
DATI637=20200124140119
STATION_NR637=6111
SHF637=2727
ACC_REP_NR637=1177
OPID637=5
REF637=1179120236
SEQ637=1179120275051
SAFTDATI637=20200124140119
LCUR637=10
REPL637=2
MERCH_ID637,1=A
MERCH_NAME637,1=Discovery Filling Station Ltd
MERCH_RECEIPT_SEQ_NR637,1=611100993253
PMP637,1=4
PUMP_MODE637,1=1,1,1
NOZZLE637,1=1
NDATI637,1=20200124135800
START_DATE637,1=20200124135709
PRI637,1=1.249
BASEPRI637,1=1.249
QTY637,1=26.42
QTYUNIT637,1=2
GAMT637,1=33.00
AMT637,1=33.00
UGAMT637,1=33.00
UAMT637,1=33.00
PLU637,1=6
NAM637,1=FuelSave Unl
GRP637,1=59
CRD637,1=325
EXTREF637,1=FuelSave Unl
ART_MERCH_ID637,1=A
EXC637,1=33.00
INC637,1=33.00
NQUA_CHANGEABLE637,1=708559.56
MOP637,1=1
MOP_ADDX637,1=10
ROP637,1=1
PM637,1=110
PA637,1=33.00
SLSTOT637=33.00
TYP638=2
DATI638=20200124140141
STATION_NR638=6111
SHF638=2727
ACC_REP_NR638=1177
OPID638=5
REF638=1179120237
SEQ638=1179120275052
SAFTDATI638=20200124140141
LCUR638=10
REPL638=2
MERCH_ID638,1=A
MERCH_NAME638,1=Discovery Filling Station Ltd
MERCH_RECEIPT_SEQ_NR638,1=611100993254
PMP638,1=3
PUMP_MODE638,1=1,1,1
NOZZLE638,1=1
NDATI638,1=20200124140113
START_DATE638,1=20200124140052
PRI638,1=1.249
BASEPRI638,1=1.249
QTY638,1=8.31
QTYUNIT638,1=2
GAMT638,1=10.38
AMT638,1=10.38
UGAMT638,1=10.38
UAMT638,1=10.38
PLU638,1=6
NAM638,1=FuelSave Unl
GRP638,1=59
CRD638,1=325
EXTREF638,1=FuelSave Unl
ART_MERCH_ID638,1=A
EXC638,1=10.38
INC638,1=10.38
NQUA_CHANGEABLE638,1=1194604.22
MOP638,1=1
MOP_ADDX638,1=10
ROP638,1=1
PM638,1=110
PA638,1=10.38
SLSTOT638=10.38
TYP639=2
DATI639=20200124140155
STATION_NR639=6111
SHF639=2727
ACC_REP_NR639=1177
OPID639=5
REF639=1179120238
SEQ639=1179120275053
SAFTDATI639=20200124140155
LCUR639=10
REPL639=2
MERCH_ID639,1=A
MERCH_NAME639,1=Discovery Filling Station Ltd
MERCH_RECEIPT_SEQ_NR639,1=611100993255
PMP639,1=2
PUMP_MODE639,1=1,1,1
NOZZLE639,1=2
NDATI639,1=20200124140056
START_DATE639,1=20200124135931
PRI639,1=1.299
BASEPRI639,1=1.299
QTY639,1=23.10
QTYUNIT639,1=2
GAMT639,1=30.01
AMT639,1=30.01
UGAMT639,1=30.01
UAMT639,1=30.01
PLU639,1=3
NAM639,1=FuelSave Dsl
GRP639,1=59
CRD639,1=425
EXTREF639,1=FuelSave Dsl
ART_MERCH_ID639,1=A
EXC639,1=30.01
INC639,1=30.01
NQUA_CHANGEABLE639,1=1555302.07
MOP639,1=1
MOP_ADDX639,1=10
ROP639,1=1
PM639,1=110
PA639,1=30.01
SLSTOT639=30.01
TYP640=2
DATI640=20200124140213
STATION_NR640=6111
SHF640=2727
ACC_REP_NR640=1177
OPID640=5
REF640=1179120239
SEQ640=1179120275054
SAFTDATI640=20200124140213
LCUR640=10
REPL640=2
MERCH_ID640,1=A
MERCH_NAME640,1=Discovery Filling Station Ltd
MERCH_RECEIPT_SEQ_NR640,1=611100993256
PRI640,1=8.70
UPR640,1=8.70
QTY640,1=1.00
QTYUNIT640,1=1
GAMT640,1=8.70
AMT640,1=8.70
UGAMT640,1=8.70
UAMT640,1=8.70
PLU640,1=5000431026995
NAM640,1=PLAYERS S/K
GRP640,1=TOBACCO
CRD640,1=4019
ART_MERCH_ID640,1=A
PRC640,1=20.00
VAMT640,1=1.45
EXC640,1=7.25
INC640,1=8.70
PRI640,2=0.90
UPR640,2=0.90
QTY640,2=1.00
QTYUNIT640,2=1
GAMT640,2=0.90
AMT640,2=0.90
UGAMT640,2=0.90
UAMT640,2=0.90
PLU640,2=8938506311516
NAM640,2=EXIS LIGHTER
GRP640,2=TOBACCO SUNDRIE
CRD640,2=4019
ART_MERCH_ID640,2=A
PRC640,2=20.00
VAMT640,2=0.15
EXC640,2=0.75
INC640,2=0.90
MOP640,1=1
MOP_ADDX640,1=10
ROP640,1=1
PM640,1=110
PA640,1=9.60
SLSTOT640=9.60
TYP641=2
DATI641=20200124140239
STATION_NR641=6111
SHF641=2727
ACC_REP_NR641=1177
OPID641=5
REF641=1179120240
SEQ641=1179120275055
SAFTDATI641=20200124140239
LCUR641=10
REPL641=2
MERCH_ID641,1=A
MERCH_NAME641,1=Discovery Filling Station Ltd
MERCH_RECEIPT_SEQ_NR641,1=611100993257
PMP641,1=1
PUMP_MODE641,1=1,1,1
NOZZLE641,1=2
NDATI641,1=20200124140201
START_DATE641,1=20200124140109
PRI641,1=1.299
BASEPRI641,1=1.299
QTY641,1=19.32
QTYUNIT641,1=2
GAMT641,1=25.10
AMT641,1=25.10
UGAMT641,1=25.10
UAMT641,1=25.10
PLU641,1=3
NAM641,1=FuelSave Dsl
GRP641,1=59
CRD641,1=425
EXTREF641,1=FuelSave Dsl
ART_MERCH_ID641,1=A
EXC641,1=25.10
INC641,1=25.10
NQUA_CHANGEABLE641,1=825935.00
MOP641,1=1
MOP_ADDX641,1=10
ROP641,1=1
PM641,1=110
PA641,1=25.10
SLSTOT641=25.10
TYP642=2
DATI642=20200124140537
STATION_NR642=6111
SHF642=2727
ACC_REP_NR642=1177
OPID642=5
REF642=1179120241
SEQ642=1179120275056
SAFTDATI642=20200124140537
LCUR642=10
REPL642=2
MERCH_ID642,1=A
MERCH_NAME642,1=Discovery Filling Station Ltd
MERCH_RECEIPT_SEQ_NR642,1=611100993258
PRI642,1=2.60
UPR642,1=2.60
QTY642,1=1.00
QTYUNIT642,1=1
GAMT642,1=2.60
AMT642,1=2.60
UGAMT642,1=2.60
UAMT642,1=2.60
PLU642,1=5055109220199
NAM642,1=CLARKS SEEDED BROWN
GRP642,1=SANDWICHES
CRD642,1=6000
ART_MERCH_ID642,1=A
EXC642,1=2.60
INC642,1=2.60
PRI642,2=1.09
UPR642,2=1.09
QTY642,2=1.00
QTYUNIT642,2=1
GAMT642,2=1.09
AMT642,2=1.09
UGAMT642,2=1.09
UAMT642,2=1.09
PLU642,2=5000112639612
NAM642,2=FANTA GRAPE
GRP642,2=DRINKS
CRD642,2=3119
ART_MERCH_ID642,2=A
PRC642,2=20.00
VAMT642,2=0.18
EXC642,2=0.91
INC642,2=1.09
MOP642,1=1
MOP_ADDX642,1=10
ROP642,1=1
PM642,1=110
PA642,1=3.69
SLSTOT642=3.69
TYP643=2
DATI643=20200124140551
STATION_NR643=6111
SHF643=2727
ACC_REP_NR643=1177
OPID643=5
REF643=1179120242
SEQ643=1179120275057
SAFTDATI643=20200124140551
LCUR643=10
REPL643=2
MERCH_ID643,1=A
MERCH_NAME643,1=Discovery Filling Station Ltd
MERCH_RECEIPT_SEQ_NR643,1=611100993259
PMP643,1=6
PUMP_MODE643,1=1,1,1
NOZZLE643,1=1
NDATI643,1=20200124140511
START_DATE643,1=20200124140413
PRI643,1=1.249
BASEPRI643,1=1.249
QTY643,1=16.17
QTYUNIT643,1=2
GAMT643,1=20.20
AMT643,1=20.20
UGAMT643,1=20.20
UAMT643,1=20.20
PLU643,1=6
NAM643,1=FuelSave Unl
GRP643,1=59
CRD643,1=325
EXTREF643,1=FuelSave Unl
ART_MERCH_ID643,1=A
EXC643,1=20.20
INC643,1=20.20
NQUA_CHANGEABLE643,1=369612.16
MOP643,1=1
MOP_ADDX643,1=10
ROP643,1=1
PM643,1=110
PA643,1=20.20
SLSTOT643=20.20
TYP644=2
DATI644=20200124140712
STATION_NR644=6111
SHF644=2727
ACC_REP_NR644=1177
OPID644=5
REF644=1179120243
SEQ644=1179120275058
SAFTDATI644=20200124140712
LCUR644=10
REPL644=2
MERCH_ID644,1=A
MERCH_NAME644,1=Discovery Filling Station Ltd
MERCH_RECEIPT_SEQ_NR644,1=611100993260
PRI644,1=0.79
UPR644,1=0.79
QTY644,1=1.00
QTYUNIT644,1=1
GAMT644,1=0.79
AMT644,1=0.79
UGAMT644,1=0.79
UAMT644,1=0.79
PLU644,1=5020379150095
NAM644,1=ES SS MILK
GRP644,1=CHILLED FOOD
CRD644,1=3400
ART_MERCH_ID644,1=A
EXC644,1=0.79
INC644,1=0.79
MOP644,1=1
MOP_ADDX644,1=10
ROP644,1=1
PM644,1=110
PA644,1=0.79
SLSTOT644=0.79
TYP645=2
DATI645=20200124140815
STATION_NR645=6111
SHF645=2727
ACC_REP_NR645=1177
OPID645=5
REF645=1179120244
SEQ645=1179120275059
SAFTDATI645=20200124140815
LCUR645=10
PAN645=706650******606
MERCH_ID645,1=A
MERCH_NAME645,1=Discovery Filling Station Ltd
MERCH_RECEIPT_SEQ_NR645,1=611100993261
PMP645,1=6
PUMP_MODE645,1=1,1,1
NOZZLE645,1=2
NDATI645,1=20200124140800
START_DATE645,1=20200124140719
PRI645,1=1.299
BASEPRI645,1=1.299
QTY645,1=14.84
QTYUNIT645,1=2
GAMT645,1=19.28
AMT645,1=19.28
UGAMT645,1=19.28
UAMT645,1=19.28
PLU645,1=3
NAM645,1=FuelSave Dsl
GRP645,1=59
CRD645,1=425
EXTREF645,1=FuelSave Dsl
ART_MERCH_ID645,1=A
EXC645,1=19.28
INC645,1=19.28
NQUA_CHANGEABLE645,1=1186818.75
CPPAN645,1=706650******606
MOP645,1=6
MOP_ADDX645,1=50
MOP_ADDY645,1=10
ROP645,1=1
PM645,1=949
PSUB645,1=10
PA645,1=19.28
SLSTOT645=19.28
TYP646=21
SPEC_TYPE646=13
DATI646=20200124140920
STATION_NR646=6111
SHF646=2727
OPID646=5
SPEC_ADDD646=Open cash drawer
TYP647=2
DATI647=20200124141054
STATION_NR647=6111
SHF647=2727
ACC_REP_NR647=1177
OPID647=5
REF647=1179120245
SEQ647=1179120275060
SAFTDATI647=20200124141054
LCUR647=10
PAN647=529932*******809
MERCH_ID647,1=A
MERCH_NAME647,1=Discovery Filling Station Ltd
MERCH_RECEIPT_SEQ_NR647,1=611100993262
PMP647,1=3
PUMP_MODE647,1=1,1,1
NOZZLE647,1=1
NDATI647,1=20200124141032
START_DATE647,1=20200124140939
PRI647,1=1.249
BASEPRI647,1=1.249
QTY647,1=28.89
QTYUNIT647,1=2
GAMT647,1=36.08
AMT647,1=36.08
UGAMT647,1=36.08
UAMT647,1=36.08
PLU647,1=6
NAM647,1=FuelSave Unl
GRP647,1=59
CRD647,1=325
EXTREF647,1=FuelSave Unl
ART_MERCH_ID647,1=A
EXC647,1=36.08
INC647,1=36.08
NQUA_CHANGEABLE647,1=1194633.11
CPPAN647,1=529932*******809
MOP647,1=6
MOP_ADDX647,1=50
MOP_ADDY647,1=15
ROP647,1=1
PM647,1=949
PSUB647,1=15
PA647,1=36.08
SLSTOT647=36.08
TYP648=2
DATI648=20200124141128
STATION_NR648=6111
SHF648=2727
ACC_REP_NR648=1177
OPID648=5
REF648=1179120246
SEQ648=1179120275061
SAFTDATI648=20200124141128
LCUR648=10
REPL648=2
MERCH_ID648,1=A
MERCH_NAME648,1=Discovery Filling Station Ltd
MERCH_RECEIPT_SEQ_NR648,1=611100993263
PMP648,1=4
PUMP_MODE648,1=1,1,1
NOZZLE648,1=1
NDATI648,1=20200124141037
START_DATE648,1=20200124140925
PRI648,1=1.249
BASEPRI648,1=1.249
QTY648,1=8.01
QTYUNIT648,1=2
GAMT648,1=10.00
AMT648,1=10.00
UGAMT648,1=10.00
UAMT648,1=10.00
PLU648,1=6
NAM648,1=FuelSave Unl
GRP648,1=59
CRD648,1=325
EXTREF648,1=FuelSave Unl
ART_MERCH_ID648,1=A
EXC648,1=10.00
INC648,1=10.00
NQUA_CHANGEABLE648,1=708567.57
MOP648,1=1
MOP_ADDX648,1=10
ROP648,1=1
PM648,1=110
PA648,1=10.00
SLSTOT648=10.00
TYP649=2
DATI649=20200124141139
STATION_NR649=6111
SHF649=2727
ACC_REP_NR649=1177
OPID649=5
REF649=1179120247
SEQ649=1179120275062
SAFTDATI649=20200124141139
LCUR649=10
PAN649=706650******630
MERCH_ID649,1=A
MERCH_NAME649,1=Discovery Filling Station Ltd
MERCH_RECEIPT_SEQ_NR649,1=611100993264
PMP649,1=2
PUMP_MODE649,1=1,1,1
NOZZLE649,1=2
NDATI649,1=20200124141112
START_DATE649,1=20200124141040
PRI649,1=1.299
BASEPRI649,1=1.299
QTY649,1=3.85
QTYUNIT649,1=2
GAMT649,1=5.00
AMT649,1=5.00
UGAMT649,1=5.00
UAMT649,1=5.00
PLU649,1=3
NAM649,1=FuelSave Dsl
GRP649,1=59
CRD649,1=425
EXTREF649,1=FuelSave Dsl
ART_MERCH_ID649,1=A
EXC649,1=5.00
INC649,1=5.00
NQUA_CHANGEABLE649,1=1555305.92
CPPAN649,1=706650******630
MOP649,1=6
MOP_ADDX649,1=50
MOP_ADDY649,1=10
ROP649,1=1
PM649,1=949
PSUB649,1=10
PA649,1=5.00
SLSTOT649=5.00
TYP650=2
DATI650=20200124141248
STATION_NR650=6111
SHF650=2727
ACC_REP_NR650=1177
OPID650=5
REF650=1179120248
SEQ650=1179120275063
SAFTDATI650=20200124141248
LCUR650=10
PAN650=700205*******001048
MERCH_ID650,1=A
MERCH_NAME650,1=Discovery Filling Station Ltd
MERCH_RECEIPT_SEQ_NR650,1=611100993265
PMP650,1=5
PUMP_MODE650,1=1,1,1
NOZZLE650,1=1
NDATI650,1=20200124141219
START_DATE650,1=20200124141145
PRI650,1=1.249
BASEPRI650,1=1.249
QTY650,1=12.01
QTYUNIT650,1=2
GAMT650,1=15.00
AMT650,1=15.00
UGAMT650,1=15.00
UAMT650,1=15.00
PLU650,1=6
NAM650,1=FuelSave Unl
GRP650,1=59
CRD650,1=325
EXTREF650,1=FuelSave Unl
ART_MERCH_ID650,1=A
EXC650,1=15.00
INC650,1=15.00
NQUA_CHANGEABLE650,1=1062436.01
CPPAN650,1=700205*******001048
MOP650,1=6
MOP_ADDX650,1=50
MOP_ADDY650,1=1
ROP650,1=1
PM650,1=949
PSUB650,1=1
PA650,1=15.00
SLSTOT650=15.00
TYP651=2
DATI651=20200124141348
STATION_NR651=6111
SHF651=2727
ACC_REP_NR651=1177
OPID651=5
REF651=1179120249
SEQ651=1179120275064
SAFTDATI651=20200124141348
LCUR651=10
REPL651=2
MERCH_ID651,1=A
MERCH_NAME651,1=Discovery Filling Station Ltd
MERCH_RECEIPT_SEQ_NR651,1=611100993266
PMP651,1=3
PUMP_MODE651,1=1,1,1
NOZZLE651,1=1
NDATI651,1=20200124141308
START_DATE651,1=20200124141227
PRI651,1=1.249
BASEPRI651,1=1.249
QTY651,1=16.83
QTYUNIT651,1=2
GAMT651,1=21.02
AMT651,1=21.02
UGAMT651,1=21.02
UAMT651,1=21.02
PLU651,1=6
NAM651,1=FuelSave Unl
GRP651,1=59
CRD651,1=325
EXTREF651,1=FuelSave Unl
ART_MERCH_ID651,1=A
EXC651,1=21.02
INC651,1=21.02
NQUA_CHANGEABLE651,1=1194649.94
PRI651,2=8.70
UPR651,2=8.70
QTY651,2=1.00
QTYUNIT651,2=1
GAMT651,2=8.70
AMT651,2=8.70
UGAMT651,2=8.70
UAMT651,2=8.70
PLU651,2=5000431027572
NAM651,2=L&B KS BLUE 20
GRP651,2=TOBACCO
CRD651,2=4019
ART_MERCH_ID651,2=A
PRC651,2=20.00
VAMT651,2=1.45
EXC651,2=7.25
INC651,2=8.70
MOP651,1=1
MOP_ADDX651,1=10
ROP651,1=1
PM651,1=110
PA651,1=40.00
MOP651,2=1
MOP_ADDX651,2=10
ROP651,2=2
PM651,2=5110
PA651,2=-10.28
SLSTOT651=29.72
TYP652=2
DATI652=20200124141538
STATION_NR652=6111
ACC_REP_NR652=1177
REF652=1179510013
SEQ652=1179510017027
SAFTDATI652=20200124141538
LCUR652=10
PAN652=557351******6564
HOSTTYPE652=12
HOSTBOOKPER652=1179
AUTH652=349500
CAIC652=044026111
ONLINERC652=000
STAN652=058562
REPL652=2
MERCH_ID652,1=A
MERCH_NAME652,1=Discovery Filling Station Ltd
PMP652,1=5
PUMP_MODE652,1=1,3,2
NOZZLE652,1=1
NDATI652,1=20200124141537
START_DATE652,1=20200124141454
PRI652,1=1.249
BASEPRI652,1=1.249
QTY652,1=16.01
QTYUNIT652,1=2
GAMT652,1=20.00
AMT652,1=20.00
UGAMT652,1=20.00
UAMT652,1=20.00
PLU652,1=6
NAM652,1=FuelSave Unl
GRP652,1=59
CRD652,1=325
EXTREF652,1=FuelSave Unl
ART_MERCH_ID652,1=A
EXC652,1=20.00
INC652,1=20.00
NQUA_CHANGEABLE652,1=1062452.02
CPPAN652,1=557351******6564
CPREPL652,1=2
CPHOSTTYPE652,1=12
CPHOSTBKPER652,1=1179
CPAUTH652,1=349500
CPCAIC652,1=044026111
CPONLINERC652,1=000
CPSTAN652,1=058562
MOP652,1=4
MOP_ADDX652,1=4
MOP_ADDY652,1=2
ROP652,1=1
PM652,1=703
PSUB652,1=2
PA652,1=20.00
TRKMED652,1=5
SLSTOT652=20.00
TYP653=2
DATI653=20200124141515
STATION_NR653=6111
SHF653=2727
ACC_REP_NR653=1177
OPID653=5
REF653=1179120250
SEQ653=1179120275065
SAFTDATI653=20200124141515
LCUR653=10
PAN653=446292*******028
MERCH_ID653,1=A
MERCH_NAME653,1=Discovery Filling Station Ltd
MERCH_RECEIPT_SEQ_NR653,1=611100993267
PRI653,1=0.50
UPR653,1=0.50
QTY653,1=2.00
QTYUNIT653,1=1
GAMT653,1=1.00
AMT653,1=1.00
UGAMT653,1=1.00
UAMT653,1=1.00
PLU653,1=5012035954840
NAM653,1=HARIBO MINI
GRP653,1=CONFECTIONERY
CRD653,1=3119
ART_MERCH_ID653,1=A
PRC653,1=20.00
VAMT653,1=0.17
EXC653,1=0.83
INC653,1=1.00
PRI653,2=0.70
UPR653,2=0.70
QTY653,2=1.00
QTYUNIT653,2=1
GAMT653,2=0.70
AMT653,2=0.70
UGAMT653,2=0.70
UAMT653,2=0.70
PLU653,2=5000328475905
NAM653,2=WALK SQUARE S&V
GRP653,2=CRISPS
CRD653,2=3219
ART_MERCH_ID653,2=A
PRC653,2=20.00
VAMT653,2=0.12
EXC653,2=0.58
INC653,2=0.70
PRI653,3=0.59
UPR653,3=0.59
QTY653,3=1.00
QTYUNIT653,3=1
GAMT653,3=0.59
AMT653,3=0.59
UGAMT653,3=0.59
UAMT653,3=0.59
PLU653,3=5000328141299
NAM653,3=WALKERS WOTS
GRP653,3=CRISPS
CRD653,3=3219
ART_MERCH_ID653,3=A
PRC653,3=20.00
VAMT653,3=0.10
EXC653,3=0.49
INC653,3=0.59
PRI653,4=1.69
UPR653,4=1.69
QTY653,4=2.00
QTYUNIT653,4=1
GAMT653,4=3.38
AMT653,4=3.38
UGAMT653,4=3.38
UAMT653,4=3.38
PLU653,4=5060147114348
NAM653,4=WRAP
GRP653,4=CHILLED FOOD
CRD653,4=3400
ART_MERCH_ID653,4=A
EXC653,4=3.38
INC653,4=3.38
PRI653,5=0.99
UPR653,5=0.99
QTY653,5=1.00
QTYUNIT653,5=1
GAMT653,5=0.99
AMT653,5=0.99
UGAMT653,5=0.99
UAMT653,5=0.99
PLU653,5=5000382044925
NAM653,5=IRN BRU
GRP653,5=DRINKS
CRD653,5=3119
ART_MERCH_ID653,5=A
PRC653,5=20.00
VAMT653,5=0.16
EXC653,5=0.83
INC653,5=0.99
PRI653,6=0.75
UPR653,6=0.75
QTY653,6=1.00
QTYUNIT653,6=1
GAMT653,6=0.75
AMT653,6=0.75
UGAMT653,6=0.75
UAMT653,6=0.75
PLU653,6=5000159470629
NAM653,6=MARS SNICKERS 48G
GRP653,6=CONFECTIONERY
CRD653,6=3119
ART_MERCH_ID653,6=A
PRC653,6=20.00
VAMT653,6=0.12
EXC653,6=0.63
INC653,6=0.75
CPPAN653,1=446292*******028
MOP653,1=6
MOP_ADDX653,1=50
MOP_ADDY653,1=12
ROP653,1=1
PM653,1=949
PSUB653,1=12
PA653,1=7.41
SLSTOT653=7.41
TYP654=2
DATI654=20200124141554
STATION_NR654=6111
SHF654=2727
ACC_REP_NR654=1177
OPID654=5
REF654=1179120251
SEQ654=1179120275066
SAFTDATI654=20200124141554
LCUR654=10
PAN654=475117*******863
MERCH_ID654,1=A
MERCH_NAME654,1=Discovery Filling Station Ltd
MERCH_RECEIPT_SEQ_NR654,1=611100993268
PMP654,1=6
PUMP_MODE654,1=1,1,1
NOZZLE654,1=2
NDATI654,1=20200124141411
START_DATE654,1=20200124141244
PRI654,1=1.299
BASEPRI654,1=1.299
QTY654,1=30.82
QTYUNIT654,1=2
GAMT654,1=40.04
AMT654,1=40.04
UGAMT654,1=40.04
UAMT654,1=40.04
PLU654,1=3
NAM654,1=FuelSave Dsl
GRP654,1=59
CRD654,1=425
EXTREF654,1=FuelSave Dsl
ART_MERCH_ID654,1=A
EXC654,1=40.04
INC654,1=40.04
NQUA_CHANGEABLE654,1=1186849.57
PRI654,2=1.00
UPR654,2=1.00
QTY654,2=1.00
QTYUNIT654,2=1
GAMT654,2=1.00
AMT654,2=1.00
UGAMT654,2=1.00
UAMT654,2=1.00
PLU654,2=5000237130971
NAM654,2=MCC CHDR ONI
GRP654,2=CRISPS
CRD654,2=3219
ART_MERCH_ID654,2=A
PRC654,2=20.00
VAMT654,2=0.17
EXC654,2=0.83
INC654,2=1.00
PRI654,3=1.00
UPR654,3=1.00
QTY654,3=1.00
QTYUNIT654,3=1
GAMT654,3=1.00
AMT654,3=1.00
UGAMT654,3=1.00
UAMT654,3=1.00
PLU654,3=5000237130957
NAM654,3=MCOYS S&VIN
GRP654,3=CRISPS
CRD654,3=3219
ART_MERCH_ID654,3=A
PRC654,3=20.00
VAMT654,3=0.17
EXC654,3=0.83
INC654,3=1.00
PRI654,4=1.59
UPR654,4=1.59
QTY654,4=1.00
QTYUNIT654,4=1
GAMT654,4=1.59
AMT654,4=1.59
UGAMT654,4=1.59
UAMT654,4=1.59
PLU654,4=9002490239565
NAM654,4=RED BULL
GRP654,4=DRINKS
CRD654,4=3119
ART_MERCH_ID654,4=A
PRC654,4=20.00
VAMT654,4=0.26
EXC654,4=1.33
INC654,4=1.59
CPPAN654,1=475117*******863
MOP654,1=6
MOP_ADDX654,1=50
MOP_ADDY654,1=12
ROP654,1=1
PM654,1=949
PSUB654,1=12
PA654,1=43.63
SLSTOT654=43.63
TYP655=2
DATI655=20200124141740
STATION_NR655=6111
SHF655=2727
ACC_REP_NR655=1177
OPID655=5
REF655=1179120252
SEQ655=1179120275067
SAFTDATI655=20200124141740
LCUR655=10
PAN655=476223*******429
MERCH_ID655,1=A
MERCH_NAME655,1=Discovery Filling Station Ltd
MERCH_RECEIPT_SEQ_NR655,1=611100993269
PMP655,1=3
PUMP_MODE655,1=1,1,1
NOZZLE655,1=3
NDATI655,1=20200124141555
START_DATE655,1=20200124141516
PRI655,1=1.299
BASEPRI655,1=1.299
QTY655,1=11.56
QTYUNIT655,1=2
GAMT655,1=15.02
AMT655,1=15.02
UGAMT655,1=15.02
UAMT655,1=15.02
PLU655,1=3
NAM655,1=FuelSave Dsl
GRP655,1=59
CRD655,1=425
EXTREF655,1=FuelSave Dsl
ART_MERCH_ID655,1=A
EXC655,1=15.02
INC655,1=15.02
NQUA_CHANGEABLE655,1=1277369.44
PRI655,2=0.50
UPR655,2=0.50
QTY655,2=1.00
QTYUNIT655,2=1
GAMT655,2=0.50
AMT655,2=0.50
UGAMT655,2=0.50
UAMT655,2=0.50
PLU655,2=5020379137003
NAM655,2=EURO SHOPPER
GRP655,2=DRINKS
CRD655,2=3119
ART_MERCH_ID655,2=A
PRC655,2=20.00
VAMT655,2=0.08
EXC655,2=0.42
INC655,2=0.50
CPPAN655,1=476223*******429
MOP655,1=6
MOP_ADDX655,1=50
MOP_ADDY655,1=12
ROP655,1=1
PM655,1=949
PSUB655,1=12
PA655,1=15.52
SLSTOT655=15.52
TYP656=2
DATI656=20200124141800
STATION_NR656=6111
SHF656=2727
ACC_REP_NR656=1177
OPID656=5
REF656=1179120253
SEQ656=1179120275068
SAFTDATI656=20200124141800
LCUR656=10
PAN656=471530*******434
MERCH_ID656,1=A
MERCH_NAME656,1=Discovery Filling Station Ltd
MERCH_RECEIPT_SEQ_NR656,1=611100993270
PMP656,1=4
PUMP_MODE656,1=1,1,1
NOZZLE656,1=1
NDATI656,1=20200124141732
START_DATE656,1=20200124141558
PRI656,1=1.249
BASEPRI656,1=1.249
QTY656,1=51.52
QTYUNIT656,1=2
GAMT656,1=64.35
AMT656,1=64.35
UGAMT656,1=64.35
UAMT656,1=64.35
PLU656,1=6
NAM656,1=FuelSave Unl
GRP656,1=59
CRD656,1=325
EXTREF656,1=FuelSave Unl
ART_MERCH_ID656,1=A
EXC656,1=64.35
INC656,1=64.35
NQUA_CHANGEABLE656,1=708619.09
CPPAN656,1=471530*******434
MOP656,1=6
MOP_ADDX656,1=50
MOP_ADDY656,1=7
ROP656,1=1
PM656,1=949
PSUB656,1=7
PA656,1=64.35
SLSTOT656=64.35
TYP657=21
SPEC_TYPE657=3
DATI657=20200124141912
STATION_NR657=6111
SHF657=2727
OPID657=5
LREF657=1179120254
SPEC_ID657=3
SPEC_NAME657=FuelSave Dsl
SPEC_QUA657=25.41
SPEC_PRI657=1.299
SPEC_AMT657=33.01
SPEC_ADDD657=2
TYP658=2
DATI658=20200124141917
STATION_NR658=6111
SHF658=2727
ACC_REP_NR658=1177
OPID658=5
REF658=1179120254
SEQ658=1179120275069
SAFTDATI658=20200124141917
LCUR658=10
REPL658=2
MERCH_ID658,1=A
MERCH_NAME658,1=Discovery Filling Station Ltd
MERCH_RECEIPT_SEQ_NR658,1=611100993271
PRI658,1=2.50
UPR658,1=2.50
QTY658,1=1.00
QTYUNIT658,1=1
GAMT658,1=2.50
AMT658,1=2.50
UGAMT658,1=2.50
UAMT658,1=2.50
PLU658,1=2083800000003
NAM658,1=LOTTERY
GRP658,1=LOTTERY ONLINE
CRD658,1=9500
ART_MERCH_ID658,1=A
EXC658,1=2.50
INC658,1=2.50
MOP658,1=1
MOP_ADDX658,1=10
ROP658,1=1
PM658,1=110
PA658,1=2.50
SLSTOT658=2.50
TYP659=2
DATI659=20200124141924
STATION_NR659=6111
SHF659=2727
ACC_REP_NR659=1177
OPID659=5
REF659=1179120255
SEQ659=1179120275070
SAFTDATI659=20200124141924
LCUR659=10
REPL659=2
MERCH_ID659,1=A
MERCH_NAME659,1=Discovery Filling Station Ltd
MERCH_RECEIPT_SEQ_NR659,1=611100993272
PMP659,1=2
PUMP_MODE659,1=1,1,1
NOZZLE659,1=2
NDATI659,1=20200124141734
START_DATE659,1=20200124141603
PRI659,1=1.299
BASEPRI659,1=1.299
QTY659,1=25.41
QTYUNIT659,1=2
GAMT659,1=33.01
AMT659,1=33.01
UGAMT659,1=33.01
UAMT659,1=33.01
PLU659,1=3
NAM659,1=FuelSave Dsl
GRP659,1=59
CRD659,1=425
EXTREF659,1=FuelSave Dsl
ART_MERCH_ID659,1=A
EXC659,1=33.01
INC659,1=33.01
NQUA_CHANGEABLE659,1=1555331.33
MOP659,1=1
MOP_ADDX659,1=10
ROP659,1=1
PM659,1=110
PA659,1=33.01
SLSTOT659=33.01
TYP660=2
DATI660=20200124141943
STATION_NR660=6111
SHF660=2727
ACC_REP_NR660=1177
OPID660=5
REF660=1179120256
SEQ660=1179120275071
SAFTDATI660=20200124141943
LCUR660=10
REPL660=2
MERCH_ID660,1=A
MERCH_NAME660,1=Discovery Filling Station Ltd
MERCH_RECEIPT_SEQ_NR660,1=611100993273
PMP660,1=5
PUMP_MODE660,1=1,1,1
NOZZLE660,1=1
NDATI660,1=20200124141755
START_DATE660,1=20200124141716
PRI660,1=1.249
BASEPRI660,1=1.249
QTY660,1=11.97
QTYUNIT660,1=2
GAMT660,1=14.95
AMT660,1=14.95
UGAMT660,1=14.95
UAMT660,1=14.95
PLU660,1=6
NAM660,1=FuelSave Unl
GRP660,1=59
CRD660,1=325
EXTREF660,1=FuelSave Unl
ART_MERCH_ID660,1=A
EXC660,1=14.95
INC660,1=14.95
NQUA_CHANGEABLE660,1=1062463.99
MOP660,1=1
MOP_ADDX660,1=10
ROP660,1=1
PM660,1=110
PA660,1=14.95
SLSTOT660=14.95
TYP661=2
DATI661=20200124141958
STATION_NR661=6111
SHF661=2727
ACC_REP_NR661=1177
OPID661=5
REF661=1179120257
SEQ661=1179120275072
SAFTDATI661=20200124141958
LCUR661=10
PAN661=547503*******266
MERCH_ID661,1=A
MERCH_NAME661,1=Discovery Filling Station Ltd
MERCH_RECEIPT_SEQ_NR661,1=611100993274
PMP661,1=6
PUMP_MODE661,1=1,1,1
NOZZLE661,1=1
NDATI661,1=20200124141843
START_DATE661,1=20200124141727
PRI661,1=1.249
BASEPRI661,1=1.249
QTY661,1=32.47
QTYUNIT661,1=2
GAMT661,1=40.56
AMT661,1=40.56
UGAMT661,1=40.56
UAMT661,1=40.56
PLU661,1=6
NAM661,1=FuelSave Unl
GRP661,1=59
CRD661,1=325
EXTREF661,1=FuelSave Unl
ART_MERCH_ID661,1=A
EXC661,1=40.56
INC661,1=40.56
NQUA_CHANGEABLE661,1=369644.63
CPPAN661,1=547503*******266
MOP661,1=6
MOP_ADDX661,1=50
MOP_ADDY661,1=15
ROP661,1=1
PM661,1=949
PSUB661,1=15
PA661,1=40.56
SLSTOT661=40.56
TYP662=2
DATI662=20200124142031
STATION_NR662=6111
SHF662=2727
ACC_REP_NR662=1177
OPID662=5
REF662=1179120258
SEQ662=1179120275073
SAFTDATI662=20200124142031
LCUR662=10
REPL662=2
MERCH_ID662,1=A
MERCH_NAME662,1=Discovery Filling Station Ltd
MERCH_RECEIPT_SEQ_NR662,1=611100993275
PRI662,1=1.89
UPR662,1=1.89
QTY662,1=1.00
QTYUNIT662,1=1
GAMT662,1=1.89
AMT662,1=1.89
UGAMT662,1=1.89
UAMT662,1=1.89
PLU662,1=5055109260218
NAM662,1=CLARKS STANDARD FILL
GRP662,1=SANDWICHES
CRD662,1=6000
ART_MERCH_ID662,1=A
EXC662,1=1.89
INC662,1=1.89
PRI662,2=1.05
UPR662,2=1.05
QTY662,2=1.00
QTYUNIT662,2=1
GAMT662,2=1.05
AMT662,2=1.05
UGAMT662,2=1.05
UAMT662,2=1.05
PLU662,2=4011100038653
NAM662,2=BOUNTY TRIO 85G
GRP662,2=CONFECTIONERY
CRD662,2=3119
ART_MERCH_ID662,2=A
PRC662,2=20.00
VAMT662,2=0.17
EXC662,2=0.88
INC662,2=1.05
MOP662,1=1
MOP_ADDX662,1=10
ROP662,1=1
PM662,1=110
PA662,1=2.94
SLSTOT662=2.94
TYP663=21
SPEC_TYPE663=14
DATI663=20200124142035
STATION_NR663=6111
SHF663=2727
OPID663=5
LREF663=1179120259
SPEC_ID663=3000
SPEC_NAME663=MISC VAT
SPEC_ITYP663=1
SPEC_QUA663=1.00
SPEC_PRI663=2.94
SPEC_AMT663=2.94
TYP664=2
DATI664=20200124142036
STATION_NR664=6111
SHF664=2727
ACC_REP_NR664=1177
OPID664=5
REF664=1179120259
SEQ664=1179120275074
SAFTDATI664=20200124142036
LCUR664=10
PAN664=547503*******266
MERCH_ID664,1=A
MERCH_NAME664,1=Discovery Filling Station Ltd
MERCH_RECEIPT_SEQ_NR664,1=611100993276
PRI664,1=2.94
UPR664,1=2.94
QTY664,1=1.00
QTYUNIT664,1=1
GAMT664,1=2.94
AMT664,1=2.94
UGAMT664,1=2.94
UAMT664,1=2.94
PLU664,1=3000
NAM664,1=MISC VAT
GRP664,1=MISC VAT
CRD664,1=6019
ART_MERCH_ID664,1=A
PRC664,1=20.00
VAMT664,1=0.49
EXC664,1=2.45
INC664,1=2.94
CPPAN664,1=547503*******266
MOP664,1=6
MOP_ADDX664,1=50
MOP_ADDY664,1=15
ROP664,1=1
PM664,1=949
PSUB664,1=15
PA664,1=2.94
SLSTOT664=2.94
TYP665=21
SPEC_TYPE665=14
DATI665=20200124142101
STATION_NR665=6111
SHF665=2727
OPID665=5
LREF665=1179120260
SPEC_ID665=3000
SPEC_NAME665=MISC VAT
SPEC_ITYP665=2
SPEC_QUA665=1.00
SPEC_PRI665=2.94
SPEC_AMT665=-2.94
TYP666=2
DATI666=20200124142102
STATION_NR666=6111
SHF666=2727
ACC_REP_NR666=1177
OPID666=5
REF666=1179120260
SEQ666=1179120275075
SAFTDATI666=20200124142102
LCUR666=10
REPL666=2
MERCH_ID666,1=A
MERCH_NAME666,1=Discovery Filling Station Ltd
MERCH_RECEIPT_SEQ_NR666,1=611100993277
PRI666,1=2.94
UPR666,1=2.94
QTY666,1=-1.00
QTYUNIT666,1=1
GAMT666,1=-2.94
AMT666,1=-2.94
UGAMT666,1=-2.94
UAMT666,1=-2.94
PLU666,1=3000
NAM666,1=MISC VAT
GRP666,1=MISC VAT
CRD666,1=6019
ART_MERCH_ID666,1=A
PRC666,1=20.00
VAMT666,1=-0.49
EXC666,1=-2.45
INC666,1=-2.94
MOP666,1=1
MOP_ADDX666,1=10
ROP666,1=2
PM666,1=5110
PA666,1=-2.94
SLSTOT666=-2.94
TYP667=2
DATI667=20200124142210
STATION_NR667=6111
SHF667=2727
ACC_REP_NR667=1177
OPID667=5
REF667=1179120261
SEQ667=1179120275076
SAFTDATI667=20200124142210
LCUR667=10
PAN667=408043*******139
MERCH_ID667,1=A
MERCH_NAME667,1=Discovery Filling Station Ltd
MERCH_RECEIPT_SEQ_NR667,1=611100993278
PMP667,1=3
PUMP_MODE667,1=1,1,1
NOZZLE667,1=3
NDATI667,1=20200124142118
START_DATE667,1=20200124141916
PRI667,1=1.299
BASEPRI667,1=1.299
QTY667,1=53.63
QTYUNIT667,1=2
GAMT667,1=69.67
AMT667,1=69.67
UGAMT667,1=69.67
UAMT667,1=69.67
PLU667,1=3
NAM667,1=FuelSave Dsl
GRP667,1=59
CRD667,1=425
EXTREF667,1=FuelSave Dsl
ART_MERCH_ID667,1=A
EXC667,1=69.67
INC667,1=69.67
NQUA_CHANGEABLE667,1=1277423.07
CPPAN667,1=408043*******139
MOP667,1=6
MOP_ADDX667,1=50
MOP_ADDY667,1=13
ROP667,1=1
PM667,1=949
PSUB667,1=13
PA667,1=69.67
SLSTOT667=69.67
TYP668=2
DATI668=20200124142229
STATION_NR668=6111
SHF668=2727
ACC_REP_NR668=1177
OPID668=5
REF668=1179120262
SEQ668=1179120275077
SAFTDATI668=20200124142229
LCUR668=10
REPL668=2
MERCH_ID668,1=A
MERCH_NAME668,1=Discovery Filling Station Ltd
MERCH_RECEIPT_SEQ_NR668,1=611100993279
PMP668,1=2
PUMP_MODE668,1=1,1,1
NOZZLE668,1=2
NDATI668,1=20200124142152
START_DATE668,1=20200124142045
PRI668,1=1.299
BASEPRI668,1=1.299
QTY668,1=14.09
QTYUNIT668,1=2
GAMT668,1=18.30
AMT668,1=18.30
UGAMT668,1=18.30
UAMT668,1=18.30
PLU668,1=3
NAM668,1=FuelSave Dsl
GRP668,1=59
CRD668,1=425
EXTREF668,1=FuelSave Dsl
ART_MERCH_ID668,1=A
EXC668,1=18.30
INC668,1=18.30
NQUA_CHANGEABLE668,1=1555345.42
MOP668,1=1
MOP_ADDX668,1=10
ROP668,1=1
PM668,1=110
PA668,1=18.30
SLSTOT668=18.30
TYP669=2
DATI669=20200124142307
STATION_NR669=6111
SHF669=2727
ACC_REP_NR669=1177
OPID669=5
REF669=1179120263
SEQ669=1179120275078
SAFTDATI669=20200124142307
LCUR669=10
REPL669=2
MOP669,1=1
MOP_ADDX669,1=10
ROP669,1=7
ROP_ADD669,1=2
PM669,1=5310
PMIO669,1=2
PA669,1=-3.00
TYP670=2
DATI670=20200124142328
STATION_NR670=6111
SHF670=2727
ACC_REP_NR670=1177
OPID670=5
REF670=1179120264
SEQ670=1179120275079
SAFTDATI670=20200124142328
LCUR670=10
PAN670=483215*******529
MERCH_ID670,1=A
MERCH_NAME670,1=Discovery Filling Station Ltd
MERCH_RECEIPT_SEQ_NR670,1=611100993280
PMP670,1=5
PUMP_MODE670,1=1,1,1
NOZZLE670,1=3
NDATI670,1=20200124142253
START_DATE670,1=20200124142208
PRI670,1=1.529
BASEPRI670,1=1.529
QTY670,1=13.08
QTYUNIT670,1=2
GAMT670,1=20.00
AMT670,1=20.00
UGAMT670,1=20.00
UAMT670,1=20.00
PLU670,1=8
NAM670,1=V Power Dsl
GRP670,1=59
CRD670,1=430
EXTREF670,1=V Power Dsl
ART_MERCH_ID670,1=A
EXC670,1=20.00
INC670,1=20.00
NQUA_CHANGEABLE670,1=230500.41
CPPAN670,1=483215*******529
MOP670,1=6
MOP_ADDX670,1=50
MOP_ADDY670,1=13
ROP670,1=1
PM670,1=949
PSUB670,1=13
PA670,1=20.00
SLSTOT670=20.00
TYP671=2
DATI671=20200124142354
STATION_NR671=6111
SHF671=2727
ACC_REP_NR671=1177
OPID671=5
REF671=1179120265
SEQ671=1179120275080
SAFTDATI671=20200124142354
LCUR671=10
PAN671=438662*******308
MERCH_ID671,1=A
MERCH_NAME671,1=Discovery Filling Station Ltd
MERCH_RECEIPT_SEQ_NR671,1=611100993281
PRI671,1=2.75
UPR671,1=2.75
QTY671,1=1.00
QTYUNIT671,1=1
GAMT671,1=2.75
AMT671,1=2.75
UGAMT671,1=2.75
UAMT671,1=2.75
PLU671,1=5055109220120
NAM671,1=ROAST BEEF FLUTED BA
GRP671,1=SANDWICHES
CRD671,1=6000
ART_MERCH_ID671,1=A
EXC671,1=2.75
INC671,1=2.75
CPPAN671,1=438662*******308
MOP671,1=6
MOP_ADDX671,1=50
MOP_ADDY671,1=13
ROP671,1=1
PM671,1=949
PSUB671,1=13
PA671,1=2.75
SLSTOT671=2.75
TYP672=2
DATI672=20200124142450
STATION_NR672=6111
SHF672=2727
ACC_REP_NR672=1177
OPID672=5
REF672=1179120266
SEQ672=1179120275081
SAFTDATI672=20200124142450
LCUR672=10
REPL672=2
MERCH_ID672,1=A
MERCH_NAME672,1=Discovery Filling Station Ltd
MERCH_RECEIPT_SEQ_NR672,1=611100993282
PMP672,1=3
PUMP_MODE672,1=1,1,1
NOZZLE672,1=1
NDATI672,1=20200124142422
START_DATE672,1=20200124142352
PRI672,1=1.249
BASEPRI672,1=1.249
QTY672,1=8.00
QTYUNIT672,1=2
GAMT672,1=9.99
AMT672,1=9.99
UGAMT672,1=9.99
UAMT672,1=9.99
PLU672,1=6
NAM672,1=FuelSave Unl
GRP672,1=59
CRD672,1=325
EXTREF672,1=FuelSave Unl
ART_MERCH_ID672,1=A
EXC672,1=9.99
INC672,1=9.99
NQUA_CHANGEABLE672,1=1194657.94
MOP672,1=1
MOP_ADDX672,1=10
ROP672,1=1
PM672,1=110
PA672,1=9.99
SLSTOT672=9.99
TYP673=2
DATI673=20200124142552
STATION_NR673=6111
SHF673=2727
ACC_REP_NR673=1177
OPID673=5
REF673=1179120267
SEQ673=1179120275082
SAFTDATI673=20200124142552
LCUR673=10
REPL673=2
MERCH_ID673,1=A
MERCH_NAME673,1=Discovery Filling Station Ltd
MERCH_RECEIPT_SEQ_NR673,1=611100993283
PRI673,1=1.75
UPR673,1=1.75
QTY673,1=1.00
QTYUNIT673,1=1
GAMT673,1=1.75
AMT673,1=1.40
UGAMT673,1=1.75
UAMT673,1=1.40
PLU673,1=1014
NAM673,1=SOUP & ROLL
GRP673,1=HOT FOOD
CRD673,1=3119
DSCT673,1=8
DNAM673,1=Discount on total
DSC673,1=0.35
ART_MERCH_ID673,1=A
PRC673,1=20.00
VAMT673,1=0.23
EXC673,1=1.17
INC673,1=1.40
PRI673,2=1.59
UPR673,2=1.59
QTY673,2=1.00
QTYUNIT673,2=1
GAMT673,2=1.59
AMT673,2=1.27
UGAMT673,2=1.59
UAMT673,2=1.27
PLU673,2=5060147114430
NAM673,2=SANDWICH
GRP673,2=CHILLED FOOD
CRD673,2=3400
DSCT673,2=8
DNAM673,2=Discount on total
DSC673,2=0.32
ART_MERCH_ID673,2=A
EXC673,2=1.27
INC673,2=1.27
MOP673,1=1
MOP_ADDX673,1=10
ROP673,1=1
PM673,1=110
PA673,1=2.67
SLSTOT673=2.67
TYP674=21
SPEC_TYPE674=13
DATI674=20200124142620
STATION_NR674=6111
SHF674=2727
OPID674=5
SPEC_ADDD674=Open cash drawer
TYP675=2
DATI675=20200124142720
STATION_NR675=6111
SHF675=2727
ACC_REP_NR675=1177
OPID675=5
REF675=1179120268
SEQ675=1179120275083
SAFTDATI675=20200124142720
LCUR675=10
PAN675=438662*******739
MERCH_ID675,1=A
MERCH_NAME675,1=Discovery Filling Station Ltd
MERCH_RECEIPT_SEQ_NR675,1=611100993284
PRI675,1=1.00
UPR675,1=1.00
QTY675,1=1.00
QTYUNIT675,1=1
GAMT675,1=1.00
AMT675,1=0.80
UGAMT675,1=1.00
UAMT675,1=0.80
PLU675,1=5060147112009
NAM675,1=TANDOORI CHICKEN FLA
GRP675,1=CHILLED FOOD
CRD675,1=3400
DSCT675,1=8
DNAM675,1=Discount on total
DSC675,1=0.20
ART_MERCH_ID675,1=A
EXC675,1=0.80
INC675,1=0.80
PRI675,2=1.00
UPR675,2=1.00
QTY675,2=5.00
QTYUNIT675,2=1
GAMT675,2=5.00
AMT675,2=4.00
UGAMT675,2=5.00
UAMT675,2=4.00
PLU675,2=5060147114041
NAM675,2=DONER KEBAB
GRP675,2=CHILLED FOOD
CRD675,2=3400
DSCT675,2=8
DNAM675,2=Discount on total
DSC675,2=1.00
ART_MERCH_ID675,2=A
EXC675,2=4.00
INC675,2=4.00
PRI675,3=1.29
UPR675,3=1.29
QTY675,3=1.00
QTYUNIT675,3=1
GAMT675,3=1.29
AMT675,3=1.03
UGAMT675,3=1.29
UAMT675,3=1.03
PLU675,3=90433863
NAM675,3=RED BULL
GRP675,3=DRINKS
CRD675,3=3119
DSCT675,3=8
DNAM675,3=Discount on total
DSC675,3=0.26
ART_MERCH_ID675,3=A
PRC675,3=20.00
VAMT675,3=0.17
EXC675,3=0.86
INC675,3=1.03
CPPAN675,1=438662*******739
MOP675,1=6
MOP_ADDX675,1=50
MOP_ADDY675,1=13
ROP675,1=1
PM675,1=949
PSUB675,1=13
PA675,1=5.83
SLSTOT675=5.83
TYP676=2
DATI676=20200124142748
STATION_NR676=6111
SHF676=2727
ACC_REP_NR676=1177
OPID676=5
REF676=1179120269
SEQ676=1179120275084
SAFTDATI676=20200124142748
LCUR676=10
PAN676=476223*******136
MERCH_ID676,1=A
MERCH_NAME676,1=Discovery Filling Station Ltd
MERCH_RECEIPT_SEQ_NR676,1=611100993285
PRI676,1=0.95
UPR676,1=0.95
QTY676,1=1.00
QTYUNIT676,1=1
GAMT676,1=0.95
AMT676,1=0.95
UGAMT676,1=0.95
UAMT676,1=0.95
PLU676,1=5010891011868
NAM676,1=RIZLA KS SLIM SILVER
GRP676,1=TOBACCO SUNDRIE
CRD676,1=4019
ART_MERCH_ID676,1=A
PRC676,1=20.00
VAMT676,1=0.16
EXC676,1=0.79
INC676,1=0.95
PRI676,2=1.25
UPR676,2=1.25
QTY676,2=2.00
QTYUNIT676,2=1
GAMT676,2=2.50
AMT676,2=2.50
UGAMT676,2=2.50
UAMT676,2=2.50
PLU676,2=5060639122738
NAM676,2=MONSTER
GRP676,2=DRINKS
CRD676,2=3119
ART_MERCH_ID676,2=A
PRC676,2=20.00
VAMT676,2=0.42
EXC676,2=2.08
INC676,2=2.50
CPPAN676,1=476223*******136
MOP676,1=6
MOP_ADDX676,1=50
MOP_ADDY676,1=12
ROP676,1=1
PM676,1=949
PSUB676,1=12
PA676,1=3.45
SLSTOT676=3.45
TYP677=2
DATI677=20200124142804
STATION_NR677=6111
SHF677=2727
ACC_REP_NR677=1177
OPID677=5
REF677=1179120270
SEQ677=1179120275085
SAFTDATI677=20200124142804
LCUR677=10
PAN677=700205*******590719
MERCH_ID677,1=A
MERCH_NAME677,1=Discovery Filling Station Ltd
MERCH_RECEIPT_SEQ_NR677,1=611100993286
PMP677,1=7
PUMP_MODE677,1=1,1,1
NOZZLE677,1=1
NDATI677,1=20200124142703
START_DATE677,1=20200124142517
PRI677,1=1.299
BASEPRI677,1=1.299
QTY677,1=120.00
QTYUNIT677,1=2
GAMT677,1=155.88
AMT677,1=155.88
UGAMT677,1=155.88
UAMT677,1=155.88
PLU677,1=3
NAM677,1=FuelSave Dsl
GRP677,1=59
CRD677,1=425
EXTREF677,1=FuelSave Dsl
ART_MERCH_ID677,1=A
EXC677,1=155.88
INC677,1=155.88
NQUA_CHANGEABLE677,1=788550.22
CPPAN677,1=700205*******590719
MOP677,1=6
MOP_ADDX677,1=50
MOP_ADDY677,1=1
ROP677,1=1
PM677,1=949
PSUB677,1=1
PA677,1=155.88
SLSTOT677=155.88
TYP678=2
DATI678=20200124142954
STATION_NR678=6111
SHF678=2727
ACC_REP_NR678=1177
OPID678=5
REF678=1179120271
SEQ678=1179120275086
SAFTDATI678=20200124142954
LCUR678=10
REPL678=2
MERCH_ID678,1=A
MERCH_NAME678,1=Discovery Filling Station Ltd
MERCH_RECEIPT_SEQ_NR678,1=611100993287
PMP678,1=5
PUMP_MODE678,1=1,1,1
NOZZLE678,1=1
NDATI678,1=20200124142909
START_DATE678,1=20200124142830
PRI678,1=1.249
BASEPRI678,1=1.249
QTY678,1=12.03
QTYUNIT678,1=2
GAMT678,1=15.03
AMT678,1=15.03
UGAMT678,1=15.03
UAMT678,1=15.03
PLU678,1=6
NAM678,1=FuelSave Unl
GRP678,1=59
CRD678,1=325
EXTREF678,1=FuelSave Unl
ART_MERCH_ID678,1=A
EXC678,1=15.03
INC678,1=15.03
NQUA_CHANGEABLE678,1=1062476.02
PRI678,2=2.00
UPR678,2=2.00
QTY678,2=1.00
QTYUNIT678,2=1
GAMT678,2=2.00
AMT678,2=2.00
UGAMT678,2=2.00
UAMT678,2=2.00
PLU678,2=5031390115161
NAM678,2=250.000 BLUE
GRP678,2=LOTTERY SRATCHC
CRD678,2=9500
ART_MERCH_ID678,2=A
EXC678,2=2.00
INC678,2=2.00
MOP678,1=1
MOP_ADDX678,1=10
ROP678,1=1
PM678,1=110
PA678,1=17.03
SLSTOT678=17.03
TYP679=2
DATI679=20200124143040
STATION_NR679=6111
SHF679=2727
ACC_REP_NR679=1177
OPID679=5
REF679=1179120272
SEQ679=1179120275087
SAFTDATI679=20200124143040
LCUR679=10
PAN679=700205*******644535
MERCH_ID679,1=A
MERCH_NAME679,1=Discovery Filling Station Ltd
MERCH_RECEIPT_SEQ_NR679,1=611100993288
PMP679,1=4
PUMP_MODE679,1=1,1,1
NOZZLE679,1=3
NDATI679,1=20200124143018
START_DATE679,1=20200124142715
PRI679,1=1.299
BASEPRI679,1=1.299
QTY679,1=56.97
QTYUNIT679,1=2
GAMT679,1=74.00
AMT679,1=74.00
UGAMT679,1=74.00
UAMT679,1=74.00
PLU679,1=3
NAM679,1=FuelSave Dsl
GRP679,1=59
CRD679,1=425
EXTREF679,1=FuelSave Dsl
ART_MERCH_ID679,1=A
EXC679,1=74.00
INC679,1=74.00
NQUA_CHANGEABLE679,1=1502879.67
CPPAN679,1=700205*******644535
MOP679,1=6
MOP_ADDX679,1=50
MOP_ADDY679,1=1
ROP679,1=1
PM679,1=949
PSUB679,1=1
PA679,1=74.00
SLSTOT679=74.00
TYP680=2
DATI680=20200124143153
STATION_NR680=6111
SHF680=2727
ACC_REP_NR680=1177
OPID680=5
REF680=1179120273
SEQ680=1179120275088
SAFTDATI680=20200124143153
LCUR680=10
PAN680=476223*******684
MERCH_ID680,1=A
MERCH_NAME680,1=Discovery Filling Station Ltd
MERCH_RECEIPT_SEQ_NR680,1=611100993289
PRI680,1=1.99
UPR680,1=1.99
QTY680,1=1.00
QTYUNIT680,1=1
GAMT680,1=1.99
AMT680,1=1.99
UGAMT680,1=1.99
UAMT680,1=1.99
PLU680,1=5000112644708
NAM680,1=COKE ZERO
GRP680,1=DRINKS
CRD680,1=3119
ART_MERCH_ID680,1=A
PRC680,1=20.00
VAMT680,1=0.33
EXC680,1=1.66
INC680,1=1.99
PRI680,2=0.95
UPR680,2=0.95
QTY680,2=1.00
QTYUNIT680,2=1
GAMT680,2=0.95
AMT680,2=0.95
UGAMT680,2=0.95
UAMT680,2=0.95
PLU680,2=5010891011868
NAM680,2=RIZLA KS SLIM SILVER
GRP680,2=TOBACCO SUNDRIE
CRD680,2=4019
ART_MERCH_ID680,2=A
PRC680,2=20.00
VAMT680,2=0.16
EXC680,2=0.79
INC680,2=0.95
PRI680,3=8.70
UPR680,3=8.70
QTY680,3=1.00
QTYUNIT680,3=1
GAMT680,3=8.70
AMT680,3=8.70
UGAMT680,3=8.70
UAMT680,3=8.70
PLU680,3=5000431027664
NAM680,3=L&B SK BLUE 20
GRP680,3=TOBACCO
CRD680,3=4019
ART_MERCH_ID680,3=A
PRC680,3=20.00
VAMT680,3=1.45
EXC680,3=7.25
INC680,3=8.70
CPPAN680,1=476223*******684
MOP680,1=6
MOP_ADDX680,1=50
MOP_ADDY680,1=12
ROP680,1=1
PM680,1=949
PSUB680,1=12
PA680,1=11.64
SLSTOT680=11.64
TYP681=2
DATI681=20200124143226
STATION_NR681=6111
SHF681=2727
ACC_REP_NR681=1177
OPID681=5
REF681=1179120274
SEQ681=1179120275089
SAFTDATI681=20200124143226
LCUR681=10
PAN681=475117*******987
MERCH_ID681,1=A
MERCH_NAME681,1=Discovery Filling Station Ltd
MERCH_RECEIPT_SEQ_NR681,1=611100993290
PMP681,1=3
PUMP_MODE681,1=1,1,1
NOZZLE681,1=1
NDATI681,1=20200124143131
START_DATE681,1=20200124143051
PRI681,1=1.249
BASEPRI681,1=1.249
QTY681,1=16.04
QTYUNIT681,1=2
GAMT681,1=20.03
AMT681,1=20.03
UGAMT681,1=20.03
UAMT681,1=20.03
PLU681,1=6
NAM681,1=FuelSave Unl
GRP681,1=59
CRD681,1=325
EXTREF681,1=FuelSave Unl
ART_MERCH_ID681,1=A
EXC681,1=20.03
INC681,1=20.03
NQUA_CHANGEABLE681,1=1194673.98
PRI681,2=8.90
UPR681,2=8.90
QTY681,2=1.00
QTYUNIT681,2=1
GAMT681,2=8.90
AMT681,2=8.90
UGAMT681,2=8.90
UAMT681,2=8.90
PLU681,2=5000143917130
NAM681,2=B&H KS BLU
GRP681,2=TOBACCO
CRD681,2=4019
ART_MERCH_ID681,2=A
PRC681,2=20.00
VAMT681,2=1.48
EXC681,2=7.42
INC681,2=8.90
PRI681,3=2.50
UPR681,3=2.50
QTY681,3=1.00
QTYUNIT681,3=1
GAMT681,3=2.50
AMT681,3=2.50
UGAMT681,3=2.50
UAMT681,3=2.50
PLU681,3=2083800000003
NAM681,3=LOTTERY
GRP681,3=LOTTERY ONLINE
CRD681,3=9500
ART_MERCH_ID681,3=A
EXC681,3=2.50
INC681,3=2.50
CPPAN681,1=475117*******987
MOP681,1=6
MOP_ADDX681,1=50
MOP_ADDY681,1=12
ROP681,1=1
PM681,1=949
PSUB681,1=12
PA681,1=31.43
SLSTOT681=31.43
TYP682=2
DATI682=20200124143331
STATION_NR682=6111
SHF682=2727
ACC_REP_NR682=1177
OPID682=5
REF682=1179120275
SEQ682=1179120275090
SAFTDATI682=20200124143331
LCUR682=10
PAN682=522948*******534
MERCH_ID682,1=A
MERCH_NAME682,1=Discovery Filling Station Ltd
MERCH_RECEIPT_SEQ_NR682,1=611100993291
PMP682,1=6
PUMP_MODE682,1=1,1,1
NOZZLE682,1=2
NDATI682,1=20200124143201
START_DATE682,1=20200124143123
PRI682,1=1.299
BASEPRI682,1=1.299
QTY682,1=6.29
QTYUNIT682,1=2
GAMT682,1=8.17
AMT682,1=8.17
UGAMT682,1=8.17
UAMT682,1=8.17
PLU682,1=3
NAM682,1=FuelSave Dsl
GRP682,1=59
CRD682,1=425
EXTREF682,1=FuelSave Dsl
ART_MERCH_ID682,1=A
EXC682,1=8.17
INC682,1=8.17
NQUA_CHANGEABLE682,1=1186855.86
CPPAN682,1=522948*******534
MOP682,1=6
MOP_ADDX682,1=50
MOP_ADDY682,1=15
ROP682,1=1
PM682,1=949
PSUB682,1=15
PA682,1=8.17
SLSTOT682=8.17
TYP683=2
DATI683=20200124143618
STATION_NR683=6111
SHF683=2727
ACC_REP_NR683=1177
OPID683=5
REF683=1179120276
SEQ683=1179120275091
SAFTDATI683=20200124143618
LCUR683=10
REPL683=2
MERCH_ID683,1=A
MERCH_NAME683,1=Discovery Filling Station Ltd
MERCH_RECEIPT_SEQ_NR683,1=611100993292
PMP683,1=3
PUMP_MODE683,1=1,1,1
NOZZLE683,1=3
NDATI683,1=20200124143551
START_DATE683,1=20200124143515
PRI683,1=1.299
BASEPRI683,1=1.299
QTY683,1=7.70
QTYUNIT683,1=2
GAMT683,1=10.00
AMT683,1=10.00
UGAMT683,1=10.00
UAMT683,1=10.00
PLU683,1=3
NAM683,1=FuelSave Dsl
GRP683,1=59
CRD683,1=425
EXTREF683,1=FuelSave Dsl
ART_MERCH_ID683,1=A
EXC683,1=10.00
INC683,1=10.00
NQUA_CHANGEABLE683,1=1277430.77
MOP683,1=1
MOP_ADDX683,1=10
ROP683,1=1
PM683,1=110
PA683,1=10.00
SLSTOT683=10.00
TYP684=2
DATI684=20200124143627
STATION_NR684=6111
SHF684=2727
ACC_REP_NR684=1177
OPID684=5
REF684=1179120277
SEQ684=1179120275092
SAFTDATI684=20200124143627
LCUR684=10
REPL684=2
MERCH_ID684,1=A
MERCH_NAME684,1=Discovery Filling Station Ltd
MERCH_RECEIPT_SEQ_NR684,1=611100993293
PMP684,1=5
PUMP_MODE684,1=1,1,1
NOZZLE684,1=1
NDATI684,1=20200124143537
START_DATE684,1=20200124143449
PRI684,1=1.249
BASEPRI684,1=1.249
QTY684,1=16.01
QTYUNIT684,1=2
GAMT684,1=20.00
AMT684,1=20.00
UGAMT684,1=20.00
UAMT684,1=20.00
PLU684,1=6
NAM684,1=FuelSave Unl
GRP684,1=59
CRD684,1=325
EXTREF684,1=FuelSave Unl
ART_MERCH_ID684,1=A
EXC684,1=20.00
INC684,1=20.00
NQUA_CHANGEABLE684,1=1062492.03
MOP684,1=1
MOP_ADDX684,1=10
ROP684,1=1
PM684,1=110
PA684,1=20.00
SLSTOT684=20.00
TYP685=2
DATI685=20200124143812
STATION_NR685=6111
SHF685=2727
ACC_REP_NR685=1177
OPID685=5
REF685=1179120278
SEQ685=1179120275093
SAFTDATI685=20200124143812
LCUR685=10
PAN685=483215*******021
MERCH_ID685,1=A
MERCH_NAME685,1=Discovery Filling Station Ltd
MERCH_RECEIPT_SEQ_NR685,1=611100993294
PRI685,1=1.35
UPR685,1=1.35
QTY685,1=1.00
QTYUNIT685,1=1
GAMT685,1=1.35
AMT685,1=1.35
UGAMT685,1=1.35
UAMT685,1=1.35
PLU685,1=5060517885304
NAM685,1=MONSTER
GRP685,1=DRINKS
CRD685,1=3119
ART_MERCH_ID685,1=A
PRC685,1=20.00
VAMT685,1=0.22
EXC685,1=1.13
INC685,1=1.35
CPPAN685,1=483215*******021
MOP685,1=6
MOP_ADDX685,1=50
MOP_ADDY685,1=13
ROP685,1=1
PM685,1=949
PSUB685,1=13
PA685,1=1.35
SLSTOT685=1.35
TYP686=21
SPEC_TYPE686=13
DATI686=20200124143852
STATION_NR686=6111
SHF686=4614
OPID686=8
SPEC_ADDD686=Open cash drawer
TYP687=2
DATI687=20200124143902
STATION_NR687=6111
SHF687=2727
ACC_REP_NR687=1177
OPID687=5
REF687=1179120279
SEQ687=1179120275094
SAFTDATI687=20200124143902
LCUR687=10
REPL687=2
MERCH_ID687,1=A
MERCH_NAME687,1=Discovery Filling Station Ltd
MERCH_RECEIPT_SEQ_NR687,1=611100993295
PMP687,1=1
PUMP_MODE687,1=1,1,1
NOZZLE687,1=2
NDATI687,1=20200124143819
START_DATE687,1=20200124143655
PRI687,1=1.299
BASEPRI687,1=1.299
QTY687,1=21.16
QTYUNIT687,1=2
GAMT687,1=27.49
AMT687,1=27.49
UGAMT687,1=27.49
UAMT687,1=27.49
PLU687,1=3
NAM687,1=FuelSave Dsl
GRP687,1=59
CRD687,1=425
EXTREF687,1=FuelSave Dsl
ART_MERCH_ID687,1=A
EXC687,1=27.49
INC687,1=27.49
NQUA_CHANGEABLE687,1=825956.16
MOP687,1=1
MOP_ADDX687,1=10
ROP687,1=1
PM687,1=110
PA687,1=27.49
SLSTOT687=27.49
TYP688=2
DATI688=20200124144214
STATION_NR688=6111
SHF688=2727
ACC_REP_NR688=1177
OPID688=5
REF688=1179120280
SEQ688=1179120275095
SAFTDATI688=20200124144214
LCUR688=10
PAN688=476365*******315
MERCH_ID688,1=A
MERCH_NAME688,1=Discovery Filling Station Ltd
MERCH_RECEIPT_SEQ_NR688,1=611100993296
PMP688,1=3
PUMP_MODE688,1=1,1,1
NOZZLE688,1=1
NDATI688,1=20200124144150
START_DATE688,1=20200124144123
PRI688,1=1.249
BASEPRI688,1=1.249
QTY688,1=8.01
QTYUNIT688,1=2
GAMT688,1=10.00
AMT688,1=10.00
UGAMT688,1=10.00
UAMT688,1=10.00
PLU688,1=6
NAM688,1=FuelSave Unl
GRP688,1=59
CRD688,1=325
EXTREF688,1=FuelSave Unl
ART_MERCH_ID688,1=A
EXC688,1=10.00
INC688,1=10.00
NQUA_CHANGEABLE688,1=1194681.99
CPPAN688,1=476365*******315
MOP688,1=6
MOP_ADDX688,1=50
MOP_ADDY688,1=12
ROP688,1=1
PM688,1=949
PSUB688,1=12
PA688,1=10.00
SLSTOT688=10.00
TYP689=2
DATI689=20200124144237
STATION_NR689=6111
SHF689=2727
ACC_REP_NR689=1177
OPID689=5
REF689=1179120281
SEQ689=1179120275096
SAFTDATI689=20200124144237
LCUR689=10
REPL689=2
MERCH_ID689,1=A
MERCH_NAME689,1=Discovery Filling Station Ltd
MERCH_RECEIPT_SEQ_NR689,1=611100993297
PMP689,1=6
PUMP_MODE689,1=1,1,1
NOZZLE689,1=1
NDATI689,1=20200124144158
START_DATE689,1=20200124144117
PRI689,1=1.249
BASEPRI689,1=1.249
QTY689,1=6.41
QTYUNIT689,1=2
GAMT689,1=8.01
AMT689,1=8.01
UGAMT689,1=8.01
UAMT689,1=8.01
PLU689,1=6
NAM689,1=FuelSave Unl
GRP689,1=59
CRD689,1=325
EXTREF689,1=FuelSave Unl
ART_MERCH_ID689,1=A
EXC689,1=8.01
INC689,1=8.01
NQUA_CHANGEABLE689,1=369651.04
MOP689,1=1
MOP_ADDX689,1=10
ROP689,1=1
PM689,1=110
PA689,1=8.01
SLSTOT689=8.01
TYP690=2
DATI690=20200124144303
STATION_NR690=6111
SHF690=2727
ACC_REP_NR690=1177
OPID690=5
REF690=1179120282
SEQ690=1179120275097
SAFTDATI690=20200124144303
LCUR690=10
PAN690=535670*******744
MERCH_ID690,1=A
MERCH_NAME690,1=Discovery Filling Station Ltd
MERCH_RECEIPT_SEQ_NR690,1=611100993298
PMP690,1=4
PUMP_MODE690,1=1,1,1
NOZZLE690,1=3
NDATI690,1=20200124144240
START_DATE690,1=20200124144019
PRI690,1=1.299
BASEPRI690,1=1.299
QTY690,1=62.36
QTYUNIT690,1=2
GAMT690,1=81.01
AMT690,1=81.01
UGAMT690,1=81.01
UAMT690,1=81.01
PLU690,1=3
NAM690,1=FuelSave Dsl
GRP690,1=59
CRD690,1=425
EXTREF690,1=FuelSave Dsl
ART_MERCH_ID690,1=A
EXC690,1=81.01
INC690,1=81.01
NQUA_CHANGEABLE690,1=1502942.03
CPPAN690,1=535670*******744
MOP690,1=6
MOP_ADDX690,1=50
MOP_ADDY690,1=14
ROP690,1=1
PM690,1=949
PSUB690,1=14
PA690,1=81.01
SLSTOT690=81.01
TYP691=2
DATI691=20200124144340
STATION_NR691=6111
SHF691=2727
ACC_REP_NR691=1177
OPID691=5
REF691=1179120283
SEQ691=1179120275098
SAFTDATI691=20200124144340
LCUR691=10
PAN691=524679*******168
MERCH_ID691,1=A
MERCH_NAME691,1=Discovery Filling Station Ltd
MERCH_RECEIPT_SEQ_NR691,1=611100993299
PMP691,1=2
PUMP_MODE691,1=1,1,1
NOZZLE691,1=2
NDATI691,1=20200124144247
START_DATE691,1=20200124144203
PRI691,1=1.299
BASEPRI691,1=1.299
QTY691,1=15.41
QTYUNIT691,1=2
GAMT691,1=20.02
AMT691,1=20.02
UGAMT691,1=20.02
UAMT691,1=20.02
PLU691,1=3
NAM691,1=FuelSave Dsl
GRP691,1=59
CRD691,1=425
EXTREF691,1=FuelSave Dsl
ART_MERCH_ID691,1=A
EXC691,1=20.02
INC691,1=20.02
NQUA_CHANGEABLE691,1=1555360.83
CPPAN691,1=524679*******168
MOP691,1=6
MOP_ADDX691,1=50
MOP_ADDY691,1=15
ROP691,1=1
PM691,1=949
PSUB691,1=15
PA691,1=20.02
SLSTOT691=20.02
TYP692=21
SPEC_TYPE692=13
DATI692=20200124144432
STATION_NR692=6111
SHF692=2727
OPID692=5
SPEC_ADDD692=Open cash drawer
TYP693=21
SPEC_TYPE693=13
DATI693=20200124144453
STATION_NR693=6111
SHF693=2727
OPID693=5
SPEC_ADDD693=Open cash drawer
TYP694=2
DATI694=20200124144517
STATION_NR694=6111
SHF694=2727
ACC_REP_NR694=1177
OPID694=5
REF694=1179120284
SEQ694=1179120275099
SAFTDATI694=20200124144517
LCUR694=10
REPL694=2
MERCH_ID694,1=A
MERCH_NAME694,1=Discovery Filling Station Ltd
MERCH_RECEIPT_SEQ_NR694,1=611100993300
PMP694,1=3
PUMP_MODE694,1=1,1,1
NOZZLE694,1=3
NDATI694,1=20200124144440
START_DATE694,1=20200124144336
PRI694,1=1.299
BASEPRI694,1=1.299
QTY694,1=23.11
QTYUNIT694,1=2
GAMT694,1=30.02
AMT694,1=30.02
UGAMT694,1=30.02
UAMT694,1=30.02
PLU694,1=3
NAM694,1=FuelSave Dsl
GRP694,1=59
CRD694,1=425
EXTREF694,1=FuelSave Dsl
ART_MERCH_ID694,1=A
EXC694,1=30.02
INC694,1=30.02
NQUA_CHANGEABLE694,1=1277453.88
MOP694,1=1
MOP_ADDX694,1=10
ROP694,1=1
PM694,1=110
PA694,1=30.02
SLSTOT694=30.02
TYP695=2
DATI695=20200124144527
STATION_NR695=6111
SHF695=2727
ACC_REP_NR695=1177
OPID695=5
REF695=1179120285
SEQ695=1179120275100
SAFTDATI695=20200124144527
LCUR695=10
REPL695=2
MERCH_ID695,1=A
MERCH_NAME695,1=Discovery Filling Station Ltd
MERCH_RECEIPT_SEQ_NR695,1=611100993301
PRI695,1=0.75
UPR695,1=0.75
QTY695,1=1.00
QTYUNIT695,1=1
GAMT695,1=0.75
AMT695,1=0.75
UGAMT695,1=0.75
UAMT695,1=0.75
PLU695,1=40111377
NAM695,1=LOCKETS EXTRA STRONG
GRP695,1=CONFECTIONERY
CRD695,1=3119
ART_MERCH_ID695,1=A
PRC695,1=20.00
VAMT695,1=0.12
EXC695,1=0.63
INC695,1=0.75
MOP695,1=1
MOP_ADDX695,1=10
ROP695,1=1
PM695,1=110
PA695,1=0.75
SLSTOT695=0.75
TYP696=21
SPEC_TYPE696=13
DATI696=20200124144553
STATION_NR696=6111
SHF696=2727
OPID696=5
SPEC_ADDD696=Open cash drawer
TYP697=21
SPEC_TYPE697=13
DATI697=20200124144619
STATION_NR697=6111
SHF697=2727
OPID697=5
SPEC_ADDD697=Open cash drawer
TYP698=2
DATI698=20200124144748
STATION_NR698=6111
SHF698=4614
ACC_REP_NR698=1177
OPID698=8
REF698=1179110312
SEQ698=1179110738231
SAFTDATI698=20200124144748
LCUR698=10
REPL698=2
MERCH_ID698,1=A
MERCH_NAME698,1=Discovery Filling Station Ltd
MERCH_RECEIPT_SEQ_NR698,1=611100993302
PMP698,1=5
PUMP_MODE698,1=1,1,1
NOZZLE698,1=2
NDATI698,1=20200124144608
START_DATE698,1=20200124144513
PRI698,1=1.299
BASEPRI698,1=1.299
QTY698,1=15.40
QTYUNIT698,1=2
GAMT698,1=20.00
AMT698,1=20.00
UGAMT698,1=20.00
UAMT698,1=20.00
PLU698,1=3
NAM698,1=FuelSave Dsl
GRP698,1=59
CRD698,1=425
EXTREF698,1=FuelSave Dsl
ART_MERCH_ID698,1=A
EXC698,1=20.00
INC698,1=20.00
NQUA_CHANGEABLE698,1=1115166.11
MOP698,1=1
MOP_ADDX698,1=10
ROP698,1=1
PM698,1=110
PA698,1=20.00
SLSTOT698=20.00
TYP699=2
DATI699=20200124144954
STATION_NR699=6111
SHF699=2727
ACC_REP_NR699=1177
OPID699=5
REF699=1179120286
SEQ699=1179120275101
SAFTDATI699=20200124144954
LCUR699=10
PAN699=424495*******534
MERCH_ID699,1=A
MERCH_NAME699,1=Discovery Filling Station Ltd
MERCH_RECEIPT_SEQ_NR699,1=611100993303
PRI699,1=1.00
UPR699,1=1.00
QTY699,1=1.00
QTYUNIT699,1=1
GAMT699,1=1.00
AMT699,1=1.00
UGAMT699,1=1.00
UAMT699,1=1.00
PLU699,1=5060147114041
NAM699,1=DONER KEBAB
GRP699,1=CHILLED FOOD
CRD699,1=3400
ART_MERCH_ID699,1=A
EXC699,1=1.00
INC699,1=1.00
PRI699,2=1.50
UPR699,2=1.50
QTY699,2=1.00
QTYUNIT699,2=1
GAMT699,2=1.50
AMT699,2=1.50
UGAMT699,2=1.50
UAMT699,2=1.50
PLU699,2=5060147114072
NAM699,2=H&C TOASTY
GRP699,2=CHILLED FOOD
CRD699,2=3400
ART_MERCH_ID699,2=A
EXC699,2=1.50
INC699,2=1.50
PRI699,3=1.00
UPR699,3=1.00
QTY699,3=1.00
QTYUNIT699,3=1
GAMT699,3=1.00
AMT699,3=1.00
UGAMT699,3=1.00
UAMT699,3=1.00
PLU699,3=5000328990828
NAM699,3=W MAX PAPRIK
GRP699,3=CRISPS
CRD699,3=3219
ART_MERCH_ID699,3=A
PRC699,3=20.00
VAMT699,3=0.17
EXC699,3=0.83
INC699,3=1.00
CPPAN699,1=424495*******534
MOP699,1=6
MOP_ADDX699,1=50
MOP_ADDY699,1=13
ROP699,1=1
PM699,1=949
PSUB699,1=13
PA699,1=3.50
SLSTOT699=3.50
TYP700=2
DATI700=20200124144958
STATION_NR700=6111
SHF700=4614
ACC_REP_NR700=1177
OPID700=8
REF700=1179110313
SEQ700=1179110738232
SAFTDATI700=20200124144958
LCUR700=10
PAN700=374289******023
MERCH_ID700,1=A
MERCH_NAME700,1=Discovery Filling Station Ltd
MERCH_RECEIPT_SEQ_NR700,1=611100993304
PRI700,1=8.90
UPR700,1=8.90
QTY700,1=1.00
QTYUNIT700,1=1
GAMT700,1=8.90
AMT700,1=8.90
UGAMT700,1=8.90
UAMT700,1=8.90
PLU700,1=5000143917130
NAM700,1=B&H KS BLU
GRP700,1=TOBACCO
CRD700,1=4019
ART_MERCH_ID700,1=A
PRC700,1=20.00
VAMT700,1=1.48
EXC700,1=7.42
INC700,1=8.90
PRI700,2=8.90
UPR700,2=8.90
QTY700,2=1.00
QTYUNIT700,2=1
GAMT700,2=8.90
AMT700,2=8.90
UGAMT700,2=8.90
UAMT700,2=8.90
PLU700,2=5000143917130
NAM700,2=B&H KS BLU
GRP700,2=TOBACCO
CRD700,2=4019
ART_MERCH_ID700,2=A
PRC700,2=20.00
VAMT700,2=1.48
EXC700,2=7.42
INC700,2=8.90
CPPAN700,1=374289******023
MOP700,1=6
MOP_ADDX700,1=50
MOP_ADDY700,1=17
ROP700,1=1
PM700,1=949
PSUB700,1=17
PA700,1=17.80
SLSTOT700=17.80
TYP701=2
DATI701=20200124145223
STATION_NR701=6111
SHF701=2727
ACC_REP_NR701=1177
OPID701=5
REF701=1179120287
SEQ701=1179120275102
SAFTDATI701=20200124145223
LCUR701=10
REPL701=2
MERCH_ID701,1=A
MERCH_NAME701,1=Discovery Filling Station Ltd
MERCH_RECEIPT_SEQ_NR701,1=611100993305
PMP701,1=5
PUMP_MODE701,1=1,1,1
NOZZLE701,1=1
NDATI701,1=20200124145157
START_DATE701,1=20200124145100
PRI701,1=1.249
BASEPRI701,1=1.249
QTY701,1=20.02
QTYUNIT701,1=2
GAMT701,1=25.00
AMT701,1=25.00
UGAMT701,1=25.00
UAMT701,1=25.00
PLU701,1=6
NAM701,1=FuelSave Unl
GRP701,1=59
CRD701,1=325
EXTREF701,1=FuelSave Unl
ART_MERCH_ID701,1=A
EXC701,1=25.00
INC701,1=25.00
NQUA_CHANGEABLE701,1=1062512.05
MOP701,1=1
MOP_ADDX701,1=10
ROP701,1=1
PM701,1=110
PA701,1=25.00
SLSTOT701=25.00
TYP702=2
DATI702=20200124145220
STATION_NR702=6111
SHF702=4614
ACC_REP_NR702=1177
OPID702=8
REF702=1179110314
SEQ702=1179110738233
SAFTDATI702=20200124145220
LCUR702=10
PAN702=476223*******048
MERCH_ID702,1=A
MERCH_NAME702,1=Discovery Filling Station Ltd
MERCH_RECEIPT_SEQ_NR702,1=611100993306
PMP702,1=3
PUMP_MODE702,1=1,1,1
NOZZLE702,1=3
NDATI702,1=20200124145155
START_DATE702,1=20200124145112
PRI702,1=1.299
BASEPRI702,1=1.299
QTY702,1=17.83
QTYUNIT702,1=2
GAMT702,1=23.16
AMT702,1=23.16
UGAMT702,1=23.16
UAMT702,1=23.16
PLU702,1=3
NAM702,1=FuelSave Dsl
GRP702,1=59
CRD702,1=425
EXTREF702,1=FuelSave Dsl
ART_MERCH_ID702,1=A
EXC702,1=23.16
INC702,1=23.16
NQUA_CHANGEABLE702,1=1277471.71
CPPAN702,1=476223*******048
MOP702,1=6
MOP_ADDX702,1=50
MOP_ADDY702,1=12
ROP702,1=1
PM702,1=949
PSUB702,1=12
PA702,1=23.16
SLSTOT702=23.16
TYP703=2
DATI703=20200124145343
STATION_NR703=6111
SHF703=4614
ACC_REP_NR703=1177
OPID703=8
REF703=1179110315
SEQ703=1179110738234
SAFTDATI703=20200124145343
LCUR703=10
REPL703=2
MERCH_ID703,1=A
MERCH_NAME703,1=Discovery Filling Station Ltd
MERCH_RECEIPT_SEQ_NR703,1=611100993307
PMP703,1=2
PUMP_MODE703,1=1,1,1
NOZZLE703,1=2
NDATI703,1=20200124145324
START_DATE703,1=20200124145250
PRI703,1=1.299
BASEPRI703,1=1.299
QTY703,1=8.90
QTYUNIT703,1=2
GAMT703,1=11.56
AMT703,1=11.56
UGAMT703,1=11.56
UAMT703,1=11.56
PLU703,1=3
NAM703,1=FuelSave Dsl
GRP703,1=59
CRD703,1=425
EXTREF703,1=FuelSave Dsl
ART_MERCH_ID703,1=A
EXC703,1=11.56
INC703,1=11.56
NQUA_CHANGEABLE703,1=1555369.73
MOP703,1=1
MOP_ADDX703,1=10
ROP703,1=1
PM703,1=110
PA703,1=20.00
MOP703,2=1
MOP_ADDX703,2=10
ROP703,2=2
PM703,2=5110
PA703,2=-8.44
SLSTOT703=11.56
TYP704=2
DATI704=20200124145418
STATION_NR704=6111
SHF704=4614
ACC_REP_NR704=1177
OPID704=8
REF704=1179110316
SEQ704=1179110738235
SAFTDATI704=20200124145418
LCUR704=10
PAN704=475117*******661
MERCH_ID704,1=A
MERCH_NAME704,1=Discovery Filling Station Ltd
MERCH_RECEIPT_SEQ_NR704,1=611100993308
PMP704,1=1
PUMP_MODE704,1=1,1,1
NOZZLE704,1=1
NDATI704,1=20200124145347
START_DATE704,1=20200124145317
PRI704,1=1.249
BASEPRI704,1=1.249
QTY704,1=8.01
QTYUNIT704,1=2
GAMT704,1=10.00
AMT704,1=10.00
UGAMT704,1=10.00
UAMT704,1=10.00
PLU704,1=6
NAM704,1=FuelSave Unl
GRP704,1=59
CRD704,1=325
EXTREF704,1=FuelSave Unl
ART_MERCH_ID704,1=A
EXC704,1=10.00
INC704,1=10.00
NQUA_CHANGEABLE704,1=662420.24
CPPAN704,1=475117*******661
MOP704,1=6
MOP_ADDX704,1=50
MOP_ADDY704,1=12
ROP704,1=1
PM704,1=949
PSUB704,1=12
PA704,1=10.00
SLSTOT704=10.00
TYP705=21
SPEC_TYPE705=13
DATI705=20200124145503
STATION_NR705=6111
SHF705=2727
OPID705=5
SPEC_ADDD705=Open cash drawer
TYP706=2
DATI706=20200124145444
STATION_NR706=6111
SHF706=4614
ACC_REP_NR706=1177
OPID706=8
REF706=1179110317
SEQ706=1179110738236
SAFTDATI706=20200124145444
LCUR706=10
PAN706=700205*******001048
MERCH_ID706,1=A
MERCH_NAME706,1=Discovery Filling Station Ltd
MERCH_RECEIPT_SEQ_NR706,1=611100993309
PMP706,1=3
PUMP_MODE706,1=1,1,1
NOZZLE706,1=1
NDATI706,1=20200124145420
START_DATE706,1=20200124145349
PRI706,1=1.249
BASEPRI706,1=1.249
QTY706,1=12.01
QTYUNIT706,1=2
GAMT706,1=15.00
AMT706,1=15.00
UGAMT706,1=15.00
UAMT706,1=15.00
PLU706,1=6
NAM706,1=FuelSave Unl
GRP706,1=59
CRD706,1=325
EXTREF706,1=FuelSave Unl
ART_MERCH_ID706,1=A
EXC706,1=15.00
INC706,1=15.00
NQUA_CHANGEABLE706,1=1194694.00
CPPAN706,1=700205*******001048
MOP706,1=6
MOP_ADDX706,1=50
MOP_ADDY706,1=1
ROP706,1=1
PM706,1=949
PSUB706,1=1
PA706,1=15.00
SLSTOT706=15.00
TYP707=2
DATI707=20200124145631
STATION_NR707=6111
SHF707=4614
ACC_REP_NR707=1177
OPID707=8
REF707=1179110318
SEQ707=1179110738237
SAFTDATI707=20200124145631
LCUR707=10
REPL707=2
MERCH_ID707,1=A
MERCH_NAME707,1=Discovery Filling Station Ltd
MERCH_RECEIPT_SEQ_NR707,1=611100993310
PRI707,1=1.62
UPR707,1=1.62
QTY707,1=1.00
QTYUNIT707,1=1
GAMT707,1=1.62
AMT707,1=1.62
UGAMT707,1=1.62
UAMT707,1=1.62
PLU707,1=492135
NAM707,1=BEAN PIE
GRP707,1=HOT FOOD
CRD707,1=3119
ART_MERCH_ID707,1=A
PRC707,1=20.00
VAMT707,1=0.27
EXC707,1=1.35
INC707,1=1.62
PRI707,2=0.75
UPR707,2=0.75
QTY707,2=1.00
QTYUNIT707,2=1
GAMT707,2=0.75
AMT707,2=0.75
UGAMT707,2=0.75
UAMT707,2=0.75
PLU707,2=5900951020940
NAM707,2=MILKY WAY DUO
GRP707,2=CONFECTIONERY
CRD707,2=3119
ART_MERCH_ID707,2=A
PRC707,2=20.00
VAMT707,2=0.12
EXC707,2=0.63
INC707,2=0.75
PRI707,3=0.79
UPR707,3=0.79
QTY707,3=1.00
QTYUNIT707,3=1
GAMT707,3=0.79
AMT707,3=0.79
UGAMT707,3=0.79
UAMT707,3=0.79
PLU707,3=5000112630633
NAM707,3=COCA COLA
GRP707,3=DRINKS
CRD707,3=3119
ART_MERCH_ID707,3=A
PRC707,3=20.00
VAMT707,3=0.13
EXC707,3=0.66
INC707,3=0.79
MOP707,1=1
MOP_ADDX707,1=10
ROP707,1=1
PM707,1=110
PA707,1=3.16
SLSTOT707=3.16
TYP708=2
DATI708=20200124145742
STATION_NR708=6111
SHF708=2727
ACC_REP_NR708=1177
OPID708=5
REF708=1179120288
SEQ708=1179120275103
SAFTDATI708=20200124145742
LCUR708=10
REPL708=2
MOP708,1=1
MOP_ADDX708,1=10
ROP708,1=5
PM708,1=2510
PA708,1=-1245.00
TYP709=3
DATI709=20200124145804
STATION_NR709=6111
SHF709=2727
REF709=1179120000
OPID709=5
POSDISCONNECTED709=NO
TYP710=20
DATI710=20200124145830
STATION_NR710=6111
SHF710=2727
REF710=1179120000
OPID710=5
SHF_CURL710,10=0.21
TYP711=2
DATI711=20200124145824
STATION_NR711=6111
SHF711=4614
ACC_REP_NR711=1177
OPID711=8
REF711=1179110319
SEQ711=1179110738238
SAFTDATI711=20200124145824
LCUR711=10
PAN711=481885*******750
MERCH_ID711,1=A
MERCH_NAME711,1=Discovery Filling Station Ltd
MERCH_RECEIPT_SEQ_NR711,1=611100993311
PMP711,1=5
PUMP_MODE711,1=1,1,1
NOZZLE711,1=2
NDATI711,1=20200124145652
START_DATE711,1=20200124145610
PRI711,1=1.299
BASEPRI711,1=1.299
QTY711,1=11.67
QTYUNIT711,1=2
GAMT711,1=15.16
AMT711,1=15.16
UGAMT711,1=15.16
UAMT711,1=15.16
PLU711,1=3
NAM711,1=FuelSave Dsl
GRP711,1=59
CRD711,1=425
EXTREF711,1=FuelSave Dsl
ART_MERCH_ID711,1=A
EXC711,1=15.16
INC711,1=15.16
NQUA_CHANGEABLE711,1=1115177.78
PRI711,2=0.80
UPR711,2=0.80
QTY711,2=1.00
QTYUNIT711,2=1
GAMT711,2=0.80
AMT711,2=0.80
UGAMT711,2=0.80
UAMT711,2=0.80
PLU711,2=5000159023948
NAM711,2=GALAXY  CARAMEL 48G
GRP711,2=CONFECTIONERY
CRD711,2=3119
ART_MERCH_ID711,2=A
PRC711,2=20.00
VAMT711,2=0.13
EXC711,2=0.67
INC711,2=0.80
PRI711,3=0.71
UPR711,3=0.71
QTY711,3=1.00
QTYUNIT711,3=1
GAMT711,3=0.71
AMT711,3=0.71
UGAMT711,3=0.71
UAMT711,3=0.71
PLU711,3=50243228
NAM711,3=MILKYBAR BUTTONS 30G
GRP711,3=CONFECTIONERY
CRD711,3=3119
ART_MERCH_ID711,3=A
PRC711,3=20.00
VAMT711,3=0.12
EXC711,3=0.59
INC711,3=0.71
CPPAN711,1=481885*******750
MOP711,1=6
MOP_ADDX711,1=50
MOP_ADDY711,1=13
ROP711,1=1
PM711,1=949
PSUB711,1=13
PA711,1=16.67
SLSTOT711=16.67
TYP712=21
SPEC_TYPE712=13
DATI712=20200124145850
STATION_NR712=6111
SHF712=4614
OPID712=8
SPEC_ADDD712=Open cash drawer
TYP713=1
DATI713=20200124145912
STATION_NR713=6111
SHF713=2728
REF713=1179120000
OPID713=12
TYP714=2
DATI714=20200124150041
STATION_NR714=6111
SHF714=4614
ACC_REP_NR714=1177
OPID714=8
REF714=1179110320
SEQ714=1179110738239
SAFTDATI714=20200124150041
LCUR714=10
REPL714=2
MOP714,1=1
MOP_ADDX714,1=10
ROP714,1=5
PM714,1=2510
PA714,1=-60.00
SAFEDROPREF714,1=KEVIN
TYP715=3
DATI715=20200124150107
STATION_NR715=6111
SHF715=4614
REF715=1179110000
OPID715=8
POSDISCONNECTED715=NO
TYP716=20
DATI716=20200124150202
STATION_NR716=6111
SHF716=4614
REF716=1179110000
OPID716=8
SHF_CURL716,10=2.60
TYP717=2
DATI717=20200124150147
STATION_NR717=6111
SHF717=2728
ACC_REP_NR717=1177
OPID717=12
REF717=1179120289
SEQ717=1179120275104
SAFTDATI717=20200124150147
LCUR717=10
PAN717=700205*******001121
MERCH_ID717,1=A
MERCH_NAME717,1=Discovery Filling Station Ltd
MERCH_RECEIPT_SEQ_NR717,1=611100993312
PMP717,1=3
PUMP_MODE717,1=1,1,1
NOZZLE717,1=1
NDATI717,1=20200124150117
START_DATE717,1=20200124150054
PRI717,1=1.249
BASEPRI717,1=1.249
QTY717,1=4.00
QTYUNIT717,1=2
GAMT717,1=5.00
AMT717,1=5.00
UGAMT717,1=5.00
UAMT717,1=5.00
PLU717,1=6
NAM717,1=FuelSave Unl
GRP717,1=59
CRD717,1=325
EXTREF717,1=FuelSave Unl
ART_MERCH_ID717,1=A
EXC717,1=5.00
INC717,1=5.00
NQUA_CHANGEABLE717,1=1194698.00
CPPAN717,1=700205*******001121
MOP717,1=6
MOP_ADDX717,1=50
MOP_ADDY717,1=1
ROP717,1=1
PM717,1=949
PSUB717,1=1
PA717,1=5.00
SLSTOT717=5.00
TYP718=2
DATI718=20200124150231
STATION_NR718=6111
SHF718=2728
ACC_REP_NR718=1177
OPID718=12
REF718=1179120290
SEQ718=1179120275105
SAFTDATI718=20200124150231
LCUR718=10
PAN718=700205*******287898
MERCH_ID718,1=A
MERCH_NAME718,1=Discovery Filling Station Ltd
MERCH_RECEIPT_SEQ_NR718,1=611100993313
PMP718,1=6
PUMP_MODE718,1=1,1,1
NOZZLE718,1=2
NDATI718,1=20200124145928
START_DATE718,1=20200124145643
PRI718,1=1.299
BASEPRI718,1=1.299
QTY718,1=57.25
QTYUNIT718,1=2
GAMT718,1=74.37
AMT718,1=74.37
UGAMT718,1=74.37
UAMT718,1=74.37
PLU718,1=3
NAM718,1=FuelSave Dsl
GRP718,1=59
CRD718,1=425
EXTREF718,1=FuelSave Dsl
ART_MERCH_ID718,1=A
EXC718,1=74.37
INC718,1=74.37
NQUA_CHANGEABLE718,1=1186913.11
CPPAN718,1=700205*******287898
MOP718,1=6
MOP_ADDX718,1=50
MOP_ADDY718,1=1
ROP718,1=1
PM718,1=949
PSUB718,1=1
PA718,1=74.37
SLSTOT718=74.37
TYP719=2
DATI719=20200124150334
STATION_NR719=6111
SHF719=2728
ACC_REP_NR719=1177
OPID719=12
REF719=1179120291
SEQ719=1179120275106
SAFTDATI719=20200124150334
LCUR719=10
REPL719=2
MERCH_ID719,1=A
MERCH_NAME719,1=Discovery Filling Station Ltd
MERCH_RECEIPT_SEQ_NR719,1=611100993314
PRI719,1=1.05
UPR719,1=1.05
QTY719,1=1.00
QTYUNIT719,1=1
GAMT719,1=1.05
AMT719,1=1.05
UGAMT719,1=1.05
UAMT719,1=1.05
PLU719,1=5000159470643
NAM719,1=MARS SNICKERS DUO
GRP719,1=CONFECTIONERY
CRD719,1=3119
ART_MERCH_ID719,1=A
PRC719,1=20.00
VAMT719,1=0.17
EXC719,1=0.88
INC719,1=1.05
PRI719,2=1.00
UPR719,2=1.00
QTY719,2=1.00
QTYUNIT719,2=1
GAMT719,2=1.00
AMT719,2=1.00
UGAMT719,2=1.00
UAMT719,2=1.00
PLU719,2=5000168199795
NAM719,2=MINI CHEDDAR
GRP719,2=CRISPS
CRD719,2=3219
ART_MERCH_ID719,2=A
EXC719,2=1.00
INC719,2=1.00
PRI719,3=2.59
UPR719,3=2.59
QTY719,3=1.00
QTYUNIT719,3=1
GAMT719,3=2.59
AMT719,3=2.59
UGAMT719,3=2.59
UAMT719,3=2.59
PLU719,3=5055109260003
NAM719,3=CLARKS PREMIUM FILL
GRP719,3=CHILLED FOOD
CRD719,3=3400
ART_MERCH_ID719,3=A
EXC719,3=2.59
INC719,3=2.59
PRI719,4=0.65
UPR719,4=0.65
QTY719,4=1.00
QTYUNIT719,4=1
GAMT719,4=0.65
AMT719,4=0.65
UGAMT719,4=0.65
UAMT719,4=0.65
PLU719,4=40099361
NAM719,4=EXTRA SUGAR FREE P/M
GRP719,4=CONFECTIONERY
CRD719,4=3119
ART_MERCH_ID719,4=A
PRC719,4=20.00
VAMT719,4=0.11
EXC719,4=0.54
INC719,4=0.65
MOP719,1=1
MOP_ADDX719,1=10
ROP719,1=1
PM719,1=110
PA719,1=5.50
MOP719,2=1
MOP_ADDX719,2=10
ROP719,2=2
PM719,2=5110
PA719,2=-0.21
SLSTOT719=5.29
TYP720=2
DATI720=20200124150357
STATION_NR720=6111
SHF720=2728
ACC_REP_NR720=1177
OPID720=12
REF720=1179120292
SEQ720=1179120275107
SAFTDATI720=20200124150357
LCUR720=10
PAN720=476223*******429
REPL720=2
MERCH_ID720,1=A
MERCH_NAME720,1=Discovery Filling Station Ltd
MERCH_RECEIPT_SEQ_NR720,1=611100993315
PMP720,1=1
PUMP_MODE720,1=1,1,1
NOZZLE720,1=2
NDATI720,1=20200124150219
START_DATE720,1=20200124150152
PRI720,1=1.299
BASEPRI720,1=1.299
QTY720,1=3.71
QTYUNIT720,1=2
GAMT720,1=4.82
AMT720,1=4.82
UGAMT720,1=4.82
UAMT720,1=4.82
PLU720,1=3
NAM720,1=FuelSave Dsl
GRP720,1=59
CRD720,1=425
EXTREF720,1=FuelSave Dsl
ART_MERCH_ID720,1=A
EXC720,1=4.82
INC720,1=4.82
NQUA_CHANGEABLE720,1=825959.87
MOP720,1=1
MOP_ADDX720,1=10
ROP720,1=1
PM720,1=110
PA720,1=0.02
CPPAN720,2=476223*******429
MOP720,2=6
MOP_ADDX720,2=50
MOP_ADDY720,2=12
ROP720,2=1
PM720,2=949
PSUB720,2=12
PA720,2=4.80
SLSTOT720=4.82
TYP721=2
DATI721=20200124150435
STATION_NR721=6111
SHF721=2728
ACC_REP_NR721=1177
OPID721=12
REF721=1179120293
SEQ721=1179120275108
SAFTDATI721=20200124150435
LCUR721=10
REPL721=2
MERCH_ID721,1=A
MERCH_NAME721,1=Discovery Filling Station Ltd
MERCH_RECEIPT_SEQ_NR721,1=611100993316
PRI721,1=1.85
UPR721,1=1.85
QTY721,1=1.00
QTYUNIT721,1=1
GAMT721,1=1.85
AMT721,1=1.48
UGAMT721,1=1.85
UAMT721,1=1.48
PLU721,1=490411
NAM721,1=CLARKS STEAK & GRAVY
GRP721,1=CHILLED FOOD
CRD721,1=3400
DSCT721,1=8
DNAM721,1=Discount on total
DSC721,1=0.37
ART_MERCH_ID721,1=A
EXC721,1=1.48
INC721,1=1.48
PRI721,2=1.75
UPR721,2=1.75
QTY721,2=1.00
QTYUNIT721,2=1
GAMT721,2=1.75
AMT721,2=1.40
UGAMT721,2=1.75
UAMT721,2=1.40
PLU721,2=490413
NAM721,2=CLARKS CHICKEN TIKKA
GRP721,2=CHILLED FOOD
CRD721,2=3400
DSCT721,2=8
DNAM721,2=Discount on total
DSC721,2=0.35
ART_MERCH_ID721,2=A
EXC721,2=1.40
INC721,2=1.40
MOP721,1=1
MOP_ADDX721,1=10
ROP721,1=1
PM721,1=110
PA721,1=5.00
MOP721,2=1
MOP_ADDX721,2=10
ROP721,2=2
PM721,2=5110
PA721,2=-2.12
SLSTOT721=2.88
TYP722=2
DATI722=20200124150456
STATION_NR722=6111
SHF722=2728
ACC_REP_NR722=1177
OPID722=12
REF722=1179120294
SEQ722=1179120275109
SAFTDATI722=20200124150456
LCUR722=10
PAN722=438662*******739
MERCH_ID722,1=A
MERCH_NAME722,1=Discovery Filling Station Ltd
MERCH_RECEIPT_SEQ_NR722,1=611100993317
PRI722,1=1.59
UPR722,1=1.59
QTY722,1=1.00
QTYUNIT722,1=1
GAMT722,1=1.59
AMT722,1=1.27
UGAMT722,1=1.59
UAMT722,1=1.27
PLU722,1=9002490239565
NAM722,1=RED BULL
GRP722,1=DRINKS
CRD722,1=3119
DSCT722,1=8
DNAM722,1=Discount on total
DSC722,1=0.32
ART_MERCH_ID722,1=A
PRC722,1=20.00
VAMT722,1=0.21
EXC722,1=1.06
INC722,1=1.27
CPPAN722,1=438662*******739
MOP722,1=6
MOP_ADDX722,1=50
MOP_ADDY722,1=13
ROP722,1=1
PM722,1=949
PSUB722,1=13
PA722,1=1.27
SLSTOT722=1.27
TYP723=2
DATI723=20200124150521
STATION_NR723=6111
SHF723=2728
ACC_REP_NR723=1177
OPID723=12
REF723=1179120295
SEQ723=1179120275110
SAFTDATI723=20200124150521
LCUR723=10
REPL723=2
MERCH_ID723,1=A
MERCH_NAME723,1=Discovery Filling Station Ltd
MERCH_RECEIPT_SEQ_NR723,1=611100993318
PRI723,1=1.85
UPR723,1=1.85
QTY723,1=2.00
QTYUNIT723,1=1
GAMT723,1=3.70
AMT723,1=3.70
UGAMT723,1=3.70
UAMT723,1=3.70
PLU723,1=490411
NAM723,1=CLARKS STEAK & GRAVY
GRP723,1=CHILLED FOOD
CRD723,1=3400
ART_MERCH_ID723,1=A
EXC723,1=3.70
INC723,1=3.70
PRI723,2=1.00
UPR723,2=1.00
QTY723,2=1.00
QTYUNIT723,2=1
GAMT723,2=1.00
AMT723,2=1.00
UGAMT723,2=1.00
UAMT723,2=1.00
PLU723,2=5010115910014
NAM723,2=T&L GRAN SUGAR
GRP723,2=GROCERY ZERO
CRD723,2=3100
ART_MERCH_ID723,2=A
EXC723,2=1.00
INC723,2=1.00
PRI723,3=2.60
UPR723,3=2.60
QTY723,3=1.00
QTYUNIT723,3=1
GAMT723,3=2.60
AMT723,3=2.60
UGAMT723,3=2.60
UAMT723,3=2.60
PLU723,3=5055109220946
NAM723,3=CLARKS  WRAP 2.50
GRP723,3=CHILLED FOOD
CRD723,3=3400
ART_MERCH_ID723,3=A
EXC723,3=2.60
INC723,3=2.60
MOP723,1=1
MOP_ADDX723,1=10
ROP723,1=1
PM723,1=110
PA723,1=10.00
MOP723,2=1
MOP_ADDX723,2=10
ROP723,2=2
PM723,2=5110
PA723,2=-2.70
SLSTOT723=7.30
TYP724=1
DATI724=20200124150621
STATION_NR724=6111
SHF724=4615
REF724=1179110000
OPID724=7
TYP725=21
SPEC_TYPE725=13
DATI725=20200124150631
STATION_NR725=6111
SHF725=4615
OPID725=7
SPEC_ADDD725=Open cash drawer
TYP726=2
DATI726=20200124150622
STATION_NR726=6111
SHF726=2728
ACC_REP_NR726=1177
OPID726=12
REF726=1179120296
SEQ726=1179120275111
SAFTDATI726=20200124150622
LCUR726=10
PAN726=476367*******019
MERCH_ID726,1=A
MERCH_NAME726,1=Discovery Filling Station Ltd
MERCH_RECEIPT_SEQ_NR726,1=611100993319
PMP726,1=3
PUMP_MODE726,1=1,1,1
NOZZLE726,1=1
NDATI726,1=20200124150511
START_DATE726,1=20200124150433
PRI726,1=1.249
BASEPRI726,1=1.249
QTY726,1=16.01
QTYUNIT726,1=2
GAMT726,1=20.00
AMT726,1=20.00
UGAMT726,1=20.00
UAMT726,1=20.00
PLU726,1=6
NAM726,1=FuelSave Unl
GRP726,1=59
CRD726,1=325
EXTREF726,1=FuelSave Unl
ART_MERCH_ID726,1=A
EXC726,1=20.00
INC726,1=20.00
NQUA_CHANGEABLE726,1=1194714.01
PRI726,2=1.00
UPR726,2=1.00
QTY726,2=1.00
QTYUNIT726,2=1
GAMT726,2=1.00
AMT726,2=1.00
UGAMT726,2=1.00
UAMT726,2=1.00
PLU726,2=5000159513142
NAM726,2=MARS SNACK
GRP726,2=CONFECTIONERY
CRD726,2=3119
ART_MERCH_ID726,2=A
PRC726,2=20.00
VAMT726,2=0.17
EXC726,2=0.83
INC726,2=1.00
PRI726,3=1.29
UPR726,3=1.29
QTY726,3=1.00
QTYUNIT726,3=1
GAMT726,3=1.29
AMT726,3=1.29
UGAMT726,3=1.29
UAMT726,3=1.29
PLU726,3=90433863
NAM726,3=RED BULL
GRP726,3=DRINKS
CRD726,3=3119
ART_MERCH_ID726,3=A
PRC726,3=20.00
VAMT726,3=0.21
EXC726,3=1.08
INC726,3=1.29
CPPAN726,1=476367*******019
MOP726,1=6
MOP_ADDX726,1=50
MOP_ADDY726,1=12
ROP726,1=1
PM726,1=949
PSUB726,1=12
PA726,1=22.29
SLSTOT726=22.29
TYP727=2
DATI727=20200124150657
STATION_NR727=6111
SHF727=2728
ACC_REP_NR727=1177
OPID727=12
REF727=1179120297
SEQ727=1179120275112
SAFTDATI727=20200124150657
LCUR727=10
PAN727=492181*******361
MERCH_ID727,1=A
MERCH_NAME727,1=Discovery Filling Station Ltd
MERCH_RECEIPT_SEQ_NR727,1=611100993320
PMP727,1=4
PUMP_MODE727,1=1,1,1
NOZZLE727,1=3
NDATI727,1=20200124150624
START_DATE727,1=20200124150547
PRI727,1=1.299
BASEPRI727,1=1.299
QTY727,1=11.56
QTYUNIT727,1=2
GAMT727,1=15.02
AMT727,1=15.02
UGAMT727,1=15.02
UAMT727,1=15.02
PLU727,1=3
NAM727,1=FuelSave Dsl
GRP727,1=59
CRD727,1=425
EXTREF727,1=FuelSave Dsl
ART_MERCH_ID727,1=A
EXC727,1=15.02
INC727,1=15.02
NQUA_CHANGEABLE727,1=1502953.59
CPPAN727,1=492181*******361
MOP727,1=6
MOP_ADDX727,1=50
MOP_ADDY727,1=12
ROP727,1=1
PM727,1=949
PSUB727,1=12
PA727,1=15.02
SLSTOT727=15.02
TYP728=21
SPEC_TYPE728=13
DATI728=20200124150807
STATION_NR728=6111
SHF728=2728
OPID728=12
SPEC_ADDD728=Open cash drawer
TYP729=2
DATI729=20200124150801
STATION_NR729=6111
SHF729=4615
ACC_REP_NR729=1177
OPID729=7
REF729=1179110321
SEQ729=1179110738240
SAFTDATI729=20200124150801
LCUR729=10
PAN729=444331*******993
MERCH_ID729,1=A
MERCH_NAME729,1=Discovery Filling Station Ltd
MERCH_RECEIPT_SEQ_NR729,1=611100993321
PMP729,1=2
PUMP_MODE729,1=1,1,1
NOZZLE729,1=1
NDATI729,1=20200124150722
START_DATE729,1=20200124150630
PRI729,1=1.249
BASEPRI729,1=1.249
QTY729,1=1.55
QTYUNIT729,1=2
GAMT729,1=1.94
AMT729,1=1.94
UGAMT729,1=1.94
UAMT729,1=1.94
PLU729,1=6
NAM729,1=FuelSave Unl
GRP729,1=59
CRD729,1=325
EXTREF729,1=FuelSave Unl
ART_MERCH_ID729,1=A
EXC729,1=1.94
INC729,1=1.94
NQUA_CHANGEABLE729,1=570834.95
CPPAN729,1=444331*******993
MOP729,1=6
MOP_ADDX729,1=50
MOP_ADDY729,1=13
ROP729,1=1
PM729,1=949
PSUB729,1=13
PA729,1=1.94
SLSTOT729=1.94
TYP730=2
DATI730=20200124151136
STATION_NR730=6111
ACC_REP_NR730=1177
REF730=1179510014
SEQ730=1179510017028
SAFTDATI730=20200124151136
LCUR730=10
PAN730=475142******9403
HOSTTYPE730=12
HOSTBOOKPER730=1179
AUTH730=201141
CAIC730=044026111
ONLINERC730=000
STAN730=058564
REPL730=2
MERCH_ID730,1=A
MERCH_NAME730,1=Discovery Filling Station Ltd
PMP730,1=5
PUMP_MODE730,1=1,3,2
NOZZLE730,1=1
NDATI730,1=20200124151136
START_DATE730,1=20200124151035
PRI730,1=1.249
BASEPRI730,1=1.249
QTY730,1=16.01
QTYUNIT730,1=2
GAMT730,1=20.00
AMT730,1=20.00
UGAMT730,1=20.00
UAMT730,1=20.00
PLU730,1=6
NAM730,1=FuelSave Unl
GRP730,1=59
CRD730,1=325
EXTREF730,1=FuelSave Unl
ART_MERCH_ID730,1=A
EXC730,1=20.00
INC730,1=20.00
NQUA_CHANGEABLE730,1=1062528.06
CPPAN730,1=475142******9403
CPREPL730,1=2
CPHOSTTYPE730,1=12
CPHOSTBKPER730,1=1179
CPAUTH730,1=201141
CPCAIC730,1=044026111
CPONLINERC730,1=000
CPSTAN730,1=058564
MOP730,1=4
MOP_ADDX730,1=2
MOP_ADDY730,1=2
ROP730,1=1
PM730,1=701
PSUB730,1=2
PA730,1=20.00
TRKMED730,1=5
SLSTOT730=20.00
TYP731=2
DATI731=20200124151132
STATION_NR731=6111
SHF731=4615
ACC_REP_NR731=1177
OPID731=7
REF731=1179110322
SEQ731=1179110738241
SAFTDATI731=20200124151132
LCUR731=10
PAN731=475116*******121
MERCH_ID731,1=A
MERCH_NAME731,1=Discovery Filling Station Ltd
MERCH_RECEIPT_SEQ_NR731,1=611100993322
PMP731,1=3
PUMP_MODE731,1=1,1,1
NOZZLE731,1=1
NDATI731,1=20200124151119
START_DATE731,1=20200124151044
PRI731,1=1.249
BASEPRI731,1=1.249
QTY731,1=16.07
QTYUNIT731,1=2
GAMT731,1=20.07
AMT731,1=20.07
UGAMT731,1=20.07
UAMT731,1=20.07
PLU731,1=6
NAM731,1=FuelSave Unl
GRP731,1=59
CRD731,1=325
EXTREF731,1=FuelSave Unl
ART_MERCH_ID731,1=A
EXC731,1=20.07
INC731,1=20.07
NQUA_CHANGEABLE731,1=1194730.08
CPPAN731,1=475116*******121
MOP731,1=6
MOP_ADDX731,1=50
MOP_ADDY731,1=12
ROP731,1=1
PM731,1=949
PSUB731,1=12
PA731,1=20.07
SLSTOT731=20.07
TYP732=2
DATI732=20200124151302
STATION_NR732=6111
SHF732=2728
ACC_REP_NR732=1177
OPID732=12
REF732=1179120298
SEQ732=1179120275113
SAFTDATI732=20200124151302
LCUR732=10
REPL732=2
MERCH_ID732,1=A
MERCH_NAME732,1=Discovery Filling Station Ltd
MERCH_RECEIPT_SEQ_NR732,1=611100993323
PMP732,1=3
PUMP_MODE732,1=1,1,1
NOZZLE732,1=1
NDATI732,1=20200124151242
START_DATE732,1=20200124151208
PRI732,1=1.249
BASEPRI732,1=1.249
QTY732,1=12.01
QTYUNIT732,1=2
GAMT732,1=15.00
AMT732,1=15.00
UGAMT732,1=15.00
UAMT732,1=15.00
PLU732,1=6
NAM732,1=FuelSave Unl
GRP732,1=59
CRD732,1=325
EXTREF732,1=FuelSave Unl
ART_MERCH_ID732,1=A
EXC732,1=15.00
INC732,1=15.00
NQUA_CHANGEABLE732,1=1194742.09
MOP732,1=1
MOP_ADDX732,1=10
ROP732,1=1
PM732,1=110
PA732,1=20.00
MOP732,2=1
MOP_ADDX732,2=10
ROP732,2=2
PM732,2=5110
PA732,2=-5.00
SLSTOT732=15.00
TYP733=2
DATI733=20200124151322
STATION_NR733=6111
SHF733=2728
ACC_REP_NR733=1177
OPID733=12
REF733=1179120299
SEQ733=1179120275114
SAFTDATI733=20200124151322
LCUR733=10
PAN733=700205*******001196
MERCH_ID733,1=A
MERCH_NAME733,1=Discovery Filling Station Ltd
MERCH_RECEIPT_SEQ_NR733,1=611100993324
PMP733,1=6
PUMP_MODE733,1=1,1,1
NOZZLE733,1=2
NDATI733,1=20200124151255
START_DATE733,1=20200124151211
PRI733,1=1.299
BASEPRI733,1=1.299
QTY733,1=15.20
QTYUNIT733,1=2
GAMT733,1=19.74
AMT733,1=19.74
UGAMT733,1=19.74
UAMT733,1=19.74
PLU733,1=3
NAM733,1=FuelSave Dsl
GRP733,1=59
CRD733,1=425
EXTREF733,1=FuelSave Dsl
ART_MERCH_ID733,1=A
EXC733,1=19.74
INC733,1=19.74
NQUA_CHANGEABLE733,1=1186928.31
CPPAN733,1=700205*******001196
MOP733,1=6
MOP_ADDX733,1=50
MOP_ADDY733,1=1
ROP733,1=1
PM733,1=949
PSUB733,1=1
PA733,1=19.74
SLSTOT733=19.74
TYP734=2
DATI734=20200124151520
STATION_NR734=6111
SHF734=4615
ACC_REP_NR734=1177
OPID734=7
REF734=1179110323
SEQ734=1179110738242
SAFTDATI734=20200124151520
LCUR734=10
PAN734=557435*******369
MERCH_ID734,1=A
MERCH_NAME734,1=Discovery Filling Station Ltd
MERCH_RECEIPT_SEQ_NR734,1=611100993325
PRI734,1=2.00
UPR734,1=2.00
QTY734,1=1.00
QTYUNIT734,1=1
GAMT734,1=2.00
AMT734,1=1.60
UGAMT734,1=2.00
UAMT734,1=1.60
PLU734,1=5054267000452
NAM734,1=LUCOZADE SPORT ORANG
GRP734,1=DRINKS
CRD734,1=3119
DSCT734,1=8
DNAM734,1=Discount on total
DSC734,1=0.40
ART_MERCH_ID734,1=A
PRC734,1=20.00
VAMT734,1=0.27
EXC734,1=1.33
INC734,1=1.60
PRI734,2=1.00
UPR734,2=1.00
QTY734,2=1.00
QTYUNIT734,2=1
GAMT734,2=1.00
AMT734,2=0.80
UGAMT734,2=1.00
UAMT734,2=0.80
PLU734,2=5012035950132
NAM734,2=HARIBO TANGF
GRP734,2=CONFECTIONERY
CRD734,2=3119
DSCT734,2=8
DNAM734,2=Discount on total
DSC734,2=0.20
ART_MERCH_ID734,2=A
PRC734,2=20.00
VAMT734,2=0.13
EXC734,2=0.67
INC734,2=0.80
CPPAN734,1=557435*******369
MOP734,1=6
MOP_ADDX734,1=50
MOP_ADDY734,1=14
ROP734,1=1
PM734,1=949
PSUB734,1=14
PA734,1=2.40
SLSTOT734=2.40
TYP735=2
DATI735=20200124151636
STATION_NR735=6111
SHF735=2728
ACC_REP_NR735=1177
OPID735=12
REF735=1179120300
SEQ735=1179120275115
SAFTDATI735=20200124151636
LCUR735=10
REPL735=2
MERCH_ID735,1=A
MERCH_NAME735,1=Discovery Filling Station Ltd
MERCH_RECEIPT_SEQ_NR735,1=611100993326
PRI735,1=0.89
UPR735,1=0.89
QTY735,1=1.00
QTYUNIT735,1=1
GAMT735,1=0.89
AMT735,1=0.89
UGAMT735,1=0.89
UAMT735,1=0.89
PLU735,1=5000328530130
NAM735,1=MONSTER MUNCH MEGAHO
GRP735,1=CRISPS
CRD735,1=3219
ART_MERCH_ID735,1=A
PRC735,1=20.00
VAMT735,1=0.15
EXC735,1=0.74
INC735,1=0.89
PRI735,2=1.00
UPR735,2=1.00
QTY735,2=1.00
QTYUNIT735,2=1
GAMT735,2=1.00
AMT735,2=1.00
UGAMT735,2=1.00
UAMT735,2=1.00
PLU735,2=5010438012495
NAM735,2=VIMTO FIZZY
GRP735,2=DRINKS
CRD735,2=3119
ART_MERCH_ID735,2=A
PRC735,2=20.00
VAMT735,2=0.17
EXC735,2=0.83
INC735,2=1.00
MOP735,1=1
MOP_ADDX735,1=10
ROP735,1=1
PM735,1=110
PA735,1=1.89
SLSTOT735=1.89
TYP736=2
DATI736=20200124151623
STATION_NR736=6111
SHF736=4615
ACC_REP_NR736=1177
OPID736=7
REF736=1179110324
SEQ736=1179110738243
SAFTDATI736=20200124151623
LCUR736=10
PAN736=705505*******873287
MERCH_ID736,1=A
MERCH_NAME736,1=Discovery Filling Station Ltd
MERCH_RECEIPT_SEQ_NR736,1=611100993327
PMP736,1=4
PUMP_MODE736,1=1,1,1
NOZZLE736,1=3
NDATI736,1=20200124151604
START_DATE736,1=20200124151355
PRI736,1=1.299
BASEPRI736,1=1.299
QTY736,1=58.01
QTYUNIT736,1=2
GAMT736,1=75.35
AMT736,1=75.35
UGAMT736,1=75.35
UAMT736,1=75.35
PLU736,1=3
NAM736,1=FuelSave Dsl
GRP736,1=59
CRD736,1=425
EXTREF736,1=FuelSave Dsl
ART_MERCH_ID736,1=A
EXC736,1=75.35
INC736,1=75.35
NQUA_CHANGEABLE736,1=1503011.60
CPPAN736,1=705505*******873287
MOP736,1=6
MOP_ADDX736,1=50
MOP_ADDY736,1=2
ROP736,1=1
PM736,1=949
PSUB736,1=2
PA736,1=75.35
SLSTOT736=75.35
TYP737=2
DATI737=20200124151645
STATION_NR737=6111
SHF737=4615
ACC_REP_NR737=1177
OPID737=7
REF737=1179110325
SEQ737=1179110738244
SAFTDATI737=20200124151645
LCUR737=10
REPL737=2
MERCH_ID737,1=A
MERCH_NAME737,1=Discovery Filling Station Ltd
MERCH_RECEIPT_SEQ_NR737,1=611100993328
PRI737,1=8.70
UPR737,1=8.70
QTY737,1=1.00
QTYUNIT737,1=1
GAMT737,1=8.70
AMT737,1=8.70
UGAMT737,1=8.70
UAMT737,1=8.70
PLU737,1=5000431026902
NAM737,1=PLAYERS KS 20S
GRP737,1=TOBACCO
CRD737,1=4019
ART_MERCH_ID737,1=A
PRC737,1=20.00
VAMT737,1=1.45
EXC737,1=7.25
INC737,1=8.70
MOP737,1=1
MOP_ADDX737,1=10
ROP737,1=1
PM737,1=110
PA737,1=8.70
SLSTOT737=8.70
TYP738=2
DATI738=20200124151710
STATION_NR738=6111
SHF738=4615
ACC_REP_NR738=1177
OPID738=7
REF738=1179110326
SEQ738=1179110738245
SAFTDATI738=20200124151710
LCUR738=10
REPL738=2
MERCH_ID738,1=A
MERCH_NAME738,1=Discovery Filling Station Ltd
MERCH_RECEIPT_SEQ_NR738,1=611100993329
PMP738,1=1
PUMP_MODE738,1=1,1,1
NOZZLE738,1=2
NDATI738,1=20200124151628
START_DATE738,1=20200124151502
PRI738,1=1.299
BASEPRI738,1=1.299
QTY738,1=30.79
QTYUNIT738,1=2
GAMT738,1=40.00
AMT738,1=40.00
UGAMT738,1=40.00
UAMT738,1=40.00
PLU738,1=3
NAM738,1=FuelSave Dsl
GRP738,1=59
CRD738,1=425
EXTREF738,1=FuelSave Dsl
ART_MERCH_ID738,1=A
EXC738,1=40.00
INC738,1=40.00
NQUA_CHANGEABLE738,1=825990.66
MOP738,1=1
MOP_ADDX738,1=10
ROP738,1=1
PM738,1=110
PA738,1=40.00
SLSTOT738=40.00
TYP739=2
DATI739=20200124151711
STATION_NR739=6111
SHF739=2728
ACC_REP_NR739=1177
OPID739=12
REF739=1179120301
SEQ739=1179120275116
SAFTDATI739=20200124151711
LCUR739=10
REPL739=2
MERCH_ID739,1=A
MERCH_NAME739,1=Discovery Filling Station Ltd
MERCH_RECEIPT_SEQ_NR739,1=611100993330
PMP739,1=3
PUMP_MODE739,1=1,1,1
NOZZLE739,1=3
NDATI739,1=20200124151632
START_DATE739,1=20200124151545
PRI739,1=1.299
BASEPRI739,1=1.299
QTY739,1=15.47
QTYUNIT739,1=2
GAMT739,1=20.10
AMT739,1=20.10
UGAMT739,1=20.10
UAMT739,1=20.10
PLU739,1=3
NAM739,1=FuelSave Dsl
GRP739,1=59
CRD739,1=425
EXTREF739,1=FuelSave Dsl
ART_MERCH_ID739,1=A
EXC739,1=20.10
INC739,1=20.10
NQUA_CHANGEABLE739,1=1277487.18
MOP739,1=1
MOP_ADDX739,1=10
ROP739,1=1
PM739,1=110
PA739,1=20.10
SLSTOT739=20.10
TYP740=2
DATI740=20200124151821
STATION_NR740=6111
SHF740=4615
ACC_REP_NR740=1177
OPID740=7
REF740=1179110327
SEQ740=1179110738246
SAFTDATI740=20200124151821
LCUR740=10
PAN740=705505*******860597
MERCH_ID740,1=A
MERCH_NAME740,1=Discovery Filling Station Ltd
MERCH_RECEIPT_SEQ_NR740,1=611100993331
PMP740,1=7
PUMP_MODE740,1=1,1,1
NOZZLE740,1=1
NDATI740,1=20200124151745
START_DATE740,1=20200124151603
PRI740,1=1.299
BASEPRI740,1=1.299
QTY740,1=111.00
QTYUNIT740,1=2
GAMT740,1=144.19
AMT740,1=144.19
UGAMT740,1=144.19
UAMT740,1=144.19
PLU740,1=3
NAM740,1=FuelSave Dsl
GRP740,1=59
CRD740,1=425
EXTREF740,1=FuelSave Dsl
ART_MERCH_ID740,1=A
EXC740,1=144.19
INC740,1=144.19
NQUA_CHANGEABLE740,1=788661.22
CPPAN740,1=705505*******860597
MOP740,1=6
MOP_ADDX740,1=50
MOP_ADDY740,1=2
ROP740,1=1
PM740,1=949
PSUB740,1=2
PA740,1=144.19
SLSTOT740=144.19
TYP741=2
DATI741=20200124151922
STATION_NR741=6111
SHF741=4615
ACC_REP_NR741=1177
OPID741=7
REF741=1179110328
SEQ741=1179110738247
SAFTDATI741=20200124151922
LCUR741=10
REPL741=2
MERCH_ID741,1=A
MERCH_NAME741,1=Discovery Filling Station Ltd
MERCH_RECEIPT_SEQ_NR741,1=611100993332
PMP741,1=2
PUMP_MODE741,1=1,1,1
NOZZLE741,1=2
NDATI741,1=20200124151839
START_DATE741,1=20200124151753
PRI741,1=1.299
BASEPRI741,1=1.299
QTY741,1=9.22
QTYUNIT741,1=2
GAMT741,1=11.98
AMT741,1=11.98
UGAMT741,1=11.98
UAMT741,1=11.98
PLU741,1=3
NAM741,1=FuelSave Dsl
GRP741,1=59
CRD741,1=425
EXTREF741,1=FuelSave Dsl
ART_MERCH_ID741,1=A
EXC741,1=11.98
INC741,1=11.98
NQUA_CHANGEABLE741,1=1555378.95
MOP741,1=1
MOP_ADDX741,1=10
ROP741,1=1
PM741,1=110
PA741,1=11.98
SLSTOT741=11.98
TYP742=2
DATI742=20200124152311
STATION_NR742=6111
SHF742=4615
ACC_REP_NR742=1177
OPID742=7
REF742=1179110329
SEQ742=1179110738248
SAFTDATI742=20200124152311
LCUR742=10
PAN742=476223*******628
MERCH_ID742,1=A
MERCH_NAME742,1=Discovery Filling Station Ltd
MERCH_RECEIPT_SEQ_NR742,1=611100993333
PMP742,1=4
PUMP_MODE742,1=1,1,1
NOZZLE742,1=1
NDATI742,1=20200124152154
START_DATE742,1=20200124151952
PRI742,1=1.249
BASEPRI742,1=1.249
QTY742,1=40.04
QTYUNIT742,1=2
GAMT742,1=50.01
AMT742,1=50.01
UGAMT742,1=50.01
UAMT742,1=50.01
PLU742,1=6
NAM742,1=FuelSave Unl
GRP742,1=59
CRD742,1=325
EXTREF742,1=FuelSave Unl
ART_MERCH_ID742,1=A
EXC742,1=50.01
INC742,1=50.01
NQUA_CHANGEABLE742,1=708659.13
PRI742,2=0.65
UPR742,2=0.65
QTY742,2=1.00
QTYUNIT742,2=1
GAMT742,2=0.65
AMT742,2=0.65
UGAMT742,2=0.65
UAMT742,2=0.65
PLU742,2=42189633
NAM742,2=AIRWAVES EXTREME
GRP742,2=CONFECTIONERY
CRD742,2=3119
ART_MERCH_ID742,2=A
PRC742,2=20.00
VAMT742,2=0.11
EXC742,2=0.54
INC742,2=0.65
CPPAN742,1=476223*******628
MOP742,1=6
MOP_ADDX742,1=50
MOP_ADDY742,1=12
ROP742,1=1
PM742,1=949
PSUB742,1=12
PA742,1=50.66
SLSTOT742=50.66
TYP743=2
DATI743=20200124152530
STATION_NR743=6111
SHF743=4615
ACC_REP_NR743=1177
OPID743=7
REF743=1179110330
SEQ743=1179110738249
SAFTDATI743=20200124152530
LCUR743=10
PAN743=471530*******434
MERCH_ID743,1=A
MERCH_NAME743,1=Discovery Filling Station Ltd
MERCH_RECEIPT_SEQ_NR743,1=611100993334
PMP743,1=3
PUMP_MODE743,1=1,1,1
NOZZLE743,1=3
NDATI743,1=20200124152500
START_DATE743,1=20200124152410
PRI743,1=1.299
BASEPRI743,1=1.299
QTY743,1=20.15
QTYUNIT743,1=2
GAMT743,1=26.17
AMT743,1=26.17
UGAMT743,1=26.17
UAMT743,1=26.17
PLU743,1=3
NAM743,1=FuelSave Dsl
GRP743,1=59
CRD743,1=425
EXTREF743,1=FuelSave Dsl
ART_MERCH_ID743,1=A
EXC743,1=26.17
INC743,1=26.17
NQUA_CHANGEABLE743,1=1277507.33
CPPAN743,1=471530*******434
MOP743,1=6
MOP_ADDX743,1=50
MOP_ADDY743,1=7
ROP743,1=1
PM743,1=949
PSUB743,1=7
PA743,1=26.17
SLSTOT743=26.17
TYP744=2
DATI744=20200124152613
STATION_NR744=6111
SHF744=4615
ACC_REP_NR744=1177
OPID744=7
REF744=1179110331
SEQ744=1179110738250
SAFTDATI744=20200124152613
LCUR744=10
REPL744=2
MERCH_ID744,1=A
MERCH_NAME744,1=Discovery Filling Station Ltd
MERCH_RECEIPT_SEQ_NR744,1=611100993335
PMP744,1=2
PUMP_MODE744,1=1,1,1
NOZZLE744,1=2
NDATI744,1=20200124152550
START_DATE744,1=20200124152502
PRI744,1=1.299
BASEPRI744,1=1.299
QTY744,1=7.70
QTYUNIT744,1=2
GAMT744,1=10.00
AMT744,1=10.00
UGAMT744,1=10.00
UAMT744,1=10.00
PLU744,1=3
NAM744,1=FuelSave Dsl
GRP744,1=59
CRD744,1=425
EXTREF744,1=FuelSave Dsl
ART_MERCH_ID744,1=A
EXC744,1=10.00
INC744,1=10.00
NQUA_CHANGEABLE744,1=1555386.65
MOP744,1=1
MOP_ADDX744,1=10
ROP744,1=1
PM744,1=110
PA744,1=10.00
SLSTOT744=10.00
TYP745=2
DATI745=20200124152652
STATION_NR745=6111
SHF745=4615
ACC_REP_NR745=1177
OPID745=7
REF745=1179110332
SEQ745=1179110738251
SAFTDATI745=20200124152652
LCUR745=10
REPL745=2
MOP745,1=1
MOP_ADDX745,1=10
ROP745,1=7
ROP_ADD745,1=5
PM745,1=5310
PMIO745,1=5
PA745,1=-14.00
TYP746=2
DATI746=20200124152743
STATION_NR746=6111
SHF746=4615
ACC_REP_NR746=1177
OPID746=7
REF746=1179110333
SEQ746=1179110738252
SAFTDATI746=20200124152743
LCUR746=10
REPL746=2
MERCH_ID746,1=A
MERCH_NAME746,1=Discovery Filling Station Ltd
MERCH_RECEIPT_SEQ_NR746,1=611100993336
PRI746,1=1.05
UPR746,1=1.05
QTY746,1=1.00
QTYUNIT746,1=1
GAMT746,1=1.05
AMT746,1=0.75
UGAMT746,1=1.05
UAMT746,1=0.75
PLU746,1=7622210212573
NAM746,1=BOOST DUO
GRP746,1=CONFECTIONERY
CRD746,1=3119
PRO746,1=MMH1877
DSCT746,1=2
DNAM746,1=CADBURY 2 FOR 1.50
DSC746,1=0.30
ART_MERCH_ID746,1=A
PRC746,1=20.00
VAMT746,1=0.12
EXC746,1=0.63
INC746,1=0.75
PRI746,2=1.05
UPR746,2=1.05
QTY746,2=1.00
QTYUNIT746,2=1
GAMT746,2=1.05
AMT746,2=0.75
UGAMT746,2=1.05
UAMT746,2=0.75
PLU746,2=7622210212573
NAM746,2=BOOST DUO
GRP746,2=CONFECTIONERY
CRD746,2=3119
PRO746,2=MMH1877
DSCT746,2=2
DNAM746,2=CADBURY 2 FOR 1.50
DSC746,2=0.30
ART_MERCH_ID746,2=A
PRC746,2=20.00
VAMT746,2=0.12
EXC746,2=0.63
INC746,2=0.75
PRI746,3=1.05
UPR746,3=1.05
QTY746,3=1.00
QTYUNIT746,3=1
GAMT746,3=1.05
AMT746,3=1.05
UGAMT746,3=1.05
UAMT746,3=1.05
PLU746,3=5900951028502
NAM746,3=TWIX KINGSIZE 85G
GRP746,3=CONFECTIONERY
CRD746,3=3119
ART_MERCH_ID746,3=A
PRC746,3=20.00
VAMT746,3=0.17
EXC746,3=0.88
INC746,3=1.05
PRI746,4=1.05
UPR746,4=1.05
QTY746,4=1.00
QTYUNIT746,4=1
GAMT746,4=1.05
AMT746,4=1.05
UGAMT746,4=1.05
UAMT746,4=1.05
PLU746,4=5000159470643
NAM746,4=MARS SNICKERS DUO
GRP746,4=CONFECTIONERY
CRD746,4=3119
ART_MERCH_ID746,4=A
PRC746,4=20.00
VAMT746,4=0.17
EXC746,4=0.88
INC746,4=1.05
PRI746,5=1.00
UPR746,5=1.00
QTY746,5=1.00
QTYUNIT746,5=1
GAMT746,5=1.00
AMT746,5=1.00
UGAMT746,5=1.00
UAMT746,5=1.00
PLU746,5=5031390115154
NAM746,5=100000 1
GRP746,5=LOTTERY SRATCHC
CRD746,5=9500
ART_MERCH_ID746,5=A
EXC746,5=1.00
INC746,5=1.00
PRI746,6=1.00
UPR746,6=1.00
QTY746,6=1.00
QTYUNIT746,6=1
GAMT746,6=1.00
AMT746,6=1.00
UGAMT746,6=1.00
UAMT746,6=1.00
PLU746,6=5031390115154
NAM746,6=100000 1
GRP746,6=LOTTERY SRATCHC
CRD746,6=9500
ART_MERCH_ID746,6=A
EXC746,6=1.00
INC746,6=1.00
PRI746,7=2.00
UPR746,7=2.00
QTY746,7=1.00
QTYUNIT746,7=1
GAMT746,7=2.00
AMT746,7=2.00
UGAMT746,7=2.00
UAMT746,7=2.00
PLU746,7=5031390115239
NAM746,7=LUCKY BONUS 2
GRP746,7=LOTTERY SRATCHC
CRD746,7=9500
ART_MERCH_ID746,7=A
EXC746,7=2.00
INC746,7=2.00
PRI746,8=2.00
UPR746,8=2.00
QTY746,8=1.00
QTYUNIT746,8=1
GAMT746,8=2.00
AMT746,8=2.00
UGAMT746,8=2.00
UAMT746,8=2.00
PLU746,8=5031390115352
NAM746,8=MONEY MULTIPLIER 2
GRP746,8=LOTTERY SRATCHC
CRD746,8=9500
ART_MERCH_ID746,8=A
EXC746,8=2.00
INC746,8=2.00
PRI746,9=2.00
UPR746,9=2.00
QTY746,9=1.00
QTYUNIT746,9=1
GAMT746,9=2.00
AMT746,9=2.00
UGAMT746,9=2.00
UAMT746,9=2.00
PLU746,9=5031390115161
NAM746,9=250.000 BLUE
GRP746,9=LOTTERY SRATCHC
CRD746,9=9500
ART_MERCH_ID746,9=A
EXC746,9=2.00
INC746,9=2.00
MOP746,1=1
MOP_ADDX746,1=10
ROP746,1=1
PM746,1=110
PA746,1=11.60
SLSTOT746=11.60
TYP747=2
DATI747=20200124152757
STATION_NR747=6111
SHF747=4615
ACC_REP_NR747=1177
OPID747=7
REF747=1179110334
SEQ747=1179110738253
SAFTDATI747=20200124152757
LCUR747=10
PAN747=700205*******056352
MERCH_ID747,1=A
MERCH_NAME747,1=Discovery Filling Station Ltd
MERCH_RECEIPT_SEQ_NR747,1=611100993337
PMP747,1=5
PUMP_MODE747,1=1,1,1
NOZZLE747,1=2
NDATI747,1=20200124152657
START_DATE747,1=20200124152526
PRI747,1=1.299
BASEPRI747,1=1.299
QTY747,1=30.82
QTYUNIT747,1=2
GAMT747,1=40.04
AMT747,1=40.04
UGAMT747,1=40.04
UAMT747,1=40.04
PLU747,1=3
NAM747,1=FuelSave Dsl
GRP747,1=59
CRD747,1=425
EXTREF747,1=FuelSave Dsl
ART_MERCH_ID747,1=A
EXC747,1=40.04
INC747,1=40.04
NQUA_CHANGEABLE747,1=1115208.60
CPPAN747,1=700205*******056352
MOP747,1=6
MOP_ADDX747,1=50
MOP_ADDY747,1=1
ROP747,1=1
PM747,1=949
PSUB747,1=1
PA747,1=40.04
SLSTOT747=40.04
TYP748=2
DATI748=20200124152833
STATION_NR748=6111
SHF748=4615
ACC_REP_NR748=1177
OPID748=7
REF748=1179110335
SEQ748=1179110738254
SAFTDATI748=20200124152833
LCUR748=10
REPL748=2
MERCH_ID748,1=A
MERCH_NAME748,1=Discovery Filling Station Ltd
MERCH_RECEIPT_SEQ_NR748,1=611100993338
PRI748,1=1.00
UPR748,1=1.00
QTY748,1=1.00
QTYUNIT748,1=1
GAMT748,1=1.00
AMT748,1=1.00
UGAMT748,1=1.00
UAMT748,1=1.00
PLU748,1=7622300737900
NAM748,1=CDM CARAMEL
GRP748,1=CONFECTIONERY
CRD748,1=3119
ART_MERCH_ID748,1=A
PRC748,1=20.00
VAMT748,1=0.17
EXC748,1=0.83
INC748,1=1.00
MOP748,1=1
MOP_ADDX748,1=10
ROP748,1=1
PM748,1=110
PA748,1=1.00
SLSTOT748=1.00
TYP749=2
DATI749=20200124152835
STATION_NR749=6111
SHF749=2728
ACC_REP_NR749=1177
OPID749=12
REF749=1179120302
SEQ749=1179120275117
SAFTDATI749=20200124152835
LCUR749=10
REPL749=2
MERCH_ID749,1=A
MERCH_NAME749,1=Discovery Filling Station Ltd
MERCH_RECEIPT_SEQ_NR749,1=611100993339
PRI749,1=0.59
UPR749,1=0.59
QTY749,1=1.00
QTYUNIT749,1=1
GAMT749,1=0.59
AMT749,1=0.59
UGAMT749,1=0.59
UAMT749,1=0.59
PLU749,1=5000382103530
NAM749,1=IRN BRU
GRP749,1=DRINKS
CRD749,1=3119
ART_MERCH_ID749,1=A
PRC749,1=20.00
VAMT749,1=0.10
EXC749,1=0.49
INC749,1=0.59
PRI749,2=0.85
UPR749,2=0.85
QTY749,2=1.00
QTYUNIT749,2=1
GAMT749,2=0.85
AMT749,2=0.85
UGAMT749,2=0.85
UAMT749,2=0.85
PLU749,2=5011792002955
NAM749,2=BUTCHERS CHK
GRP749,2=GROCERY VAT
CRD749,2=3119
ART_MERCH_ID749,2=A
PRC749,2=20.00
VAMT749,2=0.14
EXC749,2=0.71
INC749,2=0.85
PRI749,3=1.00
UPR749,3=1.00
QTY749,3=1.00
QTYUNIT749,3=1
GAMT749,3=1.00
AMT749,3=1.00
UGAMT749,3=1.00
UAMT749,3=1.00
PLU749,3=5020379018289
NAM749,3=ES CIJ BEEF
GRP749,3=GENERAL GOODS V
CRD749,3=3319
ART_MERCH_ID749,3=A
PRC749,3=20.00
VAMT749,3=0.17
EXC749,3=0.83
INC749,3=1.00
PRI749,4=1.00
UPR749,4=1.00
QTY749,4=1.00
QTYUNIT749,4=1
GAMT749,4=1.00
AMT749,4=1.00
UGAMT749,4=1.00
UAMT749,4=1.00
PLU749,4=5020379018289
NAM749,4=ES CIJ BEEF
GRP749,4=GENERAL GOODS V
CRD749,4=3319
ART_MERCH_ID749,4=A
PRC749,4=20.00
VAMT749,4=0.17
EXC749,4=0.83
INC749,4=1.00
PRI749,5=1.00
UPR749,5=1.00
QTY749,5=1.00
QTYUNIT749,5=1
GAMT749,5=1.00
AMT749,5=1.00
UGAMT749,5=1.00
UAMT749,5=1.00
PLU749,5=5020379018289
NAM749,5=ES CIJ BEEF
GRP749,5=GENERAL GOODS V
CRD749,5=3319
ART_MERCH_ID749,5=A
PRC749,5=20.00
VAMT749,5=0.17
EXC749,5=0.83
INC749,5=1.00
PRI749,6=1.00
UPR749,6=1.00
QTY749,6=1.00
QTYUNIT749,6=1
GAMT749,6=1.00
AMT749,6=1.00
UGAMT749,6=1.00
UAMT749,6=1.00
PLU749,6=5020379018289
NAM749,6=ES CIJ BEEF
GRP749,6=GENERAL GOODS V
CRD749,6=3319
ART_MERCH_ID749,6=A
PRC749,6=20.00
VAMT749,6=0.17
EXC749,6=0.83
INC749,6=1.00
MOP749,1=1
MOP_ADDX749,1=10
ROP749,1=1
PM749,1=110
PA749,1=10.00
MOP749,2=1
MOP_ADDX749,2=10
ROP749,2=2
PM749,2=5110
PA749,2=-4.56
SLSTOT749=5.44
TYP750=2
DATI750=20200124152842
STATION_NR750=6111
SHF750=4615
ACC_REP_NR750=1177
OPID750=7
REF750=1179110336
SEQ750=1179110738255
SAFTDATI750=20200124152842
LCUR750=10
PAN750=556950*******168
MERCH_ID750,1=A
MERCH_NAME750,1=Discovery Filling Station Ltd
MERCH_RECEIPT_SEQ_NR750,1=611100993340
PMP750,1=1
PUMP_MODE750,1=1,1,1
NOZZLE750,1=2
NDATI750,1=20200124152728
START_DATE750,1=20200124152631
PRI750,1=1.299
BASEPRI750,1=1.299
QTY750,1=22.58
QTYUNIT750,1=2
GAMT750,1=29.33
AMT750,1=29.33
UGAMT750,1=29.33
UAMT750,1=29.33
PLU750,1=3
NAM750,1=FuelSave Dsl
GRP750,1=59
CRD750,1=425
EXTREF750,1=FuelSave Dsl
ART_MERCH_ID750,1=A
EXC750,1=29.33
INC750,1=29.33
NQUA_CHANGEABLE750,1=826013.24
CPPAN750,1=556950*******168
MOP750,1=6
MOP_ADDX750,1=50
MOP_ADDY750,1=15
ROP750,1=1
PM750,1=949
PSUB750,1=15
PA750,1=29.33
SLSTOT750=29.33
TYP751=2
DATI751=20200124152903
STATION_NR751=6111
SHF751=2728
ACC_REP_NR751=1177
OPID751=12
REF751=1179120303
SEQ751=1179120275118
SAFTDATI751=20200124152903
LCUR751=10
REPL751=2
MERCH_ID751,1=A
MERCH_NAME751,1=Discovery Filling Station Ltd
MERCH_RECEIPT_SEQ_NR751,1=611100993341
PMP751,1=6
PUMP_MODE751,1=1,1,1
NOZZLE751,1=1
NDATI751,1=20200124152834
START_DATE751,1=20200124152802
PRI751,1=1.249
BASEPRI751,1=1.249
QTY751,1=8.02
QTYUNIT751,1=2
GAMT751,1=10.02
AMT751,1=10.02
UGAMT751,1=10.02
UAMT751,1=10.02
PLU751,1=6
NAM751,1=FuelSave Unl
GRP751,1=59
CRD751,1=325
EXTREF751,1=FuelSave Unl
ART_MERCH_ID751,1=A
EXC751,1=10.02
INC751,1=10.02
NQUA_CHANGEABLE751,1=369659.06
MOP751,1=1
MOP_ADDX751,1=10
ROP751,1=1
PM751,1=110
PA751,1=10.02
SLSTOT751=10.02
TYP752=2
DATI752=20200124152937
STATION_NR752=6111
SHF752=4615
ACC_REP_NR752=1177
OPID752=7
REF752=1179110337
SEQ752=1179110738256
SAFTDATI752=20200124152937
LCUR752=10
REPL752=2
MERCH_ID752,1=A
MERCH_NAME752,1=Discovery Filling Station Ltd
MERCH_RECEIPT_SEQ_NR752,1=611100993342
PMP752,1=4
PUMP_MODE752,1=1,1,1
NOZZLE752,1=3
NDATI752,1=20200124152919
START_DATE752,1=20200124152839
PRI752,1=1.299
BASEPRI752,1=1.299
QTY752,1=7.70
QTYUNIT752,1=2
GAMT752,1=10.00
AMT752,1=10.00
UGAMT752,1=10.00
UAMT752,1=10.00
PLU752,1=3
NAM752,1=FuelSave Dsl
GRP752,1=59
CRD752,1=425
EXTREF752,1=FuelSave Dsl
ART_MERCH_ID752,1=A
EXC752,1=10.00
INC752,1=10.00
NQUA_CHANGEABLE752,1=1503019.30
MOP752,1=1
MOP_ADDX752,1=10
ROP752,1=1
PM752,1=110
PA752,1=10.00
SLSTOT752=10.00
TYP753=2
DATI753=20200124152940
STATION_NR753=6111
SHF753=2728
ACC_REP_NR753=1177
OPID753=12
REF753=1179120304
SEQ753=1179120275119
SAFTDATI753=20200124152940
LCUR753=10
REPL753=2
MERCH_ID753,1=A
MERCH_NAME753,1=Discovery Filling Station Ltd
MERCH_RECEIPT_SEQ_NR753,1=611100993343
PMP753,1=2
PUMP_MODE753,1=1,1,1
NOZZLE753,1=1
NDATI753,1=20200124152919
START_DATE753,1=20200124152824
PRI753,1=1.249
BASEPRI753,1=1.249
QTY753,1=20.02
QTYUNIT753,1=2
GAMT753,1=25.00
AMT753,1=25.00
UGAMT753,1=25.00
UAMT753,1=25.00
PLU753,1=6
NAM753,1=FuelSave Unl
GRP753,1=59
CRD753,1=325
EXTREF753,1=FuelSave Unl
ART_MERCH_ID753,1=A
EXC753,1=25.00
INC753,1=25.00
NQUA_CHANGEABLE753,1=570854.97
MOP753,1=1
MOP_ADDX753,1=10
ROP753,1=1
PM753,1=110
PA753,1=25.00
SLSTOT753=25.00
TYP754=2
DATI754=20200124153109
STATION_NR754=6111
SHF754=4615
ACC_REP_NR754=1177
OPID754=7
REF754=1179110338
SEQ754=1179110738257
SAFTDATI754=20200124153109
LCUR754=10
REPL754=2
MERCH_ID754,1=A
MERCH_NAME754,1=Discovery Filling Station Ltd
MERCH_RECEIPT_SEQ_NR754,1=611100993344
PMP754,1=6
PUMP_MODE754,1=1,1,1
NOZZLE754,1=2
NDATI754,1=20200124153036
START_DATE754,1=20200124152947
PRI754,1=1.299
BASEPRI754,1=1.299
QTY754,1=15.40
QTYUNIT754,1=2
GAMT754,1=20.00
AMT754,1=20.00
UGAMT754,1=20.00
UAMT754,1=20.00
PLU754,1=3
NAM754,1=FuelSave Dsl
GRP754,1=59
CRD754,1=425
EXTREF754,1=FuelSave Dsl
ART_MERCH_ID754,1=A
EXC754,1=20.00
INC754,1=20.00
NQUA_CHANGEABLE754,1=1186943.71
MOP754,1=1
MOP_ADDX754,1=10
ROP754,1=1
PM754,1=110
PA754,1=20.00
SLSTOT754=20.00
TYP755=2
DATI755=20200124153133
STATION_NR755=6111
SHF755=4615
ACC_REP_NR755=1177
OPID755=7
REF755=1179110339
SEQ755=1179110738258
SAFTDATI755=20200124153133
LCUR755=10
REPL755=2
MERCH_ID755,1=A
MERCH_NAME755,1=Discovery Filling Station Ltd
MERCH_RECEIPT_SEQ_NR755,1=611100993345
PRI755,1=1.00
UPR755,1=1.00
QTY755,1=1.00
QTYUNIT755,1=1
GAMT755,1=1.00
AMT755,1=1.00
UGAMT755,1=1.00
UAMT755,1=1.00
PLU755,1=5900951250903
NAM755,1=GALAXY HONEY
GRP755,1=CONFECTIONERY
CRD755,1=3119
ART_MERCH_ID755,1=A
PRC755,1=20.00
VAMT755,1=0.17
EXC755,1=0.83
INC755,1=1.00
MOP755,1=1
MOP_ADDX755,1=10
ROP755,1=1
PM755,1=110
PA755,1=1.00
SLSTOT755=1.00
TYP756=2
DATI756=20200124153211
STATION_NR756=6111
SHF756=2728
ACC_REP_NR756=1177
OPID756=12
REF756=1179120305
SEQ756=1179120275120
SAFTDATI756=20200124153211
LCUR756=10
REPL756=2
MERCH_ID756,1=A
MERCH_NAME756,1=Discovery Filling Station Ltd
MERCH_RECEIPT_SEQ_NR756,1=611100993346
PRI756,1=2.50
UPR756,1=2.50
QTY756,1=1.00
QTYUNIT756,1=1
GAMT756,1=2.50
AMT756,1=2.50
UGAMT756,1=2.50
UAMT756,1=2.50
PLU756,1=2083800000003
NAM756,1=LOTTERY
GRP756,1=LOTTERY ONLINE
CRD756,1=9500
ART_MERCH_ID756,1=A
EXC756,1=2.50
INC756,1=2.50
MOP756,1=1
MOP_ADDX756,1=10
ROP756,1=1
PM756,1=110
PA756,1=2.50
SLSTOT756=2.50
TYP757=2
DATI757=20200124153209
STATION_NR757=6111
SHF757=4615
ACC_REP_NR757=1177
OPID757=7
REF757=1179110340
SEQ757=1179110738259
SAFTDATI757=20200124153209
LCUR757=10
PAN757=446292*******112
MERCH_ID757,1=A
MERCH_NAME757,1=Discovery Filling Station Ltd
MERCH_RECEIPT_SEQ_NR757,1=611100993347
PMP757,1=3
PUMP_MODE757,1=1,1,1
NOZZLE757,1=1
NDATI757,1=20200124153147
START_DATE757,1=20200124153110
PRI757,1=1.249
BASEPRI757,1=1.249
QTY757,1=16.01
QTYUNIT757,1=2
GAMT757,1=20.00
AMT757,1=20.00
UGAMT757,1=20.00
UAMT757,1=20.00
PLU757,1=6
NAM757,1=FuelSave Unl
GRP757,1=59
CRD757,1=325
EXTREF757,1=FuelSave Unl
ART_MERCH_ID757,1=A
EXC757,1=20.00
INC757,1=20.00
NQUA_CHANGEABLE757,1=1194758.10
CPPAN757,1=446292*******112
MOP757,1=6
MOP_ADDX757,1=50
MOP_ADDY757,1=12
ROP757,1=1
PM757,1=949
PSUB757,1=12
PA757,1=20.00
SLSTOT757=20.00
TYP758=2
DATI758=20200124153257
STATION_NR758=6111
SHF758=4615
ACC_REP_NR758=1177
OPID758=7
REF758=1179110341
SEQ758=1179110738260
SAFTDATI758=20200124153257
LCUR758=10
REPL758=2
MERCH_ID758,1=A
MERCH_NAME758,1=Discovery Filling Station Ltd
MERCH_RECEIPT_SEQ_NR758,1=611100993348
PMP758,1=2
PUMP_MODE758,1=1,1,1
NOZZLE758,1=1
NDATI758,1=20200124153241
START_DATE758,1=20200124153145
PRI758,1=1.249
BASEPRI758,1=1.249
QTY758,1=16.02
QTYUNIT758,1=2
GAMT758,1=20.01
AMT758,1=20.01
UGAMT758,1=20.01
UAMT758,1=20.01
PLU758,1=6
NAM758,1=FuelSave Unl
GRP758,1=59
CRD758,1=325
EXTREF758,1=FuelSave Unl
ART_MERCH_ID758,1=A
EXC758,1=20.01
INC758,1=20.01
NQUA_CHANGEABLE758,1=570870.99
MOP758,1=1
MOP_ADDX758,1=10
ROP758,1=1
PM758,1=110
PA758,1=20.01
SLSTOT758=20.01
TYP759=2
DATI759=20200124153344
STATION_NR759=6111
SHF759=2728
ACC_REP_NR759=1177
OPID759=12
REF759=1179120306
SEQ759=1179120275121
SAFTDATI759=20200124153344
LCUR759=10
REPL759=2
MERCH_ID759,1=A
MERCH_NAME759,1=Discovery Filling Station Ltd
MERCH_RECEIPT_SEQ_NR759,1=611100993349
PMP759,1=5
PUMP_MODE759,1=1,1,1
NOZZLE759,1=1
NDATI759,1=20200124153237
START_DATE759,1=20200124153110
PRI759,1=1.249
BASEPRI759,1=1.249
QTY759,1=32.03
QTYUNIT759,1=2
GAMT759,1=40.01
AMT759,1=40.01
UGAMT759,1=40.01
UAMT759,1=40.01
PLU759,1=6
NAM759,1=FuelSave Unl
GRP759,1=59
CRD759,1=325
EXTREF759,1=FuelSave Unl
ART_MERCH_ID759,1=A
EXC759,1=40.01
INC759,1=40.01
NQUA_CHANGEABLE759,1=1062560.09
MOP759,1=1
MOP_ADDX759,1=10
ROP759,1=1
PM759,1=110
PA759,1=40.01
SLSTOT759=40.01
TYP760=2
DATI760=20200124153307
STATION_NR760=6111
SHF760=4615
ACC_REP_NR760=1177
OPID760=7
REF760=1179110342
SEQ760=1179110738261
SAFTDATI760=20200124153307
LCUR760=10
PAN760=700205*******400035
MERCH_ID760,1=A
MERCH_NAME760,1=Discovery Filling Station Ltd
MERCH_RECEIPT_SEQ_NR760,1=611100993350
PMP760,1=4
PUMP_MODE760,1=1,1,1
NOZZLE760,1=3
NDATI760,1=20200124153243
START_DATE760,1=20200124153028
PRI760,1=1.299
BASEPRI760,1=1.299
QTY760,1=56.06
QTYUNIT760,1=2
GAMT760,1=72.82
AMT760,1=72.82
UGAMT760,1=72.82
UAMT760,1=72.82
PLU760,1=3
NAM760,1=FuelSave Dsl
GRP760,1=59
CRD760,1=425
EXTREF760,1=FuelSave Dsl
ART_MERCH_ID760,1=A
EXC760,1=72.82
INC760,1=72.82
NQUA_CHANGEABLE760,1=1503075.36
CPPAN760,1=700205*******400035
MOP760,1=6
MOP_ADDX760,1=50
MOP_ADDY760,1=1
ROP760,1=1
PM760,1=949
PSUB760,1=1
PA760,1=72.82
SLSTOT760=72.82
TYP761=2
DATI761=20200124153400
STATION_NR761=6111
SHF761=4615
ACC_REP_NR761=1177
OPID761=7
REF761=1179110343
SEQ761=1179110738262
SAFTDATI761=20200124153400
LCUR761=10
REPL761=2
MERCH_ID761,1=A
MERCH_NAME761,1=Discovery Filling Station Ltd
MERCH_RECEIPT_SEQ_NR761,1=611100993351
PMP761,1=3
PUMP_MODE761,1=1,1,1
NOZZLE761,1=1
NDATI761,1=20200124153336
START_DATE761,1=20200124153304
PRI761,1=1.249
BASEPRI761,1=1.249
QTY761,1=8.01
QTYUNIT761,1=2
GAMT761,1=10.00
AMT761,1=10.00
UGAMT761,1=10.00
UAMT761,1=10.00
PLU761,1=6
NAM761,1=FuelSave Unl
GRP761,1=59
CRD761,1=325
EXTREF761,1=FuelSave Unl
ART_MERCH_ID761,1=A
EXC761,1=10.00
INC761,1=10.00
NQUA_CHANGEABLE761,1=1194766.11
MOP761,1=1
MOP_ADDX761,1=10
ROP761,1=1
PM761,1=110
PA761,1=10.00
SLSTOT761=10.00
TYP762=2
DATI762=20200124153444
STATION_NR762=6111
SHF762=2728
ACC_REP_NR762=1177
OPID762=12
REF762=1179120307
SEQ762=1179120275122
SAFTDATI762=20200124153444
LCUR762=10
REPL762=2
MERCH_ID762,1=A
MERCH_NAME762,1=Discovery Filling Station Ltd
MERCH_RECEIPT_SEQ_NR762,1=611100993352
PRI762,1=2.50
UPR762,1=2.50
QTY762,1=1.00
QTYUNIT762,1=1
GAMT762,1=2.50
AMT762,1=2.50
UGAMT762,1=2.50
UAMT762,1=2.50
PLU762,1=2083800000003
NAM762,1=LOTTERY
GRP762,1=LOTTERY ONLINE
CRD762,1=9500
ART_MERCH_ID762,1=A
EXC762,1=2.50
INC762,1=2.50
PRI762,2=1.00
UPR762,2=1.00
QTY762,2=1.00
QTYUNIT762,2=1
GAMT762,2=1.00
AMT762,2=0.80
UGAMT762,2=1.00
UAMT762,2=0.80
PLU762,2=5010438012495
NAM762,2=VIMTO FIZZY
GRP762,2=DRINKS
CRD762,2=3119
DSCT762,2=8
DNAM762,2=Discount on total
DSC762,2=0.20
ART_MERCH_ID762,2=A
PRC762,2=20.00
VAMT762,2=0.13
EXC762,2=0.67
INC762,2=0.80
MOP762,1=1
MOP_ADDX762,1=10
ROP762,1=1
PM762,1=110
PA762,1=5.00
MOP762,2=1
MOP_ADDX762,2=10
ROP762,2=2
PM762,2=5110
PA762,2=-1.70
SLSTOT762=3.30
TYP763=2
DATI763=20200124153602
STATION_NR763=6111
SHF763=4615
ACC_REP_NR763=1177
OPID763=7
REF763=1179110344
SEQ763=1179110738263
SAFTDATI763=20200124153602
LCUR763=10
REPL763=2
MERCH_ID763,1=A
MERCH_NAME763,1=Discovery Filling Station Ltd
MERCH_RECEIPT_SEQ_NR763,1=611100993353
PRI763,1=1.89
UPR763,1=1.89
QTY763,1=1.00
QTYUNIT763,1=1
GAMT763,1=1.89
AMT763,1=1.89
UGAMT763,1=1.89
UAMT763,1=1.89
PLU763,1=5055109260706
NAM763,1=CLARKS STANDARD FILL
GRP763,1=SANDWICHES
CRD763,1=6000
ART_MERCH_ID763,1=A
EXC763,1=1.89
INC763,1=1.89
PRI763,2=2.59
UPR763,2=2.59
QTY763,2=1.00
QTYUNIT763,2=1
GAMT763,2=2.59
AMT763,2=2.59
UGAMT763,2=2.59
UAMT763,2=2.59
PLU763,2=5055109260041
NAM763,2=CLARKS PREMIUM FILL
GRP763,2=CHILLED FOOD
CRD763,2=3400
ART_MERCH_ID763,2=A
EXC763,2=2.59
INC763,2=2.59
PRI763,3=1.52
UPR763,3=1.52
QTY763,3=1.00
QTYUNIT763,3=1
GAMT763,3=1.52
AMT763,3=1.52
UGAMT763,3=1.52
UAMT763,3=1.52
PLU763,3=5054267000216
NAM763,3=LUCOZADE ORANGE 500M
GRP763,3=DRINKS
CRD763,3=3119
ART_MERCH_ID763,3=A
PRC763,3=20.00
VAMT763,3=0.25
EXC763,3=1.27
INC763,3=1.52
PRI763,4=1.52
UPR763,4=1.52
QTY763,4=1.00
QTYUNIT763,4=1
GAMT763,4=1.52
AMT763,4=1.52
UGAMT763,4=1.52
UAMT763,4=1.52
PLU763,4=5054267000216
NAM763,4=LUCOZADE ORANGE 500M
GRP763,4=DRINKS
CRD763,4=3119
ART_MERCH_ID763,4=A
PRC763,4=20.00
VAMT763,4=0.25
EXC763,4=1.27
INC763,4=1.52
PRI763,5=1.00
UPR763,5=1.00
QTY763,5=1.00
QTYUNIT763,5=1
GAMT763,5=1.00
AMT763,5=1.00
UGAMT763,5=1.00
UAMT763,5=1.00
PLU763,5=5000328141626
NAM763,5=WLKRS C&O
GRP763,5=CRISPS
CRD763,5=3219
ART_MERCH_ID763,5=A
PRC763,5=20.00
VAMT763,5=0.17
EXC763,5=0.83
INC763,5=1.00
MOP763,1=1
MOP_ADDX763,1=10
ROP763,1=1
PM763,1=110
PA763,1=8.52
SLSTOT763=8.52
TYP764=2
DATI764=20200124153626
STATION_NR764=6111
SHF764=4615
ACC_REP_NR764=1177
OPID764=7
REF764=1179110345
SEQ764=1179110738264
SAFTDATI764=20200124153626
LCUR764=10
REPL764=2
MERCH_ID764,1=A
MERCH_NAME764,1=Discovery Filling Station Ltd
MERCH_RECEIPT_SEQ_NR764,1=611100993354
PMP764,1=1
PUMP_MODE764,1=1,1,1
NOZZLE764,1=1
NDATI764,1=20200124153506
START_DATE764,1=20200124153229
PRI764,1=1.249
BASEPRI764,1=1.249
QTY764,1=9.41
QTYUNIT764,1=2
GAMT764,1=11.75
AMT764,1=11.75
UGAMT764,1=11.75
UAMT764,1=11.75
PLU764,1=6
NAM764,1=FuelSave Unl
GRP764,1=59
CRD764,1=325
EXTREF764,1=FuelSave Unl
ART_MERCH_ID764,1=A
EXC764,1=11.75
INC764,1=11.75
NQUA_CHANGEABLE764,1=662429.65
MOP764,1=1
MOP_ADDX764,1=10
ROP764,1=1
PM764,1=110
PA764,1=11.75
SLSTOT764=11.75
TYP765=2
DATI765=20200124153645
STATION_NR765=6111
SHF765=4615
ACC_REP_NR765=1177
OPID765=7
REF765=1179110346
SEQ765=1179110738265
SAFTDATI765=20200124153645
LCUR765=10
PAN765=706650******606
MERCH_ID765,1=A
MERCH_NAME765,1=Discovery Filling Station Ltd
MERCH_RECEIPT_SEQ_NR765,1=611100993355
PMP765,1=6
PUMP_MODE765,1=1,1,1
NOZZLE765,1=2
NDATI765,1=20200124153557
START_DATE765,1=20200124153448
PRI765,1=1.299
BASEPRI765,1=1.299
QTY765,1=24.63
QTYUNIT765,1=2
GAMT765,1=31.99
AMT765,1=31.99
UGAMT765,1=31.99
UAMT765,1=31.99
PLU765,1=3
NAM765,1=FuelSave Dsl
GRP765,1=59
CRD765,1=425
EXTREF765,1=FuelSave Dsl
ART_MERCH_ID765,1=A
EXC765,1=31.99
INC765,1=31.99
NQUA_CHANGEABLE765,1=1186968.34
CPPAN765,1=706650******606
MOP765,1=6
MOP_ADDX765,1=50
MOP_ADDY765,1=10
ROP765,1=1
PM765,1=949
PSUB765,1=10
PA765,1=31.99
SLSTOT765=31.99
TYP766=2
DATI766=20200124153715
STATION_NR766=6111
SHF766=2728
ACC_REP_NR766=1177
OPID766=12
REF766=1179120308
SEQ766=1179120275123
SAFTDATI766=20200124153715
LCUR766=10
PAN766=476365*******495
MERCH_ID766,1=A
MERCH_NAME766,1=Discovery Filling Station Ltd
MERCH_RECEIPT_SEQ_NR766,1=611100993356
PRI766,1=1.35
UPR766,1=1.35
QTY766,1=1.00
QTYUNIT766,1=1
GAMT766,1=1.35
AMT766,1=1.35
UGAMT766,1=1.35
UAMT766,1=1.35
PLU766,1=5060517885397
NAM766,1=MONSTER
GRP766,1=DRINKS
CRD766,1=3119
ART_MERCH_ID766,1=A
PRC766,1=20.00
VAMT766,1=0.22
EXC766,1=1.13
INC766,1=1.35
PRI766,2=1.60
UPR766,2=1.60
QTY766,2=1.00
QTYUNIT766,2=1
GAMT766,2=1.60
AMT766,2=1.60
UGAMT766,2=1.60
UAMT766,2=1.60
PLU766,2=490406
NAM766,2=CLARKS MACARONI CHEE
GRP766,2=CHILLED FOOD
CRD766,2=3400
ART_MERCH_ID766,2=A
EXC766,2=1.60
INC766,2=1.60
PRI766,3=1.39
UPR766,3=1.39
QTY766,3=1.00
QTYUNIT766,3=1
GAMT766,3=1.39
AMT766,3=1.39
UGAMT766,3=1.39
UAMT766,3=1.39
PLU766,3=5060639123025
NAM766,3=MONSTER
GRP766,3=DRINKS
CRD766,3=3119
ART_MERCH_ID766,3=A
PRC766,3=20.00
VAMT766,3=0.23
EXC766,3=1.16
INC766,3=1.39
PRI766,4=1.00
UPR766,4=1.00
QTY766,4=1.00
QTYUNIT766,4=1
GAMT766,4=1.00
AMT766,4=1.00
UGAMT766,4=1.00
UAMT766,4=1.00
PLU766,4=5020379124607
NAM766,4=HS SALTED CA
GRP766,4=CRISPS
CRD766,4=3219
ART_MERCH_ID766,4=A
PRC766,4=20.00
VAMT766,4=0.17
EXC766,4=0.83
INC766,4=1.00
PRI766,5=1.00
UPR766,5=1.00
QTY766,5=1.00
QTYUNIT766,5=1
GAMT766,5=1.00
AMT766,5=1.00
UGAMT766,5=1.00
UAMT766,5=1.00
PLU766,5=5020379124607
NAM766,5=HS SALTED CA
GRP766,5=CRISPS
CRD766,5=3219
ART_MERCH_ID766,5=A
PRC766,5=20.00
VAMT766,5=0.17
EXC766,5=0.83
INC766,5=1.00
PRI766,6=5.00
UPR766,6=5.00
QTY766,6=1.00
QTYUNIT766,6=1
GAMT766,6=5.00
AMT766,6=5.00
UGAMT766,6=5.00
UAMT766,6=5.00
PLU766,6=5031390115376
NAM766,6=20X CASH
GRP766,6=LOTTERY SRATCHC
CRD766,6=9500
ART_MERCH_ID766,6=A
EXC766,6=5.00
INC766,6=5.00
PRI766,7=5.00
UPR766,7=5.00
QTY766,7=1.00
QTYUNIT766,7=1
GAMT766,7=5.00
AMT766,7=5.00
UGAMT766,7=5.00
UAMT766,7=5.00
PLU766,7=5031390115451
NAM766,7=BINGO MILLIONAIRE 5
GRP766,7=LOTTERY SRATCHC
CRD766,7=9500
ART_MERCH_ID766,7=A
EXC766,7=5.00
INC766,7=5.00
CPPAN766,1=476365*******495
MOP766,1=6
MOP_ADDX766,1=50
MOP_ADDY766,1=12
ROP766,1=1
PM766,1=949
PSUB766,1=12
PA766,1=16.34
SLSTOT766=16.34
TYP767=21
SPEC_TYPE767=13
DATI767=20200124153736
STATION_NR767=6111
SHF767=4615
OPID767=7
SPEC_ADDD767=Open cash drawer
TYP768=2
DATI768=20200124153747
STATION_NR768=6111
SHF768=4615
ACC_REP_NR768=1177
OPID768=7
REF768=1179110347
SEQ768=1179110738266
SAFTDATI768=20200124153747
LCUR768=10
PAN768=557351*******033
MERCH_ID768,1=A
MERCH_NAME768,1=Discovery Filling Station Ltd
MERCH_RECEIPT_SEQ_NR768,1=611100993357
PMP768,1=3
PUMP_MODE768,1=1,1,1
NOZZLE768,1=1
NDATI768,1=20200124153657
START_DATE768,1=20200124153605
PRI768,1=1.249
BASEPRI768,1=1.249
QTY768,1=8.01
QTYUNIT768,1=2
GAMT768,1=10.00
AMT768,1=10.00
UGAMT768,1=10.00
UAMT768,1=10.00
PLU768,1=6
NAM768,1=FuelSave Unl
GRP768,1=59
CRD768,1=325
EXTREF768,1=FuelSave Unl
ART_MERCH_ID768,1=A
EXC768,1=10.00
INC768,1=10.00
NQUA_CHANGEABLE768,1=1194774.12
CPPAN768,1=557351*******033
MOP768,1=6
MOP_ADDX768,1=50
MOP_ADDY768,1=14
ROP768,1=1
PM768,1=949
PSUB768,1=14
PA768,1=10.00
SLSTOT768=10.00
TYP769=2
DATI769=20200124153748
STATION_NR769=6111
SHF769=2728
ACC_REP_NR769=1177
OPID769=12
REF769=1179120309
SEQ769=1179120275124
SAFTDATI769=20200124153748
LCUR769=10
PAN769=481878*******819
MERCH_ID769,1=A
MERCH_NAME769,1=Discovery Filling Station Ltd
MERCH_RECEIPT_SEQ_NR769,1=611100993358
PMP769,1=5
PUMP_MODE769,1=1,1,1
NOZZLE769,1=1
NDATI769,1=20200124153642
START_DATE769,1=20200124153601
PRI769,1=1.249
BASEPRI769,1=1.249
QTY769,1=15.99
QTYUNIT769,1=2
GAMT769,1=19.97
AMT769,1=19.97
UGAMT769,1=19.97
UAMT769,1=19.97
PLU769,1=6
NAM769,1=FuelSave Unl
GRP769,1=59
CRD769,1=325
EXTREF769,1=FuelSave Unl
ART_MERCH_ID769,1=A
EXC769,1=19.97
INC769,1=19.97
NQUA_CHANGEABLE769,1=1062576.08
PRI769,2=0.80
UPR769,2=0.80
QTY769,2=1.00
QTYUNIT769,2=1
GAMT769,2=0.80
AMT769,2=0.80
UGAMT769,2=0.80
UAMT769,2=0.80
PLU769,2=7622300743703
NAM769,2=CADBURY DAIRY MILK C
GRP769,2=CONFECTIONERY
CRD769,2=3119
ART_MERCH_ID769,2=A
PRC769,2=20.00
VAMT769,2=0.13
EXC769,2=0.67
INC769,2=0.80
CPPAN769,1=481878*******819
MOP769,1=6
MOP_ADDX769,1=50
MOP_ADDY769,1=13
ROP769,1=1
PM769,1=949
PSUB769,1=13
PA769,1=20.77
SLSTOT769=20.77
TYP770=2
DATI770=20200124153843
STATION_NR770=6111
SHF770=4615
ACC_REP_NR770=1177
OPID770=7
REF770=1179110348
SEQ770=1179110738267
SAFTDATI770=20200124153843
LCUR770=10
REPL770=2
MERCH_ID770,1=A
MERCH_NAME770,1=Discovery Filling Station Ltd
MERCH_RECEIPT_SEQ_NR770,1=611100993359
PMP770,1=4
PUMP_MODE770,1=1,1,1
NOZZLE770,1=1
NDATI770,1=20200124153814
START_DATE770,1=20200124153715
PRI770,1=1.249
BASEPRI770,1=1.249
QTY770,1=24.02
QTYUNIT770,1=2
GAMT770,1=30.00
AMT770,1=30.00
UGAMT770,1=30.00
UAMT770,1=30.00
PLU770,1=6
NAM770,1=FuelSave Unl
GRP770,1=59
CRD770,1=325
EXTREF770,1=FuelSave Unl
ART_MERCH_ID770,1=A
EXC770,1=30.00
INC770,1=30.00
NQUA_CHANGEABLE770,1=708683.15
MOP770,1=1
MOP_ADDX770,1=10
ROP770,1=1
PM770,1=110
PA770,1=30.00
SLSTOT770=30.00
TYP771=21
SPEC_TYPE771=3
DATI771=20200124153857
STATION_NR771=6111
SHF771=4615
OPID771=7
LREF771=1179110349
SPEC_ID771=3
SPEC_NAME771=FuelSave Dsl
SPEC_QUA771=15.40
SPEC_PRI771=1.299
SPEC_AMT771=20.00
SPEC_ADDD771=1
TYP772=21
SPEC_TYPE772=14
DATI772=20200124153916
STATION_NR772=6111
SHF772=4615
OPID772=7
LREF772=1179110350
SPEC_ID772=1003
SPEC_NAME772=PAYPOINT
SPEC_ITYP772=1
SPEC_QUA772=1.00
SPEC_PRI772=10.00
SPEC_AMT772=10.00
TYP773=2
DATI773=20200124153927
STATION_NR773=6111
SHF773=4615
ACC_REP_NR773=1177
OPID773=7
REF773=1179110350
SEQ773=1179110738268
SAFTDATI773=20200124153927
LCUR773=10
PAN773=557436*******184
MERCH_ID773,1=A
MERCH_NAME773,1=Discovery Filling Station Ltd
MERCH_RECEIPT_SEQ_NR773,1=611100993360
PMP773,1=1
PUMP_MODE773,1=1,1,1
NOZZLE773,1=2
NDATI773,1=20200124153837
START_DATE773,1=20200124153755
PRI773,1=1.299
BASEPRI773,1=1.299
QTY773,1=15.40
QTYUNIT773,1=2
GAMT773,1=20.00
AMT773,1=20.00
UGAMT773,1=20.00
UAMT773,1=20.00
PLU773,1=3
NAM773,1=FuelSave Dsl
GRP773,1=59
CRD773,1=425
EXTREF773,1=FuelSave Dsl
ART_MERCH_ID773,1=A
EXC773,1=20.00
INC773,1=20.00
NQUA_CHANGEABLE773,1=826028.64
PRI773,2=14.50
UPR773,2=14.50
QTY773,2=1.00
QTYUNIT773,2=1
GAMT773,2=14.50
AMT773,2=14.50
UGAMT773,2=14.50
UAMT773,2=14.50
PLU773,2=5000435010778
NAM773,2=GOLDEN VIRGINIA 30G
GRP773,2=TOBACCO
CRD773,2=4019
ART_MERCH_ID773,2=A
PRC773,2=20.00
VAMT773,2=2.42
EXC773,2=12.08
INC773,2=14.50
PRI773,3=10.00
UPR773,3=10.00
QTY773,3=1.00
QTYUNIT773,3=1
GAMT773,3=10.00
AMT773,3=10.00
UGAMT773,3=10.00
UAMT773,3=10.00
PLU773,3=1003
NAM773,3=PAYPOINT
GRP773,3=STAMPS & PHONE
CRD773,3=9019
ART_MERCH_ID773,3=A
EXC773,3=10.00
INC773,3=10.00
CPPAN773,1=557436*******184
MOP773,1=6
MOP_ADDX773,1=50
MOP_ADDY773,1=14
ROP773,1=1
PM773,1=949
PSUB773,1=14
PA773,1=44.50
SLSTOT773=44.50
TYP774=21
SPEC_TYPE774=13
DATI774=20200124153952
STATION_NR774=6111
SHF774=2728
OPID774=12
SPEC_ADDD774=Open cash drawer
TYP775=2
DATI775=20200124154241
STATION_NR775=6111
SHF775=4615
ACC_REP_NR775=1177
OPID775=7
REF775=1179110351
SEQ775=1179110738269
SAFTDATI775=20200124154241
LCUR775=10
PAN775=471530*******956
MERCH_ID775,1=A
MERCH_NAME775,1=Discovery Filling Station Ltd
MERCH_RECEIPT_SEQ_NR775,1=611100993361
PMP775,1=4
PUMP_MODE775,1=1,1,1
NOZZLE775,1=3
NDATI775,1=20200124154223
START_DATE775,1=20200124153956
PRI775,1=1.299
BASEPRI775,1=1.299
QTY775,1=73.39
QTYUNIT775,1=2
GAMT775,1=95.33
AMT775,1=95.33
UGAMT775,1=95.33
UAMT775,1=95.33
PLU775,1=3
NAM775,1=FuelSave Dsl
GRP775,1=59
CRD775,1=425
EXTREF775,1=FuelSave Dsl
ART_MERCH_ID775,1=A
EXC775,1=95.33
INC775,1=95.33
NQUA_CHANGEABLE775,1=1503148.75
CPPAN775,1=471530*******956
MOP775,1=6
MOP_ADDX775,1=50
MOP_ADDY775,1=7
ROP775,1=1
PM775,1=949
PSUB775,1=7
PA775,1=95.33
SLSTOT775=95.33
TYP776=2
DATI776=20200124154432
STATION_NR776=6111
SHF776=4615
ACC_REP_NR776=1177
OPID776=7
REF776=1179110352
SEQ776=1179110738270
SAFTDATI776=20200124154432
LCUR776=10
PAN776=540242*******774
MERCH_ID776,1=A
MERCH_NAME776,1=Discovery Filling Station Ltd
MERCH_RECEIPT_SEQ_NR776,1=611100993362
PMP776,1=2
PUMP_MODE776,1=1,1,1
NOZZLE776,1=1
NDATI776,1=20200124154357
START_DATE776,1=20200124154219
PRI776,1=1.249
BASEPRI776,1=1.249
QTY776,1=40.00
QTYUNIT776,1=2
GAMT776,1=49.96
AMT776,1=49.96
UGAMT776,1=49.96
UAMT776,1=49.96
PLU776,1=6
NAM776,1=FuelSave Unl
GRP776,1=59
CRD776,1=325
EXTREF776,1=FuelSave Unl
ART_MERCH_ID776,1=A
EXC776,1=49.96
INC776,1=49.96
NQUA_CHANGEABLE776,1=570910.99
CPPAN776,1=540242*******774
MOP776,1=6
MOP_ADDX776,1=50
MOP_ADDY776,1=15
ROP776,1=1
PM776,1=949
PSUB776,1=15
PA776,1=49.96
SLSTOT776=49.96
TYP777=2
DATI777=20200124154533
STATION_NR777=6111
SHF777=4615
ACC_REP_NR777=1177
OPID777=7
REF777=1179110353
SEQ777=1179110738271
SAFTDATI777=20200124154533
LCUR777=10
PAN777=465859*******019
MERCH_ID777,1=A
MERCH_NAME777,1=Discovery Filling Station Ltd
MERCH_RECEIPT_SEQ_NR777,1=611100993363
PRI777,1=18.15
UPR777,1=18.15
QTY777,1=1.00
QTYUNIT777,1=1
GAMT777,1=18.15
AMT777,1=18.15
UGAMT777,1=18.15
UAMT777,1=18.15
PLU777,1=5000435010747
NAM777,1=GOLD LEAF 50G
GRP777,1=TOBACCO
CRD777,1=4019
ART_MERCH_ID777,1=A
PRC777,1=20.00
VAMT777,1=3.02
EXC777,1=15.13
INC777,1=18.15
PRI777,2=1.05
UPR777,2=1.05
QTY777,2=1.00
QTYUNIT777,2=1
GAMT777,2=1.05
AMT777,2=1.05
UGAMT777,2=1.05
UAMT777,2=1.05
PLU777,2=50226894
NAM777,2=SWAN EXT SLIM FILTER
GRP777,2=TOBACCO SUNDRIE
CRD777,2=4019
ART_MERCH_ID777,2=A
PRC777,2=20.00
VAMT777,2=0.17
EXC777,2=0.88
INC777,2=1.05
CPPAN777,1=465859*******019
MOP777,1=6
MOP_ADDX777,1=50
MOP_ADDY777,1=12
ROP777,1=1
PM777,1=949
PSUB777,1=12
PA777,1=19.20
SLSTOT777=19.20
TYP778=2
DATI778=20200124154637
STATION_NR778=6111
SHF778=4615
ACC_REP_NR778=1177
OPID778=7
REF778=1179110354
SEQ778=1179110738272
SAFTDATI778=20200124154637
LCUR778=10
PAN778=557351*******201
MERCH_ID778,1=A
MERCH_NAME778,1=Discovery Filling Station Ltd
MERCH_RECEIPT_SEQ_NR778,1=611100993364
PRI778,1=7.50
UPR778,1=7.50
QTY778,1=1.00
QTYUNIT778,1=1
GAMT778,1=7.50
AMT778,1=7.50
UGAMT778,1=7.50
UAMT778,1=7.50
PLU778,1=2083800000003
NAM778,1=LOTTERY
GRP778,1=LOTTERY ONLINE
CRD778,1=9500
ART_MERCH_ID778,1=A
EXC778,1=7.50
INC778,1=7.50
CPPAN778,1=557351*******201
MOP778,1=6
MOP_ADDX778,1=50
MOP_ADDY778,1=14
ROP778,1=1
PM778,1=949
PSUB778,1=14
PA778,1=7.50
SLSTOT778=7.50
TYP779=2
DATI779=20200124154816
STATION_NR779=6111
SHF779=4615
ACC_REP_NR779=1177
OPID779=7
REF779=1179110355
SEQ779=1179110738273
SAFTDATI779=20200124154816
LCUR779=10
REPL779=2
MERCH_ID779,1=A
MERCH_NAME779,1=Discovery Filling Station Ltd
MERCH_RECEIPT_SEQ_NR779,1=611100993365
PMP779,1=3
PUMP_MODE779,1=1,1,1
NOZZLE779,1=1
NDATI779,1=20200124154754
START_DATE779,1=20200124154716
PRI779,1=1.249
BASEPRI779,1=1.249
QTY779,1=16.06
QTYUNIT779,1=2
GAMT779,1=20.06
AMT779,1=20.06
UGAMT779,1=20.06
UAMT779,1=20.06
PLU779,1=6
NAM779,1=FuelSave Unl
GRP779,1=59
CRD779,1=325
EXTREF779,1=FuelSave Unl
ART_MERCH_ID779,1=A
EXC779,1=20.06
INC779,1=20.06
NQUA_CHANGEABLE779,1=1194790.18
MOP779,1=1
MOP_ADDX779,1=10
ROP779,1=1
PM779,1=110
PA779,1=20.06
SLSTOT779=20.06
TYP780=2
DATI780=20200124154835
STATION_NR780=6111
SHF780=2728
ACC_REP_NR780=1177
OPID780=12
REF780=1179120310
SEQ780=1179120275125
SAFTDATI780=20200124154835
LCUR780=10
PAN780=557435*******369
MERCH_ID780,1=A
MERCH_NAME780,1=Discovery Filling Station Ltd
MERCH_RECEIPT_SEQ_NR780,1=611100993366
PRI780,1=5.00
UPR780,1=5.00
QTY780,1=1.00
QTYUNIT780,1=1
GAMT780,1=5.00
AMT780,1=5.00
UGAMT780,1=5.00
UAMT780,1=5.00
PLU780,1=5031390115376
NAM780,1=20X CASH
GRP780,1=LOTTERY SRATCHC
CRD780,1=9500
ART_MERCH_ID780,1=A
EXC780,1=5.00
INC780,1=5.00
CPPAN780,1=557435*******369
MOP780,1=6
MOP_ADDX780,1=50
MOP_ADDY780,1=14
ROP780,1=1
PM780,1=949
PSUB780,1=14
PA780,1=5.00
SLSTOT780=5.00
TYP781=2
DATI781=20200124154926
STATION_NR781=6111
SHF781=4615
ACC_REP_NR781=1177
OPID781=7
REF781=1179110356
SEQ781=1179110738274
SAFTDATI781=20200124154926
LCUR781=10
REPL781=2
MERCH_ID781,1=A
MERCH_NAME781,1=Discovery Filling Station Ltd
MERCH_RECEIPT_SEQ_NR781,1=611100993367
PMP781,1=2
PUMP_MODE781,1=1,1,1
NOZZLE781,1=2
NDATI781,1=20200124154903
START_DATE781,1=20200124154830
PRI781,1=1.299
BASEPRI781,1=1.299
QTY781,1=7.72
QTYUNIT781,1=2
GAMT781,1=10.03
AMT781,1=10.03
UGAMT781,1=10.03
UAMT781,1=10.03
PLU781,1=3
NAM781,1=FuelSave Dsl
GRP781,1=59
CRD781,1=425
EXTREF781,1=FuelSave Dsl
ART_MERCH_ID781,1=A
EXC781,1=10.03
INC781,1=10.03
NQUA_CHANGEABLE781,1=1555394.37
MOP781,1=1
MOP_ADDX781,1=10
ROP781,1=1
PM781,1=110
PA781,1=10.03
SLSTOT781=10.03
TYP782=2
DATI782=20200124154931
STATION_NR782=6111
SHF782=2728
ACC_REP_NR782=1177
OPID782=12
REF782=1179120311
SEQ782=1179120275126
SAFTDATI782=20200124154931
LCUR782=10
PAN782=476223*******615
MERCH_ID782,1=A
MERCH_NAME782,1=Discovery Filling Station Ltd
MERCH_RECEIPT_SEQ_NR782,1=611100993368
PMP782,1=1
PUMP_MODE782,1=1,1,1
NOZZLE782,1=2
NDATI782,1=20200124154909
START_DATE782,1=20200124154833
PRI782,1=1.299
BASEPRI782,1=1.299
QTY782,1=7.71
QTYUNIT782,1=2
GAMT782,1=10.02
AMT782,1=10.02
UGAMT782,1=10.02
UAMT782,1=10.02
PLU782,1=3
NAM782,1=FuelSave Dsl
GRP782,1=59
CRD782,1=425
EXTREF782,1=FuelSave Dsl
ART_MERCH_ID782,1=A
EXC782,1=10.02
INC782,1=10.02
NQUA_CHANGEABLE782,1=826036.35
CPPAN782,1=476223*******615
MOP782,1=6
MOP_ADDX782,1=50
MOP_ADDY782,1=12
ROP782,1=1
PM782,1=949
PSUB782,1=12
PA782,1=10.02
SLSTOT782=10.02
TYP783=2
DATI783=20200124155037
STATION_NR783=6111
SHF783=4615
ACC_REP_NR783=1177
OPID783=7
REF783=1179110357
SEQ783=1179110738275
SAFTDATI783=20200124155037
LCUR783=10
PAN783=475139*******500
MERCH_ID783,1=A
MERCH_NAME783,1=Discovery Filling Station Ltd
MERCH_RECEIPT_SEQ_NR783,1=611100993369
PMP783,1=3
PUMP_MODE783,1=1,1,1
NOZZLE783,1=3
NDATI783,1=20200124155019
START_DATE783,1=20200124154916
PRI783,1=1.299
BASEPRI783,1=1.299
QTY783,1=26.94
QTYUNIT783,1=2
GAMT783,1=35.00
AMT783,1=35.00
UGAMT783,1=35.00
UAMT783,1=35.00
PLU783,1=3
NAM783,1=FuelSave Dsl
GRP783,1=59
CRD783,1=425
EXTREF783,1=FuelSave Dsl
ART_MERCH_ID783,1=A
EXC783,1=35.00
INC783,1=35.00
NQUA_CHANGEABLE783,1=1277534.27
CPPAN783,1=475139*******500
MOP783,1=6
MOP_ADDX783,1=50
MOP_ADDY783,1=12
ROP783,1=1
PM783,1=949
PSUB783,1=12
PA783,1=35.00
SLSTOT783=35.00
TYP784=2
DATI784=20200124155151
STATION_NR784=6111
SHF784=4615
ACC_REP_NR784=1177
OPID784=7
REF784=1179110358
SEQ784=1179110738276
SAFTDATI784=20200124155151
LCUR784=10
REPL784=2
MERCH_ID784,1=A
MERCH_NAME784,1=Discovery Filling Station Ltd
MERCH_RECEIPT_SEQ_NR784,1=611100993370
PMP784,1=5
PUMP_MODE784,1=1,1,1
NOZZLE784,1=2
NDATI784,1=20200124155032
START_DATE784,1=20200124154958
PRI784,1=1.299
BASEPRI784,1=1.299
QTY784,1=3.48
QTYUNIT784,1=2
GAMT784,1=4.52
AMT784,1=4.52
UGAMT784,1=4.52
UAMT784,1=4.52
PLU784,1=3
NAM784,1=FuelSave Dsl
GRP784,1=59
CRD784,1=425
EXTREF784,1=FuelSave Dsl
ART_MERCH_ID784,1=A
EXC784,1=4.52
INC784,1=4.52
NQUA_CHANGEABLE784,1=1115212.08
MOP784,1=1
MOP_ADDX784,1=10
ROP784,1=1
PM784,1=110
PA784,1=4.52
SLSTOT784=4.52
TYP785=2
DATI785=20200124155159
STATION_NR785=6111
SHF785=2728
ACC_REP_NR785=1177
OPID785=12
REF785=1179120312
SEQ785=1179120275127
SAFTDATI785=20200124155159
LCUR785=10
PAN785=535562*******546
MERCH_ID785,1=A
MERCH_NAME785,1=Discovery Filling Station Ltd
MERCH_RECEIPT_SEQ_NR785,1=611100993371
PRI785,1=1.59
UPR785,1=1.59
QTY785,1=1.00
QTYUNIT785,1=1
GAMT785,1=1.59
AMT785,1=1.59
UGAMT785,1=1.59
UAMT785,1=1.59
PLU785,1=9002490239565
NAM785,1=RED BULL
GRP785,1=DRINKS
CRD785,1=3119
ART_MERCH_ID785,1=A
PRC785,1=20.00
VAMT785,1=0.26
EXC785,1=1.33
INC785,1=1.59
PRI785,2=1.25
UPR785,2=1.25
QTY785,2=1.00
QTYUNIT785,2=1
GAMT785,2=1.25
AMT785,2=1.25
UGAMT785,2=1.25
UAMT785,2=1.25
PLU785,2=50271207
NAM785,2=BARR IRU-BRU 750ML
GRP785,2=DRINKS
CRD785,2=3119
ART_MERCH_ID785,2=A
PRC785,2=20.00
VAMT785,2=0.21
EXC785,2=1.04
INC785,2=1.25
PRI785,3=1.50
UPR785,3=1.50
QTY785,3=1.00
QTYUNIT785,3=1
GAMT785,3=1.50
AMT785,3=1.50
UGAMT785,3=1.50
UAMT785,3=1.50
PLU785,3=1008
NAM785,3=SOUP
GRP785,3=HOT FOOD
CRD785,3=3119
ART_MERCH_ID785,3=A
EXC785,3=1.50
INC785,3=1.50
CPPAN785,1=535562*******546
MOP785,1=6
MOP_ADDX785,1=50
MOP_ADDY785,1=14
ROP785,1=1
PM785,1=949
PSUB785,1=14
PA785,1=4.34
SLSTOT785=4.34
TYP786=2
DATI786=20200124155300
STATION_NR786=6111
SHF786=4615
ACC_REP_NR786=1177
OPID786=7
REF786=1179110359
SEQ786=1179110738277
SAFTDATI786=20200124155300
LCUR786=10
PAN786=475116*******275
MERCH_ID786,1=A
MERCH_NAME786,1=Discovery Filling Station Ltd
MERCH_RECEIPT_SEQ_NR786,1=611100993372
PMP786,1=2
PUMP_MODE786,1=1,1,1
NOZZLE786,1=2
NDATI786,1=20200124155234
START_DATE786,1=20200124155200
PRI786,1=1.299
BASEPRI786,1=1.299
QTY786,1=4.62
QTYUNIT786,1=2
GAMT786,1=6.00
AMT786,1=6.00
UGAMT786,1=6.00
UAMT786,1=6.00
PLU786,1=3
NAM786,1=FuelSave Dsl
GRP786,1=59
CRD786,1=425
EXTREF786,1=FuelSave Dsl
ART_MERCH_ID786,1=A
EXC786,1=6.00
INC786,1=6.00
NQUA_CHANGEABLE786,1=1555398.99
CPPAN786,1=475116*******275
MOP786,1=6
MOP_ADDX786,1=50
MOP_ADDY786,1=12
ROP786,1=1
PM786,1=949
PSUB786,1=12
PA786,1=6.00
SLSTOT786=6.00
TYP787=21
SPEC_TYPE787=13
DATI787=20200124155331
STATION_NR787=6111
SHF787=4615
OPID787=7
SPEC_ADDD787=Open cash drawer
TYP788=2
DATI788=20200124155523
STATION_NR788=6111
SHF788=4615
ACC_REP_NR788=1177
OPID788=7
REF788=1179110360
SEQ788=1179110738278
SAFTDATI788=20200124155523
LCUR788=10
PAN788=476368*******512
MERCH_ID788,1=A
MERCH_NAME788,1=Discovery Filling Station Ltd
MERCH_RECEIPT_SEQ_NR788,1=611100993373
PMP788,1=6
PUMP_MODE788,1=1,1,1
NOZZLE788,1=2
NDATI788,1=20200124155444
START_DATE788,1=20200124155357
PRI788,1=1.299
BASEPRI788,1=1.299
QTY788,1=15.40
QTYUNIT788,1=2
GAMT788,1=20.00
AMT788,1=20.00
UGAMT788,1=20.00
UAMT788,1=20.00
PLU788,1=3
NAM788,1=FuelSave Dsl
GRP788,1=59
CRD788,1=425
EXTREF788,1=FuelSave Dsl
ART_MERCH_ID788,1=A
EXC788,1=20.00
INC788,1=20.00
NQUA_CHANGEABLE788,1=1186983.74
CPPAN788,1=476368*******512
MOP788,1=6
MOP_ADDX788,1=50
MOP_ADDY788,1=12
ROP788,1=1
PM788,1=949
PSUB788,1=12
PA788,1=20.00
SLSTOT788=20.00
TYP789=2
DATI789=20200124155545
STATION_NR789=6111
SHF789=2728
ACC_REP_NR789=1177
OPID789=12
REF789=1179120313
SEQ789=1179120275128
SAFTDATI789=20200124155545
LCUR789=10
PAN789=475117*******339
MERCH_ID789,1=A
MERCH_NAME789,1=Discovery Filling Station Ltd
MERCH_RECEIPT_SEQ_NR789,1=611100993374
PMP789,1=3
PUMP_MODE789,1=1,1,1
NOZZLE789,1=3
NDATI789,1=20200124155434
START_DATE789,1=20200124155355
PRI789,1=1.299
BASEPRI789,1=1.299
QTY789,1=15.51
QTYUNIT789,1=2
GAMT789,1=20.15
AMT789,1=20.15
UGAMT789,1=20.15
UAMT789,1=20.15
PLU789,1=3
NAM789,1=FuelSave Dsl
GRP789,1=59
CRD789,1=425
EXTREF789,1=FuelSave Dsl
ART_MERCH_ID789,1=A
EXC789,1=20.15
INC789,1=20.15
NQUA_CHANGEABLE789,1=1277549.78
PRI789,2=8.70
UPR789,2=8.70
QTY789,2=1.00
QTYUNIT789,2=1
GAMT789,2=8.70
AMT789,2=8.70
UGAMT789,2=8.70
UAMT789,2=8.70
PLU789,2=5000431027053
NAM789,2=PLAYERS S/K GREEN
GRP789,2=TOBACCO
CRD789,2=4019
ART_MERCH_ID789,2=A
PRC789,2=20.00
VAMT789,2=1.45
EXC789,2=7.25
INC789,2=8.70
CPPAN789,1=475117*******339
MOP789,1=6
MOP_ADDX789,1=50
MOP_ADDY789,1=12
ROP789,1=1
PM789,1=949
PSUB789,1=12
PA789,1=28.85
SLSTOT789=28.85
TYP790=21
SPEC_TYPE790=14
DATI790=20200124155651
STATION_NR790=6111
SHF790=2728
OPID790=12
LREF790=1179120314
SPEC_ID790=5000112644692
SPEC_NAME790=COCA COLA
SPEC_ITYP790=1
SPEC_QUA790=1.00
SPEC_PRI790=1.65
SPEC_AMT790=1.65
SPEC_ADDD790=2.15
TYP791=21
SPEC_TYPE791=14
DATI791=20200124155655
STATION_NR791=6111
SHF791=2728
OPID791=12
LREF791=1179120314
SPEC_ID791=5000112644692
SPEC_NAME791=COCA COLA
SPEC_ITYP791=1
SPEC_QUA791=1.00
SPEC_PRI791=1.65
SPEC_AMT791=1.65
SPEC_ADDD791=2.15
TYP792=2
DATI792=20200124155749
STATION_NR792=6111
SHF792=2728
ACC_REP_NR792=1177
OPID792=12
REF792=1179120314
SEQ792=1179120275129
SAFTDATI792=20200124155749
LCUR792=10
REPL792=2
MERCH_ID792,1=A
MERCH_NAME792,1=Discovery Filling Station Ltd
MERCH_RECEIPT_SEQ_NR792,1=611100993375
PRI792,1=2.99
UPR792,1=2.99
QTY792,1=1.00
QTYUNIT792,1=1
GAMT792,1=2.99
AMT792,1=2.99
UGAMT792,1=2.99
UAMT792,1=2.99
PLU792,1=8001090742803
NAM792,1=BOLD 3 IN 1
GRP792,1=GENERAL GOODS V
CRD792,1=3319
ART_MERCH_ID792,1=A
PRC792,1=20.00
VAMT792,1=0.50
EXC792,1=2.49
INC792,1=2.99
PRI792,2=1.65
UPR792,2=1.65
PROGPRI792,2=2.15
PROGUPR792,2=2.15
QTY792,2=1.00
QTYUNIT792,2=1
GAMT792,2=1.65
AMT792,2=1.65
UGAMT792,2=1.65
UAMT792,2=1.65
PLU792,2=5000112644692
NAM792,2=COCA COLA
GRP792,2=DRINKS
CRD792,2=3119
ART_MERCH_ID792,2=A
PRC792,2=20.00
VAMT792,2=0.27
EXC792,2=1.38
INC792,2=1.65
PRI792,3=1.65
UPR792,3=1.65
PROGPRI792,3=2.15
PROGUPR792,3=2.15
QTY792,3=1.00
QTYUNIT792,3=1
GAMT792,3=1.65
AMT792,3=1.65
UGAMT792,3=1.65
UAMT792,3=1.65
PLU792,3=5000112644692
NAM792,3=COCA COLA
GRP792,3=DRINKS
CRD792,3=3119
ART_MERCH_ID792,3=A
PRC792,3=20.00
VAMT792,3=0.27
EXC792,3=1.38
INC792,3=1.65
PRI792,4=12.04
UPR792,4=12.04
QTY792,4=1.00
QTYUNIT792,4=1
GAMT792,4=12.04
AMT792,4=12.04
UGAMT792,4=12.04
UAMT792,4=12.04
PLU792,4=5000143929720
NAM792,4=B&H KS GOLD
GRP792,4=TOBACCO
CRD792,4=4019
ART_MERCH_ID792,4=A
PRC792,4=20.00
VAMT792,4=2.01
EXC792,4=10.03
INC792,4=12.04
PRI792,5=2.00
UPR792,5=2.00
QTY792,5=1.00
QTYUNIT792,5=1
GAMT792,5=2.00
AMT792,5=2.00
UGAMT792,5=2.00
UAMT792,5=2.00
PLU792,5=5031390115321
NAM792,5=3 WAYS TO WIN
GRP792,5=LOTTERY SRATCHC
CRD792,5=9500
ART_MERCH_ID792,5=A
EXC792,5=2.00
INC792,5=2.00
MOP792,1=1
MOP_ADDX792,1=10
ROP792,1=1
PM792,1=110
PA792,1=20.33
SLSTOT792=20.33
TYP793=2
DATI793=20200124155755
STATION_NR793=6111
SHF793=4615
ACC_REP_NR793=1177
OPID793=7
REF793=1179110361
SEQ793=1179110738279
SAFTDATI793=20200124155755
LCUR793=10
REPL793=2
MERCH_ID793,1=A
MERCH_NAME793,1=Discovery Filling Station Ltd
MERCH_RECEIPT_SEQ_NR793,1=611100993376
QTY793,1=-1.00
QTYUNIT793,1=1
PLU793,1=1003
NAM793,1=PAYPOINT
GRP793,1=STAMPS & PHONE
CRD793,1=9019
ART_MERCH_ID793,1=A
MOP793,1=1
MOP_ADDX793,1=10
ROP793,1=1
PM793,1=110
TYP794=21
SPEC_TYPE794=14
DATI794=20200124155802
STATION_NR794=6111
SHF794=4615
OPID794=7
LREF794=1179110362
SPEC_ID794=1003
SPEC_NAME794=PAYPOINT
SPEC_ITYP794=1
SPEC_QUA794=1.00
SPEC_PRI794=10.00
SPEC_AMT794=10.00
TYP795=2
DATI795=20200124155812
STATION_NR795=6111
SHF795=4615
ACC_REP_NR795=1177
OPID795=7
REF795=1179110362
SEQ795=1179110738280
SAFTDATI795=20200124155812
LCUR795=10
REPL795=2
MERCH_ID795,1=A
MERCH_NAME795,1=Discovery Filling Station Ltd
MERCH_RECEIPT_SEQ_NR795,1=611100993377
PRI795,1=10.00
UPR795,1=10.00
QTY795,1=1.00
QTYUNIT795,1=1
GAMT795,1=10.00
AMT795,1=10.00
UGAMT795,1=10.00
UAMT795,1=10.00
PLU795,1=1003
NAM795,1=PAYPOINT
GRP795,1=STAMPS & PHONE
CRD795,1=9019
ART_MERCH_ID795,1=A
EXC795,1=10.00
INC795,1=10.00
MOP795,1=1
MOP_ADDX795,1=10
ROP795,1=1
PM795,1=110
PA795,1=10.00
SLSTOT795=10.00
TYP796=2
DATI796=20200124160036
STATION_NR796=6111
SHF796=4615
ACC_REP_NR796=1177
OPID796=7
REF796=1179110363
SEQ796=1179110738281
SAFTDATI796=20200124160036
LCUR796=10
PAN796=476223*******220
MERCH_ID796,1=A
MERCH_NAME796,1=Discovery Filling Station Ltd
MERCH_RECEIPT_SEQ_NR796,1=611100993378
PMP796,1=5
PUMP_MODE796,1=1,1,1
NOZZLE796,1=3
NDATI796,1=20200124160003
START_DATE796,1=20200124155830
PRI796,1=1.529
BASEPRI796,1=1.529
QTY796,1=42.51
QTYUNIT796,1=2
GAMT796,1=65.00
AMT796,1=65.00
UGAMT796,1=65.00
UAMT796,1=65.00
PLU796,1=8
NAM796,1=V Power Dsl
GRP796,1=59
CRD796,1=430
EXTREF796,1=V Power Dsl
ART_MERCH_ID796,1=A
EXC796,1=65.00
INC796,1=65.00
NQUA_CHANGEABLE796,1=230542.92
CPPAN796,1=476223*******220
MOP796,1=6
MOP_ADDX796,1=50
MOP_ADDY796,1=12
ROP796,1=1
PM796,1=949
PSUB796,1=12
PA796,1=65.00
SLSTOT796=65.00
TYP797=2
DATI797=20200124160218
STATION_NR797=6111
SHF797=4615
ACC_REP_NR797=1177
OPID797=7
REF797=1179110364
SEQ797=1179110738282
SAFTDATI797=20200124160218
LCUR797=10
REPL797=2
MERCH_ID797,1=A
MERCH_NAME797,1=Discovery Filling Station Ltd
MERCH_RECEIPT_SEQ_NR797,1=611100993379
PRI797,1=6.99
UPR797,1=6.99
QTY797,1=1.00
QTYUNIT797,1=1
GAMT797,1=6.99
AMT797,1=6.99
UGAMT797,1=6.99
UAMT797,1=6.99
PLU797,1=5011846021192
NAM797,1=COMMA TYRE SEAL
GRP797,1=CAR CARE
CRD797,1=2119
ART_MERCH_ID797,1=A
PRC797,1=20.00
VAMT797,1=1.16
EXC797,1=5.83
INC797,1=6.99
MOP797,1=1
MOP_ADDX797,1=10
ROP797,1=1
PM797,1=110
PA797,1=6.99
SLSTOT797=6.99
TYP798=2
DATI798=20200124160305
STATION_NR798=6111
SHF798=4615
ACC_REP_NR798=1177
OPID798=7
REF798=1179110365
SEQ798=1179110738283
SAFTDATI798=20200124160305
LCUR798=10
PAN798=557351*******633
MERCH_ID798,1=A
MERCH_NAME798,1=Discovery Filling Station Ltd
MERCH_RECEIPT_SEQ_NR798,1=611100993380
PRI798,1=8.70
UPR798,1=8.70
QTY798,1=1.00
QTYUNIT798,1=1
GAMT798,1=8.70
AMT798,1=8.70
UGAMT798,1=8.70
UAMT798,1=8.70
PLU798,1=5000431026995
NAM798,1=PLAYERS S/K
GRP798,1=TOBACCO
CRD798,1=4019
ART_MERCH_ID798,1=A
PRC798,1=20.00
VAMT798,1=1.45
EXC798,1=7.25
INC798,1=8.70
CPPAN798,1=557351*******633
MOP798,1=6
MOP_ADDX798,1=50
MOP_ADDY798,1=14
ROP798,1=1
PM798,1=949
PSUB798,1=14
PA798,1=8.70
SLSTOT798=8.70
TYP799=2
DATI799=20200124160424
STATION_NR799=6111
SHF799=2728
ACC_REP_NR799=1177
OPID799=12
REF799=1179120315
SEQ799=1179120275130
SAFTDATI799=20200124160424
LCUR799=10
PAN799=476367*******460
MERCH_ID799,1=A
MERCH_NAME799,1=Discovery Filling Station Ltd
MERCH_RECEIPT_SEQ_NR799,1=611100993381
PRI799,1=0.70
UPR799,1=0.70
QTY799,1=1.00
QTYUNIT799,1=1
GAMT799,1=0.70
AMT799,1=0.70
UGAMT799,1=0.70
UAMT799,1=0.70
PLU799,1=5010052107287
NAM799,1=G/W CHEESE/ONION
GRP799,1=CRISPS
CRD799,1=3219
ART_MERCH_ID799,1=A
PRC799,1=20.00
VAMT799,1=0.12
EXC799,1=0.58
INC799,1=0.70
PRI799,2=0.69
UPR799,2=0.69
QTY799,2=1.00
QTYUNIT799,2=1
GAMT799,2=0.69
AMT799,2=0.69
UGAMT799,2=0.69
UAMT799,2=0.69
PLU799,2=5000112628883
NAM799,2=DIET COKE
GRP799,2=DRINKS
CRD799,2=3119
ART_MERCH_ID799,2=A
PRC799,2=20.00
VAMT799,2=0.11
EXC799,2=0.58
INC799,2=0.69
PRI799,3=1.00
UPR799,3=1.00
QTY799,3=1.00
QTYUNIT799,3=1
GAMT799,3=1.00
AMT799,3=1.00
UGAMT799,3=1.00
UAMT799,3=1.00
PLU799,3=5023823003787
NAM799,3=SOTG CHNKY EGG MAYO
GRP799,3=CHILLED FOOD
CRD799,3=3400
ART_MERCH_ID799,3=A
EXC799,3=1.00
INC799,3=1.00
CPPAN799,1=476367*******460
MOP799,1=6
MOP_ADDX799,1=50
MOP_ADDY799,1=12
ROP799,1=1
PM799,1=949
PSUB799,1=12
PA799,1=2.39
SLSTOT799=2.39
TYP800=2
DATI800=20200124160456
STATION_NR800=6111
SHF800=4615
ACC_REP_NR800=1177
OPID800=7
REF800=1179110366
SEQ800=1179110738284
SAFTDATI800=20200124160456
LCUR800=10
PAN800=700205*******282782
MERCH_ID800,1=A
MERCH_NAME800,1=Discovery Filling Station Ltd
MERCH_RECEIPT_SEQ_NR800,1=611100993382
PMP800,1=4
PUMP_MODE800,1=1,1,1
NOZZLE800,1=3
NDATI800,1=20200124160435
START_DATE800,1=20200124160302
PRI800,1=1.299
BASEPRI800,1=1.299
QTY800,1=41.64
QTYUNIT800,1=2
GAMT800,1=54.09
AMT800,1=54.09
UGAMT800,1=54.09
UAMT800,1=54.09
PLU800,1=3
NAM800,1=FuelSave Dsl
GRP800,1=59
CRD800,1=425
EXTREF800,1=FuelSave Dsl
ART_MERCH_ID800,1=A
EXC800,1=54.09
INC800,1=54.09
NQUA_CHANGEABLE800,1=1503190.39
CPPAN800,1=700205*******282782
MOP800,1=6
MOP_ADDX800,1=50
MOP_ADDY800,1=1
ROP800,1=1
PM800,1=949
PSUB800,1=1
PA800,1=54.09
SLSTOT800=54.09
TYP801=2
DATI801=20200124160553
STATION_NR801=6111
SHF801=2728
ACC_REP_NR801=1177
OPID801=12
REF801=1179120316
SEQ801=1179120275131
SAFTDATI801=20200124160553
LCUR801=10
REPL801=2
MERCH_ID801,1=A
MERCH_NAME801,1=Discovery Filling Station Ltd
MERCH_RECEIPT_SEQ_NR801,1=611100993383
PMP801,1=6
PUMP_MODE801,1=1,1,1
NOZZLE801,1=2
NDATI801,1=20200124160429
START_DATE801,1=20200124160350
PRI801,1=1.299
BASEPRI801,1=1.299
QTY801,1=10.92
QTYUNIT801,1=2
GAMT801,1=14.19
AMT801,1=14.19
UGAMT801,1=14.19
UAMT801,1=14.19
PLU801,1=3
NAM801,1=FuelSave Dsl
GRP801,1=59
CRD801,1=425
EXTREF801,1=FuelSave Dsl
ART_MERCH_ID801,1=A
EXC801,1=14.19
INC801,1=14.19
NQUA_CHANGEABLE801,1=1186994.66
PRI801,2=0.65
UPR801,2=0.65
QTY801,2=1.00
QTYUNIT801,2=1
GAMT801,2=0.65
AMT801,2=0.65
UGAMT801,2=0.65
UAMT801,2=0.65
PLU801,2=5020379150798
NAM801,2=HS ONI RNG
GRP801,2=CRISPS
CRD801,2=3219
ART_MERCH_ID801,2=A
PRC801,2=20.00
VAMT801,2=0.11
EXC801,2=0.54
INC801,2=0.65
PRI801,3=1.50
UPR801,3=1.50
QTY801,3=1.00
QTYUNIT801,3=1
GAMT801,3=1.50
AMT801,3=1.50
UGAMT801,3=1.50
UAMT801,3=1.50
PLU801,3=54491472
NAM801,3=COCA-COLA 500ML
GRP801,3=DRINKS
CRD801,3=3119
ART_MERCH_ID801,3=A
PRC801,3=20.00
VAMT801,3=0.25
EXC801,3=1.25
INC801,3=1.50
MOP801,1=1
MOP_ADDX801,1=10
ROP801,1=1
PM801,1=110
PA801,1=16.50
MOP801,2=1
MOP_ADDX801,2=10
ROP801,2=2
PM801,2=5110
PA801,2=-0.16
SLSTOT801=16.34
TYP802=2
DATI802=20200124160556
STATION_NR802=6111
SHF802=4615
ACC_REP_NR802=1177
OPID802=7
REF802=1179110367
SEQ802=1179110738285
SAFTDATI802=20200124160556
LCUR802=10
PAN802=700205*******001048
MERCH_ID802,1=A
MERCH_NAME802,1=Discovery Filling Station Ltd
MERCH_RECEIPT_SEQ_NR802,1=611100993384
PMP802,1=2
PUMP_MODE802,1=1,1,1
NOZZLE802,1=2
NDATI802,1=20200124160535
START_DATE802,1=20200124160457
PRI802,1=1.299
BASEPRI802,1=1.299
QTY802,1=11.58
QTYUNIT802,1=2
GAMT802,1=15.04
AMT802,1=15.04
UGAMT802,1=15.04
UAMT802,1=15.04
PLU802,1=3
NAM802,1=FuelSave Dsl
GRP802,1=59
CRD802,1=425
EXTREF802,1=FuelSave Dsl
ART_MERCH_ID802,1=A
EXC802,1=15.04
INC802,1=15.04
NQUA_CHANGEABLE802,1=1555410.57
CPPAN802,1=700205*******001048
MOP802,1=6
MOP_ADDX802,1=50
MOP_ADDY802,1=1
ROP802,1=1
PM802,1=949
PSUB802,1=1
PA802,1=15.04
SLSTOT802=15.04
TYP803=2
DATI803=20200124160823
STATION_NR803=6111
SHF803=4615
ACC_REP_NR803=1177
OPID803=7
REF803=1179110368
SEQ803=1179110738286
SAFTDATI803=20200124160823
LCUR803=10
REPL803=2
MERCH_ID803,1=A
MERCH_NAME803,1=Discovery Filling Station Ltd
MERCH_RECEIPT_SEQ_NR803,1=611100993385
PRI803,1=0.79
UPR803,1=0.79
QTY803,1=1.00
QTYUNIT803,1=1
GAMT803,1=0.79
AMT803,1=0.79
UGAMT803,1=0.79
UAMT803,1=0.79
PLU803,1=5000112630633
NAM803,1=COCA COLA
GRP803,1=DRINKS
CRD803,1=3119
ART_MERCH_ID803,1=A
PRC803,1=20.00
VAMT803,1=0.13
EXC803,1=0.66
INC803,1=0.79
MOP803,1=1
MOP_ADDX803,1=10
ROP803,1=1
PM803,1=110
PA803,1=0.79
SLSTOT803=0.79
TYP804=2
DATI804=20200124160911
STATION_NR804=6111
SHF804=4615
ACC_REP_NR804=1177
OPID804=7
REF804=1179110369
SEQ804=1179110738287
SAFTDATI804=20200124160911
LCUR804=10
PAN804=476366*******514
MERCH_ID804,1=A
MERCH_NAME804,1=Discovery Filling Station Ltd
MERCH_RECEIPT_SEQ_NR804,1=611100993386
PRI804,1=1.00
UPR804,1=1.00
QTY804,1=1.00
QTYUNIT804,1=1
GAMT804,1=1.00
AMT804,1=1.00
UGAMT804,1=1.00
UAMT804,1=1.00
PLU804,1=5020379133401
NAM804,1=ES ENERGY
GRP804,1=DRINKS
CRD804,1=3119
ART_MERCH_ID804,1=A
PRC804,1=20.00
VAMT804,1=0.17
EXC804,1=0.83
INC804,1=1.00
PRI804,2=8.70
UPR804,2=8.70
QTY804,2=1.00
QTYUNIT804,2=1
GAMT804,2=8.70
AMT804,2=8.70
UGAMT804,2=8.70
UAMT804,2=8.70
PLU804,2=5000431027572
NAM804,2=L&B KS BLUE 20
GRP804,2=TOBACCO
CRD804,2=4019
ART_MERCH_ID804,2=A
PRC804,2=20.00
VAMT804,2=1.45
EXC804,2=7.25
INC804,2=8.70
CPPAN804,1=476366*******514
MOP804,1=6
MOP_ADDX804,1=50
MOP_ADDY804,1=12
ROP804,1=1
PM804,1=949
PSUB804,1=12
PA804,1=9.70
SLSTOT804=9.70
TYP805=2
DATI805=20200124160959
STATION_NR805=6111
SHF805=4615
ACC_REP_NR805=1177
OPID805=7
REF805=1179110370
SEQ805=1179110738288
SAFTDATI805=20200124160959
LCUR805=10
PAN805=492910*******003
MERCH_ID805,1=A
MERCH_NAME805,1=Discovery Filling Station Ltd
MERCH_RECEIPT_SEQ_NR805,1=611100993387
PMP805,1=3
PUMP_MODE805,1=1,1,1
NOZZLE805,1=3
NDATI805,1=20200124160933
START_DATE805,1=20200124160807
PRI805,1=1.299
BASEPRI805,1=1.299
QTY805,1=38.09
QTYUNIT805,1=2
GAMT805,1=49.48
AMT805,1=49.48
UGAMT805,1=49.48
UAMT805,1=49.48
PLU805,1=3
NAM805,1=FuelSave Dsl
GRP805,1=59
CRD805,1=425
EXTREF805,1=FuelSave Dsl
ART_MERCH_ID805,1=A
EXC805,1=49.48
INC805,1=49.48
NQUA_CHANGEABLE805,1=1277587.87
CPPAN805,1=492910*******003
MOP805,1=6
MOP_ADDX805,1=50
MOP_ADDY805,1=13
ROP805,1=1
PM805,1=949
PSUB805,1=13
PA805,1=49.48
SLSTOT805=49.48
TYP806=2
DATI806=20200124161216
STATION_NR806=6111
SHF806=4615
ACC_REP_NR806=1177
OPID806=7
REF806=1179110371
SEQ806=1179110738289
SAFTDATI806=20200124161216
LCUR806=10
REPL806=2
MERCH_ID806,1=A
MERCH_NAME806,1=Discovery Filling Station Ltd
MERCH_RECEIPT_SEQ_NR806,1=611100993388
PRI806,1=1.09
UPR806,1=1.09
QTY806,1=1.00
QTYUNIT806,1=1
GAMT806,1=1.09
AMT806,1=1.09
UGAMT806,1=1.09
UAMT806,1=1.09
PLU806,1=5054267007932
NAM806,1=LUCOZADE
GRP806,1=DRINKS
CRD806,1=3119
ART_MERCH_ID806,1=A
PRC806,1=20.00
VAMT806,1=0.18
EXC806,1=0.91
INC806,1=1.09
PRI806,2=1.00
UPR806,2=1.00
QTY806,2=1.00
QTYUNIT806,2=1
GAMT806,2=1.00
AMT806,2=1.00
UGAMT806,2=1.00
UAMT806,2=1.00
PLU806,2=5000112599732
NAM806,2=OASIS S/F
GRP806,2=DRINKS
CRD806,2=3119
ART_MERCH_ID806,2=A
PRC806,2=20.00
VAMT806,2=0.17
EXC806,2=0.83
INC806,2=1.00
PRI806,3=1.00
UPR806,3=1.00
QTY806,3=1.00
QTYUNIT806,3=1
GAMT806,3=1.00
AMT806,3=1.00
UGAMT806,3=1.00
UAMT806,3=1.00
PLU806,3=5000112599732
NAM806,3=OASIS S/F
GRP806,3=DRINKS
CRD806,3=3119
ART_MERCH_ID806,3=A
PRC806,3=20.00
VAMT806,3=0.17
EXC806,3=0.83
INC806,3=1.00
PRI806,4=0.65
UPR806,4=0.65
QTY806,4=1.00
QTYUNIT806,4=1
GAMT806,4=0.65
AMT806,4=0.65
UGAMT806,4=0.65
UAMT806,4=0.65
PLU806,4=5033022002269
NAM806,4=ICE VALLEY WATER
GRP806,4=DRINKS
CRD806,4=3119
ART_MERCH_ID806,4=A
PRC806,4=20.00
VAMT806,4=0.11
EXC806,4=0.54
INC806,4=0.65
PRI806,5=0.59
UPR806,5=0.59
QTY806,5=1.00
QTYUNIT806,5=1
GAMT806,5=0.59
AMT806,5=0.59
UGAMT806,5=0.59
UAMT806,5=0.59
PLU806,5=5000328141114
NAM806,5=QUAVERS PM59
GRP806,5=CRISPS
CRD806,5=3219
ART_MERCH_ID806,5=A
PRC806,5=20.00
VAMT806,5=0.10
EXC806,5=0.49
INC806,5=0.59
PRI806,6=0.59
UPR806,6=0.59
QTY806,6=1.00
QTYUNIT806,6=1
GAMT806,6=0.59
AMT806,6=0.59
UGAMT806,6=0.59
UAMT806,6=0.59
PLU806,6=5000328142241
NAM806,6=DORITOS TC
GRP806,6=CRISPS
CRD806,6=3219
ART_MERCH_ID806,6=A
EXC806,6=0.59
INC806,6=0.59
MOP806,1=1
MOP_ADDX806,1=10
ROP806,1=1
PM806,1=110
PA806,1=4.92
SLSTOT806=4.92
TYP807=2
DATI807=20200124161227
STATION_NR807=6111
SHF807=2728
ACC_REP_NR807=1177
OPID807=12
REF807=1179120317
SEQ807=1179120275132
SAFTDATI807=20200124161227
LCUR807=10
REPL807=2
MERCH_ID807,1=A
MERCH_NAME807,1=Discovery Filling Station Ltd
MERCH_RECEIPT_SEQ_NR807,1=611100993389
PMP807,1=4
PUMP_MODE807,1=1,1,1
NOZZLE807,1=1
NDATI807,1=20200124161204
START_DATE807,1=20200124161138
PRI807,1=1.249
BASEPRI807,1=1.249
QTY807,1=4.00
QTYUNIT807,1=2
GAMT807,1=5.00
AMT807,1=5.00
UGAMT807,1=5.00
UAMT807,1=5.00
PLU807,1=6
NAM807,1=FuelSave Unl
GRP807,1=59
CRD807,1=325
EXTREF807,1=FuelSave Unl
ART_MERCH_ID807,1=A
EXC807,1=5.00
INC807,1=5.00
NQUA_CHANGEABLE807,1=708687.15
MOP807,1=1
MOP_ADDX807,1=10
ROP807,1=1
PM807,1=110
PA807,1=5.00
SLSTOT807=5.00
TYP808=2
DATI808=20200124161417
STATION_NR808=6111
SHF808=4615
ACC_REP_NR808=1177
OPID808=7
REF808=1179110372
SEQ808=1179110738290
SAFTDATI808=20200124161417
LCUR808=10
PAN808=476367*******615
MERCH_ID808,1=A
MERCH_NAME808,1=Discovery Filling Station Ltd
MERCH_RECEIPT_SEQ_NR808,1=611100993390
PMP808,1=1
PUMP_MODE808,1=1,1,1
NOZZLE808,1=1
NDATI808,1=20200124161352
START_DATE808,1=20200124161304
PRI808,1=1.249
BASEPRI808,1=1.249
QTY808,1=16.02
QTYUNIT808,1=2
GAMT808,1=20.01
AMT808,1=20.01
UGAMT808,1=20.01
UAMT808,1=20.01
PLU808,1=6
NAM808,1=FuelSave Unl
GRP808,1=59
CRD808,1=325
EXTREF808,1=FuelSave Unl
ART_MERCH_ID808,1=A
EXC808,1=20.01
INC808,1=20.01
NQUA_CHANGEABLE808,1=662445.67
CPPAN808,1=476367*******615
MOP808,1=6
MOP_ADDX808,1=50
MOP_ADDY808,1=12
ROP808,1=1
PM808,1=949
PSUB808,1=12
PA808,1=20.01
SLSTOT808=20.01
TYP809=2
DATI809=20200124161525
STATION_NR809=6111
SHF809=4615
ACC_REP_NR809=1177
OPID809=7
REF809=1179110373
SEQ809=1179110738291
SAFTDATI809=20200124161525
LCUR809=10
REPL809=2
MERCH_ID809,1=A
MERCH_NAME809,1=Discovery Filling Station Ltd
MERCH_RECEIPT_SEQ_NR809,1=611100993391
PMP809,1=2
PUMP_MODE809,1=1,1,1
NOZZLE809,1=2
NDATI809,1=20200124161415
START_DATE809,1=20200124161324
PRI809,1=1.299
BASEPRI809,1=1.299
QTY809,1=9.99
QTYUNIT809,1=2
GAMT809,1=12.98
AMT809,1=12.98
UGAMT809,1=12.98
UAMT809,1=12.98
PLU809,1=3
NAM809,1=FuelSave Dsl
GRP809,1=59
CRD809,1=425
EXTREF809,1=FuelSave Dsl
ART_MERCH_ID809,1=A
EXC809,1=12.98
INC809,1=12.98
NQUA_CHANGEABLE809,1=1555420.56
PRI809,2=2.00
UPR809,2=2.00
QTY809,2=1.00
QTYUNIT809,2=1
GAMT809,2=2.00
AMT809,2=2.00
UGAMT809,2=2.00
UAMT809,2=2.00
PLU809,2=5031390115161
NAM809,2=250.000 BLUE
GRP809,2=LOTTERY SRATCHC
CRD809,2=9500
ART_MERCH_ID809,2=A
EXC809,2=2.00
INC809,2=2.00
MOP809,1=1
MOP_ADDX809,1=10
ROP809,1=1
PM809,1=110
PA809,1=14.98
SLSTOT809=14.98
TYP810=2
DATI810=20200124161536
STATION_NR810=6111
SHF810=4615
ACC_REP_NR810=1177
OPID810=7
REF810=1179110374
SEQ810=1179110738292
SAFTDATI810=20200124161536
LCUR810=10
PAN810=371787******002
MERCH_ID810,1=A
MERCH_NAME810,1=Discovery Filling Station Ltd
MERCH_RECEIPT_SEQ_NR810,1=611100993392
PMP810,1=5
PUMP_MODE810,1=1,1,1
NOZZLE810,1=2
NDATI810,1=20200124161507
START_DATE810,1=20200124161330
PRI810,1=1.299
BASEPRI810,1=1.299
QTY810,1=34.58
QTYUNIT810,1=2
GAMT810,1=44.92
AMT810,1=44.92
UGAMT810,1=44.92
UAMT810,1=44.92
PLU810,1=3
NAM810,1=FuelSave Dsl
GRP810,1=59
CRD810,1=425
EXTREF810,1=FuelSave Dsl
ART_MERCH_ID810,1=A
EXC810,1=44.92
INC810,1=44.92
NQUA_CHANGEABLE810,1=1115246.66
CPPAN810,1=371787******002
MOP810,1=6
MOP_ADDX810,1=50
MOP_ADDY810,1=17
ROP810,1=1
PM810,1=949
PSUB810,1=17
PA810,1=44.92
SLSTOT810=44.92
TYP811=2
DATI811=20200124161611
STATION_NR811=6111
SHF811=2728
ACC_REP_NR811=1177
OPID811=12
REF811=1179120318
SEQ811=1179120275133
SAFTDATI811=20200124161611
LCUR811=10
REPL811=2
MERCH_ID811,1=A
MERCH_NAME811,1=Discovery Filling Station Ltd
MERCH_RECEIPT_SEQ_NR811,1=611100993393
PMP811,1=3
PUMP_MODE811,1=1,1,1
NOZZLE811,1=3
NDATI811,1=20200124161429
START_DATE811,1=20200124161303
PRI811,1=1.299
BASEPRI811,1=1.299
QTY811,1=34.64
QTYUNIT811,1=2
GAMT811,1=45.00
AMT811,1=45.00
UGAMT811,1=45.00
UAMT811,1=45.00
PLU811,1=3
NAM811,1=FuelSave Dsl
GRP811,1=59
CRD811,1=425
EXTREF811,1=FuelSave Dsl
ART_MERCH_ID811,1=A
EXC811,1=45.00
INC811,1=45.00
NQUA_CHANGEABLE811,1=1277622.51
PRI811,2=0.65
UPR811,2=0.65
QTY811,2=1.00
QTYUNIT811,2=1
GAMT811,2=0.65
AMT811,2=0.50
UGAMT811,2=0.65
UAMT811,2=0.50
PLU811,2=5020379150934
NAM811,2=HS SWT PPCRN
GRP811,2=CRISPS
CRD811,2=3219
PRO811,2=MMH1315
DSCT811,2=2
DNAM811,2=H/S 2 FOR 1
DSC811,2=0.15
ART_MERCH_ID811,2=A
PRC811,2=20.00
VAMT811,2=0.08
EXC811,2=0.42
INC811,2=0.50
PRI811,3=0.65
UPR811,3=0.65
QTY811,3=1.00
QTYUNIT811,3=1
GAMT811,3=0.65
AMT811,3=0.50
UGAMT811,3=0.65
UAMT811,3=0.50
PLU811,3=5020379150934
NAM811,3=HS SWT PPCRN
GRP811,3=CRISPS
CRD811,3=3219
PRO811,3=MMH1315
DSCT811,3=2
DNAM811,3=H/S 2 FOR 1
DSC811,3=0.15
ART_MERCH_ID811,3=A
PRC811,3=20.00
VAMT811,3=0.08
EXC811,3=0.42
INC811,3=0.50
PRI811,4=2.50
UPR811,4=2.50
QTY811,4=1.00
QTYUNIT811,4=1
GAMT811,4=2.50
AMT811,4=2.50
UGAMT811,4=2.50
UAMT811,4=2.50
PLU811,4=2083800000003
NAM811,4=LOTTERY
GRP811,4=LOTTERY ONLINE
CRD811,4=9500
ART_MERCH_ID811,4=A
EXC811,4=2.50
INC811,4=2.50
PRI811,5=1.00
UPR811,5=1.00
QTY811,5=1.00
QTYUNIT811,5=1
GAMT811,5=1.00
AMT811,5=1.00
UGAMT811,5=1.00
UAMT811,5=1.00
PLU811,5=2083800000003
NAM811,5=LOTTERY
GRP811,5=LOTTERY ONLINE
CRD811,5=9500
ART_MERCH_ID811,5=A
EXC811,5=1.00
INC811,5=1.00
MOP811,1=1
MOP_ADDX811,1=10
ROP811,1=1
PM811,1=110
PA811,1=50.00
MOP811,2=1
MOP_ADDX811,2=10
ROP811,2=2
PM811,2=5110
PA811,2=-0.50
SLSTOT811=49.50
TYP812=2
DATI812=20200124161602
STATION_NR812=6111
SHF812=4615
ACC_REP_NR812=1177
OPID812=7
REF812=1179110375
SEQ812=1179110738293
SAFTDATI812=20200124161602
LCUR812=10
PAN812=700205*******793887
MERCH_ID812,1=A
MERCH_NAME812,1=Discovery Filling Station Ltd
MERCH_RECEIPT_SEQ_NR812,1=611100993394
PMP812,1=4
PUMP_MODE812,1=1,1,1
NOZZLE812,1=1
NDATI812,1=20200124161524
START_DATE812,1=20200124161425
PRI812,1=1.249
BASEPRI812,1=1.249
QTY812,1=28.02
QTYUNIT812,1=2
GAMT812,1=35.00
AMT812,1=35.00
UGAMT812,1=35.00
UAMT812,1=35.00
PLU812,1=6
NAM812,1=FuelSave Unl
GRP812,1=59
CRD812,1=325
EXTREF812,1=FuelSave Unl
ART_MERCH_ID812,1=A
EXC812,1=35.00
INC812,1=35.00
NQUA_CHANGEABLE812,1=708715.17
CPPAN812,1=700205*******793887
MOP812,1=6
MOP_ADDX812,1=50
MOP_ADDY812,1=1
ROP812,1=1
PM812,1=949
PSUB812,1=1
PA812,1=35.00
SLSTOT812=35.00
TYP813=2
DATI813=20200124161637
STATION_NR813=6111
SHF813=2728
ACC_REP_NR813=1177
OPID813=12
REF813=1179120319
SEQ813=1179120275134
SAFTDATI813=20200124161637
LCUR813=10
REPL813=2
MERCH_ID813,1=A
MERCH_NAME813,1=Discovery Filling Station Ltd
MERCH_RECEIPT_SEQ_NR813,1=611100993395
PMP813,1=6
PUMP_MODE813,1=1,1,1
NOZZLE813,1=2
NDATI813,1=20200124161612
START_DATE813,1=20200124161541
PRI813,1=1.299
BASEPRI813,1=1.299
QTY813,1=7.70
QTYUNIT813,1=2
GAMT813,1=10.00
AMT813,1=10.00
UGAMT813,1=10.00
UAMT813,1=10.00
PLU813,1=3
NAM813,1=FuelSave Dsl
GRP813,1=59
CRD813,1=425
EXTREF813,1=FuelSave Dsl
ART_MERCH_ID813,1=A
EXC813,1=10.00
INC813,1=10.00
NQUA_CHANGEABLE813,1=1187002.36
MOP813,1=1
MOP_ADDX813,1=10
ROP813,1=1
PM813,1=110
PA813,1=10.00
SLSTOT813=10.00
TYP814=2
DATI814=20200124161736
STATION_NR814=6111
ACC_REP_NR814=1177
REF814=1179510015
SEQ814=1179510017029
SAFTDATI814=20200124161736
LCUR814=10
PAN814=535522******4434
HOSTTYPE814=12
HOSTBOOKPER814=1179
AUTH814=AHRTSD
CAIC814=044026111
ONLINERC814=000
STAN814=058566
REPL814=2
MERCH_ID814,1=A
MERCH_NAME814,1=Discovery Filling Station Ltd
PMP814,1=5
PUMP_MODE814,1=1,3,2
NOZZLE814,1=1
NDATI814,1=20200124161736
START_DATE814,1=20200124161705
PRI814,1=1.249
BASEPRI814,1=1.249
QTY814,1=8.00
QTYUNIT814,1=2
GAMT814,1=10.00
AMT814,1=10.00
UGAMT814,1=10.00
UAMT814,1=10.00
PLU814,1=6
NAM814,1=FuelSave Unl
GRP814,1=59
CRD814,1=325
EXTREF814,1=FuelSave Unl
ART_MERCH_ID814,1=A
EXC814,1=10.00
INC814,1=10.00
NQUA_CHANGEABLE814,1=1062584.08
CPPAN814,1=535522******4434
CPREPL814,1=2
CPHOSTTYPE814,1=12
CPHOSTBKPER814,1=1179
CPAUTH814,1=AHRTSD
CPCAIC814,1=044026111
CPONLINERC814,1=000
CPSTAN814,1=058566
MOP814,1=4
MOP_ADDX814,1=4
MOP_ADDY814,1=2
ROP814,1=1
PM814,1=703
PSUB814,1=2
PA814,1=10.00
TRKMED814,1=5
SLSTOT814=10.00
TYP815=2
DATI815=20200124161922
STATION_NR815=6111
SHF815=4615
ACC_REP_NR815=1177
OPID815=7
REF815=1179110376
SEQ815=1179110738294
SAFTDATI815=20200124161922
LCUR815=10
PAN815=465838*******812
MERCH_ID815,1=A
MERCH_NAME815,1=Discovery Filling Station Ltd
MERCH_RECEIPT_SEQ_NR815,1=611100993396
PMP815,1=2
PUMP_MODE815,1=1,1,1
NOZZLE815,1=2
NDATI815,1=20200124161754
START_DATE815,1=20200124161702
PRI815,1=1.299
BASEPRI815,1=1.299
QTY815,1=23.35
QTYUNIT815,1=2
GAMT815,1=30.33
AMT815,1=30.33
UGAMT815,1=30.33
UAMT815,1=30.33
PLU815,1=3
NAM815,1=FuelSave Dsl
GRP815,1=59
CRD815,1=425
EXTREF815,1=FuelSave Dsl
ART_MERCH_ID815,1=A
EXC815,1=30.33
INC815,1=30.33
NQUA_CHANGEABLE815,1=1555443.91
PRI815,2=3.25
UPR815,2=3.25
QTY815,2=1.00
QTYUNIT815,2=1
GAMT815,2=3.25
AMT815,2=3.25
UGAMT815,2=3.25
UAMT815,2=3.25
PLU815,2=470258
NAM815,2=CAR BUIB LLB472
GRP815,2=CAR CARE
CRD815,2=2119
ART_MERCH_ID815,2=A
PRC815,2=20.00
VAMT815,2=0.54
EXC815,2=2.71
INC815,2=3.25
CPPAN815,1=465838*******812
MOP815,1=6
MOP_ADDX815,1=50
MOP_ADDY815,1=12
ROP815,1=1
PM815,1=949
PSUB815,1=12
PA815,1=33.58
SLSTOT815=33.58
TYP816=2
DATI816=20200124161953
STATION_NR816=6111
SHF816=2728
ACC_REP_NR816=1177
OPID816=12
REF816=1179120320
SEQ816=1179120275135
SAFTDATI816=20200124161953
LCUR816=10
REPL816=2
MERCH_ID816,1=A
MERCH_NAME816,1=Discovery Filling Station Ltd
MERCH_RECEIPT_SEQ_NR816,1=611100993397
PMP816,1=5
PUMP_MODE816,1=1,1,1
NOZZLE816,1=1
NDATI816,1=20200124161913
START_DATE816,1=20200124161834
PRI816,1=1.249
BASEPRI816,1=1.249
QTY816,1=8.01
QTYUNIT816,1=2
GAMT816,1=10.00
AMT816,1=10.00
UGAMT816,1=10.00
UAMT816,1=10.00
PLU816,1=6
NAM816,1=FuelSave Unl
GRP816,1=59
CRD816,1=325
EXTREF816,1=FuelSave Unl
ART_MERCH_ID816,1=A
EXC816,1=10.00
INC816,1=10.00
NQUA_CHANGEABLE816,1=1062592.09
MOP816,1=1
MOP_ADDX816,1=10
ROP816,1=1
PM816,1=110
PA816,1=20.00
MOP816,2=1
MOP_ADDX816,2=10
ROP816,2=2
PM816,2=5110
PA816,2=-10.00
SLSTOT816=10.00
TYP817=2
DATI817=20200124162032
STATION_NR817=6111
SHF817=2728
ACC_REP_NR817=1177
OPID817=12
REF817=1179120321
SEQ817=1179120275136
SAFTDATI817=20200124162032
LCUR817=10
REPL817=2
MERCH_ID817,1=A
MERCH_NAME817,1=Discovery Filling Station Ltd
MERCH_RECEIPT_SEQ_NR817,1=611100993398
PRI817,1=1.25
UPR817,1=1.25
QTY817,1=1.00
QTYUNIT817,1=1
GAMT817,1=1.25
AMT817,1=1.25
UGAMT817,1=1.25
UAMT817,1=1.25
PLU817,1=50271207
NAM817,1=BARR IRU-BRU 750ML
GRP817,1=DRINKS
CRD817,1=3119
ART_MERCH_ID817,1=A
PRC817,1=20.00
VAMT817,1=0.21
EXC817,1=1.04
INC817,1=1.25
MOP817,1=1
MOP_ADDX817,1=10
ROP817,1=1
PM817,1=110
PA817,1=1.25
SLSTOT817=1.25
TYP818=2
DATI818=20200124162010
STATION_NR818=6111
SHF818=4615
ACC_REP_NR818=1177
OPID818=7
REF818=1179110377
SEQ818=1179110738295
SAFTDATI818=20200124162010
LCUR818=10
PAN818=476223*******328
MERCH_ID818,1=A
MERCH_NAME818,1=Discovery Filling Station Ltd
MERCH_RECEIPT_SEQ_NR818,1=611100993399
PMP818,1=3
PUMP_MODE818,1=1,1,1
NOZZLE818,1=3
NDATI818,1=20200124161937
START_DATE818,1=20200124161844
PRI818,1=1.299
BASEPRI818,1=1.299
QTY818,1=23.44
QTYUNIT818,1=2
GAMT818,1=30.45
AMT818,1=30.45
UGAMT818,1=30.45
UAMT818,1=30.45
PLU818,1=3
NAM818,1=FuelSave Dsl
GRP818,1=59
CRD818,1=425
EXTREF818,1=FuelSave Dsl
ART_MERCH_ID818,1=A
EXC818,1=30.45
INC818,1=30.45
NQUA_CHANGEABLE818,1=1277645.95
PRI818,2=12.05
UPR818,2=12.05
QTY818,2=1.00
QTYUNIT818,2=1
GAMT818,2=12.05
AMT818,2=12.05
UGAMT818,2=12.05
UAMT818,2=12.05
PLU818,2=5000431026711
NAM818,2=REGAL KING SIZE
GRP818,2=TOBACCO
CRD818,2=4019
ART_MERCH_ID818,2=A
PRC818,2=20.00
VAMT818,2=2.01
EXC818,2=10.04
INC818,2=12.05
CPPAN818,1=476223*******328
MOP818,1=6
MOP_ADDX818,1=50
MOP_ADDY818,1=12
ROP818,1=1
PM818,1=949
PSUB818,1=12
PA818,1=42.50
SLSTOT818=42.50
TYP819=2
DATI819=20200124162150
STATION_NR819=6111
SHF819=4615
ACC_REP_NR819=1177
OPID819=7
REF819=1179110378
SEQ819=1179110738296
SAFTDATI819=20200124162150
LCUR819=10
REPL819=2
MERCH_ID819,1=A
MERCH_NAME819,1=Discovery Filling Station Ltd
MERCH_RECEIPT_SEQ_NR819,1=611100993400
PMP819,1=6
PUMP_MODE819,1=1,1,1
NOZZLE819,1=2
NDATI819,1=20200124162126
START_DATE819,1=20200124162030
PRI819,1=1.299
BASEPRI819,1=1.299
QTY819,1=19.24
QTYUNIT819,1=2
GAMT819,1=24.99
AMT819,1=24.99
UGAMT819,1=24.99
UAMT819,1=24.99
PLU819,1=3
NAM819,1=FuelSave Dsl
GRP819,1=59
CRD819,1=425
EXTREF819,1=FuelSave Dsl
ART_MERCH_ID819,1=A
EXC819,1=24.99
INC819,1=24.99
NQUA_CHANGEABLE819,1=1187021.60
MOP819,1=1
MOP_ADDX819,1=10
ROP819,1=1
PM819,1=110
PA819,1=24.99
SLSTOT819=24.99
TYP820=2
DATI820=20200124162155
STATION_NR820=6111
SHF820=2728
ACC_REP_NR820=1177
OPID820=12
REF820=1179120322
SEQ820=1179120275137
SAFTDATI820=20200124162155
LCUR820=10
PAN820=446292*******635
MERCH_ID820,1=A
MERCH_NAME820,1=Discovery Filling Station Ltd
MERCH_RECEIPT_SEQ_NR820,1=611100993401
PMP820,1=1
PUMP_MODE820,1=1,1,1
NOZZLE820,1=2
NDATI820,1=20200124162131
START_DATE820,1=20200124161943
PRI820,1=1.299
BASEPRI820,1=1.299
QTY820,1=52.76
QTYUNIT820,1=2
GAMT820,1=68.54
AMT820,1=68.54
UGAMT820,1=68.54
UAMT820,1=68.54
PLU820,1=3
NAM820,1=FuelSave Dsl
GRP820,1=59
CRD820,1=425
EXTREF820,1=FuelSave Dsl
ART_MERCH_ID820,1=A
EXC820,1=68.54
INC820,1=68.54
NQUA_CHANGEABLE820,1=826089.11
CPPAN820,1=446292*******635
MOP820,1=6
MOP_ADDX820,1=50
MOP_ADDY820,1=12
ROP820,1=1
PM820,1=949
PSUB820,1=12
PA820,1=68.54
SLSTOT820=68.54
TYP821=2
DATI821=20200124162243
STATION_NR821=6111
SHF821=4615
ACC_REP_NR821=1177
OPID821=7
REF821=1179110379
SEQ821=1179110738297
SAFTDATI821=20200124162243
LCUR821=10
REPL821=2
MERCH_ID821,1=A
MERCH_NAME821,1=Discovery Filling Station Ltd
MERCH_RECEIPT_SEQ_NR821,1=611100993402
PMP821,1=5
PUMP_MODE821,1=1,1,1
NOZZLE821,1=3
NDATI821,1=20200124162215
START_DATE821,1=20200124162119
PRI821,1=1.529
BASEPRI821,1=1.529
QTY821,1=16.35
QTYUNIT821,1=2
GAMT821,1=25.00
AMT821,1=25.00
UGAMT821,1=25.00
UAMT821,1=25.00
PLU821,1=8
NAM821,1=V Power Dsl
GRP821,1=59
CRD821,1=430
EXTREF821,1=V Power Dsl
ART_MERCH_ID821,1=A
EXC821,1=25.00
INC821,1=25.00
NQUA_CHANGEABLE821,1=230559.27
MOP821,1=1
MOP_ADDX821,1=10
ROP821,1=1
PM821,1=110
PA821,1=25.00
SLSTOT821=25.00
TYP822=2
DATI822=20200124162357
STATION_NR822=6111
SHF822=4615
ACC_REP_NR822=1177
OPID822=7
REF822=1179110380
SEQ822=1179110738298
SAFTDATI822=20200124162357
LCUR822=10
PAN822=700205*******203017
MERCH_ID822,1=A
MERCH_NAME822,1=Discovery Filling Station Ltd
MERCH_RECEIPT_SEQ_NR822,1=611100993403
PMP822,1=4
PUMP_MODE822,1=1,1,1
NOZZLE822,1=3
NDATI822,1=20200124162339
START_DATE822,1=20200124162145
PRI822,1=1.299
BASEPRI822,1=1.299
QTY822,1=49.75
QTYUNIT822,1=2
GAMT822,1=64.63
AMT822,1=64.63
UGAMT822,1=64.63
UAMT822,1=64.63
PLU822,1=3
NAM822,1=FuelSave Dsl
GRP822,1=59
CRD822,1=425
EXTREF822,1=FuelSave Dsl
ART_MERCH_ID822,1=A
EXC822,1=64.63
INC822,1=64.63
NQUA_CHANGEABLE822,1=1503240.14
CPPAN822,1=700205*******203017
MOP822,1=6
MOP_ADDX822,1=50
MOP_ADDY822,1=1
ROP822,1=1
PM822,1=949
PSUB822,1=1
PA822,1=64.63
SLSTOT822=64.63
TYP823=2
DATI823=20200124162606
STATION_NR823=6111
SHF823=4615
ACC_REP_NR823=1177
OPID823=7
REF823=1179110381
SEQ823=1179110738299
SAFTDATI823=20200124162606
LCUR823=10
PAN823=476223*******831
MERCH_ID823,1=A
MERCH_NAME823,1=Discovery Filling Station Ltd
MERCH_RECEIPT_SEQ_NR823,1=611100993404
PMP823,1=3
PUMP_MODE823,1=1,1,1
NOZZLE823,1=3
NDATI823,1=20200124162516
START_DATE823,1=20200124162410
PRI823,1=1.299
BASEPRI823,1=1.299
QTY823,1=26.06
QTYUNIT823,1=2
GAMT823,1=33.85
AMT823,1=33.85
UGAMT823,1=33.85
UAMT823,1=33.85
PLU823,1=3
NAM823,1=FuelSave Dsl
GRP823,1=59
CRD823,1=425
EXTREF823,1=FuelSave Dsl
ART_MERCH_ID823,1=A
EXC823,1=33.85
INC823,1=33.85
NQUA_CHANGEABLE823,1=1277672.01
CPPAN823,1=476223*******831
MOP823,1=6
MOP_ADDX823,1=50
MOP_ADDY823,1=12
ROP823,1=1
PM823,1=949
PSUB823,1=12
PA823,1=33.85
SLSTOT823=33.85
TYP824=2
DATI824=20200124162658
STATION_NR824=6111
SHF824=4615
ACC_REP_NR824=1177
OPID824=7
REF824=1179110382
SEQ824=1179110738300
SAFTDATI824=20200124162658
LCUR824=10
REPL824=2
MERCH_ID824,1=A
MERCH_NAME824,1=Discovery Filling Station Ltd
MERCH_RECEIPT_SEQ_NR824,1=611100993405
PMP824,1=1
PUMP_MODE824,1=1,1,1
NOZZLE824,1=2
NDATI824,1=20200124162618
START_DATE824,1=20200124162552
PRI824,1=1.299
BASEPRI824,1=1.299
QTY824,1=5.78
QTYUNIT824,1=2
GAMT824,1=7.51
AMT824,1=7.51
UGAMT824,1=7.51
UAMT824,1=7.51
PLU824,1=3
NAM824,1=FuelSave Dsl
GRP824,1=59
CRD824,1=425
EXTREF824,1=FuelSave Dsl
ART_MERCH_ID824,1=A
EXC824,1=7.51
INC824,1=7.51
NQUA_CHANGEABLE824,1=826094.89
PRI824,2=2.50
UPR824,2=2.50
QTY824,2=1.00
QTYUNIT824,2=1
GAMT824,2=2.50
AMT824,2=2.50
UGAMT824,2=2.50
UAMT824,2=2.50
PLU824,2=2083800000003
NAM824,2=LOTTERY
GRP824,2=LOTTERY ONLINE
CRD824,2=9500
ART_MERCH_ID824,2=A
EXC824,2=2.50
INC824,2=2.50
MOP824,1=1
MOP_ADDX824,1=10
ROP824,1=1
PM824,1=110
PA824,1=10.01
SLSTOT824=10.01
TYP825=2
DATI825=20200124162836
STATION_NR825=6111
SHF825=2728
ACC_REP_NR825=1177
OPID825=12
REF825=1179120323
SEQ825=1179120275138
SAFTDATI825=20200124162836
LCUR825=10
REPL825=2
MERCH_ID825,1=A
MERCH_NAME825,1=Discovery Filling Station Ltd
MERCH_RECEIPT_SEQ_NR825,1=611100993406
PMP825,1=4
PUMP_MODE825,1=1,1,1
NOZZLE825,1=1
NDATI825,1=20200124162751
START_DATE825,1=20200124162707
PRI825,1=1.249
BASEPRI825,1=1.249
QTY825,1=16.06
QTYUNIT825,1=2
GAMT825,1=20.06
AMT825,1=20.06
UGAMT825,1=20.06
UAMT825,1=20.06
PLU825,1=6
NAM825,1=FuelSave Unl
GRP825,1=59
CRD825,1=325
EXTREF825,1=FuelSave Unl
ART_MERCH_ID825,1=A
EXC825,1=20.06
INC825,1=20.06
NQUA_CHANGEABLE825,1=708731.23
MOP825,1=1
MOP_ADDX825,1=10
ROP825,1=1
PM825,1=110
PA825,1=20.06
SLSTOT825=20.06
TYP826=2
DATI826=20200124162916
STATION_NR826=6111
SHF826=2728
ACC_REP_NR826=1177
OPID826=12
REF826=1179120324
SEQ826=1179120275139
SAFTDATI826=20200124162916
LCUR826=10
PAN826=476223*******229
MERCH_ID826,1=A
MERCH_NAME826,1=Discovery Filling Station Ltd
MERCH_RECEIPT_SEQ_NR826,1=611100993407
PMP826,1=3
PUMP_MODE826,1=1,1,1
NOZZLE826,1=3
NDATI826,1=20200124162839
START_DATE826,1=20200124162800
PRI826,1=1.299
BASEPRI826,1=1.299
QTY826,1=13.47
QTYUNIT826,1=2
GAMT826,1=17.50
AMT826,1=17.50
UGAMT826,1=17.50
UAMT826,1=17.50
PLU826,1=3
NAM826,1=FuelSave Dsl
GRP826,1=59
CRD826,1=425
EXTREF826,1=FuelSave Dsl
ART_MERCH_ID826,1=A
EXC826,1=17.50
INC826,1=17.50
NQUA_CHANGEABLE826,1=1277685.48
PRI826,2=2.50
UPR826,2=2.50
QTY826,2=1.00
QTYUNIT826,2=1
GAMT826,2=2.50
AMT826,2=2.50
UGAMT826,2=2.50
UAMT826,2=2.50
PLU826,2=2083800000003
NAM826,2=LOTTERY
GRP826,2=LOTTERY ONLINE
CRD826,2=9500
ART_MERCH_ID826,2=A
EXC826,2=2.50
INC826,2=2.50
CPPAN826,1=476223*******229
MOP826,1=6
MOP_ADDX826,1=50
MOP_ADDY826,1=12
ROP826,1=1
PM826,1=949
PSUB826,1=12
PA826,1=20.00
SLSTOT826=20.00
TYP827=2
DATI827=20200124162944
STATION_NR827=6111
SHF827=4615
ACC_REP_NR827=1177
OPID827=7
REF827=1179110383
SEQ827=1179110738301
SAFTDATI827=20200124162944
LCUR827=10
REPL827=2
MERCH_ID827,1=A
MERCH_NAME827,1=Discovery Filling Station Ltd
MERCH_RECEIPT_SEQ_NR827,1=611100993408
PMP827,1=2
PUMP_MODE827,1=1,1,1
NOZZLE827,1=2
NDATI827,1=20200124162923
START_DATE827,1=20200124162853
PRI827,1=1.299
BASEPRI827,1=1.299
QTY827,1=7.70
QTYUNIT827,1=2
GAMT827,1=10.00
AMT827,1=10.00
UGAMT827,1=10.00
UAMT827,1=10.00
PLU827,1=3
NAM827,1=FuelSave Dsl
GRP827,1=59
CRD827,1=425
EXTREF827,1=FuelSave Dsl
ART_MERCH_ID827,1=A
EXC827,1=10.00
INC827,1=10.00
NQUA_CHANGEABLE827,1=1555451.61
MOP827,1=1
MOP_ADDX827,1=10
ROP827,1=1
PM827,1=110
PA827,1=10.00
SLSTOT827=10.00
TYP828=2
DATI828=20200124163027
STATION_NR828=6111
SHF828=4615
ACC_REP_NR828=1177
OPID828=7
REF828=1179110384
SEQ828=1179110738302
SAFTDATI828=20200124163027
LCUR828=10
REPL828=2
MERCH_ID828,1=A
MERCH_NAME828,1=Discovery Filling Station Ltd
MERCH_RECEIPT_SEQ_NR828,1=611100993409
PMP828,1=5
PUMP_MODE828,1=1,1,1
NOZZLE828,1=1
NDATI828,1=20200124162924
START_DATE828,1=20200124162827
PRI828,1=1.249
BASEPRI828,1=1.249
QTY828,1=29.09
QTYUNIT828,1=2
GAMT828,1=36.33
AMT828,1=36.33
UGAMT828,1=36.33
UAMT828,1=36.33
PLU828,1=6
NAM828,1=FuelSave Unl
GRP828,1=59
CRD828,1=325
EXTREF828,1=FuelSave Unl
ART_MERCH_ID828,1=A
EXC828,1=36.33
INC828,1=36.33
NQUA_CHANGEABLE828,1=1062621.18
PRI828,2=0.95
UPR828,2=0.95
QTY828,2=1.00
QTYUNIT828,2=1
GAMT828,2=0.95
AMT828,2=0.76
UGAMT828,2=0.95
UAMT828,2=0.76
PLU828,2=5010459007289
NAM828,2=H/SPRING SPORT 75CL
GRP828,2=DRINKS
CRD828,2=3119
DSCT828,2=8
DNAM828,2=Discount on total
DSC828,2=0.19
ART_MERCH_ID828,2=A
PRC828,2=20.00
VAMT828,2=0.13
EXC828,2=0.63
INC828,2=0.76
PRI828,3=1.50
UPR828,3=1.50
QTY828,3=1.00
QTYUNIT828,3=1
GAMT828,3=1.50
AMT828,3=1.20
UGAMT828,3=1.50
UAMT828,3=1.20
PLU828,3=54491472
NAM828,3=COCA-COLA 500ML
GRP828,3=DRINKS
CRD828,3=3119
DSCT828,3=8
DNAM828,3=Discount on total
DSC828,3=0.30
ART_MERCH_ID828,3=A
PRC828,3=20.00
VAMT828,3=0.20
EXC828,3=1.00
INC828,3=1.20
PRI828,4=1.50
UPR828,4=1.50
QTY828,4=1.00
QTYUNIT828,4=1
GAMT828,4=1.50
AMT828,4=1.20
UGAMT828,4=1.50
UAMT828,4=1.20
PLU828,4=54491472
NAM828,4=COCA-COLA 500ML
GRP828,4=DRINKS
CRD828,4=3119
DSCT828,4=8
DNAM828,4=Discount on total
DSC828,4=0.30
ART_MERCH_ID828,4=A
PRC828,4=20.00
VAMT828,4=0.20
EXC828,4=1.00
INC828,4=1.20
MOP828,1=1
MOP_ADDX828,1=10
ROP828,1=1
PM828,1=110
PA828,1=39.49
SLSTOT828=39.49
TYP829=2
DATI829=20200124163109
STATION_NR829=6111
SHF829=4615
ACC_REP_NR829=1177
OPID829=7
REF829=1179110385
SEQ829=1179110738303
SAFTDATI829=20200124163109
LCUR829=10
PAN829=535522*******417
MERCH_ID829,1=A
MERCH_NAME829,1=Discovery Filling Station Ltd
MERCH_RECEIPT_SEQ_NR829,1=611100993410
PMP829,1=6
PUMP_MODE829,1=1,1,1
NOZZLE829,1=2
NDATI829,1=20200124162938
START_DATE829,1=20200124162903
PRI829,1=1.299
BASEPRI829,1=1.299
QTY829,1=9.68
QTYUNIT829,1=2
GAMT829,1=12.57
AMT829,1=12.57
UGAMT829,1=12.57
UAMT829,1=12.57
PLU829,1=3
NAM829,1=FuelSave Dsl
GRP829,1=59
CRD829,1=425
EXTREF829,1=FuelSave Dsl
ART_MERCH_ID829,1=A
EXC829,1=12.57
INC829,1=12.57
NQUA_CHANGEABLE829,1=1187031.28
CPPAN829,1=535522*******417
MOP829,1=6
MOP_ADDX829,1=50
MOP_ADDY829,1=14
ROP829,1=1
PM829,1=949
PSUB829,1=14
PA829,1=12.57
SLSTOT829=12.57
TYP830=2
DATI830=20200124163143
STATION_NR830=6111
SHF830=4615
ACC_REP_NR830=1177
OPID830=7
REF830=1179110386
SEQ830=1179110738304
SAFTDATI830=20200124163143
LCUR830=10
REPL830=2
MERCH_ID830,1=A
MERCH_NAME830,1=Discovery Filling Station Ltd
MERCH_RECEIPT_SEQ_NR830,1=611100993411
PMP830,1=1
PUMP_MODE830,1=1,1,1
NOZZLE830,1=1
NDATI830,1=20200124163059
START_DATE830,1=20200124163007
PRI830,1=1.249
BASEPRI830,1=1.249
QTY830,1=20.09
QTYUNIT830,1=2
GAMT830,1=25.09
AMT830,1=25.09
UGAMT830,1=25.09
UAMT830,1=25.09
PLU830,1=6
NAM830,1=FuelSave Unl
GRP830,1=59
CRD830,1=325
EXTREF830,1=FuelSave Unl
ART_MERCH_ID830,1=A
EXC830,1=25.09
INC830,1=25.09
NQUA_CHANGEABLE830,1=662465.76
PRI830,2=2.00
UPR830,2=2.00
QTY830,2=1.00
QTYUNIT830,2=1
GAMT830,2=2.00
AMT830,2=2.00
UGAMT830,2=2.00
UAMT830,2=2.00
PLU830,2=4009900517720
NAM830,2=WRIG EXTRA WHITE B/M
GRP830,2=CONFECTIONERY
CRD830,2=3119
ART_MERCH_ID830,2=A
PRC830,2=20.00
VAMT830,2=0.33
EXC830,2=1.67
INC830,2=2.00
MOP830,1=1
MOP_ADDX830,1=10
ROP830,1=1
PM830,1=110
PA830,1=40.00
MOP830,2=1
MOP_ADDX830,2=10
ROP830,2=2
PM830,2=5110
PA830,2=-12.91
SLSTOT830=27.09
TYP831=2
DATI831=20200124163212
STATION_NR831=6111
SHF831=2728
ACC_REP_NR831=1177
OPID831=12
REF831=1179120325
SEQ831=1179120275140
SAFTDATI831=20200124163212
LCUR831=10
REPL831=2
MERCH_ID831,1=A
MERCH_NAME831,1=Discovery Filling Station Ltd
MERCH_RECEIPT_SEQ_NR831,1=611100993412
PRI831,1=1.35
UPR831,1=1.35
QTY831,1=1.00
QTYUNIT831,1=1
GAMT831,1=1.35
AMT831,1=1.08
UGAMT831,1=1.35
UAMT831,1=1.08
PLU831,1=1001
NAM831,1=CLARKS CHK CURRY PIE
GRP831,1=CHILLED FOOD
CRD831,1=3400
DSCT831,1=8
DNAM831,1=Discount on total
DSC831,1=0.27
ART_MERCH_ID831,1=A
EXC831,1=1.08
INC831,1=1.08
PRI831,2=1.00
UPR831,2=1.00
QTY831,2=1.00
QTYUNIT831,2=1
GAMT831,2=1.00
AMT831,2=0.80
UGAMT831,2=1.00
UAMT831,2=0.80
PLU831,2=7622210117793
NAM831,2=CAD CHC ECLR
GRP831,2=CONFECTIONERY
CRD831,2=3119
DSCT831,2=8
DNAM831,2=Discount on total
DSC831,2=0.20
ART_MERCH_ID831,2=A
PRC831,2=20.00
VAMT831,2=0.13
EXC831,2=0.67
INC831,2=0.80
MOP831,1=1
MOP_ADDX831,1=10
ROP831,1=1
PM831,1=110
PA831,1=2.00
MOP831,2=1
MOP_ADDX831,2=10
ROP831,2=2
PM831,2=5110
PA831,2=-0.12
SLSTOT831=1.88
TYP832=2
DATI832=20200124163219
STATION_NR832=6111
SHF832=4615
ACC_REP_NR832=1177
OPID832=7
REF832=1179110387
SEQ832=1179110738305
SAFTDATI832=20200124163219
LCUR832=10
PAN832=707881028700001354
CERT832=----------------
REPL832=2
CARR832=LP14NVY
CUST832=5
CNAM832=CITY QUAY CARS/WEST END GARAGE
ID832=707881028700001354
INFO832=CITY QUAY CARS/WEST END GARAGE
MERCH_ID832,1=A
MERCH_NAME832,1=Discovery Filling Station Ltd
MERCH_RECEIPT_SEQ_NR832,1=611100993413
PMP832,1=4
PUMP_MODE832,1=1,1,1
NOZZLE832,1=1
NDATI832,1=20200124163154
START_DATE832,1=20200124163116
PRI832,1=1.249
BASEPRI832,1=1.249
QTY832,1=14.89
QTYUNIT832,1=2
GAMT832,1=18.60
AMT832,1=18.60
UGAMT832,1=18.60
UAMT832,1=18.60
PLU832,1=6
NAM832,1=FuelSave Unl
GRP832,1=59
CRD832,1=325
EXTREF832,1=FuelSave Unl
ART_MERCH_ID832,1=A
EXC832,1=18.60
INC832,1=18.60
NQUA_CHANGEABLE832,1=708746.12
CPPAN832,1=707881028700001354
CPCERT832,1=----------------
CPREPL832,1=2
CPCARR832,1=LP14NVY
MOP832,1=10
MOP_ADDX832,1=20
ROP832,1=1
PM832,1=3000
PA832,1=18.60
TRKMED832,1=1
SLSTOT832=18.60
TYP833=2
DATI833=20200124163306
STATION_NR833=6111
SHF833=4615
ACC_REP_NR833=1177
OPID833=7
REF833=1179110388
SEQ833=1179110738306
SAFTDATI833=20200124163306
LCUR833=10
PAN833=454313*******729
MERCH_ID833,1=A
MERCH_NAME833,1=Discovery Filling Station Ltd
MERCH_RECEIPT_SEQ_NR833,1=611100993414
PMP833,1=3
PUMP_MODE833,1=1,1,1
NOZZLE833,1=3
NDATI833,1=20200124163216
START_DATE833,1=20200124163137
PRI833,1=1.299
BASEPRI833,1=1.299
QTY833,1=15.42
QTYUNIT833,1=2
GAMT833,1=20.03
AMT833,1=20.03
UGAMT833,1=20.03
UAMT833,1=20.03
PLU833,1=3
NAM833,1=FuelSave Dsl
GRP833,1=59
CRD833,1=425
EXTREF833,1=FuelSave Dsl
ART_MERCH_ID833,1=A
EXC833,1=20.03
INC833,1=20.03
NQUA_CHANGEABLE833,1=1277700.90
PRI833,2=1.09
UPR833,2=1.09
QTY833,2=1.00
QTYUNIT833,2=1
GAMT833,2=1.09
AMT833,2=1.09
UGAMT833,2=1.09
UAMT833,2=1.09
PLU833,2=5054267008038
NAM833,2=RIBENA
GRP833,2=DRINKS
CRD833,2=3119
ART_MERCH_ID833,2=A
PRC833,2=20.00
VAMT833,2=0.18
EXC833,2=0.91
INC833,2=1.09
PRI833,3=1.05
UPR833,3=1.05
QTY833,3=1.00
QTYUNIT833,3=1
GAMT833,3=1.05
AMT833,3=1.05
UGAMT833,3=1.05
UAMT833,3=1.05
PLU833,3=5000159470643
NAM833,3=MARS SNICKERS DUO
GRP833,3=CONFECTIONERY
CRD833,3=3119
ART_MERCH_ID833,3=A
PRC833,3=20.00
VAMT833,3=0.17
EXC833,3=0.88
INC833,3=1.05
CPPAN833,1=454313*******729
MOP833,1=6
MOP_ADDX833,1=50
MOP_ADDY833,1=12
ROP833,1=1
PM833,1=949
PSUB833,1=12
PA833,1=22.17
SLSTOT833=22.17
TYP834=2
DATI834=20200124163404
STATION_NR834=6111
ACC_REP_NR834=1177
REF834=1179510016
SEQ834=1179510017030
SAFTDATI834=20200124163404
LCUR834=10
PAN834=557435******3165
HOSTTYPE834=12
HOSTBOOKPER834=1179
AUTH834=196143
CAIC834=044026111
ONLINERC834=000
STAN834=058568
REPL834=2
MERCH_ID834,1=A
MERCH_NAME834,1=Discovery Filling Station Ltd
PMP834,1=5
PUMP_MODE834,1=1,3,2
NOZZLE834,1=3
NDATI834,1=20200124163404
START_DATE834,1=20200124163235
PRI834,1=1.529
BASEPRI834,1=1.529
QTY834,1=43.43
QTYUNIT834,1=2
GAMT834,1=66.40
AMT834,1=66.40
UGAMT834,1=66.40
UAMT834,1=66.40
PLU834,1=8
NAM834,1=V Power Dsl
GRP834,1=59
CRD834,1=430
EXTREF834,1=V Power Dsl
ART_MERCH_ID834,1=A
EXC834,1=66.40
INC834,1=66.40
NQUA_CHANGEABLE834,1=230602.70
CPPAN834,1=557435******3165
CPREPL834,1=2
CPHOSTTYPE834,1=12
CPHOSTBKPER834,1=1179
CPAUTH834,1=196143
CPCAIC834,1=044026111
CPONLINERC834,1=000
CPSTAN834,1=058568
MOP834,1=4
MOP_ADDX834,1=4
MOP_ADDY834,1=2
ROP834,1=1
PM834,1=703
PSUB834,1=2
PA834,1=66.40
TRKMED834,1=5
SLSTOT834=66.40
TYP835=2
DATI835=20200124163442
STATION_NR835=6111
SHF835=2728
ACC_REP_NR835=1177
OPID835=12
REF835=1179120326
SEQ835=1179120275141
SAFTDATI835=20200124163442
LCUR835=10
REPL835=2
MERCH_ID835,1=A
MERCH_NAME835,1=Discovery Filling Station Ltd
MERCH_RECEIPT_SEQ_NR835,1=611100993415
PRI835,1=1.00
UPR835,1=1.00
QTY835,1=1.00
QTYUNIT835,1=1
GAMT835,1=1.00
AMT835,1=1.00
UGAMT835,1=1.00
UAMT835,1=1.00
PLU835,1=5000382101222
NAM835,1=BARR COLA
GRP835,1=DRINKS
CRD835,1=3119
ART_MERCH_ID835,1=A
PRC835,1=20.00
VAMT835,1=0.17
EXC835,1=0.83
INC835,1=1.00
MOP835,1=1
MOP_ADDX835,1=10
ROP835,1=1
PM835,1=110
PA835,1=1.00
SLSTOT835=1.00
TYP836=2
DATI836=20200124163529
STATION_NR836=6111
SHF836=2728
ACC_REP_NR836=1177
OPID836=12
REF836=1179120327
SEQ836=1179120275142
SAFTDATI836=20200124163529
LCUR836=10
PAN836=475714*******806
MERCH_ID836,1=A
MERCH_NAME836,1=Discovery Filling Station Ltd
MERCH_RECEIPT_SEQ_NR836,1=611100993416
PMP836,1=1
PUMP_MODE836,1=1,1,1
NOZZLE836,1=1
NDATI836,1=20200124163508
START_DATE836,1=20200124163341
PRI836,1=1.249
BASEPRI836,1=1.249
QTY836,1=40.85
QTYUNIT836,1=2
GAMT836,1=51.02
AMT836,1=51.02
UGAMT836,1=51.02
UAMT836,1=51.02
PLU836,1=6
NAM836,1=FuelSave Unl
GRP836,1=59
CRD836,1=325
EXTREF836,1=FuelSave Unl
ART_MERCH_ID836,1=A
EXC836,1=51.02
INC836,1=51.02
NQUA_CHANGEABLE836,1=662506.61
CPPAN836,1=475714*******806
MOP836,1=6
MOP_ADDX836,1=50
MOP_ADDY836,1=12
ROP836,1=1
PM836,1=949
PSUB836,1=12
PA836,1=51.02
SLSTOT836=51.02
TYP837=2
DATI837=20200124163536
STATION_NR837=6111
SHF837=4615
ACC_REP_NR837=1177
OPID837=7
REF837=1179110389
SEQ837=1179110738307
SAFTDATI837=20200124163536
LCUR837=10
PAN837=465859*******010
MERCH_ID837,1=A
MERCH_NAME837,1=Discovery Filling Station Ltd
MERCH_RECEIPT_SEQ_NR837,1=611100993417
PMP837,1=4
PUMP_MODE837,1=1,1,1
NOZZLE837,1=3
NDATI837,1=20200124163503
START_DATE837,1=20200124163425
PRI837,1=1.299
BASEPRI837,1=1.299
QTY837,1=7.70
QTYUNIT837,1=2
GAMT837,1=10.00
AMT837,1=10.00
UGAMT837,1=10.00
UAMT837,1=10.00
PLU837,1=3
NAM837,1=FuelSave Dsl
GRP837,1=59
CRD837,1=425
EXTREF837,1=FuelSave Dsl
ART_MERCH_ID837,1=A
EXC837,1=10.00
INC837,1=10.00
NQUA_CHANGEABLE837,1=1503247.84
CPPAN837,1=465859*******010
MOP837,1=6
MOP_ADDX837,1=50
MOP_ADDY837,1=12
ROP837,1=1
PM837,1=949
PSUB837,1=12
PA837,1=10.00
SLSTOT837=10.00
TYP838=2
DATI838=20200124163610
STATION_NR838=6111
SHF838=4615
ACC_REP_NR838=1177
OPID838=7
REF838=1179110390
SEQ838=1179110738308
SAFTDATI838=20200124163610
LCUR838=10
PAN838=446292*******481
MERCH_ID838,1=A
MERCH_NAME838,1=Discovery Filling Station Ltd
MERCH_RECEIPT_SEQ_NR838,1=611100993418
PMP838,1=3
PUMP_MODE838,1=1,1,1
NOZZLE838,1=3
NDATI838,1=20200124163545
START_DATE838,1=20200124163432
PRI838,1=1.299
BASEPRI838,1=1.299
QTY838,1=29.82
QTYUNIT838,1=2
GAMT838,1=38.74
AMT838,1=38.74
UGAMT838,1=38.74
UAMT838,1=38.74
PLU838,1=3
NAM838,1=FuelSave Dsl
GRP838,1=59
CRD838,1=425
EXTREF838,1=FuelSave Dsl
ART_MERCH_ID838,1=A
EXC838,1=38.74
INC838,1=38.74
NQUA_CHANGEABLE838,1=1277730.72
CPPAN838,1=446292*******481
MOP838,1=6
MOP_ADDX838,1=50
MOP_ADDY838,1=12
ROP838,1=1
PM838,1=949
PSUB838,1=12
PA838,1=38.74
SLSTOT838=38.74
TYP839=2
DATI839=20200124163645
STATION_NR839=6111
SHF839=2728
ACC_REP_NR839=1177
OPID839=12
REF839=1179120328
SEQ839=1179120275143
SAFTDATI839=20200124163645
LCUR839=10
PAN839=476367*******632
MERCH_ID839,1=A
MERCH_NAME839,1=Discovery Filling Station Ltd
MERCH_RECEIPT_SEQ_NR839,1=611100993419
PRI839,1=1.59
UPR839,1=1.59
QTY839,1=1.00
QTYUNIT839,1=1
GAMT839,1=1.59
AMT839,1=1.59
UGAMT839,1=1.59
UAMT839,1=1.59
PLU839,1=9002490239565
NAM839,1=RED BULL
GRP839,1=DRINKS
CRD839,1=3119
ART_MERCH_ID839,1=A
PRC839,1=20.00
VAMT839,1=0.26
EXC839,1=1.33
INC839,1=1.59
PRI839,2=1.59
UPR839,2=1.59
QTY839,2=1.00
QTYUNIT839,2=1
GAMT839,2=1.59
AMT839,2=1.59
UGAMT839,2=1.59
UAMT839,2=1.59
PLU839,2=9002490239565
NAM839,2=RED BULL
GRP839,2=DRINKS
CRD839,2=3119
ART_MERCH_ID839,2=A
PRC839,2=20.00
VAMT839,2=0.26
EXC839,2=1.33
INC839,2=1.59
CPPAN839,1=476367*******632
MOP839,1=6
MOP_ADDX839,1=50
MOP_ADDY839,1=12
ROP839,1=1
PM839,1=949
PSUB839,1=12
PA839,1=3.18
SLSTOT839=3.18
TYP840=21
SPEC_TYPE840=13
DATI840=20200124163755
STATION_NR840=6111
SHF840=4615
OPID840=7
SPEC_ADDD840=Open cash drawer
TYP841=2
DATI841=20200124163920
STATION_NR841=6111
SHF841=4615
ACC_REP_NR841=1177
OPID841=7
REF841=1179110391
SEQ841=1179110738309
SAFTDATI841=20200124163920
LCUR841=10
REPL841=2
MERCH_ID841,1=A
MERCH_NAME841,1=Discovery Filling Station Ltd
MERCH_RECEIPT_SEQ_NR841,1=611100993420
PMP841,1=1
PUMP_MODE841,1=1,1,1
NOZZLE841,1=2
NDATI841,1=20200124163848
START_DATE841,1=20200124163811
PRI841,1=1.299
BASEPRI841,1=1.299
QTY841,1=11.56
QTYUNIT841,1=2
GAMT841,1=15.02
AMT841,1=15.02
UGAMT841,1=15.02
UAMT841,1=15.02
PLU841,1=3
NAM841,1=FuelSave Dsl
GRP841,1=59
CRD841,1=425
EXTREF841,1=FuelSave Dsl
ART_MERCH_ID841,1=A
EXC841,1=15.02
INC841,1=15.02
NQUA_CHANGEABLE841,1=826106.45
MOP841,1=1
MOP_ADDX841,1=10
ROP841,1=1
PM841,1=110
PA841,1=15.02
SLSTOT841=15.02
TYP842=2
DATI842=20200124163931
STATION_NR842=6111
SHF842=4615
ACC_REP_NR842=1177
OPID842=7
REF842=1179110392
SEQ842=1179110738310
SAFTDATI842=20200124163931
LCUR842=10
REPL842=2
MERCH_ID842,1=A
MERCH_NAME842,1=Discovery Filling Station Ltd
MERCH_RECEIPT_SEQ_NR842,1=611100993421
PRI842,1=2.00
UPR842,1=2.00
QTY842,1=1.00
QTYUNIT842,1=1
GAMT842,1=2.00
AMT842,1=2.00
UGAMT842,1=2.00
UAMT842,1=2.00
PLU842,1=5031390115161
NAM842,1=250.000 BLUE
GRP842,1=LOTTERY SRATCHC
CRD842,1=9500
ART_MERCH_ID842,1=A
EXC842,1=2.00
INC842,1=2.00
MOP842,1=1
MOP_ADDX842,1=10
ROP842,1=1
PM842,1=110
PA842,1=2.00
SLSTOT842=2.00
TYP843=2
DATI843=20200124164012
STATION_NR843=6111
SHF843=4615
ACC_REP_NR843=1177
OPID843=7
REF843=1179110393
SEQ843=1179110738311
SAFTDATI843=20200124164012
LCUR843=10
REPL843=2
MOP843,1=1
MOP_ADDX843,1=10
ROP843,1=7
ROP_ADD843,1=5
PM843,1=5310
PMIO843,1=5
PA843,1=-10.00
TYP844=2
DATI844=20200124164144
STATION_NR844=6111
SHF844=4615
ACC_REP_NR844=1177
OPID844=7
REF844=1179110394
SEQ844=1179110738312
SAFTDATI844=20200124164144
LCUR844=10
PAN844=475118*******884
MERCH_ID844,1=A
MERCH_NAME844,1=Discovery Filling Station Ltd
MERCH_RECEIPT_SEQ_NR844,1=611100993422
PMP844,1=3
PUMP_MODE844,1=1,1,1
NOZZLE844,1=3
NDATI844,1=20200124164102
START_DATE844,1=20200124163852
PRI844,1=1.299
BASEPRI844,1=1.299
QTY844,1=61.59
QTYUNIT844,1=2
GAMT844,1=80.01
AMT844,1=80.01
UGAMT844,1=80.01
UAMT844,1=80.01
PLU844,1=3
NAM844,1=FuelSave Dsl
GRP844,1=59
CRD844,1=425
EXTREF844,1=FuelSave Dsl
ART_MERCH_ID844,1=A
EXC844,1=80.01
INC844,1=80.01
NQUA_CHANGEABLE844,1=1277792.31
CPPAN844,1=475118*******884
MOP844,1=6
MOP_ADDX844,1=50
MOP_ADDY844,1=12
ROP844,1=1
PM844,1=949
PSUB844,1=12
PA844,1=80.01
SLSTOT844=80.01
TYP845=2
DATI845=20200124164212
STATION_NR845=6111
SHF845=2728
ACC_REP_NR845=1177
OPID845=12
REF845=1179120329
SEQ845=1179120275144
SAFTDATI845=20200124164212
LCUR845=10
REPL845=2
MERCH_ID845,1=A
MERCH_NAME845,1=Discovery Filling Station Ltd
MERCH_RECEIPT_SEQ_NR845,1=611100993423
PMP845,1=6
PUMP_MODE845,1=1,1,1
NOZZLE845,1=2
NDATI845,1=20200124164136
START_DATE845,1=20200124164059
PRI845,1=1.299
BASEPRI845,1=1.299
QTY845,1=11.55
QTYUNIT845,1=2
GAMT845,1=15.00
AMT845,1=15.00
UGAMT845,1=15.00
UAMT845,1=15.00
PLU845,1=3
NAM845,1=FuelSave Dsl
GRP845,1=59
CRD845,1=425
EXTREF845,1=FuelSave Dsl
ART_MERCH_ID845,1=A
EXC845,1=15.00
INC845,1=15.00
NQUA_CHANGEABLE845,1=1187042.83
MOP845,1=1
MOP_ADDX845,1=10
ROP845,1=1
PM845,1=110
PA845,1=20.00
MOP845,2=1
MOP_ADDX845,2=10
ROP845,2=2
PM845,2=5110
PA845,2=-5.00
SLSTOT845=15.00
TYP846=2
DATI846=20200124164220
STATION_NR846=6111
SHF846=4615
ACC_REP_NR846=1177
OPID846=7
REF846=1179110395
SEQ846=1179110738313
SAFTDATI846=20200124164220
LCUR846=10
REPL846=2
MERCH_ID846,1=A
MERCH_NAME846,1=Discovery Filling Station Ltd
MERCH_RECEIPT_SEQ_NR846,1=611100993424
PMP846,1=2
PUMP_MODE846,1=1,1,1
NOZZLE846,1=2
NDATI846,1=20200124164159
START_DATE846,1=20200124164125
PRI846,1=1.299
BASEPRI846,1=1.299
QTY846,1=7.70
QTYUNIT846,1=2
GAMT846,1=10.00
AMT846,1=10.00
UGAMT846,1=10.00
UAMT846,1=10.00
PLU846,1=3
NAM846,1=FuelSave Dsl
GRP846,1=59
CRD846,1=425
EXTREF846,1=FuelSave Dsl
ART_MERCH_ID846,1=A
EXC846,1=10.00
INC846,1=10.00
NQUA_CHANGEABLE846,1=1555459.31
MOP846,1=1
MOP_ADDX846,1=10
ROP846,1=1
PM846,1=110
PA846,1=10.00
SLSTOT846=10.00
TYP847=2
DATI847=20200124164239
STATION_NR847=6111
SHF847=2728
ACC_REP_NR847=1177
OPID847=12
REF847=1179120330
SEQ847=1179120275145
SAFTDATI847=20200124164239
LCUR847=10
REPL847=2
MERCH_ID847,1=A
MERCH_NAME847,1=Discovery Filling Station Ltd
MERCH_RECEIPT_SEQ_NR847,1=611100993425
PRI847,1=0.30
UPR847,1=0.30
QTY847,1=2.00
QTYUNIT847,1=1
GAMT847,1=0.60
AMT847,1=0.60
UGAMT847,1=0.60
UAMT847,1=0.60
PLU847,1=1012
NAM847,1=WHITE / BROWN ROLL
GRP847,1=SANDWICHES
CRD847,1=6000
ART_MERCH_ID847,1=A
EXC847,1=0.60
INC847,1=0.60
MOP847,1=1
MOP_ADDX847,1=10
ROP847,1=1
PM847,1=110
PA847,1=0.60
SLSTOT847=0.60
TYP848=2
DATI848=20200124164512
STATION_NR848=6111
SHF848=2728
ACC_REP_NR848=1177
OPID848=12
REF848=1179120331
SEQ848=1179120275146
SAFTDATI848=20200124164512
LCUR848=10
REPL848=2
MERCH_ID848,1=A
MERCH_NAME848,1=Discovery Filling Station Ltd
MERCH_RECEIPT_SEQ_NR848,1=611100993426
PMP848,1=5
PUMP_MODE848,1=1,1,1
NOZZLE848,1=3
NDATI848,1=20200124164451
START_DATE848,1=20200124164410
PRI848,1=1.529
BASEPRI848,1=1.529
QTY848,1=13.08
QTYUNIT848,1=2
GAMT848,1=20.00
AMT848,1=20.00
UGAMT848,1=20.00
UAMT848,1=20.00
PLU848,1=8
NAM848,1=V Power Dsl
GRP848,1=59
CRD848,1=430
EXTREF848,1=V Power Dsl
ART_MERCH_ID848,1=A
EXC848,1=20.00
INC848,1=20.00
NQUA_CHANGEABLE848,1=230615.78
PRI848,2=0.69
UPR848,2=0.69
QTY848,2=1.00
QTYUNIT848,2=1
GAMT848,2=0.69
AMT848,2=0.69
UGAMT848,2=0.69
UAMT848,2=0.69
PLU848,2=5000382107750
NAM848,2=RUBICON PASS
GRP848,2=DRINKS
CRD848,2=3119
ART_MERCH_ID848,2=A
PRC848,2=20.00
VAMT848,2=0.11
EXC848,2=0.58
INC848,2=0.69
PRI848,3=1.29
UPR848,3=1.29
QTY848,3=1.00
QTYUNIT848,3=1
GAMT848,3=1.29
AMT848,3=1.29
UGAMT848,3=1.29
UAMT848,3=1.29
PLU848,3=90433863
NAM848,3=RED BULL
GRP848,3=DRINKS
CRD848,3=3119
ART_MERCH_ID848,3=A
PRC848,3=20.00
VAMT848,3=0.21
EXC848,3=1.08
INC848,3=1.29
PRI848,4=1.29
UPR848,4=1.29
QTY848,4=1.00
QTYUNIT848,4=1
GAMT848,4=1.29
AMT848,4=1.29
UGAMT848,4=1.29
UAMT848,4=1.29
PLU848,4=90433863
NAM848,4=RED BULL
GRP848,4=DRINKS
CRD848,4=3119
ART_MERCH_ID848,4=A
PRC848,4=20.00
VAMT848,4=0.21
EXC848,4=1.08
INC848,4=1.29
MOP848,1=1
MOP_ADDX848,1=10
ROP848,1=1
PM848,1=110
PA848,1=30.00
MOP848,2=1
MOP_ADDX848,2=10
ROP848,2=2
PM848,2=5110
PA848,2=-6.73
SLSTOT848=23.27
TYP849=2
DATI849=20200124164456
STATION_NR849=6111
SHF849=4615
ACC_REP_NR849=1177
OPID849=7
REF849=1179110396
SEQ849=1179110738314
SAFTDATI849=20200124164456
LCUR849=10
PAN849=700205*******001048
MERCH_ID849,1=A
MERCH_NAME849,1=Discovery Filling Station Ltd
MERCH_RECEIPT_SEQ_NR849,1=611100993427
PMP849,1=3
PUMP_MODE849,1=1,1,1
NOZZLE849,1=1
NDATI849,1=20200124164434
START_DATE849,1=20200124164404
PRI849,1=1.249
BASEPRI849,1=1.249
QTY849,1=12.01
QTYUNIT849,1=2
GAMT849,1=15.00
AMT849,1=15.00
UGAMT849,1=15.00
UAMT849,1=15.00
PLU849,1=6
NAM849,1=FuelSave Unl
GRP849,1=59
CRD849,1=325
EXTREF849,1=FuelSave Unl
ART_MERCH_ID849,1=A
EXC849,1=15.00
INC849,1=15.00
NQUA_CHANGEABLE849,1=1194802.19
CPPAN849,1=700205*******001048
MOP849,1=6
MOP_ADDX849,1=50
MOP_ADDY849,1=1
ROP849,1=1
PM849,1=949
PSUB849,1=1
PA849,1=15.00
SLSTOT849=15.00
TYP850=2
DATI850=20200124164549
STATION_NR850=6111
SHF850=2728
ACC_REP_NR850=1177
OPID850=12
REF850=1179120332
SEQ850=1179120275147
SAFTDATI850=20200124164549
LCUR850=10
REPL850=2
MERCH_ID850,1=A
MERCH_NAME850,1=Discovery Filling Station Ltd
MERCH_RECEIPT_SEQ_NR850,1=611100993428
PRI850,1=8.70
UPR850,1=8.70
QTY850,1=1.00
QTYUNIT850,1=1
GAMT850,1=8.70
AMT850,1=8.70
UGAMT850,1=8.70
UAMT850,1=8.70
PLU850,1=5000431027572
NAM850,1=L&B KS BLUE 20
GRP850,1=TOBACCO
CRD850,1=4019
ART_MERCH_ID850,1=A
PRC850,1=20.00
VAMT850,1=1.45
EXC850,1=7.25
INC850,1=8.70
MOP850,1=1
MOP_ADDX850,1=10
ROP850,1=1
PM850,1=110
PA850,1=9.00
MOP850,2=1
MOP_ADDX850,2=10
ROP850,2=2
PM850,2=5110
PA850,2=-0.30
SLSTOT850=8.70
TYP851=2
DATI851=20200124164545
STATION_NR851=6111
SHF851=4615
ACC_REP_NR851=1177
OPID851=7
REF851=1179110397
SEQ851=1179110738315
SAFTDATI851=20200124164545
LCUR851=10
PAN851=476367*******719
MERCH_ID851,1=A
MERCH_NAME851,1=Discovery Filling Station Ltd
MERCH_RECEIPT_SEQ_NR851,1=611100993429
PMP851,1=1
PUMP_MODE851,1=1,1,1
NOZZLE851,1=2
NDATI851,1=20200124164521
START_DATE851,1=20200124164441
PRI851,1=1.299
BASEPRI851,1=1.299
QTY851,1=15.27
QTYUNIT851,1=2
GAMT851,1=19.84
AMT851,1=19.84
UGAMT851,1=19.84
UAMT851,1=19.84
PLU851,1=3
NAM851,1=FuelSave Dsl
GRP851,1=59
CRD851,1=425
EXTREF851,1=FuelSave Dsl
ART_MERCH_ID851,1=A
EXC851,1=19.84
INC851,1=19.84
NQUA_CHANGEABLE851,1=826121.72
CPPAN851,1=476367*******719
MOP851,1=6
MOP_ADDX851,1=50
MOP_ADDY851,1=12
ROP851,1=1
PM851,1=949
PSUB851,1=12
PA851,1=19.84
SLSTOT851=19.84
TYP852=21
SPEC_TYPE852=14
DATI852=20200124164648
STATION_NR852=6111
SHF852=4615
OPID852=7
LREF852=1179110398
SPEC_ID852=1003
SPEC_NAME852=PAYPOINT
SPEC_ITYP852=1
SPEC_QUA852=1.00
SPEC_PRI852=10.00
SPEC_AMT852=10.00
TYP853=2
DATI853=20200124164649
STATION_NR853=6111
SHF853=4615
ACC_REP_NR853=1177
OPID853=7
REF853=1179110398
SEQ853=1179110738316
SAFTDATI853=20200124164649
LCUR853=10
REPL853=2
MERCH_ID853,1=A
MERCH_NAME853,1=Discovery Filling Station Ltd
MERCH_RECEIPT_SEQ_NR853,1=611100993430
PRI853,1=10.00
UPR853,1=10.00
QTY853,1=1.00
QTYUNIT853,1=1
GAMT853,1=10.00
AMT853,1=10.00
UGAMT853,1=10.00
UAMT853,1=10.00
PLU853,1=1003
NAM853,1=PAYPOINT
GRP853,1=STAMPS & PHONE
CRD853,1=9019
ART_MERCH_ID853,1=A
EXC853,1=10.00
INC853,1=10.00
MOP853,1=1
MOP_ADDX853,1=10
ROP853,1=1
PM853,1=110
PA853,1=10.00
SLSTOT853=10.00
TYP854=2
DATI854=20200124164831
STATION_NR854=6111
SHF854=4615
ACC_REP_NR854=1177
OPID854=7
REF854=1179110399
SEQ854=1179110738317
SAFTDATI854=20200124164831
LCUR854=10
PAN854=483215*******021
MERCH_ID854,1=A
MERCH_NAME854,1=Discovery Filling Station Ltd
MERCH_RECEIPT_SEQ_NR854,1=611100993431
PRI854,1=1.35
UPR854,1=1.35
QTY854,1=1.00
QTYUNIT854,1=1
GAMT854,1=1.35
AMT854,1=1.35
UGAMT854,1=1.35
UAMT854,1=1.35
PLU854,1=5060517885304
NAM854,1=MONSTER
GRP854,1=DRINKS
CRD854,1=3119
ART_MERCH_ID854,1=A
PRC854,1=20.00
VAMT854,1=0.22
EXC854,1=1.13
INC854,1=1.35
PRI854,2=8.80
UPR854,2=8.80
QTY854,2=1.00
QTYUNIT854,2=1
GAMT854,2=8.80
AMT854,2=8.80
UGAMT854,2=8.80
UAMT854,2=8.80
PLU854,2=5000431028951
NAM854,2=L & B BLUE K/S BLUE
GRP854,2=TOBACCO
CRD854,2=4019
ART_MERCH_ID854,2=A
PRC854,2=20.00
VAMT854,2=1.47
EXC854,2=7.33
INC854,2=8.80
CPPAN854,1=483215*******021
MOP854,1=6
MOP_ADDX854,1=50
MOP_ADDY854,1=13
ROP854,1=1
PM854,1=949
PSUB854,1=13
PA854,1=10.15
SLSTOT854=10.15
TYP855=2
DATI855=20200124164945
STATION_NR855=6111
SHF855=4615
ACC_REP_NR855=1177
OPID855=7
REF855=1179110400
SEQ855=1179110738318
SAFTDATI855=20200124164945
LCUR855=10
PAN855=465859*******013
MERCH_ID855,1=A
MERCH_NAME855,1=Discovery Filling Station Ltd
MERCH_RECEIPT_SEQ_NR855,1=611100993432
PRI855,1=0.90
UPR855,1=0.90
QTY855,1=1.00
QTYUNIT855,1=1
GAMT855,1=0.90
AMT855,1=0.90
UGAMT855,1=0.90
UAMT855,1=0.90
PLU855,1=80761761
NAM855,1=KINDER BUENO WHITE
GRP855,1=CONFECTIONERY
CRD855,1=3119
ART_MERCH_ID855,1=A
PRC855,1=20.00
VAMT855,1=0.15
EXC855,1=0.75
INC855,1=0.90
PRI855,2=11.30
UPR855,2=11.30
QTY855,2=1.00
QTYUNIT855,2=1
GAMT855,2=11.30
AMT855,2=11.30
UGAMT855,2=11.30
UAMT855,2=11.30
PLU855,2=96135761
NAM855,2=ROYALS KS RED 20
GRP855,2=TOBACCO
CRD855,2=4019
ART_MERCH_ID855,2=A
PRC855,2=20.00
VAMT855,2=1.88
EXC855,2=9.42
INC855,2=11.30
CPPAN855,1=465859*******013
MOP855,1=6
MOP_ADDX855,1=50
MOP_ADDY855,1=12
ROP855,1=1
PM855,1=949
PSUB855,1=12
PA855,1=12.20
SLSTOT855=12.20
TYP856=2
DATI856=20200124165010
STATION_NR856=6111
SHF856=4615
ACC_REP_NR856=1177
OPID856=7
REF856=1179110401
SEQ856=1179110738319
SAFTDATI856=20200124165010
LCUR856=10
PAN856=465859*******013
MERCH_ID856,1=A
MERCH_NAME856,1=Discovery Filling Station Ltd
MERCH_RECEIPT_SEQ_NR856,1=611100993433
PMP856,1=6
PUMP_MODE856,1=1,1,1
NOZZLE856,1=1
NDATI856,1=20200124164944
START_DATE856,1=20200124164808
PRI856,1=1.249
BASEPRI856,1=1.249
QTY856,1=39.43
QTYUNIT856,1=2
GAMT856,1=49.25
AMT856,1=49.25
UGAMT856,1=49.25
UAMT856,1=49.25
PLU856,1=6
NAM856,1=FuelSave Unl
GRP856,1=59
CRD856,1=325
EXTREF856,1=FuelSave Unl
ART_MERCH_ID856,1=A
EXC856,1=49.25
INC856,1=49.25
NQUA_CHANGEABLE856,1=369698.49
CPPAN856,1=465859*******013
MOP856,1=6
MOP_ADDX856,1=50
MOP_ADDY856,1=12
ROP856,1=1
PM856,1=949
PSUB856,1=12
PA856,1=49.25
SLSTOT856=49.25
TYP857=2
DATI857=20200124165120
STATION_NR857=6111
SHF857=4615
ACC_REP_NR857=1177
OPID857=7
REF857=1179110402
SEQ857=1179110738320
SAFTDATI857=20200124165120
LCUR857=10
REPL857=2
MERCH_ID857,1=A
MERCH_NAME857,1=Discovery Filling Station Ltd
MERCH_RECEIPT_SEQ_NR857,1=611100993434
PMP857,1=5
PUMP_MODE857,1=1,1,1
NOZZLE857,1=1
NDATI857,1=20200124165057
START_DATE857,1=20200124165014
PRI857,1=1.249
BASEPRI857,1=1.249
QTY857,1=16.01
QTYUNIT857,1=2
GAMT857,1=20.00
AMT857,1=20.00
UGAMT857,1=20.00
UAMT857,1=20.00
PLU857,1=6
NAM857,1=FuelSave Unl
GRP857,1=59
CRD857,1=325
EXTREF857,1=FuelSave Unl
ART_MERCH_ID857,1=A
EXC857,1=20.00
INC857,1=20.00
NQUA_CHANGEABLE857,1=1062637.19
MOP857,1=1
MOP_ADDX857,1=10
ROP857,1=1
PM857,1=110
PA857,1=20.00
SLSTOT857=20.00
TYP858=2
DATI858=20200124165203
STATION_NR858=6111
SHF858=4615
ACC_REP_NR858=1177
OPID858=7
REF858=1179110403
SEQ858=1179110738321
SAFTDATI858=20200124165203
LCUR858=10
REPL858=2
MERCH_ID858,1=A
MERCH_NAME858,1=Discovery Filling Station Ltd
MERCH_RECEIPT_SEQ_NR858,1=611100993435
PMP858,1=1
PUMP_MODE858,1=1,1,1
NOZZLE858,1=1
NDATI858,1=20200124165148
START_DATE858,1=20200124165123
PRI858,1=1.249
BASEPRI858,1=1.249
QTY858,1=7.96
QTYUNIT858,1=2
GAMT858,1=9.94
AMT858,1=9.94
UGAMT858,1=9.94
UAMT858,1=9.94
PLU858,1=6
NAM858,1=FuelSave Unl
GRP858,1=59
CRD858,1=325
EXTREF858,1=FuelSave Unl
ART_MERCH_ID858,1=A
EXC858,1=9.94
INC858,1=9.94
NQUA_CHANGEABLE858,1=662514.57
MOP858,1=1
MOP_ADDX858,1=10
ROP858,1=1
PM858,1=110
PA858,1=9.94
SLSTOT858=9.94
TYP859=2
DATI859=20200124165529
STATION_NR859=6111
SHF859=4615
ACC_REP_NR859=1177
OPID859=7
REF859=1179110404
SEQ859=1179110738322
SAFTDATI859=20200124165529
LCUR859=10
REPL859=2
MERCH_ID859,1=A
MERCH_NAME859,1=Discovery Filling Station Ltd
MERCH_RECEIPT_SEQ_NR859,1=611100993436
PMP859,1=5
PUMP_MODE859,1=1,1,1
NOZZLE859,1=1
NDATI859,1=20200124165503
START_DATE859,1=20200124165418
PRI859,1=1.249
BASEPRI859,1=1.249
QTY859,1=16.05
QTYUNIT859,1=2
GAMT859,1=20.05
AMT859,1=20.05
UGAMT859,1=20.05
UAMT859,1=20.05
PLU859,1=6
NAM859,1=FuelSave Unl
GRP859,1=59
CRD859,1=325
EXTREF859,1=FuelSave Unl
ART_MERCH_ID859,1=A
EXC859,1=20.05
INC859,1=20.05
NQUA_CHANGEABLE859,1=1062653.24
MOP859,1=1
MOP_ADDX859,1=10
ROP859,1=1
PM859,1=110
PA859,1=20.05
SLSTOT859=20.05
TYP860=2
DATI860=20200124165554
STATION_NR860=6111
SHF860=4615
ACC_REP_NR860=1177
OPID860=7
REF860=1179110405
SEQ860=1179110738323
SAFTDATI860=20200124165554
LCUR860=10
PAN860=476368*******813
MERCH_ID860,1=A
MERCH_NAME860,1=Discovery Filling Station Ltd
MERCH_RECEIPT_SEQ_NR860,1=611100993437
PMP860,1=3
PUMP_MODE860,1=1,1,1
NOZZLE860,1=1
NDATI860,1=20200124165416
START_DATE860,1=20200124165329
PRI860,1=1.249
BASEPRI860,1=1.249
QTY860,1=17.87
QTYUNIT860,1=2
GAMT860,1=22.32
AMT860,1=22.32
UGAMT860,1=22.32
UAMT860,1=22.32
PLU860,1=6
NAM860,1=FuelSave Unl
GRP860,1=59
CRD860,1=325
EXTREF860,1=FuelSave Unl
ART_MERCH_ID860,1=A
EXC860,1=22.32
INC860,1=22.32
NQUA_CHANGEABLE860,1=1194820.06
CPPAN860,1=476368*******813
MOP860,1=6
MOP_ADDX860,1=50
MOP_ADDY860,1=12
ROP860,1=1
PM860,1=949
PSUB860,1=12
PA860,1=22.32
SLSTOT860=22.32
TYP861=2
DATI861=20200124165738
STATION_NR861=6111
SHF861=4615
ACC_REP_NR861=1177
OPID861=7
REF861=1179110406
SEQ861=1179110738324
SAFTDATI861=20200124165738
LCUR861=10
REPL861=2
MERCH_ID861,1=A
MERCH_NAME861,1=Discovery Filling Station Ltd
MERCH_RECEIPT_SEQ_NR861,1=611100993438
PMP861,1=6
PUMP_MODE861,1=1,1,1
NOZZLE861,1=2
NDATI861,1=20200124165714
START_DATE861,1=20200124165646
PRI861,1=1.299
BASEPRI861,1=1.299
QTY861,1=7.70
QTYUNIT861,1=2
GAMT861,1=10.00
AMT861,1=10.00
UGAMT861,1=10.00
UAMT861,1=10.00
PLU861,1=3
NAM861,1=FuelSave Dsl
GRP861,1=59
CRD861,1=425
EXTREF861,1=FuelSave Dsl
ART_MERCH_ID861,1=A
EXC861,1=10.00
INC861,1=10.00
NQUA_CHANGEABLE861,1=1187050.53
MOP861,1=1
MOP_ADDX861,1=10
ROP861,1=1
PM861,1=110
PA861,1=10.00
SLSTOT861=10.00
TYP862=2
DATI862=20200124165831
STATION_NR862=6111
SHF862=4615
ACC_REP_NR862=1177
OPID862=7
REF862=1179110407
SEQ862=1179110738325
SAFTDATI862=20200124165831
LCUR862=10
REPL862=2
MERCH_ID862,1=A
MERCH_NAME862,1=Discovery Filling Station Ltd
MERCH_RECEIPT_SEQ_NR862,1=611100993439
PRI862,1=2.00
UPR862,1=2.00
QTY862,1=1.00
QTYUNIT862,1=1
GAMT862,1=2.00
AMT862,1=2.00
UGAMT862,1=2.00
UAMT862,1=2.00
PLU862,1=5031390115161
NAM862,1=250.000 BLUE
GRP862,1=LOTTERY SRATCHC
CRD862,1=9500
ART_MERCH_ID862,1=A
EXC862,1=2.00
INC862,1=2.00
PRI862,2=3.00
UPR862,2=3.00
QTY862,2=1.00
QTYUNIT862,2=1
GAMT862,2=3.00
AMT862,2=3.00
UGAMT862,2=3.00
UAMT862,2=3.00
PLU862,2=5031390115444
NAM862,2=V I P CASHWORD
GRP862,2=LOTTERY SRATCHC
CRD862,2=9500
ART_MERCH_ID862,2=A
EXC862,2=3.00
INC862,2=3.00
PRI862,3=5.00
UPR862,3=5.00
QTY862,3=1.00
QTYUNIT862,3=1
GAMT862,3=5.00
AMT862,3=5.00
UGAMT862,3=5.00
UAMT862,3=5.00
PLU862,3=5031390115499
NAM862,3=2 MILLION BLUE
GRP862,3=LOTTERY SRATCHC
CRD862,3=9500
ART_MERCH_ID862,3=A
EXC862,3=5.00
INC862,3=5.00
MOP862,1=1
MOP_ADDX862,1=10
ROP862,1=1
PM862,1=110
PA862,1=10.00
SLSTOT862=10.00
TYP863=21
SPEC_TYPE863=13
DATI863=20200124165939
STATION_NR863=6111
SHF863=4615
OPID863=7
SPEC_ADDD863=Open cash drawer
TYP864=2
DATI864=20200124170140
STATION_NR864=6111
SHF864=2728
ACC_REP_NR864=1177
OPID864=12
REF864=1179120333
SEQ864=1179120275148
SAFTDATI864=20200124170140
LCUR864=10
PAN864=475116*******226
MERCH_ID864,1=A
MERCH_NAME864,1=Discovery Filling Station Ltd
MERCH_RECEIPT_SEQ_NR864,1=611100993440
PMP864,1=3
PUMP_MODE864,1=1,1,1
NOZZLE864,1=1
NDATI864,1=20200124170117
START_DATE864,1=20200124170049
PRI864,1=1.249
BASEPRI864,1=1.249
QTY864,1=9.62
QTYUNIT864,1=2
GAMT864,1=12.02
AMT864,1=12.02
UGAMT864,1=12.02
UAMT864,1=12.02
PLU864,1=6
NAM864,1=FuelSave Unl
GRP864,1=59
CRD864,1=325
EXTREF864,1=FuelSave Unl
ART_MERCH_ID864,1=A
EXC864,1=12.02
INC864,1=12.02
NQUA_CHANGEABLE864,1=1194829.68
CPPAN864,1=475116*******226
MOP864,1=6
MOP_ADDX864,1=50
MOP_ADDY864,1=12
ROP864,1=1
PM864,1=949
PSUB864,1=12
PA864,1=12.02
SLSTOT864=12.02
TYP865=2
DATI865=20200124170300
STATION_NR865=6111
SHF865=4615
ACC_REP_NR865=1177
OPID865=7
REF865=1179110408
SEQ865=1179110738326
SAFTDATI865=20200124170300
LCUR865=10
REPL865=2
MERCH_ID865,1=A
MERCH_NAME865,1=Discovery Filling Station Ltd
MERCH_RECEIPT_SEQ_NR865,1=611100993441
PMP865,1=1
PUMP_MODE865,1=1,1,1
NOZZLE865,1=2
NDATI865,1=20200124170227
START_DATE865,1=20200124170123
PRI865,1=1.299
BASEPRI865,1=1.299
QTY865,1=17.78
QTYUNIT865,1=2
GAMT865,1=23.10
AMT865,1=23.10
UGAMT865,1=23.10
UAMT865,1=23.10
PLU865,1=3
NAM865,1=FuelSave Dsl
GRP865,1=59
CRD865,1=425
EXTREF865,1=FuelSave Dsl
ART_MERCH_ID865,1=A
EXC865,1=23.10
INC865,1=23.10
NQUA_CHANGEABLE865,1=826139.50
MOP865,1=1
MOP_ADDX865,1=10
ROP865,1=1
PM865,1=110
PA865,1=23.10
SLSTOT865=23.10
TYP866=2
DATI866=20200124170432
STATION_NR866=6111
SHF866=4615
ACC_REP_NR866=1177
OPID866=7
REF866=1179110409
SEQ866=1179110738327
SAFTDATI866=20200124170432
LCUR866=10
PAN866=475117*******986
MERCH_ID866,1=A
MERCH_NAME866,1=Discovery Filling Station Ltd
MERCH_RECEIPT_SEQ_NR866,1=611100993442
PMP866,1=5
PUMP_MODE866,1=1,1,1
NOZZLE866,1=1
NDATI866,1=20200124170412
START_DATE866,1=20200124170335
PRI866,1=1.249
BASEPRI866,1=1.249
QTY866,1=16.02
QTYUNIT866,1=2
GAMT866,1=20.01
AMT866,1=20.01
UGAMT866,1=20.01
UAMT866,1=20.01
PLU866,1=6
NAM866,1=FuelSave Unl
GRP866,1=59
CRD866,1=325
EXTREF866,1=FuelSave Unl
ART_MERCH_ID866,1=A
EXC866,1=20.01
INC866,1=20.01
NQUA_CHANGEABLE866,1=1062669.26
CPPAN866,1=475117*******986
MOP866,1=6
MOP_ADDX866,1=50
MOP_ADDY866,1=12
ROP866,1=1
PM866,1=949
PSUB866,1=12
PA866,1=20.01
SLSTOT866=20.01
TYP867=2
DATI867=20200124170539
STATION_NR867=6111
SHF867=4615
ACC_REP_NR867=1177
OPID867=7
REF867=1179110410
SEQ867=1179110738328
SAFTDATI867=20200124170539
LCUR867=10
PAN867=476367*******717
MERCH_ID867,1=A
MERCH_NAME867,1=Discovery Filling Station Ltd
MERCH_RECEIPT_SEQ_NR867,1=611100993443
PMP867,1=1
PUMP_MODE867,1=1,1,1
NOZZLE867,1=1
NDATI867,1=20200124170449
START_DATE867,1=20200124170406
PRI867,1=1.249
BASEPRI867,1=1.249
QTY867,1=16.01
QTYUNIT867,1=2
GAMT867,1=20.00
AMT867,1=20.00
UGAMT867,1=20.00
UAMT867,1=20.00
PLU867,1=6
NAM867,1=FuelSave Unl
GRP867,1=59
CRD867,1=325
EXTREF867,1=FuelSave Unl
ART_MERCH_ID867,1=A
EXC867,1=20.00
INC867,1=20.00
NQUA_CHANGEABLE867,1=662530.58
CPPAN867,1=476367*******717
MOP867,1=6
MOP_ADDX867,1=50
MOP_ADDY867,1=12
ROP867,1=1
PM867,1=949
PSUB867,1=12
PA867,1=20.00
SLSTOT867=20.00
TYP868=2
DATI868=20200124170559
STATION_NR868=6111
ACC_REP_NR868=1177
REF868=1179520017
SEQ868=1179520008624
SAFTDATI868=20200124170559
LCUR868=10
PAN868=535522******1621
HOSTTYPE868=12
HOSTBOOKPER868=1179
AUTH868=AQZBZS
CAIC868=044026111
ONLINERC868=000
STAN868=058570
REPL868=2
MERCH_ID868,1=A
MERCH_NAME868,1=Discovery Filling Station Ltd
PMP868,1=6
PUMP_MODE868,1=1,3,2
NOZZLE868,1=1
NDATI868,1=20200124170559
START_DATE868,1=20200124170451
PRI868,1=1.249
BASEPRI868,1=1.249
QTY868,1=16.01
QTYUNIT868,1=2
GAMT868,1=20.00
AMT868,1=20.00
UGAMT868,1=20.00
UAMT868,1=20.00
PLU868,1=6
NAM868,1=FuelSave Unl
GRP868,1=59
CRD868,1=325
EXTREF868,1=FuelSave Unl
ART_MERCH_ID868,1=A
EXC868,1=20.00
INC868,1=20.00
NQUA_CHANGEABLE868,1=369714.50
CPPAN868,1=535522******1621
CPREPL868,1=2
CPHOSTTYPE868,1=12
CPHOSTBKPER868,1=1179
CPAUTH868,1=AQZBZS
CPCAIC868,1=044026111
CPONLINERC868,1=000
CPSTAN868,1=058570
MOP868,1=4
MOP_ADDX868,1=4
MOP_ADDY868,1=2
ROP868,1=1
PM868,1=703
PSUB868,1=2
PA868,1=20.00
TRKMED868,1=5
SLSTOT868=20.00
TYP869=2
DATI869=20200124170656
STATION_NR869=6111
SHF869=2728
ACC_REP_NR869=1177
OPID869=12
REF869=1179120334
SEQ869=1179120275149
SAFTDATI869=20200124170656
LCUR869=10
REPL869=2
MERCH_ID869,1=A
MERCH_NAME869,1=Discovery Filling Station Ltd
MERCH_RECEIPT_SEQ_NR869,1=611100993444
PMP869,1=5
PUMP_MODE869,1=1,1,1
NOZZLE869,1=1
NDATI869,1=20200124170624
START_DATE869,1=20200124170558
PRI869,1=1.249
BASEPRI869,1=1.249
QTY869,1=8.02
QTYUNIT869,1=2
GAMT869,1=10.02
AMT869,1=10.02
UGAMT869,1=10.02
UAMT869,1=10.02
PLU869,1=6
NAM869,1=FuelSave Unl
GRP869,1=59
CRD869,1=325
EXTREF869,1=FuelSave Unl
ART_MERCH_ID869,1=A
EXC869,1=10.02
INC869,1=10.02
NQUA_CHANGEABLE869,1=1062677.28
MOP869,1=1
MOP_ADDX869,1=10
ROP869,1=1
PM869,1=110
PA869,1=10.02
SLSTOT869=10.02
TYP870=2
DATI870=20200124170647
STATION_NR870=6111
SHF870=4615
ACC_REP_NR870=1177
OPID870=7
REF870=1179110411
SEQ870=1179110738329
SAFTDATI870=20200124170647
LCUR870=10
PAN870=475117*******865
MERCH_ID870,1=A
MERCH_NAME870,1=Discovery Filling Station Ltd
MERCH_RECEIPT_SEQ_NR870,1=611100993445
PMP870,1=3
PUMP_MODE870,1=1,1,1
NOZZLE870,1=3
NDATI870,1=20200124170629
START_DATE870,1=20200124170524
PRI870,1=1.299
BASEPRI870,1=1.299
QTY870,1=17.15
QTYUNIT870,1=2
GAMT870,1=22.28
AMT870,1=22.28
UGAMT870,1=22.28
UAMT870,1=22.28
PLU870,1=3
NAM870,1=FuelSave Dsl
GRP870,1=59
CRD870,1=425
EXTREF870,1=FuelSave Dsl
ART_MERCH_ID870,1=A
EXC870,1=22.28
INC870,1=22.28
NQUA_CHANGEABLE870,1=1277809.46
CPPAN870,1=475117*******865
MOP870,1=6
MOP_ADDX870,1=50
MOP_ADDY870,1=12
ROP870,1=1
PM870,1=949
PSUB870,1=12
PA870,1=22.28
SLSTOT870=22.28
TYP871=2
DATI871=20200124170741
STATION_NR871=6111
SHF871=4615
ACC_REP_NR871=1177
OPID871=7
REF871=1179110412
SEQ871=1179110738330
SAFTDATI871=20200124170741
LCUR871=10
PAN871=476223*******514
MERCH_ID871,1=A
MERCH_NAME871,1=Discovery Filling Station Ltd
MERCH_RECEIPT_SEQ_NR871,1=611100993446
PMP871,1=1
PUMP_MODE871,1=1,1,1
NOZZLE871,1=1
NDATI871,1=20200124170724
START_DATE871,1=20200124170645
PRI871,1=1.249
BASEPRI871,1=1.249
QTY871,1=12.07
QTYUNIT871,1=2
GAMT871,1=15.08
AMT871,1=15.08
UGAMT871,1=15.08
UAMT871,1=15.08
PLU871,1=6
NAM871,1=FuelSave Unl
GRP871,1=59
CRD871,1=325
EXTREF871,1=FuelSave Unl
ART_MERCH_ID871,1=A
EXC871,1=15.08
INC871,1=15.08
NQUA_CHANGEABLE871,1=662542.65
CPPAN871,1=476223*******514
MOP871,1=6
MOP_ADDX871,1=50
MOP_ADDY871,1=12
ROP871,1=1
PM871,1=949
PSUB871,1=12
PA871,1=15.08
SLSTOT871=15.08
TYP872=2
DATI872=20200124170912
STATION_NR872=6111
SHF872=4615
ACC_REP_NR872=1177
OPID872=7
REF872=1179110413
SEQ872=1179110738331
SAFTDATI872=20200124170912
LCUR872=10
PAN872=700205*******429723
MERCH_ID872,1=A
MERCH_NAME872,1=Discovery Filling Station Ltd
MERCH_RECEIPT_SEQ_NR872,1=611100993447
PMP872,1=4
PUMP_MODE872,1=1,1,1
NOZZLE872,1=3
NDATI872,1=20200124170851
START_DATE872,1=20200124170655
PRI872,1=1.299
BASEPRI872,1=1.299
QTY872,1=56.78
QTYUNIT872,1=2
GAMT872,1=73.76
AMT872,1=73.76
UGAMT872,1=73.76
UAMT872,1=73.76
PLU872,1=3
NAM872,1=FuelSave Dsl
GRP872,1=59
CRD872,1=425
EXTREF872,1=FuelSave Dsl
ART_MERCH_ID872,1=A
EXC872,1=73.76
INC872,1=73.76
NQUA_CHANGEABLE872,1=1503304.62
CPPAN872,1=700205*******429723
MOP872,1=6
MOP_ADDX872,1=50
MOP_ADDY872,1=1
ROP872,1=1
PM872,1=949
PSUB872,1=1
PA872,1=73.76
SLSTOT872=73.76
TYP873=2
DATI873=20200124170958
STATION_NR873=6111
SHF873=2728
ACC_REP_NR873=1177
OPID873=12
REF873=1179120335
SEQ873=1179120275150
SAFTDATI873=20200124170958
LCUR873=10
PAN873=475748*******208
MERCH_ID873,1=A
MERCH_NAME873,1=Discovery Filling Station Ltd
MERCH_RECEIPT_SEQ_NR873,1=611100993448
PMP873,1=2
PUMP_MODE873,1=1,1,1
NOZZLE873,1=2
NDATI873,1=20200124170931
START_DATE873,1=20200124170819
PRI873,1=1.299
BASEPRI873,1=1.299
QTY873,1=30.80
QTYUNIT873,1=2
GAMT873,1=40.01
AMT873,1=40.01
UGAMT873,1=40.01
UAMT873,1=40.01
PLU873,1=3
NAM873,1=FuelSave Dsl
GRP873,1=59
CRD873,1=425
EXTREF873,1=FuelSave Dsl
ART_MERCH_ID873,1=A
EXC873,1=40.01
INC873,1=40.01
NQUA_CHANGEABLE873,1=1555490.11
CPPAN873,1=475748*******208
MOP873,1=6
MOP_ADDX873,1=50
MOP_ADDY873,1=12
ROP873,1=1
PM873,1=949
PSUB873,1=12
PA873,1=40.01
SLSTOT873=40.01
TYP874=2
DATI874=20200124171220
STATION_NR874=6111
SHF874=4615
ACC_REP_NR874=1177
OPID874=7
REF874=1179110414
SEQ874=1179110738332
SAFTDATI874=20200124171220
LCUR874=10
PAN874=476223*******635
MERCH_ID874,1=A
MERCH_NAME874,1=Discovery Filling Station Ltd
MERCH_RECEIPT_SEQ_NR874,1=611100993449
PMP874,1=3
PUMP_MODE874,1=1,1,1
NOZZLE874,1=2
NDATI874,1=20200124171140
START_DATE874,1=20200124171050
PRI874,1=1.529
BASEPRI874,1=1.529
QTY874,1=9.81
QTYUNIT874,1=2
GAMT874,1=15.00
AMT874,1=15.00
UGAMT874,1=15.00
UAMT874,1=15.00
PLU874,1=8
NAM874,1=V Power Dsl
GRP874,1=59
CRD874,1=430
EXTREF874,1=V Power Dsl
ART_MERCH_ID874,1=A
EXC874,1=15.00
INC874,1=15.00
NQUA_CHANGEABLE874,1=177746.23
CPPAN874,1=476223*******635
MOP874,1=6
MOP_ADDX874,1=50
MOP_ADDY874,1=12
ROP874,1=1
PM874,1=949
PSUB874,1=12
PA874,1=15.00
SLSTOT874=15.00
TYP875=2
DATI875=20200124171300
STATION_NR875=6111
SHF875=4615
ACC_REP_NR875=1177
OPID875=7
REF875=1179110415
SEQ875=1179110738333
SAFTDATI875=20200124171300
LCUR875=10
PAN875=454313*******123
MERCH_ID875,1=A
MERCH_NAME875,1=Discovery Filling Station Ltd
MERCH_RECEIPT_SEQ_NR875,1=611100993450
PMP875,1=5
PUMP_MODE875,1=1,1,1
NOZZLE875,1=2
NDATI875,1=20200124171229
START_DATE875,1=20200124171015
PRI875,1=1.299
BASEPRI875,1=1.299
QTY875,1=50.83
QTYUNIT875,1=2
GAMT875,1=66.03
AMT875,1=66.03
UGAMT875,1=66.03
UAMT875,1=66.03
PLU875,1=3
NAM875,1=FuelSave Dsl
GRP875,1=59
CRD875,1=425
EXTREF875,1=FuelSave Dsl
ART_MERCH_ID875,1=A
EXC875,1=66.03
INC875,1=66.03
NQUA_CHANGEABLE875,1=1115297.49
CPPAN875,1=454313*******123
MOP875,1=6
MOP_ADDX875,1=50
MOP_ADDY875,1=12
ROP875,1=1
PM875,1=949
PSUB875,1=12
PA875,1=66.03
SLSTOT875=66.03
TYP876=2
DATI876=20200124171430
STATION_NR876=6111
SHF876=2728
ACC_REP_NR876=1177
OPID876=12
REF876=1179120336
SEQ876=1179120275151
SAFTDATI876=20200124171430
LCUR876=10
PAN876=481885*******133
MERCH_ID876,1=A
MERCH_NAME876,1=Discovery Filling Station Ltd
MERCH_RECEIPT_SEQ_NR876,1=611100993451
PRI876,1=1.29
UPR876,1=1.29
QTY876,1=1.00
QTYUNIT876,1=1
GAMT876,1=1.29
AMT876,1=1.29
UGAMT876,1=1.29
UAMT876,1=1.29
PLU876,1=5000382108689
NAM876,1=ROCKSTAR
GRP876,1=DRINKS
CRD876,1=3119
ART_MERCH_ID876,1=A
PRC876,1=20.00
VAMT876,1=0.21
EXC876,1=1.08
INC876,1=1.29
PRI876,2=0.79
UPR876,2=0.79
QTY876,2=1.00
QTYUNIT876,2=1
GAMT876,2=0.79
AMT876,2=0.79
UGAMT876,2=0.79
UAMT876,2=0.79
PLU876,2=5017353500809
NAM876,2=GLPH PARACET
GRP876,2=GROCERY VAT
CRD876,2=3119
ART_MERCH_ID876,2=A
PRC876,2=20.00
VAMT876,2=0.13
EXC876,2=0.66
INC876,2=0.79
PMP876,3=4
PUMP_MODE876,3=1,1,1
NOZZLE876,3=1
NDATI876,3=20200124171314
START_DATE876,3=20200124171230
PRI876,3=1.249
BASEPRI876,3=1.249
QTY876,3=12.05
QTYUNIT876,3=2
GAMT876,3=15.05
AMT876,3=15.05
UGAMT876,3=15.05
UAMT876,3=15.05
PLU876,3=6
NAM876,3=FuelSave Unl
GRP876,3=59
CRD876,3=325
EXTREF876,3=FuelSave Unl
ART_MERCH_ID876,3=A
EXC876,3=15.05
INC876,3=15.05
NQUA_CHANGEABLE876,3=708758.17
CPPAN876,1=481885*******133
MOP876,1=6
MOP_ADDX876,1=50
MOP_ADDY876,1=13
ROP876,1=1
PM876,1=949
PSUB876,1=13
PA876,1=17.13
SLSTOT876=17.13
TYP877=2
DATI877=20200124171443
STATION_NR877=6111
SHF877=4615
ACC_REP_NR877=1177
OPID877=7
REF877=1179110416
SEQ877=1179110738334
SAFTDATI877=20200124171443
LCUR877=10
PAN877=535522*******824
MERCH_ID877,1=A
MERCH_NAME877,1=Discovery Filling Station Ltd
MERCH_RECEIPT_SEQ_NR877,1=611100993452
PMP877,1=2
PUMP_MODE877,1=1,1,1
NOZZLE877,1=1
NDATI877,1=20200124171407
START_DATE877,1=20200124171335
PRI877,1=1.249
BASEPRI877,1=1.249
QTY877,1=11.64
QTYUNIT877,1=2
GAMT877,1=14.54
AMT877,1=14.54
UGAMT877,1=14.54
UAMT877,1=14.54
PLU877,1=6
NAM877,1=FuelSave Unl
GRP877,1=59
CRD877,1=325
EXTREF877,1=FuelSave Unl
ART_MERCH_ID877,1=A
EXC877,1=14.54
INC877,1=14.54
NQUA_CHANGEABLE877,1=570922.63
PRI877,2=14.10
UPR877,2=14.10
QTY877,2=1.00
QTYUNIT877,2=1
GAMT877,2=14.10
AMT877,2=14.10
UGAMT877,2=14.10
UAMT877,2=14.10
PLU877,2=5000143958621
NAM877,2=A/LEAF 30G
GRP877,2=TOBACCO
CRD877,2=4019
ART_MERCH_ID877,2=A
PRC877,2=20.00
VAMT877,2=2.35
EXC877,2=11.75
INC877,2=14.10
CPPAN877,1=535522*******824
MOP877,1=6
MOP_ADDX877,1=50
MOP_ADDY877,1=14
ROP877,1=1
PM877,1=949
PSUB877,1=14
PA877,1=28.64
SLSTOT877=28.64
TYP878=2
DATI878=20200124171522
STATION_NR878=6111
SHF878=4615
ACC_REP_NR878=1177
OPID878=7
REF878=1179110417
SEQ878=1179110738335
SAFTDATI878=20200124171522
LCUR878=10
PAN878=476365*******012
MERCH_ID878,1=A
MERCH_NAME878,1=Discovery Filling Station Ltd
MERCH_RECEIPT_SEQ_NR878,1=611100993453
PMP878,1=3
PUMP_MODE878,1=1,1,1
NOZZLE878,1=3
NDATI878,1=20200124171409
START_DATE878,1=20200124171336
PRI878,1=1.299
BASEPRI878,1=1.299
QTY878,1=11.55
QTYUNIT878,1=2
GAMT878,1=15.00
AMT878,1=15.00
UGAMT878,1=15.00
UAMT878,1=15.00
PLU878,1=3
NAM878,1=FuelSave Dsl
GRP878,1=59
CRD878,1=425
EXTREF878,1=FuelSave Dsl
ART_MERCH_ID878,1=A
EXC878,1=15.00
INC878,1=15.00
NQUA_CHANGEABLE878,1=1277821.01
PRI878,2=0.99
UPR878,2=0.99
QTY878,2=1.00
QTYUNIT878,2=1
GAMT878,2=0.99
AMT878,2=0.99
UGAMT878,2=0.99
UAMT878,2=0.99
PLU878,2=5000382044925
NAM878,2=IRN BRU
GRP878,2=DRINKS
CRD878,2=3119
ART_MERCH_ID878,2=A
PRC878,2=20.00
VAMT878,2=0.16
EXC878,2=0.83
INC878,2=0.99
CPPAN878,1=476365*******012
MOP878,1=6
MOP_ADDX878,1=50
MOP_ADDY878,1=12
ROP878,1=1
PM878,1=949
PSUB878,1=12
PA878,1=15.99
SLSTOT878=15.99
TYP879=2
DATI879=20200124171809
STATION_NR879=6111
SHF879=4615
ACC_REP_NR879=1177
OPID879=7
REF879=1179110418
SEQ879=1179110738336
SAFTDATI879=20200124171809
LCUR879=10
PAN879=476367*******179
REPL879=2
MERCH_ID879,1=A
MERCH_NAME879,1=Discovery Filling Station Ltd
MERCH_RECEIPT_SEQ_NR879,1=611100993454
PRI879,1=1.99
UPR879,1=1.99
QTY879,1=1.00
QTYUNIT879,1=1
GAMT879,1=1.99
AMT879,1=1.99
UGAMT879,1=1.99
UAMT879,1=1.99
PLU879,1=5000382109549
NAM879,1=IRN BRU 1901
GRP879,1=DRINKS
CRD879,1=3119
ART_MERCH_ID879,1=A
PRC879,1=20.00
VAMT879,1=0.33
EXC879,1=1.66
INC879,1=1.99
PRI879,2=1.99
UPR879,2=1.99
QTY879,2=1.00
QTYUNIT879,2=1
GAMT879,2=1.99
AMT879,2=1.99
UGAMT879,2=1.99
UAMT879,2=1.99
PLU879,2=5000382109549
NAM879,2=IRN BRU 1901
GRP879,2=DRINKS
CRD879,2=3119
ART_MERCH_ID879,2=A
PRC879,2=20.00
VAMT879,2=0.33
EXC879,2=1.66
INC879,2=1.99
PRI879,3=1.85
UPR879,3=1.85
QTY879,3=1.00
QTYUNIT879,3=1
GAMT879,3=1.85
AMT879,3=1.85
UGAMT879,3=1.85
UAMT879,3=1.85
PLU879,3=490411
NAM879,3=CLARKS STEAK & GRAVY
GRP879,3=CHILLED FOOD
CRD879,3=3400
ART_MERCH_ID879,3=A
EXC879,3=1.85
INC879,3=1.85
MOP879,1=1
MOP_ADDX879,1=10
ROP879,1=1
PM879,1=110
PA879,1=5.00
CPPAN879,2=476367*******179
MOP879,2=6
MOP_ADDX879,2=50
MOP_ADDY879,2=12
ROP879,2=1
PM879,2=949
PSUB879,2=12
PA879,2=0.83
SLSTOT879=5.83
TYP880=2
DATI880=20200124171902
STATION_NR880=6111
SHF880=4615
ACC_REP_NR880=1177
OPID880=7
REF880=1179110419
SEQ880=1179110738337
SAFTDATI880=20200124171902
LCUR880=10
REPL880=2
MERCH_ID880,1=A
MERCH_NAME880,1=Discovery Filling Station Ltd
MERCH_RECEIPT_SEQ_NR880,1=611100993455
PMP880,1=3
PUMP_MODE880,1=1,1,1
NOZZLE880,1=3
NDATI880,1=20200124171835
START_DATE880,1=20200124171800
PRI880,1=1.299
BASEPRI880,1=1.299
QTY880,1=11.54
QTYUNIT880,1=2
GAMT880,1=14.99
AMT880,1=14.99
UGAMT880,1=14.99
UAMT880,1=14.99
PLU880,1=3
NAM880,1=FuelSave Dsl
GRP880,1=59
CRD880,1=425
EXTREF880,1=FuelSave Dsl
ART_MERCH_ID880,1=A
EXC880,1=14.99
INC880,1=14.99
NQUA_CHANGEABLE880,1=1277832.55
MOP880,1=1
MOP_ADDX880,1=10
ROP880,1=1
PM880,1=110
PA880,1=14.99
SLSTOT880=14.99
TYP881=2
DATI881=20200124171917
STATION_NR881=6111
SHF881=4615
ACC_REP_NR881=1177
OPID881=7
REF881=1179110420
SEQ881=1179110738338
SAFTDATI881=20200124171917
LCUR881=10
REPL881=2
MERCH_ID881,1=A
MERCH_NAME881,1=Discovery Filling Station Ltd
MERCH_RECEIPT_SEQ_NR881,1=611100993456
PMP881,1=2
PUMP_MODE881,1=1,1,1
NOZZLE881,1=2
NDATI881,1=20200124171848
START_DATE881,1=20200124171806
PRI881,1=1.299
BASEPRI881,1=1.299
QTY881,1=7.70
QTYUNIT881,1=2
GAMT881,1=10.00
AMT881,1=10.00
UGAMT881,1=10.00
UAMT881,1=10.00
PLU881,1=3
NAM881,1=FuelSave Dsl
GRP881,1=59
CRD881,1=425
EXTREF881,1=FuelSave Dsl
ART_MERCH_ID881,1=A
EXC881,1=10.00
INC881,1=10.00
NQUA_CHANGEABLE881,1=1555497.81
MOP881,1=1
MOP_ADDX881,1=10
ROP881,1=1
PM881,1=110
PA881,1=10.00
SLSTOT881=10.00
TYP882=2
DATI882=20200124172015
STATION_NR882=6111
SHF882=4615
ACC_REP_NR882=1177
OPID882=7
REF882=1179110421
SEQ882=1179110738339
SAFTDATI882=20200124172015
LCUR882=10
REPL882=2
MERCH_ID882,1=A
MERCH_NAME882,1=Discovery Filling Station Ltd
MERCH_RECEIPT_SEQ_NR882,1=611100993457
PMP882,1=1
PUMP_MODE882,1=1,1,1
NOZZLE882,1=2
NDATI882,1=20200124171921
START_DATE882,1=20200124171839
PRI882,1=1.299
BASEPRI882,1=1.299
QTY882,1=15.41
QTYUNIT882,1=2
GAMT882,1=20.02
AMT882,1=20.02
UGAMT882,1=20.02
UAMT882,1=20.02
PLU882,1=3
NAM882,1=FuelSave Dsl
GRP882,1=59
CRD882,1=425
EXTREF882,1=FuelSave Dsl
ART_MERCH_ID882,1=A
EXC882,1=20.02
INC882,1=20.02
NQUA_CHANGEABLE882,1=826154.91
MOP882,1=1
MOP_ADDX882,1=10
ROP882,1=1
PM882,1=110
PA882,1=20.02
SLSTOT882=20.02
TYP883=21
SPEC_TYPE883=14
DATI883=20200124172046
STATION_NR883=6111
SHF883=2728
OPID883=12
LREF883=1179120337
SPEC_ID883=3000
SPEC_NAME883=MISC VAT
SPEC_ITYP883=1
SPEC_QUA883=1.00
SPEC_PRI883=1.99
SPEC_AMT883=1.99
TYP884=2
DATI884=20200124172049
STATION_NR884=6111
SHF884=2728
ACC_REP_NR884=1177
OPID884=12
REF884=1179120337
SEQ884=1179120275152
SAFTDATI884=20200124172049
LCUR884=10
REPL884=2
MERCH_ID884,1=A
MERCH_NAME884,1=Discovery Filling Station Ltd
MERCH_RECEIPT_SEQ_NR884,1=611100993458
PRI884,1=1.99
UPR884,1=1.99
QTY884,1=1.00
QTYUNIT884,1=1
GAMT884,1=1.99
AMT884,1=1.99
UGAMT884,1=1.99
UAMT884,1=1.99
PLU884,1=3000
NAM884,1=MISC VAT
GRP884,1=MISC VAT
CRD884,1=6019
ART_MERCH_ID884,1=A
PRC884,1=20.00
VAMT884,1=0.33
EXC884,1=1.66
INC884,1=1.99
MOP884,1=1
MOP_ADDX884,1=10
ROP884,1=1
PM884,1=110
PA884,1=1.99
SLSTOT884=1.99
TYP885=2
DATI885=20200124172109
STATION_NR885=6111
SHF885=4615
ACC_REP_NR885=1177
OPID885=7
REF885=1179110422
SEQ885=1179110738340
SAFTDATI885=20200124172109
LCUR885=10
REPL885=2
MERCH_ID885,1=A
MERCH_NAME885,1=Discovery Filling Station Ltd
MERCH_RECEIPT_SEQ_NR885,1=611100993459
PRI885,1=2.00
UPR885,1=2.00
QTY885,1=1.00
QTYUNIT885,1=1
GAMT885,1=2.00
AMT885,1=2.00
UGAMT885,1=2.00
UAMT885,1=2.00
PLU885,1=2083800000003
NAM885,1=LOTTERY
GRP885,1=LOTTERY ONLINE
CRD885,1=9500
ART_MERCH_ID885,1=A
EXC885,1=2.00
INC885,1=2.00
PRI885,2=1.00
UPR885,2=1.00
QTY885,2=1.00
QTYUNIT885,2=1
GAMT885,2=1.00
AMT885,2=1.00
UGAMT885,2=1.00
UAMT885,2=1.00
PLU885,2=5031390115154
NAM885,2=100000 1
GRP885,2=LOTTERY SRATCHC
CRD885,2=9500
ART_MERCH_ID885,2=A
EXC885,2=1.00
INC885,2=1.00
PRI885,3=1.00
UPR885,3=1.00
QTY885,3=1.00
QTYUNIT885,3=1
GAMT885,3=1.00
AMT885,3=1.00
UGAMT885,3=1.00
UAMT885,3=1.00
PLU885,3=5031390114744
NAM885,3=NEW YEAR 2020
GRP885,3=LOTTERY SRATCHC
CRD885,3=9500
ART_MERCH_ID885,3=A
EXC885,3=1.00
INC885,3=1.00
PRI885,4=1.00
UPR885,4=1.00
QTY885,4=1.00
QTYUNIT885,4=1
GAMT885,4=1.00
AMT885,4=1.00
UGAMT885,4=1.00
UAMT885,4=1.00
PLU885,4=5031390115284
NAM885,4=BEE LUCKY 1
GRP885,4=LOTTERY SRATCHC
CRD885,4=9500
ART_MERCH_ID885,4=A
EXC885,4=1.00
INC885,4=1.00
MOP885,1=1
MOP_ADDX885,1=10
ROP885,1=1
PM885,1=110
PA885,1=5.00
SLSTOT885=5.00
TYP886=2
DATI886=20200124172151
STATION_NR886=6111
SHF886=2728
ACC_REP_NR886=1177
OPID886=12
REF886=1179120338
SEQ886=1179120275153
SAFTDATI886=20200124172151
LCUR886=10
REPL886=2
MERCH_ID886,1=A
MERCH_NAME886,1=Discovery Filling Station Ltd
MERCH_RECEIPT_SEQ_NR886,1=611100993460
PRI886,1=0.41
UPR886,1=0.41
QTY886,1=1.00
QTYUNIT886,1=1
GAMT886,1=0.41
AMT886,1=0.41
UGAMT886,1=0.41
UAMT886,1=0.41
PLU886,1=50008667
NAM886,1=RIZLA SILVER REG
GRP886,1=TOBACCO SUNDRIE
CRD886,1=4019
ART_MERCH_ID886,1=A
PRC886,1=20.00
VAMT886,1=0.07
EXC886,1=0.34
INC886,1=0.41
PRI886,2=2.50
UPR886,2=2.50
QTY886,2=1.00
QTYUNIT886,2=1
GAMT886,2=2.50
AMT886,2=2.50
UGAMT886,2=2.50
UAMT886,2=2.50
PLU886,2=2083800000003
NAM886,2=LOTTERY
GRP886,2=LOTTERY ONLINE
CRD886,2=9500
ART_MERCH_ID886,2=A
EXC886,2=2.50
INC886,2=2.50
MOP886,1=1
MOP_ADDX886,1=10
ROP886,1=1
PM886,1=110
PA886,1=2.91
SLSTOT886=2.91
TYP887=21
SPEC_TYPE887=3
DATI887=20200124172154
STATION_NR887=6111
SHF887=4615
OPID887=7
LREF887=1179110423
SPEC_ID887=6
SPEC_NAME887=FuelSave Unl
SPEC_QUA887=5.61
SPEC_PRI887=1.249
SPEC_AMT887=7.01
SPEC_ADDD887=5
TYP888=21
SPEC_TYPE888=3
DATI888=20200124172154
STATION_NR888=6111
SHF888=4615
OPID888=7
LREF888=1179110423
SPEC_ID888=6
SPEC_NAME888=FuelSave Unl
SPEC_QUA888=1.02
SPEC_PRI888=1.249
SPEC_AMT888=1.27
SPEC_ADDD888=5
TYP889=2
DATI889=20200124172225
STATION_NR889=6111
SHF889=4615
ACC_REP_NR889=1177
OPID889=7
REF889=1179110424
SEQ889=1179110738341
SAFTDATI889=20200124172225
LCUR889=10
REPL889=2
MERCH_ID889,1=A
MERCH_NAME889,1=Discovery Filling Station Ltd
MERCH_RECEIPT_SEQ_NR889,1=611100993461
PMP889,1=5
PUMP_MODE889,1=1,1,1
NOZZLE889,1=1
NDATI889,1=20200124171829
START_DATE889,1=20200124171740
PRI889,1=1.249
BASEPRI889,1=1.249
QTY889,1=1.02
QTYUNIT889,1=2
GAMT889,1=1.27
AMT889,1=1.27
UGAMT889,1=1.27
UAMT889,1=1.27
PLU889,1=6
NAM889,1=FuelSave Unl
GRP889,1=59
CRD889,1=325
EXTREF889,1=FuelSave Unl
ART_MERCH_ID889,1=A
EXC889,1=1.27
INC889,1=1.27
NQUA_CHANGEABLE889,1=1062678.30
PMP889,2=5
PUMP_MODE889,2=1,1,1
NOZZLE889,2=1
NDATI889,2=20200124172148
START_DATE889,2=20200124172036
PRI889,2=1.249
BASEPRI889,2=1.249
QTY889,2=5.61
QTYUNIT889,2=2
GAMT889,2=7.01
AMT889,2=7.01
UGAMT889,2=7.01
UAMT889,2=7.01
PLU889,2=6
NAM889,2=FuelSave Unl
GRP889,2=59
CRD889,2=325
EXTREF889,2=FuelSave Unl
ART_MERCH_ID889,2=A
EXC889,2=7.01
INC889,2=7.01
NQUA_CHANGEABLE889,2=1062683.91
MOP889,1=1
MOP_ADDX889,1=10
ROP889,1=1
PM889,1=110
PA889,1=8.28
SLSTOT889=8.28
TYP890=2
DATI890=20200124172411
STATION_NR890=6111
SHF890=4615
ACC_REP_NR890=1177
OPID890=7
REF890=1179110425
SEQ890=1179110738342
SAFTDATI890=20200124172411
LCUR890=10
PAN890=535562*******798
MERCH_ID890,1=A
MERCH_NAME890,1=Discovery Filling Station Ltd
MERCH_RECEIPT_SEQ_NR890,1=611100993462
PMP890,1=4
PUMP_MODE890,1=1,1,1
NOZZLE890,1=1
NDATI890,1=20200124172305
START_DATE890,1=20200124172151
PRI890,1=1.249
BASEPRI890,1=1.249
QTY890,1=16.01
QTYUNIT890,1=2
GAMT890,1=20.00
AMT890,1=20.00
UGAMT890,1=20.00
UAMT890,1=20.00
PLU890,1=6
NAM890,1=FuelSave Unl
GRP890,1=59
CRD890,1=325
EXTREF890,1=FuelSave Unl
ART_MERCH_ID890,1=A
EXC890,1=20.00
INC890,1=20.00
NQUA_CHANGEABLE890,1=708774.18
PRI890,2=0.66
UPR890,2=0.66
QTY890,2=1.00
QTYUNIT890,2=1
GAMT890,2=0.66
AMT890,2=0.66
UGAMT890,2=0.66
UAMT890,2=0.66
PLU890,2=50833917
NAM890,2=TREBOR EXTRA STRONG
GRP890,2=CONFECTIONERY
CRD890,2=3119
ART_MERCH_ID890,2=A
PRC890,2=20.00
VAMT890,2=0.11
EXC890,2=0.55
INC890,2=0.66
CPPAN890,1=535562*******798
MOP890,1=6
MOP_ADDX890,1=50
MOP_ADDY890,1=14
ROP890,1=1
PM890,1=949
PSUB890,1=14
PA890,1=20.66
SLSTOT890=20.66
TYP891=2
DATI891=20200124172426
STATION_NR891=6111
SHF891=4615
ACC_REP_NR891=1177
OPID891=7
REF891=1179110426
SEQ891=1179110738343
SAFTDATI891=20200124172426
LCUR891=10
PAN891=481819*******106
MERCH_ID891,1=A
MERCH_NAME891,1=Discovery Filling Station Ltd
MERCH_RECEIPT_SEQ_NR891,1=611100993463
PMP891,1=1
PUMP_MODE891,1=1,1,1
NOZZLE891,1=1
NDATI891,1=20200124172349
START_DATE891,1=20200124172317
PRI891,1=1.249
BASEPRI891,1=1.249
QTY891,1=8.01
QTYUNIT891,1=2
GAMT891,1=10.00
AMT891,1=10.00
UGAMT891,1=10.00
UAMT891,1=10.00
PLU891,1=6
NAM891,1=FuelSave Unl
GRP891,1=59
CRD891,1=325
EXTREF891,1=FuelSave Unl
ART_MERCH_ID891,1=A
EXC891,1=10.00
INC891,1=10.00
NQUA_CHANGEABLE891,1=662550.66
CPPAN891,1=481819*******106
MOP891,1=6
MOP_ADDX891,1=50
MOP_ADDY891,1=13
ROP891,1=1
PM891,1=949
PSUB891,1=13
PA891,1=10.00
SLSTOT891=10.00
TYP892=2
DATI892=20200124172445
STATION_NR892=6111
SHF892=4615
ACC_REP_NR892=1177
OPID892=7
REF892=1179110427
SEQ892=1179110738344
SAFTDATI892=20200124172445
LCUR892=10
PAN892=476367*******780
MERCH_ID892,1=A
MERCH_NAME892,1=Discovery Filling Station Ltd
MERCH_RECEIPT_SEQ_NR892,1=611100993464
PMP892,1=6
PUMP_MODE892,1=1,1,1
NOZZLE892,1=1
NDATI892,1=20200124172410
START_DATE892,1=20200124172307
PRI892,1=1.249
BASEPRI892,1=1.249
QTY892,1=24.18
QTYUNIT892,1=2
GAMT892,1=30.20
AMT892,1=30.20
UGAMT892,1=30.20
UAMT892,1=30.20
PLU892,1=6
NAM892,1=FuelSave Unl
GRP892,1=59
CRD892,1=325
EXTREF892,1=FuelSave Unl
ART_MERCH_ID892,1=A
EXC892,1=30.20
INC892,1=30.20
NQUA_CHANGEABLE892,1=369738.68
CPPAN892,1=476367*******780
MOP892,1=6
MOP_ADDX892,1=50
MOP_ADDY892,1=12
ROP892,1=1
PM892,1=949
PSUB892,1=12
PA892,1=30.20
SLSTOT892=30.20
TYP893=2
DATI893=20200124172511
STATION_NR893=6111
SHF893=4615
ACC_REP_NR893=1177
OPID893=7
REF893=1179110428
SEQ893=1179110738345
SAFTDATI893=20200124172511
LCUR893=10
REPL893=2
MERCH_ID893,1=A
MERCH_NAME893,1=Discovery Filling Station Ltd
MERCH_RECEIPT_SEQ_NR893,1=611100993465
PMP893,1=5
PUMP_MODE893,1=1,1,1
NOZZLE893,1=1
NDATI893,1=20200124172429
START_DATE893,1=20200124172348
PRI893,1=1.249
BASEPRI893,1=1.249
QTY893,1=9.61
QTYUNIT893,1=2
GAMT893,1=12.00
AMT893,1=12.00
UGAMT893,1=12.00
UAMT893,1=12.00
PLU893,1=6
NAM893,1=FuelSave Unl
GRP893,1=59
CRD893,1=325
EXTREF893,1=FuelSave Unl
ART_MERCH_ID893,1=A
EXC893,1=12.00
INC893,1=12.00
NQUA_CHANGEABLE893,1=1062693.52
MOP893,1=1
MOP_ADDX893,1=10
ROP893,1=1
PM893,1=110
PA893,1=12.00
SLSTOT893=12.00
TYP894=2
DATI894=20200124172718
STATION_NR894=6111
SHF894=4615
ACC_REP_NR894=1177
OPID894=7
REF894=1179110429
SEQ894=1179110738346
SAFTDATI894=20200124172718
LCUR894=10
REPL894=2
MERCH_ID894,1=A
MERCH_NAME894,1=Discovery Filling Station Ltd
MERCH_RECEIPT_SEQ_NR894,1=611100993466
PRI894,1=0.66
UPR894,1=0.66
QTY894,1=1.00
QTYUNIT894,1=1
GAMT894,1=0.66
AMT894,1=0.66
UGAMT894,1=0.66
UAMT894,1=0.66
PLU894,1=50833917
NAM894,1=TREBOR EXTRA STRONG
GRP894,1=CONFECTIONERY
CRD894,1=3119
ART_MERCH_ID894,1=A
PRC894,1=20.00
VAMT894,1=0.11
EXC894,1=0.55
INC894,1=0.66
PRI894,2=0.66
UPR894,2=0.66
QTY894,2=1.00
QTYUNIT894,2=1
GAMT894,2=0.66
AMT894,2=0.66
UGAMT894,2=0.66
UAMT894,2=0.66
PLU894,2=50833917
NAM894,2=TREBOR EXTRA STRONG
GRP894,2=CONFECTIONERY
CRD894,2=3119
ART_MERCH_ID894,2=A
PRC894,2=20.00
VAMT894,2=0.11
EXC894,2=0.55
INC894,2=0.66
MOP894,1=1
MOP_ADDX894,1=10
ROP894,1=1
PM894,1=110
PA894,1=1.32
SLSTOT894=1.32
TYP895=2
DATI895=20200124172923
STATION_NR895=6111
SHF895=2728
ACC_REP_NR895=1177
OPID895=12
REF895=1179120339
SEQ895=1179120275154
SAFTDATI895=20200124172923
LCUR895=10
REPL895=2
MERCH_ID895,1=A
MERCH_NAME895,1=Discovery Filling Station Ltd
MERCH_RECEIPT_SEQ_NR895,1=611100993467
PMP895,1=5
PUMP_MODE895,1=1,1,1
NOZZLE895,1=2
NDATI895,1=20200124172759
START_DATE895,1=20200124172656
PRI895,1=1.299
BASEPRI895,1=1.299
QTY895,1=19.25
QTYUNIT895,1=2
GAMT895,1=25.01
AMT895,1=25.01
UGAMT895,1=25.01
UAMT895,1=25.01
PLU895,1=3
NAM895,1=FuelSave Dsl
GRP895,1=59
CRD895,1=425
EXTREF895,1=FuelSave Dsl
ART_MERCH_ID895,1=A
EXC895,1=25.01
INC895,1=25.01
NQUA_CHANGEABLE895,1=1115316.74
PRI895,2=0.99
UPR895,2=0.99
QTY895,2=1.00
QTYUNIT895,2=1
GAMT895,2=0.99
AMT895,2=0.99
UGAMT895,2=0.99
UAMT895,2=0.99
PLU895,2=5000382108467
NAM895,2=IRN BRU
GRP895,2=DRINKS
CRD895,2=3119
ART_MERCH_ID895,2=A
PRC895,2=20.00
VAMT895,2=0.16
EXC895,2=0.83
INC895,2=0.99
MOP895,1=1
MOP_ADDX895,1=10
ROP895,1=1
PM895,1=110
PA895,1=26.00
SLSTOT895=26.00
TYP896=2
DATI896=20200124172904
STATION_NR896=6111
SHF896=4615
ACC_REP_NR896=1177
OPID896=7
REF896=1179110430
SEQ896=1179110738347
SAFTDATI896=20200124172904
LCUR896=10
PAN896=475116*******289
MERCH_ID896,1=A
MERCH_NAME896,1=Discovery Filling Station Ltd
MERCH_RECEIPT_SEQ_NR896,1=611100993468
PMP896,1=4
PUMP_MODE896,1=1,1,1
NOZZLE896,1=1
NDATI896,1=20200124172834
START_DATE896,1=20200124172734
PRI896,1=1.249
BASEPRI896,1=1.249
QTY896,1=20.04
QTYUNIT896,1=2
GAMT896,1=25.03
AMT896,1=25.03
UGAMT896,1=25.03
UAMT896,1=25.03
PLU896,1=6
NAM896,1=FuelSave Unl
GRP896,1=59
CRD896,1=325
EXTREF896,1=FuelSave Unl
ART_MERCH_ID896,1=A
EXC896,1=25.03
INC896,1=25.03
NQUA_CHANGEABLE896,1=708794.22
CPPAN896,1=475116*******289
MOP896,1=6
MOP_ADDX896,1=50
MOP_ADDY896,1=12
ROP896,1=1
PM896,1=949
PSUB896,1=12
PA896,1=25.03
SLSTOT896=25.03
TYP897=2
DATI897=20200124173037
STATION_NR897=6111
SHF897=4615
ACC_REP_NR897=1177
OPID897=7
REF897=1179110431
SEQ897=1179110738348
SAFTDATI897=20200124173037
LCUR897=10
REPL897=2
MERCH_ID897,1=A
MERCH_NAME897,1=Discovery Filling Station Ltd
MERCH_RECEIPT_SEQ_NR897,1=611100993469
PMP897,1=1
PUMP_MODE897,1=1,1,1
NOZZLE897,1=1
NDATI897,1=20200124173009
START_DATE897,1=20200124172908
PRI897,1=1.249
BASEPRI897,1=1.249
QTY897,1=24.03
QTYUNIT897,1=2
GAMT897,1=30.01
AMT897,1=30.01
UGAMT897,1=30.01
UAMT897,1=30.01
PLU897,1=6
NAM897,1=FuelSave Unl
GRP897,1=59
CRD897,1=325
EXTREF897,1=FuelSave Unl
ART_MERCH_ID897,1=A
EXC897,1=30.01
INC897,1=30.01
NQUA_CHANGEABLE897,1=662574.69
MOP897,1=1
MOP_ADDX897,1=10
ROP897,1=1
PM897,1=110
PA897,1=30.01
SLSTOT897=30.01
TYP898=2
DATI898=20200124173104
STATION_NR898=6111
SHF898=2728
ACC_REP_NR898=1177
OPID898=12
REF898=1179120340
SEQ898=1179120275155
SAFTDATI898=20200124173104
LCUR898=10
REPL898=2
MERCH_ID898,1=A
MERCH_NAME898,1=Discovery Filling Station Ltd
MERCH_RECEIPT_SEQ_NR898,1=611100993470
PMP898,1=3
PUMP_MODE898,1=1,1,1
NOZZLE898,1=3
NDATI898,1=20200124173008
START_DATE898,1=20200124172929
PRI898,1=1.299
BASEPRI898,1=1.299
QTY898,1=15.53
QTYUNIT898,1=2
GAMT898,1=20.17
AMT898,1=20.17
UGAMT898,1=20.17
UAMT898,1=20.17
PLU898,1=3
NAM898,1=FuelSave Dsl
GRP898,1=59
CRD898,1=425
EXTREF898,1=FuelSave Dsl
ART_MERCH_ID898,1=A
EXC898,1=20.17
INC898,1=20.17
NQUA_CHANGEABLE898,1=1277848.08
PRI898,2=0.39
UPR898,2=0.39
QTY898,2=1.00
QTYUNIT898,2=1
GAMT898,2=0.39
AMT898,2=0.39
UGAMT898,2=0.39
UAMT898,2=0.39
PLU898,2=5010052109625
NAM898,2=GW TAS SPICY
GRP898,2=CRISPS
CRD898,2=3219
ART_MERCH_ID898,2=A
PRC898,2=20.00
VAMT898,2=0.06
EXC898,2=0.33
INC898,2=0.39
PRI898,3=1.00
UPR898,3=1.00
QTY898,3=1.00
QTYUNIT898,3=1
GAMT898,3=1.00
AMT898,3=1.00
UGAMT898,3=1.00
UAMT898,3=1.00
PLU898,3=7622210654274
NAM898,3=BASSETTS MID
GRP898,3=CONFECTIONERY
CRD898,3=3119
ART_MERCH_ID898,3=A
PRC898,3=20.00
VAMT898,3=0.17
EXC898,3=0.83
INC898,3=1.00
MOP898,1=1
MOP_ADDX898,1=10
ROP898,1=1
PM898,1=110
PA898,1=25.00
MOP898,2=1
MOP_ADDX898,2=10
ROP898,2=2
PM898,2=5110
PA898,2=-3.44
SLSTOT898=21.56
TYP899=21
SPEC_TYPE899=13
DATI899=20200124173244
STATION_NR899=6111
SHF899=4615
OPID899=7
SPEC_ADDD899=Open cash drawer
TYP900=2
DATI900=20200124173311
STATION_NR900=6111
SHF900=2728
ACC_REP_NR900=1177
OPID900=12
REF900=1179120341
SEQ900=1179120275156
SAFTDATI900=20200124173311
LCUR900=10
REPL900=2
MERCH_ID900,1=A
MERCH_NAME900,1=Discovery Filling Station Ltd
MERCH_RECEIPT_SEQ_NR900,1=611100993471
PMP900,1=1
PUMP_MODE900,1=1,1,1
NOZZLE900,1=2
NDATI900,1=20200124173225
START_DATE900,1=20200124173135
PRI900,1=1.299
BASEPRI900,1=1.299
QTY900,1=15.45
QTYUNIT900,1=2
GAMT900,1=20.07
AMT900,1=20.07
UGAMT900,1=20.07
UAMT900,1=20.07
PLU900,1=3
NAM900,1=FuelSave Dsl
GRP900,1=59
CRD900,1=425
EXTREF900,1=FuelSave Dsl
ART_MERCH_ID900,1=A
EXC900,1=20.07
INC900,1=20.07
NQUA_CHANGEABLE900,1=826170.36
MOP900,1=1
MOP_ADDX900,1=10
ROP900,1=1
PM900,1=110
PA900,1=20.07
SLSTOT900=20.07
TYP901=2
DATI901=20200124173404
STATION_NR901=6111
SHF901=2728
ACC_REP_NR901=1177
OPID901=12
REF901=1179120342
SEQ901=1179120275157
SAFTDATI901=20200124173404
LCUR901=10
REPL901=2
MERCH_ID901,1=A
MERCH_NAME901,1=Discovery Filling Station Ltd
MERCH_RECEIPT_SEQ_NR901,1=611100993472
PMP901,1=6
PUMP_MODE901,1=1,1,1
NOZZLE901,1=1
NDATI901,1=20200124173328
START_DATE901,1=20200124173254
PRI901,1=1.249
BASEPRI901,1=1.249
QTY901,1=8.01
QTYUNIT901,1=2
GAMT901,1=10.00
AMT901,1=10.00
UGAMT901,1=10.00
UAMT901,1=10.00
PLU901,1=6
NAM901,1=FuelSave Unl
GRP901,1=59
CRD901,1=325
EXTREF901,1=FuelSave Unl
ART_MERCH_ID901,1=A
EXC901,1=10.00
INC901,1=10.00
NQUA_CHANGEABLE901,1=369746.69
MOP901,1=1
MOP_ADDX901,1=10
ROP901,1=1
PM901,1=110
PA901,1=10.00
SLSTOT901=10.00
TYP902=2
DATI902=20200124173400
STATION_NR902=6111
SHF902=4615
ACC_REP_NR902=1177
OPID902=7
REF902=1179110432
SEQ902=1179110738349
SAFTDATI902=20200124173400
LCUR902=10
PAN902=446291*******532
MERCH_ID902,1=A
MERCH_NAME902,1=Discovery Filling Station Ltd
MERCH_RECEIPT_SEQ_NR902,1=611100993473
PMP902,1=5
PUMP_MODE902,1=1,1,1
NOZZLE902,1=1
NDATI902,1=20200124173313
START_DATE902,1=20200124173229
PRI902,1=1.249
BASEPRI902,1=1.249
QTY902,1=8.01
QTYUNIT902,1=2
GAMT902,1=10.00
AMT902,1=10.00
UGAMT902,1=10.00
UAMT902,1=10.00
PLU902,1=6
NAM902,1=FuelSave Unl
GRP902,1=59
CRD902,1=325
EXTREF902,1=FuelSave Unl
ART_MERCH_ID902,1=A
EXC902,1=10.00
INC902,1=10.00
NQUA_CHANGEABLE902,1=1062701.53
PRI902,2=1.00
UPR902,2=1.00
QTY902,2=1.00
QTYUNIT902,2=1
GAMT902,2=1.00
AMT902,2=1.00
UGAMT902,2=1.00
UAMT902,2=1.00
PLU902,2=7622300737900
NAM902,2=CDM CARAMEL
GRP902,2=CONFECTIONERY
CRD902,2=3119
ART_MERCH_ID902,2=A
PRC902,2=20.00
VAMT902,2=0.17
EXC902,2=0.83
INC902,2=1.00
PRI902,3=1.00
UPR902,3=1.00
QTY902,3=1.00
QTYUNIT902,3=1
GAMT902,3=1.00
AMT902,3=1.00
UGAMT902,3=1.00
UAMT902,3=1.00
PLU902,3=7622210497383
NAM902,3=CD DAIRY MLK
GRP902,3=CONFECTIONERY
CRD902,3=3119
ART_MERCH_ID902,3=A
PRC902,3=20.00
VAMT902,3=0.17
EXC902,3=0.83
INC902,3=1.00
PRI902,4=1.00
UPR902,4=1.00
QTY902,4=1.00
QTYUNIT902,4=1
GAMT902,4=1.00
AMT902,4=1.00
UGAMT902,4=1.00
UAMT902,4=1.00
PLU902,4=5000237130933
NAM902,4=MC FLM GRILL
GRP902,4=CRISPS
CRD902,4=3219
ART_MERCH_ID902,4=A
PRC902,4=20.00
VAMT902,4=0.17
EXC902,4=0.83
INC902,4=1.00
PRI902,5=1.00
UPR902,5=1.00
QTY902,5=1.00
QTYUNIT902,5=1
GAMT902,5=1.00
AMT902,5=1.00
UGAMT902,5=1.00
UAMT902,5=1.00
PLU902,5=5000237130933
NAM902,5=MC FLM GRILL
GRP902,5=CRISPS
CRD902,5=3219
ART_MERCH_ID902,5=A
PRC902,5=20.00
VAMT902,5=0.17
EXC902,5=0.83
INC902,5=1.00
CPPAN902,1=446291*******532
MOP902,1=6
MOP_ADDX902,1=50
MOP_ADDY902,1=12
ROP902,1=1
PM902,1=949
PSUB902,1=12
PA902,1=14.00
SLSTOT902=14.00
TYP903=2
DATI903=20200124173506
STATION_NR903=6111
SHF903=4615
ACC_REP_NR903=1177
OPID903=7
REF903=1179110433
SEQ903=1179110738350
SAFTDATI903=20200124173506
LCUR903=10
PAN903=476367*******305
MERCH_ID903,1=A
MERCH_NAME903,1=Discovery Filling Station Ltd
MERCH_RECEIPT_SEQ_NR903,1=611100993474
PMP903,1=3
PUMP_MODE903,1=1,1,1
NOZZLE903,1=1
NDATI903,1=20200124173359
START_DATE903,1=20200124173259
PRI903,1=1.249
BASEPRI903,1=1.249
QTY903,1=32.01
QTYUNIT903,1=2
GAMT903,1=39.98
AMT903,1=39.98
UGAMT903,1=39.98
UAMT903,1=39.98
PLU903,1=6
NAM903,1=FuelSave Unl
GRP903,1=59
CRD903,1=325
EXTREF903,1=FuelSave Unl
ART_MERCH_ID903,1=A
EXC903,1=39.98
INC903,1=39.98
NQUA_CHANGEABLE903,1=1194861.69
CPPAN903,1=476367*******305
MOP903,1=6
MOP_ADDX903,1=50
MOP_ADDY903,1=12
ROP903,1=1
PM903,1=949
PSUB903,1=12
PA903,1=39.98
SLSTOT903=39.98
TYP904=2
DATI904=20200124173658
STATION_NR904=6111
SHF904=2728
ACC_REP_NR904=1177
OPID904=12
REF904=1179120343
SEQ904=1179120275158
SAFTDATI904=20200124173658
LCUR904=10
PAN904=475116*******047
MERCH_ID904,1=A
MERCH_NAME904,1=Discovery Filling Station Ltd
MERCH_RECEIPT_SEQ_NR904,1=611100993475
PMP904,1=4
PUMP_MODE904,1=1,1,1
NOZZLE904,1=1
NDATI904,1=20200124173615
START_DATE904,1=20200124173527
PRI904,1=1.249
BASEPRI904,1=1.249
QTY904,1=16.01
QTYUNIT904,1=2
GAMT904,1=20.00
AMT904,1=20.00
UGAMT904,1=20.00
UAMT904,1=20.00
PLU904,1=6
NAM904,1=FuelSave Unl
GRP904,1=59
CRD904,1=325
EXTREF904,1=FuelSave Unl
ART_MERCH_ID904,1=A
EXC904,1=20.00
INC904,1=20.00
NQUA_CHANGEABLE904,1=708810.23
CPPAN904,1=475116*******047
MOP904,1=6
MOP_ADDX904,1=50
MOP_ADDY904,1=12
ROP904,1=1
PM904,1=949
PSUB904,1=12
PA904,1=20.00
SLSTOT904=20.00
TYP905=2
DATI905=20200124173738
STATION_NR905=6111
SHF905=2728
ACC_REP_NR905=1177
OPID905=12
REF905=1179120344
SEQ905=1179120275159
SAFTDATI905=20200124173738
LCUR905=10
REPL905=2
MERCH_ID905,1=A
MERCH_NAME905,1=Discovery Filling Station Ltd
MERCH_RECEIPT_SEQ_NR905,1=611100993476
PRI905,1=1.00
UPR905,1=1.00
QTY905,1=1.00
QTYUNIT905,1=1
GAMT905,1=1.00
AMT905,1=1.00
UGAMT905,1=1.00
UAMT905,1=1.00
PLU905,1=5000237130971
NAM905,1=MCC CHDR ONI
GRP905,1=CRISPS
CRD905,1=3219
ART_MERCH_ID905,1=A
PRC905,1=20.00
VAMT905,1=0.17
EXC905,1=0.83
INC905,1=1.00
MOP905,1=1
MOP_ADDX905,1=10
ROP905,1=1
PM905,1=110
PA905,1=1.00
SLSTOT905=1.00
TYP906=2
DATI906=20200124173803
STATION_NR906=6111
SHF906=2728
ACC_REP_NR906=1177
OPID906=12
REF906=1179120345
SEQ906=1179120275160
SAFTDATI906=20200124173803
LCUR906=10
PAN906=475117*******953
MERCH_ID906,1=A
MERCH_NAME906,1=Discovery Filling Station Ltd
MERCH_RECEIPT_SEQ_NR906,1=611100993477
PMP906,1=1
PUMP_MODE906,1=1,1,1
NOZZLE906,1=2
NDATI906,1=20200124173716
START_DATE906,1=20200124173631
PRI906,1=1.299
BASEPRI906,1=1.299
QTY906,1=15.40
QTYUNIT906,1=2
GAMT906,1=20.00
AMT906,1=20.00
UGAMT906,1=20.00
UAMT906,1=20.00
PLU906,1=3
NAM906,1=FuelSave Dsl
GRP906,1=59
CRD906,1=425
EXTREF906,1=FuelSave Dsl
ART_MERCH_ID906,1=A
EXC906,1=20.00
INC906,1=20.00
NQUA_CHANGEABLE906,1=826185.76
PRI906,2=8.70
UPR906,2=8.70
QTY906,2=1.00
QTYUNIT906,2=1
GAMT906,2=8.70
AMT906,2=8.70
UGAMT906,2=8.70
UAMT906,2=8.70
PLU906,2=5000431026964
NAM906,2=PLAYERS CRUSHBALL
GRP906,2=TOBACCO
CRD906,2=4019
ART_MERCH_ID906,2=A
PRC906,2=20.00
VAMT906,2=1.45
EXC906,2=7.25
INC906,2=8.70
CPPAN906,1=475117*******953
MOP906,1=6
MOP_ADDX906,1=50
MOP_ADDY906,1=12
ROP906,1=1
PM906,1=949
PSUB906,1=12
PA906,1=28.70
SLSTOT906=28.70
TYP907=2
DATI907=20200124174148
STATION_NR907=6111
SHF907=4615
ACC_REP_NR907=1177
OPID907=7
REF907=1179110434
SEQ907=1179110738351
SAFTDATI907=20200124174148
LCUR907=10
PAN907=705505*******932436
MERCH_ID907,1=A
MERCH_NAME907,1=Discovery Filling Station Ltd
MERCH_RECEIPT_SEQ_NR907,1=611100993478
PMP907,1=2
PUMP_MODE907,1=1,1,1
NOZZLE907,1=2
NDATI907,1=20200124174133
START_DATE907,1=20200124173916
PRI907,1=1.299
BASEPRI907,1=1.299
QTY907,1=62.85
QTYUNIT907,1=2
GAMT907,1=81.64
AMT907,1=81.64
UGAMT907,1=81.64
UAMT907,1=81.64
PLU907,1=3
NAM907,1=FuelSave Dsl
GRP907,1=59
CRD907,1=425
EXTREF907,1=FuelSave Dsl
ART_MERCH_ID907,1=A
EXC907,1=81.64
INC907,1=81.64
NQUA_CHANGEABLE907,1=1555560.66
CPPAN907,1=705505*******932436
MOP907,1=6
MOP_ADDX907,1=50
MOP_ADDY907,1=2
ROP907,1=1
PM907,1=949
PSUB907,1=2
PA907,1=81.64
SLSTOT907=81.64
TYP908=2
DATI908=20200124174244
STATION_NR908=6111
SHF908=4615
ACC_REP_NR908=1177
OPID908=7
REF908=1179110435
SEQ908=1179110738352
SAFTDATI908=20200124174244
LCUR908=10
PAN908=525302*******952
MERCH_ID908,1=A
MERCH_NAME908,1=Discovery Filling Station Ltd
MERCH_RECEIPT_SEQ_NR908,1=611100993479
PMP908,1=5
PUMP_MODE908,1=1,1,1
NOZZLE908,1=3
NDATI908,1=20200124174143
START_DATE908,1=20200124174024
PRI908,1=1.529
BASEPRI908,1=1.529
QTY908,1=32.71
QTYUNIT908,1=2
GAMT908,1=50.01
AMT908,1=50.01
UGAMT908,1=50.01
UAMT908,1=50.01
PLU908,1=8
NAM908,1=V Power Dsl
GRP908,1=59
CRD908,1=430
EXTREF908,1=V Power Dsl
ART_MERCH_ID908,1=A
EXC908,1=50.01
INC908,1=50.01
NQUA_CHANGEABLE908,1=230648.49
PRI908,2=2.50
UPR908,2=2.50
QTY908,2=1.00
QTYUNIT908,2=1
GAMT908,2=2.50
AMT908,2=2.50
UGAMT908,2=2.50
UAMT908,2=2.50
PLU908,2=2083800000003
NAM908,2=LOTTERY
GRP908,2=LOTTERY ONLINE
CRD908,2=9500
ART_MERCH_ID908,2=A
EXC908,2=2.50
INC908,2=2.50
CPPAN908,1=525302*******952
MOP908,1=6
MOP_ADDX908,1=50
MOP_ADDY908,1=15
ROP908,1=1
PM908,1=949
PSUB908,1=15
PA908,1=52.51
SLSTOT908=52.51
TYP909=2
DATI909=20200124174407
STATION_NR909=6111
ACC_REP_NR909=1177
REF909=1179520018
SEQ909=1179520008625
SAFTDATI909=20200124174407
LCUR909=10
PAN909=475117******1507
HOSTTYPE909=12
HOSTBOOKPER909=1179
AUTH909=123401
CAIC909=044026111
ONLINERC909=000
STAN909=058572
REPL909=2
MERCH_ID909,1=A
MERCH_NAME909,1=Discovery Filling Station Ltd
PMP909,1=6
PUMP_MODE909,1=1,3,2
NOZZLE909,1=1
NDATI909,1=20200124174407
START_DATE909,1=20200124174253
PRI909,1=1.249
BASEPRI909,1=1.249
QTY909,1=8.00
QTYUNIT909,1=2
GAMT909,1=10.00
AMT909,1=10.00
UGAMT909,1=10.00
UAMT909,1=10.00
PLU909,1=6
NAM909,1=FuelSave Unl
GRP909,1=59
CRD909,1=325
EXTREF909,1=FuelSave Unl
ART_MERCH_ID909,1=A
EXC909,1=10.00
INC909,1=10.00
NQUA_CHANGEABLE909,1=369754.69
CPPAN909,1=475117******1507
CPREPL909,1=2
CPHOSTTYPE909,1=12
CPHOSTBKPER909,1=1179
CPAUTH909,1=123401
CPCAIC909,1=044026111
CPONLINERC909,1=000
CPSTAN909,1=058572
MOP909,1=4
MOP_ADDX909,1=2
MOP_ADDY909,1=2
ROP909,1=1
PM909,1=701
PSUB909,1=2
PA909,1=10.00
TRKMED909,1=5
SLSTOT909=10.00
TYP910=2
DATI910=20200124174605
STATION_NR910=6111
SHF910=4615
ACC_REP_NR910=1177
OPID910=7
REF910=1179110436
SEQ910=1179110738353
SAFTDATI910=20200124174605
LCUR910=10
REPL910=2
MERCH_ID910,1=A
MERCH_NAME910,1=Discovery Filling Station Ltd
MERCH_RECEIPT_SEQ_NR910,1=611100993480
PMP910,1=2
PUMP_MODE910,1=1,1,1
NOZZLE910,1=1
NDATI910,1=20200124174512
START_DATE910,1=20200124174434
PRI910,1=1.249
BASEPRI910,1=1.249
QTY910,1=12.01
QTYUNIT910,1=2
GAMT910,1=15.00
AMT910,1=15.00
UGAMT910,1=15.00
UAMT910,1=15.00
PLU910,1=6
NAM910,1=FuelSave Unl
GRP910,1=59
CRD910,1=325
EXTREF910,1=FuelSave Unl
ART_MERCH_ID910,1=A
EXC910,1=15.00
INC910,1=15.00
NQUA_CHANGEABLE910,1=570934.64
PRI910,2=1.00
UPR910,2=1.00
QTY910,2=1.00
QTYUNIT910,2=1
GAMT910,2=1.00
AMT910,2=1.00
UGAMT910,2=1.00
UAMT910,2=1.00
PLU910,2=5000328745251
NAM910,2=QUAVERS CHEE
GRP910,2=CRISPS
CRD910,2=3219
ART_MERCH_ID910,2=A
PRC910,2=20.00
VAMT910,2=0.17
EXC910,2=0.83
INC910,2=1.00
MOP910,1=1
MOP_ADDX910,1=10
ROP910,1=1
PM910,1=110
PA910,1=16.00
SLSTOT910=16.00
TYP911=2
DATI911=20200124174617
STATION_NR911=6111
SHF911=4615
ACC_REP_NR911=1177
OPID911=7
REF911=1179110437
SEQ911=1179110738354
SAFTDATI911=20200124174617
LCUR911=10
PAN911=706650******598
MERCH_ID911,1=A
MERCH_NAME911,1=Discovery Filling Station Ltd
MERCH_RECEIPT_SEQ_NR911,1=611100993481
PMP911,1=3
PUMP_MODE911,1=1,1,1
NOZZLE911,1=1
NDATI911,1=20200124174541
START_DATE911,1=20200124174459
PRI911,1=1.249
BASEPRI911,1=1.249
QTY911,1=14.39
QTYUNIT911,1=2
GAMT911,1=17.97
AMT911,1=17.97
UGAMT911,1=17.97
UAMT911,1=17.97
PLU911,1=6
NAM911,1=FuelSave Unl
GRP911,1=59
CRD911,1=325
EXTREF911,1=FuelSave Unl
ART_MERCH_ID911,1=A
EXC911,1=17.97
INC911,1=17.97
NQUA_CHANGEABLE911,1=1194876.08
CPPAN911,1=706650******598
MOP911,1=6
MOP_ADDX911,1=50
MOP_ADDY911,1=10
ROP911,1=1
PM911,1=949
PSUB911,1=10
PA911,1=17.97
SLSTOT911=17.97
TYP912=2
DATI912=20200124174710
STATION_NR912=6111
SHF912=4615
ACC_REP_NR912=1177
OPID912=7
REF912=1179110438
SEQ912=1179110738355
SAFTDATI912=20200124174710
LCUR912=10
PAN912=476223*******617
MERCH_ID912,1=A
MERCH_NAME912,1=Discovery Filling Station Ltd
MERCH_RECEIPT_SEQ_NR912,1=611100993482
PRI912,1=1.05
UPR912,1=1.05
QTY912,1=1.00
QTYUNIT912,1=1
GAMT912,1=1.05
AMT912,1=1.05
UGAMT912,1=1.05
UAMT912,1=1.05
PLU912,1=5000159470490
NAM912,1=MARS DUO   2X 42.5G
GRP912,1=CONFECTIONERY
CRD912,1=3119
ART_MERCH_ID912,1=A
PRC912,1=20.00
VAMT912,1=0.17
EXC912,1=0.88
INC912,1=1.05
CPPAN912,1=476223*******617
MOP912,1=6
MOP_ADDX912,1=50
MOP_ADDY912,1=12
ROP912,1=1
PM912,1=949
PSUB912,1=12
PA912,1=1.05
SLSTOT912=1.05
TYP913=2
DATI913=20200124174806
STATION_NR913=6111
SHF913=4615
ACC_REP_NR913=1177
OPID913=7
REF913=1179110439
SEQ913=1179110738356
SAFTDATI913=20200124174806
LCUR913=10
REPL913=2
MERCH_ID913,1=A
MERCH_NAME913,1=Discovery Filling Station Ltd
MERCH_RECEIPT_SEQ_NR913,1=611100993483
PRI913,1=1.00
UPR913,1=1.00
QTY913,1=1.00
QTYUNIT913,1=1
GAMT913,1=1.00
AMT913,1=1.00
UGAMT913,1=1.00
UAMT913,1=1.00
PLU913,1=5000159513159
NAM913,1=SNICKER SNAC
GRP913,1=CONFECTIONERY
CRD913,1=3119
ART_MERCH_ID913,1=A
PRC913,1=20.00
VAMT913,1=0.17
EXC913,1=0.83
INC913,1=1.00
PRI913,2=1.00
UPR913,2=1.00
QTY913,2=1.00
QTYUNIT913,2=1
GAMT913,2=1.00
AMT913,2=1.00
UGAMT913,2=1.00
UAMT913,2=1.00
PLU913,2=5000237131138
NAM913,2=HULA HOOPS B
GRP913,2=CRISPS
CRD913,2=3219
ART_MERCH_ID913,2=A
PRC913,2=20.00
VAMT913,2=0.17
EXC913,2=0.83
INC913,2=1.00
PRI913,3=1.40
UPR913,3=1.40
QTY913,3=1.00
QTYUNIT913,3=1
GAMT913,3=1.40
AMT913,3=1.40
UGAMT913,3=1.40
UAMT913,3=1.40
PLU913,3=490589
NAM913,3=CREAM CAKES
GRP913,3=CHILLED FOOD
CRD913,3=3400
ART_MERCH_ID913,3=A
EXC913,3=1.40
INC913,3=1.40
MOP913,1=1
MOP_ADDX913,1=10
ROP913,1=1
PM913,1=110
PA913,1=3.40
SLSTOT913=3.40
TYP914=2
DATI914=20200124174822
STATION_NR914=6111
SHF914=4615
ACC_REP_NR914=1177
OPID914=7
REF914=1179110440
SEQ914=1179110738357
SAFTDATI914=20200124174822
LCUR914=10
PAN914=482871*******805
MERCH_ID914,1=A
MERCH_NAME914,1=Discovery Filling Station Ltd
MERCH_RECEIPT_SEQ_NR914,1=611100993484
PMP914,1=4
PUMP_MODE914,1=1,1,1
NOZZLE914,1=1
NDATI914,1=20200124174558
START_DATE914,1=20200124174515
PRI914,1=1.249
BASEPRI914,1=1.249
QTY914,1=8.01
QTYUNIT914,1=2
GAMT914,1=10.00
AMT914,1=10.00
UGAMT914,1=10.00
UAMT914,1=10.00
PLU914,1=6
NAM914,1=FuelSave Unl
GRP914,1=59
CRD914,1=325
EXTREF914,1=FuelSave Unl
ART_MERCH_ID914,1=A
EXC914,1=10.00
INC914,1=10.00
NQUA_CHANGEABLE914,1=708818.24
PRI914,2=0.60
UPR914,2=0.60
QTY914,2=3.00
QTYUNIT914,2=1
GAMT914,2=1.80
AMT914,2=1.20
UGAMT914,2=1.80
UAMT914,2=1.20
PLU914,2=50201969
NAM914,2=CAD CDM CARAMEL EGG
GRP914,2=CONFECTIONERY
CRD914,2=3119
PRO914,2=MMH1866
DSCT914,2=2
DNAM914,2=CAD EGG 3 FOR 1.20
DSC914,2=0.60
ART_MERCH_ID914,2=A
PRC914,2=20.00
VAMT914,2=0.20
EXC914,2=1.00
INC914,2=1.20
CPPAN914,1=482871*******805
MOP914,1=6
MOP_ADDX914,1=50
MOP_ADDY914,1=13
ROP914,1=1
PM914,1=949
PSUB914,1=13
PA914,1=11.20
SLSTOT914=11.20
TYP915=2
DATI915=20200124174950
STATION_NR915=6111
SHF915=4615
ACC_REP_NR915=1177
OPID915=7
REF915=1179110441
SEQ915=1179110738358
SAFTDATI915=20200124174950
LCUR915=10
PAN915=476367*******510
MERCH_ID915,1=A
MERCH_NAME915,1=Discovery Filling Station Ltd
MERCH_RECEIPT_SEQ_NR915,1=611100993485
PRI915,1=1.00
UPR915,1=1.00
QTY915,1=1.00
QTYUNIT915,1=1
GAMT915,1=1.00
AMT915,1=0.75
UGAMT915,1=1.00
UAMT915,1=0.75
PLU915,1=5060466510593
NAM915,1=RELENTLESS
GRP915,1=DRINKS
CRD915,1=3119
PRO915,1=MMH1875
DSCT915,1=2
DNAM915,1=RELENTLE 2F1.50
DSC915,1=0.25
ART_MERCH_ID915,1=A
PRC915,1=20.00
VAMT915,1=0.12
EXC915,1=0.63
INC915,1=0.75
PRI915,2=1.00
UPR915,2=1.00
QTY915,2=1.00
QTYUNIT915,2=1
GAMT915,2=1.00
AMT915,2=0.75
UGAMT915,2=1.00
UAMT915,2=0.75
PLU915,2=5060466510593
NAM915,2=RELENTLESS
GRP915,2=DRINKS
CRD915,2=3119
PRO915,2=MMH1875
DSCT915,2=2
DNAM915,2=RELENTLE 2F1.50
DSC915,2=0.25
ART_MERCH_ID915,2=A
PRC915,2=20.00
VAMT915,2=0.12
EXC915,2=0.63
INC915,2=0.75
PRI915,3=4.99
UPR915,3=4.99
QTY915,3=1.00
QTYUNIT915,3=1
GAMT915,3=4.99
AMT915,3=4.99
UGAMT915,3=4.99
UAMT915,3=4.99
PLU915,3=5026637645907
NAM915,3=NIHGT VISION GLASSES
GRP915,3=GENERAL GOODS V
CRD915,3=3319
ART_MERCH_ID915,3=A
PRC915,3=20.00
VAMT915,3=0.83
EXC915,3=4.16
INC915,3=4.99
PRI915,4=1.56
UPR915,4=1.56
QTY915,4=1.00
QTYUNIT915,4=1
GAMT915,4=1.56
AMT915,4=1.56
UGAMT915,4=1.56
UAMT915,4=1.56
PLU915,4=490410
NAM915,4=CLARKS PORK SAUSAGE
GRP915,4=CHILLED FOOD
CRD915,4=3400
ART_MERCH_ID915,4=A
EXC915,4=1.56
INC915,4=1.56
CPPAN915,1=476367*******510
MOP915,1=6
MOP_ADDX915,1=50
MOP_ADDY915,1=12
ROP915,1=1
PM915,1=949
PSUB915,1=12
PA915,1=8.05
SLSTOT915=8.05
TYP916=2
DATI916=20200124175138
STATION_NR916=6111
SHF916=2728
ACC_REP_NR916=1177
OPID916=12
REF916=1179120346
SEQ916=1179120275161
SAFTDATI916=20200124175138
LCUR916=10
PAN916=475117*******589
MERCH_ID916,1=A
MERCH_NAME916,1=Discovery Filling Station Ltd
MERCH_RECEIPT_SEQ_NR916,1=611100993486
PRI916,1=11.25
UPR916,1=11.25
QTY916,1=1.00
QTYUNIT916,1=1
GAMT916,1=11.25
AMT916,1=11.25
UGAMT916,1=11.25
UAMT916,1=11.25
PLU916,1=5060592002818
NAM916,1=MARLBORO RED
GRP916,1=TOBACCO
CRD916,1=4019
ART_MERCH_ID916,1=A
PRC916,1=20.00
VAMT916,1=1.87
EXC916,1=9.38
INC916,1=11.25
PRI916,2=0.60
UPR916,2=0.60
QTY916,2=3.00
QTYUNIT916,2=1
GAMT916,2=1.80
AMT916,2=1.20
UGAMT916,2=1.80
UAMT916,2=1.20
PLU916,2=50201969
NAM916,2=CAD CDM CARAMEL EGG
GRP916,2=CONFECTIONERY
CRD916,2=3119
PRO916,2=MMH1866
DSCT916,2=2
DNAM916,2=CAD EGG 3 FOR 1.20
DSC916,2=0.60
ART_MERCH_ID916,2=A
PRC916,2=20.00
VAMT916,2=0.20
EXC916,2=1.00
INC916,2=1.20
PRI916,3=1.29
UPR916,3=1.29
QTY916,3=1.00
QTYUNIT916,3=1
GAMT916,3=1.29
AMT916,3=1.29
UGAMT916,3=1.29
UAMT916,3=1.29
PLU916,3=5060122034401
NAM916,3=MARS DRINK 350ML
GRP916,3=CHILLED FOOD
CRD916,3=3400
ART_MERCH_ID916,3=A
EXC916,3=1.29
INC916,3=1.29
PRI916,4=0.39
UPR916,4=0.39
QTY916,4=1.00
QTYUNIT916,4=1
GAMT916,4=0.39
AMT916,4=0.39
UGAMT916,4=0.39
UAMT916,4=0.39
PLU916,4=5000328142593
NAM916,4=FRAZZLES PM
GRP916,4=CRISPS
CRD916,4=3219
ART_MERCH_ID916,4=A
PRC916,4=20.00
VAMT916,4=0.06
EXC916,4=0.33
INC916,4=0.39
CPPAN916,1=475117*******589
MOP916,1=6
MOP_ADDX916,1=50
MOP_ADDY916,1=12
ROP916,1=1
PM916,1=949
PSUB916,1=12
PA916,1=14.13
SLSTOT916=14.13
TYP917=2
DATI917=20200124175222
STATION_NR917=6111
SHF917=4615
ACC_REP_NR917=1177
OPID917=7
REF917=1179110442
SEQ917=1179110738359
SAFTDATI917=20200124175222
LCUR917=10
PAN917=446271*******113
MERCH_ID917,1=A
MERCH_NAME917,1=Discovery Filling Station Ltd
MERCH_RECEIPT_SEQ_NR917,1=611100993487
PMP917,1=2
PUMP_MODE917,1=1,1,1
NOZZLE917,1=2
NDATI917,1=20200124175159
START_DATE917,1=20200124175104
PRI917,1=1.299
BASEPRI917,1=1.299
QTY917,1=15.52
QTYUNIT917,1=2
GAMT917,1=20.16
AMT917,1=20.16
UGAMT917,1=20.16
UAMT917,1=20.16
PLU917,1=3
NAM917,1=FuelSave Dsl
GRP917,1=59
CRD917,1=425
EXTREF917,1=FuelSave Dsl
ART_MERCH_ID917,1=A
EXC917,1=20.16
INC917,1=20.16
NQUA_CHANGEABLE917,1=1555576.18
CPPAN917,1=446271*******113
MOP917,1=6
MOP_ADDX917,1=50
MOP_ADDY917,1=12
ROP917,1=1
PM917,1=949
PSUB917,1=12
PA917,1=20.16
SLSTOT917=20.16
TYP918=2
DATI918=20200124175343
STATION_NR918=6111
SHF918=2728
ACC_REP_NR918=1177
OPID918=12
REF918=1179120347
SEQ918=1179120275162
SAFTDATI918=20200124175343
LCUR918=10
REPL918=2
MERCH_ID918,1=A
MERCH_NAME918,1=Discovery Filling Station Ltd
MERCH_RECEIPT_SEQ_NR918,1=611100993488
PMP918,1=5
PUMP_MODE918,1=1,1,1
NOZZLE918,1=2
NDATI918,1=20200124175306
START_DATE918,1=20200124175151
PRI918,1=1.299
BASEPRI918,1=1.299
QTY918,1=23.10
QTYUNIT918,1=2
GAMT918,1=30.01
AMT918,1=30.01
UGAMT918,1=30.01
UAMT918,1=30.01
PLU918,1=3
NAM918,1=FuelSave Dsl
GRP918,1=59
CRD918,1=425
EXTREF918,1=FuelSave Dsl
ART_MERCH_ID918,1=A
EXC918,1=30.01
INC918,1=30.01
NQUA_CHANGEABLE918,1=1115339.84
PRI918,2=9.80
UPR918,2=9.80
QTY918,2=1.00
QTYUNIT918,2=1
GAMT918,2=9.80
AMT918,2=9.80
UGAMT918,2=9.80
UAMT918,2=9.80
PLU918,2=5000143936339
NAM918,2=STERLING KS
GRP918,2=TOBACCO
CRD918,2=4019
ART_MERCH_ID918,2=A
PRC918,2=20.00
VAMT918,2=1.63
EXC918,2=8.17
INC918,2=9.80
MOP918,1=1
MOP_ADDX918,1=10
ROP918,1=1
PM918,1=110
PA918,1=40.00
MOP918,2=1
MOP_ADDX918,2=10
ROP918,2=2
PM918,2=5110
PA918,2=-0.19
SLSTOT918=39.81
TYP919=2
DATI919=20200124175514
STATION_NR919=6111
SHF919=4615
ACC_REP_NR919=1177
OPID919=7
REF919=1179110443
SEQ919=1179110738360
SAFTDATI919=20200124175514
LCUR919=10
PAN919=471530*******048
MERCH_ID919,1=A
MERCH_NAME919,1=Discovery Filling Station Ltd
MERCH_RECEIPT_SEQ_NR919,1=611100993489
PMP919,1=6
PUMP_MODE919,1=1,1,1
NOZZLE919,1=2
NDATI919,1=20200124175442
START_DATE919,1=20200124175247
PRI919,1=1.299
BASEPRI919,1=1.299
QTY919,1=46.19
QTYUNIT919,1=2
GAMT919,1=60.00
AMT919,1=60.00
UGAMT919,1=60.00
UAMT919,1=60.00
PLU919,1=3
NAM919,1=FuelSave Dsl
GRP919,1=59
CRD919,1=425
EXTREF919,1=FuelSave Dsl
ART_MERCH_ID919,1=A
EXC919,1=60.00
INC919,1=60.00
NQUA_CHANGEABLE919,1=1187096.72
CPPAN919,1=471530*******048
MOP919,1=6
MOP_ADDX919,1=50
MOP_ADDY919,1=7
ROP919,1=1
PM919,1=949
PSUB919,1=7
PA919,1=60.00
SLSTOT919=60.00
TYP920=2
DATI920=20200124175643
STATION_NR920=6111
SHF920=4615
ACC_REP_NR920=1177
OPID920=7
REF920=1179110444
SEQ920=1179110738361
SAFTDATI920=20200124175643
LCUR920=10
PAN920=476223*******719
MERCH_ID920,1=A
MERCH_NAME920,1=Discovery Filling Station Ltd
MERCH_RECEIPT_SEQ_NR920,1=611100993490
PMP920,1=5
PUMP_MODE920,1=1,1,1
NOZZLE920,1=1
NDATI920,1=20200124175617
START_DATE920,1=20200124175544
PRI920,1=1.249
BASEPRI920,1=1.249
QTY920,1=8.01
QTYUNIT920,1=2
GAMT920,1=10.00
AMT920,1=10.00
UGAMT920,1=10.00
UAMT920,1=10.00
PLU920,1=6
NAM920,1=FuelSave Unl
GRP920,1=59
CRD920,1=325
EXTREF920,1=FuelSave Unl
ART_MERCH_ID920,1=A
EXC920,1=10.00
INC920,1=10.00
NQUA_CHANGEABLE920,1=1062709.54
CPPAN920,1=476223*******719
MOP920,1=6
MOP_ADDX920,1=50
MOP_ADDY920,1=12
ROP920,1=1
PM920,1=949
PSUB920,1=12
PA920,1=10.00
SLSTOT920=10.00
TYP921=2
DATI921=20200124175742
STATION_NR921=6111
SHF921=4615
ACC_REP_NR921=1177
OPID921=7
REF921=1179110445
SEQ921=1179110738362
SAFTDATI921=20200124175742
LCUR921=10
PAN921=476367*******214
MERCH_ID921,1=A
MERCH_NAME921,1=Discovery Filling Station Ltd
MERCH_RECEIPT_SEQ_NR921,1=611100993491
PMP921,1=3
PUMP_MODE921,1=1,1,1
NOZZLE921,1=3
NDATI921,1=20200124175710
START_DATE921,1=20200124175514
PRI921,1=1.299
BASEPRI921,1=1.299
QTY921,1=56.06
QTYUNIT921,1=2
GAMT921,1=72.82
AMT921,1=72.82
UGAMT921,1=72.82
UAMT921,1=72.82
PLU921,1=3
NAM921,1=FuelSave Dsl
GRP921,1=59
CRD921,1=425
EXTREF921,1=FuelSave Dsl
ART_MERCH_ID921,1=A
EXC921,1=72.82
INC921,1=72.82
NQUA_CHANGEABLE921,1=1277904.14
CPPAN921,1=476367*******214
MOP921,1=6
MOP_ADDX921,1=50
MOP_ADDY921,1=12
ROP921,1=1
PM921,1=949
PSUB921,1=12
PA921,1=72.82
SLSTOT921=72.82
TYP922=2
DATI922=20200124175848
STATION_NR922=6111
SHF922=4615
ACC_REP_NR922=1177
OPID922=7
REF922=1179110446
SEQ922=1179110738363
SAFTDATI922=20200124175848
LCUR922=10
PAN922=446292*******657
MERCH_ID922,1=A
MERCH_NAME922,1=Discovery Filling Station Ltd
MERCH_RECEIPT_SEQ_NR922,1=611100993492
PRI922,1=1.00
UPR922,1=1.00
QTY922,1=1.00
QTYUNIT922,1=1
GAMT922,1=1.00
AMT922,1=1.00
UGAMT922,1=1.00
UAMT922,1=1.00
PLU922,1=5900951139246
NAM922,1=GAL CML PM10
GRP922,1=CONFECTIONERY
CRD922,1=3119
ART_MERCH_ID922,1=A
PRC922,1=20.00
VAMT922,1=0.17
EXC922,1=0.83
INC922,1=1.00
PRI922,2=1.45
UPR922,2=1.45
QTY922,2=1.00
QTYUNIT922,2=1
GAMT922,2=1.45
AMT922,2=1.45
UGAMT922,2=1.45
UAMT922,2=1.45
PLU922,2=5038512005041
NAM922,2=JUICE BURST APPLE
GRP922,2=DRINKS
CRD922,2=3119
ART_MERCH_ID922,2=A
PRC922,2=20.00
VAMT922,2=0.24
EXC922,2=1.21
INC922,2=1.45
PRI922,3=0.80
UPR922,3=0.80
QTY922,3=1.00
QTYUNIT922,3=1
GAMT922,3=0.80
AMT922,3=0.80
UGAMT922,3=0.80
UAMT922,3=0.80
PLU922,3=40111001
NAM922,3=BOUNTY DARK 2 X 28.5
GRP922,3=CONFECTIONERY
CRD922,3=3119
ART_MERCH_ID922,3=A
PRC922,3=20.00
VAMT922,3=0.13
EXC922,3=0.67
INC922,3=0.80
PRI922,4=1.00
UPR922,4=1.00
QTY922,4=1.00
QTYUNIT922,4=1
GAMT922,4=1.00
AMT922,4=1.00
UGAMT922,4=1.00
UAMT922,4=1.00
PLU922,4=5000328753058
NAM922,4=WLKR SQUR SV
GRP922,4=CRISPS
CRD922,4=3219
ART_MERCH_ID922,4=A
PRC922,4=20.00
VAMT922,4=0.17
EXC922,4=0.83
INC922,4=1.00
PRI922,5=1.45
UPR922,5=1.45
QTY922,5=1.00
QTYUNIT922,5=1
GAMT922,5=1.45
AMT922,5=1.45
UGAMT922,5=1.45
UAMT922,5=1.45
PLU922,5=5038512005010
NAM922,5=JUICE BURST ORANGE
GRP922,5=DRINKS
CRD922,5=3119
ART_MERCH_ID922,5=A
PRC922,5=20.00
VAMT922,5=0.24
EXC922,5=1.21
INC922,5=1.45
PRI922,6=0.69
UPR922,6=0.69
QTY922,6=1.00
QTYUNIT922,6=1
GAMT922,6=0.69
AMT922,6=0.69
UGAMT922,6=0.69
UAMT922,6=0.69
PLU922,6=50412808
NAM922,6=F/SHT APL/BC
GRP922,6=DRINKS
CRD922,6=3119
ART_MERCH_ID922,6=A
PRC922,6=20.00
VAMT922,6=0.11
EXC922,6=0.58
INC922,6=0.69
PRI922,7=1.00
UPR922,7=1.00
QTY922,7=1.00
QTYUNIT922,7=1
GAMT922,7=1.00
AMT922,7=1.00
UGAMT922,7=1.00
UAMT922,7=1.00
PLU922,7=5000237131091
NAM922,7=SKIPS PRAWN
GRP922,7=CRISPS
CRD922,7=3219
ART_MERCH_ID922,7=A
EXC922,7=1.00
INC922,7=1.00
PRI922,8=0.65
UPR922,8=0.65
QTY922,8=1.00
QTYUNIT922,8=1
GAMT922,8=0.65
AMT922,8=0.65
UGAMT922,8=0.65
UAMT922,8=0.65
PLU922,8=5000112629125
NAM922,8=DR PEPPER
GRP922,8=DRINKS
CRD922,8=3119
ART_MERCH_ID922,8=A
PRC922,8=20.00
VAMT922,8=0.11
EXC922,8=0.54
INC922,8=0.65
CPPAN922,1=446292*******657
MOP922,1=6
MOP_ADDX922,1=50
MOP_ADDY922,1=12
ROP922,1=1
PM922,1=949
PSUB922,1=12
PA922,1=8.04
SLSTOT922=8.04
TYP923=2
DATI923=20200124175914
STATION_NR923=6111
SHF923=4615
ACC_REP_NR923=1177
OPID923=7
REF923=1179110447
SEQ923=1179110738364
SAFTDATI923=20200124175914
LCUR923=10
PAN923=475116*******694
MERCH_ID923,1=A
MERCH_NAME923,1=Discovery Filling Station Ltd
MERCH_RECEIPT_SEQ_NR923,1=611100993493
PMP923,1=1
PUMP_MODE923,1=1,1,1
NOZZLE923,1=1
NDATI923,1=20200124175741
START_DATE923,1=20200124175658
PRI923,1=1.249
BASEPRI923,1=1.249
QTY923,1=8.01
QTYUNIT923,1=2
GAMT923,1=10.00
AMT923,1=10.00
UGAMT923,1=10.00
UAMT923,1=10.00
PLU923,1=6
NAM923,1=FuelSave Unl
GRP923,1=59
CRD923,1=325
EXTREF923,1=FuelSave Unl
ART_MERCH_ID923,1=A
EXC923,1=10.00
INC923,1=10.00
NQUA_CHANGEABLE923,1=662582.70
PRI923,2=1.00
UPR923,2=1.00
QTY923,2=1.00
QTYUNIT923,2=1
GAMT923,2=1.00
AMT923,2=1.00
UGAMT923,2=1.00
UAMT923,2=1.00
PLU923,2=7622210497383
NAM923,2=CD DAIRY MLK
GRP923,2=CONFECTIONERY
CRD923,2=3119
ART_MERCH_ID923,2=A
PRC923,2=20.00
VAMT923,2=0.17
EXC923,2=0.83
INC923,2=1.00
CPPAN923,1=475116*******694
MOP923,1=6
MOP_ADDX923,1=50
MOP_ADDY923,1=12
ROP923,1=1
PM923,1=949
PSUB923,1=12
PA923,1=11.00
SLSTOT923=11.00
TYP924=2
DATI924=20200124175948
STATION_NR924=6111
SHF924=4615
ACC_REP_NR924=1177
OPID924=7
REF924=1179110448
SEQ924=1179110738365
SAFTDATI924=20200124175948
LCUR924=10
PAN924=475117*******942
MERCH_ID924,1=A
MERCH_NAME924,1=Discovery Filling Station Ltd
MERCH_RECEIPT_SEQ_NR924,1=611100993494
PRI924,1=10.00
UPR924,1=10.00
QTY924,1=1.00
QTYUNIT924,1=1
GAMT924,1=10.00
AMT924,1=10.00
UGAMT924,1=10.00
UAMT924,1=10.00
PLU924,1=5000143918823
NAM924,1=MAYFAIR KS 20S UNPRI
GRP924,1=TOBACCO
CRD924,1=4019
ART_MERCH_ID924,1=A
PRC924,1=20.00
VAMT924,1=1.67
EXC924,1=8.33
INC924,1=10.00
PRI924,2=10.00
UPR924,2=10.00
QTY924,2=1.00
QTYUNIT924,2=1
GAMT924,2=10.00
AMT924,2=10.00
UGAMT924,2=10.00
UAMT924,2=10.00
PLU924,2=5000143918823
NAM924,2=MAYFAIR KS 20S UNPRI
GRP924,2=TOBACCO
CRD924,2=4019
ART_MERCH_ID924,2=A
PRC924,2=20.00
VAMT924,2=1.67
EXC924,2=8.33
INC924,2=10.00
PRI924,3=10.00
UPR924,3=10.00
QTY924,3=1.00
QTYUNIT924,3=1
GAMT924,3=10.00
AMT924,3=10.00
UGAMT924,3=10.00
UAMT924,3=10.00
PLU924,3=5000143918823
NAM924,3=MAYFAIR KS 20S UNPRI
GRP924,3=TOBACCO
CRD924,3=4019
ART_MERCH_ID924,3=A
PRC924,3=20.00
VAMT924,3=1.67
EXC924,3=8.33
INC924,3=10.00
CPPAN924,1=475117*******942
MOP924,1=6
MOP_ADDX924,1=50
MOP_ADDY924,1=12
ROP924,1=1
PM924,1=949
PSUB924,1=12
PA924,1=30.00
SLSTOT924=30.00
TYP925=2
DATI925=20200124180402
STATION_NR925=6111
SHF925=4615
ACC_REP_NR925=1177
OPID925=7
REF925=1179110449
SEQ925=1179110738366
SAFTDATI925=20200124180402
LCUR925=10
REPL925=2
MERCH_ID925,1=A
MERCH_NAME925,1=Discovery Filling Station Ltd
MERCH_RECEIPT_SEQ_NR925,1=611100993495
PRI925,1=0.35
UPR925,1=0.35
QTY925,1=6.00
QTYUNIT925,1=1
GAMT925,1=2.10
AMT925,1=2.10
UGAMT925,1=2.10
UAMT925,1=2.10
PLU925,1=5020379150675
NAM925,1=E/S ENERGY
GRP925,1=DRINKS
CRD925,1=3119
ART_MERCH_ID925,1=A
PRC925,1=20.00
VAMT925,1=0.35
EXC925,1=1.75
INC925,1=2.10
MOP925,1=1
MOP_ADDX925,1=10
ROP925,1=1
PM925,1=110
PA925,1=2.10
SLSTOT925=2.10
TYP926=2
DATI926=20200124180403
STATION_NR926=6111
ACC_REP_NR926=1177
REF926=1179520019
SEQ926=1179520008626
SAFTDATI926=20200124180403
LCUR926=10
PAN926=446291******9723
HOSTTYPE926=12
HOSTBOOKPER926=1179
AUTH926=024454
CAIC926=044026111
ONLINERC926=000
STAN926=058574
REPL926=2
MERCH_ID926,1=A
MERCH_NAME926,1=Discovery Filling Station Ltd
PMP926,1=6
PUMP_MODE926,1=1,3,2
NOZZLE926,1=1
NDATI926,1=20200124180403
START_DATE926,1=20200124180257
PRI926,1=1.249
BASEPRI926,1=1.249
QTY926,1=32.80
QTYUNIT926,1=2
GAMT926,1=40.97
AMT926,1=40.97
UGAMT926,1=40.97
UAMT926,1=40.97
PLU926,1=6
NAM926,1=FuelSave Unl
GRP926,1=59
CRD926,1=325
EXTREF926,1=FuelSave Unl
ART_MERCH_ID926,1=A
EXC926,1=40.97
INC926,1=40.97
NQUA_CHANGEABLE926,1=369787.49
CPPAN926,1=446291******9723
CPREPL926,1=2
CPHOSTTYPE926,1=12
CPHOSTBKPER926,1=1179
CPAUTH926,1=024454
CPCAIC926,1=044026111
CPONLINERC926,1=000
CPSTAN926,1=058574
MOP926,1=4
MOP_ADDX926,1=2
MOP_ADDY926,1=2
ROP926,1=1
PM926,1=701
PSUB926,1=2
PA926,1=40.97
TRKMED926,1=5
SLSTOT926=40.97
TYP927=2
DATI927=20200124180635
STATION_NR927=6111
SHF927=4615
ACC_REP_NR927=1177
OPID927=7
REF927=1179110450
SEQ927=1179110738367
SAFTDATI927=20200124180635
LCUR927=10
PAN927=476225*******145
MERCH_ID927,1=A
MERCH_NAME927,1=Discovery Filling Station Ltd
MERCH_RECEIPT_SEQ_NR927,1=611100993496
PRI927,1=0.35
UPR927,1=0.35
QTY927,1=1.00
QTYUNIT927,1=1
GAMT927,1=0.35
AMT927,1=0.35
UGAMT927,1=0.35
UAMT927,1=0.35
PLU927,1=5020379150651
NAM927,1=E/S ENERGY
GRP927,1=DRINKS
CRD927,1=3119
ART_MERCH_ID927,1=A
PRC927,1=20.00
VAMT927,1=0.06
EXC927,1=0.29
INC927,1=0.35
PRI927,2=0.35
UPR927,2=0.35
QTY927,2=1.00
QTYUNIT927,2=1
GAMT927,2=0.35
AMT927,2=0.35
UGAMT927,2=0.35
UAMT927,2=0.35
PLU927,2=5020379150651
NAM927,2=E/S ENERGY
GRP927,2=DRINKS
CRD927,2=3119
ART_MERCH_ID927,2=A
PRC927,2=20.00
VAMT927,2=0.06
EXC927,2=0.29
INC927,2=0.35
PRI927,3=1.39
UPR927,3=1.39
QTY927,3=1.00
QTYUNIT927,3=1
GAMT927,3=1.39
AMT927,3=1.39
UGAMT927,3=1.39
UAMT927,3=1.39
PLU927,3=5060639123025
NAM927,3=MONSTER
GRP927,3=DRINKS
CRD927,3=3119
ART_MERCH_ID927,3=A
PRC927,3=20.00
VAMT927,3=0.23
EXC927,3=1.16
INC927,3=1.39
PRI927,4=0.80
UPR927,4=0.80
QTY927,4=1.00
QTYUNIT927,4=1
GAMT927,4=0.80
AMT927,4=0.80
UGAMT927,4=0.80
UAMT927,4=0.80
PLU927,4=5000201499776
NAM927,4=CADBURY TWIRL CHOCOL
GRP927,4=CONFECTIONERY
CRD927,4=3119
ART_MERCH_ID927,4=A
PRC927,4=20.00
VAMT927,4=0.13
EXC927,4=0.67
INC927,4=0.80
CPPAN927,1=476225*******145
MOP927,1=6
MOP_ADDX927,1=50
MOP_ADDY927,1=12
ROP927,1=1
PM927,1=949
PSUB927,1=12
PA927,1=2.89
SLSTOT927=2.89
TYP928=2
DATI928=20200124180714
STATION_NR928=6111
SHF928=4615
ACC_REP_NR928=1177
OPID928=7
REF928=1179110451
SEQ928=1179110738368
SAFTDATI928=20200124180714
LCUR928=10
PAN928=476367*******110
MERCH_ID928,1=A
MERCH_NAME928,1=Discovery Filling Station Ltd
MERCH_RECEIPT_SEQ_NR928,1=611100993497
PMP928,1=5
PUMP_MODE928,1=1,1,1
NOZZLE928,1=2
NDATI928,1=20200124180650
START_DATE928,1=20200124180522
PRI928,1=1.299
BASEPRI928,1=1.299
QTY928,1=30.80
QTYUNIT928,1=2
GAMT928,1=40.01
AMT928,1=40.01
UGAMT928,1=40.01
UAMT928,1=40.01
PLU928,1=3
NAM928,1=FuelSave Dsl
GRP928,1=59
CRD928,1=425
EXTREF928,1=FuelSave Dsl
ART_MERCH_ID928,1=A
EXC928,1=40.01
INC928,1=40.01
NQUA_CHANGEABLE928,1=1115370.64
CPPAN928,1=476367*******110
MOP928,1=6
MOP_ADDX928,1=50
MOP_ADDY928,1=12
ROP928,1=1
PM928,1=949
PSUB928,1=12
PA928,1=40.01
SLSTOT928=40.01
TYP929=2
DATI929=20200124180745
STATION_NR929=6111
SHF929=4615
ACC_REP_NR929=1177
OPID929=7
REF929=1179110452
SEQ929=1179110738369
SAFTDATI929=20200124180745
LCUR929=10
PAN929=446292*******318
MERCH_ID929,1=A
MERCH_NAME929,1=Discovery Filling Station Ltd
MERCH_RECEIPT_SEQ_NR929,1=611100993498
PMP929,1=4
PUMP_MODE929,1=1,1,1
NOZZLE929,1=1
NDATI929,1=20200124180703
START_DATE929,1=20200124180616
PRI929,1=1.249
BASEPRI929,1=1.249
QTY929,1=16.01
QTYUNIT929,1=2
GAMT929,1=20.00
AMT929,1=20.00
UGAMT929,1=20.00
UAMT929,1=20.00
PLU929,1=6
NAM929,1=FuelSave Unl
GRP929,1=59
CRD929,1=325
EXTREF929,1=FuelSave Unl
ART_MERCH_ID929,1=A
EXC929,1=20.00
INC929,1=20.00
NQUA_CHANGEABLE929,1=708834.25
CPPAN929,1=446292*******318
MOP929,1=6
MOP_ADDX929,1=50
MOP_ADDY929,1=12
ROP929,1=1
PM929,1=949
PSUB929,1=12
PA929,1=20.00
SLSTOT929=20.00
TYP930=2
DATI930=20200124180907
STATION_NR930=6111
SHF930=4615
ACC_REP_NR930=1177
OPID930=7
REF930=1179110453
SEQ930=1179110738370
SAFTDATI930=20200124180907
LCUR930=10
PAN930=438662*******559
MERCH_ID930,1=A
MERCH_NAME930,1=Discovery Filling Station Ltd
MERCH_RECEIPT_SEQ_NR930,1=611100993499
PMP930,1=3
PUMP_MODE930,1=1,1,1
NOZZLE930,1=1
NDATI930,1=20200124180827
START_DATE930,1=20200124180732
PRI930,1=1.249
BASEPRI930,1=1.249
QTY930,1=12.01
QTYUNIT930,1=2
GAMT930,1=15.00
AMT930,1=15.00
UGAMT930,1=15.00
UAMT930,1=15.00
PLU930,1=6
NAM930,1=FuelSave Unl
GRP930,1=59
CRD930,1=325
EXTREF930,1=FuelSave Unl
ART_MERCH_ID930,1=A
EXC930,1=15.00
INC930,1=15.00
NQUA_CHANGEABLE930,1=1194888.09
CPPAN930,1=438662*******559
MOP930,1=6
MOP_ADDX930,1=50
MOP_ADDY930,1=13
ROP930,1=1
PM930,1=949
PSUB930,1=13
PA930,1=15.00
SLSTOT930=15.00
TYP931=2
DATI931=20200124180942
STATION_NR931=6111
SHF931=4615
ACC_REP_NR931=1177
OPID931=7
REF931=1179110454
SEQ931=1179110738371
SAFTDATI931=20200124180942
LCUR931=10
PAN931=518581*******542
MERCH_ID931,1=A
MERCH_NAME931,1=Discovery Filling Station Ltd
MERCH_RECEIPT_SEQ_NR931,1=611100993500
PRI931,1=1.49
UPR931,1=1.49
QTY931,1=1.00
QTYUNIT931,1=1
GAMT931,1=1.49
AMT931,1=1.49
UGAMT931,1=1.49
UAMT931,1=1.49
PLU931,1=4060800134943
NAM931,1=PEPSI MAX 600ML NEW
GRP931,1=DRINKS
CRD931,1=3119
ART_MERCH_ID931,1=A
PRC931,1=20.00
VAMT931,1=0.25
EXC931,1=1.24
INC931,1=1.49
CPPAN931,1=518581*******542
MOP931,1=6
MOP_ADDX931,1=50
MOP_ADDY931,1=15
ROP931,1=1
PM931,1=949
PSUB931,1=15
PA931,1=1.49
SLSTOT931=1.49
TYP932=2
DATI932=20200124181049
STATION_NR932=6111
SHF932=4615
ACC_REP_NR932=1177
OPID932=7
REF932=1179110455
SEQ932=1179110738372
SAFTDATI932=20200124181049
LCUR932=10
REPL932=2
MERCH_ID932,1=A
MERCH_NAME932,1=Discovery Filling Station Ltd
MERCH_RECEIPT_SEQ_NR932,1=611100993501
PMP932,1=5
PUMP_MODE932,1=1,1,1
NOZZLE932,1=1
NDATI932,1=20200124181027
START_DATE932,1=20200124180947
PRI932,1=1.249
BASEPRI932,1=1.249
QTY932,1=12.01
QTYUNIT932,1=2
GAMT932,1=15.00
AMT932,1=15.00
UGAMT932,1=15.00
UAMT932,1=15.00
PLU932,1=6
NAM932,1=FuelSave Unl
GRP932,1=59
CRD932,1=325
EXTREF932,1=FuelSave Unl
ART_MERCH_ID932,1=A
EXC932,1=15.00
INC932,1=15.00
NQUA_CHANGEABLE932,1=1062721.55
MOP932,1=1
MOP_ADDX932,1=10
ROP932,1=1
PM932,1=110
PA932,1=15.00
SLSTOT932=15.00
TYP933=21
SPEC_TYPE933=3
DATI933=20200124181143
STATION_NR933=6111
SHF933=4615
OPID933=7
LREF933=1179110456
SPEC_ID933=3
SPEC_NAME933=FuelSave Dsl
SPEC_QUA933=15.40
SPEC_PRI933=1.299
SPEC_AMT933=20.00
SPEC_ADDD933=1
TYP934=2
DATI934=20200124181147
STATION_NR934=6111
SHF934=4615
ACC_REP_NR934=1177
OPID934=7
REF934=1179110457
SEQ934=1179110738373
SAFTDATI934=20200124181147
LCUR934=10
REPL934=2
MERCH_ID934,1=A
MERCH_NAME934,1=Discovery Filling Station Ltd
MERCH_RECEIPT_SEQ_NR934,1=611100993502
PMP934,1=4
PUMP_MODE934,1=1,1,1
NOZZLE934,1=1
NDATI934,1=20200124181120
START_DATE934,1=20200124181045
PRI934,1=1.249
BASEPRI934,1=1.249
QTY934,1=10.41
QTYUNIT934,1=2
GAMT934,1=13.00
AMT934,1=13.00
UGAMT934,1=13.00
UAMT934,1=13.00
PLU934,1=6
NAM934,1=FuelSave Unl
GRP934,1=59
CRD934,1=325
EXTREF934,1=FuelSave Unl
ART_MERCH_ID934,1=A
EXC934,1=13.00
INC934,1=13.00
NQUA_CHANGEABLE934,1=708844.66
MOP934,1=1
MOP_ADDX934,1=10
ROP934,1=1
PM934,1=110
PA934,1=13.00
SLSTOT934=13.00
TYP935=2
DATI935=20200124181241
STATION_NR935=6111
SHF935=4615
ACC_REP_NR935=1177
OPID935=7
REF935=1179110458
SEQ935=1179110738374
SAFTDATI935=20200124181241
LCUR935=10
PAN935=465904*******705
MERCH_ID935,1=A
MERCH_NAME935,1=Discovery Filling Station Ltd
MERCH_RECEIPT_SEQ_NR935,1=611100993503
PRI935,1=0.79
UPR935,1=0.79
QTY935,1=1.00
QTYUNIT935,1=1
GAMT935,1=0.79
AMT935,1=0.79
UGAMT935,1=0.79
UAMT935,1=0.79
PLU935,1=5034660518679
NAM935,1=CAD GIANT BUTTONS
GRP935,1=CONFECTIONERY
CRD935,1=3119
ART_MERCH_ID935,1=A
PRC935,1=20.00
VAMT935,1=0.13
EXC935,1=0.66
INC935,1=0.79
PRI935,2=3.00
UPR935,2=3.00
QTY935,2=1.00
QTYUNIT935,2=1
GAMT935,2=3.00
AMT935,2=3.00
UGAMT935,2=3.00
UAMT935,2=3.00
PLU935,2=2083800000003
NAM935,2=LOTTERY
GRP935,2=LOTTERY ONLINE
CRD935,2=9500
ART_MERCH_ID935,2=A
EXC935,2=3.00
INC935,2=3.00
PRI935,3=2.50
UPR935,3=2.50
QTY935,3=1.00
QTYUNIT935,3=1
GAMT935,3=2.50
AMT935,3=2.50
UGAMT935,3=2.50
UAMT935,3=2.50
PLU935,3=2083800000003
NAM935,3=LOTTERY
GRP935,3=LOTTERY ONLINE
CRD935,3=9500
ART_MERCH_ID935,3=A
EXC935,3=2.50
INC935,3=2.50
CPPAN935,1=465904*******705
MOP935,1=6
MOP_ADDX935,1=50
MOP_ADDY935,1=12
ROP935,1=1
PM935,1=949
PSUB935,1=12
PA935,1=6.29
SLSTOT935=6.29
TYP936=2
DATI936=20200124181337
STATION_NR936=6111
SHF936=4615
ACC_REP_NR936=1177
OPID936=7
REF936=1179110459
SEQ936=1179110738375
SAFTDATI936=20200124181337
LCUR936=10
PAN936=475130*******729
MERCH_ID936,1=A
MERCH_NAME936,1=Discovery Filling Station Ltd
MERCH_RECEIPT_SEQ_NR936,1=611100993504
PRI936,1=0.49
UPR936,1=0.49
QTY936,1=1.00
QTYUNIT936,1=1
GAMT936,1=0.49
AMT936,1=0.49
UGAMT936,1=0.49
UAMT936,1=0.49
PLU936,1=5053827186766
NAM936,1=NG STRWBERRY
GRP936,1=GROCERY ZERO
CRD936,1=3100
ART_MERCH_ID936,1=A
EXC936,1=0.49
INC936,1=0.49
PRI936,2=0.49
UPR936,2=0.49
QTY936,2=1.00
QTYUNIT936,2=1
GAMT936,2=0.49
AMT936,2=0.49
UGAMT936,2=0.49
UAMT936,2=0.49
PLU936,2=5053827186766
NAM936,2=NG STRWBERRY
GRP936,2=GROCERY ZERO
CRD936,2=3100
ART_MERCH_ID936,2=A
EXC936,2=0.49
INC936,2=0.49
PRI936,3=0.49
UPR936,3=0.49
QTY936,3=1.00
QTYUNIT936,3=1
GAMT936,3=0.49
AMT936,3=0.49
UGAMT936,3=0.49
UAMT936,3=0.49
PLU936,3=5053827186766
NAM936,3=NG STRWBERRY
GRP936,3=GROCERY ZERO
CRD936,3=3100
ART_MERCH_ID936,3=A
EXC936,3=0.49
INC936,3=0.49
PMP936,4=1
PUMP_MODE936,4=1,1,1
NOZZLE936,4=2
NDATI936,4=20200124181132
START_DATE936,4=20200124181042
PRI936,4=1.299
BASEPRI936,4=1.299
QTY936,4=15.40
QTYUNIT936,4=2
GAMT936,4=20.00
AMT936,4=20.00
UGAMT936,4=20.00
UAMT936,4=20.00
PLU936,4=3
NAM936,4=FuelSave Dsl
GRP936,4=59
CRD936,4=425
EXTREF936,4=FuelSave Dsl
ART_MERCH_ID936,4=A
EXC936,4=20.00
INC936,4=20.00
NQUA_CHANGEABLE936,4=826201.16
PRI936,5=2.00
UPR936,5=2.00
QTY936,5=1.00
QTYUNIT936,5=1
GAMT936,5=2.00
AMT936,5=2.00
UGAMT936,5=2.00
UAMT936,5=2.00
PLU936,5=5054267000452
NAM936,5=LUCOZADE SPORT ORANG
GRP936,5=DRINKS
CRD936,5=3119
ART_MERCH_ID936,5=A
PRC936,5=20.00
VAMT936,5=0.33
EXC936,5=1.67
INC936,5=2.00
CPPAN936,1=475130*******729
MOP936,1=6
MOP_ADDX936,1=50
MOP_ADDY936,1=12
ROP936,1=1
PM936,1=949
PSUB936,1=12
PA936,1=23.47
SLSTOT936=23.47
TYP937=2
DATI937=20200124181354
STATION_NR937=6111
SHF937=4615
ACC_REP_NR937=1177
OPID937=7
REF937=1179110460
SEQ937=1179110738376
SAFTDATI937=20200124181354
LCUR937=10
PAN937=483192*******142
MERCH_ID937,1=A
MERCH_NAME937,1=Discovery Filling Station Ltd
MERCH_RECEIPT_SEQ_NR937,1=611100993505
PRI937,1=1.25
UPR937,1=1.25
QTY937,1=1.00
QTYUNIT937,1=1
GAMT937,1=1.25
AMT937,1=1.25
UGAMT937,1=1.25
UAMT937,1=1.25
PLU937,1=5060639122806
NAM937,1=MONSTER
GRP937,1=DRINKS
CRD937,1=3119
ART_MERCH_ID937,1=A
PRC937,1=5.00
VAMT937,1=0.06
EXC937,1=1.19
INC937,1=1.25
CPPAN937,1=483192*******142
MOP937,1=6
MOP_ADDX937,1=50
MOP_ADDY937,1=13
ROP937,1=1
PM937,1=949
PSUB937,1=13
PA937,1=1.25
SLSTOT937=1.25
TYP938=21
SPEC_TYPE938=14
DATI938=20200124181512
STATION_NR938=6111
SHF938=4615
OPID938=7
LREF938=1179110461
SPEC_ID938=1003
SPEC_NAME938=PAYPOINT
SPEC_ITYP938=1
SPEC_QUA938=1.00
SPEC_PRI938=45.00
SPEC_AMT938=45.00
TYP939=2
DATI939=20200124181521
STATION_NR939=6111
SHF939=4615
ACC_REP_NR939=1177
OPID939=7
REF939=1179110461
SEQ939=1179110738377
SAFTDATI939=20200124181521
LCUR939=10
PAN939=476223*******515
MERCH_ID939,1=A
MERCH_NAME939,1=Discovery Filling Station Ltd
MERCH_RECEIPT_SEQ_NR939,1=611100993506
PRI939,1=45.00
UPR939,1=45.00
QTY939,1=1.00
QTYUNIT939,1=1
GAMT939,1=45.00
AMT939,1=45.00
UGAMT939,1=45.00
UAMT939,1=45.00
PLU939,1=1003
NAM939,1=PAYPOINT
GRP939,1=STAMPS & PHONE
CRD939,1=9019
ART_MERCH_ID939,1=A
EXC939,1=45.00
INC939,1=45.00
CPPAN939,1=476223*******515
MOP939,1=6
MOP_ADDX939,1=50
MOP_ADDY939,1=12
ROP939,1=1
PM939,1=949
PSUB939,1=12
PA939,1=45.00
SLSTOT939=45.00
TYP940=2
DATI940=20200124181609
STATION_NR940=6111
SHF940=4615
ACC_REP_NR940=1177
OPID940=7
REF940=1179110462
SEQ940=1179110738378
SAFTDATI940=20200124181609
LCUR940=10
REPL940=2
MERCH_ID940,1=A
MERCH_NAME940,1=Discovery Filling Station Ltd
MERCH_RECEIPT_SEQ_NR940,1=611100993507
PMP940,1=3
PUMP_MODE940,1=1,1,1
NOZZLE940,1=1
NDATI940,1=20200124181455
START_DATE940,1=20200124181413
PRI940,1=1.249
BASEPRI940,1=1.249
QTY940,1=16.04
QTYUNIT940,1=2
GAMT940,1=20.03
AMT940,1=20.03
UGAMT940,1=20.03
UAMT940,1=20.03
PLU940,1=6
NAM940,1=FuelSave Unl
GRP940,1=59
CRD940,1=325
EXTREF940,1=FuelSave Unl
ART_MERCH_ID940,1=A
EXC940,1=20.03
INC940,1=20.03
NQUA_CHANGEABLE940,1=1194904.13
MOP940,1=1
MOP_ADDX940,1=10
ROP940,1=1
PM940,1=110
PA940,1=20.03
SLSTOT940=20.03
TYP941=2
DATI941=20200124181754
STATION_NR941=6111
SHF941=4615
ACC_REP_NR941=1177
OPID941=7
REF941=1179110463
SEQ941=1179110738379
SAFTDATI941=20200124181754
LCUR941=10
REPL941=2
MERCH_ID941,1=A
MERCH_NAME941,1=Discovery Filling Station Ltd
MERCH_RECEIPT_SEQ_NR941,1=611100993508
PMP941,1=4
PUMP_MODE941,1=1,1,1
NOZZLE941,1=1
NDATI941,1=20200124181749
START_DATE941,1=20200124181648
PRI941,1=1.249
BASEPRI941,1=1.249
QTY941,1=16.02
QTYUNIT941,1=2
GAMT941,1=20.01
AMT941,1=20.01
UGAMT941,1=20.01
UAMT941,1=20.01
PLU941,1=6
NAM941,1=FuelSave Unl
GRP941,1=59
CRD941,1=325
EXTREF941,1=FuelSave Unl
ART_MERCH_ID941,1=A
EXC941,1=20.01
INC941,1=20.01
NQUA_CHANGEABLE941,1=708860.68
MOP941,1=1
MOP_ADDX941,1=10
ROP941,1=1
PM941,1=110
PA941,1=20.01
SLSTOT941=20.01
TYP942=2
DATI942=20200124181832
STATION_NR942=6111
SHF942=4615
ACC_REP_NR942=1177
OPID942=7
REF942=1179110464
SEQ942=1179110738380
SAFTDATI942=20200124181832
LCUR942=10
REPL942=2
MERCH_ID942,1=A
MERCH_NAME942,1=Discovery Filling Station Ltd
MERCH_RECEIPT_SEQ_NR942,1=611100993509
PRI942,1=0.65
UPR942,1=0.65
QTY942,1=1.00
QTYUNIT942,1=1
GAMT942,1=0.65
AMT942,1=0.50
UGAMT942,1=0.65
UAMT942,1=0.50
PLU942,1=5020379150835
NAM942,1=SLT&VINGR ST
GRP942,1=CRISPS
CRD942,1=3219
PRO942,1=MMH1315
DSCT942,1=2
DNAM942,1=H/S 2 FOR 1
DSC942,1=0.15
ART_MERCH_ID942,1=A
PRC942,1=20.00
VAMT942,1=0.08
EXC942,1=0.42
INC942,1=0.50
PRI942,2=0.65
UPR942,2=0.65
QTY942,2=1.00
QTYUNIT942,2=1
GAMT942,2=0.65
AMT942,2=0.50
UGAMT942,2=0.65
UAMT942,2=0.50
PLU942,2=5020379150798
NAM942,2=HS ONI RNG
GRP942,2=CRISPS
CRD942,2=3219
PRO942,2=MMH1315
DSCT942,2=2
DNAM942,2=H/S 2 FOR 1
DSC942,2=0.15
ART_MERCH_ID942,2=A
PRC942,2=20.00
VAMT942,2=0.08
EXC942,2=0.42
INC942,2=0.50
PRI942,3=2.50
UPR942,3=2.50
QTY942,3=1.00
QTYUNIT942,3=1
GAMT942,3=2.50
AMT942,3=2.50
UGAMT942,3=2.50
UAMT942,3=2.50
PLU942,3=2083800000003
NAM942,3=LOTTERY
GRP942,3=LOTTERY ONLINE
CRD942,3=9500
ART_MERCH_ID942,3=A
EXC942,3=2.50
INC942,3=2.50
MOP942,1=1
MOP_ADDX942,1=10
ROP942,1=1
PM942,1=110
PA942,1=3.50
SLSTOT942=3.50
TYP943=2
DATI943=20200124181849
STATION_NR943=6111
SHF943=4615
ACC_REP_NR943=1177
OPID943=7
REF943=1179110465
SEQ943=1179110738381
SAFTDATI943=20200124181849
LCUR943=10
REPL943=2
MERCH_ID943,1=A
MERCH_NAME943,1=Discovery Filling Station Ltd
MERCH_RECEIPT_SEQ_NR943,1=611100993510
PRI943,1=2.00
UPR943,1=2.00
QTY943,1=1.00
QTYUNIT943,1=1
GAMT943,1=2.00
AMT943,1=2.00
UGAMT943,1=2.00
UAMT943,1=2.00
PLU943,1=5054267000452
NAM943,1=LUCOZADE SPORT ORANG
GRP943,1=DRINKS
CRD943,1=3119
ART_MERCH_ID943,1=A
PRC943,1=20.00
VAMT943,1=0.33
EXC943,1=1.67
INC943,1=2.00
MOP943,1=1
MOP_ADDX943,1=10
ROP943,1=1
PM943,1=110
PA943,1=2.00
SLSTOT943=2.00
TYP944=2
DATI944=20200124182118
STATION_NR944=6111
SHF944=2728
ACC_REP_NR944=1177
OPID944=12
REF944=1179120348
SEQ944=1179120275163
SAFTDATI944=20200124182118
LCUR944=10
REPL944=2
MERCH_ID944,1=A
MERCH_NAME944,1=Discovery Filling Station Ltd
MERCH_RECEIPT_SEQ_NR944,1=611100993511
PRI944,1=1.29
UPR944,1=1.29
QTY944,1=1.00
QTYUNIT944,1=1
GAMT944,1=1.29
AMT944,1=1.29
UGAMT944,1=1.29
UAMT944,1=1.29
PLU944,1=5029053571065
NAM944,1=ANDREX CLASS
GRP944,1=GENERAL GOODS V
CRD944,1=3319
ART_MERCH_ID944,1=A
PRC944,1=20.00
VAMT944,1=0.21
EXC944,1=1.08
INC944,1=1.29
MOP944,1=1
MOP_ADDX944,1=10
ROP944,1=1
PM944,1=110
PA944,1=1.29
SLSTOT944=1.29
TYP945=2
DATI945=20200124182347
STATION_NR945=6111
ACC_REP_NR945=1177
REF945=1179510020
SEQ945=1179510017031
SAFTDATI945=20200124182347
LCUR945=10
PAN945=475117******5001
HOSTTYPE945=12
HOSTBOOKPER945=1179
AUTH945=171357
CAIC945=044026111
ONLINERC945=000
STAN945=058576
REPL945=2
MERCH_ID945,1=A
MERCH_NAME945,1=Discovery Filling Station Ltd
PMP945,1=5
PUMP_MODE945,1=1,3,2
NOZZLE945,1=2
NDATI945,1=20200124182347
START_DATE945,1=20200124182246
PRI945,1=1.299
BASEPRI945,1=1.299
QTY945,1=15.39
QTYUNIT945,1=2
GAMT945,1=20.00
AMT945,1=20.00
UGAMT945,1=20.00
UAMT945,1=20.00
PLU945,1=3
NAM945,1=FuelSave Dsl
GRP945,1=59
CRD945,1=425
EXTREF945,1=FuelSave Dsl
ART_MERCH_ID945,1=A
EXC945,1=20.00
INC945,1=20.00
NQUA_CHANGEABLE945,1=1115386.03
CPPAN945,1=475117******5001
CPREPL945,1=2
CPHOSTTYPE945,1=12
CPHOSTBKPER945,1=1179
CPAUTH945,1=171357
CPCAIC945,1=044026111
CPONLINERC945,1=000
CPSTAN945,1=058576
MOP945,1=4
MOP_ADDX945,1=2
MOP_ADDY945,1=2
ROP945,1=1
PM945,1=701
PSUB945,1=2
PA945,1=20.00
TRKMED945,1=5
SLSTOT945=20.00
TYP946=2
DATI946=20200124182349
STATION_NR946=6111
SHF946=4615
ACC_REP_NR946=1177
OPID946=7
REF946=1179110466
SEQ946=1179110738382
SAFTDATI946=20200124182349
LCUR946=10
REPL946=2
MERCH_ID946,1=A
MERCH_NAME946,1=Discovery Filling Station Ltd
MERCH_RECEIPT_SEQ_NR946,1=611100993512
PMP946,1=2
PUMP_MODE946,1=1,1,1
NOZZLE946,1=2
NDATI946,1=20200124182317
START_DATE946,1=20200124182231
PRI946,1=1.299
BASEPRI946,1=1.299
QTY946,1=15.40
QTYUNIT946,1=2
GAMT946,1=20.00
AMT946,1=20.00
UGAMT946,1=20.00
UAMT946,1=20.00
PLU946,1=3
NAM946,1=FuelSave Dsl
GRP946,1=59
CRD946,1=425
EXTREF946,1=FuelSave Dsl
ART_MERCH_ID946,1=A
EXC946,1=20.00
INC946,1=20.00
NQUA_CHANGEABLE946,1=1555591.58
MOP946,1=1
MOP_ADDX946,1=10
ROP946,1=1
PM946,1=110
PA946,1=20.00
SLSTOT946=20.00
TYP947=2
DATI947=20200124182453
STATION_NR947=6111
SHF947=2728
ACC_REP_NR947=1177
OPID947=12
REF947=1179120349
SEQ947=1179120275164
SAFTDATI947=20200124182453
LCUR947=10
PAN947=475116*******158
MERCH_ID947,1=A
MERCH_NAME947,1=Discovery Filling Station Ltd
MERCH_RECEIPT_SEQ_NR947,1=611100993513
PMP947,1=3
PUMP_MODE947,1=1,1,1
NOZZLE947,1=3
NDATI947,1=20200124182430
START_DATE947,1=20200124182405
PRI947,1=1.299
BASEPRI947,1=1.299
QTY947,1=2.54
QTYUNIT947,1=2
GAMT947,1=3.30
AMT947,1=3.30
UGAMT947,1=3.30
UAMT947,1=3.30
PLU947,1=3
NAM947,1=FuelSave Dsl
GRP947,1=59
CRD947,1=425
EXTREF947,1=FuelSave Dsl
ART_MERCH_ID947,1=A
EXC947,1=3.30
INC947,1=3.30
NQUA_CHANGEABLE947,1=1277906.68
CPPAN947,1=475116*******158
MOP947,1=6
MOP_ADDX947,1=50
MOP_ADDY947,1=12
ROP947,1=1
PM947,1=949
PSUB947,1=12
PA947,1=3.30
SLSTOT947=3.30
TYP948=2
DATI948=20200124182708
STATION_NR948=6111
SHF948=2728
ACC_REP_NR948=1177
OPID948=12
REF948=1179120350
SEQ948=1179120275165
SAFTDATI948=20200124182708
LCUR948=10
PAN948=483215*******053
MERCH_ID948,1=A
MERCH_NAME948,1=Discovery Filling Station Ltd
MERCH_RECEIPT_SEQ_NR948,1=611100993514
PMP948,1=5
PUMP_MODE948,1=1,1,1
NOZZLE948,1=1
NDATI948,1=20200124182635
START_DATE948,1=20200124182601
PRI948,1=1.249
BASEPRI948,1=1.249
QTY948,1=8.01
QTYUNIT948,1=2
GAMT948,1=10.00
AMT948,1=10.00
UGAMT948,1=10.00
UAMT948,1=10.00
PLU948,1=6
NAM948,1=FuelSave Unl
GRP948,1=59
CRD948,1=325
EXTREF948,1=FuelSave Unl
ART_MERCH_ID948,1=A
EXC948,1=10.00
INC948,1=10.00
NQUA_CHANGEABLE948,1=1062729.56
CPPAN948,1=483215*******053
MOP948,1=6
MOP_ADDX948,1=50
MOP_ADDY948,1=13
ROP948,1=1
PM948,1=949
PSUB948,1=13
PA948,1=10.00
SLSTOT948=10.00
TYP949=2
DATI949=20200124182811
STATION_NR949=6111
SHF949=4615
ACC_REP_NR949=1177
OPID949=7
REF949=1179110467
SEQ949=1179110738383
SAFTDATI949=20200124182811
LCUR949=10
REPL949=2
MERCH_ID949,1=A
MERCH_NAME949,1=Discovery Filling Station Ltd
MERCH_RECEIPT_SEQ_NR949,1=611100993515
PMP949,1=3
PUMP_MODE949,1=1,1,1
NOZZLE949,1=1
NDATI949,1=20200124182743
START_DATE949,1=20200124182709
PRI949,1=1.249
BASEPRI949,1=1.249
QTY949,1=12.01
QTYUNIT949,1=2
GAMT949,1=15.00
AMT949,1=15.00
UGAMT949,1=15.00
UAMT949,1=15.00
PLU949,1=6
NAM949,1=FuelSave Unl
GRP949,1=59
CRD949,1=325
EXTREF949,1=FuelSave Unl
ART_MERCH_ID949,1=A
EXC949,1=15.00
INC949,1=15.00
NQUA_CHANGEABLE949,1=1194916.14
MOP949,1=1
MOP_ADDX949,1=10
ROP949,1=1
PM949,1=110
PA949,1=15.00
SLSTOT949=15.00
TYP950=2
DATI950=20200124182813
STATION_NR950=6111
SHF950=2728
ACC_REP_NR950=1177
OPID950=12
REF950=1179120351
SEQ950=1179120275166
SAFTDATI950=20200124182813
LCUR950=10
PAN950=529021*******206
MERCH_ID950,1=A
MERCH_NAME950,1=Discovery Filling Station Ltd
MERCH_RECEIPT_SEQ_NR950,1=611100993516
PRI950,1=11.25
UPR950,1=11.25
QTY950,1=1.00
QTYUNIT950,1=1
GAMT950,1=11.25
AMT950,1=11.25
UGAMT950,1=11.25
UAMT950,1=11.25
PLU950,1=5060592002696
NAM950,1=MARLBORO GOL
GRP950,1=TOBACCO
CRD950,1=4019
ART_MERCH_ID950,1=A
PRC950,1=20.00
VAMT950,1=1.87
EXC950,1=9.38
INC950,1=11.25
PRI950,2=11.25
UPR950,2=11.25
QTY950,2=1.00
QTYUNIT950,2=1
GAMT950,2=11.25
AMT950,2=11.25
UGAMT950,2=11.25
UAMT950,2=11.25
PLU950,2=5060592002696
NAM950,2=MARLBORO GOL
GRP950,2=TOBACCO
CRD950,2=4019
ART_MERCH_ID950,2=A
PRC950,2=20.00
VAMT950,2=1.87
EXC950,2=9.38
INC950,2=11.25
CPPAN950,1=529021*******206
MOP950,1=6
MOP_ADDX950,1=50
MOP_ADDY950,1=15
ROP950,1=1
PM950,1=949
PSUB950,1=15
PA950,1=22.50
SLSTOT950=22.50
TYP951=2
DATI951=20200124183053
STATION_NR951=6111
SHF951=2728
ACC_REP_NR951=1177
OPID951=12
REF951=1179120352
SEQ951=1179120275167
SAFTDATI951=20200124183053
LCUR951=10
REPL951=2
MERCH_ID951,1=A
MERCH_NAME951,1=Discovery Filling Station Ltd
MERCH_RECEIPT_SEQ_NR951,1=611100993517
PRI951,1=1.00
UPR951,1=1.00
QTY951,1=1.00
QTYUNIT951,1=1
GAMT951,1=1.00
AMT951,1=1.00
UGAMT951,1=1.00
UAMT951,1=1.00
PLU951,1=5000328753058
NAM951,1=WLKR SQUR SV
GRP951,1=CRISPS
CRD951,1=3219
ART_MERCH_ID951,1=A
PRC951,1=20.00
VAMT951,1=0.17
EXC951,1=0.83
INC951,1=1.00
PRI951,2=0.60
UPR951,2=0.60
QTY951,2=2.00
QTYUNIT951,2=1
GAMT951,2=1.20
AMT951,2=0.80
UGAMT951,2=1.20
UAMT951,2=0.80
PLU951,2=50201600
NAM951,2=CAD CREME EGG L50
GRP951,2=CONFECTIONERY
CRD951,2=3119
PRO951,2=MMH1866
DSCT951,2=2
DNAM951,2=CAD EGG 3 FOR 1.20
DSC951,2=0.40
ART_MERCH_ID951,2=A
PRC951,2=20.00
VAMT951,2=0.13
EXC951,2=0.67
INC951,2=0.80
PRI951,3=0.60
UPR951,3=0.60
QTY951,3=1.00
QTYUNIT951,3=1
GAMT951,3=0.60
AMT951,3=0.40
UGAMT951,3=0.60
UAMT951,3=0.40
PLU951,3=50201969
NAM951,3=CAD CDM CARAMEL EGG
GRP951,3=CONFECTIONERY
CRD951,3=3119
PRO951,3=MMH1866
DSCT951,3=2
DNAM951,3=CAD EGG 3 FOR 1.20
DSC951,3=0.20
ART_MERCH_ID951,3=A
PRC951,3=20.00
VAMT951,3=0.07
EXC951,3=0.33
INC951,3=0.40
MOP951,1=1
MOP_ADDX951,1=10
ROP951,1=1
PM951,1=110
PA951,1=5.00
MOP951,2=1
MOP_ADDX951,2=10
ROP951,2=2
PM951,2=5110
PA951,2=-2.80
SLSTOT951=2.20
TYP952=2
DATI952=20200124183409
STATION_NR952=6111
SHF952=2728
ACC_REP_NR952=1177
OPID952=12
REF952=1179120353
SEQ952=1179120275168
SAFTDATI952=20200124183409
LCUR952=10
REPL952=2
MERCH_ID952,1=A
MERCH_NAME952,1=Discovery Filling Station Ltd
MERCH_RECEIPT_SEQ_NR952,1=611100993518
PRI952,1=0.50
UPR952,1=0.50
QTY952,1=1.00
QTYUNIT952,1=1
GAMT952,1=0.50
AMT952,1=0.40
UGAMT952,1=0.50
UAMT952,1=0.40
PLU952,1=5020379136983
NAM952,1=EURO SHOPPER
GRP952,1=DRINKS
CRD952,1=3119
DSCT952,1=8
DNAM952,1=Discount on total
DSC952,1=0.10
ART_MERCH_ID952,1=A
PRC952,1=20.00
VAMT952,1=0.07
EXC952,1=0.33
INC952,1=0.40
MOP952,1=1
MOP_ADDX952,1=10
ROP952,1=1
PM952,1=110
PA952,1=0.40
SLSTOT952=0.40
TYP953=2
DATI953=20200124183536
STATION_NR953=6111
SHF953=2728
ACC_REP_NR953=1177
OPID953=12
REF953=1179120354
SEQ953=1179120275169
SAFTDATI953=20200124183536
LCUR953=10
REPL953=2
MERCH_ID953,1=A
MERCH_NAME953,1=Discovery Filling Station Ltd
MERCH_RECEIPT_SEQ_NR953,1=611100993519
PRI953,1=0.50
UPR953,1=0.50
QTY953,1=1.00
QTYUNIT953,1=1
GAMT953,1=0.50
AMT953,1=0.50
UGAMT953,1=0.50
UAMT953,1=0.50
PLU953,1=5020379137003
NAM953,1=EURO SHOPPER
GRP953,1=DRINKS
CRD953,1=3119
ART_MERCH_ID953,1=A
PRC953,1=20.00
VAMT953,1=0.08
EXC953,1=0.42
INC953,1=0.50
PRI953,2=0.90
UPR953,2=0.90
QTY953,2=1.00
QTYUNIT953,2=1
GAMT953,2=0.90
AMT953,2=0.90
UGAMT953,2=0.90
UAMT953,2=0.90
PLU953,2=8938506311516
NAM953,2=EXIS LIGHTER
GRP953,2=TOBACCO SUNDRIE
CRD953,2=4019
ART_MERCH_ID953,2=A
PRC953,2=20.00
VAMT953,2=0.15
EXC953,2=0.75
INC953,2=0.90
PRI953,3=9.80
UPR953,3=9.80
QTY953,3=1.00
QTYUNIT953,3=1
GAMT953,3=9.80
AMT953,3=9.80
UGAMT953,3=9.80
UAMT953,3=9.80
PLU953,3=5000143936339
NAM953,3=STERLING KS
GRP953,3=TOBACCO
CRD953,3=4019
ART_MERCH_ID953,3=A
PRC953,3=20.00
VAMT953,3=1.63
EXC953,3=8.17
INC953,3=9.80
MOP953,1=1
MOP_ADDX953,1=10
ROP953,1=1
PM953,1=110
PA953,1=15.00
MOP953,2=1
MOP_ADDX953,2=10
ROP953,2=2
PM953,2=5110
PA953,2=-3.80
SLSTOT953=11.20
TYP954=2
DATI954=20200124183639
STATION_NR954=6111
SHF954=2728
ACC_REP_NR954=1177
OPID954=12
REF954=1179120355
SEQ954=1179120275170
SAFTDATI954=20200124183639
LCUR954=10
REPL954=2
MERCH_ID954,1=A
MERCH_NAME954,1=Discovery Filling Station Ltd
MERCH_RECEIPT_SEQ_NR954,1=611100993520
PRI954,1=1.09
UPR954,1=1.09
QTY954,1=1.00
QTYUNIT954,1=1
GAMT954,1=1.09
AMT954,1=1.00
UGAMT954,1=1.09
UAMT954,1=1.00
PLU954,1=5054267007895
NAM954,1=RIBENA
GRP954,1=DRINKS
CRD954,1=3119
PRO954,1=MMH1575
DSCT954,1=2
DNAM954,1=RIBENA 2 FOR 2
DSC954,1=0.09
ART_MERCH_ID954,1=A
PRC954,1=20.00
VAMT954,1=0.17
EXC954,1=0.83
INC954,1=1.00
PRI954,2=1.09
UPR954,2=1.09
QTY954,2=1.00
QTYUNIT954,2=1
GAMT954,2=1.09
AMT954,2=1.00
UGAMT954,2=1.09
UAMT954,2=1.00
PLU954,2=5054267007895
NAM954,2=RIBENA
GRP954,2=DRINKS
CRD954,2=3119
PRO954,2=MMH1575
DSCT954,2=2
DNAM954,2=RIBENA 2 FOR 2
DSC954,2=0.09
ART_MERCH_ID954,2=A
PRC954,2=20.00
VAMT954,2=0.17
EXC954,2=0.83
INC954,2=1.00
MOP954,1=1
MOP_ADDX954,1=10
ROP954,1=1
PM954,1=110
PA954,1=2.00
SLSTOT954=2.00
TYP955=2
DATI955=20200124183726
STATION_NR955=6111
SHF955=2728
ACC_REP_NR955=1177
OPID955=12
REF955=1179120356
SEQ955=1179120275171
SAFTDATI955=20200124183726
LCUR955=10
REPL955=2
MERCH_ID955,1=A
MERCH_NAME955,1=Discovery Filling Station Ltd
MERCH_RECEIPT_SEQ_NR955,1=611100993521
PRI955,1=0.80
UPR955,1=0.80
QTY955,1=1.00
QTYUNIT955,1=1
GAMT955,1=0.80
AMT955,1=0.80
UGAMT955,1=0.80
UAMT955,1=0.80
PLU955,1=7622210984579
NAM955,1=CADBURY DAIRY MILK W
GRP955,1=CONFECTIONERY
CRD955,1=3119
ART_MERCH_ID955,1=A
PRC955,1=20.00
VAMT955,1=0.13
EXC955,1=0.67
INC955,1=0.80
PRI955,2=0.65
UPR955,2=0.65
QTY955,2=1.00
QTYUNIT955,2=1
GAMT955,2=0.65
AMT955,2=0.65
UGAMT955,2=0.65
UAMT955,2=0.65
PLU955,2=5000112628937
NAM955,2=FANTA
GRP955,2=DRINKS
CRD955,2=3119
ART_MERCH_ID955,2=A
PRC955,2=20.00
VAMT955,2=0.11
EXC955,2=0.54
INC955,2=0.65
PRI955,3=11.05
UPR955,3=11.05
QTY955,3=1.00
QTYUNIT955,3=1
GAMT955,3=11.05
AMT955,3=11.05
UGAMT955,3=11.05
UAMT955,3=11.05
PLU955,3=5000143921427
NAM955,3=B&H KS SILVE
GRP955,3=TOBACCO
CRD955,3=4019
ART_MERCH_ID955,3=A
PRC955,3=20.00
VAMT955,3=1.84
EXC955,3=9.21
INC955,3=11.05
MOP955,1=1
MOP_ADDX955,1=10
ROP955,1=1
PM955,1=110
PA955,1=20.00
MOP955,2=1
MOP_ADDX955,2=10
ROP955,2=2
PM955,2=5110
PA955,2=-7.50
SLSTOT955=12.50
TYP956=2
DATI956=20200124183804
STATION_NR956=6111
SHF956=2728
ACC_REP_NR956=1177
OPID956=12
REF956=1179120357
SEQ956=1179120275172
SAFTDATI956=20200124183804
LCUR956=10
REPL956=2
MERCH_ID956,1=A
MERCH_NAME956,1=Discovery Filling Station Ltd
MERCH_RECEIPT_SEQ_NR956,1=611100993522
PRI956,1=0.90
UPR956,1=0.90
QTY956,1=1.00
QTYUNIT956,1=1
GAMT956,1=0.90
AMT956,1=0.90
UGAMT956,1=0.90
UAMT956,1=0.90
PLU956,1=8938506311516
NAM956,1=EXIS LIGHTER
GRP956,1=TOBACCO SUNDRIE
CRD956,1=4019
ART_MERCH_ID956,1=A
PRC956,1=20.00
VAMT956,1=0.15
EXC956,1=0.75
INC956,1=0.90
MOP956,1=1
MOP_ADDX956,1=10
ROP956,1=1
PM956,1=110
PA956,1=0.90
SLSTOT956=0.90
TYP957=21
SPEC_TYPE957=13
DATI957=20200124183902
STATION_NR957=6111
SHF957=2728
OPID957=12
SPEC_ADDD957=Open cash drawer
TYP958=2
DATI958=20200124183935
STATION_NR958=6111
SHF958=2728
ACC_REP_NR958=1177
OPID958=12
REF958=1179120358
SEQ958=1179120275173
SAFTDATI958=20200124183935
LCUR958=10
PAN958=465935*******201
MERCH_ID958,1=A
MERCH_NAME958,1=Discovery Filling Station Ltd
MERCH_RECEIPT_SEQ_NR958,1=611100993523
PMP958,1=1
PUMP_MODE958,1=1,1,1
NOZZLE958,1=1
NDATI958,1=20200124183835
START_DATE958,1=20200124183747
PRI958,1=1.249
BASEPRI958,1=1.249
QTY958,1=16.01
QTYUNIT958,1=2
GAMT958,1=20.00
AMT958,1=20.00
UGAMT958,1=20.00
UAMT958,1=20.00
PLU958,1=6
NAM958,1=FuelSave Unl
GRP958,1=59
CRD958,1=325
EXTREF958,1=FuelSave Unl
ART_MERCH_ID958,1=A
EXC958,1=20.00
INC958,1=20.00
NQUA_CHANGEABLE958,1=662598.71
PRI958,2=2.19
UPR958,2=2.19
QTY958,2=1.00
QTYUNIT958,2=1
GAMT958,2=2.19
AMT958,2=2.19
UGAMT958,2=2.19
UAMT958,2=2.19
PLU958,2=5000112640250
NAM958,2=DIET COKE
GRP958,2=DRINKS
CRD958,2=3119
ART_MERCH_ID958,2=A
PRC958,2=20.00
VAMT958,2=0.36
EXC958,2=1.83
INC958,2=2.19
PRI958,3=1.09
UPR958,3=1.09
QTY958,3=1.00
QTYUNIT958,3=1
GAMT958,3=1.09
AMT958,3=0.80
UGAMT958,3=1.09
UAMT958,3=0.80
PLU958,3=5054267007642
NAM958,3=LUCOZADE
GRP958,3=DRINKS
CRD958,3=3119
PRO958,3=MMH1887
DSCT958,3=2
DNAM958,3=L/ENRGY 2 FOR 1.60
DSC958,3=0.29
ART_MERCH_ID958,3=A
PRC958,3=20.00
VAMT958,3=0.13
EXC958,3=0.67
INC958,3=0.80
PRI958,4=1.09
UPR958,4=1.09
QTY958,4=1.00
QTYUNIT958,4=1
GAMT958,4=1.09
AMT958,4=0.80
UGAMT958,4=1.09
UAMT958,4=0.80
PLU958,4=5054267007642
NAM958,4=LUCOZADE
GRP958,4=DRINKS
CRD958,4=3119
PRO958,4=MMH1887
DSCT958,4=2
DNAM958,4=L/ENRGY 2 FOR 1.60
DSC958,4=0.29
ART_MERCH_ID958,4=A
PRC958,4=20.00
VAMT958,4=0.13
EXC958,4=0.67
INC958,4=0.80
PRI958,5=0.65
UPR958,5=0.65
QTY958,5=1.00
QTYUNIT958,5=1
GAMT958,5=0.65
AMT958,5=0.65
UGAMT958,5=0.65
UAMT958,5=0.65
PLU958,5=50189779
NAM958,5=POLO MINTS ROWNTREE
GRP958,5=CONFECTIONERY
CRD958,5=3119
ART_MERCH_ID958,5=A
PRC958,5=20.00
VAMT958,5=0.11
EXC958,5=0.54
INC958,5=0.65
CPPAN958,1=465935*******201
MOP958,1=6
MOP_ADDX958,1=50
MOP_ADDY958,1=12
ROP958,1=1
PM958,1=949
PSUB958,1=12
PA958,1=24.44
SLSTOT958=24.44
TYP959=2
DATI959=20200124184019
STATION_NR959=6111
SHF959=2728
ACC_REP_NR959=1177
OPID959=12
REF959=1179120359
SEQ959=1179120275174
SAFTDATI959=20200124184019
LCUR959=10
PAN959=446292*******738
MERCH_ID959,1=A
MERCH_NAME959,1=Discovery Filling Station Ltd
MERCH_RECEIPT_SEQ_NR959,1=611100993524
PMP959,1=3
PUMP_MODE959,1=1,1,1
NOZZLE959,1=1
NDATI959,1=20200124183934
START_DATE959,1=20200124183906
PRI959,1=1.249
BASEPRI959,1=1.249
QTY959,1=12.03
QTYUNIT959,1=2
GAMT959,1=15.03
AMT959,1=15.03
UGAMT959,1=15.03
UAMT959,1=15.03
PLU959,1=6
NAM959,1=FuelSave Unl
GRP959,1=59
CRD959,1=325
EXTREF959,1=FuelSave Unl
ART_MERCH_ID959,1=A
EXC959,1=15.03
INC959,1=15.03
NQUA_CHANGEABLE959,1=1194928.17
PRI959,2=1.49
UPR959,2=1.49
QTY959,2=1.00
QTYUNIT959,2=1
GAMT959,2=1.49
AMT959,2=1.49
UGAMT959,2=1.49
UAMT959,2=1.49
PLU959,2=54491496
NAM959,2=DIET COKE 500ML
GRP959,2=DRINKS
CRD959,2=3119
ART_MERCH_ID959,2=A
PRC959,2=20.00
VAMT959,2=0.25
EXC959,2=1.24
INC959,2=1.49
CPPAN959,1=446292*******738
MOP959,1=6
MOP_ADDX959,1=50
MOP_ADDY959,1=12
ROP959,1=1
PM959,1=949
PSUB959,1=12
PA959,1=16.52
SLSTOT959=16.52
TYP960=2
DATI960=20200124184303
STATION_NR960=6111
SHF960=2728
ACC_REP_NR960=1177
OPID960=12
REF960=1179120360
SEQ960=1179120275175
SAFTDATI960=20200124184303
LCUR960=10
REPL960=2
MERCH_ID960,1=A
MERCH_NAME960,1=Discovery Filling Station Ltd
MERCH_RECEIPT_SEQ_NR960,1=611100993525
PMP960,1=5
PUMP_MODE960,1=1,1,1
NOZZLE960,1=1
NDATI960,1=20200124184210
START_DATE960,1=20200124184127
PRI960,1=1.249
BASEPRI960,1=1.249
QTY960,1=16.01
QTYUNIT960,1=2
GAMT960,1=20.00
AMT960,1=20.00
UGAMT960,1=20.00
UAMT960,1=20.00
PLU960,1=6
NAM960,1=FuelSave Unl
GRP960,1=59
CRD960,1=325
EXTREF960,1=FuelSave Unl
ART_MERCH_ID960,1=A
EXC960,1=20.00
INC960,1=20.00
NQUA_CHANGEABLE960,1=1062745.57
MOP960,1=1
MOP_ADDX960,1=10
ROP960,1=1
PM960,1=110
PA960,1=20.00
SLSTOT960=20.00
TYP961=2
DATI961=20200124184519
STATION_NR961=6111
SHF961=2728
ACC_REP_NR961=1177
OPID961=12
REF961=1179120361
SEQ961=1179120275176
SAFTDATI961=20200124184519
LCUR961=10
REPL961=2
MERCH_ID961,1=A
MERCH_NAME961,1=Discovery Filling Station Ltd
MERCH_RECEIPT_SEQ_NR961,1=611100993526
PRI961,1=0.90
UPR961,1=0.90
QTY961,1=1.00
QTYUNIT961,1=1
GAMT961,1=0.90
AMT961,1=0.90
UGAMT961,1=0.90
UAMT961,1=0.90
PLU961,1=8938506311516
NAM961,1=EXIS LIGHTER
GRP961,1=TOBACCO SUNDRIE
CRD961,1=4019
ART_MERCH_ID961,1=A
PRC961,1=20.00
VAMT961,1=0.15
EXC961,1=0.75
INC961,1=0.90
MOP961,1=1
MOP_ADDX961,1=10
ROP961,1=1
PM961,1=110
PA961,1=0.90
SLSTOT961=0.90
TYP962=2
DATI962=20200124184541
STATION_NR962=6111
SHF962=2728
ACC_REP_NR962=1177
OPID962=12
REF962=1179120362
SEQ962=1179120275177
SAFTDATI962=20200124184541
LCUR962=10
REPL962=2
MERCH_ID962,1=A
MERCH_NAME962,1=Discovery Filling Station Ltd
MERCH_RECEIPT_SEQ_NR962,1=611100993527
PRI962,1=0.79
UPR962,1=0.79
QTY962,1=1.00
QTYUNIT962,1=1
GAMT962,1=0.79
AMT962,1=0.79
UGAMT962,1=0.79
UAMT962,1=0.79
PLU962,1=5000112630633
NAM962,1=COCA COLA
GRP962,1=DRINKS
CRD962,1=3119
ART_MERCH_ID962,1=A
PRC962,1=20.00
VAMT962,1=0.13
EXC962,1=0.66
INC962,1=0.79
PRI962,2=0.65
UPR962,2=0.65
QTY962,2=1.00
QTYUNIT962,2=1
GAMT962,2=0.65
AMT962,2=0.65
UGAMT962,2=0.65
UAMT962,2=0.65
PLU962,2=5000112629125
NAM962,2=DR PEPPER
GRP962,2=DRINKS
CRD962,2=3119
ART_MERCH_ID962,2=A
PRC962,2=20.00
VAMT962,2=0.11
EXC962,2=0.54
INC962,2=0.65
MOP962,1=1
MOP_ADDX962,1=10
ROP962,1=1
PM962,1=110
PA962,1=1.44
SLSTOT962=1.44
TYP963=2
DATI963=20200124184552
STATION_NR963=6111
SHF963=2728
ACC_REP_NR963=1177
OPID963=12
REF963=1179120363
SEQ963=1179120275178
SAFTDATI963=20200124184552
LCUR963=10
PAN963=535562*******216
MERCH_ID963,1=A
MERCH_NAME963,1=Discovery Filling Station Ltd
MERCH_RECEIPT_SEQ_NR963,1=611100993528
PMP963,1=2
PUMP_MODE963,1=1,1,1
NOZZLE963,1=1
NDATI963,1=20200124184532
START_DATE963,1=20200124184454
PRI963,1=1.249
BASEPRI963,1=1.249
QTY963,1=16.04
QTYUNIT963,1=2
GAMT963,1=20.03
AMT963,1=20.03
UGAMT963,1=20.03
UAMT963,1=20.03
PLU963,1=6
NAM963,1=FuelSave Unl
GRP963,1=59
CRD963,1=325
EXTREF963,1=FuelSave Unl
ART_MERCH_ID963,1=A
EXC963,1=20.03
INC963,1=20.03
NQUA_CHANGEABLE963,1=570950.68
CPPAN963,1=535562*******216
MOP963,1=6
MOP_ADDX963,1=50
MOP_ADDY963,1=14
ROP963,1=1
PM963,1=949
PSUB963,1=14
PA963,1=20.03
SLSTOT963=20.03
TYP964=2
DATI964=20200124184915
STATION_NR964=6111
SHF964=4615
ACC_REP_NR964=1177
OPID964=7
REF964=1179110468
SEQ964=1179110738384
SAFTDATI964=20200124184915
LCUR964=10
REPL964=2
MERCH_ID964,1=A
MERCH_NAME964,1=Discovery Filling Station Ltd
MERCH_RECEIPT_SEQ_NR964,1=611100993529
PMP964,1=1
PUMP_MODE964,1=1,1,1
NOZZLE964,1=2
NDATI964,1=20200124184858
START_DATE964,1=20200124184835
PRI964,1=1.299
BASEPRI964,1=1.299
QTY964,1=3.85
QTYUNIT964,1=2
GAMT964,1=5.00
AMT964,1=5.00
UGAMT964,1=5.00
UAMT964,1=5.00
PLU964,1=3
NAM964,1=FuelSave Dsl
GRP964,1=59
CRD964,1=425
EXTREF964,1=FuelSave Dsl
ART_MERCH_ID964,1=A
EXC964,1=5.00
INC964,1=5.00
NQUA_CHANGEABLE964,1=826205.01
MOP964,1=1
MOP_ADDX964,1=10
ROP964,1=1
PM964,1=110
PA964,1=5.00
SLSTOT964=5.00
TYP965=2
DATI965=20200124184931
STATION_NR965=6111
SHF965=4615
ACC_REP_NR965=1177
OPID965=7
REF965=1179110469
SEQ965=1179110738385
SAFTDATI965=20200124184931
LCUR965=10
PAN965=446291*******047
MERCH_ID965,1=A
MERCH_NAME965,1=Discovery Filling Station Ltd
MERCH_RECEIPT_SEQ_NR965,1=611100993530
PMP965,1=6
PUMP_MODE965,1=1,1,1
NOZZLE965,1=1
NDATI965,1=20200124184743
START_DATE965,1=20200124184633
PRI965,1=1.249
BASEPRI965,1=1.249
QTY965,1=35.07
QTYUNIT965,1=2
GAMT965,1=43.80
AMT965,1=43.80
UGAMT965,1=43.80
UAMT965,1=43.80
PLU965,1=6
NAM965,1=FuelSave Unl
GRP965,1=59
CRD965,1=325
EXTREF965,1=FuelSave Unl
ART_MERCH_ID965,1=A
EXC965,1=43.80
INC965,1=43.80
NQUA_CHANGEABLE965,1=369822.56
CPPAN965,1=446291*******047
MOP965,1=6
MOP_ADDX965,1=50
MOP_ADDY965,1=12
ROP965,1=1
PM965,1=949
PSUB965,1=12
PA965,1=43.80
SLSTOT965=43.80
TYP966=2
DATI966=20200124185034
STATION_NR966=6111
SHF966=2728
ACC_REP_NR966=1177
OPID966=12
REF966=1179120364
SEQ966=1179120275179
SAFTDATI966=20200124185034
LCUR966=10
REPL966=2
MOP966,1=1
MOP_ADDX966,1=10
ROP966,1=5
PM966,1=2510
PA966,1=-500.00
SAFEDROPREF966,1=1275
TYP967=2
DATI967=20200124185034
STATION_NR967=6111
SHF967=4615
ACC_REP_NR967=1177
OPID967=7
REF967=1179110470
SEQ967=1179110738386
SAFTDATI967=20200124185034
LCUR967=10
REPL967=2
MERCH_ID967,1=A
MERCH_NAME967,1=Discovery Filling Station Ltd
MERCH_RECEIPT_SEQ_NR967,1=611100993531
PRI967,1=2.00
UPR967,1=2.00
QTY967,1=1.00
QTYUNIT967,1=1
GAMT967,1=2.00
AMT967,1=2.00
UGAMT967,1=2.00
UAMT967,1=2.00
PLU967,1=2083800000003
NAM967,1=LOTTERY
GRP967,1=LOTTERY ONLINE
CRD967,1=9500
ART_MERCH_ID967,1=A
EXC967,1=2.00
INC967,1=2.00
PRI967,2=2.00
UPR967,2=2.00
QTY967,2=1.00
QTYUNIT967,2=1
GAMT967,2=2.00
AMT967,2=2.00
UGAMT967,2=2.00
UAMT967,2=2.00
PLU967,2=2083800000003
NAM967,2=LOTTERY
GRP967,2=LOTTERY ONLINE
CRD967,2=9500
ART_MERCH_ID967,2=A
EXC967,2=2.00
INC967,2=2.00
PRI967,3=2.50
UPR967,3=2.50
QTY967,3=1.00
QTYUNIT967,3=1
GAMT967,3=2.50
AMT967,3=2.50
UGAMT967,3=2.50
UAMT967,3=2.50
PLU967,3=2083800000003
NAM967,3=LOTTERY
GRP967,3=LOTTERY ONLINE
CRD967,3=9500
ART_MERCH_ID967,3=A
EXC967,3=2.50
INC967,3=2.50
MOP967,1=1
MOP_ADDX967,1=10
ROP967,1=1
PM967,1=110
PA967,1=6.50
SLSTOT967=6.50
TYP968=2
DATI968=20200124185104
STATION_NR968=6111
ACC_REP_NR968=1177
REF968=1179510021
SEQ968=1179510017032
SAFTDATI968=20200124185104
LCUR968=10
PAN968=446259******2033
HOSTTYPE968=12
HOSTBOOKPER968=1179
AUTH968=024595
CAIC968=044026111
ONLINERC968=000
STAN968=058578
REPL968=2
MERCH_ID968,1=A
MERCH_NAME968,1=Discovery Filling Station Ltd
PMP968,1=5
PUMP_MODE968,1=1,3,2
NOZZLE968,1=1
NDATI968,1=20200124185103
START_DATE968,1=20200124185006
PRI968,1=1.249
BASEPRI968,1=1.249
QTY968,1=16.01
QTYUNIT968,1=2
GAMT968,1=20.00
AMT968,1=20.00
UGAMT968,1=20.00
UAMT968,1=20.00
PLU968,1=6
NAM968,1=FuelSave Unl
GRP968,1=59
CRD968,1=325
EXTREF968,1=FuelSave Unl
ART_MERCH_ID968,1=A
EXC968,1=20.00
INC968,1=20.00
NQUA_CHANGEABLE968,1=1062761.58
CPPAN968,1=446259******2033
CPREPL968,1=2
CPHOSTTYPE968,1=12
CPHOSTBKPER968,1=1179
CPAUTH968,1=024595
CPCAIC968,1=044026111
CPONLINERC968,1=000
CPSTAN968,1=058578
MOP968,1=4
MOP_ADDX968,1=2
MOP_ADDY968,1=2
ROP968,1=1
PM968,1=701
PSUB968,1=2
PA968,1=20.00
TRKMED968,1=5
SLSTOT968=20.00
TYP969=2
DATI969=20200124185057
STATION_NR969=6111
SHF969=4615
ACC_REP_NR969=1177
OPID969=7
REF969=1179110471
SEQ969=1179110738387
SAFTDATI969=20200124185057
LCUR969=10
PAN969=475714*******350
MERCH_ID969,1=A
MERCH_NAME969,1=Discovery Filling Station Ltd
MERCH_RECEIPT_SEQ_NR969,1=611100993532
PRI969,1=8.70
UPR969,1=8.70
QTY969,1=1.00
QTYUNIT969,1=1
GAMT969,1=8.70
AMT969,1=8.70
UGAMT969,1=8.70
UAMT969,1=8.70
PLU969,1=5000431027664
NAM969,1=L&B SK BLUE 20
GRP969,1=TOBACCO
CRD969,1=4019
ART_MERCH_ID969,1=A
PRC969,1=20.00
VAMT969,1=1.45
EXC969,1=7.25
INC969,1=8.70
CPPAN969,1=475714*******350
MOP969,1=6
MOP_ADDX969,1=50
MOP_ADDY969,1=12
ROP969,1=1
PM969,1=949
PSUB969,1=12
PA969,1=8.70
SLSTOT969=8.70
TYP970=2
DATI970=20200124185118
STATION_NR970=6111
SHF970=4615
ACC_REP_NR970=1177
OPID970=7
REF970=1179110472
SEQ970=1179110738388
SAFTDATI970=20200124185118
LCUR970=10
REPL970=2
MERCH_ID970,1=A
MERCH_NAME970,1=Discovery Filling Station Ltd
MERCH_RECEIPT_SEQ_NR970,1=611100993533
PRI970,1=8.70
UPR970,1=8.70
QTY970,1=1.00
QTYUNIT970,1=1
GAMT970,1=8.70
AMT970,1=8.70
UGAMT970,1=8.70
UAMT970,1=8.70
PLU970,1=5000431026964
NAM970,1=PLAYERS CRUSHBALL
GRP970,1=TOBACCO
CRD970,1=4019
ART_MERCH_ID970,1=A
PRC970,1=20.00
VAMT970,1=1.45
EXC970,1=7.25
INC970,1=8.70
MOP970,1=1
MOP_ADDX970,1=10
ROP970,1=1
PM970,1=110
PA970,1=8.70
SLSTOT970=8.70
TYP971=2
DATI971=20200124185239
STATION_NR971=6111
SHF971=4615
ACC_REP_NR971=1177
OPID971=7
REF971=1179110473
SEQ971=1179110738389
SAFTDATI971=20200124185239
LCUR971=10
REPL971=2
MERCH_ID971,1=A
MERCH_NAME971,1=Discovery Filling Station Ltd
MERCH_RECEIPT_SEQ_NR971,1=611100993534
PMP971,1=2
PUMP_MODE971,1=1,1,1
NOZZLE971,1=2
NDATI971,1=20200124185150
START_DATE971,1=20200124185046
PRI971,1=1.299
BASEPRI971,1=1.299
QTY971,1=25.39
QTYUNIT971,1=2
GAMT971,1=32.98
AMT971,1=32.98
UGAMT971,1=32.98
UAMT971,1=32.98
PLU971,1=3
NAM971,1=FuelSave Dsl
GRP971,1=59
CRD971,1=425
EXTREF971,1=FuelSave Dsl
ART_MERCH_ID971,1=A
EXC971,1=32.98
INC971,1=32.98
NQUA_CHANGEABLE971,1=1555616.97
PRI971,2=0.60
UPR971,2=0.60
QTY971,2=3.00
QTYUNIT971,2=1
GAMT971,2=1.80
AMT971,2=1.20
UGAMT971,2=1.80
UAMT971,2=1.20
PLU971,2=50201600
NAM971,2=CAD CREME EGG L50
GRP971,2=CONFECTIONERY
CRD971,2=3119
PRO971,2=MMH1866
DSCT971,2=2
DNAM971,2=CAD EGG 3 FOR 1.20
DSC971,2=0.60
ART_MERCH_ID971,2=A
PRC971,2=20.00
VAMT971,2=0.20
EXC971,2=1.00
INC971,2=1.20
MOP971,1=1
MOP_ADDX971,1=10
ROP971,1=1
PM971,1=110
PA971,1=34.18
SLSTOT971=34.18
TYP972=21
SPEC_TYPE972=3
DATI972=20200124185403
STATION_NR972=6111
SHF972=4615
OPID972=7
LREF972=1179110474
SPEC_ID972=6
SPEC_NAME972=FuelSave Unl
SPEC_QUA972=33.51
SPEC_PRI972=1.249
SPEC_AMT972=41.85
SPEC_ADDD972=1
TYP973=2
DATI973=20200124185407
STATION_NR973=6111
SHF973=4615
ACC_REP_NR973=1177
OPID973=7
REF973=1179110474
SEQ973=1179110738390
SAFTDATI973=20200124185407
LCUR973=10
PAN973=446204*******722
MERCH_ID973,1=A
MERCH_NAME973,1=Discovery Filling Station Ltd
MERCH_RECEIPT_SEQ_NR973,1=611100993535
PRI973,1=0.70
UPR973,1=0.70
QTY973,1=1.00
QTYUNIT973,1=1
GAMT973,1=0.70
AMT973,1=0.70
UGAMT973,1=0.70
UAMT973,1=0.70
PLU973,1=5000328774800
NAM973,1=WALKERS BAKED CHS/ON
GRP973,1=CRISPS
CRD973,1=3219
ART_MERCH_ID973,1=A
PRC973,1=20.00
VAMT973,1=0.12
EXC973,1=0.58
INC973,1=0.70
PRI973,2=0.70
UPR973,2=0.70
QTY973,2=1.00
QTYUNIT973,2=1
GAMT973,2=0.70
AMT973,2=0.70
UGAMT973,2=0.70
UAMT973,2=0.70
PLU973,2=5000328774800
NAM973,2=WALKERS BAKED CHS/ON
GRP973,2=CRISPS
CRD973,2=3219
ART_MERCH_ID973,2=A
PRC973,2=20.00
VAMT973,2=0.12
EXC973,2=0.58
INC973,2=0.70
CPPAN973,1=446204*******722
MOP973,1=6
MOP_ADDX973,1=50
MOP_ADDY973,1=12
ROP973,1=1
PM973,1=949
PSUB973,1=12
PA973,1=1.40
SLSTOT973=1.40
TYP974=3
DATI974=20200124185504
STATION_NR974=6111
SHF974=2728
REF974=1179120000
OPID974=12
POSDISCONNECTED974=NO
TYP975=2
DATI975=20200124185500
STATION_NR975=6111
SHF975=4615
ACC_REP_NR975=1177
OPID975=7
REF975=1179110475
SEQ975=1179110738391
SAFTDATI975=20200124185500
LCUR975=10
PAN975=446204*******722
MERCH_ID975,1=A
MERCH_NAME975,1=Discovery Filling Station Ltd
MERCH_RECEIPT_SEQ_NR975,1=611100993536
PMP975,1=1
PUMP_MODE975,1=1,1,1
NOZZLE975,1=1
NDATI975,1=20200124185301
START_DATE975,1=20200124185143
PRI975,1=1.249
BASEPRI975,1=1.249
QTY975,1=33.51
QTYUNIT975,1=2
GAMT975,1=41.85
AMT975,1=41.85
UGAMT975,1=41.85
UAMT975,1=41.85
PLU975,1=6
NAM975,1=FuelSave Unl
GRP975,1=59
CRD975,1=325
EXTREF975,1=FuelSave Unl
ART_MERCH_ID975,1=A
EXC975,1=41.85
INC975,1=41.85
NQUA_CHANGEABLE975,1=662632.22
PRI975,2=3.99
UPR975,2=3.99
QTY975,2=1.00
QTYUNIT975,2=1
GAMT975,2=3.99
AMT975,2=3.99
UGAMT975,2=3.99
UAMT975,2=3.99
PLU975,2=0857427007705
NAM975,2=SCENT BOMB
GRP975,2=CAR CARE
CRD975,2=2119
ART_MERCH_ID975,2=A
PRC975,2=20.00
VAMT975,2=0.66
EXC975,2=3.33
INC975,2=3.99
CPPAN975,1=446204*******722
MOP975,1=6
MOP_ADDX975,1=50
MOP_ADDY975,1=12
ROP975,1=1
PM975,1=949
PSUB975,1=12
PA975,1=45.84
SLSTOT975=45.84
TYP976=21
SPEC_TYPE976=3
DATI976=20200124185541
STATION_NR976=6111
SHF976=4615
OPID976=7
LREF976=1179110476
SPEC_ID976=3
SPEC_NAME976=FuelSave Dsl
SPEC_QUA976=43.03
SPEC_PRI976=1.299
SPEC_AMT976=55.90
SPEC_ADDD976=4
TYP977=20
DATI977=20200124185553
STATION_NR977=6111
SHF977=2728
REF977=1179120000
OPID977=12
SHF_CURL977,10=7.79
TYP978=2
DATI978=20200124185553
STATION_NR978=6111
SHF978=4615
ACC_REP_NR978=1177
OPID978=7
REF978=1179110477
SEQ978=1179110738392
SAFTDATI978=20200124185553
LCUR978=10
PAN978=476223*******821
MERCH_ID978,1=A
MERCH_NAME978,1=Discovery Filling Station Ltd
MERCH_RECEIPT_SEQ_NR978,1=611100993537
PMP978,1=3
PUMP_MODE978,1=1,1,1
NOZZLE978,1=1
NDATI978,1=20200124185529
START_DATE978,1=20200124185352
PRI978,1=1.249
BASEPRI978,1=1.249
QTY978,1=40.03
QTYUNIT978,1=2
GAMT978,1=50.00
AMT978,1=50.00
UGAMT978,1=50.00
UAMT978,1=50.00
PLU978,1=6
NAM978,1=FuelSave Unl
GRP978,1=59
CRD978,1=325
EXTREF978,1=FuelSave Unl
ART_MERCH_ID978,1=A
EXC978,1=50.00
INC978,1=50.00
NQUA_CHANGEABLE978,1=1194968.20
CPPAN978,1=476223*******821
MOP978,1=6
MOP_ADDX978,1=50
MOP_ADDY978,1=12
ROP978,1=1
PM978,1=949
PSUB978,1=12
PA978,1=50.00
SLSTOT978=50.00
TYP979=1
DATI979=20200124185616
STATION_NR979=6111
SHF979=2729
REF979=1179120000
OPID979=13
TYP980=2
DATI980=20200124185619
STATION_NR980=6111
SHF980=4615
ACC_REP_NR980=1177
OPID980=7
REF980=1179110478
SEQ980=1179110738393
SAFTDATI980=20200124185619
LCUR980=10
PAN980=700205*******100024
MERCH_ID980,1=A
MERCH_NAME980,1=Discovery Filling Station Ltd
MERCH_RECEIPT_SEQ_NR980,1=611100993538
PMP980,1=4
PUMP_MODE980,1=1,1,1
NOZZLE980,1=3
NDATI980,1=20200124185310
START_DATE980,1=20200124185107
PRI980,1=1.299
BASEPRI980,1=1.299
QTY980,1=43.03
QTYUNIT980,1=2
GAMT980,1=55.90
AMT980,1=55.90
UGAMT980,1=55.90
UAMT980,1=55.90
PLU980,1=3
NAM980,1=FuelSave Dsl
GRP980,1=59
CRD980,1=425
EXTREF980,1=FuelSave Dsl
ART_MERCH_ID980,1=A
EXC980,1=55.90
INC980,1=55.90
NQUA_CHANGEABLE980,1=1503347.65
CPPAN980,1=700205*******100024
MOP980,1=6
MOP_ADDX980,1=50
MOP_ADDY980,1=1
ROP980,1=1
PM980,1=949
PSUB980,1=1
PA980,1=55.90
SLSTOT980=55.90
TYP981=2
DATI981=20200124185657
STATION_NR981=6111
SHF981=4615
ACC_REP_NR981=1177
OPID981=7
REF981=1179110479
SEQ981=1179110738394
SAFTDATI981=20200124185657
LCUR981=10
REPL981=2
MERCH_ID981,1=A
MERCH_NAME981,1=Discovery Filling Station Ltd
MERCH_RECEIPT_SEQ_NR981,1=611100993539
PMP981,1=2
PUMP_MODE981,1=1,1,1
NOZZLE981,1=2
NDATI981,1=20200124185618
START_DATE981,1=20200124185535
PRI981,1=1.299
BASEPRI981,1=1.299
QTY981,1=15.40
QTYUNIT981,1=2
GAMT981,1=20.00
AMT981,1=20.00
UGAMT981,1=20.00
UAMT981,1=20.00
PLU981,1=3
NAM981,1=FuelSave Dsl
GRP981,1=59
CRD981,1=425
EXTREF981,1=FuelSave Dsl
ART_MERCH_ID981,1=A
EXC981,1=20.00
INC981,1=20.00
NQUA_CHANGEABLE981,1=1555632.37
MOP981,1=1
MOP_ADDX981,1=10
ROP981,1=1
PM981,1=110
PA981,1=20.00
SLSTOT981=20.00
TYP982=2
DATI982=20200124185827
STATION_NR982=6111
SHF982=4615
ACC_REP_NR982=1177
OPID982=7
REF982=1179110480
SEQ982=1179110738395
SAFTDATI982=20200124185827
LCUR982=10
REPL982=2
MERCH_ID982,1=A
MERCH_NAME982,1=Discovery Filling Station Ltd
MERCH_RECEIPT_SEQ_NR982,1=611100993540
PRI982,1=1.00
UPR982,1=1.00
QTY982,1=1.00
QTYUNIT982,1=1
GAMT982,1=1.00
AMT982,1=1.00
UGAMT982,1=1.00
UAMT982,1=1.00
PLU982,1=5000112599725
NAM982,1=OASIS CITRUS
GRP982,1=DRINKS
CRD982,1=3119
ART_MERCH_ID982,1=A
PRC982,1=20.00
VAMT982,1=0.17
EXC982,1=0.83
INC982,1=1.00
PRI982,2=1.09
UPR982,2=1.09
QTY982,2=1.00
QTYUNIT982,2=1
GAMT982,2=1.09
AMT982,2=1.09
UGAMT982,2=1.09
UAMT982,2=1.09
PLU982,2=5054267007970
NAM982,2=LUCOZADE
GRP982,2=DRINKS
CRD982,2=3119
ART_MERCH_ID982,2=A
PRC982,2=20.00
VAMT982,2=0.18
EXC982,2=0.91
INC982,2=1.09
PRI982,3=1.00
UPR982,3=1.00
QTY982,3=1.00
QTYUNIT982,3=1
GAMT982,3=1.00
AMT982,3=1.00
UGAMT982,3=1.00
UAMT982,3=1.00
PLU982,3=5023823003787
NAM982,3=SOTG CHNKY EGG MAYO
GRP982,3=CHILLED FOOD
CRD982,3=3400
ART_MERCH_ID982,3=A
EXC982,3=1.00
INC982,3=1.00
PRI982,4=2.59
UPR982,4=2.59
QTY982,4=1.00
QTYUNIT982,4=1
GAMT982,4=2.59
AMT982,4=2.59
UGAMT982,4=2.59
UAMT982,4=2.59
PLU982,4=5055109261123
NAM982,4=CLARKS PREMIUM FILL
GRP982,4=CHILLED FOOD
CRD982,4=3400
ART_MERCH_ID982,4=A
EXC982,4=2.59
INC982,4=2.59
PRI982,5=0.80
UPR982,5=0.80
QTY982,5=1.00
QTYUNIT982,5=1
GAMT982,5=0.80
AMT982,5=0.80
UGAMT982,5=0.80
UAMT982,5=0.80
PLU982,5=7622210106421
NAM982,5=CAD DOUBLE DECKER 54
GRP982,5=CONFECTIONERY
CRD982,5=3119
ART_MERCH_ID982,5=A
PRC982,5=20.00
VAMT982,5=0.13
EXC982,5=0.67
INC982,5=0.80
MOP982,1=1
MOP_ADDX982,1=10
ROP982,1=1
PM982,1=110
PA982,1=6.48
SLSTOT982=6.48
TYP983=2
DATI983=20200124185845
STATION_NR983=6111
SHF983=4615
ACC_REP_NR983=1177
OPID983=7
REF983=1179110481
SEQ983=1179110738396
SAFTDATI983=20200124185845
LCUR983=10
REPL983=2
MERCH_ID983,1=A
MERCH_NAME983,1=Discovery Filling Station Ltd
MERCH_RECEIPT_SEQ_NR983,1=611100993541
PRI983,1=0.50
UPR983,1=0.50
QTY983,1=2.00
QTYUNIT983,1=1
GAMT983,1=1.00
AMT983,1=1.00
UGAMT983,1=1.00
UAMT983,1=1.00
PLU983,1=40358802
NAM983,1=KNOPPPERS
GRP983,1=CONFECTIONERY
CRD983,1=3119
ART_MERCH_ID983,1=A
PRC983,1=20.00
VAMT983,1=0.17
EXC983,1=0.83
INC983,1=1.00
MOP983,1=1
MOP_ADDX983,1=10
ROP983,1=1
PM983,1=110
PA983,1=1.00
SLSTOT983=1.00
TYP984=2
DATI984=20200124190022
STATION_NR984=6111
SHF984=2729
ACC_REP_NR984=1177
OPID984=13
REF984=1179120365
SEQ984=1179120275180
SAFTDATI984=20200124190022
LCUR984=10
REPL984=2
MERCH_ID984,1=A
MERCH_NAME984,1=Discovery Filling Station Ltd
MERCH_RECEIPT_SEQ_NR984,1=611100993542
PMP984,1=3
PUMP_MODE984,1=1,1,1
NOZZLE984,1=3
NDATI984,1=20200124185957
START_DATE984,1=20200124185914
PRI984,1=1.299
BASEPRI984,1=1.299
QTY984,1=15.40
QTYUNIT984,1=2
GAMT984,1=20.00
AMT984,1=20.00
UGAMT984,1=20.00
UAMT984,1=20.00
PLU984,1=3
NAM984,1=FuelSave Dsl
GRP984,1=59
CRD984,1=425
EXTREF984,1=FuelSave Dsl
ART_MERCH_ID984,1=A
EXC984,1=20.00
INC984,1=20.00
NQUA_CHANGEABLE984,1=1277922.08
MOP984,1=1
MOP_ADDX984,1=10
ROP984,1=1
PM984,1=110
PA984,1=20.00
SLSTOT984=20.00
TYP985=2
DATI985=20200124190449
STATION_NR985=6111
SHF985=2729
ACC_REP_NR985=1177
OPID985=13
REF985=1179120366
SEQ985=1179120275181
SAFTDATI985=20200124190449
LCUR985=10
PAN985=454742*******072
MERCH_ID985,1=A
MERCH_NAME985,1=Discovery Filling Station Ltd
MERCH_RECEIPT_SEQ_NR985,1=611100993543
PMP985,1=4
PUMP_MODE985,1=1,1,1
NOZZLE985,1=3
NDATI985,1=20200124190356
START_DATE985,1=20200124190314
PRI985,1=1.299
BASEPRI985,1=1.299
QTY985,1=15.03
QTYUNIT985,1=2
GAMT985,1=19.52
AMT985,1=19.52
UGAMT985,1=19.52
UAMT985,1=19.52
PLU985,1=3
NAM985,1=FuelSave Dsl
GRP985,1=59
CRD985,1=425
EXTREF985,1=FuelSave Dsl
ART_MERCH_ID985,1=A
EXC985,1=19.52
INC985,1=19.52
NQUA_CHANGEABLE985,1=1503362.68
PRI985,2=8.70
UPR985,2=8.70
QTY985,2=1.00
QTYUNIT985,2=1
GAMT985,2=8.70
AMT985,2=8.70
UGAMT985,2=8.70
UAMT985,2=8.70
PLU985,2=5000431027572
NAM985,2=L&B KS BLUE 20
GRP985,2=TOBACCO
CRD985,2=4019
ART_MERCH_ID985,2=A
PRC985,2=20.00
VAMT985,2=1.45
EXC985,2=7.25
INC985,2=8.70
CPPAN985,1=454742*******072
MOP985,1=6
MOP_ADDX985,1=50
MOP_ADDY985,1=12
ROP985,1=1
PM985,1=949
PSUB985,1=12
PA985,1=28.22
SLSTOT985=28.22
TYP986=21
SPEC_TYPE986=13
DATI986=20200124190621
STATION_NR986=6111
SHF986=4615
OPID986=7
SPEC_ADDD986=Open cash drawer
TYP987=2
DATI987=20200124190632
STATION_NR987=6111
SHF987=2729
ACC_REP_NR987=1177
OPID987=13
REF987=1179120367
SEQ987=1179120275182
SAFTDATI987=20200124190632
LCUR987=10
REPL987=2
MERCH_ID987,1=A
MERCH_NAME987,1=Discovery Filling Station Ltd
MERCH_RECEIPT_SEQ_NR987,1=611100993544
PMP987,1=3
PUMP_MODE987,1=1,1,1
NOZZLE987,1=1
NDATI987,1=20200124190613
START_DATE987,1=20200124190543
PRI987,1=1.249
BASEPRI987,1=1.249
QTY987,1=8.00
QTYUNIT987,1=2
GAMT987,1=9.99
AMT987,1=9.99
UGAMT987,1=9.99
UAMT987,1=9.99
PLU987,1=6
NAM987,1=FuelSave Unl
GRP987,1=59
CRD987,1=325
EXTREF987,1=FuelSave Unl
ART_MERCH_ID987,1=A
EXC987,1=9.99
INC987,1=9.99
NQUA_CHANGEABLE987,1=1194976.20
MOP987,1=1
MOP_ADDX987,1=10
ROP987,1=1
PM987,1=110
PA987,1=20.00
MOP987,2=1
MOP_ADDX987,2=10
ROP987,2=2
PM987,2=5110
PA987,2=-10.01
SLSTOT987=9.99
TYP988=2
DATI988=20200124190942
STATION_NR988=6111
SHF988=2729
ACC_REP_NR988=1177
OPID988=13
REF988=1179120368
SEQ988=1179120275183
SAFTDATI988=20200124190942
LCUR988=10
REPL988=2
MERCH_ID988,1=A
MERCH_NAME988,1=Discovery Filling Station Ltd
MERCH_RECEIPT_SEQ_NR988,1=611100993545
PMP988,1=3
PUMP_MODE988,1=1,1,1
NOZZLE988,1=1
NDATI988,1=20200124190915
START_DATE988,1=20200124190846
PRI988,1=1.249
BASEPRI988,1=1.249
QTY988,1=4.80
QTYUNIT988,1=2
GAMT988,1=6.00
AMT988,1=6.00
UGAMT988,1=6.00
UAMT988,1=6.00
PLU988,1=6
NAM988,1=FuelSave Unl
GRP988,1=59
CRD988,1=325
EXTREF988,1=FuelSave Unl
ART_MERCH_ID988,1=A
EXC988,1=6.00
INC988,1=6.00
NQUA_CHANGEABLE988,1=1194981.00
MOP988,1=1
MOP_ADDX988,1=10
ROP988,1=1
PM988,1=110
PA988,1=6.00
SLSTOT988=6.00
TYP989=2
DATI989=20200124190953
STATION_NR989=6111
SHF989=2729
ACC_REP_NR989=1177
OPID989=13
REF989=1179120369
SEQ989=1179120275184
SAFTDATI989=20200124190953
LCUR989=10
REPL989=2
MERCH_ID989,1=A
MERCH_NAME989,1=Discovery Filling Station Ltd
MERCH_RECEIPT_SEQ_NR989,1=611100993546
PRI989,1=1.09
UPR989,1=1.09
QTY989,1=1.00
QTYUNIT989,1=1
GAMT989,1=1.09
AMT989,1=1.09
UGAMT989,1=1.09
UAMT989,1=1.09
PLU989,1=5054267007949
NAM989,1=LUCOZADE
GRP989,1=DRINKS
CRD989,1=3119
ART_MERCH_ID989,1=A
PRC989,1=20.00
VAMT989,1=0.18
EXC989,1=0.91
INC989,1=1.09
MOP989,1=1
MOP_ADDX989,1=10
ROP989,1=1
PM989,1=110
PA989,1=5.00
MOP989,2=1
MOP_ADDX989,2=10
ROP989,2=2
PM989,2=5110
PA989,2=-3.91
SLSTOT989=1.09
TYP990=2
DATI990=20200124191308
STATION_NR990=6111
SHF990=2729
ACC_REP_NR990=1177
OPID990=13
REF990=1179120370
SEQ990=1179120275185
SAFTDATI990=20200124191308
LCUR990=10
PAN990=446204*******623
MERCH_ID990,1=A
MERCH_NAME990,1=Discovery Filling Station Ltd
MERCH_RECEIPT_SEQ_NR990,1=611100993547
PMP990,1=5
PUMP_MODE990,1=1,1,1
NOZZLE990,1=2
NDATI990,1=20200124191234
START_DATE990,1=20200124190945
PRI990,1=1.299
BASEPRI990,1=1.299
QTY990,1=66.42
QTYUNIT990,1=2
GAMT990,1=86.28
AMT990,1=86.28
UGAMT990,1=86.28
UAMT990,1=86.28
PLU990,1=3
NAM990,1=FuelSave Dsl
GRP990,1=59
CRD990,1=425
EXTREF990,1=FuelSave Dsl
ART_MERCH_ID990,1=A
EXC990,1=86.28
INC990,1=86.28
NQUA_CHANGEABLE990,1=1115452.45
CPPAN990,1=446204*******623
MOP990,1=6
MOP_ADDX990,1=50
MOP_ADDY990,1=12
ROP990,1=1
PM990,1=949
PSUB990,1=12
PA990,1=86.28
SLSTOT990=86.28
TYP991=2
DATI991=20200124191350
STATION_NR991=6111
SHF991=2729
ACC_REP_NR991=1177
OPID991=13
REF991=1179120371
SEQ991=1179120275186
SAFTDATI991=20200124191350
LCUR991=10
REPL991=2
MERCH_ID991,1=A
MERCH_NAME991,1=Discovery Filling Station Ltd
MERCH_RECEIPT_SEQ_NR991,1=611100993548
PRI991,1=3.99
UPR991,1=3.99
QTY991,1=1.00
QTYUNIT991,1=1
GAMT991,1=3.99
AMT991,1=3.99
UGAMT991,1=3.99
UAMT991,1=3.99
PLU991,1=0857427007705
NAM991,1=SCENT BOMB
GRP991,1=CAR CARE
CRD991,1=2119
ART_MERCH_ID991,1=A
PRC991,1=20.00
VAMT991,1=0.66
EXC991,1=3.33
INC991,1=3.99
MOP991,1=1
MOP_ADDX991,1=10
ROP991,1=1
PM991,1=110
PA991,1=3.99
SLSTOT991=3.99
TYP992=2
DATI992=20200124191428
STATION_NR992=6111
SHF992=2729
ACC_REP_NR992=1177
OPID992=13
REF992=1179120372
SEQ992=1179120275187
SAFTDATI992=20200124191428
LCUR992=10
REPL992=2
MERCH_ID992,1=A
MERCH_NAME992,1=Discovery Filling Station Ltd
MERCH_RECEIPT_SEQ_NR992,1=611100993549
PRI992,1=1.00
UPR992,1=1.00
QTY992,1=1.00
QTYUNIT992,1=1
GAMT992,1=1.00
AMT992,1=1.00
UGAMT992,1=1.00
UAMT992,1=1.00
PLU992,1=5020379124607
NAM992,1=HS SALTED CA
GRP992,1=CRISPS
CRD992,1=3219
ART_MERCH_ID992,1=A
PRC992,1=20.00
VAMT992,1=0.17
EXC992,1=0.83
INC992,1=1.00
PRI992,2=1.00
UPR992,2=1.00
QTY992,2=1.00
QTYUNIT992,2=1
GAMT992,2=1.00
AMT992,2=1.00
UGAMT992,2=1.00
UAMT992,2=1.00
PLU992,2=5000237131091
NAM992,2=SKIPS PRAWN
GRP992,2=CRISPS
CRD992,2=3219
ART_MERCH_ID992,2=A
EXC992,2=1.00
INC992,2=1.00
PRI992,3=1.35
UPR992,3=1.35
QTY992,3=1.00
QTYUNIT992,3=1
GAMT992,3=1.35
AMT992,3=1.35
UGAMT992,3=1.35
UAMT992,3=1.35
PLU992,3=5060517885304
NAM992,3=MONSTER
GRP992,3=DRINKS
CRD992,3=3119
ART_MERCH_ID992,3=A
PRC992,3=20.00
VAMT992,3=0.22
EXC992,3=1.13
INC992,3=1.35
MOP992,1=1
MOP_ADDX992,1=10
ROP992,1=1
PM992,1=110
PA992,1=3.35
SLSTOT992=3.35
TYP993=2
DATI993=20200124191452
STATION_NR993=6111
SHF993=2729
ACC_REP_NR993=1177
OPID993=13
REF993=1179120373
SEQ993=1179120275188
SAFTDATI993=20200124191452
LCUR993=10
REPL993=2
MOP993,1=1
MOP_ADDX993,1=10
ROP993,1=7
ROP_ADD993,1=5
PM993,1=5310
PMIO993,1=5
PA993,1=-10.00
TYP994=2
DATI994=20200124191522
STATION_NR994=6111
SHF994=2729
ACC_REP_NR994=1177
OPID994=13
REF994=1179120374
SEQ994=1179120275189
SAFTDATI994=20200124191522
LCUR994=10
REPL994=2
MERCH_ID994,1=A
MERCH_NAME994,1=Discovery Filling Station Ltd
MERCH_RECEIPT_SEQ_NR994,1=611100993550
PRI994,1=5.00
UPR994,1=5.00
QTY994,1=1.00
QTYUNIT994,1=1
GAMT994,1=5.00
AMT994,1=5.00
UGAMT994,1=5.00
UAMT994,1=5.00
PLU994,1=5031390115451
NAM994,1=BINGO MILLIONAIRE 5
GRP994,1=LOTTERY SRATCHC
CRD994,1=9500
ART_MERCH_ID994,1=A
EXC994,1=5.00
INC994,1=5.00
MOP994,1=1
MOP_ADDX994,1=10
ROP994,1=1
PM994,1=110
PA994,1=5.00
SLSTOT994=5.00
TYP995=2
DATI995=20200124191536
STATION_NR995=6111
SHF995=4615
ACC_REP_NR995=1177
OPID995=7
REF995=1179110482
SEQ995=1179110738397
SAFTDATI995=20200124191536
LCUR995=10
REPL995=2
MERCH_ID995,1=A
MERCH_NAME995,1=Discovery Filling Station Ltd
MERCH_RECEIPT_SEQ_NR995,1=611100993551
PRI995,1=1.00
UPR995,1=1.00
QTY995,1=1.00
QTYUNIT995,1=1
GAMT995,1=1.00
AMT995,1=1.00
UGAMT995,1=1.00
UAMT995,1=1.00
PLU995,1=3800020412084
NAM995,1=KIT K C P100
GRP995,1=CONFECTIONERY
CRD995,1=3119
ART_MERCH_ID995,1=A
PRC995,1=20.00
VAMT995,1=0.17
EXC995,1=0.83
INC995,1=1.00
PRI995,2=1.00
UPR995,2=1.00
QTY995,2=1.00
QTYUNIT995,2=1
GAMT995,2=1.00
AMT995,2=1.00
UGAMT995,2=1.00
UAMT995,2=1.00
PLU995,2=5000159513159
NAM995,2=SNICKER SNAC
GRP995,2=CONFECTIONERY
CRD995,2=3119
ART_MERCH_ID995,2=A
PRC995,2=20.00
VAMT995,2=0.17
EXC995,2=0.83
INC995,2=1.00
MOP995,1=1
MOP_ADDX995,1=10
ROP995,1=1
PM995,1=110
PA995,1=2.00
SLSTOT995=2.00
TYP996=2
DATI996=20200124191548
STATION_NR996=6111
SHF996=2729
ACC_REP_NR996=1177
OPID996=13
REF996=1179120375
SEQ996=1179120275190
SAFTDATI996=20200124191548
LCUR996=10
REPL996=2
MERCH_ID996,1=A
MERCH_NAME996,1=Discovery Filling Station Ltd
MERCH_RECEIPT_SEQ_NR996,1=611100993552
PMP996,1=6
PUMP_MODE996,1=1,1,1
NOZZLE996,1=2
NDATI996,1=20200124191441
START_DATE996,1=20200124191400
PRI996,1=1.299
BASEPRI996,1=1.299
QTY996,1=7.69
QTYUNIT996,1=2
GAMT996,1=9.99
AMT996,1=9.99
UGAMT996,1=9.99
UAMT996,1=9.99
PLU996,1=3
NAM996,1=FuelSave Dsl
GRP996,1=59
CRD996,1=425
EXTREF996,1=FuelSave Dsl
ART_MERCH_ID996,1=A
EXC996,1=9.99
INC996,1=9.99
NQUA_CHANGEABLE996,1=1187104.41
MOP996,1=1
MOP_ADDX996,1=10
ROP996,1=1
PM996,1=110
PA996,1=9.99
SLSTOT996=9.99
TYP997=2
DATI997=20200124191557
STATION_NR997=6111
SHF997=4615
ACC_REP_NR997=1177
OPID997=7
REF997=1179110483
SEQ997=1179110738398
SAFTDATI997=20200124191557
LCUR997=10
PAN997=700205*******761245
MERCH_ID997,1=A
MERCH_NAME997,1=Discovery Filling Station Ltd
MERCH_RECEIPT_SEQ_NR997,1=611100993553
PMP997,1=2
PUMP_MODE997,1=1,1,1
NOZZLE997,1=2
NDATI997,1=20200124191518
START_DATE997,1=20200124191316
PRI997,1=1.299
BASEPRI997,1=1.299
QTY997,1=44.19
QTYUNIT997,1=2
GAMT997,1=57.40
AMT997,1=57.40
UGAMT997,1=57.40
UAMT997,1=57.40
PLU997,1=3
NAM997,1=FuelSave Dsl
GRP997,1=59
CRD997,1=425
EXTREF997,1=FuelSave Dsl
ART_MERCH_ID997,1=A
EXC997,1=57.40
INC997,1=57.40
NQUA_CHANGEABLE997,1=1555676.56
CPPAN997,1=700205*******761245
MOP997,1=6
MOP_ADDX997,1=50
MOP_ADDY997,1=1
ROP997,1=1
PM997,1=949
PSUB997,1=1
PA997,1=57.40
SLSTOT997=57.40
TYP998=2
DATI998=20200124191643
STATION_NR998=6111
SHF998=4615
ACC_REP_NR998=1177
OPID998=7
REF998=1179110484
SEQ998=1179110738399
SAFTDATI998=20200124191643
LCUR998=10
REPL998=2
MERCH_ID998,1=A
MERCH_NAME998,1=Discovery Filling Station Ltd
MERCH_RECEIPT_SEQ_NR998,1=611100993554
PRI998,1=0.65
UPR998,1=0.65
QTY998,1=1.00
QTYUNIT998,1=1
GAMT998,1=0.65
AMT998,1=0.50
UGAMT998,1=0.65
UAMT998,1=0.50
PLU998,1=5020379150835
NAM998,1=SLT&VINGR ST
GRP998,1=CRISPS
CRD998,1=3219
PRO998,1=MMH1315
DSCT998,1=2
DNAM998,1=H/S 2 FOR 1
DSC998,1=0.15
ART_MERCH_ID998,1=A
PRC998,1=20.00
VAMT998,1=0.08
EXC998,1=0.42
INC998,1=0.50
PRI998,2=0.65
UPR998,2=0.65
QTY998,2=1.00
QTYUNIT998,2=1
GAMT998,2=0.65
AMT998,2=0.50
UGAMT998,2=0.65
UAMT998,2=0.50
PLU998,2=5020379150798
NAM998,2=HS ONI RNG
GRP998,2=CRISPS
CRD998,2=3219
PRO998,2=MMH1315
DSCT998,2=2
DNAM998,2=H/S 2 FOR 1
DSC998,2=0.15
ART_MERCH_ID998,2=A
PRC998,2=20.00
VAMT998,2=0.08
EXC998,2=0.42
INC998,2=0.50
MOP998,1=1
MOP_ADDX998,1=10
ROP998,1=1
PM998,1=110
PA998,1=1.00
SLSTOT998=1.00
TYP999=2
DATI999=20200124191713
STATION_NR999=6111
SHF999=4615
ACC_REP_NR999=1177
OPID999=7
REF999=1179110485
SEQ999=1179110738400
SAFTDATI999=20200124191713
LCUR999=10
REPL999=2
MERCH_ID999,1=A
MERCH_NAME999,1=Discovery Filling Station Ltd
MERCH_RECEIPT_SEQ_NR999,1=611100993555
PMP999,1=5
PUMP_MODE999,1=1,1,1
NOZZLE999,1=1
NDATI999,1=20200124191623
START_DATE999,1=20200124191533
PRI999,1=1.249
BASEPRI999,1=1.249
QTY999,1=16.02
QTYUNIT999,1=2
GAMT999,1=20.01
AMT999,1=20.01
UGAMT999,1=20.01
UAMT999,1=20.01
PLU999,1=6
NAM999,1=FuelSave Unl
GRP999,1=59
CRD999,1=325
EXTREF999,1=FuelSave Unl
ART_MERCH_ID999,1=A
EXC999,1=20.01
INC999,1=20.01
NQUA_CHANGEABLE999,1=1062777.60
MOP999,1=1
MOP_ADDX999,1=10
ROP999,1=1
PM999,1=110
PA999,1=20.01
SLSTOT999=20.01
TYP1000=2
DATI1000=20200124191702
STATION_NR1000=6111
SHF1000=2729
ACC_REP_NR1000=1177
OPID1000=13
REF1000=1179120376
SEQ1000=1179120275191
SAFTDATI1000=20200124191702
LCUR1000=10
PAN1000=476223*******014
MERCH_ID1000,1=A
MERCH_NAME1000,1=Discovery Filling Station Ltd
MERCH_RECEIPT_SEQ_NR1000,1=611100993556
PRI1000,1=1.00
UPR1000,1=1.00
QTY1000,1=1.00
QTYUNIT1000,1=1
GAMT1000,1=1.00
AMT1000,1=1.00
UGAMT1000,1=1.00
UAMT1000,1=1.00
PLU1000,1=5000382101307
NAM1000,1=BARR CHRYADE
GRP1000,1=DRINKS
CRD1000,1=3119
ART_MERCH_ID1000,1=A
PRC1000,1=20.00
VAMT1000,1=0.17
EXC1000,1=0.83
INC1000,1=1.00
PMP1000,2=4
PUMP_MODE1000,2=1,1,1
NOZZLE1000,2=1
NDATI1000,2=20200124191512
START_DATE1000,2=20200124191411
PRI1000,2=1.249
BASEPRI1000,2=1.249
QTY1000,2=24.02
QTYUNIT1000,2=2
GAMT1000,2=30.00
AMT1000,2=30.00
UGAMT1000,2=30.00
UAMT1000,2=30.00
PLU1000,2=6
NAM1000,2=FuelSave Unl
GRP1000,2=59
CRD1000,2=325
EXTREF1000,2=FuelSave Unl
ART_MERCH_ID1000,2=A
EXC1000,2=30.00
INC1000,2=30.00
NQUA_CHANGEABLE1000,2=708884.70
PRI1000,3=2.70
UPR1000,3=2.70
QTY1000,3=1.00
QTYUNIT1000,3=1
GAMT1000,3=2.70
AMT1000,3=2.70
UGAMT1000,3=2.70
UAMT1000,3=2.70
PLU1000,3=5055109220991
NAM1000,3=CLARKS WRAP 2.70
GRP1000,3=SANDWICHES
CRD1000,3=6000
ART_MERCH_ID1000,3=A
EXC1000,3=2.70
INC1000,3=2.70
PRI1000,4=2.75
UPR1000,4=2.75
QTY1000,4=1.00
QTYUNIT1000,4=1
GAMT1000,4=2.75
AMT1000,4=2.75
UGAMT1000,4=2.75
UAMT1000,4=2.75
PLU1000,4=5055109220014
NAM1000,4=CLARKS FRENCH DEMI B
GRP1000,4=SANDWICHES
CRD1000,4=6000
ART_MERCH_ID1000,4=A
EXC1000,4=2.75
INC1000,4=2.75
PRI1000,5=2.59
UPR1000,5=2.59
QTY1000,5=1.00
QTYUNIT1000,5=1
GAMT1000,5=2.59
AMT1000,5=2.59
UGAMT1000,5=2.59
UAMT1000,5=2.59
PLU1000,5=5055109261123
NAM1000,5=CLARKS PREMIUM FILL
GRP1000,5=CHILLED FOOD
CRD1000,5=3400
ART_MERCH_ID1000,5=A
EXC1000,5=2.59
INC1000,5=2.59
CPPAN1000,1=476223*******014
MOP1000,1=6
MOP_ADDX1000,1=50
MOP_ADDY1000,1=12
ROP1000,1=1
PM1000,1=949
PSUB1000,1=12
PA1000,1=39.04
SLSTOT1000=39.04
TYP1001=2
DATI1001=20200124191726
STATION_NR1001=6111
SHF1001=4615
ACC_REP_NR1001=1177
OPID1001=7
REF1001=1179110486
SEQ1001=1179110738401
SAFTDATI1001=20200124191726
LCUR1001=10
REPL1001=2
MERCH_ID1001,1=A
MERCH_NAME1001,1=Discovery Filling Station Ltd
MERCH_RECEIPT_SEQ_NR1001,1=611100993557
PRI1001,1=0.25
UPR1001,1=0.25
QTY1001,1=1.00
QTYUNIT1001,1=1
GAMT1001,1=0.25
AMT1001,1=0.25
UGAMT1001,1=0.25
UAMT1001,1=0.25
PLU1001,1=80799092
NAM1001,1=KINDER PM25
GRP1001,1=CONFECTIONERY
CRD1001,1=3119
ART_MERCH_ID1001,1=A
PRC1001,1=20.00
VAMT1001,1=0.04
EXC1001,1=0.21
INC1001,1=0.25
MOP1001,1=1
MOP_ADDX1001,1=10
ROP1001,1=1
PM1001,1=110
PA1001,1=0.25
SLSTOT1001=0.25
TYP1002=2
DATI1002=20200124191744
STATION_NR1002=6111
SHF1002=2729
ACC_REP_NR1002=1177
OPID1002=13
REF1002=1179120377
SEQ1002=1179120275192
SAFTDATI1002=20200124191744
LCUR1002=10
REPL1002=2
MERCH_ID1002,1=A
MERCH_NAME1002,1=Discovery Filling Station Ltd
MERCH_RECEIPT_SEQ_NR1002,1=611100993558
PRI1002,1=0.95
UPR1002,1=0.95
QTY1002,1=1.00
QTYUNIT1002,1=1
GAMT1002,1=0.95
AMT1002,1=0.95
UGAMT1002,1=0.95
UAMT1002,1=0.95
PLU1002,1=5000112629101
NAM1002,1=POWERADE
GRP1002,1=DRINKS
CRD1002,1=3119
ART_MERCH_ID1002,1=A
PRC1002,1=20.00
VAMT1002,1=0.16
EXC1002,1=0.79
INC1002,1=0.95
PRI1002,2=1.05
UPR1002,2=1.05
QTY1002,2=1.00
QTYUNIT1002,2=1
GAMT1002,2=1.05
AMT1002,2=1.05
UGAMT1002,2=1.05
UAMT1002,2=1.05
PLU1002,2=5010975010022
NAM1002,2=TUNN CARAMEL WAFERS
GRP1002,2=GROCERY VAT
CRD1002,2=3119
ART_MERCH_ID1002,2=A
PRC1002,2=20.00
VAMT1002,2=0.17
EXC1002,2=0.88
INC1002,2=1.05
MOP1002,1=1
MOP_ADDX1002,1=10
ROP1002,1=1
PM1002,1=110
PA1002,1=2.00
SLSTOT1002=2.00
TYP1003=2
DATI1003=20200124191752
STATION_NR1003=6111
SHF1003=4615
ACC_REP_NR1003=1177
OPID1003=7
REF1003=1179110487
SEQ1003=1179110738402
SAFTDATI1003=20200124191752
LCUR1003=10
REPL1003=2
MERCH_ID1003,1=A
MERCH_NAME1003,1=Discovery Filling Station Ltd
MERCH_RECEIPT_SEQ_NR1003,1=611100993559
PRI1003,1=11.05
UPR1003,1=11.05
QTY1003,1=1.00
QTYUNIT1003,1=1
GAMT1003,1=11.05
AMT1003,1=11.05
UGAMT1003,1=11.05
UAMT1003,1=11.05
PLU1003,1=5000143921427
NAM1003,1=B&H KS SILVE
GRP1003,1=TOBACCO
CRD1003,1=4019
ART_MERCH_ID1003,1=A
PRC1003,1=20.00
VAMT1003,1=1.84
EXC1003,1=9.21
INC1003,1=11.05
MOP1003,1=1
MOP_ADDX1003,1=10
ROP1003,1=1
PM1003,1=110
PA1003,1=11.05
SLSTOT1003=11.05
TYP1004=2
DATI1004=20200124191754
STATION_NR1004=6111
SHF1004=2729
ACC_REP_NR1004=1177
OPID1004=13
REF1004=1179120378
SEQ1004=1179120275193
SAFTDATI1004=20200124191754
LCUR1004=10
REPL1004=2
MERCH_ID1004,1=A
MERCH_NAME1004,1=Discovery Filling Station Ltd
MERCH_RECEIPT_SEQ_NR1004,1=611100993560
PRI1004,1=0.70
UPR1004,1=0.70
QTY1004,1=1.00
QTYUNIT1004,1=1
GAMT1004,1=0.70
AMT1004,1=0.50
UGAMT1004,1=0.70
UAMT1004,1=0.50
PLU1004,1=5000159416979
NAM1004,1=MARS MALTEASTER BUNN
GRP1004,1=CONFECTIONERY
CRD1004,1=3119
PRO1004,1=MMH1870
DSCT1004,1=2
DNAM1004,1=CAD BUNNY 2 F Ú1
DSC1004,1=0.20
ART_MERCH_ID1004,1=A
PRC1004,1=20.00
VAMT1004,1=0.08
EXC1004,1=0.42
INC1004,1=0.50
PRI1004,2=0.70
UPR1004,2=0.70
QTY1004,2=1.00
QTYUNIT1004,2=1
GAMT1004,2=0.70
AMT1004,2=0.50
UGAMT1004,2=0.70
UAMT1004,2=0.50
PLU1004,2=5000159416979
NAM1004,2=MARS MALTEASTER BUNN
GRP1004,2=CONFECTIONERY
CRD1004,2=3119
PRO1004,2=MMH1870
DSCT1004,2=2
DNAM1004,2=CAD BUNNY 2 F Ú1
DSC1004,2=0.20
ART_MERCH_ID1004,2=A
PRC1004,2=20.00
VAMT1004,2=0.08
EXC1004,2=0.42
INC1004,2=0.50
PRI1004,3=1.09
UPR1004,3=1.09
QTY1004,3=1.00
QTYUNIT1004,3=1
GAMT1004,3=1.09
AMT1004,3=1.09
UGAMT1004,3=1.09
UAMT1004,3=1.09
PLU1004,3=5054267007932
NAM1004,3=LUCOZADE
GRP1004,3=DRINKS
CRD1004,3=3119
ART_MERCH_ID1004,3=A
PRC1004,3=20.00
VAMT1004,3=0.18
EXC1004,3=0.91
INC1004,3=1.09
MOP1004,1=1
MOP_ADDX1004,1=10
ROP1004,1=1
PM1004,1=110
PA1004,1=2.09
SLSTOT1004=2.09
TYP1005=2
DATI1005=20200124191807
STATION_NR1005=6111
SHF1005=2729
ACC_REP_NR1005=1177
OPID1005=13
REF1005=1179120379
SEQ1005=1179120275194
SAFTDATI1005=20200124191807
LCUR1005=10
REPL1005=2
MERCH_ID1005,1=A
MERCH_NAME1005,1=Discovery Filling Station Ltd
MERCH_RECEIPT_SEQ_NR1005,1=611100993561
PMP1005,1=1
PUMP_MODE1005,1=1,1,1
NOZZLE1005,1=2
NDATI1005,1=20200124191723
START_DATE1005,1=20200124191632
PRI1005,1=1.299
BASEPRI1005,1=1.299
QTY1005,1=15.40
QTYUNIT1005,1=2
GAMT1005,1=20.00
AMT1005,1=20.00
UGAMT1005,1=20.00
UAMT1005,1=20.00
PLU1005,1=3
NAM1005,1=FuelSave Dsl
GRP1005,1=59
CRD1005,1=425
EXTREF1005,1=FuelSave Dsl
ART_MERCH_ID1005,1=A
EXC1005,1=20.00
INC1005,1=20.00
NQUA_CHANGEABLE1005,1=826220.41
MOP1005,1=1
MOP_ADDX1005,1=10
ROP1005,1=1
PM1005,1=110
PA1005,1=20.00
SLSTOT1005=20.00
TYP1006=2
DATI1006=20200124191803
STATION_NR1006=6111
SHF1006=4615
ACC_REP_NR1006=1177
OPID1006=7
REF1006=1179110488
SEQ1006=1179110738403
SAFTDATI1006=20200124191803
LCUR1006=10
PAN1006=475117*******384
MERCH_ID1006,1=A
MERCH_NAME1006,1=Discovery Filling Station Ltd
MERCH_RECEIPT_SEQ_NR1006,1=611100993562
PRI1006,1=11.05
UPR1006,1=11.05
QTY1006,1=1.00
QTYUNIT1006,1=1
GAMT1006,1=11.05
AMT1006,1=11.05
UGAMT1006,1=11.05
UAMT1006,1=11.05
PLU1006,1=5000143921427
NAM1006,1=B&H KS SILVE
GRP1006,1=TOBACCO
CRD1006,1=4019
ART_MERCH_ID1006,1=A
PRC1006,1=20.00
VAMT1006,1=1.84
EXC1006,1=9.21
INC1006,1=11.05
CPPAN1006,1=475117*******384
MOP1006,1=6
MOP_ADDX1006,1=50
MOP_ADDY1006,1=12
ROP1006,1=1
PM1006,1=949
PSUB1006,1=12
PA1006,1=11.05
SLSTOT1006=11.05
TYP1007=2
DATI1007=20200124192011
STATION_NR1007=6111
SHF1007=4615
ACC_REP_NR1007=1177
OPID1007=7
REF1007=1179110489
SEQ1007=1179110738404
SAFTDATI1007=20200124192011
LCUR1007=10
REPL1007=2
MERCH_ID1007,1=A
MERCH_NAME1007,1=Discovery Filling Station Ltd
MERCH_RECEIPT_SEQ_NR1007,1=611100993563
PMP1007,1=2
PUMP_MODE1007,1=1,1,1
NOZZLE1007,1=1
NDATI1007,1=20200124191943
START_DATE1007,1=20200124191917
PRI1007,1=1.249
BASEPRI1007,1=1.249
QTY1007,1=8.01
QTYUNIT1007,1=2
GAMT1007,1=10.00
AMT1007,1=10.00
UGAMT1007,1=10.00
UAMT1007,1=10.00
PLU1007,1=6
NAM1007,1=FuelSave Unl
GRP1007,1=59
CRD1007,1=325
EXTREF1007,1=FuelSave Unl
ART_MERCH_ID1007,1=A
EXC1007,1=10.00
INC1007,1=10.00
NQUA_CHANGEABLE1007,1=570958.69
MOP1007,1=1
MOP_ADDX1007,1=10
ROP1007,1=1
PM1007,1=110
PA1007,1=10.00
SLSTOT1007=10.00
TYP1008=2
DATI1008=20200124192016
STATION_NR1008=6111
SHF1008=4615
ACC_REP_NR1008=1177
OPID1008=7
REF1008=1179110490
SEQ1008=1179110738405
SAFTDATI1008=20200124192016
LCUR1008=10
PAN1008=476220*******510
MERCH_ID1008,1=A
MERCH_NAME1008,1=Discovery Filling Station Ltd
MERCH_RECEIPT_SEQ_NR1008,1=611100993564
PMP1008,1=3
PUMP_MODE1008,1=1,1,1
NOZZLE1008,1=2
NDATI1008,1=20200124191938
START_DATE1008,1=20200124191906
PRI1008,1=1.529
BASEPRI1008,1=1.529
QTY1008,1=13.46
QTYUNIT1008,1=2
GAMT1008,1=20.58
AMT1008,1=20.58
UGAMT1008,1=20.58
UAMT1008,1=20.58
PLU1008,1=8
NAM1008,1=V Power Dsl
GRP1008,1=59
CRD1008,1=430
EXTREF1008,1=V Power Dsl
ART_MERCH_ID1008,1=A
EXC1008,1=20.58
INC1008,1=20.58
NQUA_CHANGEABLE1008,1=177759.69
CPPAN1008,1=476220*******510
MOP1008,1=6
MOP_ADDX1008,1=50
MOP_ADDY1008,1=12
ROP1008,1=1
PM1008,1=949
PSUB1008,1=12
PA1008,1=20.58
SLSTOT1008=20.58
TYP1009=2
DATI1009=20200124192105
STATION_NR1009=6111
SHF1009=4615
ACC_REP_NR1009=1177
OPID1009=7
REF1009=1179110491
SEQ1009=1179110738406
SAFTDATI1009=20200124192105
LCUR1009=10
REPL1009=2
MERCH_ID1009,1=A
MERCH_NAME1009,1=Discovery Filling Station Ltd
MERCH_RECEIPT_SEQ_NR1009,1=611100993565
PRI1009,1=1.00
UPR1009,1=1.00
QTY1009,1=1.00
QTYUNIT1009,1=1
GAMT1009,1=1.00
AMT1009,1=1.00
UGAMT1009,1=1.00
UAMT1009,1=1.00
PLU1009,1=5900951247088
NAM1009,1=GALAXY COOKI
GRP1009,1=CONFECTIONERY
CRD1009,1=3119
ART_MERCH_ID1009,1=A
PRC1009,1=20.00
VAMT1009,1=0.17
EXC1009,1=0.83
INC1009,1=1.00
PRI1009,2=1.00
UPR1009,2=1.00
QTY1009,2=1.00
QTYUNIT1009,2=1
GAMT1009,2=1.00
AMT1009,2=1.00
UGAMT1009,2=1.00
UAMT1009,2=1.00
PLU1009,2=5000159510745
NAM1009,2=GALAXY MILK
GRP1009,2=CONFECTIONERY
CRD1009,2=3119
ART_MERCH_ID1009,2=A
PRC1009,2=20.00
VAMT1009,2=0.17
EXC1009,2=0.83
INC1009,2=1.00
MOP1009,1=1
MOP_ADDX1009,1=10
ROP1009,1=1
PM1009,1=110
PA1009,1=2.00
SLSTOT1009=2.00
TYP1010=2
DATI1010=20200124192544
STATION_NR1010=6111
ACC_REP_NR1010=1177
REF1010=1179520022
SEQ1010=1179520008627
SAFTDATI1010=20200124192544
LCUR1010=10
PAN1010=525302******9918
HOSTTYPE1010=12
HOSTBOOKPER1010=1179
AUTH1010=R86135
CAIC1010=044026111
ONLINERC1010=000
STAN1010=058580
REPL1010=2
MERCH_ID1010,1=A
MERCH_NAME1010,1=Discovery Filling Station Ltd
PMP1010,1=6
PUMP_MODE1010,1=1,3,2
NOZZLE1010,1=1
NDATI1010,1=20200124192544
START_DATE1010,1=20200124192453
PRI1010,1=1.249
BASEPRI1010,1=1.249
QTY1010,1=16.01
QTYUNIT1010,1=2
GAMT1010,1=20.00
AMT1010,1=20.00
UGAMT1010,1=20.00
UAMT1010,1=20.00
PLU1010,1=6
NAM1010,1=FuelSave Unl
GRP1010,1=59
CRD1010,1=325
EXTREF1010,1=FuelSave Unl
ART_MERCH_ID1010,1=A
EXC1010,1=20.00
INC1010,1=20.00
NQUA_CHANGEABLE1010,1=369838.57
CPPAN1010,1=525302******9918
CPREPL1010,1=2
CPHOSTTYPE1010,1=12
CPHOSTBKPER1010,1=1179
CPAUTH1010,1=R86135
CPCAIC1010,1=044026111
CPONLINERC1010,1=000
CPSTAN1010,1=058580
MOP1010,1=4
MOP_ADDX1010,1=4
MOP_ADDY1010,1=1
ROP1010,1=1
PM1010,1=703
PSUB1010,1=1
PA1010,1=20.00
TRKMED1010,1=5
SLSTOT1010=20.00
TYP1011=2
DATI1011=20200124192549
STATION_NR1011=6111
SHF1011=2729
ACC_REP_NR1011=1177
OPID1011=13
REF1011=1179120380
SEQ1011=1179120275195
SAFTDATI1011=20200124192549
LCUR1011=10
REPL1011=2
MERCH_ID1011,1=A
MERCH_NAME1011,1=Discovery Filling Station Ltd
MERCH_RECEIPT_SEQ_NR1011,1=611100993566
PRI1011,1=0.89
UPR1011,1=0.89
QTY1011,1=1.00
QTYUNIT1011,1=1
GAMT1011,1=0.89
AMT1011,1=0.89
UGAMT1011,1=0.89
UAMT1011,1=0.89
PLU1011,1=5010102003422
NAM1011,1=TANGO ORANGE
GRP1011,1=DRINKS
CRD1011,1=3119
ART_MERCH_ID1011,1=A
PRC1011,1=20.00
VAMT1011,1=0.15
EXC1011,1=0.74
INC1011,1=0.89
PRI1011,2=0.90
UPR1011,2=0.90
QTY1011,2=1.00
QTYUNIT1011,2=1
GAMT1011,2=0.90
AMT1011,2=0.90
UGAMT1011,2=0.90
UAMT1011,2=0.90
PLU1011,2=5000166153560
NAM1011,2=WHISKAS CHKN
GRP1011,2=GROCERY VAT
CRD1011,2=3119
ART_MERCH_ID1011,2=A
PRC1011,2=20.00
VAMT1011,2=0.15
EXC1011,2=0.75
INC1011,2=0.90
PRI1011,3=0.90
UPR1011,3=0.90
QTY1011,3=1.00
QTYUNIT1011,3=1
GAMT1011,3=0.90
AMT1011,3=0.90
UGAMT1011,3=0.90
UAMT1011,3=0.90
PLU1011,3=5000166153560
NAM1011,3=WHISKAS CHKN
GRP1011,3=GROCERY VAT
CRD1011,3=3119
ART_MERCH_ID1011,3=A
PRC1011,3=20.00
VAMT1011,3=0.15
EXC1011,3=0.75
INC1011,3=0.90
PRI1011,4=8.70
UPR1011,4=8.70
QTY1011,4=1.00
QTYUNIT1011,4=1
GAMT1011,4=8.70
AMT1011,4=8.70
UGAMT1011,4=8.70
UAMT1011,4=8.70
PLU1011,4=5000431026995
NAM1011,4=PLAYERS S/K
GRP1011,4=TOBACCO
CRD1011,4=4019
ART_MERCH_ID1011,4=A
PRC1011,4=20.00
VAMT1011,4=1.45
EXC1011,4=7.25
INC1011,4=8.70
MOP1011,1=1
MOP_ADDX1011,1=10
ROP1011,1=1
PM1011,1=110
PA1011,1=20.00
MOP1011,2=1
MOP_ADDX1011,2=10
ROP1011,2=2
PM1011,2=5110
PA1011,2=-8.61
SLSTOT1011=11.39
TYP1012=2
DATI1012=20200124192751
STATION_NR1012=6111
SHF1012=2729
ACC_REP_NR1012=1177
OPID1012=13
REF1012=1179120381
SEQ1012=1179120275196
SAFTDATI1012=20200124192751
LCUR1012=10
REPL1012=2
MERCH_ID1012,1=A
MERCH_NAME1012,1=Discovery Filling Station Ltd
MERCH_RECEIPT_SEQ_NR1012,1=611100993567
PRI1012,1=2.50
UPR1012,1=2.50
QTY1012,1=1.00
QTYUNIT1012,1=1
GAMT1012,1=2.50
AMT1012,1=2.50
UGAMT1012,1=2.50
UAMT1012,1=2.50
PLU1012,1=2083800000003
NAM1012,1=LOTTERY
GRP1012,1=LOTTERY ONLINE
CRD1012,1=9500
ART_MERCH_ID1012,1=A
EXC1012,1=2.50
INC1012,1=2.50
PRI1012,2=0.50
UPR1012,2=0.50
QTY1012,2=1.00
QTYUNIT1012,2=1
GAMT1012,2=0.50
AMT1012,2=0.50
UGAMT1012,2=0.50
UAMT1012,2=0.50
PLU1012,2=5020379106696
NAM1012,2=ES ISOTONIC
GRP1012,2=DRINKS
CRD1012,2=3119
ART_MERCH_ID1012,2=A
PRC1012,2=20.00
VAMT1012,2=0.08
EXC1012,2=0.42
INC1012,2=0.50
MOP1012,1=1
MOP_ADDX1012,1=10
ROP1012,1=1
PM1012,1=110
PA1012,1=3.00
SLSTOT1012=3.00
TYP1013=2
DATI1013=20200124192825
STATION_NR1013=6111
SHF1013=2729
ACC_REP_NR1013=1177
OPID1013=13
REF1013=1179120382
SEQ1013=1179120275197
SAFTDATI1013=20200124192825
LCUR1013=10
REPL1013=2
MERCH_ID1013,1=A
MERCH_NAME1013,1=Discovery Filling Station Ltd
MERCH_RECEIPT_SEQ_NR1013,1=611100993568
PMP1013,1=5
PUMP_MODE1013,1=1,1,1
NOZZLE1013,1=2
NDATI1013,1=20200124192729
START_DATE1013,1=20200124192617
PRI1013,1=1.299
BASEPRI1013,1=1.299
QTY1013,1=20.02
QTYUNIT1013,1=2
GAMT1013,1=26.01
AMT1013,1=26.01
UGAMT1013,1=26.01
UAMT1013,1=26.01
PLU1013,1=3
NAM1013,1=FuelSave Dsl
GRP1013,1=59
CRD1013,1=425
EXTREF1013,1=FuelSave Dsl
ART_MERCH_ID1013,1=A
EXC1013,1=26.01
INC1013,1=26.01
NQUA_CHANGEABLE1013,1=1115472.47
MOP1013,1=1
MOP_ADDX1013,1=10
ROP1013,1=1
PM1013,1=110
PA1013,1=26.01
SLSTOT1013=26.01
TYP1014=2
DATI1014=20200124192839
STATION_NR1014=6111
SHF1014=2729
ACC_REP_NR1014=1177
OPID1014=13
REF1014=1179120383
SEQ1014=1179120275198
SAFTDATI1014=20200124192839
LCUR1014=10
PAN1014=448843*******029
MERCH_ID1014,1=A
MERCH_NAME1014,1=Discovery Filling Station Ltd
MERCH_RECEIPT_SEQ_NR1014,1=611100993569
PMP1014,1=3
PUMP_MODE1014,1=1,1,1
NOZZLE1014,1=1
NDATI1014,1=20200124192801
START_DATE1014,1=20200124192709
PRI1014,1=1.249
BASEPRI1014,1=1.249
QTY1014,1=23.82
QTYUNIT1014,1=2
GAMT1014,1=29.75
AMT1014,1=29.75
UGAMT1014,1=29.75
UAMT1014,1=29.75
PLU1014,1=6
NAM1014,1=FuelSave Unl
GRP1014,1=59
CRD1014,1=325
EXTREF1014,1=FuelSave Unl
ART_MERCH_ID1014,1=A
EXC1014,1=29.75
INC1014,1=29.75
NQUA_CHANGEABLE1014,1=1195004.82
CPPAN1014,1=448843*******029
MOP1014,1=6
MOP_ADDX1014,1=50
MOP_ADDY1014,1=13
ROP1014,1=1
PM1014,1=949
PSUB1014,1=13
PA1014,1=29.75
SLSTOT1014=29.75
TYP1015=2
DATI1015=20200124192909
STATION_NR1015=6111
SHF1015=4615
ACC_REP_NR1015=1177
OPID1015=7
REF1015=1179110492
SEQ1015=1179110738407
SAFTDATI1015=20200124192909
LCUR1015=10
REPL1015=2
MERCH_ID1015,1=A
MERCH_NAME1015,1=Discovery Filling Station Ltd
MERCH_RECEIPT_SEQ_NR1015,1=611100993570
PRI1015,1=0.80
UPR1015,1=0.80
QTY1015,1=1.00
QTYUNIT1015,1=1
GAMT1015,1=0.80
AMT1015,1=0.80
UGAMT1015,1=0.80
UAMT1015,1=0.80
PLU1015,1=7622210106421
NAM1015,1=CAD DOUBLE DECKER 54
GRP1015,1=CONFECTIONERY
CRD1015,1=3119
ART_MERCH_ID1015,1=A
PRC1015,1=20.00
VAMT1015,1=0.13
EXC1015,1=0.67
INC1015,1=0.80
MOP1015,1=1
MOP_ADDX1015,1=10
ROP1015,1=1
PM1015,1=110
PA1015,1=0.80
SLSTOT1015=0.80
TYP1016=2
DATI1016=20200124193116
STATION_NR1016=6111
SHF1016=4615
ACC_REP_NR1016=1177
OPID1016=7
REF1016=1179110493
SEQ1016=1179110738408
SAFTDATI1016=20200124193116
LCUR1016=10
PAN1016=476224*******232
MERCH_ID1016,1=A
MERCH_NAME1016,1=Discovery Filling Station Ltd
MERCH_RECEIPT_SEQ_NR1016,1=611100993571
PMP1016,1=4
PUMP_MODE1016,1=1,1,1
NOZZLE1016,1=1
NDATI1016,1=20200124192903
START_DATE1016,1=20200124192823
PRI1016,1=1.249
BASEPRI1016,1=1.249
QTY1016,1=16.01
QTYUNIT1016,1=2
GAMT1016,1=20.00
AMT1016,1=20.00
UGAMT1016,1=20.00
UAMT1016,1=20.00
PLU1016,1=6
NAM1016,1=FuelSave Unl
GRP1016,1=59
CRD1016,1=325
EXTREF1016,1=FuelSave Unl
ART_MERCH_ID1016,1=A
EXC1016,1=20.00
INC1016,1=20.00
NQUA_CHANGEABLE1016,1=708900.71
PRI1016,2=2.40
UPR1016,2=2.40
QTY1016,2=1.00
QTYUNIT1016,2=1
GAMT1016,2=2.40
AMT1016,2=2.40
UGAMT1016,2=2.40
UAMT1016,2=2.40
PLU1016,2=1010
NAM1016,2=REGULAR 12OZ HOT DRI
GRP1016,2=DRINKS PROMO
CRD1016,2=6000
ART_MERCH_ID1016,2=A
PRC1016,2=20.00
VAMT1016,2=0.40
EXC1016,2=2.00
INC1016,2=2.40
CPPAN1016,1=476224*******232
MOP1016,1=6
MOP_ADDX1016,1=50
MOP_ADDY1016,1=12
ROP1016,1=1
PM1016,1=949
PSUB1016,1=12
PA1016,1=22.40
SLSTOT1016=22.40
TYP1017=2
DATI1017=20200124193321
STATION_NR1017=6111
SHF1017=2729
ACC_REP_NR1017=1177
OPID1017=13
REF1017=1179120384
SEQ1017=1179120275199
SAFTDATI1017=20200124193321
LCUR1017=10
REPL1017=2
MERCH_ID1017,1=A
MERCH_NAME1017,1=Discovery Filling Station Ltd
MERCH_RECEIPT_SEQ_NR1017,1=611100993572
PMP1017,1=5
PUMP_MODE1017,1=1,1,1
NOZZLE1017,1=2
NDATI1017,1=20200124193246
START_DATE1017,1=20200124193145
PRI1017,1=1.299
BASEPRI1017,1=1.299
QTY1017,1=15.40
QTYUNIT1017,1=2
GAMT1017,1=20.00
AMT1017,1=20.00
UGAMT1017,1=20.00
UAMT1017,1=20.00
PLU1017,1=3
NAM1017,1=FuelSave Dsl
GRP1017,1=59
CRD1017,1=425
EXTREF1017,1=FuelSave Dsl
ART_MERCH_ID1017,1=A
EXC1017,1=20.00
INC1017,1=20.00
NQUA_CHANGEABLE1017,1=1115487.87
MOP1017,1=1
MOP_ADDX1017,1=10
ROP1017,1=1
PM1017,1=110
PA1017,1=20.00
SLSTOT1017=20.00
TYP1018=2
DATI1018=20200124193555
STATION_NR1018=6111
SHF1018=2729
ACC_REP_NR1018=1177
OPID1018=13
REF1018=1179120385
SEQ1018=1179120275200
SAFTDATI1018=20200124193555
LCUR1018=10
REPL1018=2
MERCH_ID1018,1=A
MERCH_NAME1018,1=Discovery Filling Station Ltd
MERCH_RECEIPT_SEQ_NR1018,1=611100993573
PRI1018,1=1.00
UPR1018,1=1.00
QTY1018,1=1.00
QTYUNIT1018,1=1
GAMT1018,1=1.00
AMT1018,1=1.00
UGAMT1018,1=1.00
UAMT1018,1=1.00
PLU1018,1=5000382101185
NAM1018,1=BARR LMNADE
GRP1018,1=DRINKS
CRD1018,1=3119
ART_MERCH_ID1018,1=A
PRC1018,1=20.00
VAMT1018,1=0.17
EXC1018,1=0.83
INC1018,1=1.00
PRI1018,2=0.89
UPR1018,2=0.89
QTY1018,2=1.00
QTYUNIT1018,2=1
GAMT1018,2=0.89
AMT1018,2=0.89
UGAMT1018,2=0.89
UAMT1018,2=0.89
PLU1018,2=5010102003422
NAM1018,2=TANGO ORANGE
GRP1018,2=DRINKS
CRD1018,2=3119
ART_MERCH_ID1018,2=A
PRC1018,2=20.00
VAMT1018,2=0.15
EXC1018,2=0.74
INC1018,2=0.89
PRI1018,3=0.89
UPR1018,3=0.89
QTY1018,3=1.00
QTYUNIT1018,3=1
GAMT1018,3=0.89
AMT1018,3=0.89
UGAMT1018,3=0.89
UAMT1018,3=0.89
PLU1018,3=5010102003422
NAM1018,3=TANGO ORANGE
GRP1018,3=DRINKS
CRD1018,3=3119
ART_MERCH_ID1018,3=A
PRC1018,3=20.00
VAMT1018,3=0.15
EXC1018,3=0.74
INC1018,3=0.89
MOP1018,1=1
MOP_ADDX1018,1=10
ROP1018,1=1
PM1018,1=110
PA1018,1=3.00
MOP1018,2=1
MOP_ADDX1018,2=10
ROP1018,2=2
PM1018,2=5110
PA1018,2=-0.22
SLSTOT1018=2.78
TYP1019=21
SPEC_TYPE1019=14
DATI1019=20200124193809
STATION_NR1019=6111
SHF1019=4615
OPID1019=7
LREF1019=1179110494
SPEC_ID1019=1003
SPEC_NAME1019=PAYPOINT
SPEC_ITYP1019=1
SPEC_QUA1019=1.00
SPEC_PRI1019=5.00
SPEC_AMT1019=5.00
TYP1020=2
DATI1020=20200124193811
STATION_NR1020=6111
SHF1020=4615
ACC_REP_NR1020=1177
OPID1020=7
REF1020=1179110494
SEQ1020=1179110738409
SAFTDATI1020=20200124193811
LCUR1020=10
REPL1020=2
MERCH_ID1020,1=A
MERCH_NAME1020,1=Discovery Filling Station Ltd
MERCH_RECEIPT_SEQ_NR1020,1=611100993574
PRI1020,1=5.00
UPR1020,1=5.00
QTY1020,1=1.00
QTYUNIT1020,1=1
GAMT1020,1=5.00
AMT1020,1=5.00
UGAMT1020,1=5.00
UAMT1020,1=5.00
PLU1020,1=1003
NAM1020,1=PAYPOINT
GRP1020,1=STAMPS & PHONE
CRD1020,1=9019
ART_MERCH_ID1020,1=A
EXC1020,1=5.00
INC1020,1=5.00
MOP1020,1=1
MOP_ADDX1020,1=10
ROP1020,1=1
PM1020,1=110
PA1020,1=5.00
SLSTOT1020=5.00
TYP1021=2
DATI1021=20200124193915
STATION_NR1021=6111
SHF1021=2729
ACC_REP_NR1021=1177
OPID1021=13
REF1021=1179120386
SEQ1021=1179120275201
SAFTDATI1021=20200124193915
LCUR1021=10
REPL1021=2
MERCH_ID1021,1=A
MERCH_NAME1021,1=Discovery Filling Station Ltd
MERCH_RECEIPT_SEQ_NR1021,1=611100993575
PMP1021,1=1
PUMP_MODE1021,1=1,1,1
NOZZLE1021,1=1
NDATI1021,1=20200124193831
START_DATE1021,1=20200124193746
PRI1021,1=1.249
BASEPRI1021,1=1.249
QTY1021,1=16.01
QTYUNIT1021,1=2
GAMT1021,1=20.00
AMT1021,1=20.00
UGAMT1021,1=20.00
UAMT1021,1=20.00
PLU1021,1=6
NAM1021,1=FuelSave Unl
GRP1021,1=59
CRD1021,1=325
EXTREF1021,1=FuelSave Unl
ART_MERCH_ID1021,1=A
EXC1021,1=20.00
INC1021,1=20.00
NQUA_CHANGEABLE1021,1=662648.23
PRI1021,2=5.00
UPR1021,2=5.00
QTY1021,2=1.00
QTYUNIT1021,2=1
GAMT1021,2=5.00
AMT1021,2=5.00
UGAMT1021,2=5.00
UAMT1021,2=5.00
PLU1021,2=5031390115451
NAM1021,2=BINGO MILLIONAIRE 5
GRP1021,2=LOTTERY SRATCHC
CRD1021,2=9500
ART_MERCH_ID1021,2=A
EXC1021,2=5.00
INC1021,2=5.00
PRI1021,3=5.00
UPR1021,3=5.00
QTY1021,3=1.00
QTYUNIT1021,3=1
GAMT1021,3=5.00
AMT1021,3=5.00
UGAMT1021,3=5.00
UAMT1021,3=5.00
PLU1021,3=5031390115499
NAM1021,3=2 MILLION BLUE
GRP1021,3=LOTTERY SRATCHC
CRD1021,3=9500
ART_MERCH_ID1021,3=A
EXC1021,3=5.00
INC1021,3=5.00
MOP1021,1=1
MOP_ADDX1021,1=10
ROP1021,1=1
PM1021,1=110
PA1021,1=30.00
SLSTOT1021=30.00
TYP1022=2
DATI1022=20200124194001
STATION_NR1022=6111
SHF1022=4615
ACC_REP_NR1022=1177
OPID1022=7
REF1022=1179110495
SEQ1022=1179110738410
SAFTDATI1022=20200124194001
LCUR1022=10
PAN1022=476367*******117
MERCH_ID1022,1=A
MERCH_NAME1022,1=Discovery Filling Station Ltd
MERCH_RECEIPT_SEQ_NR1022,1=611100993576
PMP1022,1=3
PUMP_MODE1022,1=1,1,1
NOZZLE1022,1=1
NDATI1022,1=20200124193904
START_DATE1022,1=20200124193755
PRI1022,1=1.249
BASEPRI1022,1=1.249
QTY1022,1=32.03
QTYUNIT1022,1=2
GAMT1022,1=40.01
AMT1022,1=40.01
UGAMT1022,1=40.01
UAMT1022,1=40.01
PLU1022,1=6
NAM1022,1=FuelSave Unl
GRP1022,1=59
CRD1022,1=325
EXTREF1022,1=FuelSave Unl
ART_MERCH_ID1022,1=A
EXC1022,1=40.01
INC1022,1=40.01
NQUA_CHANGEABLE1022,1=1195036.85
CPPAN1022,1=476367*******117
MOP1022,1=6
MOP_ADDX1022,1=50
MOP_ADDY1022,1=12
ROP1022,1=1
PM1022,1=949
PSUB1022,1=12
PA1022,1=40.01
SLSTOT1022=40.01
TYP1023=2
DATI1023=20200124194102
STATION_NR1023=6111
SHF1023=2729
ACC_REP_NR1023=1177
OPID1023=13
REF1023=1179120387
SEQ1023=1179120275202
SAFTDATI1023=20200124194102
LCUR1023=10
REPL1023=2
MERCH_ID1023,1=A
MERCH_NAME1023,1=Discovery Filling Station Ltd
MERCH_RECEIPT_SEQ_NR1023,1=611100993577
PMP1023,1=2
PUMP_MODE1023,1=1,1,1
NOZZLE1023,1=1
NDATI1023,1=20200124193949
START_DATE1023,1=20200124193915
PRI1023,1=1.249
BASEPRI1023,1=1.249
QTY1023,1=6.44
QTYUNIT1023,1=2
GAMT1023,1=8.04
AMT1023,1=8.04
UGAMT1023,1=8.04
UAMT1023,1=8.04
PLU1023,1=6
NAM1023,1=FuelSave Unl
GRP1023,1=59
CRD1023,1=325
EXTREF1023,1=FuelSave Unl
ART_MERCH_ID1023,1=A
EXC1023,1=8.04
INC1023,1=8.04
NQUA_CHANGEABLE1023,1=570965.13
MOP1023,1=1
MOP_ADDX1023,1=10
ROP1023,1=1
PM1023,1=110
PA1023,1=8.04
SLSTOT1023=8.04
TYP1024=2
DATI1024=20200124194030
STATION_NR1024=6111
SHF1024=4615
ACC_REP_NR1024=1177
OPID1024=7
REF1024=1179110496
SEQ1024=1179110738411
SAFTDATI1024=20200124194030
LCUR1024=10
PAN1024=707260******057
MERCH_ID1024,1=A
MERCH_NAME1024,1=Discovery Filling Station Ltd
MERCH_RECEIPT_SEQ_NR1024,1=611100993578
PMP1024,1=4
PUMP_MODE1024,1=1,1,1
NOZZLE1024,1=3
NDATI1024,1=20200124193940
START_DATE1024,1=20200124193831
PRI1024,1=1.299
BASEPRI1024,1=1.299
QTY1024,1=28.49
QTYUNIT1024,1=2
GAMT1024,1=37.01
AMT1024,1=37.01
UGAMT1024,1=37.01
UAMT1024,1=37.01
PLU1024,1=3
NAM1024,1=FuelSave Dsl
GRP1024,1=59
CRD1024,1=425
EXTREF1024,1=FuelSave Dsl
ART_MERCH_ID1024,1=A
EXC1024,1=37.01
INC1024,1=37.01
NQUA_CHANGEABLE1024,1=1503391.17
CPPAN1024,1=707260******057
MOP1024,1=6
MOP_ADDX1024,1=50
MOP_ADDY1024,1=9
ROP1024,1=1
PM1024,1=949
PSUB1024,1=9
PA1024,1=37.01
SLSTOT1024=37.01
TYP1025=2
DATI1025=20200124194150
STATION_NR1025=6111
SHF1025=4615
ACC_REP_NR1025=1177
OPID1025=7
REF1025=1179110497
SEQ1025=1179110738412
SAFTDATI1025=20200124194150
LCUR1025=10
REPL1025=2
MERCH_ID1025,1=A
MERCH_NAME1025,1=Discovery Filling Station Ltd
MERCH_RECEIPT_SEQ_NR1025,1=611100993579
PMP1025,1=1
PUMP_MODE1025,1=1,1,1
NOZZLE1025,1=1
NDATI1025,1=20200124194057
START_DATE1025,1=20200124194030
PRI1025,1=1.249
BASEPRI1025,1=1.249
QTY1025,1=3.64
QTYUNIT1025,1=2
GAMT1025,1=4.55
AMT1025,1=4.55
UGAMT1025,1=4.55
UAMT1025,1=4.55
PLU1025,1=6
NAM1025,1=FuelSave Unl
GRP1025,1=59
CRD1025,1=325
EXTREF1025,1=FuelSave Unl
ART_MERCH_ID1025,1=A
EXC1025,1=4.55
INC1025,1=4.55
NQUA_CHANGEABLE1025,1=662651.87
MOP1025,1=1
MOP_ADDX1025,1=10
ROP1025,1=1
PM1025,1=110
PA1025,1=4.55
SLSTOT1025=4.55
TYP1026=2
DATI1026=20200124194223
STATION_NR1026=6111
SHF1026=2729
ACC_REP_NR1026=1177
OPID1026=13
REF1026=1179120388
SEQ1026=1179120275203
SAFTDATI1026=20200124194223
LCUR1026=10
REPL1026=2
MERCH_ID1026,1=A
MERCH_NAME1026,1=Discovery Filling Station Ltd
MERCH_RECEIPT_SEQ_NR1026,1=611100993580
PRI1026,1=1.00
UPR1026,1=1.00
QTY1026,1=1.00
QTYUNIT1026,1=1
GAMT1026,1=1.00
AMT1026,1=1.00
UGAMT1026,1=1.00
UAMT1026,1=1.00
PLU1026,1=5010115910014
NAM1026,1=T&L GRAN SUGAR
GRP1026,1=GROCERY ZERO
CRD1026,1=3100
ART_MERCH_ID1026,1=A
EXC1026,1=1.00
INC1026,1=1.00
MOP1026,1=1
MOP_ADDX1026,1=10
ROP1026,1=1
PM1026,1=110
PA1026,1=1.00
SLSTOT1026=1.00
TYP1027=2
DATI1027=20200124194232
STATION_NR1027=6111
SHF1027=2729
ACC_REP_NR1027=1177
OPID1027=13
REF1027=1179120390
SEQ1027=1179120275204
SAFTDATI1027=20200124194232
LCUR1027=10
REPL1027=2
MOP1027,1=1
MOP_ADDX1027,1=10
ROP1027,1=7
ROP_ADD1027,1=3
PM1027,1=5310
PMIO1027,1=3
PA1027,1=-1.00
TYP1028=2
DATI1028=20200124194305
STATION_NR1028=6111
SHF1028=4615
ACC_REP_NR1028=1177
OPID1028=7
REF1028=1179110498
SEQ1028=1179110738413
SAFTDATI1028=20200124194305
LCUR1028=10
REPL1028=2
MERCH_ID1028,1=A
MERCH_NAME1028,1=Discovery Filling Station Ltd
MERCH_RECEIPT_SEQ_NR1028,1=611100993581
PRI1028,1=0.59
UPR1028,1=0.59
QTY1028,1=1.00
QTYUNIT1028,1=1
GAMT1028,1=0.59
AMT1028,1=0.59
UGAMT1028,1=0.59
UAMT1028,1=0.59
PLU1028,1=5020379133463
NAM1028,1=ES ENERGY
GRP1028,1=DRINKS
CRD1028,1=3119
ART_MERCH_ID1028,1=A
PRC1028,1=20.00
VAMT1028,1=0.10
EXC1028,1=0.49
INC1028,1=0.59
MOP1028,1=1
MOP_ADDX1028,1=10
ROP1028,1=1
PM1028,1=110
PA1028,1=0.59
SLSTOT1028=0.59
TYP1029=2
DATI1029=20200124194836
STATION_NR1029=6111
SHF1029=4615
ACC_REP_NR1029=1177
OPID1029=7
REF1029=1179110499
SEQ1029=1179110738414
SAFTDATI1029=20200124194836
LCUR1029=10
REPL1029=2
MERCH_ID1029,1=A
MERCH_NAME1029,1=Discovery Filling Station Ltd
MERCH_RECEIPT_SEQ_NR1029,1=611100993582
PMP1029,1=3
PUMP_MODE1029,1=1,1,1
NOZZLE1029,1=3
NDATI1029,1=20200124194815
START_DATE1029,1=20200124194744
PRI1029,1=1.299
BASEPRI1029,1=1.299
QTY1029,1=7.70
QTYUNIT1029,1=2
GAMT1029,1=10.00
AMT1029,1=10.00
UGAMT1029,1=10.00
UAMT1029,1=10.00
PLU1029,1=3
NAM1029,1=FuelSave Dsl
GRP1029,1=59
CRD1029,1=425
EXTREF1029,1=FuelSave Dsl
ART_MERCH_ID1029,1=A
EXC1029,1=10.00
INC1029,1=10.00
NQUA_CHANGEABLE1029,1=1277929.78
MOP1029,1=1
MOP_ADDX1029,1=10
ROP1029,1=1
PM1029,1=110
PA1029,1=10.00
SLSTOT1029=10.00
TYP1030=2
DATI1030=20200124194842
STATION_NR1030=6111
SHF1030=4615
ACC_REP_NR1030=1177
OPID1030=7
REF1030=1179110500
SEQ1030=1179110738415
SAFTDATI1030=20200124194842
LCUR1030=10
PAN1030=476367*******985
MERCH_ID1030,1=A
MERCH_NAME1030,1=Discovery Filling Station Ltd
MERCH_RECEIPT_SEQ_NR1030,1=611100993583
PMP1030,1=5
PUMP_MODE1030,1=1,1,1
NOZZLE1030,1=1
NDATI1030,1=20200124194807
START_DATE1030,1=20200124194520
PRI1030,1=1.249
BASEPRI1030,1=1.249
QTY1030,1=40.07
QTYUNIT1030,1=2
GAMT1030,1=50.05
AMT1030,1=50.05
UGAMT1030,1=50.05
UAMT1030,1=50.05
PLU1030,1=6
NAM1030,1=FuelSave Unl
GRP1030,1=59
CRD1030,1=325
EXTREF1030,1=FuelSave Unl
ART_MERCH_ID1030,1=A
EXC1030,1=50.05
INC1030,1=50.05
NQUA_CHANGEABLE1030,1=1062817.67
CPPAN1030,1=476367*******985
MOP1030,1=6
MOP_ADDX1030,1=50
MOP_ADDY1030,1=12
ROP1030,1=1
PM1030,1=949
PSUB1030,1=12
PA1030,1=50.05
SLSTOT1030=50.05
TYP1031=2
DATI1031=20200124195012
STATION_NR1031=6111
SHF1031=4615
ACC_REP_NR1031=1177
OPID1031=7
REF1031=1179110501
SEQ1031=1179110738416
SAFTDATI1031=20200124195012
LCUR1031=10
PAN1031=475714*******832
MERCH_ID1031,1=A
MERCH_NAME1031,1=Discovery Filling Station Ltd
MERCH_RECEIPT_SEQ_NR1031,1=611100993584
PRI1031,1=8.89
UPR1031,1=8.89
QTY1031,1=1.00
QTYUNIT1031,1=1
GAMT1031,1=8.89
AMT1031,1=8.89
UGAMT1031,1=8.89
UAMT1031,1=8.89
PLU1031,1=5000143928112
NAM1031,1=SOVEREIGN SKY BLUE K
GRP1031,1=TOBACCO
CRD1031,1=4019
ART_MERCH_ID1031,1=A
PRC1031,1=20.00
VAMT1031,1=1.48
EXC1031,1=7.41
INC1031,1=8.89
PRI1031,2=1.59
UPR1031,2=1.59
QTY1031,2=1.00
QTYUNIT1031,2=1
GAMT1031,2=1.59
AMT1031,2=1.59
UGAMT1031,2=1.59
UAMT1031,2=1.59
PLU1031,2=9002490239565
NAM1031,2=RED BULL
GRP1031,2=DRINKS
CRD1031,2=3119
ART_MERCH_ID1031,2=A
PRC1031,2=20.00
VAMT1031,2=0.26
EXC1031,2=1.33
INC1031,2=1.59
CPPAN1031,1=475714*******832
MOP1031,1=6
MOP_ADDX1031,1=50
MOP_ADDY1031,1=12
ROP1031,1=1
PM1031,1=949
PSUB1031,1=12
PA1031,1=10.48
SLSTOT1031=10.48
TYP1032=2
DATI1032=20200124195049
STATION_NR1032=6111
SHF1032=4615
ACC_REP_NR1032=1177
OPID1032=7
REF1032=1179110502
SEQ1032=1179110738417
SAFTDATI1032=20200124195049
LCUR1032=10
PAN1032=476367*******917
MERCH_ID1032,1=A
MERCH_NAME1032,1=Discovery Filling Station Ltd
MERCH_RECEIPT_SEQ_NR1032,1=611100993585
PRI1032,1=0.80
UPR1032,1=0.80
QTY1032,1=1.00
QTYUNIT1032,1=1
GAMT1032,1=0.80
AMT1032,1=0.80
UGAMT1032,1=0.80
UAMT1032,1=0.80
PLU1032,1=5034660522775
NAM1032,1=CADBURY STARBAR CHOC
GRP1032,1=CONFECTIONERY
CRD1032,1=3119
ART_MERCH_ID1032,1=A
PRC1032,1=20.00
VAMT1032,1=0.13
EXC1032,1=0.67
INC1032,1=0.80
PRI1032,2=0.80
UPR1032,2=0.80
QTY1032,2=1.00
QTYUNIT1032,2=1
GAMT1032,2=0.80
AMT1032,2=0.80
UGAMT1032,2=0.80
UAMT1032,2=0.80
PLU1032,2=40111001
NAM1032,2=BOUNTY DARK 2 X 28.5
GRP1032,2=CONFECTIONERY
CRD1032,2=3119
ART_MERCH_ID1032,2=A
PRC1032,2=20.00
VAMT1032,2=0.13
EXC1032,2=0.67
INC1032,2=0.80
PRI1032,3=0.79
UPR1032,3=0.79
QTY1032,3=1.00
QTYUNIT1032,3=1
GAMT1032,3=0.79
AMT1032,3=0.79
UGAMT1032,3=0.79
UAMT1032,3=0.79
PLU1032,3=5000112630633
NAM1032,3=COCA COLA
GRP1032,3=DRINKS
CRD1032,3=3119
ART_MERCH_ID1032,3=A
PRC1032,3=20.00
VAMT1032,3=0.13
EXC1032,3=0.66
INC1032,3=0.79
PRI1032,4=8.70
UPR1032,4=8.70
QTY1032,4=1.00
QTYUNIT1032,4=1
GAMT1032,4=8.70
AMT1032,4=8.70
UGAMT1032,4=8.70
UAMT1032,4=8.70
PLU1032,4=5000431026902
NAM1032,4=PLAYERS KS 20S
GRP1032,4=TOBACCO
CRD1032,4=4019
ART_MERCH_ID1032,4=A
PRC1032,4=20.00
VAMT1032,4=1.45
EXC1032,4=7.25
INC1032,4=8.70
CPPAN1032,1=476367*******917
MOP1032,1=6
MOP_ADDX1032,1=50
MOP_ADDY1032,1=12
ROP1032,1=1
PM1032,1=949
PSUB1032,1=12
PA1032,1=11.09
SLSTOT1032=11.09
TYP1033=2
DATI1033=20200124195305
STATION_NR1033=6111
SHF1033=4615
ACC_REP_NR1033=1177
OPID1033=7
REF1033=1179110503
SEQ1033=1179110738418
SAFTDATI1033=20200124195305
LCUR1033=10
REPL1033=2
MERCH_ID1033,1=A
MERCH_NAME1033,1=Discovery Filling Station Ltd
MERCH_RECEIPT_SEQ_NR1033,1=611100993586
PMP1033,1=4
PUMP_MODE1033,1=1,1,1
NOZZLE1033,1=3
NDATI1033,1=20200124195247
START_DATE1033,1=20200124195147
PRI1033,1=1.299
BASEPRI1033,1=1.299
QTY1033,1=15.41
QTYUNIT1033,1=2
GAMT1033,1=20.02
AMT1033,1=20.02
UGAMT1033,1=20.02
UAMT1033,1=20.02
PLU1033,1=3
NAM1033,1=FuelSave Dsl
GRP1033,1=59
CRD1033,1=425
EXTREF1033,1=FuelSave Dsl
ART_MERCH_ID1033,1=A
EXC1033,1=20.02
INC1033,1=20.02
NQUA_CHANGEABLE1033,1=1503406.58
MOP1033,1=1
MOP_ADDX1033,1=10
ROP1033,1=1
PM1033,1=110
PA1033,1=20.02
SLSTOT1033=20.02
TYP1034=2
DATI1034=20200124195551
STATION_NR1034=6111
SHF1034=2729
ACC_REP_NR1034=1177
OPID1034=13
REF1034=1179120391
SEQ1034=1179120275205
SAFTDATI1034=20200124195551
LCUR1034=10
PAN1034=476367*******418
MERCH_ID1034,1=A
MERCH_NAME1034,1=Discovery Filling Station Ltd
MERCH_RECEIPT_SEQ_NR1034,1=611100993587
PMP1034,1=3
PUMP_MODE1034,1=1,1,1
NOZZLE1034,1=3
NDATI1034,1=20200124195524
START_DATE1034,1=20200124195437
PRI1034,1=1.299
BASEPRI1034,1=1.299
QTY1034,1=15.40
QTYUNIT1034,1=2
GAMT1034,1=20.00
AMT1034,1=20.00
UGAMT1034,1=20.00
UAMT1034,1=20.00
PLU1034,1=3
NAM1034,1=FuelSave Dsl
GRP1034,1=59
CRD1034,1=425
EXTREF1034,1=FuelSave Dsl
ART_MERCH_ID1034,1=A
EXC1034,1=20.00
INC1034,1=20.00
NQUA_CHANGEABLE1034,1=1277945.18
CPPAN1034,1=476367*******418
MOP1034,1=6
MOP_ADDX1034,1=50
MOP_ADDY1034,1=12
ROP1034,1=1
PM1034,1=949
PSUB1034,1=12
PA1034,1=20.00
SLSTOT1034=20.00
TYP1035=2
DATI1035=20200124195744
STATION_NR1035=6111
SHF1035=4615
ACC_REP_NR1035=1177
OPID1035=7
REF1035=1179110504
SEQ1035=1179110738419
SAFTDATI1035=20200124195744
LCUR1035=10
PAN1035=557435*******360
MERCH_ID1035,1=A
MERCH_NAME1035,1=Discovery Filling Station Ltd
MERCH_RECEIPT_SEQ_NR1035,1=611100993588
PMP1035,1=1
PUMP_MODE1035,1=1,1,1
NOZZLE1035,1=1
NDATI1035,1=20200124195717
START_DATE1035,1=20200124195640
PRI1035,1=1.249
BASEPRI1035,1=1.249
QTY1035,1=7.00
QTYUNIT1035,1=2
GAMT1035,1=8.74
AMT1035,1=8.74
UGAMT1035,1=8.74
UAMT1035,1=8.74
PLU1035,1=6
NAM1035,1=FuelSave Unl
GRP1035,1=59
CRD1035,1=325
EXTREF1035,1=FuelSave Unl
ART_MERCH_ID1035,1=A
EXC1035,1=8.74
INC1035,1=8.74
NQUA_CHANGEABLE1035,1=662658.87
CPPAN1035,1=557435*******360
MOP1035,1=6
MOP_ADDX1035,1=50
MOP_ADDY1035,1=14
ROP1035,1=1
PM1035,1=949
PSUB1035,1=14
PA1035,1=8.74
SLSTOT1035=8.74
TYP1036=2
DATI1036=20200124195836
STATION_NR1036=6111
SHF1036=2729
ACC_REP_NR1036=1177
OPID1036=13
REF1036=1179120392
SEQ1036=1179120275206
SAFTDATI1036=20200124195836
LCUR1036=10
REPL1036=2
MERCH_ID1036,1=A
MERCH_NAME1036,1=Discovery Filling Station Ltd
MERCH_RECEIPT_SEQ_NR1036,1=611100993589
PRI1036,1=0.79
UPR1036,1=0.79
QTY1036,1=1.00
QTYUNIT1036,1=1
GAMT1036,1=0.79
AMT1036,1=0.79
UGAMT1036,1=0.79
UAMT1036,1=0.79
PLU1036,1=5020379150095
NAM1036,1=ES SS MILK
GRP1036,1=CHILLED FOOD
CRD1036,1=3400
ART_MERCH_ID1036,1=A
EXC1036,1=0.79
INC1036,1=0.79
MOP1036,1=1
MOP_ADDX1036,1=10
ROP1036,1=1
PM1036,1=110
PA1036,1=0.79
SLSTOT1036=0.79
TYP1037=2
DATI1037=20200124195839
STATION_NR1037=6111
ACC_REP_NR1037=1177
REF1037=1179510023
SEQ1037=1179510017033
SAFTDATI1037=20200124195839
LCUR1037=10
PAN1037=475117******2008
HOSTTYPE1037=12
HOSTBOOKPER1037=1179
AUTH1037=242659
CAIC1037=044026111
ONLINERC1037=000
STAN1037=058582
REPL1037=2
MERCH_ID1037,1=A
MERCH_NAME1037,1=Discovery Filling Station Ltd
PMP1037,1=5
PUMP_MODE1037,1=1,3,2
NOZZLE1037,1=2
NDATI1037,1=20200124195838
START_DATE1037,1=20200124195724
PRI1037,1=1.299
BASEPRI1037,1=1.299
QTY1037,1=23.09
QTYUNIT1037,1=2
GAMT1037,1=30.00
AMT1037,1=30.00
UGAMT1037,1=30.00
UAMT1037,1=30.00
PLU1037,1=3
NAM1037,1=FuelSave Dsl
GRP1037,1=59
CRD1037,1=425
EXTREF1037,1=FuelSave Dsl
ART_MERCH_ID1037,1=A
EXC1037,1=30.00
INC1037,1=30.00
NQUA_CHANGEABLE1037,1=1115510.96
CPPAN1037,1=475117******2008
CPREPL1037,1=2
CPHOSTTYPE1037,1=12
CPHOSTBKPER1037,1=1179
CPAUTH1037,1=242659
CPCAIC1037,1=044026111
CPONLINERC1037,1=000
CPSTAN1037,1=058582
MOP1037,1=4
MOP_ADDX1037,1=2
MOP_ADDY1037,1=2
ROP1037,1=1
PM1037,1=701
PSUB1037,1=2
PA1037,1=30.00
TRKMED1037,1=5
SLSTOT1037=30.00
TYP1038=2
DATI1038=20200124200057
STATION_NR1038=6111
SHF1038=4615
ACC_REP_NR1038=1177
OPID1038=7
REF1038=1179110505
SEQ1038=1179110738420
SAFTDATI1038=20200124200057
LCUR1038=10
PAN1038=475117*******918
MERCH_ID1038,1=A
MERCH_NAME1038,1=Discovery Filling Station Ltd
MERCH_RECEIPT_SEQ_NR1038,1=611100993590
PRI1038,1=1.89
UPR1038,1=1.89
QTY1038,1=1.00
QTYUNIT1038,1=1
GAMT1038,1=1.89
AMT1038,1=1.89
UGAMT1038,1=1.89
UAMT1038,1=1.89
PLU1038,1=5055109260478
NAM1038,1=CLARKS STANDARD FILL
GRP1038,1=SANDWICHES
CRD1038,1=6000
ART_MERCH_ID1038,1=A
EXC1038,1=1.89
INC1038,1=1.89
PRI1038,2=1.00
UPR1038,2=1.00
QTY1038,2=1.00
QTYUNIT1038,2=1
GAMT1038,2=1.00
AMT1038,2=1.00
UGAMT1038,2=1.00
UAMT1038,2=1.00
PLU1038,2=5000328753058
NAM1038,2=WLKR SQUR SV
GRP1038,2=CRISPS
CRD1038,2=3219
ART_MERCH_ID1038,2=A
PRC1038,2=20.00
VAMT1038,2=0.17
EXC1038,2=0.83
INC1038,2=1.00
PRI1038,3=1.59
UPR1038,3=1.59
QTY1038,3=1.00
QTYUNIT1038,3=1
GAMT1038,3=1.59
AMT1038,3=1.59
UGAMT1038,3=1.59
UAMT1038,3=1.59
PLU1038,3=5060147114461
NAM1038,3=SANDWICH
GRP1038,3=CHILLED FOOD
CRD1038,3=3400
ART_MERCH_ID1038,3=A
EXC1038,3=1.59
INC1038,3=1.59
PRI1038,4=1.50
UPR1038,4=1.50
QTY1038,4=1.00
QTYUNIT1038,4=1
GAMT1038,4=1.50
AMT1038,4=1.50
UGAMT1038,4=1.50
UAMT1038,4=1.50
PLU1038,4=54491472
NAM1038,4=COCA-COLA 500ML
GRP1038,4=DRINKS
CRD1038,4=3119
ART_MERCH_ID1038,4=A
PRC1038,4=20.00
VAMT1038,4=0.25
EXC1038,4=1.25
INC1038,4=1.50
CPPAN1038,1=475117*******918
MOP1038,1=6
MOP_ADDX1038,1=50
MOP_ADDY1038,1=12
ROP1038,1=1
PM1038,1=949
PSUB1038,1=12
PA1038,1=5.98
SLSTOT1038=5.98
TYP1039=2
DATI1039=20200124200130
STATION_NR1039=6111
SHF1039=4615
ACC_REP_NR1039=1177
OPID1039=7
REF1039=1179110506
SEQ1039=1179110738421
SAFTDATI1039=20200124200130
LCUR1039=10
REPL1039=2
MERCH_ID1039,1=A
MERCH_NAME1039,1=Discovery Filling Station Ltd
MERCH_RECEIPT_SEQ_NR1039,1=611100993591
PRI1039,1=1.05
UPR1039,1=1.05
QTY1039,1=1.00
QTYUNIT1039,1=1
GAMT1039,1=1.05
AMT1039,1=1.05
UGAMT1039,1=1.05
UAMT1039,1=1.05
PLU1039,1=50226894
NAM1039,1=SWAN EXT SLIM FILTER
GRP1039,1=TOBACCO SUNDRIE
CRD1039,1=4019
ART_MERCH_ID1039,1=A
PRC1039,1=20.00
VAMT1039,1=0.17
EXC1039,1=0.88
INC1039,1=1.05
MOP1039,1=1
MOP_ADDX1039,1=10
ROP1039,1=1
PM1039,1=110
PA1039,1=1.05
SLSTOT1039=1.05
TYP1040=2
DATI1040=20200124200521
STATION_NR1040=6111
SHF1040=2729
ACC_REP_NR1040=1177
OPID1040=13
REF1040=1179120393
SEQ1040=1179120275207
SAFTDATI1040=20200124200521
LCUR1040=10
REPL1040=2
MERCH_ID1040,1=A
MERCH_NAME1040,1=Discovery Filling Station Ltd
MERCH_RECEIPT_SEQ_NR1040,1=611100993592
PRI1040,1=1.00
UPR1040,1=1.00
QTY1040,1=1.00
QTYUNIT1040,1=1
GAMT1040,1=1.00
AMT1040,1=1.00
UGAMT1040,1=1.00
UAMT1040,1=1.00
PLU1040,1=5000159503631
NAM1040,1=MALTESER TB
GRP1040,1=CONFECTIONERY
CRD1040,1=3119
ART_MERCH_ID1040,1=A
PRC1040,1=20.00
VAMT1040,1=0.17
EXC1040,1=0.83
INC1040,1=1.00
PRI1040,2=0.69
UPR1040,2=0.69
QTY1040,2=1.00
QTYUNIT1040,2=1
GAMT1040,2=0.69
AMT1040,2=0.69
UGAMT1040,2=0.69
UAMT1040,2=0.69
PLU1040,2=50412792
NAM1040,2=F/SHT ORNG
GRP1040,2=DRINKS
CRD1040,2=3119
ART_MERCH_ID1040,2=A
PRC1040,2=20.00
VAMT1040,2=0.11
EXC1040,2=0.58
INC1040,2=0.69
MOP1040,1=1
MOP_ADDX1040,1=10
ROP1040,1=1
PM1040,1=110
PA1040,1=5.00
MOP1040,2=1
MOP_ADDX1040,2=10
ROP1040,2=2
PM1040,2=5110
PA1040,2=-3.31
SLSTOT1040=1.69
TYP1041=2
DATI1041=20200124200547
STATION_NR1041=6111
SHF1041=4615
ACC_REP_NR1041=1177
OPID1041=7
REF1041=1179110507
SEQ1041=1179110738422
SAFTDATI1041=20200124200547
LCUR1041=10
REPL1041=2
MERCH_ID1041,1=A
MERCH_NAME1041,1=Discovery Filling Station Ltd
MERCH_RECEIPT_SEQ_NR1041,1=611100993593
PRI1041,1=1.00
UPR1041,1=1.00
QTY1041,1=1.00
QTYUNIT1041,1=1
GAMT1041,1=1.00
AMT1041,1=1.00
UGAMT1041,1=1.00
UAMT1041,1=1.00
PLU1041,1=5000328990071
NAM1041,1=DORITOS COOL
GRP1041,1=CRISPS
CRD1041,1=3219
ART_MERCH_ID1041,1=A
EXC1041,1=1.00
INC1041,1=1.00
PRI1041,2=1.99
UPR1041,2=1.99
QTY1041,2=1.00
QTYUNIT1041,2=1
GAMT1041,2=1.99
AMT1041,2=1.99
UGAMT1041,2=1.99
UAMT1041,2=1.99
PLU1041,2=5760466976350
NAM1041,2=STARBUCKS FRAPPUCCIN
GRP1041,2=CHILLED FOOD
CRD1041,2=3400
ART_MERCH_ID1041,2=A
EXC1041,2=1.99
INC1041,2=1.99
PRI1041,3=1.00
UPR1041,3=1.00
QTY1041,3=1.00
QTYUNIT1041,3=1
GAMT1041,3=1.00
AMT1041,3=1.00
UGAMT1041,3=1.00
UAMT1041,3=1.00
PLU1041,3=5410438040175
NAM1041,3=YAZOO CHOC
GRP1041,3=CHILLED FOOD
CRD1041,3=3400
ART_MERCH_ID1041,3=A
EXC1041,3=1.00
INC1041,3=1.00
PRI1041,4=1.85
UPR1041,4=1.85
QTY1041,4=1.00
QTYUNIT1041,4=1
GAMT1041,4=1.85
AMT1041,4=1.85
UGAMT1041,4=1.85
UAMT1041,4=1.85
PLU1041,4=490411
NAM1041,4=CLARKS STEAK & GRAVY
GRP1041,4=CHILLED FOOD
CRD1041,4=3400
ART_MERCH_ID1041,4=A
EXC1041,4=1.85
INC1041,4=1.85
MOP1041,1=1
MOP_ADDX1041,1=10
ROP1041,1=1
PM1041,1=110
PA1041,1=5.84
SLSTOT1041=5.84
TYP1042=2
DATI1042=20200124200614
STATION_NR1042=6111
SHF1042=4615
ACC_REP_NR1042=1177
OPID1042=7
REF1042=1179110508
SEQ1042=1179110738423
SAFTDATI1042=20200124200614
LCUR1042=10
PAN1042=475117*******800
MERCH_ID1042,1=A
MERCH_NAME1042,1=Discovery Filling Station Ltd
MERCH_RECEIPT_SEQ_NR1042,1=611100993594
PRI1042,1=8.80
UPR1042,1=8.80
QTY1042,1=1.00
QTYUNIT1042,1=1
GAMT1042,1=8.80
AMT1042,1=8.80
UGAMT1042,1=8.80
UAMT1042,1=8.80
PLU1042,1=5000431028951
NAM1042,1=L & B BLUE K/S BLUE
GRP1042,1=TOBACCO
CRD1042,1=4019
ART_MERCH_ID1042,1=A
PRC1042,1=20.00
VAMT1042,1=1.47
EXC1042,1=7.33
INC1042,1=8.80
CPPAN1042,1=475117*******800
MOP1042,1=6
MOP_ADDX1042,1=50
MOP_ADDY1042,1=12
ROP1042,1=1
PM1042,1=949
PSUB1042,1=12
PA1042,1=8.80
SLSTOT1042=8.80
TYP1043=2
DATI1043=20200124200638
STATION_NR1043=6111
SHF1043=4615
ACC_REP_NR1043=1177
OPID1043=7
REF1043=1179110509
SEQ1043=1179110738424
SAFTDATI1043=20200124200638
LCUR1043=10
REPL1043=2
MERCH_ID1043,1=A
MERCH_NAME1043,1=Discovery Filling Station Ltd
MERCH_RECEIPT_SEQ_NR1043,1=611100993595
PMP1043,1=1
PUMP_MODE1043,1=1,1,1
NOZZLE1043,1=1
NDATI1043,1=20200124200517
START_DATE1043,1=20200124200434
PRI1043,1=1.249
BASEPRI1043,1=1.249
QTY1043,1=8.02
QTYUNIT1043,1=2
GAMT1043,1=10.02
AMT1043,1=10.02
UGAMT1043,1=10.02
UAMT1043,1=10.02
PLU1043,1=6
NAM1043,1=FuelSave Unl
GRP1043,1=59
CRD1043,1=325
EXTREF1043,1=FuelSave Unl
ART_MERCH_ID1043,1=A
EXC1043,1=10.02
INC1043,1=10.02
NQUA_CHANGEABLE1043,1=662666.89
MOP1043,1=1
MOP_ADDX1043,1=10
ROP1043,1=1
PM1043,1=110
PA1043,1=10.02
SLSTOT1043=10.02
TYP1044=21
SPEC_TYPE1044=3
DATI1044=20200124200708
STATION_NR1044=6111
SHF1044=4615
OPID1044=7
LREF1044=1179110510
SPEC_ID1044=6
SPEC_NAME1044=FuelSave Unl
SPEC_QUA1044=11.45
SPEC_PRI1044=1.249
SPEC_AMT1044=14.30
SPEC_ADDD1044=5
TYP1045=2
DATI1045=20200124200715
STATION_NR1045=6111
SHF1045=4615
ACC_REP_NR1045=1177
OPID1045=7
REF1045=1179110511
SEQ1045=1179110738425
SAFTDATI1045=20200124200715
LCUR1045=10
REPL1045=2
MERCH_ID1045,1=A
MERCH_NAME1045,1=Discovery Filling Station Ltd
MERCH_RECEIPT_SEQ_NR1045,1=611100993596
PRI1045,1=1.59
UPR1045,1=1.59
QTY1045,1=1.00
QTYUNIT1045,1=1
GAMT1045,1=1.59
AMT1045,1=1.59
UGAMT1045,1=1.59
UAMT1045,1=1.59
PLU1045,1=9002490239565
NAM1045,1=RED BULL
GRP1045,1=DRINKS
CRD1045,1=3119
ART_MERCH_ID1045,1=A
PRC1045,1=20.00
VAMT1045,1=0.26
EXC1045,1=1.33
INC1045,1=1.59
PRI1045,2=1.29
UPR1045,2=1.29
QTY1045,2=1.00
QTYUNIT1045,2=1
GAMT1045,2=1.29
AMT1045,2=1.29
UGAMT1045,2=1.29
UAMT1045,2=1.29
PLU1045,2=90433863
NAM1045,2=RED BULL
GRP1045,2=DRINKS
CRD1045,2=3119
ART_MERCH_ID1045,2=A
PRC1045,2=20.00
VAMT1045,2=0.21
EXC1045,2=1.08
INC1045,2=1.29
MOP1045,1=1
MOP_ADDX1045,1=10
ROP1045,1=1
PM1045,1=110
PA1045,1=5.00
MOP1045,2=1
MOP_ADDX1045,2=10
ROP1045,2=2
PM1045,2=5110
PA1045,2=-2.12
SLSTOT1045=2.88
TYP1046=2
DATI1046=20200124200723
STATION_NR1046=6111
SHF1046=4615
ACC_REP_NR1046=1177
OPID1046=7
REF1046=1179110512
SEQ1046=1179110738426
SAFTDATI1046=20200124200723
LCUR1046=10
PAN1046=446292*******316
MERCH_ID1046,1=A
MERCH_NAME1046,1=Discovery Filling Station Ltd
MERCH_RECEIPT_SEQ_NR1046,1=611100993597
PMP1046,1=5
PUMP_MODE1046,1=1,1,1
NOZZLE1046,1=1
NDATI1046,1=20200124200545
START_DATE1046,1=20200124200509
PRI1046,1=1.249
BASEPRI1046,1=1.249
QTY1046,1=11.45
QTYUNIT1046,1=2
GAMT1046,1=14.30
AMT1046,1=14.30
UGAMT1046,1=14.30
UAMT1046,1=14.30
PLU1046,1=6
NAM1046,1=FuelSave Unl
GRP1046,1=59
CRD1046,1=325
EXTREF1046,1=FuelSave Unl
ART_MERCH_ID1046,1=A
EXC1046,1=14.30
INC1046,1=14.30
NQUA_CHANGEABLE1046,1=1062829.12
CPPAN1046,1=446292*******316
MOP1046,1=6
MOP_ADDX1046,1=50
MOP_ADDY1046,1=12
ROP1046,1=1
PM1046,1=949
PSUB1046,1=12
PA1046,1=14.30
SLSTOT1046=14.30
TYP1047=2
DATI1047=20200124200740
STATION_NR1047=6111
SHF1047=4615
ACC_REP_NR1047=1177
OPID1047=7
REF1047=1179110513
SEQ1047=1179110738427
SAFTDATI1047=20200124200740
LCUR1047=10
REPL1047=2
MERCH_ID1047,1=A
MERCH_NAME1047,1=Discovery Filling Station Ltd
MERCH_RECEIPT_SEQ_NR1047,1=611100993598
PMP1047,1=3
PUMP_MODE1047,1=1,1,1
NOZZLE1047,1=3
NDATI1047,1=20200124200618
START_DATE1047,1=20200124200550
PRI1047,1=1.299
BASEPRI1047,1=1.299
QTY1047,1=7.71
QTYUNIT1047,1=2
GAMT1047,1=10.02
AMT1047,1=10.02
UGAMT1047,1=10.02
UAMT1047,1=10.02
PLU1047,1=3
NAM1047,1=FuelSave Dsl
GRP1047,1=59
CRD1047,1=425
EXTREF1047,1=FuelSave Dsl
ART_MERCH_ID1047,1=A
EXC1047,1=10.02
INC1047,1=10.02
NQUA_CHANGEABLE1047,1=1277952.89
MOP1047,1=1
MOP_ADDX1047,1=10
ROP1047,1=1
PM1047,1=110
PA1047,1=10.02
SLSTOT1047=10.02
TYP1048=2
DATI1048=20200124200802
STATION_NR1048=6111
SHF1048=4615
ACC_REP_NR1048=1177
OPID1048=7
REF1048=1179110514
SEQ1048=1179110738428
SAFTDATI1048=20200124200802
LCUR1048=10
REPL1048=2
MERCH_ID1048,1=A
MERCH_NAME1048,1=Discovery Filling Station Ltd
MERCH_RECEIPT_SEQ_NR1048,1=611100993599
PMP1048,1=2
PUMP_MODE1048,1=1,1,1
NOZZLE1048,1=2
NDATI1048,1=20200124200747
START_DATE1048,1=20200124200648
PRI1048,1=1.299
BASEPRI1048,1=1.299
QTY1048,1=15.40
QTYUNIT1048,1=2
GAMT1048,1=20.00
AMT1048,1=20.00
UGAMT1048,1=20.00
UAMT1048,1=20.00
PLU1048,1=3
NAM1048,1=FuelSave Dsl
GRP1048,1=59
CRD1048,1=425
EXTREF1048,1=FuelSave Dsl
ART_MERCH_ID1048,1=A
EXC1048,1=20.00
INC1048,1=20.00
NQUA_CHANGEABLE1048,1=1555691.96
MOP1048,1=1
MOP_ADDX1048,1=10
ROP1048,1=1
PM1048,1=110
PA1048,1=20.00
SLSTOT1048=20.00
TYP1049=2
DATI1049=20200124200605
STATION_NR1049=6111
SHF1049=2729
ACC_REP_NR1049=1177
OPID1049=13
REF1049=1179120394
SEQ1049=1179120275208
SAFTDATI1049=20200124200605
LCUR1049=10
REPL1049=2
MERCH_ID1049,1=A
MERCH_NAME1049,1=Discovery Filling Station Ltd
MERCH_RECEIPT_SEQ_NR1049,1=611100993600
PRI1049,1=1.92
UPR1049,1=1.92
QTY1049,1=1.00
QTYUNIT1049,1=1
GAMT1049,1=1.92
AMT1049,1=1.92
UGAMT1049,1=1.92
UAMT1049,1=1.92
PLU1049,1=492142
NAM1049,1=TIKKA PIE
GRP1049,1=HOT FOOD
CRD1049,1=3119
ART_MERCH_ID1049,1=A
PRC1049,1=20.00
VAMT1049,1=0.32
EXC1049,1=1.60
INC1049,1=1.92
PRI1049,2=1.00
UPR1049,2=1.00
QTY1049,2=1.00
QTYUNIT1049,2=1
GAMT1049,2=1.00
AMT1049,2=1.00
UGAMT1049,2=1.00
UAMT1049,2=1.00
PLU1049,2=5060147112207
NAM1049,2=SOTG CHICKEN TIKKA S
GRP1049,2=CHILLED FOOD
CRD1049,2=3400
ART_MERCH_ID1049,2=A
EXC1049,2=1.00
INC1049,2=1.00
PRI1049,3=1.00
UPR1049,3=1.00
QTY1049,3=-1.00
QTYUNIT1049,3=1
GAMT1049,3=-1.00
AMT1049,3=-1.00
UGAMT1049,3=-1.00
UAMT1049,3=-1.00
PLU1049,3=5060147112207
NAM1049,3=SOTG CHICKEN TIKKA S
GRP1049,3=CHILLED FOOD
CRD1049,3=3400
ART_MERCH_ID1049,3=A
EXC1049,3=-1.00
INC1049,3=-1.00
PRI1049,4=1.92
UPR1049,4=1.92
QTY1049,4=-1.00
QTYUNIT1049,4=1
GAMT1049,4=-1.92
AMT1049,4=-1.92
UGAMT1049,4=-1.92
UAMT1049,4=-1.92
PLU1049,4=492142
NAM1049,4=TIKKA PIE
GRP1049,4=HOT FOOD
CRD1049,4=3119
ART_MERCH_ID1049,4=A
PRC1049,4=20.00
VAMT1049,4=-0.32
EXC1049,4=-1.60
INC1049,4=-1.92
MOP1049,1=1
MOP_ADDX1049,1=10
ROP1049,1=1
PM1049,1=110
TYP1050=2
DATI1050=20200124201039
STATION_NR1050=6111
SHF1050=4615
ACC_REP_NR1050=1177
OPID1050=7
REF1050=1179110515
SEQ1050=1179110738429
SAFTDATI1050=20200124201039
LCUR1050=10
REPL1050=2
MERCH_ID1050,1=A
MERCH_NAME1050,1=Discovery Filling Station Ltd
MERCH_RECEIPT_SEQ_NR1050,1=611100993601
PRI1050,1=1.25
UPR1050,1=1.25
QTY1050,1=1.00
QTYUNIT1050,1=1
GAMT1050,1=1.25
AMT1050,1=1.25
UGAMT1050,1=1.25
UAMT1050,1=1.25
PLU1050,1=5000382109525
NAM1050,1=BARRS PINEAPPLE
GRP1050,1=DRINKS
CRD1050,1=3119
ART_MERCH_ID1050,1=A
PRC1050,1=20.00
VAMT1050,1=0.21
EXC1050,1=1.04
INC1050,1=1.25
MOP1050,1=1
MOP_ADDX1050,1=10
ROP1050,1=1
PM1050,1=110
PA1050,1=10.00
MOP1050,2=1
MOP_ADDX1050,2=10
ROP1050,2=2
PM1050,2=5110
PA1050,2=-8.75
SLSTOT1050=1.25
TYP1051=2
DATI1051=20200124201438
STATION_NR1051=6111
SHF1051=2729
ACC_REP_NR1051=1177
OPID1051=13
REF1051=1179120395
SEQ1051=1179120275209
SAFTDATI1051=20200124201438
LCUR1051=10
REPL1051=2
MERCH_ID1051,1=A
MERCH_NAME1051,1=Discovery Filling Station Ltd
MERCH_RECEIPT_SEQ_NR1051,1=611100993602
PMP1051,1=1
PUMP_MODE1051,1=1,1,1
NOZZLE1051,1=2
NDATI1051,1=20200124201408
START_DATE1051,1=20200124201320
PRI1051,1=1.299
BASEPRI1051,1=1.299
QTY1051,1=19.25
QTYUNIT1051,1=2
GAMT1051,1=25.01
AMT1051,1=25.01
UGAMT1051,1=25.01
UAMT1051,1=25.01
PLU1051,1=3
NAM1051,1=FuelSave Dsl
GRP1051,1=59
CRD1051,1=425
EXTREF1051,1=FuelSave Dsl
ART_MERCH_ID1051,1=A
EXC1051,1=25.01
INC1051,1=25.01
NQUA_CHANGEABLE1051,1=826239.66
PRI1051,2=1.00
UPR1051,2=1.00
QTY1051,2=1.00
QTYUNIT1051,2=1
GAMT1051,2=1.00
AMT1051,2=1.00
UGAMT1051,2=1.00
UAMT1051,2=1.00
PLU1051,2=5016860959483
NAM1051,2=STRWBRY MILK
GRP1051,2=CHILLED FOOD
CRD1051,2=3400
ART_MERCH_ID1051,2=A
EXC1051,2=1.00
INC1051,2=1.00
MOP1051,1=1
MOP_ADDX1051,1=10
ROP1051,1=1
PM1051,1=110
PA1051,1=26.01
SLSTOT1051=26.01
TYP1052=2
DATI1052=20200124201554
STATION_NR1052=6111
SHF1052=2729
ACC_REP_NR1052=1177
OPID1052=13
REF1052=1179120396
SEQ1052=1179120275210
SAFTDATI1052=20200124201554
LCUR1052=10
REPL1052=2
MERCH_ID1052,1=A
MERCH_NAME1052,1=Discovery Filling Station Ltd
MERCH_RECEIPT_SEQ_NR1052,1=611100993603
PMP1052,1=3
PUMP_MODE1052,1=1,1,1
NOZZLE1052,1=3
NDATI1052,1=20200124201532
START_DATE1052,1=20200124201452
PRI1052,1=1.299
BASEPRI1052,1=1.299
QTY1052,1=7.70
QTYUNIT1052,1=2
GAMT1052,1=10.00
AMT1052,1=10.00
UGAMT1052,1=10.00
UAMT1052,1=10.00
PLU1052,1=3
NAM1052,1=FuelSave Dsl
GRP1052,1=59
CRD1052,1=425
EXTREF1052,1=FuelSave Dsl
ART_MERCH_ID1052,1=A
EXC1052,1=10.00
INC1052,1=10.00
NQUA_CHANGEABLE1052,1=1277960.59
MOP1052,1=1
MOP_ADDX1052,1=10
ROP1052,1=1
PM1052,1=110
PA1052,1=10.00
SLSTOT1052=10.00
TYP1053=2
DATI1053=20200124201930
STATION_NR1053=6111
SHF1053=2729
ACC_REP_NR1053=1177
OPID1053=13
REF1053=1179120397
SEQ1053=1179120275211
SAFTDATI1053=20200124201930
LCUR1053=10
PAN1053=535522*******100
MERCH_ID1053,1=A
MERCH_NAME1053,1=Discovery Filling Station Ltd
MERCH_RECEIPT_SEQ_NR1053,1=611100993604
PRI1053,1=0.05
UPR1053,1=0.05
QTY1053,1=1.00
QTYUNIT1053,1=1
GAMT1053,1=0.05
AMT1053,1=0.05
UGAMT1053,1=0.05
UAMT1053,1=0.05
PLU1053,1=5011929933732
NAM1053,1=PREMIER LVT
GRP1053,1=GENERAL GOODS V
CRD1053,1=3319
ART_MERCH_ID1053,1=A
PRC1053,1=20.00
VAMT1053,1=0.01
EXC1053,1=0.04
INC1053,1=0.05
PRI1053,2=1.00
UPR1053,2=1.00
QTY1053,2=1.00
QTYUNIT1053,2=1
GAMT1053,2=1.00
AMT1053,2=1.00
UGAMT1053,2=1.00
UAMT1053,2=1.00
PLU1053,2=5410438040175
NAM1053,2=YAZOO CHOC
GRP1053,2=CHILLED FOOD
CRD1053,2=3400
ART_MERCH_ID1053,2=A
EXC1053,2=1.00
INC1053,2=1.00
PRI1053,3=1.00
UPR1053,3=1.00
QTY1053,3=1.00
QTYUNIT1053,3=1
GAMT1053,3=1.00
AMT1053,3=1.00
UGAMT1053,3=1.00
UAMT1053,3=1.00
PLU1053,3=5410438040175
NAM1053,3=YAZOO CHOC
GRP1053,3=CHILLED FOOD
CRD1053,3=3400
ART_MERCH_ID1053,3=A
EXC1053,3=1.00
INC1053,3=1.00
PRI1053,4=0.79
UPR1053,4=0.79
QTY1053,4=1.00
QTYUNIT1053,4=1
GAMT1053,4=0.79
AMT1053,4=0.79
UGAMT1053,4=0.79
UAMT1053,4=0.79
PLU1053,4=5020379150095
NAM1053,4=ES SS MILK
GRP1053,4=CHILLED FOOD
CRD1053,4=3400
ART_MERCH_ID1053,4=A
EXC1053,4=0.79
INC1053,4=0.79
PRI1053,5=1.39
UPR1053,5=1.39
QTY1053,5=1.00
QTYUNIT1053,5=1
GAMT1053,5=1.39
AMT1053,5=1.39
UGAMT1053,5=1.39
UAMT1053,5=1.39
PLU1053,5=5010223072291
NAM1053,5=MARSHALLS CHEESY MAC
GRP1053,5=GROCERY ZERO
CRD1053,5=3100
ART_MERCH_ID1053,5=A
EXC1053,5=1.39
INC1053,5=1.39
CPPAN1053,1=535522*******100
MOP1053,1=6
MOP_ADDX1053,1=50
MOP_ADDY1053,1=14
ROP1053,1=1
PM1053,1=949
PSUB1053,1=14
PA1053,1=4.23
SLSTOT1053=4.23
TYP1054=2
DATI1054=20200124202413
STATION_NR1054=6111
SHF1054=4615
ACC_REP_NR1054=1177
OPID1054=7
REF1054=1179110516
SEQ1054=1179110738430
SAFTDATI1054=20200124202413
LCUR1054=10
REPL1054=2
MERCH_ID1054,1=A
MERCH_NAME1054,1=Discovery Filling Station Ltd
MERCH_RECEIPT_SEQ_NR1054,1=611100993605
PRI1054,1=1.00
UPR1054,1=1.00
QTY1054,1=1.00
QTYUNIT1054,1=1
GAMT1054,1=1.00
AMT1054,1=1.00
UGAMT1054,1=1.00
UAMT1054,1=1.00
PLU1054,1=5000328747187
NAM1054,1=WLKR CHETO F
GRP1054,1=CRISPS
CRD1054,1=3219
ART_MERCH_ID1054,1=A
PRC1054,1=20.00
VAMT1054,1=0.17
EXC1054,1=0.83
INC1054,1=1.00
MOP1054,1=1
MOP_ADDX1054,1=10
ROP1054,1=1
PM1054,1=110
PA1054,1=1.00
SLSTOT1054=1.00
TYP1055=2
DATI1055=20200124202713
STATION_NR1055=6111
SHF1055=4615
ACC_REP_NR1055=1177
OPID1055=7
REF1055=1179110517
SEQ1055=1179110738431
SAFTDATI1055=20200124202713
LCUR1055=10
REPL1055=2
MERCH_ID1055,1=A
MERCH_NAME1055,1=Discovery Filling Station Ltd
MERCH_RECEIPT_SEQ_NR1055,1=611100993606
PMP1055,1=2
PUMP_MODE1055,1=1,1,1
NOZZLE1055,1=1
NDATI1055,1=20200124202646
START_DATE1055,1=20200124202619
PRI1055,1=1.249
BASEPRI1055,1=1.249
QTY1055,1=8.01
QTYUNIT1055,1=2
GAMT1055,1=10.00
AMT1055,1=10.00
UGAMT1055,1=10.00
UAMT1055,1=10.00
PLU1055,1=6
NAM1055,1=FuelSave Unl
GRP1055,1=59
CRD1055,1=325
EXTREF1055,1=FuelSave Unl
ART_MERCH_ID1055,1=A
EXC1055,1=10.00
INC1055,1=10.00
NQUA_CHANGEABLE1055,1=570973.14
MOP1055,1=1
MOP_ADDX1055,1=10
ROP1055,1=1
PM1055,1=110
PA1055,1=10.00
SLSTOT1055=10.00
TYP1056=2
DATI1056=20200124202954
STATION_NR1056=6111
SHF1056=4615
ACC_REP_NR1056=1177
OPID1056=7
REF1056=1179110518
SEQ1056=1179110738432
SAFTDATI1056=20200124202954
LCUR1056=10
REPL1056=2
MERCH_ID1056,1=A
MERCH_NAME1056,1=Discovery Filling Station Ltd
MERCH_RECEIPT_SEQ_NR1056,1=611100993607
PRI1056,1=11.25
UPR1056,1=11.25
QTY1056,1=1.00
QTYUNIT1056,1=1
GAMT1056,1=11.25
AMT1056,1=11.25
UGAMT1056,1=11.25
UAMT1056,1=11.25
PLU1056,1=5060592002696
NAM1056,1=MARLBORO GOL
GRP1056,1=TOBACCO
CRD1056,1=4019
ART_MERCH_ID1056,1=A
PRC1056,1=20.00
VAMT1056,1=1.87
EXC1056,1=9.38
INC1056,1=11.25
MOP1056,1=1
MOP_ADDX1056,1=10
ROP1056,1=1
PM1056,1=110
PA1056,1=20.00
MOP1056,2=1
MOP_ADDX1056,2=10
ROP1056,2=2
PM1056,2=5110
PA1056,2=-8.75
SLSTOT1056=11.25
TYP1057=2
DATI1057=20200124203100
STATION_NR1057=6111
SHF1057=4615
ACC_REP_NR1057=1177
OPID1057=7
REF1057=1179110519
SEQ1057=1179110738433
SAFTDATI1057=20200124203100
LCUR1057=10
REPL1057=2
MERCH_ID1057,1=A
MERCH_NAME1057,1=Discovery Filling Station Ltd
MERCH_RECEIPT_SEQ_NR1057,1=611100993608
PMP1057,1=3
PUMP_MODE1057,1=1,1,1
NOZZLE1057,1=1
NDATI1057,1=20200124203017
START_DATE1057,1=20200124202911
PRI1057,1=1.249
BASEPRI1057,1=1.249
QTY1057,1=30.90
QTYUNIT1057,1=2
GAMT1057,1=38.59
AMT1057,1=38.59
UGAMT1057,1=38.59
UAMT1057,1=38.59
PLU1057,1=6
NAM1057,1=FuelSave Unl
GRP1057,1=59
CRD1057,1=325
EXTREF1057,1=FuelSave Unl
ART_MERCH_ID1057,1=A
EXC1057,1=38.59
INC1057,1=38.59
NQUA_CHANGEABLE1057,1=1195067.75
PRI1057,2=1.25
UPR1057,2=1.25
QTY1057,2=1.00
QTYUNIT1057,2=1
GAMT1057,2=1.25
AMT1057,2=1.25
UGAMT1057,2=1.25
UAMT1057,2=1.25
PLU1057,2=5060639122806
NAM1057,2=MONSTER
GRP1057,2=DRINKS
CRD1057,2=3119
ART_MERCH_ID1057,2=A
PRC1057,2=5.00
VAMT1057,2=0.06
EXC1057,2=1.19
INC1057,2=1.25
MOP1057,1=1
MOP_ADDX1057,1=10
ROP1057,1=1
PM1057,1=110
PA1057,1=39.84
SLSTOT1057=39.84
TYP1058=2
DATI1058=20200124203909
STATION_NR1058=6111
SHF1058=2729
ACC_REP_NR1058=1177
OPID1058=13
REF1058=1179120398
SEQ1058=1179120275212
SAFTDATI1058=20200124203909
LCUR1058=10
REPL1058=2
MERCH_ID1058,1=A
MERCH_NAME1058,1=Discovery Filling Station Ltd
MERCH_RECEIPT_SEQ_NR1058,1=611100993609
PRI1058,1=1.00
UPR1058,1=1.00
QTY1058,1=1.00
QTYUNIT1058,1=1
GAMT1058,1=1.00
AMT1058,1=1.00
UGAMT1058,1=1.00
UAMT1058,1=1.00
PLU1058,1=5010052112144
NAM1058,1=RINGOS CHEES
GRP1058,1=CRISPS
CRD1058,1=3219
ART_MERCH_ID1058,1=A
PRC1058,1=20.00
VAMT1058,1=0.17
EXC1058,1=0.83
INC1058,1=1.00
PRI1058,2=0.79
UPR1058,2=0.79
QTY1058,2=1.00
QTYUNIT1058,2=1
GAMT1058,2=0.79
AMT1058,2=0.79
UGAMT1058,2=0.79
UAMT1058,2=0.79
PLU1058,2=5000112630633
NAM1058,2=COCA COLA
GRP1058,2=DRINKS
CRD1058,2=3119
ART_MERCH_ID1058,2=A
PRC1058,2=20.00
VAMT1058,2=0.13
EXC1058,2=0.66
INC1058,2=0.79
PRI1058,3=1.35
UPR1058,3=1.35
QTY1058,3=1.00
QTYUNIT1058,3=1
GAMT1058,3=1.35
AMT1058,3=1.35
UGAMT1058,3=1.35
UAMT1058,3=1.35
PLU1058,3=490404
NAM1058,3=CLARKS BEAN PIE P/P
GRP1058,3=CHILLED FOOD
CRD1058,3=3400
ART_MERCH_ID1058,3=A
EXC1058,3=1.35
INC1058,3=1.35
MOP1058,1=1
MOP_ADDX1058,1=10
ROP1058,1=1
PM1058,1=110
PA1058,1=20.00
MOP1058,2=1
MOP_ADDX1058,2=10
ROP1058,2=2
PM1058,2=5110
PA1058,2=-16.86
SLSTOT1058=3.14
TYP1059=2
DATI1059=20200124203911
STATION_NR1059=6111
SHF1059=4615
ACC_REP_NR1059=1177
OPID1059=7
REF1059=1179110520
SEQ1059=1179110738434
SAFTDATI1059=20200124203911
LCUR1059=10
REPL1059=2
MERCH_ID1059,1=A
MERCH_NAME1059,1=Discovery Filling Station Ltd
MERCH_RECEIPT_SEQ_NR1059,1=611100993610
PMP1059,1=3
PUMP_MODE1059,1=1,1,1
NOZZLE1059,1=1
NDATI1059,1=20200124203834
START_DATE1059,1=20200124203805
PRI1059,1=1.249
BASEPRI1059,1=1.249
QTY1059,1=8.01
QTYUNIT1059,1=2
GAMT1059,1=10.00
AMT1059,1=10.00
UGAMT1059,1=10.00
UAMT1059,1=10.00
PLU1059,1=6
NAM1059,1=FuelSave Unl
GRP1059,1=59
CRD1059,1=325
EXTREF1059,1=FuelSave Unl
ART_MERCH_ID1059,1=A
EXC1059,1=10.00
INC1059,1=10.00
NQUA_CHANGEABLE1059,1=1195075.76
MOP1059,1=1
MOP_ADDX1059,1=10
ROP1059,1=1
PM1059,1=110
PA1059,1=10.00
SLSTOT1059=10.00
TYP1060=21
SPEC_TYPE1060=13
DATI1060=20200124204101
STATION_NR1060=6111
SHF1060=4615
OPID1060=7
SPEC_ADDD1060=Open cash drawer
TYP1061=2
DATI1061=20200124204414
STATION_NR1061=6111
SHF1061=2729
ACC_REP_NR1061=1177
OPID1061=13
REF1061=1179120399
SEQ1061=1179120275213
SAFTDATI1061=20200124204414
LCUR1061=10
REPL1061=2
MERCH_ID1061,1=A
MERCH_NAME1061,1=Discovery Filling Station Ltd
MERCH_RECEIPT_SEQ_NR1061,1=611100993611
PRI1061,1=1.70
UPR1061,1=1.70
QTY1061,1=1.00
QTYUNIT1061,1=1
GAMT1061,1=1.70
AMT1061,1=1.70
UGAMT1061,1=1.70
UAMT1061,1=1.70
PLU1061,1=8412765008504
NAM1061,1=CLIPPER LIGHTER
GRP1061,1=TOBACCO SUNDRIE
CRD1061,1=4019
ART_MERCH_ID1061,1=A
PRC1061,1=20.00
VAMT1061,1=0.28
EXC1061,1=1.42
INC1061,1=1.70
MOP1061,1=1
MOP_ADDX1061,1=10
ROP1061,1=1
PM1061,1=110
PA1061,1=1.70
SLSTOT1061=1.70
TYP1062=2
DATI1062=20200124204430
STATION_NR1062=6111
SHF1062=2729
ACC_REP_NR1062=1177
OPID1062=13
REF1062=1179120400
SEQ1062=1179120275214
SAFTDATI1062=20200124204430
LCUR1062=10
REPL1062=2
MERCH_ID1062,1=A
MERCH_NAME1062,1=Discovery Filling Station Ltd
MERCH_RECEIPT_SEQ_NR1062,1=611100993612
PRI1062,1=2.00
UPR1062,1=2.00
QTY1062,1=1.00
QTYUNIT1062,1=1
GAMT1062,1=2.00
AMT1062,1=2.00
UGAMT1062,1=2.00
UAMT1062,1=2.00
PLU1062,1=4009900477413
NAM1062,1=WRIG EX WHITE BOTTLE
GRP1062,1=CONFECTIONERY
CRD1062,1=3119
ART_MERCH_ID1062,1=A
PRC1062,1=20.00
VAMT1062,1=0.33
EXC1062,1=1.67
INC1062,1=2.00
PRI1062,2=8.70
UPR1062,2=8.70
QTY1062,2=1.00
QTYUNIT1062,2=1
GAMT1062,2=8.70
AMT1062,2=8.70
UGAMT1062,2=8.70
UAMT1062,2=8.70
PLU1062,2=5000431027572
NAM1062,2=L&B KS BLUE 20
GRP1062,2=TOBACCO
CRD1062,2=4019
ART_MERCH_ID1062,2=A
PRC1062,2=20.00
VAMT1062,2=1.45
EXC1062,2=7.25
INC1062,2=8.70
MOP1062,1=1
MOP_ADDX1062,1=10
ROP1062,1=1
PM1062,1=110
PA1062,1=10.70
SLSTOT1062=10.70
TYP1063=2
DATI1063=20200124204829
STATION_NR1063=6111
SHF1063=4615
ACC_REP_NR1063=1177
OPID1063=7
REF1063=1179110521
SEQ1063=1179110738435
SAFTDATI1063=20200124204829
LCUR1063=10
REPL1063=2
MERCH_ID1063,1=A
MERCH_NAME1063,1=Discovery Filling Station Ltd
MERCH_RECEIPT_SEQ_NR1063,1=611100993613
PMP1063,1=4
PUMP_MODE1063,1=1,1,1
NOZZLE1063,1=3
NDATI1063,1=20200124204759
START_DATE1063,1=20200124204638
PRI1063,1=1.299
BASEPRI1063,1=1.299
QTY1063,1=15.40
QTYUNIT1063,1=2
GAMT1063,1=20.00
AMT1063,1=20.00
UGAMT1063,1=20.00
UAMT1063,1=20.00
PLU1063,1=3
NAM1063,1=FuelSave Dsl
GRP1063,1=59
CRD1063,1=425
EXTREF1063,1=FuelSave Dsl
ART_MERCH_ID1063,1=A
EXC1063,1=20.00
INC1063,1=20.00
NQUA_CHANGEABLE1063,1=1503421.98
PRI1063,2=8.70
UPR1063,2=8.70
QTY1063,2=1.00
QTYUNIT1063,2=1
GAMT1063,2=8.70
AMT1063,2=8.70
UGAMT1063,2=8.70
UAMT1063,2=8.70
PLU1063,2=5000431026902
NAM1063,2=PLAYERS KS 20S
GRP1063,2=TOBACCO
CRD1063,2=4019
ART_MERCH_ID1063,2=A
PRC1063,2=20.00
VAMT1063,2=1.45
EXC1063,2=7.25
INC1063,2=8.70
MOP1063,1=1
MOP_ADDX1063,1=10
ROP1063,1=1
PM1063,1=110
PA1063,1=50.00
MOP1063,2=1
MOP_ADDX1063,2=10
ROP1063,2=2
PM1063,2=5110
PA1063,2=-21.30
SLSTOT1063=28.70
TYP1064=2
DATI1064=20200124205210
STATION_NR1064=6111
SHF1064=4615
ACC_REP_NR1064=1177
OPID1064=7
REF1064=1179110522
SEQ1064=1179110738436
SAFTDATI1064=20200124205210
LCUR1064=10
REPL1064=2
MERCH_ID1064,1=A
MERCH_NAME1064,1=Discovery Filling Station Ltd
MERCH_RECEIPT_SEQ_NR1064,1=611100993614
PRI1064,1=1.00
UPR1064,1=1.00
QTY1064,1=1.00
QTYUNIT1064,1=1
GAMT1064,1=1.00
AMT1064,1=1.00
UGAMT1064,1=1.00
UAMT1064,1=1.00
PLU1064,1=5000159510745
NAM1064,1=GALAXY MILK
GRP1064,1=CONFECTIONERY
CRD1064,1=3119
ART_MERCH_ID1064,1=A
PRC1064,1=20.00
VAMT1064,1=0.17
EXC1064,1=0.83
INC1064,1=1.00
PRI1064,2=0.79
UPR1064,2=0.79
QTY1064,2=1.00
QTYUNIT1064,2=1
GAMT1064,2=0.79
AMT1064,2=0.79
UGAMT1064,2=0.79
UAMT1064,2=0.79
PLU1064,2=5020379150071
NAM1064,2=ES WHOLEMILK
GRP1064,2=CHILLED FOOD
CRD1064,2=3400
ART_MERCH_ID1064,2=A
EXC1064,2=0.79
INC1064,2=0.79
PMP1064,3=3
PUMP_MODE1064,3=1,1,1
NOZZLE1064,3=3
NDATI1064,3=20200124205033
START_DATE1064,3=20200124204958
PRI1064,3=1.299
BASEPRI1064,3=1.299
QTY1064,3=10.79
QTYUNIT1064,3=2
GAMT1064,3=14.02
AMT1064,3=14.02
UGAMT1064,3=14.02
UAMT1064,3=14.02
PLU1064,3=3
NAM1064,3=FuelSave Dsl
GRP1064,3=59
CRD1064,3=425
EXTREF1064,3=FuelSave Dsl
ART_MERCH_ID1064,3=A
EXC1064,3=14.02
INC1064,3=14.02
NQUA_CHANGEABLE1064,3=1277971.38
MOP1064,1=1
MOP_ADDX1064,1=10
ROP1064,1=1
PM1064,1=110
PA1064,1=15.81
SLSTOT1064=15.81
TYP1065=2
DATI1065=20200124205308
STATION_NR1065=6111
SHF1065=4615
ACC_REP_NR1065=1177
OPID1065=7
REF1065=1179110523
SEQ1065=1179110738437
SAFTDATI1065=20200124205308
LCUR1065=10
PAN1065=446291*******614
MERCH_ID1065,1=A
MERCH_NAME1065,1=Discovery Filling Station Ltd
MERCH_RECEIPT_SEQ_NR1065,1=611100993615
PMP1065,1=5
PUMP_MODE1065,1=1,1,1
NOZZLE1065,1=2
NDATI1065,1=20200124205240
START_DATE1065,1=20200124205118
PRI1065,1=1.299
BASEPRI1065,1=1.299
QTY1065,1=30.39
QTYUNIT1065,1=2
GAMT1065,1=39.48
AMT1065,1=39.48
UGAMT1065,1=39.48
UAMT1065,1=39.48
PLU1065,1=3
NAM1065,1=FuelSave Dsl
GRP1065,1=59
CRD1065,1=425
EXTREF1065,1=FuelSave Dsl
ART_MERCH_ID1065,1=A
EXC1065,1=39.48
INC1065,1=39.48
NQUA_CHANGEABLE1065,1=1115541.35
CPPAN1065,1=446291*******614
MOP1065,1=6
MOP_ADDX1065,1=50
MOP_ADDY1065,1=12
ROP1065,1=1
PM1065,1=949
PSUB1065,1=12
PA1065,1=39.48
SLSTOT1065=39.48
TYP1066=2
DATI1066=20200124205405
STATION_NR1066=6111
SHF1066=4615
ACC_REP_NR1066=1177
OPID1066=7
REF1066=1179110524
SEQ1066=1179110738438
SAFTDATI1066=20200124205405
LCUR1066=10
PAN1066=557351*******475
MERCH_ID1066,1=A
MERCH_NAME1066,1=Discovery Filling Station Ltd
MERCH_RECEIPT_SEQ_NR1066,1=611100993616
PRI1066,1=1.00
UPR1066,1=1.00
QTY1066,1=1.00
QTYUNIT1066,1=1
GAMT1066,1=1.00
AMT1066,1=1.00
UGAMT1066,1=1.00
UAMT1066,1=1.00
PLU1066,1=5000237131015
NAM1066,1=NIK NAKS NIC
GRP1066,1=CRISPS
CRD1066,1=3219
ART_MERCH_ID1066,1=A
PRC1066,1=20.00
VAMT1066,1=0.17
EXC1066,1=0.83
INC1066,1=1.00
PRI1066,2=1.00
UPR1066,2=1.00
QTY1066,2=1.00
QTYUNIT1066,2=1
GAMT1066,2=1.00
AMT1066,2=1.00
UGAMT1066,2=1.00
UAMT1066,2=1.00
PLU1066,2=5000237131015
NAM1066,2=NIK NAKS NIC
GRP1066,2=CRISPS
CRD1066,2=3219
ART_MERCH_ID1066,2=A
PRC1066,2=20.00
VAMT1066,2=0.17
EXC1066,2=0.83
INC1066,2=1.00
PRI1066,3=1.00
UPR1066,3=1.00
QTY1066,3=1.00
QTYUNIT1066,3=1
GAMT1066,3=1.00
AMT1066,3=1.00
UGAMT1066,3=1.00
UAMT1066,3=1.00
PLU1066,3=5000237131015
NAM1066,3=NIK NAKS NIC
GRP1066,3=CRISPS
CRD1066,3=3219
ART_MERCH_ID1066,3=A
PRC1066,3=20.00
VAMT1066,3=0.17
EXC1066,3=0.83
INC1066,3=1.00
PRI1066,4=0.79
UPR1066,4=0.79
QTY1066,4=1.00
QTYUNIT1066,4=1
GAMT1066,4=0.79
AMT1066,4=0.79
UGAMT1066,4=0.79
UAMT1066,4=0.79
PLU1066,4=5000112630633
NAM1066,4=COCA COLA
GRP1066,4=DRINKS
CRD1066,4=3119
ART_MERCH_ID1066,4=A
PRC1066,4=20.00
VAMT1066,4=0.13
EXC1066,4=0.66
INC1066,4=0.79
PRI1066,5=1.09
UPR1066,5=1.09
QTY1066,5=1.00
QTYUNIT1066,5=1
GAMT1066,5=1.09
AMT1066,5=1.09
UGAMT1066,5=1.09
UAMT1066,5=1.09
PLU1066,5=5000112639612
NAM1066,5=FANTA GRAPE
GRP1066,5=DRINKS
CRD1066,5=3119
ART_MERCH_ID1066,5=A
PRC1066,5=20.00
VAMT1066,5=0.18
EXC1066,5=0.91
INC1066,5=1.09
CPPAN1066,1=557351*******475
MOP1066,1=6
MOP_ADDX1066,1=50
MOP_ADDY1066,1=14
ROP1066,1=1
PM1066,1=949
PSUB1066,1=14
PA1066,1=4.88
SLSTOT1066=4.88
TYP1067=2
DATI1067=20200124205452
STATION_NR1067=6111
SHF1067=4615
ACC_REP_NR1067=1177
OPID1067=7
REF1067=1179110525
SEQ1067=1179110738439
SAFTDATI1067=20200124205452
LCUR1067=10
REPL1067=2
MERCH_ID1067,1=A
MERCH_NAME1067,1=Discovery Filling Station Ltd
MERCH_RECEIPT_SEQ_NR1067,1=611100993617
PRI1067,1=8.80
UPR1067,1=8.80
QTY1067,1=1.00
QTYUNIT1067,1=1
GAMT1067,1=8.80
AMT1067,1=8.80
UGAMT1067,1=8.80
UAMT1067,1=8.80
PLU1067,1=5000431027084
NAM1067,1=CARLTON KS 20S
GRP1067,1=TOBACCO
CRD1067,1=4019
ART_MERCH_ID1067,1=A
PRC1067,1=20.00
VAMT1067,1=1.47
EXC1067,1=7.33
INC1067,1=8.80
MOP1067,1=1
MOP_ADDX1067,1=10
ROP1067,1=1
PM1067,1=110
PA1067,1=8.80
SLSTOT1067=8.80
TYP1068=2
DATI1068=20200124205807
STATION_NR1068=6111
SHF1068=4615
ACC_REP_NR1068=1177
OPID1068=7
REF1068=1179110526
SEQ1068=1179110738440
SAFTDATI1068=20200124205807
LCUR1068=10
REPL1068=2
MERCH_ID1068,1=A
MERCH_NAME1068,1=Discovery Filling Station Ltd
MERCH_RECEIPT_SEQ_NR1068,1=611100993618
PMP1068,1=3
PUMP_MODE1068,1=1,1,1
NOZZLE1068,1=3
NDATI1068,1=20200124205729
START_DATE1068,1=20200124205642
PRI1068,1=1.299
BASEPRI1068,1=1.299
QTY1068,1=15.40
QTYUNIT1068,1=2
GAMT1068,1=20.00
AMT1068,1=20.00
UGAMT1068,1=20.00
UAMT1068,1=20.00
PLU1068,1=3
NAM1068,1=FuelSave Dsl
GRP1068,1=59
CRD1068,1=425
EXTREF1068,1=FuelSave Dsl
ART_MERCH_ID1068,1=A
EXC1068,1=20.00
INC1068,1=20.00
NQUA_CHANGEABLE1068,1=1277986.78
MOP1068,1=1
MOP_ADDX1068,1=10
ROP1068,1=1
PM1068,1=110
PA1068,1=20.00
SLSTOT1068=20.00
TYP1069=2
DATI1069=20200124205912
STATION_NR1069=6111
SHF1069=4615
ACC_REP_NR1069=1177
OPID1069=7
REF1069=1179110527
SEQ1069=1179110738441
SAFTDATI1069=20200124205912
LCUR1069=10
REPL1069=2
MERCH_ID1069,1=A
MERCH_NAME1069,1=Discovery Filling Station Ltd
MERCH_RECEIPT_SEQ_NR1069,1=611100993619
PRI1069,1=0.39
UPR1069,1=0.39
QTY1069,1=1.00
QTYUNIT1069,1=1
GAMT1069,1=0.39
AMT1069,1=0.39
UGAMT1069,1=0.39
UAMT1069,1=0.39
PLU1069,1=50973613
NAM1069,1=RIZLA GREEN
GRP1069,1=TOBACCO SUNDRIE
CRD1069,1=4019
ART_MERCH_ID1069,1=A
PRC1069,1=20.00
VAMT1069,1=0.06
EXC1069,1=0.33
INC1069,1=0.39
MOP1069,1=1
MOP_ADDX1069,1=10
ROP1069,1=1
PM1069,1=110
PA1069,1=0.39
SLSTOT1069=0.39
TYP1070=2
DATI1070=20200124210050
STATION_NR1070=6111
SHF1070=2729
ACC_REP_NR1070=1177
OPID1070=13
REF1070=1179120401
SEQ1070=1179120275215
SAFTDATI1070=20200124210050
LCUR1070=10
REPL1070=2
MERCH_ID1070,1=A
MERCH_NAME1070,1=Discovery Filling Station Ltd
MERCH_RECEIPT_SEQ_NR1070,1=611100993620
PRI1070,1=1.29
UPR1070,1=1.29
QTY1070,1=1.00
QTYUNIT1070,1=1
GAMT1070,1=1.29
AMT1070,1=1.29
UGAMT1070,1=1.29
UAMT1070,1=1.29
PLU1070,1=90433863
NAM1070,1=RED BULL
GRP1070,1=DRINKS
CRD1070,1=3119
ART_MERCH_ID1070,1=A
PRC1070,1=20.00
VAMT1070,1=0.21
EXC1070,1=1.08
INC1070,1=1.29
PRI1070,2=1.29
UPR1070,2=1.29
QTY1070,2=1.00
QTYUNIT1070,2=1
GAMT1070,2=1.29
AMT1070,2=1.29
UGAMT1070,2=1.29
UAMT1070,2=1.29
PLU1070,2=90433863
NAM1070,2=RED BULL
GRP1070,2=DRINKS
CRD1070,2=3119
ART_MERCH_ID1070,2=A
PRC1070,2=20.00
VAMT1070,2=0.21
EXC1070,2=1.08
INC1070,2=1.29
PRI1070,3=1.00
UPR1070,3=1.00
QTY1070,3=1.00
QTYUNIT1070,3=1
GAMT1070,3=1.00
AMT1070,3=1.00
UGAMT1070,3=1.00
UAMT1070,3=1.00
PLU1070,3=5000382101222
NAM1070,3=BARR COLA
GRP1070,3=DRINKS
CRD1070,3=3119
ART_MERCH_ID1070,3=A
PRC1070,3=20.00
VAMT1070,3=0.17
EXC1070,3=0.83
INC1070,3=1.00
PRI1070,4=1.00
UPR1070,4=1.00
QTY1070,4=1.00
QTYUNIT1070,4=1
GAMT1070,4=1.00
AMT1070,4=1.00
UGAMT1070,4=1.00
UAMT1070,4=1.00
PLU1070,4=5023823003787
NAM1070,4=SOTG CHNKY EGG MAYO
GRP1070,4=CHILLED FOOD
CRD1070,4=3400
ART_MERCH_ID1070,4=A
EXC1070,4=1.00
INC1070,4=1.00
PRI1070,5=2.50
UPR1070,5=2.50
QTY1070,5=1.00
QTYUNIT1070,5=1
GAMT1070,5=2.50
AMT1070,5=2.50
UGAMT1070,5=2.50
UAMT1070,5=2.50
PLU1070,5=5055109200818
NAM1070,5=CLARKS MACARONI DISH
GRP1070,5=CHILLED FOOD
CRD1070,5=3400
ART_MERCH_ID1070,5=A
EXC1070,5=2.50
INC1070,5=2.50
PRI1070,6=8.70
UPR1070,6=8.70
QTY1070,6=1.00
QTYUNIT1070,6=1
GAMT1070,6=8.70
AMT1070,6=8.70
UGAMT1070,6=8.70
UAMT1070,6=8.70
PLU1070,6=5000431027572
NAM1070,6=L&B KS BLUE 20
GRP1070,6=TOBACCO
CRD1070,6=4019
ART_MERCH_ID1070,6=A
PRC1070,6=20.00
VAMT1070,6=1.45
EXC1070,6=7.25
INC1070,6=8.70
MOP1070,1=1
MOP_ADDX1070,1=10
ROP1070,1=1
PM1070,1=110
PA1070,1=15.78
SLSTOT1070=15.78
TYP1071=2
DATI1071=20200124210154
STATION_NR1071=6111
SHF1071=4615
ACC_REP_NR1071=1177
OPID1071=7
REF1071=1179110528
SEQ1071=1179110738442
SAFTDATI1071=20200124210154
LCUR1071=10
REPL1071=2
MERCH_ID1071,1=A
MERCH_NAME1071,1=Discovery Filling Station Ltd
MERCH_RECEIPT_SEQ_NR1071,1=611100993621
PRI1071,1=1.60
UPR1071,1=1.60
QTY1071,1=1.00
QTYUNIT1071,1=1
GAMT1071,1=1.60
AMT1071,1=1.60
UGAMT1071,1=1.60
UAMT1071,1=1.60
PLU1071,1=490406
NAM1071,1=CLARKS MACARONI CHEE
GRP1071,1=CHILLED FOOD
CRD1071,1=3400
ART_MERCH_ID1071,1=A
EXC1071,1=1.60
INC1071,1=1.60
PRI1071,2=1.60
UPR1071,2=1.60
QTY1071,2=-1.00
QTYUNIT1071,2=1
GAMT1071,2=-1.60
AMT1071,2=-1.60
UGAMT1071,2=-1.60
UAMT1071,2=-1.60
PLU1071,2=490406
NAM1071,2=CLARKS MACARONI CHEE
GRP1071,2=CHILLED FOOD
CRD1071,2=3400
ART_MERCH_ID1071,2=A
EXC1071,2=-1.60
INC1071,2=-1.60
MOP1071,1=1
MOP_ADDX1071,1=10
ROP1071,1=1
PM1071,1=110
TYP1072=2
DATI1072=20200124210228
STATION_NR1072=6111
SHF1072=2729
ACC_REP_NR1072=1177
OPID1072=13
REF1072=1179120402
SEQ1072=1179120275216
SAFTDATI1072=20200124210228
LCUR1072=10
REPL1072=2
MERCH_ID1072,1=A
MERCH_NAME1072,1=Discovery Filling Station Ltd
MERCH_RECEIPT_SEQ_NR1072,1=611100993622
PRI1072,1=1.09
UPR1072,1=1.09
QTY1072,1=1.00
QTYUNIT1072,1=1
GAMT1072,1=1.09
AMT1072,1=1.09
UGAMT1072,1=1.09
UAMT1072,1=1.09
PLU1072,1=5000112629002
NAM1072,1=DR PEPPER
GRP1072,1=DRINKS
CRD1072,1=3119
ART_MERCH_ID1072,1=A
PRC1072,1=20.00
VAMT1072,1=0.18
EXC1072,1=0.91
INC1072,1=1.09
PRI1072,2=1.60
UPR1072,2=1.60
QTY1072,2=1.00
QTYUNIT1072,2=1
GAMT1072,2=1.60
AMT1072,2=1.60
UGAMT1072,2=1.60
UAMT1072,2=1.60
PLU1072,2=490406
NAM1072,2=CLARKS MACARONI CHEE
GRP1072,2=CHILLED FOOD
CRD1072,2=3400
ART_MERCH_ID1072,2=A
EXC1072,2=1.60
INC1072,2=1.60
PRI1072,3=0.75
UPR1072,3=0.75
QTY1072,3=1.00
QTYUNIT1072,3=1
GAMT1072,3=0.75
AMT1072,3=0.75
UGAMT1072,3=0.75
UAMT1072,3=0.75
PLU1072,3=5017600020418
NAM1072,3=WISEMANS 568ML
GRP1072,3=CHILLED FOOD
CRD1072,3=3400
ART_MERCH_ID1072,3=A
EXC1072,3=0.75
INC1072,3=0.75
MOP1072,1=1
MOP_ADDX1072,1=10
ROP1072,1=1
PM1072,1=110
PA1072,1=3.44
SLSTOT1072=3.44
TYP1073=2
DATI1073=20200124210231
STATION_NR1073=6111
SHF1073=4615
ACC_REP_NR1073=1177
OPID1073=7
REF1073=1179110529
SEQ1073=1179110738443
SAFTDATI1073=20200124210231
LCUR1073=10
REPL1073=2
MERCH_ID1073,1=A
MERCH_NAME1073,1=Discovery Filling Station Ltd
MERCH_RECEIPT_SEQ_NR1073,1=611100993623
PMP1073,1=4
PUMP_MODE1073,1=1,1,1
NOZZLE1073,1=3
NDATI1073,1=20200124210113
START_DATE1073,1=20200124205958
PRI1073,1=1.299
BASEPRI1073,1=1.299
QTY1073,1=15.40
QTYUNIT1073,1=2
GAMT1073,1=20.00
AMT1073,1=20.00
UGAMT1073,1=20.00
UAMT1073,1=20.00
PLU1073,1=3
NAM1073,1=FuelSave Dsl
GRP1073,1=59
CRD1073,1=425
EXTREF1073,1=FuelSave Dsl
ART_MERCH_ID1073,1=A
EXC1073,1=20.00
INC1073,1=20.00
NQUA_CHANGEABLE1073,1=1503437.38
PRI1073,2=0.69
UPR1073,2=0.69
QTY1073,2=1.00
QTYUNIT1073,2=1
GAMT1073,2=0.69
AMT1073,2=0.69
UGAMT1073,2=0.69
UAMT1073,2=0.69
PLU1073,2=5000112628883
NAM1073,2=DIET COKE
GRP1073,2=DRINKS
CRD1073,2=3119
ART_MERCH_ID1073,2=A
PRC1073,2=20.00
VAMT1073,2=0.11
EXC1073,2=0.58
INC1073,2=0.69
PRI1073,3=0.65
UPR1073,3=0.65
QTY1073,3=1.00
QTYUNIT1073,3=1
GAMT1073,3=0.65
AMT1073,3=0.65
UGAMT1073,3=0.65
UAMT1073,3=0.65
PLU1073,3=5023274049815
NAM1073,3=MAYNARDS WINE GUMS 5
GRP1073,3=CONFECTIONERY
CRD1073,3=3119
ART_MERCH_ID1073,3=A
PRC1073,3=20.00
VAMT1073,3=0.11
EXC1073,3=0.54
INC1073,3=0.65
MOP1073,1=1
MOP_ADDX1073,1=10
ROP1073,1=1
PM1073,1=110
PA1073,1=21.34
SLSTOT1073=21.34
TYP1074=2
DATI1074=20200124210333
STATION_NR1074=6111
SHF1074=4615
ACC_REP_NR1074=1177
OPID1074=7
REF1074=1179110530
SEQ1074=1179110738444
SAFTDATI1074=20200124210333
LCUR1074=10
PAN1074=557351*******543
MERCH_ID1074,1=A
MERCH_NAME1074,1=Discovery Filling Station Ltd
MERCH_RECEIPT_SEQ_NR1074,1=611100993624
PRI1074,1=14.00
UPR1074,1=14.00
QTY1074,1=1.00
QTYUNIT1074,1=1
GAMT1074,1=14.00
AMT1074,1=14.00
UGAMT1074,1=14.00
UAMT1074,1=14.00
PLU1074,1=2083800000003
NAM1074,1=LOTTERY
GRP1074,1=LOTTERY ONLINE
CRD1074,1=9500
ART_MERCH_ID1074,1=A
EXC1074,1=14.00
INC1074,1=14.00
PRI1074,2=14.00
UPR1074,2=14.00
QTY1074,2=1.00
QTYUNIT1074,2=1
GAMT1074,2=14.00
AMT1074,2=14.00
UGAMT1074,2=14.00
UAMT1074,2=14.00
PLU1074,2=2083800000003
NAM1074,2=LOTTERY
GRP1074,2=LOTTERY ONLINE
CRD1074,2=9500
ART_MERCH_ID1074,2=A
EXC1074,2=14.00
INC1074,2=14.00
PRI1074,3=14.00
UPR1074,3=14.00
QTY1074,3=1.00
QTYUNIT1074,3=1
GAMT1074,3=14.00
AMT1074,3=14.00
UGAMT1074,3=14.00
UAMT1074,3=14.00
PLU1074,3=2083800000003
NAM1074,3=LOTTERY
GRP1074,3=LOTTERY ONLINE
CRD1074,3=9500
ART_MERCH_ID1074,3=A
EXC1074,3=14.00
INC1074,3=14.00
CPPAN1074,1=557351*******543
MOP1074,1=6
MOP_ADDX1074,1=50
MOP_ADDY1074,1=14
ROP1074,1=1
PM1074,1=949
PSUB1074,1=14
PA1074,1=42.00
SLSTOT1074=42.00
TYP1075=2
DATI1075=20200124210418
STATION_NR1075=6111
SHF1075=2729
ACC_REP_NR1075=1177
OPID1075=13
REF1075=1179120403
SEQ1075=1179120275217
SAFTDATI1075=20200124210418
LCUR1075=10
REPL1075=2
MERCH_ID1075,1=A
MERCH_NAME1075,1=Discovery Filling Station Ltd
MERCH_RECEIPT_SEQ_NR1075,1=611100993625
PRI1075,1=0.99
UPR1075,1=0.99
QTY1075,1=1.00
QTYUNIT1075,1=1
GAMT1075,1=0.99
AMT1075,1=0.99
UGAMT1075,1=0.99
UAMT1075,1=0.99
PLU1075,1=5414150410551
NAM1075,1=CARAMELLATTE
GRP1075,1=GROCERY VAT
CRD1075,1=3119
ART_MERCH_ID1075,1=A
PRC1075,1=20.00
VAMT1075,1=0.16
EXC1075,1=0.83
INC1075,1=0.99
PRI1075,2=0.25
UPR1075,2=0.25
QTY1075,2=1.00
QTYUNIT1075,2=1
GAMT1075,2=0.25
AMT1075,2=0.25
UGAMT1075,2=0.25
UAMT1075,2=0.25
PLU1075,2=80799092
NAM1075,2=KINDER PM25
GRP1075,2=CONFECTIONERY
CRD1075,2=3119
ART_MERCH_ID1075,2=A
PRC1075,2=20.00
VAMT1075,2=0.04
EXC1075,2=0.21
INC1075,2=0.25
PRI1075,3=0.25
UPR1075,3=0.25
QTY1075,3=1.00
QTYUNIT1075,3=1
GAMT1075,3=0.25
AMT1075,3=0.25
UGAMT1075,3=0.25
UAMT1075,3=0.25
PLU1075,3=80799092
NAM1075,3=KINDER PM25
GRP1075,3=CONFECTIONERY
CRD1075,3=3119
ART_MERCH_ID1075,3=A
PRC1075,3=20.00
VAMT1075,3=0.04
EXC1075,3=0.21
INC1075,3=0.25
PMP1075,4=1
PUMP_MODE1075,4=1,1,1
NOZZLE1075,4=2
NDATI1075,4=20200124210236
START_DATE1075,4=20200124210210
PRI1075,4=1.299
BASEPRI1075,4=1.299
QTY1075,4=7.71
QTYUNIT1075,4=2
GAMT1075,4=10.02
AMT1075,4=10.02
UGAMT1075,4=10.02
UAMT1075,4=10.02
PLU1075,4=3
NAM1075,4=FuelSave Dsl
GRP1075,4=59
CRD1075,4=425
EXTREF1075,4=FuelSave Dsl
ART_MERCH_ID1075,4=A
EXC1075,4=10.02
INC1075,4=10.02
NQUA_CHANGEABLE1075,4=826247.37
MOP1075,1=1
MOP_ADDX1075,1=10
ROP1075,1=1
PM1075,1=110
PA1075,1=11.51
SLSTOT1075=11.51
TYP1076=2
DATI1076=20200124210435
STATION_NR1076=6111
ACC_REP_NR1076=1177
REF1076=1179510024
SEQ1076=1179510017034
SAFTDATI1076=20200124210435
LCUR1076=10
PAN1076=465935******5600
HOSTTYPE1076=12
HOSTBOOKPER1076=1179
AUTH1076=981065
CAIC1076=044026111
ONLINERC1076=000
STAN1076=058584
REPL1076=2
MERCH_ID1076,1=A
MERCH_NAME1076,1=Discovery Filling Station Ltd
PMP1076,1=5
PUMP_MODE1076,1=1,3,2
NOZZLE1076,1=3
NDATI1076,1=20200124210435
START_DATE1076,1=20200124210356
PRI1076,1=1.529
BASEPRI1076,1=1.529
QTY1076,1=6.54
QTYUNIT1076,1=2
GAMT1076,1=10.00
AMT1076,1=10.00
UGAMT1076,1=10.00
UAMT1076,1=10.00
PLU1076,1=8
NAM1076,1=V Power Dsl
GRP1076,1=59
CRD1076,1=430
EXTREF1076,1=V Power Dsl
ART_MERCH_ID1076,1=A
EXC1076,1=10.00
INC1076,1=10.00
NQUA_CHANGEABLE1076,1=230655.03
CPPAN1076,1=465935******5600
CPREPL1076,1=2
CPHOSTTYPE1076,1=12
CPHOSTBKPER1076,1=1179
CPAUTH1076,1=981065
CPCAIC1076,1=044026111
CPONLINERC1076,1=000
CPSTAN1076,1=058584
MOP1076,1=4
MOP_ADDX1076,1=2
MOP_ADDY1076,1=2
ROP1076,1=1
PM1076,1=701
PSUB1076,1=2
PA1076,1=10.00
TRKMED1076,1=5
SLSTOT1076=10.00
TYP1077=2
DATI1077=20200124210455
STATION_NR1077=6111
SHF1077=4615
ACC_REP_NR1077=1177
OPID1077=7
REF1077=1179110531
SEQ1077=1179110738445
SAFTDATI1077=20200124210455
LCUR1077=10
REPL1077=2
MERCH_ID1077,1=A
MERCH_NAME1077,1=Discovery Filling Station Ltd
MERCH_RECEIPT_SEQ_NR1077,1=611100993626
PMP1077,1=3
PUMP_MODE1077,1=1,1,1
NOZZLE1077,1=1
NDATI1077,1=20200124210358
START_DATE1077,1=20200124210323
PRI1077,1=1.249
BASEPRI1077,1=1.249
QTY1077,1=14.54
QTYUNIT1077,1=2
GAMT1077,1=18.16
AMT1077,1=18.16
UGAMT1077,1=18.16
UAMT1077,1=18.16
PLU1077,1=6
NAM1077,1=FuelSave Unl
GRP1077,1=59
CRD1077,1=325
EXTREF1077,1=FuelSave Unl
ART_MERCH_ID1077,1=A
EXC1077,1=18.16
INC1077,1=18.16
NQUA_CHANGEABLE1077,1=1195090.30
MOP1077,1=1
MOP_ADDX1077,1=10
ROP1077,1=1
PM1077,1=110
PA1077,1=18.16
SLSTOT1077=18.16
TYP1078=2
DATI1078=20200124211204
STATION_NR1078=6111
SHF1078=4615
ACC_REP_NR1078=1177
OPID1078=7
REF1078=1179110532
SEQ1078=1179110738446
SAFTDATI1078=20200124211204
LCUR1078=10
REPL1078=2
MERCH_ID1078,1=A
MERCH_NAME1078,1=Discovery Filling Station Ltd
MERCH_RECEIPT_SEQ_NR1078,1=611100993627
PRI1078,1=8.70
UPR1078,1=8.70
QTY1078,1=1.00
QTYUNIT1078,1=1
GAMT1078,1=8.70
AMT1078,1=8.70
UGAMT1078,1=8.70
UAMT1078,1=8.70
PLU1078,1=5000431026902
NAM1078,1=PLAYERS KS 20S
GRP1078,1=TOBACCO
CRD1078,1=4019
ART_MERCH_ID1078,1=A
PRC1078,1=20.00
VAMT1078,1=1.45
EXC1078,1=7.25
INC1078,1=8.70
MOP1078,1=1
MOP_ADDX1078,1=10
ROP1078,1=1
PM1078,1=110
PA1078,1=8.70
SLSTOT1078=8.70
TYP1079=2
DATI1079=20200124211221
STATION_NR1079=6111
SHF1079=4615
ACC_REP_NR1079=1177
OPID1079=7
REF1079=1179110533
SEQ1079=1179110738447
SAFTDATI1079=20200124211221
LCUR1079=10
REPL1079=2
MERCH_ID1079,1=A
MERCH_NAME1079,1=Discovery Filling Station Ltd
MERCH_RECEIPT_SEQ_NR1079,1=611100993628
PRI1079,1=1.59
UPR1079,1=1.59
QTY1079,1=1.00
QTYUNIT1079,1=1
GAMT1079,1=1.59
AMT1079,1=1.59
UGAMT1079,1=1.59
UAMT1079,1=1.59
PLU1079,1=9002490239565
NAM1079,1=RED BULL
GRP1079,1=DRINKS
CRD1079,1=3119
ART_MERCH_ID1079,1=A
PRC1079,1=20.00
VAMT1079,1=0.26
EXC1079,1=1.33
INC1079,1=1.59
MOP1079,1=1
MOP_ADDX1079,1=10
ROP1079,1=1
PM1079,1=110
PA1079,1=1.59
SLSTOT1079=1.59
TYP1080=2
DATI1080=20200124211514
STATION_NR1080=6111
SHF1080=2729
ACC_REP_NR1080=1177
OPID1080=13
REF1080=1179120404
SEQ1080=1179120275218
SAFTDATI1080=20200124211514
LCUR1080=10
PAN1080=454742*******636
MERCH_ID1080,1=A
MERCH_NAME1080,1=Discovery Filling Station Ltd
MERCH_RECEIPT_SEQ_NR1080,1=611100993629
PRI1080,1=1.09
UPR1080,1=1.09
QTY1080,1=1.00
QTYUNIT1080,1=1
GAMT1080,1=1.09
AMT1080,1=1.09
UGAMT1080,1=1.09
UAMT1080,1=1.09
PLU1080,1=5000112628722
NAM1080,1=COCA COLA
GRP1080,1=DRINKS
CRD1080,1=3119
ART_MERCH_ID1080,1=A
PRC1080,1=20.00
VAMT1080,1=0.18
EXC1080,1=0.91
INC1080,1=1.09
PMP1080,2=3
PUMP_MODE1080,2=1,1,1
NOZZLE1080,2=1
NDATI1080,2=20200124211444
START_DATE1080,2=20200124211408
PRI1080,2=1.249
BASEPRI1080,2=1.249
QTY1080,2=16.06
QTYUNIT1080,2=2
GAMT1080,2=20.06
AMT1080,2=20.06
UGAMT1080,2=20.06
UAMT1080,2=20.06
PLU1080,2=6
NAM1080,2=FuelSave Unl
GRP1080,2=59
CRD1080,2=325
EXTREF1080,2=FuelSave Unl
ART_MERCH_ID1080,2=A
EXC1080,2=20.06
INC1080,2=20.06
NQUA_CHANGEABLE1080,2=1195106.36
CPPAN1080,1=454742*******636
MOP1080,1=6
MOP_ADDX1080,1=50
MOP_ADDY1080,1=12
ROP1080,1=1
PM1080,1=949
PSUB1080,1=12
PA1080,1=21.15
SLSTOT1080=21.15
TYP1081=2
DATI1081=20200124211634
STATION_NR1081=6111
SHF1081=4615
ACC_REP_NR1081=1177
OPID1081=7
REF1081=1179110534
SEQ1081=1179110738448
SAFTDATI1081=20200124211634
LCUR1081=10
REPL1081=2
MOP1081,1=1
MOP_ADDX1081,1=10
ROP1081,1=7
ROP_ADD1081,1=5
PM1081,1=5310
PMIO1081,1=5
PA1081,1=-6.00
TYP1082=2
DATI1082=20200124211643
STATION_NR1082=6111
SHF1082=2729
ACC_REP_NR1082=1177
OPID1082=13
REF1082=1179120405
SEQ1082=1179120275219
SAFTDATI1082=20200124211643
LCUR1082=10
PAN1082=522948*******515
MERCH_ID1082,1=A
MERCH_NAME1082,1=Discovery Filling Station Ltd
MERCH_RECEIPT_SEQ_NR1082,1=611100993630
PMP1082,1=2
PUMP_MODE1082,1=1,1,1
NOZZLE1082,1=1
NDATI1082,1=20200124211532
START_DATE1082,1=20200124211425
PRI1082,1=1.249
BASEPRI1082,1=1.249
QTY1082,1=6.49
QTYUNIT1082,1=2
GAMT1082,1=8.11
AMT1082,1=8.11
UGAMT1082,1=8.11
UAMT1082,1=8.11
PLU1082,1=6
NAM1082,1=FuelSave Unl
GRP1082,1=59
CRD1082,1=325
EXTREF1082,1=FuelSave Unl
ART_MERCH_ID1082,1=A
EXC1082,1=8.11
INC1082,1=8.11
NQUA_CHANGEABLE1082,1=570979.63
CPPAN1082,1=522948*******515
MOP1082,1=6
MOP_ADDX1082,1=50
MOP_ADDY1082,1=15
ROP1082,1=1
PM1082,1=949
PSUB1082,1=15
PA1082,1=8.11
SLSTOT1082=8.11
TYP1083=2
DATI1083=20200124211703
STATION_NR1083=6111
SHF1083=4615
ACC_REP_NR1083=1177
OPID1083=7
REF1083=1179110535
SEQ1083=1179110738449
SAFTDATI1083=20200124211703
LCUR1083=10
REPL1083=2
MERCH_ID1083,1=A
MERCH_NAME1083,1=Discovery Filling Station Ltd
MERCH_RECEIPT_SEQ_NR1083,1=611100993631
PRI1083,1=2.00
UPR1083,1=2.00
QTY1083,1=1.00
QTYUNIT1083,1=1
GAMT1083,1=2.00
AMT1083,1=2.00
UGAMT1083,1=2.00
UAMT1083,1=2.00
PLU1083,1=5031390115161
NAM1083,1=250.000 BLUE
GRP1083,1=LOTTERY SRATCHC
CRD1083,1=9500
ART_MERCH_ID1083,1=A
EXC1083,1=2.00
INC1083,1=2.00
PRI1083,2=2.00
UPR1083,2=2.00
QTY1083,2=1.00
QTYUNIT1083,2=1
GAMT1083,2=2.00
AMT1083,2=2.00
UGAMT1083,2=2.00
UAMT1083,2=2.00
PLU1083,2=5031390115239
NAM1083,2=LUCKY BONUS 2
GRP1083,2=LOTTERY SRATCHC
CRD1083,2=9500
ART_MERCH_ID1083,2=A
EXC1083,2=2.00
INC1083,2=2.00
PRI1083,3=5.00
UPR1083,3=5.00
QTY1083,3=1.00
QTYUNIT1083,3=1
GAMT1083,3=5.00
AMT1083,3=5.00
UGAMT1083,3=5.00
UAMT1083,3=5.00
PLU1083,3=5031390115376
NAM1083,3=20X CASH
GRP1083,3=LOTTERY SRATCHC
CRD1083,3=9500
ART_MERCH_ID1083,3=A
EXC1083,3=5.00
INC1083,3=5.00
MOP1083,1=1
MOP_ADDX1083,1=10
ROP1083,1=1
PM1083,1=110
PA1083,1=9.00
SLSTOT1083=9.00
TYP1084=2
DATI1084=20200124211941
STATION_NR1084=6111
SHF1084=4615
ACC_REP_NR1084=1177
OPID1084=7
REF1084=1179110536
SEQ1084=1179110738450
SAFTDATI1084=20200124211941
LCUR1084=10
REPL1084=2
MERCH_ID1084,1=A
MERCH_NAME1084,1=Discovery Filling Station Ltd
MERCH_RECEIPT_SEQ_NR1084,1=611100993632
PRI1084,1=1.00
UPR1084,1=1.00
QTY1084,1=1.00
QTYUNIT1084,1=1
GAMT1084,1=1.00
AMT1084,1=1.00
UGAMT1084,1=1.00
UAMT1084,1=1.00
PLU1084,1=5000159021692
NAM1084,1=SKITTLES BAG
GRP1084,1=CONFECTIONERY
CRD1084,1=3119
ART_MERCH_ID1084,1=A
PRC1084,1=20.00
VAMT1084,1=0.17
EXC1084,1=0.83
INC1084,1=1.00
PRI1084,2=0.79
UPR1084,2=0.79
QTY1084,2=1.00
QTYUNIT1084,2=1
GAMT1084,2=0.79
AMT1084,2=0.79
UGAMT1084,2=0.79
UAMT1084,2=0.79
PLU1084,2=5020379150071
NAM1084,2=ES WHOLEMILK
GRP1084,2=CHILLED FOOD
CRD1084,2=3400
ART_MERCH_ID1084,2=A
EXC1084,2=0.79
INC1084,2=0.79
MOP1084,1=1
MOP_ADDX1084,1=10
ROP1084,1=1
PM1084,1=110
PA1084,1=1.79
SLSTOT1084=1.79
TYP1085=2
DATI1085=20200124212035
STATION_NR1085=6111
SHF1085=4615
ACC_REP_NR1085=1177
OPID1085=7
REF1085=1179110537
SEQ1085=1179110738451
SAFTDATI1085=20200124212035
LCUR1085=10
REPL1085=2
MERCH_ID1085,1=A
MERCH_NAME1085,1=Discovery Filling Station Ltd
MERCH_RECEIPT_SEQ_NR1085,1=611100993633
PMP1085,1=6
PUMP_MODE1085,1=1,1,1
NOZZLE1085,1=2
NDATI1085,1=20200124211955
START_DATE1085,1=20200124211917
PRI1085,1=1.299
BASEPRI1085,1=1.299
QTY1085,1=5.39
QTYUNIT1085,1=2
GAMT1085,1=7.00
AMT1085,1=7.00
UGAMT1085,1=7.00
UAMT1085,1=7.00
PLU1085,1=3
NAM1085,1=FuelSave Dsl
GRP1085,1=59
CRD1085,1=425
EXTREF1085,1=FuelSave Dsl
ART_MERCH_ID1085,1=A
EXC1085,1=7.00
INC1085,1=7.00
NQUA_CHANGEABLE1085,1=1187109.80
MOP1085,1=1
MOP_ADDX1085,1=10
ROP1085,1=1
PM1085,1=110
PA1085,1=7.00
SLSTOT1085=7.00
TYP1086=2
DATI1086=20200124212148
STATION_NR1086=6111
SHF1086=4615
ACC_REP_NR1086=1177
OPID1086=7
REF1086=1179110538
SEQ1086=1179110738452
SAFTDATI1086=20200124212148
LCUR1086=10
REPL1086=2
MERCH_ID1086,1=A
MERCH_NAME1086,1=Discovery Filling Station Ltd
MERCH_RECEIPT_SEQ_NR1086,1=611100993634
PMP1086,1=1
PUMP_MODE1086,1=1,1,1
NOZZLE1086,1=2
NDATI1086,1=20200124212128
START_DATE1086,1=20200124212042
PRI1086,1=1.299
BASEPRI1086,1=1.299
QTY1086,1=15.40
QTYUNIT1086,1=2
GAMT1086,1=20.00
AMT1086,1=20.00
UGAMT1086,1=20.00
UAMT1086,1=20.00
PLU1086,1=3
NAM1086,1=FuelSave Dsl
GRP1086,1=59
CRD1086,1=425
EXTREF1086,1=FuelSave Dsl
ART_MERCH_ID1086,1=A
EXC1086,1=20.00
INC1086,1=20.00
NQUA_CHANGEABLE1086,1=826262.77
MOP1086,1=1
MOP_ADDX1086,1=10
ROP1086,1=1
PM1086,1=110
PA1086,1=20.00
SLSTOT1086=20.00
TYP1087=2
DATI1087=20200124212627
STATION_NR1087=6111
SHF1087=4615
ACC_REP_NR1087=1177
OPID1087=7
REF1087=1179110539
SEQ1087=1179110738453
SAFTDATI1087=20200124212627
LCUR1087=10
PAN1087=465935*******509
MERCH_ID1087,1=A
MERCH_NAME1087,1=Discovery Filling Station Ltd
MERCH_RECEIPT_SEQ_NR1087,1=611100993635
PMP1087,1=3
PUMP_MODE1087,1=1,1,1
NOZZLE1087,1=3
NDATI1087,1=20200124212600
START_DATE1087,1=20200124212521
PRI1087,1=1.299
BASEPRI1087,1=1.299
QTY1087,1=10.78
QTYUNIT1087,1=2
GAMT1087,1=14.00
AMT1087,1=14.00
UGAMT1087,1=14.00
UAMT1087,1=14.00
PLU1087,1=3
NAM1087,1=FuelSave Dsl
GRP1087,1=59
CRD1087,1=425
EXTREF1087,1=FuelSave Dsl
ART_MERCH_ID1087,1=A
EXC1087,1=14.00
INC1087,1=14.00
NQUA_CHANGEABLE1087,1=1277997.56
CPPAN1087,1=465935*******509
MOP1087,1=6
MOP_ADDX1087,1=50
MOP_ADDY1087,1=12
ROP1087,1=1
PM1087,1=949
PSUB1087,1=12
PA1087,1=14.00
SLSTOT1087=14.00
TYP1088=2
DATI1088=20200124212632
STATION_NR1088=6111
SHF1088=2729
ACC_REP_NR1088=1177
OPID1088=13
REF1088=1179120406
SEQ1088=1179120275220
SAFTDATI1088=20200124212632
LCUR1088=10
PAN1088=475116*******874
MERCH_ID1088,1=A
MERCH_NAME1088,1=Discovery Filling Station Ltd
MERCH_RECEIPT_SEQ_NR1088,1=611100993636
PMP1088,1=5
PUMP_MODE1088,1=1,1,1
NOZZLE1088,1=2
NDATI1088,1=20200124212556
START_DATE1088,1=20200124212427
PRI1088,1=1.299
BASEPRI1088,1=1.299
QTY1088,1=30.79
QTYUNIT1088,1=2
GAMT1088,1=40.00
AMT1088,1=40.00
UGAMT1088,1=40.00
UAMT1088,1=40.00
PLU1088,1=3
NAM1088,1=FuelSave Dsl
GRP1088,1=59
CRD1088,1=425
EXTREF1088,1=FuelSave Dsl
ART_MERCH_ID1088,1=A
EXC1088,1=40.00
INC1088,1=40.00
NQUA_CHANGEABLE1088,1=1115572.14
CPPAN1088,1=475116*******874
MOP1088,1=6
MOP_ADDX1088,1=50
MOP_ADDY1088,1=12
ROP1088,1=1
PM1088,1=949
PSUB1088,1=12
PA1088,1=40.00
SLSTOT1088=40.00
TYP1089=2
DATI1089=20200124212753
STATION_NR1089=6111
SHF1089=4615
ACC_REP_NR1089=1177
OPID1089=7
REF1089=1179110540
SEQ1089=1179110738454
SAFTDATI1089=20200124212753
LCUR1089=10
REPL1089=2
MERCH_ID1089,1=A
MERCH_NAME1089,1=Discovery Filling Station Ltd
MERCH_RECEIPT_SEQ_NR1089,1=611100993637
PMP1089,1=1
PUMP_MODE1089,1=1,1,1
NOZZLE1089,1=1
NDATI1089,1=20200124212737
START_DATE1089,1=20200124212643
PRI1089,1=1.249
BASEPRI1089,1=1.249
QTY1089,1=16.01
QTYUNIT1089,1=2
GAMT1089,1=20.00
AMT1089,1=20.00
UGAMT1089,1=20.00
UAMT1089,1=20.00
PLU1089,1=6
NAM1089,1=FuelSave Unl
GRP1089,1=59
CRD1089,1=325
EXTREF1089,1=FuelSave Unl
ART_MERCH_ID1089,1=A
EXC1089,1=20.00
INC1089,1=20.00
NQUA_CHANGEABLE1089,1=662682.90
PRI1089,2=1.00
UPR1089,2=1.00
QTY1089,2=1.00
QTYUNIT1089,2=1
GAMT1089,2=1.00
AMT1089,2=1.00
UGAMT1089,2=1.00
UAMT1089,2=1.00
PLU1089,2=5016860000475
NAM1089,2=DEL ICED LAT
GRP1089,2=CHILLED FOOD
CRD1089,2=3400
ART_MERCH_ID1089,2=A
EXC1089,2=1.00
INC1089,2=1.00
PRI1089,3=1.00
UPR1089,3=1.00
QTY1089,3=1.00
QTYUNIT1089,3=1
GAMT1089,3=1.00
AMT1089,3=1.00
UGAMT1089,3=1.00
UAMT1089,3=1.00
PLU1089,3=5016860959483
NAM1089,3=STRWBRY MILK
GRP1089,3=CHILLED FOOD
CRD1089,3=3400
ART_MERCH_ID1089,3=A
EXC1089,3=1.00
INC1089,3=1.00
MOP1089,1=1
MOP_ADDX1089,1=10
ROP1089,1=1
PM1089,1=110
PA1089,1=22.00
SLSTOT1089=22.00
TYP1090=2
DATI1090=20200124212834
STATION_NR1090=6111
SHF1090=2729
ACC_REP_NR1090=1177
OPID1090=13
REF1090=1179120407
SEQ1090=1179120275221
SAFTDATI1090=20200124212834
LCUR1090=10
REPL1090=2
MERCH_ID1090,1=A
MERCH_NAME1090,1=Discovery Filling Station Ltd
MERCH_RECEIPT_SEQ_NR1090,1=611100993638
PRI1090,1=1.92
UPR1090,1=1.92
QTY1090,1=1.00
QTYUNIT1090,1=1
GAMT1090,1=1.92
AMT1090,1=1.92
UGAMT1090,1=1.92
UAMT1090,1=1.92
PLU1090,1=492142
NAM1090,1=TIKKA PIE
GRP1090,1=HOT FOOD
CRD1090,1=3119
ART_MERCH_ID1090,1=A
PRC1090,1=20.00
VAMT1090,1=0.32
EXC1090,1=1.60
INC1090,1=1.92
MOP1090,1=1
MOP_ADDX1090,1=10
ROP1090,1=1
PM1090,1=110
PA1090,1=1.92
SLSTOT1090=1.92
TYP1091=2
DATI1091=20200124212935
STATION_NR1091=6111
SHF1091=4615
ACC_REP_NR1091=1177
OPID1091=7
REF1091=1179110541
SEQ1091=1179110738455
SAFTDATI1091=20200124212935
LCUR1091=10
REPL1091=2
MERCH_ID1091,1=A
MERCH_NAME1091,1=Discovery Filling Station Ltd
MERCH_RECEIPT_SEQ_NR1091,1=611100993639
PMP1091,1=5
PUMP_MODE1091,1=1,1,1
NOZZLE1091,1=1
NDATI1091,1=20200124212905
START_DATE1091,1=20200124212818
PRI1091,1=1.249
BASEPRI1091,1=1.249
QTY1091,1=16.01
QTYUNIT1091,1=2
GAMT1091,1=20.00
AMT1091,1=20.00
UGAMT1091,1=20.00
UAMT1091,1=20.00
PLU1091,1=6
NAM1091,1=FuelSave Unl
GRP1091,1=59
CRD1091,1=325
EXTREF1091,1=FuelSave Unl
ART_MERCH_ID1091,1=A
EXC1091,1=20.00
INC1091,1=20.00
NQUA_CHANGEABLE1091,1=1062845.13
MOP1091,1=1
MOP_ADDX1091,1=10
ROP1091,1=1
PM1091,1=110
PA1091,1=20.00
SLSTOT1091=20.00
TYP1092=2
DATI1092=20200124213025
STATION_NR1092=6111
SHF1092=4615
ACC_REP_NR1092=1177
OPID1092=7
REF1092=1179110542
SEQ1092=1179110738456
SAFTDATI1092=20200124213025
LCUR1092=10
REPL1092=2
MERCH_ID1092,1=A
MERCH_NAME1092,1=Discovery Filling Station Ltd
MERCH_RECEIPT_SEQ_NR1092,1=611100993640
PMP1092,1=4
PUMP_MODE1092,1=1,1,1
NOZZLE1092,1=2
NDATI1092,1=20200124212958
START_DATE1092,1=20200124212915
PRI1092,1=1.529
BASEPRI1092,1=1.529
QTY1092,1=9.81
QTYUNIT1092,1=2
GAMT1092,1=15.00
AMT1092,1=15.00
UGAMT1092,1=15.00
UAMT1092,1=15.00
PLU1092,1=8
NAM1092,1=V Power Dsl
GRP1092,1=59
CRD1092,1=430
EXTREF1092,1=V Power Dsl
ART_MERCH_ID1092,1=A
EXC1092,1=15.00
INC1092,1=15.00
NQUA_CHANGEABLE1092,1=115225.35
MOP1092,1=1
MOP_ADDX1092,1=10
ROP1092,1=1
PM1092,1=110
PA1092,1=15.00
SLSTOT1092=15.00
TYP1093=2
DATI1093=20200124213136
STATION_NR1093=6111
SHF1093=4615
ACC_REP_NR1093=1177
OPID1093=7
REF1093=1179110543
SEQ1093=1179110738457
SAFTDATI1093=20200124213136
LCUR1093=10
REPL1093=2
MERCH_ID1093,1=A
MERCH_NAME1093,1=Discovery Filling Station Ltd
MERCH_RECEIPT_SEQ_NR1093,1=611100993641
PRI1093,1=9.45
UPR1093,1=9.45
QTY1093,1=1.00
QTYUNIT1093,1=1
GAMT1093,1=9.45
AMT1093,1=9.45
UGAMT1093,1=9.45
UAMT1093,1=9.45
PLU1093,1=5000431028081
NAM1093,1=JPS KS 20 REAL BLUE
GRP1093,1=TOBACCO
CRD1093,1=4019
ART_MERCH_ID1093,1=A
PRC1093,1=20.00
VAMT1093,1=1.57
EXC1093,1=7.88
INC1093,1=9.45
MOP1093,1=1
MOP_ADDX1093,1=10
ROP1093,1=1
PM1093,1=110
PA1093,1=9.45
SLSTOT1093=9.45
TYP1094=2
DATI1094=20200124213228
STATION_NR1094=6111
SHF1094=2729
ACC_REP_NR1094=1177
OPID1094=13
REF1094=1179120408
SEQ1094=1179120275222
SAFTDATI1094=20200124213228
LCUR1094=10
PAN1094=557098*******541
MERCH_ID1094,1=A
MERCH_NAME1094,1=Discovery Filling Station Ltd
MERCH_RECEIPT_SEQ_NR1094,1=611100993642
PMP1094,1=3
PUMP_MODE1094,1=1,1,1
NOZZLE1094,1=3
NDATI1094,1=20200124213205
START_DATE1094,1=20200124213130
PRI1094,1=1.299
BASEPRI1094,1=1.299
QTY1094,1=7.70
QTYUNIT1094,1=2
GAMT1094,1=10.00
AMT1094,1=10.00
UGAMT1094,1=10.00
UAMT1094,1=10.00
PLU1094,1=3
NAM1094,1=FuelSave Dsl
GRP1094,1=59
CRD1094,1=425
EXTREF1094,1=FuelSave Dsl
ART_MERCH_ID1094,1=A
EXC1094,1=10.00
INC1094,1=10.00
NQUA_CHANGEABLE1094,1=1278005.26
CPPAN1094,1=557098*******541
MOP1094,1=6
MOP_ADDX1094,1=50
MOP_ADDY1094,1=15
ROP1094,1=1
PM1094,1=949
PSUB1094,1=15
PA1094,1=10.00
SLSTOT1094=10.00
TYP1095=2
DATI1095=20200124213543
STATION_NR1095=6111
SHF1095=4615
ACC_REP_NR1095=1177
OPID1095=7
REF1095=1179110544
SEQ1095=1179110738458
SAFTDATI1095=20200124213543
LCUR1095=10
REPL1095=2
MERCH_ID1095,1=A
MERCH_NAME1095,1=Discovery Filling Station Ltd
MERCH_RECEIPT_SEQ_NR1095,1=611100993643
PRI1095,1=0.65
UPR1095,1=0.65
QTY1095,1=1.00
QTYUNIT1095,1=1
GAMT1095,1=0.65
AMT1095,1=0.65
UGAMT1095,1=0.65
UAMT1095,1=0.65
PLU1095,1=42247340
NAM1095,1=WRIG EXTREA WHITE B/
GRP1095,1=CONFECTIONERY
CRD1095,1=3119
ART_MERCH_ID1095,1=A
PRC1095,1=20.00
VAMT1095,1=0.11
EXC1095,1=0.54
INC1095,1=0.65
MOP1095,1=1
MOP_ADDX1095,1=10
ROP1095,1=1
PM1095,1=110
PA1095,1=0.65
SLSTOT1095=0.65
TYP1096=21
SPEC_TYPE1096=13
DATI1096=20200124213850
STATION_NR1096=6111
SHF1096=2729
OPID1096=13
SPEC_ADDD1096=Open cash drawer
TYP1097=2
DATI1097=20200124213914
STATION_NR1097=6111
SHF1097=2729
ACC_REP_NR1097=1177
OPID1097=13
REF1097=1179120409
SEQ1097=1179120275223
SAFTDATI1097=20200124213914
LCUR1097=10
REPL1097=2
MERCH_ID1097,1=A
MERCH_NAME1097,1=Discovery Filling Station Ltd
MERCH_RECEIPT_SEQ_NR1097,1=611100993644
PMP1097,1=2
PUMP_MODE1097,1=1,1,1
NOZZLE1097,1=2
NDATI1097,1=20200124213838
START_DATE1097,1=20200124213808
PRI1097,1=1.299
BASEPRI1097,1=1.299
QTY1097,1=7.70
QTYUNIT1097,1=2
GAMT1097,1=10.00
AMT1097,1=10.00
UGAMT1097,1=10.00
UAMT1097,1=10.00
PLU1097,1=3
NAM1097,1=FuelSave Dsl
GRP1097,1=59
CRD1097,1=425
EXTREF1097,1=FuelSave Dsl
ART_MERCH_ID1097,1=A
EXC1097,1=10.00
INC1097,1=10.00
NQUA_CHANGEABLE1097,1=1555699.66
MOP1097,1=1
MOP_ADDX1097,1=10
ROP1097,1=1
PM1097,1=110
PA1097,1=10.00
SLSTOT1097=10.00
TYP1098=2
DATI1098=20200124214018
STATION_NR1098=6111
SHF1098=2729
ACC_REP_NR1098=1177
OPID1098=13
REF1098=1179120410
SEQ1098=1179120275224
SAFTDATI1098=20200124214018
LCUR1098=10
REPL1098=2
MERCH_ID1098,1=A
MERCH_NAME1098,1=Discovery Filling Station Ltd
MERCH_RECEIPT_SEQ_NR1098,1=611100993645
PMP1098,1=5
PUMP_MODE1098,1=1,1,1
NOZZLE1098,1=1
NDATI1098,1=20200124213935
START_DATE1098,1=20200124213848
PRI1098,1=1.249
BASEPRI1098,1=1.249
QTY1098,1=16.01
QTYUNIT1098,1=2
GAMT1098,1=20.00
AMT1098,1=20.00
UGAMT1098,1=20.00
UAMT1098,1=20.00
PLU1098,1=6
NAM1098,1=FuelSave Unl
GRP1098,1=59
CRD1098,1=325
EXTREF1098,1=FuelSave Unl
ART_MERCH_ID1098,1=A
EXC1098,1=20.00
INC1098,1=20.00
NQUA_CHANGEABLE1098,1=1062861.14
MOP1098,1=1
MOP_ADDX1098,1=10
ROP1098,1=1
PM1098,1=110
PA1098,1=20.00
SLSTOT1098=20.00
TYP1099=2
DATI1099=20200124214236
STATION_NR1099=6111
SHF1099=2729
ACC_REP_NR1099=1177
OPID1099=13
REF1099=1179120411
SEQ1099=1179120275225
SAFTDATI1099=20200124214236
LCUR1099=10
REPL1099=2
MERCH_ID1099,1=A
MERCH_NAME1099,1=Discovery Filling Station Ltd
MERCH_RECEIPT_SEQ_NR1099,1=611100993646
PMP1099,1=3
PUMP_MODE1099,1=1,1,1
NOZZLE1099,1=1
NDATI1099,1=20200124214125
START_DATE1099,1=20200124214104
PRI1099,1=1.249
BASEPRI1099,1=1.249
QTY1099,1=8.01
QTYUNIT1099,1=2
GAMT1099,1=10.00
AMT1099,1=10.00
UGAMT1099,1=10.00
UAMT1099,1=10.00
PLU1099,1=6
NAM1099,1=FuelSave Unl
GRP1099,1=59
CRD1099,1=325
EXTREF1099,1=FuelSave Unl
ART_MERCH_ID1099,1=A
EXC1099,1=10.00
INC1099,1=10.00
NQUA_CHANGEABLE1099,1=1195114.37
PRI1099,2=1.52
UPR1099,2=1.52
QTY1099,2=1.00
QTYUNIT1099,2=1
GAMT1099,2=1.52
AMT1099,2=1.52
UGAMT1099,2=1.52
UAMT1099,2=1.52
PLU1099,2=5054267000216
NAM1099,2=LUCOZADE ORANGE 500M
GRP1099,2=DRINKS
CRD1099,2=3119
ART_MERCH_ID1099,2=A
PRC1099,2=20.00
VAMT1099,2=0.25
EXC1099,2=1.27
INC1099,2=1.52
PRI1099,3=1.05
UPR1099,3=1.05
QTY1099,3=1.00
QTYUNIT1099,3=1
GAMT1099,3=1.05
AMT1099,3=1.05
UGAMT1099,3=1.05
UAMT1099,3=1.05
PLU1099,3=3057640373183
NAM1099,3=VOLVIC TOUCH OF LEMO
GRP1099,3=DRINKS
CRD1099,3=3119
ART_MERCH_ID1099,3=A
PRC1099,3=20.00
VAMT1099,3=0.17
EXC1099,3=0.88
INC1099,3=1.05
PRI1099,4=0.79
UPR1099,4=0.79
QTY1099,4=1.00
QTYUNIT1099,4=1
GAMT1099,4=0.79
AMT1099,4=0.79
UGAMT1099,4=0.79
UAMT1099,4=0.79
PLU1099,4=5000112630633
NAM1099,4=COCA COLA
GRP1099,4=DRINKS
CRD1099,4=3119
ART_MERCH_ID1099,4=A
PRC1099,4=20.00
VAMT1099,4=0.13
EXC1099,4=0.66
INC1099,4=0.79
PRI1099,5=1.00
UPR1099,5=1.00
QTY1099,5=1.00
QTYUNIT1099,5=1
GAMT1099,5=1.00
AMT1099,5=1.00
UGAMT1099,5=1.00
UAMT1099,5=1.00
PLU1099,5=5000168199795
NAM1099,5=MINI CHEDDAR
GRP1099,5=CRISPS
CRD1099,5=3219
ART_MERCH_ID1099,5=A
EXC1099,5=1.00
INC1099,5=1.00
PRI1099,6=1.00
UPR1099,6=1.00
QTY1099,6=1.00
QTYUNIT1099,6=1
GAMT1099,6=1.00
AMT1099,6=1.00
UGAMT1099,6=1.00
UAMT1099,6=1.00
PLU1099,6=5000168199795
NAM1099,6=MINI CHEDDAR
GRP1099,6=CRISPS
CRD1099,6=3219
ART_MERCH_ID1099,6=A
EXC1099,6=1.00
INC1099,6=1.00
MOP1099,1=1
MOP_ADDX1099,1=10
ROP1099,1=1
PM1099,1=110
PA1099,1=20.00
MOP1099,2=1
MOP_ADDX1099,2=10
ROP1099,2=2
PM1099,2=5110
PA1099,2=-4.64
SLSTOT1099=15.36
TYP1100=2
DATI1100=20200124214447
STATION_NR1100=6111
SHF1100=2729
ACC_REP_NR1100=1177
OPID1100=13
REF1100=1179120412
SEQ1100=1179120275226
SAFTDATI1100=20200124214447
LCUR1100=10
PAN1100=446292*******074
MERCH_ID1100,1=A
MERCH_NAME1100,1=Discovery Filling Station Ltd
MERCH_RECEIPT_SEQ_NR1100,1=611100993647
PRI1100,1=0.75
UPR1100,1=0.75
QTY1100,1=1.00
QTYUNIT1100,1=1
GAMT1100,1=0.75
AMT1100,1=0.75
UGAMT1100,1=0.75
UAMT1100,1=0.75
PLU1100,1=5017600020418
NAM1100,1=WISEMANS 568ML
GRP1100,1=CHILLED FOOD
CRD1100,1=3400
ART_MERCH_ID1100,1=A
EXC1100,1=0.75
INC1100,1=0.75
PRI1100,2=1.00
UPR1100,2=1.00
QTY1100,2=1.00
QTYUNIT1100,2=1
GAMT1100,2=1.00
AMT1100,2=1.00
UGAMT1100,2=1.00
UAMT1100,2=1.00
PLU1100,2=5000237130933
NAM1100,2=MC FLM GRILL
GRP1100,2=CRISPS
CRD1100,2=3219
ART_MERCH_ID1100,2=A
PRC1100,2=20.00
VAMT1100,2=0.17
EXC1100,2=0.83
INC1100,2=1.00
PRI1100,3=1.00
UPR1100,3=1.00
QTY1100,3=1.00
QTYUNIT1100,3=1
GAMT1100,3=1.00
AMT1100,3=1.00
UGAMT1100,3=1.00
UAMT1100,3=1.00
PLU1100,3=5000159513159
NAM1100,3=SNICKER SNAC
GRP1100,3=CONFECTIONERY
CRD1100,3=3119
ART_MERCH_ID1100,3=A
PRC1100,3=20.00
VAMT1100,3=0.17
EXC1100,3=0.83
INC1100,3=1.00
PRI1100,4=1.65
UPR1100,4=1.65
QTY1100,4=1.00
QTYUNIT1100,4=1
GAMT1100,4=1.65
AMT1100,4=1.65
UGAMT1100,4=1.65
UAMT1100,4=1.65
PLU1100,4=5000168208855
NAM1100,4=MCV CMEL DIG
GRP1100,4=GROCERY VAT
CRD1100,4=3119
ART_MERCH_ID1100,4=A
PRC1100,4=20.00
VAMT1100,4=0.27
EXC1100,4=1.38
INC1100,4=1.65
PRI1100,5=0.75
UPR1100,5=0.75
QTY1100,5=1.00
QTYUNIT1100,5=1
GAMT1100,5=0.75
AMT1100,5=0.75
UGAMT1100,5=0.75
UAMT1100,5=0.75
PLU1100,5=5900951020940
NAM1100,5=MILKY WAY DUO
GRP1100,5=CONFECTIONERY
CRD1100,5=3119
ART_MERCH_ID1100,5=A
PRC1100,5=20.00
VAMT1100,5=0.12
EXC1100,5=0.63
INC1100,5=0.75
PRI1100,6=0.05
UPR1100,6=0.05
QTY1100,6=1.00
QTYUNIT1100,6=1
GAMT1100,6=0.05
AMT1100,6=0.05
UGAMT1100,6=0.05
UAMT1100,6=0.05
PLU1100,6=5011929933732
NAM1100,6=PREMIER LVT
GRP1100,6=GENERAL GOODS V
CRD1100,6=3319
ART_MERCH_ID1100,6=A
PRC1100,6=20.00
VAMT1100,6=0.01
EXC1100,6=0.04
INC1100,6=0.05
CPPAN1100,1=446292*******074
MOP1100,1=6
MOP_ADDX1100,1=50
MOP_ADDY1100,1=12
ROP1100,1=1
PM1100,1=949
PSUB1100,1=12
PA1100,1=5.20
SLSTOT1100=5.20
TYP1101=2
DATI1101=20200124214646
STATION_NR1101=6111
ACC_REP_NR1101=1177
REF1101=1179510025
SEQ1101=1179510017035
SAFTDATI1101=20200124214646
LCUR1101=10
PAN1101=535522******1887
HOSTTYPE1101=12
HOSTBOOKPER1101=1179
AUTH1101=AGLFCX
CAIC1101=044026111
ONLINERC1101=000
STAN1101=058586
REPL1101=2
MERCH_ID1101,1=A
MERCH_NAME1101,1=Discovery Filling Station Ltd
PMP1101,1=5
PUMP_MODE1101,1=1,3,2
NOZZLE1101,1=1
NDATI1101,1=20200124214646
START_DATE1101,1=20200124214611
PRI1101,1=1.249
BASEPRI1101,1=1.249
QTY1101,1=8.00
QTYUNIT1101,1=2
GAMT1101,1=10.00
AMT1101,1=10.00
UGAMT1101,1=10.00
UAMT1101,1=10.00
PLU1101,1=6
NAM1101,1=FuelSave Unl
GRP1101,1=59
CRD1101,1=325
EXTREF1101,1=FuelSave Unl
ART_MERCH_ID1101,1=A
EXC1101,1=10.00
INC1101,1=10.00
NQUA_CHANGEABLE1101,1=1062869.14
CPPAN1101,1=535522******1887
CPREPL1101,1=2
CPHOSTTYPE1101,1=12
CPHOSTBKPER1101,1=1179
CPAUTH1101,1=AGLFCX
CPCAIC1101,1=044026111
CPONLINERC1101,1=000
CPSTAN1101,1=058586
MOP1101,1=4
MOP_ADDX1101,1=4
MOP_ADDY1101,1=2
ROP1101,1=1
PM1101,1=703
PSUB1101,1=2
PA1101,1=10.00
TRKMED1101,1=5
SLSTOT1101=10.00
TYP1102=2
DATI1102=20200124215208
STATION_NR1102=6111
SHF1102=2729
ACC_REP_NR1102=1177
OPID1102=13
REF1102=1179120413
SEQ1102=1179120275227
SAFTDATI1102=20200124215208
LCUR1102=10
REPL1102=2
MERCH_ID1102,1=A
MERCH_NAME1102,1=Discovery Filling Station Ltd
MERCH_RECEIPT_SEQ_NR1102,1=611100993648
PMP1102,1=6
PUMP_MODE1102,1=1,1,1
NOZZLE1102,1=1
NDATI1102,1=20200124215139
START_DATE1102,1=20200124215106
PRI1102,1=1.249
BASEPRI1102,1=1.249
QTY1102,1=8.00
QTYUNIT1102,1=2
GAMT1102,1=9.99
AMT1102,1=9.99
UGAMT1102,1=9.99
UAMT1102,1=9.99
PLU1102,1=6
NAM1102,1=FuelSave Unl
GRP1102,1=59
CRD1102,1=325
EXTREF1102,1=FuelSave Unl
ART_MERCH_ID1102,1=A
EXC1102,1=9.99
INC1102,1=9.99
NQUA_CHANGEABLE1102,1=369846.57
MOP1102,1=1
MOP_ADDX1102,1=10
ROP1102,1=1
PM1102,1=110
PA1102,1=9.99
SLSTOT1102=9.99
TYP1103=2
DATI1103=20200124215904
STATION_NR1103=6111
SHF1103=2729
ACC_REP_NR1103=1177
OPID1103=13
REF1103=1179120414
SEQ1103=1179120275228
SAFTDATI1103=20200124215904
LCUR1103=10
REPL1103=2
MERCH_ID1103,1=A
MERCH_NAME1103,1=Discovery Filling Station Ltd
MERCH_RECEIPT_SEQ_NR1103,1=611100993649
PRI1103,1=0.79
UPR1103,1=0.79
QTY1103,1=1.00
QTYUNIT1103,1=1
GAMT1103,1=0.79
AMT1103,1=0.79
UGAMT1103,1=0.79
UAMT1103,1=0.79
PLU1103,1=5020379150095
NAM1103,1=ES SS MILK
GRP1103,1=CHILLED FOOD
CRD1103,1=3400
ART_MERCH_ID1103,1=A
EXC1103,1=0.79
INC1103,1=0.79
MOP1103,1=1
MOP_ADDX1103,1=10
ROP1103,1=1
PM1103,1=110
PA1103,1=0.79
SLSTOT1103=0.79
TYP1104=2
DATI1104=20200124215918
STATION_NR1104=6111
ACC_REP_NR1104=1177
REF1104=1179510026
SEQ1104=1179510017036
SAFTDATI1104=20200124215918
LCUR1104=10
PAN1104=475118******9406
HOSTTYPE1104=12
HOSTBOOKPER1104=1179
AUTH1104=683765
CAIC1104=044026111
ONLINERC1104=000
STAN1104=058588
REPL1104=2
MERCH_ID1104,1=A
MERCH_NAME1104,1=Discovery Filling Station Ltd
PMP1104,1=5
PUMP_MODE1104,1=1,3,2
NOZZLE1104,1=2
NDATI1104,1=20200124215918
START_DATE1104,1=20200124215609
PRI1104,1=1.299
BASEPRI1104,1=1.299
QTY1104,1=69.06
QTYUNIT1104,1=2
GAMT1104,1=89.71
AMT1104,1=89.71
UGAMT1104,1=89.71
UAMT1104,1=89.71
PLU1104,1=3
NAM1104,1=FuelSave Dsl
GRP1104,1=59
CRD1104,1=425
EXTREF1104,1=FuelSave Dsl
ART_MERCH_ID1104,1=A
EXC1104,1=89.71
INC1104,1=89.71
NQUA_CHANGEABLE1104,1=1115641.20
CPPAN1104,1=475118******9406
CPREPL1104,1=2
CPHOSTTYPE1104,1=12
CPHOSTBKPER1104,1=1179
CPAUTH1104,1=683765
CPCAIC1104,1=044026111
CPONLINERC1104,1=000
CPSTAN1104,1=058588
MOP1104,1=4
MOP_ADDX1104,1=2
MOP_ADDY1104,1=2
ROP1104,1=1
PM1104,1=701
PSUB1104,1=2
PA1104,1=89.71
TRKMED1104,1=5
SLSTOT1104=89.71
TYP1105=2
DATI1105=20200124215934
STATION_NR1105=6111
SHF1105=2729
ACC_REP_NR1105=1177
OPID1105=13
REF1105=1179120415
SEQ1105=1179120275229
SAFTDATI1105=20200124215934
LCUR1105=10
REPL1105=2
MERCH_ID1105,1=A
MERCH_NAME1105,1=Discovery Filling Station Ltd
MERCH_RECEIPT_SEQ_NR1105,1=611100993650
PRI1105,1=0.05
UPR1105,1=0.05
QTY1105,1=1.00
QTYUNIT1105,1=1
GAMT1105,1=0.05
AMT1105,1=0.05
UGAMT1105,1=0.05
UAMT1105,1=0.05
PLU1105,1=5011929933732
NAM1105,1=PREMIER LVT
GRP1105,1=GENERAL GOODS V
CRD1105,1=3319
ART_MERCH_ID1105,1=A
PRC1105,1=20.00
VAMT1105,1=0.01
EXC1105,1=0.04
INC1105,1=0.05
MOP1105,1=1
MOP_ADDX1105,1=10
ROP1105,1=1
PM1105,1=110
PA1105,1=0.05
SLSTOT1105=0.05
TYP1106=2
DATI1106=20200124220104
STATION_NR1106=6111
SHF1106=2729
ACC_REP_NR1106=1177
OPID1106=13
REF1106=1179120416
SEQ1106=1179120275230
SAFTDATI1106=20200124220104
LCUR1106=10
REPL1106=2
MERCH_ID1106,1=A
MERCH_NAME1106,1=Discovery Filling Station Ltd
MERCH_RECEIPT_SEQ_NR1106,1=611100993651
PMP1106,1=3
PUMP_MODE1106,1=1,1,1
NOZZLE1106,1=3
NDATI1106,1=20200124220011
START_DATE1106,1=20200124215925
PRI1106,1=1.299
BASEPRI1106,1=1.299
QTY1106,1=15.41
QTYUNIT1106,1=2
GAMT1106,1=20.02
AMT1106,1=20.02
UGAMT1106,1=20.02
UAMT1106,1=20.02
PLU1106,1=3
NAM1106,1=FuelSave Dsl
GRP1106,1=59
CRD1106,1=425
EXTREF1106,1=FuelSave Dsl
ART_MERCH_ID1106,1=A
EXC1106,1=20.02
INC1106,1=20.02
NQUA_CHANGEABLE1106,1=1278020.67
MOP1106,1=1
MOP_ADDX1106,1=10
ROP1106,1=1
PM1106,1=110
PA1106,1=20.02
SLSTOT1106=20.02
TYP1107=2
DATI1107=20200124220408
STATION_NR1107=6111
SHF1107=4615
ACC_REP_NR1107=1177
OPID1107=7
REF1107=1179110545
SEQ1107=1179110738459
SAFTDATI1107=20200124220408
LCUR1107=10
REPL1107=2
MERCH_ID1107,1=A
MERCH_NAME1107,1=Discovery Filling Station Ltd
MERCH_RECEIPT_SEQ_NR1107,1=611100993652
PRI1107,1=14.10
UPR1107,1=14.10
QTY1107,1=1.00
QTYUNIT1107,1=1
GAMT1107,1=14.10
AMT1107,1=14.10
UGAMT1107,1=14.10
UAMT1107,1=14.10
PLU1107,1=5000143958621
NAM1107,1=A/LEAF 30G
GRP1107,1=TOBACCO
CRD1107,1=4019
ART_MERCH_ID1107,1=A
PRC1107,1=20.00
VAMT1107,1=2.35
EXC1107,1=11.75
INC1107,1=14.10
MOP1107,1=1
MOP_ADDX1107,1=10
ROP1107,1=1
PM1107,1=110
PA1107,1=14.10
SLSTOT1107=14.10
TYP1108=2
DATI1108=20200124220643
STATION_NR1108=6111
SHF1108=2729
ACC_REP_NR1108=1177
OPID1108=13
REF1108=1179120417
SEQ1108=1179120275231
SAFTDATI1108=20200124220643
LCUR1108=10
REPL1108=2
MERCH_ID1108,1=A
MERCH_NAME1108,1=Discovery Filling Station Ltd
MERCH_RECEIPT_SEQ_NR1108,1=611100993653
PMP1108,1=3
PUMP_MODE1108,1=1,1,1
NOZZLE1108,1=3
NDATI1108,1=20200124220550
START_DATE1108,1=20200124220515
PRI1108,1=1.299
BASEPRI1108,1=1.299
QTY1108,1=6.16
QTYUNIT1108,1=2
GAMT1108,1=8.00
AMT1108,1=8.00
UGAMT1108,1=8.00
UAMT1108,1=8.00
PLU1108,1=3
NAM1108,1=FuelSave Dsl
GRP1108,1=59
CRD1108,1=425
EXTREF1108,1=FuelSave Dsl
ART_MERCH_ID1108,1=A
EXC1108,1=8.00
INC1108,1=8.00
NQUA_CHANGEABLE1108,1=1278026.83
MOP1108,1=1
MOP_ADDX1108,1=10
ROP1108,1=1
PM1108,1=110
PA1108,1=20.00
MOP1108,2=1
MOP_ADDX1108,2=10
ROP1108,2=2
PM1108,2=5110
PA1108,2=-12.00
SLSTOT1108=8.00
TYP1109=21
SPEC_TYPE1109=13
DATI1109=20200124220729
STATION_NR1109=6111
SHF1109=4615
OPID1109=7
SPEC_ADDD1109=Open cash drawer
TYP1110=2
DATI1110=20200124220813
STATION_NR1110=6111
SHF1110=4615
ACC_REP_NR1110=1177
OPID1110=7
REF1110=1179110546
SEQ1110=1179110738460
SAFTDATI1110=20200124220813
LCUR1110=10
REPL1110=2
MOP1110,1=1
MOP_ADDX1110,1=10
ROP1110,1=5
PM1110,1=2510
PA1110,1=-1100.00
TYP1111=2
DATI1111=20200124221012
STATION_NR1111=6111
SHF1111=2729
ACC_REP_NR1111=1177
OPID1111=13
REF1111=1179120418
SEQ1111=1179120275232
SAFTDATI1111=20200124221012
LCUR1111=10
PAN1111=489396*******040
MERCH_ID1111,1=A
MERCH_NAME1111,1=Discovery Filling Station Ltd
MERCH_RECEIPT_SEQ_NR1111,1=611100993654
PMP1111,1=5
PUMP_MODE1111,1=1,1,1
NOZZLE1111,1=1
NDATI1111,1=20200124220917
START_DATE1111,1=20200124220749
PRI1111,1=1.249
BASEPRI1111,1=1.249
QTY1111,1=32.39
QTYUNIT1111,1=2
GAMT1111,1=40.46
AMT1111,1=40.46
UGAMT1111,1=40.46
UAMT1111,1=40.46
PLU1111,1=6
NAM1111,1=FuelSave Unl
GRP1111,1=59
CRD1111,1=325
EXTREF1111,1=FuelSave Unl
ART_MERCH_ID1111,1=A
EXC1111,1=40.46
INC1111,1=40.46
NQUA_CHANGEABLE1111,1=1062901.53
PRI1111,2=1.35
UPR1111,2=1.35
QTY1111,2=1.00
QTYUNIT1111,2=1
GAMT1111,2=1.35
AMT1111,2=1.35
UGAMT1111,2=1.35
UAMT1111,2=1.35
PLU1111,2=1001
NAM1111,2=CLARKS CHK CURRY PIE
GRP1111,2=CHILLED FOOD
CRD1111,2=3400
ART_MERCH_ID1111,2=A
EXC1111,2=1.35
INC1111,2=1.35
CPPAN1111,1=489396*******040
MOP1111,1=6
MOP_ADDX1111,1=50
MOP_ADDY1111,1=13
ROP1111,1=1
PM1111,1=949
PSUB1111,1=13
PA1111,1=41.81
SLSTOT1111=41.81
TYP1112=2
DATI1112=20200124221103
STATION_NR1112=6111
SHF1112=4615
ACC_REP_NR1112=1177
OPID1112=7
REF1112=1179110547
SEQ1112=1179110738461
SAFTDATI1112=20200124221103
LCUR1112=10
REPL1112=2
MERCH_ID1112,1=A
MERCH_NAME1112,1=Discovery Filling Station Ltd
MERCH_RECEIPT_SEQ_NR1112,1=611100993655
PMP1112,1=2
PUMP_MODE1112,1=1,1,1
NOZZLE1112,1=2
NDATI1112,1=20200124221039
START_DATE1112,1=20200124220859
PRI1112,1=1.299
BASEPRI1112,1=1.299
QTY1112,1=11.55
QTYUNIT1112,1=2
GAMT1112,1=15.00
AMT1112,1=15.00
UGAMT1112,1=15.00
UAMT1112,1=15.00
PLU1112,1=3
NAM1112,1=FuelSave Dsl
GRP1112,1=59
CRD1112,1=425
EXTREF1112,1=FuelSave Dsl
ART_MERCH_ID1112,1=A
EXC1112,1=15.00
INC1112,1=15.00
NQUA_CHANGEABLE1112,1=1555711.21
MOP1112,1=1
MOP_ADDX1112,1=10
ROP1112,1=1
PM1112,1=110
PA1112,1=15.00
SLSTOT1112=15.00
TYP1113=2
DATI1113=20200124221450
STATION_NR1113=6111
SHF1113=4615
ACC_REP_NR1113=1177
OPID1113=7
REF1113=1179110548
SEQ1113=1179110738462
SAFTDATI1113=20200124221450
LCUR1113=10
REPL1113=2
MERCH_ID1113,1=A
MERCH_NAME1113,1=Discovery Filling Station Ltd
MERCH_RECEIPT_SEQ_NR1113,1=611100993656
PMP1113,1=3
PUMP_MODE1113,1=1,1,1
NOZZLE1113,1=1
NDATI1113,1=20200124221433
START_DATE1113,1=20200124221412
PRI1113,1=1.249
BASEPRI1113,1=1.249
QTY1113,1=7.96
QTYUNIT1113,1=2
GAMT1113,1=9.94
AMT1113,1=9.94
UGAMT1113,1=9.94
UAMT1113,1=9.94
PLU1113,1=6
NAM1113,1=FuelSave Unl
GRP1113,1=59
CRD1113,1=325
EXTREF1113,1=FuelSave Unl
ART_MERCH_ID1113,1=A
EXC1113,1=9.94
INC1113,1=9.94
NQUA_CHANGEABLE1113,1=1195122.33
MOP1113,1=1
MOP_ADDX1113,1=10
ROP1113,1=1
PM1113,1=110
PA1113,1=9.94
SLSTOT1113=9.94
TYP1114=2
DATI1114=20200124221455
STATION_NR1114=6111
SHF1114=2729
ACC_REP_NR1114=1177
OPID1114=13
REF1114=1179120419
SEQ1114=1179120275233
SAFTDATI1114=20200124221455
LCUR1114=10
REPL1114=2
MERCH_ID1114,1=A
MERCH_NAME1114,1=Discovery Filling Station Ltd
MERCH_RECEIPT_SEQ_NR1114,1=611100993657
PRI1114,1=12.05
UPR1114,1=12.05
QTY1114,1=1.00
QTYUNIT1114,1=1
GAMT1114,1=12.05
AMT1114,1=12.05
UGAMT1114,1=12.05
UAMT1114,1=12.05
PLU1114,1=5000431026711
NAM1114,1=REGAL KING SIZE
GRP1114,1=TOBACCO
CRD1114,1=4019
ART_MERCH_ID1114,1=A
PRC1114,1=20.00
VAMT1114,1=2.01
EXC1114,1=10.04
INC1114,1=12.05
PRI1114,2=0.70
UPR1114,2=0.70
QTY1114,2=1.00
QTYUNIT1114,2=1
GAMT1114,2=0.70
AMT1114,2=0.70
UGAMT1114,2=0.70
UAMT1114,2=0.70
PLU1114,2=5000328774800
NAM1114,2=WALKERS BAKED CHS/ON
GRP1114,2=CRISPS
CRD1114,2=3219
ART_MERCH_ID1114,2=A
PRC1114,2=20.00
VAMT1114,2=0.12
EXC1114,2=0.58
INC1114,2=0.70
MOP1114,1=1
MOP_ADDX1114,1=10
ROP1114,1=1
PM1114,1=110
PA1114,1=20.00
MOP1114,2=1
MOP_ADDX1114,2=10
ROP1114,2=2
PM1114,2=5110
PA1114,2=-7.25
SLSTOT1114=12.75
TYP1115=21
SPEC_TYPE1115=13
DATI1115=20200124221503
STATION_NR1115=6111
SHF1115=4615
OPID1115=7
SPEC_ADDD1115=Open cash drawer
TYP1116=2
DATI1116=20200124221637
STATION_NR1116=6111
SHF1116=4615
ACC_REP_NR1116=1177
OPID1116=7
REF1116=1179110549
SEQ1116=1179110738463
SAFTDATI1116=20200124221637
LCUR1116=10
REPL1116=2
MERCH_ID1116,1=A
MERCH_NAME1116,1=Discovery Filling Station Ltd
MERCH_RECEIPT_SEQ_NR1116,1=611100993658
PMP1116,1=3
PUMP_MODE1116,1=1,1,1
NOZZLE1116,1=1
NDATI1116,1=20200124221617
START_DATE1116,1=20200124221544
PRI1116,1=1.249
BASEPRI1116,1=1.249
QTY1116,1=8.01
QTYUNIT1116,1=2
GAMT1116,1=10.00
AMT1116,1=10.00
UGAMT1116,1=10.00
UAMT1116,1=10.00
PLU1116,1=6
NAM1116,1=FuelSave Unl
GRP1116,1=59
CRD1116,1=325
EXTREF1116,1=FuelSave Unl
ART_MERCH_ID1116,1=A
EXC1116,1=10.00
INC1116,1=10.00
NQUA_CHANGEABLE1116,1=1195130.34
MOP1116,1=1
MOP_ADDX1116,1=10
ROP1116,1=1
PM1116,1=110
PA1116,1=10.00
SLSTOT1116=10.00
TYP1117=2
DATI1117=20200124221855
STATION_NR1117=6111
SHF1117=4615
ACC_REP_NR1117=1177
OPID1117=7
REF1117=1179110550
SEQ1117=1179110738464
SAFTDATI1117=20200124221855
LCUR1117=10
REPL1117=2
MERCH_ID1117,1=A
MERCH_NAME1117,1=Discovery Filling Station Ltd
MERCH_RECEIPT_SEQ_NR1117,1=611100993659
PMP1117,1=1
PUMP_MODE1117,1=1,1,1
NOZZLE1117,1=2
NDATI1117,1=20200124221716
START_DATE1117,1=20200124221614
PRI1117,1=1.299
BASEPRI1117,1=1.299
QTY1117,1=15.40
QTYUNIT1117,1=2
GAMT1117,1=20.00
AMT1117,1=20.00
UGAMT1117,1=20.00
UAMT1117,1=20.00
PLU1117,1=3
NAM1117,1=FuelSave Dsl
GRP1117,1=59
CRD1117,1=425
EXTREF1117,1=FuelSave Dsl
ART_MERCH_ID1117,1=A
EXC1117,1=20.00
INC1117,1=20.00
NQUA_CHANGEABLE1117,1=826278.17
PRI1117,2=3.50
UPR1117,2=3.50
QTY1117,2=1.00
QTYUNIT1117,2=1
GAMT1117,2=3.50
AMT1117,2=3.50
UGAMT1117,2=3.50
UAMT1117,2=3.50
PLU1117,2=5029053561370
NAM1117,2=ANDREX CLASSIC CLEAN
GRP1117,2=GENERAL GOODS V
CRD1117,2=3319
ART_MERCH_ID1117,2=A
PRC1117,2=20.00
VAMT1117,2=0.58
EXC1117,2=2.92
INC1117,2=3.50
PRI1117,3=1.00
UPR1117,3=1.00
QTY1117,3=1.00
QTYUNIT1117,3=1
GAMT1117,3=1.00
AMT1117,3=1.00
UGAMT1117,3=1.00
UAMT1117,3=1.00
PLU1117,3=5000168200866
NAM1117,3=MCV JAFFA CA
GRP1117,3=GROCERY ZERO
CRD1117,3=3100
ART_MERCH_ID1117,3=A
EXC1117,3=1.00
INC1117,3=1.00
PRI1117,4=1.00
UPR1117,4=1.00
QTY1117,4=1.00
QTYUNIT1117,4=1
GAMT1117,4=1.00
AMT1117,4=1.00
UGAMT1117,4=1.00
UAMT1117,4=1.00
PLU1117,4=5000112599732
NAM1117,4=OASIS S/F
GRP1117,4=DRINKS
CRD1117,4=3119
ART_MERCH_ID1117,4=A
PRC1117,4=20.00
VAMT1117,4=0.17
EXC1117,4=0.83
INC1117,4=1.00
PRI1117,5=1.00
UPR1117,5=1.00
QTY1117,5=1.00
QTYUNIT1117,5=1
GAMT1117,5=1.00
AMT1117,5=1.00
UGAMT1117,5=1.00
UAMT1117,5=1.00
PLU1117,5=5000112599732
NAM1117,5=OASIS S/F
GRP1117,5=DRINKS
CRD1117,5=3119
ART_MERCH_ID1117,5=A
PRC1117,5=20.00
VAMT1117,5=0.17
EXC1117,5=0.83
INC1117,5=1.00
MOP1117,1=1
MOP_ADDX1117,1=10
ROP1117,1=1
PM1117,1=110
PA1117,1=26.50
SLSTOT1117=26.50
TYP1118=2
DATI1118=20200124221858
STATION_NR1118=6111
SHF1118=4615
ACC_REP_NR1118=1177
OPID1118=7
REF1118=1179110551
SEQ1118=1179110738465
SAFTDATI1118=20200124221858
LCUR1118=10
REPL1118=2
MERCH_ID1118,1=A
MERCH_NAME1118,1=Discovery Filling Station Ltd
MERCH_RECEIPT_SEQ_NR1118,1=611100993660
PMP1118,1=5
PUMP_MODE1118,1=1,1,1
NOZZLE1118,1=2
NDATI1118,1=20200124221746
START_DATE1118,1=20200124221714
PRI1118,1=1.299
BASEPRI1118,1=1.299
QTY1118,1=7.70
QTYUNIT1118,1=2
GAMT1118,1=10.00
AMT1118,1=10.00
UGAMT1118,1=10.00
UAMT1118,1=10.00
PLU1118,1=3
NAM1118,1=FuelSave Dsl
GRP1118,1=59
CRD1118,1=425
EXTREF1118,1=FuelSave Dsl
ART_MERCH_ID1118,1=A
EXC1118,1=10.00
INC1118,1=10.00
NQUA_CHANGEABLE1118,1=1115648.90
MOP1118,1=1
MOP_ADDX1118,1=10
ROP1118,1=1
PM1118,1=110
PA1118,1=10.00
SLSTOT1118=10.00
TYP1119=21
SPEC_TYPE1119=14
DATI1119=20200124221900
STATION_NR1119=6111
SHF1119=2729
OPID1119=13
LREF1119=1179120420
SPEC_ID1119=1003
SPEC_NAME1119=PAYPOINT
SPEC_ITYP1119=1
SPEC_QUA1119=1.00
SPEC_PRI1119=40.00
SPEC_AMT1119=40.00
TYP1120=2
DATI1120=20200124221906
STATION_NR1120=6111
SHF1120=2729
ACC_REP_NR1120=1177
OPID1120=13
REF1120=1179120420
SEQ1120=1179120275234
SAFTDATI1120=20200124221906
LCUR1120=10
REPL1120=2
MERCH_ID1120,1=A
MERCH_NAME1120,1=Discovery Filling Station Ltd
MERCH_RECEIPT_SEQ_NR1120,1=611100993661
PRI1120,1=40.00
UPR1120,1=40.00
QTY1120,1=1.00
QTYUNIT1120,1=1
GAMT1120,1=40.00
AMT1120,1=40.00
UGAMT1120,1=40.00
UAMT1120,1=40.00
PLU1120,1=1003
NAM1120,1=PAYPOINT
GRP1120,1=STAMPS & PHONE
CRD1120,1=9019
ART_MERCH_ID1120,1=A
EXC1120,1=40.00
INC1120,1=40.00
MOP1120,1=1
MOP_ADDX1120,1=10
ROP1120,1=1
PM1120,1=110
PA1120,1=40.00
SLSTOT1120=40.00
TYP1121=2
DATI1121=20200124221902
STATION_NR1121=6111
SHF1121=4615
ACC_REP_NR1121=1177
OPID1121=7
REF1121=1179110552
SEQ1121=1179110738466
SAFTDATI1121=20200124221902
LCUR1121=10
PAN1121=446292*******151
MERCH_ID1121,1=A
MERCH_NAME1121,1=Discovery Filling Station Ltd
MERCH_RECEIPT_SEQ_NR1121,1=611100993662
PMP1121,1=3
PUMP_MODE1121,1=1,1,1
NOZZLE1121,1=1
NDATI1121,1=20200124221807
START_DATE1121,1=20200124221739
PRI1121,1=1.249
BASEPRI1121,1=1.249
QTY1121,1=8.01
QTYUNIT1121,1=2
GAMT1121,1=10.00
AMT1121,1=10.00
UGAMT1121,1=10.00
UAMT1121,1=10.00
PLU1121,1=6
NAM1121,1=FuelSave Unl
GRP1121,1=59
CRD1121,1=325
EXTREF1121,1=FuelSave Unl
ART_MERCH_ID1121,1=A
EXC1121,1=10.00
INC1121,1=10.00
NQUA_CHANGEABLE1121,1=1195138.35
CPPAN1121,1=446292*******151
MOP1121,1=6
MOP_ADDX1121,1=50
MOP_ADDY1121,1=12
ROP1121,1=1
PM1121,1=949
PSUB1121,1=12
PA1121,1=10.00
SLSTOT1121=10.00
TYP1122=2
DATI1122=20200124221929
STATION_NR1122=6111
SHF1122=2729
ACC_REP_NR1122=1177
OPID1122=13
REF1122=1179120421
SEQ1122=1179120275235
SAFTDATI1122=20200124221929
LCUR1122=10
PAN1122=481564*******249
MERCH_ID1122,1=A
MERCH_NAME1122,1=Discovery Filling Station Ltd
MERCH_RECEIPT_SEQ_NR1122,1=611100993663
PRI1122,1=1.25
UPR1122,1=1.25
QTY1122,1=1.00
QTYUNIT1122,1=1
GAMT1122,1=1.25
AMT1122,1=1.25
UGAMT1122,1=1.25
UAMT1122,1=1.25
PLU1122,1=50271153
NAM1122,1=BARR RED COLA 750ML
GRP1122,1=DRINKS
CRD1122,1=3119
ART_MERCH_ID1122,1=A
PRC1122,1=20.00
VAMT1122,1=0.21
EXC1122,1=1.04
INC1122,1=1.25
PRI1122,2=8.70
UPR1122,2=8.70
QTY1122,2=1.00
QTYUNIT1122,2=1
GAMT1122,2=8.70
AMT1122,2=8.70
UGAMT1122,2=8.70
UAMT1122,2=8.70
PLU1122,2=5000431027572
NAM1122,2=L&B KS BLUE 20
GRP1122,2=TOBACCO
CRD1122,2=4019
ART_MERCH_ID1122,2=A
PRC1122,2=20.00
VAMT1122,2=1.45
EXC1122,2=7.25
INC1122,2=8.70
CPPAN1122,1=481564*******249
MOP1122,1=6
MOP_ADDX1122,1=50
MOP_ADDY1122,1=13
ROP1122,1=1
PM1122,1=949
PSUB1122,1=13
PA1122,1=9.95
SLSTOT1122=9.95
TYP1123=21
SPEC_TYPE1123=13
DATI1123=20200124222010
STATION_NR1123=6111
SHF1123=2729
OPID1123=13
SPEC_ADDD1123=Open cash drawer
TYP1124=2
DATI1124=20200124222051
STATION_NR1124=6111
SHF1124=2729
ACC_REP_NR1124=1177
OPID1124=13
REF1124=1179120422
SEQ1124=1179120275236
SAFTDATI1124=20200124222051
LCUR1124=10
PAN1124=446292*******910
MERCH_ID1124,1=A
MERCH_NAME1124,1=Discovery Filling Station Ltd
MERCH_RECEIPT_SEQ_NR1124,1=611100993664
PMP1124,1=4
PUMP_MODE1124,1=1,1,1
NOZZLE1124,1=1
NDATI1124,1=20200124221936
START_DATE1124,1=20200124221854
PRI1124,1=1.249
BASEPRI1124,1=1.249
QTY1124,1=12.02
QTYUNIT1124,1=2
GAMT1124,1=15.01
AMT1124,1=15.01
UGAMT1124,1=15.01
UAMT1124,1=15.01
PLU1124,1=6
NAM1124,1=FuelSave Unl
GRP1124,1=59
CRD1124,1=325
EXTREF1124,1=FuelSave Unl
ART_MERCH_ID1124,1=A
EXC1124,1=15.01
INC1124,1=15.01
NQUA_CHANGEABLE1124,1=708912.73
PRI1124,2=1.00
UPR1124,2=1.00
QTY1124,2=1.00
QTYUNIT1124,2=1
GAMT1124,2=1.00
AMT1124,2=1.00
UGAMT1124,2=1.00
UAMT1124,2=1.00
PLU1124,2=5000328990828
NAM1124,2=W MAX PAPRIK
GRP1124,2=CRISPS
CRD1124,2=3219
ART_MERCH_ID1124,2=A
PRC1124,2=20.00
VAMT1124,2=0.17
EXC1124,2=0.83
INC1124,2=1.00
PRI1124,3=0.65
UPR1124,3=0.65
QTY1124,3=1.00
QTYUNIT1124,3=1
GAMT1124,3=0.65
AMT1124,3=0.65
UGAMT1124,3=0.65
UAMT1124,3=0.65
PLU1124,3=5000112629118
NAM1124,3=SPRITE
GRP1124,3=DRINKS
CRD1124,3=3119
ART_MERCH_ID1124,3=A
PRC1124,3=20.00
VAMT1124,3=0.11
EXC1124,3=0.54
INC1124,3=0.65
CPPAN1124,1=446292*******910
MOP1124,1=6
MOP_ADDX1124,1=50
MOP_ADDY1124,1=12
ROP1124,1=1
PM1124,1=949
PSUB1124,1=12
PA1124,1=16.66
SLSTOT1124=16.66
TYP1125=2
DATI1125=20200124222748
STATION_NR1125=6111
SHF1125=2729
ACC_REP_NR1125=1177
OPID1125=13
REF1125=1179120423
SEQ1125=1179120275237
SAFTDATI1125=20200124222748
LCUR1125=10
REPL1125=2
MERCH_ID1125,1=A
MERCH_NAME1125,1=Discovery Filling Station Ltd
MERCH_RECEIPT_SEQ_NR1125,1=611100993665
PRI1125,1=2.99
UPR1125,1=2.99
QTY1125,1=1.00
QTYUNIT1125,1=1
GAMT1125,1=2.99
AMT1125,1=2.99
UGAMT1125,1=2.99
UAMT1125,1=2.99
PLU1125,1=5060432711078
NAM1125,1=OK LIQUID BLACKCURRA
GRP1125,1=TOBACCO SUNDRIE
CRD1125,1=4019
ART_MERCH_ID1125,1=A
PRC1125,1=20.00
VAMT1125,1=0.50
EXC1125,1=2.49
INC1125,1=2.99
MOP1125,1=1
MOP_ADDX1125,1=10
ROP1125,1=1
PM1125,1=110
PA1125,1=2.99
SLSTOT1125=2.99
TYP1126=2
DATI1126=20200124222819
STATION_NR1126=6111
SHF1126=4615
ACC_REP_NR1126=1177
OPID1126=7
REF1126=1179110553
SEQ1126=1179110738467
SAFTDATI1126=20200124222819
LCUR1126=10
REPL1126=2
MERCH_ID1126,1=A
MERCH_NAME1126,1=Discovery Filling Station Ltd
MERCH_RECEIPT_SEQ_NR1126,1=611100993666
PRI1126,1=1.09
UPR1126,1=1.09
QTY1126,1=1.00
QTYUNIT1126,1=1
GAMT1126,1=1.09
AMT1126,1=1.09
UGAMT1126,1=1.09
UAMT1126,1=1.09
PLU1126,1=5054267007932
NAM1126,1=LUCOZADE
GRP1126,1=DRINKS
CRD1126,1=3119
ART_MERCH_ID1126,1=A
PRC1126,1=20.00
VAMT1126,1=0.18
EXC1126,1=0.91
INC1126,1=1.09
PRI1126,2=1.29
UPR1126,2=1.29
QTY1126,2=1.00
QTYUNIT1126,2=1
GAMT1126,2=1.29
AMT1126,2=1.29
UGAMT1126,2=1.29
UAMT1126,2=1.29
PLU1126,2=90433863
NAM1126,2=RED BULL
GRP1126,2=DRINKS
CRD1126,2=3119
ART_MERCH_ID1126,2=A
PRC1126,2=20.00
VAMT1126,2=0.21
EXC1126,2=1.08
INC1126,2=1.29
PRI1126,3=0.60
UPR1126,3=0.60
QTY1126,3=1.00
QTYUNIT1126,3=1
GAMT1126,3=0.60
AMT1126,3=0.50
UGAMT1126,3=0.60
UAMT1126,3=0.50
PLU1126,3=87108132
NAM1126,3=MENTOS MINT
GRP1126,3=CONFECTIONERY
CRD1126,3=3119
PRO1126,3=MMH1874
DSCT1126,3=2
DNAM1126,3=CHOC 2 F 1
DSC1126,3=0.10
ART_MERCH_ID1126,3=A
PRC1126,3=20.00
VAMT1126,3=0.08
EXC1126,3=0.42
INC1126,3=0.50
PRI1126,4=0.60
UPR1126,4=0.60
QTY1126,4=1.00
QTYUNIT1126,4=1
GAMT1126,4=0.60
AMT1126,4=0.50
UGAMT1126,4=0.60
UAMT1126,4=0.50
PLU1126,4=87108132
NAM1126,4=MENTOS MINT
GRP1126,4=CONFECTIONERY
CRD1126,4=3119
PRO1126,4=MMH1874
DSCT1126,4=2
DNAM1126,4=CHOC 2 F 1
DSC1126,4=0.10
ART_MERCH_ID1126,4=A
PRC1126,4=20.00
VAMT1126,4=0.08
EXC1126,4=0.42
INC1126,4=0.50
PRI1126,5=0.60
UPR1126,5=0.60
QTY1126,5=1.00
QTYUNIT1126,5=1
GAMT1126,5=0.60
AMT1126,5=0.50
UGAMT1126,5=0.60
UAMT1126,5=0.50
PLU1126,5=87108132
NAM1126,5=MENTOS MINT
GRP1126,5=CONFECTIONERY
CRD1126,5=3119
PRO1126,5=MMH1874
DSCT1126,5=2
DNAM1126,5=CHOC 2 F 1
DSC1126,5=0.10
ART_MERCH_ID1126,5=A
PRC1126,5=20.00
VAMT1126,5=0.08
EXC1126,5=0.42
INC1126,5=0.50
PRI1126,6=0.60
UPR1126,6=0.60
QTY1126,6=1.00
QTYUNIT1126,6=1
GAMT1126,6=0.60
AMT1126,6=0.50
UGAMT1126,6=0.60
UAMT1126,6=0.50
PLU1126,6=87108132
NAM1126,6=MENTOS MINT
GRP1126,6=CONFECTIONERY
CRD1126,6=3119
PRO1126,6=MMH1874
DSCT1126,6=2
DNAM1126,6=CHOC 2 F 1
DSC1126,6=0.10
ART_MERCH_ID1126,6=A
PRC1126,6=20.00
VAMT1126,6=0.08
EXC1126,6=0.42
INC1126,6=0.50
MOP1126,1=1
MOP_ADDX1126,1=10
ROP1126,1=1
PM1126,1=110
PA1126,1=5.00
MOP1126,2=1
MOP_ADDX1126,2=10
ROP1126,2=2
PM1126,2=5110
PA1126,2=-0.62
SLSTOT1126=4.38
TYP1127=2
DATI1127=20200124222849
STATION_NR1127=6111
SHF1127=2729
ACC_REP_NR1127=1177
OPID1127=13
REF1127=1179120424
SEQ1127=1179120275238
SAFTDATI1127=20200124222849
LCUR1127=10
REPL1127=2
MERCH_ID1127,1=A
MERCH_NAME1127,1=Discovery Filling Station Ltd
MERCH_RECEIPT_SEQ_NR1127,1=611100993667
PRI1127,1=1.05
UPR1127,1=1.05
QTY1127,1=1.00
QTYUNIT1127,1=1
GAMT1127,1=1.05
AMT1127,1=0.80
UGAMT1127,1=1.05
UAMT1127,1=0.80
PLU1127,1=3068320084602
NAM1127,1=EVIAN
GRP1127,1=DRINKS
CRD1127,1=3119
PRO1127,1=MMH1886
DSCT1127,1=2
DNAM1127,1=EVIAN 2 FOR 1.60
DSC1127,1=0.25
ART_MERCH_ID1127,1=A
PRC1127,1=20.00
VAMT1127,1=0.13
EXC1127,1=0.67
INC1127,1=0.80
PRI1127,2=1.05
UPR1127,2=1.05
QTY1127,2=1.00
QTYUNIT1127,2=1
GAMT1127,2=1.05
AMT1127,2=0.80
UGAMT1127,2=1.05
UAMT1127,2=0.80
PLU1127,2=3068320084602
NAM1127,2=EVIAN
GRP1127,2=DRINKS
CRD1127,2=3119
PRO1127,2=MMH1886
DSCT1127,2=2
DNAM1127,2=EVIAN 2 FOR 1.60
DSC1127,2=0.25
ART_MERCH_ID1127,2=A
PRC1127,2=20.00
VAMT1127,2=0.13
EXC1127,2=0.67
INC1127,2=0.80
MOP1127,1=1
MOP_ADDX1127,1=10
ROP1127,1=1
PM1127,1=110
PA1127,1=1.60
SLSTOT1127=1.60
TYP1128=2
DATI1128=20200124222939
STATION_NR1128=6111
SHF1128=4615
ACC_REP_NR1128=1177
OPID1128=7
REF1128=1179110554
SEQ1128=1179110738468
SAFTDATI1128=20200124222939
LCUR1128=10
PAN1128=454313*******421
MERCH_ID1128,1=A
MERCH_NAME1128,1=Discovery Filling Station Ltd
MERCH_RECEIPT_SEQ_NR1128,1=611100993668
PRI1128,1=9.80
UPR1128,1=9.80
QTY1128,1=1.00
QTYUNIT1128,1=1
GAMT1128,1=9.80
AMT1128,1=9.80
UGAMT1128,1=9.80
UAMT1128,1=9.80
PLU1128,1=5000143936339
NAM1128,1=STERLING KS
GRP1128,1=TOBACCO
CRD1128,1=4019
ART_MERCH_ID1128,1=A
PRC1128,1=20.00
VAMT1128,1=1.63
EXC1128,1=8.17
INC1128,1=9.80
PRI1128,2=0.90
UPR1128,2=0.90
QTY1128,2=1.00
QTYUNIT1128,2=1
GAMT1128,2=0.90
AMT1128,2=0.90
UGAMT1128,2=0.90
UAMT1128,2=0.90
PLU1128,2=8938506311516
NAM1128,2=EXIS LIGHTER
GRP1128,2=TOBACCO SUNDRIE
CRD1128,2=4019
ART_MERCH_ID1128,2=A
PRC1128,2=20.00
VAMT1128,2=0.15
EXC1128,2=0.75
INC1128,2=0.90
CPPAN1128,1=454313*******421
MOP1128,1=6
MOP_ADDX1128,1=50
MOP_ADDY1128,1=12
ROP1128,1=1
PM1128,1=949
PSUB1128,1=12
PA1128,1=10.70
SLSTOT1128=10.70
TYP1129=2
DATI1129=20200124222945
STATION_NR1129=6111
SHF1129=2729
ACC_REP_NR1129=1177
OPID1129=13
REF1129=1179120425
SEQ1129=1179120275239
SAFTDATI1129=20200124222945
LCUR1129=10
PAN1129=475117*******322
MERCH_ID1129,1=A
MERCH_NAME1129,1=Discovery Filling Station Ltd
MERCH_RECEIPT_SEQ_NR1129,1=611100993669
PRI1129,1=11.25
UPR1129,1=11.25
QTY1129,1=1.00
QTYUNIT1129,1=1
GAMT1129,1=11.25
AMT1129,1=11.25
UGAMT1129,1=11.25
UAMT1129,1=11.25
PLU1129,1=5060592002818
NAM1129,1=MARLBORO RED
GRP1129,1=TOBACCO
CRD1129,1=4019
ART_MERCH_ID1129,1=A
PRC1129,1=20.00
VAMT1129,1=1.87
EXC1129,1=9.38
INC1129,1=11.25
PRI1129,2=1.00
UPR1129,2=1.00
QTY1129,2=1.00
QTYUNIT1129,2=1
GAMT1129,2=1.00
AMT1129,2=1.00
UGAMT1129,2=1.00
UAMT1129,2=1.00
PLU1129,2=5000112599831
NAM1129,2=OASIS
GRP1129,2=DRINKS
CRD1129,2=3119
ART_MERCH_ID1129,2=A
PRC1129,2=20.00
VAMT1129,2=0.17
EXC1129,2=0.83
INC1129,2=1.00
CPPAN1129,1=475117*******322
MOP1129,1=6
MOP_ADDX1129,1=50
MOP_ADDY1129,1=12
ROP1129,1=1
PM1129,1=949
PSUB1129,1=12
PA1129,1=12.25
SLSTOT1129=12.25
TYP1130=21
SPEC_TYPE1130=14
DATI1130=20200124223034
STATION_NR1130=6111
SHF1130=4615
OPID1130=7
LREF1130=1179110555
SPEC_ID1130=1003
SPEC_NAME1130=PAYPOINT
SPEC_ITYP1130=1
SPEC_QUA1130=1.00
SPEC_PRI1130=25.00
SPEC_AMT1130=25.00
TYP1131=2
DATI1131=20200124223045
STATION_NR1131=6111
SHF1131=4615
ACC_REP_NR1131=1177
OPID1131=7
REF1131=1179110555
SEQ1131=1179110738469
SAFTDATI1131=20200124223045
LCUR1131=10
PAN1131=476365*******495
MERCH_ID1131,1=A
MERCH_NAME1131,1=Discovery Filling Station Ltd
MERCH_RECEIPT_SEQ_NR1131,1=611100993670
PRI1131,1=1.00
UPR1131,1=1.00
QTY1131,1=1.00
QTYUNIT1131,1=1
GAMT1131,1=1.00
AMT1131,1=1.00
UGAMT1131,1=1.00
UAMT1131,1=1.00
PLU1131,1=5020379124607
NAM1131,1=HS SALTED CA
GRP1131,1=CRISPS
CRD1131,1=3219
ART_MERCH_ID1131,1=A
PRC1131,1=20.00
VAMT1131,1=0.17
EXC1131,1=0.83
INC1131,1=1.00
PRI1131,2=1.35
UPR1131,2=1.35
QTY1131,2=1.00
QTYUNIT1131,2=1
GAMT1131,2=1.35
AMT1131,2=1.35
UGAMT1131,2=1.35
UAMT1131,2=1.35
PLU1131,2=5060517885304
NAM1131,2=MONSTER
GRP1131,2=DRINKS
CRD1131,2=3119
ART_MERCH_ID1131,2=A
PRC1131,2=20.00
VAMT1131,2=0.22
EXC1131,2=1.13
INC1131,2=1.35
PRI1131,3=1.39
UPR1131,3=1.39
QTY1131,3=1.00
QTYUNIT1131,3=1
GAMT1131,3=1.39
AMT1131,3=1.39
UGAMT1131,3=1.39
UAMT1131,3=1.39
PLU1131,3=5060639123025
NAM1131,3=MONSTER
GRP1131,3=DRINKS
CRD1131,3=3119
ART_MERCH_ID1131,3=A
PRC1131,3=20.00
VAMT1131,3=0.23
EXC1131,3=1.16
INC1131,3=1.39
PRI1131,4=25.00
UPR1131,4=25.00
QTY1131,4=1.00
QTYUNIT1131,4=1
GAMT1131,4=25.00
AMT1131,4=25.00
UGAMT1131,4=25.00
UAMT1131,4=25.00
PLU1131,4=1003
NAM1131,4=PAYPOINT
GRP1131,4=STAMPS & PHONE
CRD1131,4=9019
ART_MERCH_ID1131,4=A
EXC1131,4=25.00
INC1131,4=25.00
CPPAN1131,1=476365*******495
MOP1131,1=6
MOP_ADDX1131,1=50
MOP_ADDY1131,1=12
ROP1131,1=1
PM1131,1=949
PSUB1131,1=12
PA1131,1=28.74
SLSTOT1131=28.74
TYP1132=2
DATI1132=20200124223040
STATION_NR1132=6111
SHF1132=2729
ACC_REP_NR1132=1177
OPID1132=13
REF1132=1179120426
SEQ1132=1179120275240
SAFTDATI1132=20200124223040
LCUR1132=10
PAN1132=475117*******037
MERCH_ID1132,1=A
MERCH_NAME1132,1=Discovery Filling Station Ltd
MERCH_RECEIPT_SEQ_NR1132,1=611100993671
PMP1132,1=1
PUMP_MODE1132,1=1,1,1
NOZZLE1132,1=2
NDATI1132,1=20200124222948
START_DATE1132,1=20200124222847
PRI1132,1=1.299
BASEPRI1132,1=1.299
QTY1132,1=23.10
QTYUNIT1132,1=2
GAMT1132,1=30.01
AMT1132,1=30.01
UGAMT1132,1=30.01
UAMT1132,1=30.01
PLU1132,1=3
NAM1132,1=FuelSave Dsl
GRP1132,1=59
CRD1132,1=425
EXTREF1132,1=FuelSave Dsl
ART_MERCH_ID1132,1=A
EXC1132,1=30.01
INC1132,1=30.01
NQUA_CHANGEABLE1132,1=826301.27
CPPAN1132,1=475117*******037
MOP1132,1=6
MOP_ADDX1132,1=50
MOP_ADDY1132,1=12
ROP1132,1=1
PM1132,1=949
PSUB1132,1=12
PA1132,1=30.01
SLSTOT1132=30.01
TYP1133=2
DATI1133=20200124223259
STATION_NR1133=6111
SHF1133=4615
ACC_REP_NR1133=1177
OPID1133=7
REF1133=1179110556
SEQ1133=1179110738470
SAFTDATI1133=20200124223259
LCUR1133=10
REPL1133=2
MERCH_ID1133,1=A
MERCH_NAME1133,1=Discovery Filling Station Ltd
MERCH_RECEIPT_SEQ_NR1133,1=611100993672
PRI1133,1=8.70
UPR1133,1=8.70
QTY1133,1=1.00
QTYUNIT1133,1=1
GAMT1133,1=8.70
AMT1133,1=8.70
UGAMT1133,1=8.70
UAMT1133,1=8.70
PLU1133,1=5000431027572
NAM1133,1=L&B KS BLUE 20
GRP1133,1=TOBACCO
CRD1133,1=4019
ART_MERCH_ID1133,1=A
PRC1133,1=20.00
VAMT1133,1=1.45
EXC1133,1=7.25
INC1133,1=8.70
MOP1133,1=1
MOP_ADDX1133,1=10
ROP1133,1=1
PM1133,1=110
PA1133,1=8.70
SLSTOT1133=8.70
TYP1134=2
DATI1134=20200124223511
STATION_NR1134=6111
SHF1134=4615
ACC_REP_NR1134=1177
OPID1134=7
REF1134=1179110557
SEQ1134=1179110738471
SAFTDATI1134=20200124223511
LCUR1134=10
REPL1134=2
MERCH_ID1134,1=A
MERCH_NAME1134,1=Discovery Filling Station Ltd
MERCH_RECEIPT_SEQ_NR1134,1=611100993673
PRI1134,1=0.75
UPR1134,1=0.75
QTY1134,1=1.00
QTYUNIT1134,1=1
GAMT1134,1=0.75
AMT1134,1=0.75
UGAMT1134,1=0.75
UAMT1134,1=0.75
PLU1134,1=5019402021075
NAM1134,1=MAC B STRAW KIWI 1.5
GRP1134,1=DRINKS
CRD1134,1=3119
ART_MERCH_ID1134,1=A
PRC1134,1=20.00
VAMT1134,1=0.12
EXC1134,1=0.63
INC1134,1=0.75
MOP1134,1=1
MOP_ADDX1134,1=10
ROP1134,1=1
PM1134,1=110
PA1134,1=0.75
SLSTOT1134=0.75
TYP1135=2
DATI1135=20200124223518
STATION_NR1135=6111
SHF1135=2729
ACC_REP_NR1135=1177
OPID1135=13
REF1135=1179120427
SEQ1135=1179120275241
SAFTDATI1135=20200124223518
LCUR1135=10
REPL1135=2
MERCH_ID1135,1=A
MERCH_NAME1135,1=Discovery Filling Station Ltd
MERCH_RECEIPT_SEQ_NR1135,1=611100993674
PRI1135,1=0.75
UPR1135,1=0.75
QTY1135,1=1.00
QTYUNIT1135,1=1
GAMT1135,1=0.75
AMT1135,1=0.75
UGAMT1135,1=0.75
UAMT1135,1=0.75
PLU1135,1=5019402021075
NAM1135,1=MAC B STRAW KIWI 1.5
GRP1135,1=DRINKS
CRD1135,1=3119
ART_MERCH_ID1135,1=A
PRC1135,1=20.00
VAMT1135,1=0.12
EXC1135,1=0.63
INC1135,1=0.75
MOP1135,1=1
MOP_ADDX1135,1=10
ROP1135,1=1
PM1135,1=110
PA1135,1=0.75
SLSTOT1135=0.75
TYP1136=2
DATI1136=20200124223540
STATION_NR1136=6111
SHF1136=2729
ACC_REP_NR1136=1177
OPID1136=13
REF1136=1179120428
SEQ1136=1179120275242
SAFTDATI1136=20200124223540
LCUR1136=10
REPL1136=2
MERCH_ID1136,1=A
MERCH_NAME1136,1=Discovery Filling Station Ltd
MERCH_RECEIPT_SEQ_NR1136,1=611100993675
PRI1136,1=0.50
UPR1136,1=0.50
QTY1136,1=1.00
QTYUNIT1136,1=1
GAMT1136,1=0.50
AMT1136,1=0.50
UGAMT1136,1=0.50
UAMT1136,1=0.50
PLU1136,1=5020379077989
NAM1136,1=ES CITRS JCE
GRP1136,1=DRINKS
CRD1136,1=3119
ART_MERCH_ID1136,1=A
PRC1136,1=20.00
VAMT1136,1=0.08
EXC1136,1=0.42
INC1136,1=0.50
PRI1136,2=0.50
UPR1136,2=0.50
QTY1136,2=1.00
QTYUNIT1136,2=1
GAMT1136,2=0.50
AMT1136,2=0.50
UGAMT1136,2=0.50
UAMT1136,2=0.50
PLU1136,2=5020379106696
NAM1136,2=ES ISOTONIC
GRP1136,2=DRINKS
CRD1136,2=3119
ART_MERCH_ID1136,2=A
PRC1136,2=20.00
VAMT1136,2=0.08
EXC1136,2=0.42
INC1136,2=0.50
MOP1136,1=1
MOP_ADDX1136,1=10
ROP1136,1=1
PM1136,1=110
PA1136,1=1.00
SLSTOT1136=1.00
TYP1137=21
SPEC_TYPE1137=13
DATI1137=20200124223704
STATION_NR1137=6111
SHF1137=4615
OPID1137=7
SPEC_ADDD1137=Open cash drawer
TYP1138=21
SPEC_TYPE1138=13
DATI1138=20200124224122
STATION_NR1138=6111
SHF1138=2729
OPID1138=13
SPEC_ADDD1138=Open cash drawer
TYP1139=2
DATI1139=20200124224246
STATION_NR1139=6111
SHF1139=2729
ACC_REP_NR1139=1177
OPID1139=13
REF1139=1179120429
SEQ1139=1179120275243
SAFTDATI1139=20200124224246
LCUR1139=10
REPL1139=2
MERCH_ID1139,1=A
MERCH_NAME1139,1=Discovery Filling Station Ltd
MERCH_RECEIPT_SEQ_NR1139,1=611100993676
PRI1139,1=10.99
UPR1139,1=10.99
QTY1139,1=1.00
QTYUNIT1139,1=1
GAMT1139,1=10.99
AMT1139,1=10.99
UGAMT1139,1=10.99
UAMT1139,1=10.99
PLU1139,1=5000143912012
NAM1139,1=B&H KS DUAL
GRP1139,1=TOBACCO
CRD1139,1=4019
ART_MERCH_ID1139,1=A
PRC1139,1=20.00
VAMT1139,1=1.83
EXC1139,1=9.16
INC1139,1=10.99
MOP1139,1=1
MOP_ADDX1139,1=10
ROP1139,1=1
PM1139,1=110
PA1139,1=10.99
SLSTOT1139=10.99
TYP1140=2
DATI1140=20200124224236
STATION_NR1140=6111
SHF1140=4615
ACC_REP_NR1140=1177
OPID1140=7
REF1140=1179110558
SEQ1140=1179110738472
SAFTDATI1140=20200124224236
LCUR1140=10
PAN1140=475117*******445
MERCH_ID1140,1=A
MERCH_NAME1140,1=Discovery Filling Station Ltd
MERCH_RECEIPT_SEQ_NR1140,1=611100993677
PRI1140,1=9.80
UPR1140,1=9.80
QTY1140,1=1.00
QTYUNIT1140,1=1
GAMT1140,1=9.80
AMT1140,1=9.80
UGAMT1140,1=9.80
UAMT1140,1=9.80
PLU1140,1=5000143936339
NAM1140,1=STERLING KS
GRP1140,1=TOBACCO
CRD1140,1=4019
ART_MERCH_ID1140,1=A
PRC1140,1=20.00
VAMT1140,1=1.63
EXC1140,1=8.17
INC1140,1=9.80
CPPAN1140,1=475117*******445
MOP1140,1=6
MOP_ADDX1140,1=50
MOP_ADDY1140,1=12
ROP1140,1=1
PM1140,1=949
PSUB1140,1=12
PA1140,1=9.80
SLSTOT1140=9.80
TYP1141=21
SPEC_TYPE1141=13
DATI1141=20200124224310
STATION_NR1141=6111
SHF1141=4615
OPID1141=7
SPEC_ADDD1141=Open cash drawer
TYP1142=2
DATI1142=20200124224345
STATION_NR1142=6111
SHF1142=4615
ACC_REP_NR1142=1177
OPID1142=7
REF1142=1179110559
SEQ1142=1179110738473
SAFTDATI1142=20200124224345
LCUR1142=10
REPL1142=2
MERCH_ID1142,1=A
MERCH_NAME1142,1=Discovery Filling Station Ltd
MERCH_RECEIPT_SEQ_NR1142,1=611100993678
PRI1142,1=0.65
UPR1142,1=0.65
QTY1142,1=1.00
QTYUNIT1142,1=1
GAMT1142,1=0.65
AMT1142,1=0.65
UGAMT1142,1=0.65
UAMT1142,1=0.65
PLU1142,1=42212379
NAM1142,1=SPEARMINT WRIGLEYS10
GRP1142,1=CONFECTIONERY
CRD1142,1=3119
ART_MERCH_ID1142,1=A
PRC1142,1=20.00
VAMT1142,1=0.11
EXC1142,1=0.54
INC1142,1=0.65
PRI1142,2=1.09
UPR1142,2=1.09
QTY1142,2=1.00
QTYUNIT1142,2=1
GAMT1142,2=1.09
AMT1142,2=1.09
UGAMT1142,2=1.09
UAMT1142,2=1.09
PLU1142,2=5000112628982
NAM1142,2=SPRITE
GRP1142,2=DRINKS
CRD1142,2=3119
ART_MERCH_ID1142,2=A
PRC1142,2=20.00
VAMT1142,2=0.18
EXC1142,2=0.91
INC1142,2=1.09
PRI1142,3=0.95
UPR1142,3=0.95
QTY1142,3=1.00
QTYUNIT1142,3=1
GAMT1142,3=0.95
AMT1142,3=0.95
UGAMT1142,3=0.95
UAMT1142,3=0.95
PLU1142,3=5010459007289
NAM1142,3=H/SPRING SPORT 75CL
GRP1142,3=DRINKS
CRD1142,3=3119
ART_MERCH_ID1142,3=A
PRC1142,3=20.00
VAMT1142,3=0.16
EXC1142,3=0.79
INC1142,3=0.95
PRI1142,4=0.75
UPR1142,4=0.75
QTY1142,4=1.00
QTYUNIT1142,4=1
GAMT1142,4=0.75
AMT1142,4=0.75
UGAMT1142,4=0.75
UAMT1142,4=0.75
PLU1142,4=5000159470476
NAM1142,4=MARS BAR
GRP1142,4=CONFECTIONERY
CRD1142,4=3119
ART_MERCH_ID1142,4=A
PRC1142,4=20.00
VAMT1142,4=0.12
EXC1142,4=0.63
INC1142,4=0.75
PRI1142,5=0.65
UPR1142,5=0.65
QTY1142,5=1.00
QTYUNIT1142,5=1
GAMT1142,5=0.65
AMT1142,5=0.65
UGAMT1142,5=0.65
UAMT1142,5=0.65
PLU1142,5=5000328142166
NAM1142,5=WLKRS C&0
GRP1142,5=CRISPS
CRD1142,5=3219
ART_MERCH_ID1142,5=A
PRC1142,5=20.00
VAMT1142,5=0.11
EXC1142,5=0.54
INC1142,5=0.65
MOP1142,1=1
MOP_ADDX1142,1=10
ROP1142,1=1
PM1142,1=110
PA1142,1=4.09
SLSTOT1142=4.09
TYP1143=2
DATI1143=20200124224424
STATION_NR1143=6111
SHF1143=4615
ACC_REP_NR1143=1177
OPID1143=7
REF1143=1179110560
SEQ1143=1179110738474
SAFTDATI1143=20200124224424
LCUR1143=10
PAN1143=476220*******557
MERCH_ID1143,1=A
MERCH_NAME1143,1=Discovery Filling Station Ltd
MERCH_RECEIPT_SEQ_NR1143,1=611100993679
PRI1143,1=1.00
UPR1143,1=1.00
QTY1143,1=1.00
QTYUNIT1143,1=1
GAMT1143,1=1.00
AMT1143,1=1.00
UGAMT1143,1=1.00
UAMT1143,1=1.00
PLU1143,1=7622210654175
NAM1143,1=MAYNARD WINE
GRP1143,1=CONFECTIONERY
CRD1143,1=3119
ART_MERCH_ID1143,1=A
PRC1143,1=20.00
VAMT1143,1=0.17
EXC1143,1=0.83
INC1143,1=1.00
PRI1143,2=0.60
UPR1143,2=0.60
QTY1143,2=3.00
QTYUNIT1143,2=1
GAMT1143,2=1.80
AMT1143,2=1.20
UGAMT1143,2=1.80
UAMT1143,2=1.20
PLU1143,2=50201600
NAM1143,2=CAD CREME EGG L50
GRP1143,2=CONFECTIONERY
CRD1143,2=3119
PRO1143,2=MMH1866
DSCT1143,2=2
DNAM1143,2=CAD EGG 3 FOR 1.20
DSC1143,2=0.60
ART_MERCH_ID1143,2=A
PRC1143,2=20.00
VAMT1143,2=0.20
EXC1143,2=1.00
INC1143,2=1.20
PRI1143,3=1.00
UPR1143,3=1.00
QTY1143,3=1.00
QTYUNIT1143,3=1
GAMT1143,3=1.00
AMT1143,3=1.00
UGAMT1143,3=1.00
UAMT1143,3=1.00
PLU1143,3=5000237131015
NAM1143,3=NIK NAKS NIC
GRP1143,3=CRISPS
CRD1143,3=3219
ART_MERCH_ID1143,3=A
PRC1143,3=20.00
VAMT1143,3=0.17
EXC1143,3=0.83
INC1143,3=1.00
PRI1143,4=1.00
UPR1143,4=1.00
QTY1143,4=1.00
QTYUNIT1143,4=1
GAMT1143,4=1.00
AMT1143,4=1.00
UGAMT1143,4=1.00
UAMT1143,4=1.00
PLU1143,4=5000159513142
NAM1143,4=MARS SNACK
GRP1143,4=CONFECTIONERY
CRD1143,4=3119
ART_MERCH_ID1143,4=A
PRC1143,4=20.00
VAMT1143,4=0.17
EXC1143,4=0.83
INC1143,4=1.00
PRI1143,5=8.70
UPR1143,5=8.70
QTY1143,5=1.00
QTYUNIT1143,5=1
GAMT1143,5=8.70
AMT1143,5=8.70
UGAMT1143,5=8.70
UAMT1143,5=8.70
PLU1143,5=5000431026902
NAM1143,5=PLAYERS KS 20S
GRP1143,5=TOBACCO
CRD1143,5=4019
ART_MERCH_ID1143,5=A
PRC1143,5=20.00
VAMT1143,5=1.45
EXC1143,5=7.25
INC1143,5=8.70
CPPAN1143,1=476220*******557
MOP1143,1=6
MOP_ADDX1143,1=50
MOP_ADDY1143,1=12
ROP1143,1=1
PM1143,1=949
PSUB1143,1=12
PA1143,1=12.90
SLSTOT1143=12.90
TYP1144=2
DATI1144=20200124224512
STATION_NR1144=6111
SHF1144=4615
ACC_REP_NR1144=1177
OPID1144=7
REF1144=1179110561
SEQ1144=1179110738475
SAFTDATI1144=20200124224512
LCUR1144=10
REPL1144=2
MERCH_ID1144,1=A
MERCH_NAME1144,1=Discovery Filling Station Ltd
MERCH_RECEIPT_SEQ_NR1144,1=611100993680
PRI1144,1=1.00
UPR1144,1=1.00
QTY1144,1=1.00
QTYUNIT1144,1=1
GAMT1144,1=1.00
AMT1144,1=1.00
UGAMT1144,1=1.00
UAMT1144,1=1.00
PLU1144,1=5060466510593
NAM1144,1=RELENTLESS
GRP1144,1=DRINKS
CRD1144,1=3119
ART_MERCH_ID1144,1=A
PRC1144,1=20.00
VAMT1144,1=0.17
EXC1144,1=0.83
INC1144,1=1.00
MOP1144,1=1
MOP_ADDX1144,1=10
ROP1144,1=1
PM1144,1=110
PA1144,1=1.00
SLSTOT1144=1.00
TYP1145=2
DATI1145=20200124224537
STATION_NR1145=6111
SHF1145=4615
ACC_REP_NR1145=1177
OPID1145=7
REF1145=1179110562
SEQ1145=1179110738476
SAFTDATI1145=20200124224537
LCUR1145=10
REPL1145=2
MERCH_ID1145,1=A
MERCH_NAME1145,1=Discovery Filling Station Ltd
MERCH_RECEIPT_SEQ_NR1145,1=611100993681
PMP1145,1=3
PUMP_MODE1145,1=1,1,1
NOZZLE1145,1=1
NDATI1145,1=20200124224432
START_DATE1145,1=20200124224354
PRI1145,1=1.249
BASEPRI1145,1=1.249
QTY1145,1=14.76
QTYUNIT1145,1=2
GAMT1145,1=18.44
AMT1145,1=18.44
UGAMT1145,1=18.44
UAMT1145,1=18.44
PLU1145,1=6
NAM1145,1=FuelSave Unl
GRP1145,1=59
CRD1145,1=325
EXTREF1145,1=FuelSave Unl
ART_MERCH_ID1145,1=A
EXC1145,1=18.44
INC1145,1=18.44
NQUA_CHANGEABLE1145,1=1195153.11
PRI1145,2=1.00
UPR1145,2=1.00
QTY1145,2=1.00
QTYUNIT1145,2=1
GAMT1145,2=1.00
AMT1145,2=1.00
UGAMT1145,2=1.00
UAMT1145,2=1.00
PLU1145,2=4060800174307
NAM1145,2=PEPSI MAX
GRP1145,2=DRINKS
CRD1145,2=3119
ART_MERCH_ID1145,2=A
PRC1145,2=20.00
VAMT1145,2=0.17
EXC1145,2=0.83
INC1145,2=1.00
PRI1145,3=8.70
UPR1145,3=8.70
QTY1145,3=1.00
QTYUNIT1145,3=1
GAMT1145,3=8.70
AMT1145,3=8.70
UGAMT1145,3=8.70
UAMT1145,3=8.70
PLU1145,3=5000431026902
NAM1145,3=PLAYERS KS 20S
GRP1145,3=TOBACCO
CRD1145,3=4019
ART_MERCH_ID1145,3=A
PRC1145,3=20.00
VAMT1145,3=1.45
EXC1145,3=7.25
INC1145,3=8.70
MOP1145,1=1
MOP_ADDX1145,1=10
ROP1145,1=1
PM1145,1=110
PA1145,1=28.14
SLSTOT1145=28.14
TYP1146=2
DATI1146=20200124224621
STATION_NR1146=6111
SHF1146=4615
ACC_REP_NR1146=1177
OPID1146=7
REF1146=1179110563
SEQ1146=1179110738477
SAFTDATI1146=20200124224621
LCUR1146=10
REPL1146=2
MERCH_ID1146,1=A
MERCH_NAME1146,1=Discovery Filling Station Ltd
MERCH_RECEIPT_SEQ_NR1146,1=611100993682
PRI1146,1=11.05
UPR1146,1=11.05
QTY1146,1=1.00
QTYUNIT1146,1=1
GAMT1146,1=11.05
AMT1146,1=11.05
UGAMT1146,1=11.05
UAMT1146,1=11.05
PLU1146,1=5000143921427
NAM1146,1=B&H KS SILVE
GRP1146,1=TOBACCO
CRD1146,1=4019
ART_MERCH_ID1146,1=A
PRC1146,1=20.00
VAMT1146,1=1.84
EXC1146,1=9.21
INC1146,1=11.05
PRI1146,2=1.05
UPR1146,2=1.05
QTY1146,2=1.00
QTYUNIT1146,2=1
GAMT1146,2=1.05
AMT1146,2=1.05
UGAMT1146,2=1.05
UAMT1146,2=1.05
PLU1146,2=3057640136993
NAM1146,2=VOLVIC SPORTS CAP
GRP1146,2=DRINKS
CRD1146,2=3119
ART_MERCH_ID1146,2=A
PRC1146,2=20.00
VAMT1146,2=0.17
EXC1146,2=0.88
INC1146,2=1.05
MOP1146,1=1
MOP_ADDX1146,1=10
ROP1146,1=1
PM1146,1=110
PA1146,1=12.10
SLSTOT1146=12.10
TYP1147=2
DATI1147=20200124224739
STATION_NR1147=6111
SHF1147=4615
ACC_REP_NR1147=1177
OPID1147=7
REF1147=1179110564
SEQ1147=1179110738478
SAFTDATI1147=20200124224739
LCUR1147=10
PAN1147=476224*******711
MERCH_ID1147,1=A
MERCH_NAME1147,1=Discovery Filling Station Ltd
MERCH_RECEIPT_SEQ_NR1147,1=611100993683
PMP1147,1=5
PUMP_MODE1147,1=1,1,1
NOZZLE1147,1=1
NDATI1147,1=20200124224711
START_DATE1147,1=20200124224643
PRI1147,1=1.249
BASEPRI1147,1=1.249
QTY1147,1=8.01
QTYUNIT1147,1=2
GAMT1147,1=10.00
AMT1147,1=10.00
UGAMT1147,1=10.00
UAMT1147,1=10.00
PLU1147,1=6
NAM1147,1=FuelSave Unl
GRP1147,1=59
CRD1147,1=325
EXTREF1147,1=FuelSave Unl
ART_MERCH_ID1147,1=A
EXC1147,1=10.00
INC1147,1=10.00
NQUA_CHANGEABLE1147,1=1062909.54
CPPAN1147,1=476224*******711
MOP1147,1=6
MOP_ADDX1147,1=50
MOP_ADDY1147,1=12
ROP1147,1=1
PM1147,1=949
PSUB1147,1=12
PA1147,1=10.00
SLSTOT1147=10.00
TYP1148=2
DATI1148=20200124224802
STATION_NR1148=6111
SHF1148=4615
ACC_REP_NR1148=1177
OPID1148=7
REF1148=1179110565
SEQ1148=1179110738479
SAFTDATI1148=20200124224802
LCUR1148=10
REPL1148=2
MERCH_ID1148,1=A
MERCH_NAME1148,1=Discovery Filling Station Ltd
MERCH_RECEIPT_SEQ_NR1148,1=611100993684
PRI1148,1=1.25
UPR1148,1=1.25
QTY1148,1=1.00
QTYUNIT1148,1=1
GAMT1148,1=1.25
AMT1148,1=1.25
UGAMT1148,1=1.25
UAMT1148,1=1.25
PLU1148,1=50271207
NAM1148,1=BARR IRU-BRU 750ML
GRP1148,1=DRINKS
CRD1148,1=3119
ART_MERCH_ID1148,1=A
PRC1148,1=20.00
VAMT1148,1=0.21
EXC1148,1=1.04
INC1148,1=1.25
MOP1148,1=1
MOP_ADDX1148,1=10
ROP1148,1=1
PM1148,1=110
PA1148,1=10.00
MOP1148,2=1
MOP_ADDX1148,2=10
ROP1148,2=2
PM1148,2=5110
PA1148,2=-8.75
SLSTOT1148=1.25
TYP1149=2
DATI1149=20200124224926
STATION_NR1149=6111
SHF1149=4615
ACC_REP_NR1149=1177
OPID1149=7
REF1149=1179110566
SEQ1149=1179110738480
SAFTDATI1149=20200124224926
LCUR1149=10
REPL1149=2
MERCH_ID1149,1=A
MERCH_NAME1149,1=Discovery Filling Station Ltd
MERCH_RECEIPT_SEQ_NR1149,1=611100993685
PRI1149,1=0.51
UPR1149,1=0.51
QTY1149,1=1.00
QTYUNIT1149,1=1
GAMT1149,1=0.51
AMT1149,1=0.51
UGAMT1149,1=0.51
UAMT1149,1=0.51
PLU1149,1=8593893764972
NAM1149,1=RANDOMS SOURS BAG
GRP1149,1=CONFECTIONERY
CRD1149,1=3119
ART_MERCH_ID1149,1=A
PRC1149,1=20.00
VAMT1149,1=0.08
EXC1149,1=0.43
INC1149,1=0.51
PRI1149,2=1.39
UPR1149,2=1.39
QTY1149,2=1.00
QTYUNIT1149,2=1
GAMT1149,2=1.39
AMT1149,2=1.39
UGAMT1149,2=1.39
UAMT1149,2=1.39
PLU1149,2=5449000073587
NAM1149,2=CAPRI-SUN JUICE DRIN
GRP1149,2=DRINKS
CRD1149,2=3119
ART_MERCH_ID1149,2=A
PRC1149,2=20.00
VAMT1149,2=0.23
EXC1149,2=1.16
INC1149,2=1.39
MOP1149,1=1
MOP_ADDX1149,1=10
ROP1149,1=1
PM1149,1=110
PA1149,1=1.90
SLSTOT1149=1.90
TYP1150=2
DATI1150=20200124224946
STATION_NR1150=6111
SHF1150=4615
ACC_REP_NR1150=1177
OPID1150=7
REF1150=1179110567
SEQ1150=1179110738481
SAFTDATI1150=20200124224946
LCUR1150=10
REPL1150=2
MERCH_ID1150,1=A
MERCH_NAME1150,1=Discovery Filling Station Ltd
MERCH_RECEIPT_SEQ_NR1150,1=611100993686
PRI1150,1=2.70
UPR1150,1=2.70
QTY1150,1=1.00
QTYUNIT1150,1=1
GAMT1150,1=2.70
AMT1150,1=2.70
UGAMT1150,1=2.70
UAMT1150,1=2.70
PLU1150,1=1009
NAM1150,1=LARGE 16OZ HOT DRINK
GRP1150,1=DRINKS PROMO
CRD1150,1=6000
ART_MERCH_ID1150,1=A
PRC1150,1=20.00
VAMT1150,1=0.45
EXC1150,1=2.25
INC1150,1=2.70
MOP1150,1=1
MOP_ADDX1150,1=10
ROP1150,1=1
PM1150,1=110
PA1150,1=10.00
MOP1150,2=1
MOP_ADDX1150,2=10
ROP1150,2=2
PM1150,2=5110
PA1150,2=-7.30
SLSTOT1150=2.70
TYP1151=2
DATI1151=20200124225011
STATION_NR1151=6111
SHF1151=4615
ACC_REP_NR1151=1177
OPID1151=7
REF1151=1179110568
SEQ1151=1179110738482
SAFTDATI1151=20200124225011
LCUR1151=10
REPL1151=2
MERCH_ID1151,1=A
MERCH_NAME1151,1=Discovery Filling Station Ltd
MERCH_RECEIPT_SEQ_NR1151,1=611100993687
PRI1151,1=0.95
UPR1151,1=0.95
QTY1151,1=1.00
QTYUNIT1151,1=1
GAMT1151,1=0.95
AMT1151,1=0.95
UGAMT1151,1=0.95
UAMT1151,1=0.95
PLU1151,1=5010891011868
NAM1151,1=RIZLA KS SLIM SILVER
GRP1151,1=TOBACCO SUNDRIE
CRD1151,1=4019
ART_MERCH_ID1151,1=A
PRC1151,1=20.00
VAMT1151,1=0.16
EXC1151,1=0.79
INC1151,1=0.95
MOP1151,1=1
MOP_ADDX1151,1=10
ROP1151,1=1
PM1151,1=110
PA1151,1=0.95
SLSTOT1151=0.95
TYP1152=2
DATI1152=20200124225017
STATION_NR1152=6111
SHF1152=2729
ACC_REP_NR1152=1177
OPID1152=13
REF1152=1179120430
SEQ1152=1179120275244
SAFTDATI1152=20200124225017
LCUR1152=10
REPL1152=2
MOP1152,1=1
MOP_ADDX1152,1=10
ROP1152,1=5
PM1152,1=2510
PA1152,1=-415.00
SAFEDROPREF1152,1=13
TYP1153=3
DATI1153=20200124225028
STATION_NR1153=6111
SHF1153=2729
REF1153=1179120000
OPID1153=13
POSDISCONNECTED1153=NO
TYP1154=20
DATI1154=20200124225055
STATION_NR1154=6111
SHF1154=2729
REF1154=1179120000
OPID1154=13
SHF_CURL1154,10=2.73
TYP1155=2
DATI1155=20200124225100
STATION_NR1155=6111
SHF1155=4615
ACC_REP_NR1155=1177
OPID1155=7
REF1155=1179110569
SEQ1155=1179110738483
SAFTDATI1155=20200124225100
LCUR1155=10
REPL1155=2
MERCH_ID1155,1=A
MERCH_NAME1155,1=Discovery Filling Station Ltd
MERCH_RECEIPT_SEQ_NR1155,1=611100993688
PRI1155,1=1.00
UPR1155,1=1.00
QTY1155,1=1.00
QTYUNIT1155,1=1
GAMT1155,1=1.00
AMT1155,1=1.00
UGAMT1155,1=1.00
UAMT1155,1=1.00
PLU1155,1=5010115910014
NAM1155,1=T&L GRAN SUGAR
GRP1155,1=GROCERY ZERO
CRD1155,1=3100
ART_MERCH_ID1155,1=A
EXC1155,1=1.00
INC1155,1=1.00
PRI1155,2=0.80
UPR1155,2=0.80
QTY1155,2=1.00
QTYUNIT1155,2=1
GAMT1155,2=0.80
AMT1155,2=0.80
UGAMT1155,2=0.80
UAMT1155,2=0.80
PLU1155,2=5000201499776
NAM1155,2=CADBURY TWIRL CHOCOL
GRP1155,2=CONFECTIONERY
CRD1155,2=3119
ART_MERCH_ID1155,2=A
PRC1155,2=20.00
VAMT1155,2=0.13
EXC1155,2=0.67
INC1155,2=0.80
PRI1155,3=0.79
UPR1155,3=0.79
QTY1155,3=1.00
QTYUNIT1155,3=1
GAMT1155,3=0.79
AMT1155,3=0.79
UGAMT1155,3=0.79
UAMT1155,3=0.79
PLU1155,3=5020379150071
NAM1155,3=ES WHOLEMILK
GRP1155,3=CHILLED FOOD
CRD1155,3=3400
ART_MERCH_ID1155,3=A
EXC1155,3=0.79
INC1155,3=0.79
MOP1155,1=1
MOP_ADDX1155,1=10
ROP1155,1=1
PM1155,1=110
PA1155,1=2.59
SLSTOT1155=2.59
TYP1156=2
DATI1156=20200124225202
STATION_NR1156=6111
SHF1156=4615
ACC_REP_NR1156=1177
OPID1156=7
REF1156=1179110570
SEQ1156=1179110738484
SAFTDATI1156=20200124225202
LCUR1156=10
REPL1156=2
MERCH_ID1156,1=A
MERCH_NAME1156,1=Discovery Filling Station Ltd
MERCH_RECEIPT_SEQ_NR1156,1=611100993689
PMP1156,1=5
PUMP_MODE1156,1=1,1,1
NOZZLE1156,1=2
NDATI1156,1=20200124225135
START_DATE1156,1=20200124225042
PRI1156,1=1.299
BASEPRI1156,1=1.299
QTY1156,1=15.40
QTYUNIT1156,1=2
GAMT1156,1=20.00
AMT1156,1=20.00
UGAMT1156,1=20.00
UAMT1156,1=20.00
PLU1156,1=3
NAM1156,1=FuelSave Dsl
GRP1156,1=59
CRD1156,1=425
EXTREF1156,1=FuelSave Dsl
ART_MERCH_ID1156,1=A
EXC1156,1=20.00
INC1156,1=20.00
NQUA_CHANGEABLE1156,1=1115664.30
MOP1156,1=1
MOP_ADDX1156,1=10
ROP1156,1=1
PM1156,1=110
PA1156,1=20.00
SLSTOT1156=20.00
TYP1157=2
DATI1157=20200124225338
STATION_NR1157=6111
SHF1157=4615
ACC_REP_NR1157=1177
OPID1157=7
REF1157=1179110571
SEQ1157=1179110738485
SAFTDATI1157=20200124225338
LCUR1157=10
REPL1157=2
MERCH_ID1157,1=A
MERCH_NAME1157,1=Discovery Filling Station Ltd
MERCH_RECEIPT_SEQ_NR1157,1=611100993690
PRI1157,1=14.50
UPR1157,1=14.50
QTY1157,1=1.00
QTYUNIT1157,1=1
GAMT1157,1=14.50
AMT1157,1=14.50
UGAMT1157,1=14.50
UAMT1157,1=14.50
PLU1157,1=5000435010778
NAM1157,1=GOLDEN VIRGINIA 30G
GRP1157,1=TOBACCO
CRD1157,1=4019
ART_MERCH_ID1157,1=A
PRC1157,1=20.00
VAMT1157,1=2.42
EXC1157,1=12.08
INC1157,1=14.50
MOP1157,1=1
MOP_ADDX1157,1=10
ROP1157,1=1
PM1157,1=110
PA1157,1=14.50
SLSTOT1157=14.50
TYP1158=2
DATI1158=20200124225541
STATION_NR1158=6111
SHF1158=4615
ACC_REP_NR1158=1177
OPID1158=7
REF1158=1179110572
SEQ1158=1179110738486
SAFTDATI1158=20200124225541
LCUR1158=10
REPL1158=2
MOP1158,1=1
MOP_ADDX1158,1=10
ROP1158,1=5
PM1158,1=2510
PA1158,1=-345.00
TYP1159=3
DATI1159=20200124225549
STATION_NR1159=6111
SHF1159=4615
REF1159=1179110000
OPID1159=7
POSDISCONNECTED1159=NO
TYP1160=20
DATI1160=20200124225613
STATION_NR1160=6111
SHF1160=4615
REF1160=1179110000
OPID1160=7
SHF_CURL1160,10=3.61
TYP1161=1
DATI1161=20200124225629
STATION_NR1161=6111
SHF1161=4616
REF1161=1179110000
OPID1161=4
TYP1162=2
DATI1162=20200124225637
STATION_NR1162=6111
SHF1162=4616
ACC_REP_NR1162=1177
OPID1162=4
REF1162=1179110573
SEQ1162=1179110738487
SAFTDATI1162=20200124225637
LCUR1162=10
PAN1162=475117*******877
MERCH_ID1162,1=A
MERCH_NAME1162,1=Discovery Filling Station Ltd
MERCH_RECEIPT_SEQ_NR1162,1=611100993691
PMP1162,1=2
PUMP_MODE1162,1=1,1,1
NOZZLE1162,1=2
NDATI1162,1=20200124225309
START_DATE1162,1=20200124225228
PRI1162,1=1.299
BASEPRI1162,1=1.299
QTY1162,1=11.55
QTYUNIT1162,1=2
GAMT1162,1=15.00
AMT1162,1=15.00
UGAMT1162,1=15.00
UAMT1162,1=15.00
PLU1162,1=3
NAM1162,1=FuelSave Dsl
GRP1162,1=59
CRD1162,1=425
EXTREF1162,1=FuelSave Dsl
ART_MERCH_ID1162,1=A
EXC1162,1=15.00
INC1162,1=15.00
NQUA_CHANGEABLE1162,1=1555722.76
CPPAN1162,1=475117*******877
MOP1162,1=6
MOP_ADDX1162,1=50
MOP_ADDY1162,1=12
ROP1162,1=1
PM1162,1=949
PSUB1162,1=12
PA1162,1=15.00
SLSTOT1162=15.00
TYP1163=2
DATI1163=20200124225700
STATION_NR1163=6111
SHF1163=4616
ACC_REP_NR1163=1177
OPID1163=4
REF1163=1179110574
SEQ1163=1179110738488
SAFTDATI1163=20200124225700
LCUR1163=10
REPL1163=2
MERCH_ID1163,1=A
MERCH_NAME1163,1=Discovery Filling Station Ltd
MERCH_RECEIPT_SEQ_NR1163,1=611100993692
PMP1163,1=4
PUMP_MODE1163,1=1,1,1
NOZZLE1163,1=3
NDATI1163,1=20200124225325
START_DATE1163,1=20200124225246
PRI1163,1=1.299
BASEPRI1163,1=1.299
QTY1163,1=12.32
QTYUNIT1163,1=2
GAMT1163,1=16.00
AMT1163,1=16.00
UGAMT1163,1=16.00
UAMT1163,1=16.00
PLU1163,1=3
NAM1163,1=FuelSave Dsl
GRP1163,1=59
CRD1163,1=425
EXTREF1163,1=FuelSave Dsl
ART_MERCH_ID1163,1=A
EXC1163,1=16.00
INC1163,1=16.00
NQUA_CHANGEABLE1163,1=1503449.70
MOP1163,1=1
MOP_ADDX1163,1=10
ROP1163,1=1
PM1163,1=110
PA1163,1=16.00
SLSTOT1163=16.00
TYP1164=2
DATI1164=20200124225712
STATION_NR1164=6111
SHF1164=4616
ACC_REP_NR1164=1177
OPID1164=4
REF1164=1179110575
SEQ1164=1179110738489
SAFTDATI1164=20200124225712
LCUR1164=10
REPL1164=2
MERCH_ID1164,1=A
MERCH_NAME1164,1=Discovery Filling Station Ltd
MERCH_RECEIPT_SEQ_NR1164,1=611100993693
PMP1164,1=5
PUMP_MODE1164,1=1,1,1
NOZZLE1164,1=1
NDATI1164,1=20200124225508
START_DATE1164,1=20200124225431
PRI1164,1=1.249
BASEPRI1164,1=1.249
QTY1164,1=8.01
QTYUNIT1164,1=2
GAMT1164,1=10.00
AMT1164,1=10.00
UGAMT1164,1=10.00
UAMT1164,1=10.00
PLU1164,1=6
NAM1164,1=FuelSave Unl
GRP1164,1=59
CRD1164,1=325
EXTREF1164,1=FuelSave Unl
ART_MERCH_ID1164,1=A
EXC1164,1=10.00
INC1164,1=10.00
NQUA_CHANGEABLE1164,1=1062917.55
MOP1164,1=1
MOP_ADDX1164,1=10
ROP1164,1=1
PM1164,1=110
PA1164,1=10.00
SLSTOT1164=10.00
TYP1165=2
DATI1165=20200124225724
STATION_NR1165=6111
SHF1165=4616
ACC_REP_NR1165=1177
OPID1165=4
REF1165=1179110576
SEQ1165=1179110738490
SAFTDATI1165=20200124225724
LCUR1165=10
PAN1165=446292*******949
MERCH_ID1165,1=A
MERCH_NAME1165,1=Discovery Filling Station Ltd
MERCH_RECEIPT_SEQ_NR1165,1=611100993694
PRI1165,1=8.80
UPR1165,1=8.80
QTY1165,1=1.00
QTYUNIT1165,1=1
GAMT1165,1=8.80
AMT1165,1=8.80
UGAMT1165,1=8.80
UAMT1165,1=8.80
PLU1165,1=5000431028951
NAM1165,1=L & B BLUE K/S BLUE
GRP1165,1=TOBACCO
CRD1165,1=4019
ART_MERCH_ID1165,1=A
PRC1165,1=20.00
VAMT1165,1=1.47
EXC1165,1=7.33
INC1165,1=8.80
CPPAN1165,1=446292*******949
MOP1165,1=6
MOP_ADDX1165,1=50
MOP_ADDY1165,1=12
ROP1165,1=1
PM1165,1=949
PSUB1165,1=12
PA1165,1=8.80
SLSTOT1165=8.80
TYP1166=2
DATI1166=20200124225944
STATION_NR1166=6111
SHF1166=4616
ACC_REP_NR1166=1177
OPID1166=4
REF1166=1179110577
SEQ1166=1179110738491
SAFTDATI1166=20200124225944
LCUR1166=10
REPL1166=2
MERCH_ID1166,1=A
MERCH_NAME1166,1=Discovery Filling Station Ltd
MERCH_RECEIPT_SEQ_NR1166,1=611100993695
PRI1166,1=1.05
UPR1166,1=1.05
QTY1166,1=1.00
QTYUNIT1166,1=1
GAMT1166,1=1.05
AMT1166,1=1.05
UGAMT1166,1=1.05
UAMT1166,1=1.05
PLU1166,1=3057640372513
NAM1166,1=VOLVIC TOUCH OF FRUI
GRP1166,1=DRINKS
CRD1166,1=3119
ART_MERCH_ID1166,1=A
PRC1166,1=20.00
VAMT1166,1=0.17
EXC1166,1=0.88
INC1166,1=1.05
PRI1166,2=0.50
UPR1166,2=0.50
QTY1166,2=1.00
QTYUNIT1166,2=1
GAMT1166,2=0.50
AMT1166,2=0.50
UGAMT1166,2=0.50
UAMT1166,2=0.50
PLU1166,2=5020379148719
NAM1166,2=ES WHITE FAM
GRP1166,2=GENERAL GOODS V
CRD1166,2=3319
ART_MERCH_ID1166,2=A
PRC1166,2=20.00
VAMT1166,2=0.08
EXC1166,2=0.42
INC1166,2=0.50
PRI1166,3=1.09
UPR1166,3=1.09
QTY1166,3=1.00
QTYUNIT1166,3=1
GAMT1166,3=1.09
AMT1166,3=1.09
UGAMT1166,3=1.09
UAMT1166,3=1.09
PLU1166,3=5054267007932
NAM1166,3=LUCOZADE
GRP1166,3=DRINKS
CRD1166,3=3119
ART_MERCH_ID1166,3=A
PRC1166,3=20.00
VAMT1166,3=0.18
EXC1166,3=0.91
INC1166,3=1.09
PRI1166,4=1.09
UPR1166,4=1.09
QTY1166,4=1.00
QTYUNIT1166,4=1
GAMT1166,4=1.09
AMT1166,4=1.09
UGAMT1166,4=1.09
UAMT1166,4=1.09
PLU1166,4=5054267007642
NAM1166,4=LUCOZADE
GRP1166,4=DRINKS
CRD1166,4=3119
ART_MERCH_ID1166,4=A
PRC1166,4=20.00
VAMT1166,4=0.18
EXC1166,4=0.91
INC1166,4=1.09
PRI1166,5=1.05
UPR1166,5=1.05
QTY1166,5=1.00
QTYUNIT1166,5=1
GAMT1166,5=1.05
AMT1166,5=1.05
UGAMT1166,5=1.05
UAMT1166,5=1.05
PLU1166,5=3068320084602
NAM1166,5=EVIAN
GRP1166,5=DRINKS
CRD1166,5=3119
ART_MERCH_ID1166,5=A
PRC1166,5=20.00
VAMT1166,5=0.17
EXC1166,5=0.88
INC1166,5=1.05
MOP1166,1=1
MOP_ADDX1166,1=10
ROP1166,1=1
PM1166,1=110
PA1166,1=10.00
MOP1166,2=1
MOP_ADDX1166,2=10
ROP1166,2=2
PM1166,2=5110
PA1166,2=-5.22
SLSTOT1166=4.78
TYP1167=2
DATI1167=20200124230004
STATION_NR1167=6111
SHF1167=4616
ACC_REP_NR1167=1177
OPID1167=4
REF1167=1179110578
SEQ1167=1179110738492
SAFTDATI1167=20200124230004
LCUR1167=10
PAN1167=476223*******127
MERCH_ID1167,1=A
MERCH_NAME1167,1=Discovery Filling Station Ltd
MERCH_RECEIPT_SEQ_NR1167,1=611100993696
PMP1167,1=1
PUMP_MODE1167,1=1,1,1
NOZZLE1167,1=1
NDATI1167,1=20200124225930
START_DATE1167,1=20200124225801
PRI1167,1=1.249
BASEPRI1167,1=1.249
QTY1167,1=40.30
QTYUNIT1167,1=2
GAMT1167,1=50.33
AMT1167,1=50.33
UGAMT1167,1=50.33
UAMT1167,1=50.33
PLU1167,1=6
NAM1167,1=FuelSave Unl
GRP1167,1=59
CRD1167,1=325
EXTREF1167,1=FuelSave Unl
ART_MERCH_ID1167,1=A
EXC1167,1=50.33
INC1167,1=50.33
NQUA_CHANGEABLE1167,1=662723.20
CPPAN1167,1=476223*******127
MOP1167,1=6
MOP_ADDX1167,1=50
MOP_ADDY1167,1=12
ROP1167,1=1
PM1167,1=949
PSUB1167,1=12
PA1167,1=50.33
SLSTOT1167=50.33
TYP1168=2
DATI1168=20200124230207
STATION_NR1168=6111
SHF1168=4616
ACC_REP_NR1168=1177
OPID1168=4
REF1168=1179110579
SEQ1168=1179110738493
SAFTDATI1168=20200124230207
LCUR1168=10
REPL1168=2
MERCH_ID1168,1=A
MERCH_NAME1168,1=Discovery Filling Station Ltd
MERCH_RECEIPT_SEQ_NR1168,1=611100993697
PRI1168,1=0.95
UPR1168,1=0.95
QTY1168,1=1.00
QTYUNIT1168,1=1
GAMT1168,1=0.95
AMT1168,1=0.95
UGAMT1168,1=0.95
UAMT1168,1=0.95
PLU1168,1=5010891011868
NAM1168,1=RIZLA KS SLIM SILVER
GRP1168,1=TOBACCO SUNDRIE
CRD1168,1=4019
ART_MERCH_ID1168,1=A
PRC1168,1=20.00
VAMT1168,1=0.16
EXC1168,1=0.79
INC1168,1=0.95
MOP1168,1=1
MOP_ADDX1168,1=10
ROP1168,1=1
PM1168,1=110
PA1168,1=0.95
SLSTOT1168=0.95
TYP1169=2
DATI1169=20200124230325
STATION_NR1169=6111
SHF1169=4616
ACC_REP_NR1169=1177
OPID1169=4
REF1169=1179110580
SEQ1169=1179110738494
SAFTDATI1169=20200124230325
LCUR1169=10
REPL1169=2
MERCH_ID1169,1=A
MERCH_NAME1169,1=Discovery Filling Station Ltd
MERCH_RECEIPT_SEQ_NR1169,1=611100993698
PRI1169,1=9.80
UPR1169,1=9.80
QTY1169,1=1.00
QTYUNIT1169,1=1
GAMT1169,1=9.80
AMT1169,1=9.80
UGAMT1169,1=9.80
UAMT1169,1=9.80
PLU1169,1=5000143936339
NAM1169,1=STERLING KS
GRP1169,1=TOBACCO
CRD1169,1=4019
ART_MERCH_ID1169,1=A
PRC1169,1=20.00
VAMT1169,1=1.63
EXC1169,1=8.17
INC1169,1=9.80
PRI1169,2=1.00
UPR1169,2=1.00
QTY1169,2=1.00
QTYUNIT1169,2=1
GAMT1169,2=1.00
AMT1169,2=1.00
UGAMT1169,2=1.00
UAMT1169,2=1.00
PLU1169,2=7622210431646
NAM1169,2=CAD OREO
GRP1169,2=CONFECTIONERY
CRD1169,2=3119
ART_MERCH_ID1169,2=A
PRC1169,2=20.00
VAMT1169,2=0.17
EXC1169,2=0.83
INC1169,2=1.00
MOP1169,1=1
MOP_ADDX1169,1=10
ROP1169,1=1
PM1169,1=110
PA1169,1=20.00
MOP1169,2=1
MOP_ADDX1169,2=10
ROP1169,2=2
PM1169,2=5110
PA1169,2=-9.20
SLSTOT1169=10.80
TYP1170=2
DATI1170=20200124230446
STATION_NR1170=6111
SHF1170=4616
ACC_REP_NR1170=1177
OPID1170=4
REF1170=1179110581
SEQ1170=1179110738495
SAFTDATI1170=20200124230446
LCUR1170=10
REPL1170=2
MERCH_ID1170,1=A
MERCH_NAME1170,1=Discovery Filling Station Ltd
MERCH_RECEIPT_SEQ_NR1170,1=611100993699
PRI1170,1=1.59
UPR1170,1=1.59
QTY1170,1=1.00
QTYUNIT1170,1=1
GAMT1170,1=1.59
AMT1170,1=1.59
UGAMT1170,1=1.59
UAMT1170,1=1.59
PLU1170,1=9002490239565
NAM1170,1=RED BULL
GRP1170,1=DRINKS
CRD1170,1=3119
ART_MERCH_ID1170,1=A
PRC1170,1=20.00
VAMT1170,1=0.26
EXC1170,1=1.33
INC1170,1=1.59
PRI1170,2=0.79
UPR1170,2=0.79
QTY1170,2=1.00
QTYUNIT1170,2=1
GAMT1170,2=0.79
AMT1170,2=0.79
UGAMT1170,2=0.79
UAMT1170,2=0.79
PLU1170,2=5020379150071
NAM1170,2=ES WHOLEMILK
GRP1170,2=CHILLED FOOD
CRD1170,2=3400
ART_MERCH_ID1170,2=A
EXC1170,2=0.79
INC1170,2=0.79
MOP1170,1=1
MOP_ADDX1170,1=10
ROP1170,1=1
PM1170,1=110
PA1170,1=5.00
MOP1170,2=1
MOP_ADDX1170,2=10
ROP1170,2=2
PM1170,2=5110
PA1170,2=-2.62
SLSTOT1170=2.38
TYP1171=2
DATI1171=20200124230538
STATION_NR1171=6111
SHF1171=4616
ACC_REP_NR1171=1177
OPID1171=4
REF1171=1179110582
SEQ1171=1179110738496
SAFTDATI1171=20200124230538
LCUR1171=10
REPL1171=2
MERCH_ID1171,1=A
MERCH_NAME1171,1=Discovery Filling Station Ltd
MERCH_RECEIPT_SEQ_NR1171,1=611100993700
PMP1171,1=4
PUMP_MODE1171,1=1,1,1
NOZZLE1171,1=3
NDATI1171,1=20200124230454
START_DATE1171,1=20200124230322
PRI1171,1=1.299
BASEPRI1171,1=1.299
QTY1171,1=34.64
QTYUNIT1171,1=2
GAMT1171,1=45.00
AMT1171,1=45.00
UGAMT1171,1=45.00
UAMT1171,1=45.00
PLU1171,1=3
NAM1171,1=FuelSave Dsl
GRP1171,1=59
CRD1171,1=425
EXTREF1171,1=FuelSave Dsl
ART_MERCH_ID1171,1=A
EXC1171,1=45.00
INC1171,1=45.00
NQUA_CHANGEABLE1171,1=1503484.34
MOP1171,1=1
MOP_ADDX1171,1=10
ROP1171,1=1
PM1171,1=110
PA1171,1=45.00
SLSTOT1171=45.00
TYP1172=2
DATI1172=20200124230932
STATION_NR1172=6111
SHF1172=4616
ACC_REP_NR1172=1177
OPID1172=4
REF1172=1179110583
SEQ1172=1179110738497
SAFTDATI1172=20200124230932
LCUR1172=10
REPL1172=2
MERCH_ID1172,1=A
MERCH_NAME1172,1=Discovery Filling Station Ltd
MERCH_RECEIPT_SEQ_NR1172,1=611100993701
PMP1172,1=5
PUMP_MODE1172,1=1,1,1
NOZZLE1172,1=2
NDATI1172,1=20200124230831
START_DATE1172,1=20200124230811
PRI1172,1=1.299
BASEPRI1172,1=1.299
QTY1172,1=3.53
QTYUNIT1172,1=2
GAMT1172,1=4.59
AMT1172,1=4.59
UGAMT1172,1=4.59
UAMT1172,1=4.59
PLU1172,1=3
NAM1172,1=FuelSave Dsl
GRP1172,1=59
CRD1172,1=425
EXTREF1172,1=FuelSave Dsl
ART_MERCH_ID1172,1=A
EXC1172,1=4.59
INC1172,1=4.59
NQUA_CHANGEABLE1172,1=1115667.83
PRI1172,2=0.40
UPR1172,2=0.40
QTY1172,2=1.00
QTYUNIT1172,2=1
GAMT1172,2=0.40
AMT1172,2=0.40
UGAMT1172,2=0.40
UAMT1172,2=0.40
PLU1172,2=5900951025808
NAM1172,2=MILKY WAY SINGLE
GRP1172,2=CONFECTIONERY
CRD1172,2=3119
ART_MERCH_ID1172,2=A
PRC1172,2=20.00
VAMT1172,2=0.07
EXC1172,2=0.33
INC1172,2=0.40
MOP1172,1=1
MOP_ADDX1172,1=10
ROP1172,1=1
PM1172,1=110
PA1172,1=4.99
SLSTOT1172=4.99
TYP1173=2
DATI1173=20200124231111
STATION_NR1173=6111
SHF1173=4616
ACC_REP_NR1173=1177
OPID1173=4
REF1173=1179110584
SEQ1173=1179110738498
SAFTDATI1173=20200124231111
LCUR1173=10
REPL1173=2
MERCH_ID1173,1=A
MERCH_NAME1173,1=Discovery Filling Station Ltd
MERCH_RECEIPT_SEQ_NR1173,1=611100993702
PRI1173,1=8.90
UPR1173,1=8.90
QTY1173,1=1.00
QTYUNIT1173,1=1
GAMT1173,1=8.90
AMT1173,1=8.90
UGAMT1173,1=8.90
UAMT1173,1=8.90
PLU1173,1=5000143920628
NAM1173,1=B&H SK BLUE
GRP1173,1=TOBACCO
CRD1173,1=4019
ART_MERCH_ID1173,1=A
PRC1173,1=20.00
VAMT1173,1=1.48
EXC1173,1=7.42
INC1173,1=8.90
MOP1173,1=1
MOP_ADDX1173,1=10
ROP1173,1=1
PM1173,1=110
PA1173,1=8.90
SLSTOT1173=8.90
TYP1174=2
DATI1174=20200124231317
STATION_NR1174=6111
SHF1174=4616
ACC_REP_NR1174=1177
OPID1174=4
REF1174=1179110585
SEQ1174=1179110738499
SAFTDATI1174=20200124231317
LCUR1174=10
PAN1174=476224*******753
REPL1174=2
MERCH_ID1174,1=A
MERCH_NAME1174,1=Discovery Filling Station Ltd
MERCH_RECEIPT_SEQ_NR1174,1=611100993703
PRI1174,1=8.80
UPR1174,1=8.80
QTY1174,1=1.00
QTYUNIT1174,1=1
GAMT1174,1=8.80
AMT1174,1=8.80
UGAMT1174,1=8.80
UAMT1174,1=8.80
PLU1174,1=5000431028951
NAM1174,1=L & B BLUE K/S BLUE
GRP1174,1=TOBACCO
CRD1174,1=4019
ART_MERCH_ID1174,1=A
PRC1174,1=20.00
VAMT1174,1=1.47
EXC1174,1=7.33
INC1174,1=8.80
MOP1174,1=1
MOP_ADDX1174,1=10
ROP1174,1=1
PM1174,1=110
PA1174,1=3.80
CPPAN1174,2=476224*******753
MOP1174,2=6
MOP_ADDX1174,2=50
MOP_ADDY1174,2=12
ROP1174,2=1
PM1174,2=949
PSUB1174,2=12
PA1174,2=5.00
SLSTOT1174=8.80
TYP1175=2
DATI1175=20200124231338
STATION_NR1175=6111
SHF1175=4616
ACC_REP_NR1175=1177
OPID1175=4
REF1175=1179110586
SEQ1175=1179110738500
SAFTDATI1175=20200124231338
LCUR1175=10
PAN1175=476223*******711
MERCH_ID1175,1=A
MERCH_NAME1175,1=Discovery Filling Station Ltd
MERCH_RECEIPT_SEQ_NR1175,1=611100993704
PMP1175,1=1
PUMP_MODE1175,1=1,1,1
NOZZLE1175,1=2
NDATI1175,1=20200124231243
START_DATE1175,1=20200124231214
PRI1175,1=1.299
BASEPRI1175,1=1.299
QTY1175,1=7.70
QTYUNIT1175,1=2
GAMT1175,1=10.00
AMT1175,1=10.00
UGAMT1175,1=10.00
UAMT1175,1=10.00
PLU1175,1=3
NAM1175,1=FuelSave Dsl
GRP1175,1=59
CRD1175,1=425
EXTREF1175,1=FuelSave Dsl
ART_MERCH_ID1175,1=A
EXC1175,1=10.00
INC1175,1=10.00
NQUA_CHANGEABLE1175,1=826308.97
PRI1175,2=0.79
UPR1175,2=0.79
QTY1175,2=2.00
QTYUNIT1175,2=1
GAMT1175,2=1.58
AMT1175,2=1.58
UGAMT1175,2=1.58
UAMT1175,2=1.58
PLU1175,2=5000112630633
NAM1175,2=COCA COLA
GRP1175,2=DRINKS
CRD1175,2=3119
ART_MERCH_ID1175,2=A
PRC1175,2=20.00
VAMT1175,2=0.26
EXC1175,2=1.32
INC1175,2=1.58
CPPAN1175,1=476223*******711
MOP1175,1=6
MOP_ADDX1175,1=50
MOP_ADDY1175,1=12
ROP1175,1=1
PM1175,1=949
PSUB1175,1=12
PA1175,1=11.58
SLSTOT1175=11.58
TYP1176=2
DATI1176=20200124231419
STATION_NR1176=6111
SHF1176=4616
ACC_REP_NR1176=1177
OPID1176=4
REF1176=1179110587
SEQ1176=1179110738501
SAFTDATI1176=20200124231419
LCUR1176=10
REPL1176=2
MERCH_ID1176,1=A
MERCH_NAME1176,1=Discovery Filling Station Ltd
MERCH_RECEIPT_SEQ_NR1176,1=611100993705
PRI1176,1=1.59
UPR1176,1=1.59
QTY1176,1=1.00
QTYUNIT1176,1=1
GAMT1176,1=1.59
AMT1176,1=1.59
UGAMT1176,1=1.59
UAMT1176,1=1.59
PLU1176,1=5060147114461
NAM1176,1=SANDWICH
GRP1176,1=CHILLED FOOD
CRD1176,1=3400
ART_MERCH_ID1176,1=A
EXC1176,1=1.59
INC1176,1=1.59
PRI1176,2=2.15
UPR1176,2=2.15
QTY1176,2=1.00
QTYUNIT1176,2=1
GAMT1176,2=2.15
AMT1176,2=2.15
UGAMT1176,2=2.15
UAMT1176,2=2.15
PLU1176,2=5000112644692
NAM1176,2=COCA COLA
GRP1176,2=DRINKS
CRD1176,2=3119
ART_MERCH_ID1176,2=A
PRC1176,2=20.00
VAMT1176,2=0.36
EXC1176,2=1.79
INC1176,2=2.15
PRI1176,3=0.95
UPR1176,3=0.95
QTY1176,3=1.00
QTYUNIT1176,3=1
GAMT1176,3=0.95
AMT1176,3=0.95
UGAMT1176,3=0.95
UAMT1176,3=0.95
PLU1176,3=5010891011868
NAM1176,3=RIZLA KS SLIM SILVER
GRP1176,3=TOBACCO SUNDRIE
CRD1176,3=4019
ART_MERCH_ID1176,3=A
PRC1176,3=20.00
VAMT1176,3=0.16
EXC1176,3=0.79
INC1176,3=0.95
MOP1176,1=1
MOP_ADDX1176,1=10
ROP1176,1=1
PM1176,1=110
PA1176,1=20.00
MOP1176,2=1
MOP_ADDX1176,2=10
ROP1176,2=2
PM1176,2=5110
PA1176,2=-15.31
SLSTOT1176=4.69
TYP1177=2
DATI1177=20200124231612
STATION_NR1177=6111
ACC_REP_NR1177=1177
REF1177=1179510027
SEQ1177=1179510017037
SAFTDATI1177=20200124231612
LCUR1177=10
PAN1177=475117******3998
HOSTTYPE1177=12
HOSTBOOKPER1177=1179
AUTH1177=951246
CAIC1177=044026111
ONLINERC1177=000
STAN1177=058590
REPL1177=2
MERCH_ID1177,1=A
MERCH_NAME1177,1=Discovery Filling Station Ltd
PMP1177,1=5
PUMP_MODE1177,1=1,3,2
NOZZLE1177,1=1
NDATI1177,1=20200124231612
START_DATE1177,1=20200124231446
PRI1177,1=1.249
BASEPRI1177,1=1.249
QTY1177,1=40.03
QTYUNIT1177,1=2
GAMT1177,1=50.00
AMT1177,1=50.00
UGAMT1177,1=50.00
UAMT1177,1=50.00
PLU1177,1=6
NAM1177,1=FuelSave Unl
GRP1177,1=59
CRD1177,1=325
EXTREF1177,1=FuelSave Unl
ART_MERCH_ID1177,1=A
EXC1177,1=50.00
INC1177,1=50.00
NQUA_CHANGEABLE1177,1=1062957.58
CPPAN1177,1=475117******3998
CPREPL1177,1=2
CPHOSTTYPE1177,1=12
CPHOSTBKPER1177,1=1179
CPAUTH1177,1=951246
CPCAIC1177,1=044026111
CPONLINERC1177,1=000
CPSTAN1177,1=058590
MOP1177,1=4
MOP_ADDX1177,1=2
MOP_ADDY1177,1=2
ROP1177,1=1
PM1177,1=701
PSUB1177,1=2
PA1177,1=50.00
TRKMED1177,1=5
SLSTOT1177=50.00
TYP1178=2
DATI1178=20200124231742
STATION_NR1178=6111
SHF1178=4616
ACC_REP_NR1178=1177
OPID1178=4
REF1178=1179110588
SEQ1178=1179110738502
SAFTDATI1178=20200124231742
LCUR1178=10
PAN1178=476367*******770
MERCH_ID1178,1=A
MERCH_NAME1178,1=Discovery Filling Station Ltd
MERCH_RECEIPT_SEQ_NR1178,1=611100993706
PRI1178,1=1.00
UPR1178,1=1.00
QTY1178,1=1.00
QTYUNIT1178,1=1
GAMT1178,1=1.00
AMT1178,1=1.00
UGAMT1178,1=1.00
UAMT1178,1=1.00
PLU1178,1=5000237130957
NAM1178,1=MCOYS S&VIN
GRP1178,1=CRISPS
CRD1178,1=3219
ART_MERCH_ID1178,1=A
PRC1178,1=20.00
VAMT1178,1=0.17
EXC1178,1=0.83
INC1178,1=1.00
PRI1178,2=0.50
UPR1178,2=0.50
QTY1178,2=1.00
QTYUNIT1178,2=1
GAMT1178,2=0.50
AMT1178,2=0.50
UGAMT1178,2=0.50
UAMT1178,2=0.50
PLU1178,2=5012035954444
NAM1178,2=HAR STR PM50
GRP1178,2=CONFECTIONERY
CRD1178,2=3119
ART_MERCH_ID1178,2=A
PRC1178,2=20.00
VAMT1178,2=0.08
EXC1178,2=0.42
INC1178,2=0.50
PRI1178,3=0.79
UPR1178,3=0.79
QTY1178,3=1.00
QTYUNIT1178,3=1
GAMT1178,3=0.79
AMT1178,3=0.79
UGAMT1178,3=0.79
UAMT1178,3=0.79
PLU1178,3=4251097405513
NAM1178,3=PEPERAMI
GRP1178,3=CHILLED FOOD
CRD1178,3=3400
ART_MERCH_ID1178,3=A
EXC1178,3=0.79
INC1178,3=0.79
CPPAN1178,1=476367*******770
MOP1178,1=6
MOP_ADDX1178,1=50
MOP_ADDY1178,1=12
ROP1178,1=1
PM1178,1=949
PSUB1178,1=12
PA1178,1=2.29
SLSTOT1178=2.29
TYP1179=2
DATI1179=20200124231854
STATION_NR1179=6111
SHF1179=4616
ACC_REP_NR1179=1177
OPID1179=4
REF1179=1179110589
SEQ1179=1179110738503
SAFTDATI1179=20200124231854
LCUR1179=10
PAN1179=476224*******753
REPL1179=2
MERCH_ID1179,1=A
MERCH_NAME1179,1=Discovery Filling Station Ltd
MERCH_RECEIPT_SEQ_NR1179,1=611100993707
PRI1179,1=0.69
UPR1179,1=0.69
QTY1179,1=1.00
QTYUNIT1179,1=1
GAMT1179,1=0.69
AMT1179,1=0.69
UGAMT1179,1=0.69
UAMT1179,1=0.69
PLU1179,1=5019402500723
NAM1179,1=MAC BE CRAN & RASP
GRP1179,1=DRINKS
CRD1179,1=3119
ART_MERCH_ID1179,1=A
PRC1179,1=20.00
VAMT1179,1=0.11
EXC1179,1=0.58
INC1179,1=0.69
PRI1179,2=0.21
UPR1179,2=0.21
QTY1179,2=1.00
QTYUNIT1179,2=1
GAMT1179,2=0.21
AMT1179,2=0.21
UGAMT1179,2=0.21
UAMT1179,2=0.21
PLU1179,2=50642335
NAM1179,2=H/S SAFETY MATCHES
GRP1179,2=TOBACCO SUNDRIE
CRD1179,2=4019
ART_MERCH_ID1179,2=A
PRC1179,2=20.00
VAMT1179,2=0.03
EXC1179,2=0.18
INC1179,2=0.21
MOP1179,1=1
MOP_ADDX1179,1=10
ROP1179,1=1
PM1179,1=110
PA1179,1=0.70
CPPAN1179,2=476224*******753
MOP1179,2=6
MOP_ADDX1179,2=50
MOP_ADDY1179,2=12
ROP1179,2=1
PM1179,2=949
PSUB1179,2=12
PA1179,2=0.20
SLSTOT1179=0.90
TYP1180=2
DATI1180=20200124231958
STATION_NR1180=6111
ACC_REP_NR1180=1177
REF1180=1179520028
SEQ1180=1179520008628
SAFTDATI1180=20200124231958
LCUR1180=10
PAN1180=476223******7718
HOSTTYPE1180=12
HOSTBOOKPER1180=1179
AUTH1180=024307
CAIC1180=044026111
ONLINERC1180=000
STAN1180=058592
REPL1180=2
MERCH_ID1180,1=A
MERCH_NAME1180,1=Discovery Filling Station Ltd
PMP1180,1=6
PUMP_MODE1180,1=1,3,2
NOZZLE1180,1=1
NDATI1180,1=20200124231958
START_DATE1180,1=20200124231906
PRI1180,1=1.249
BASEPRI1180,1=1.249
QTY1180,1=16.01
QTYUNIT1180,1=2
GAMT1180,1=20.00
AMT1180,1=20.00
UGAMT1180,1=20.00
UAMT1180,1=20.00
PLU1180,1=6
NAM1180,1=FuelSave Unl
GRP1180,1=59
CRD1180,1=325
EXTREF1180,1=FuelSave Unl
ART_MERCH_ID1180,1=A
EXC1180,1=20.00
INC1180,1=20.00
NQUA_CHANGEABLE1180,1=369862.58
CPPAN1180,1=476223******7718
CPREPL1180,1=2
CPHOSTTYPE1180,1=12
CPHOSTBKPER1180,1=1179
CPAUTH1180,1=024307
CPCAIC1180,1=044026111
CPONLINERC1180,1=000
CPSTAN1180,1=058592
MOP1180,1=4
MOP_ADDX1180,1=2
MOP_ADDY1180,1=2
ROP1180,1=1
PM1180,1=701
PSUB1180,1=2
PA1180,1=20.00
TRKMED1180,1=5
SLSTOT1180=20.00
TYP1181=2
DATI1181=20200124232233
STATION_NR1181=6111
SHF1181=4616
ACC_REP_NR1181=1177
OPID1181=4
REF1181=1179110590
SEQ1181=1179110738504
SAFTDATI1181=20200124232233
LCUR1181=10
PAN1181=475714*******005
MERCH_ID1181,1=A
MERCH_NAME1181,1=Discovery Filling Station Ltd
MERCH_RECEIPT_SEQ_NR1181,1=611100993708
PRI1181,1=10.35
UPR1181,1=10.35
QTY1181,1=1.00
QTYUNIT1181,1=1
GAMT1181,1=10.35
AMT1181,1=10.35
UGAMT1181,1=10.35
UAMT1181,1=10.35
PLU1181,1=5000431027312
NAM1181,1=L&B K/S ORIG 20S
GRP1181,1=TOBACCO
CRD1181,1=4019
ART_MERCH_ID1181,1=A
PRC1181,1=20.00
VAMT1181,1=1.72
EXC1181,1=8.63
INC1181,1=10.35
CPPAN1181,1=475714*******005
MOP1181,1=6
MOP_ADDX1181,1=50
MOP_ADDY1181,1=12
ROP1181,1=1
PM1181,1=949
PSUB1181,1=12
PA1181,1=10.35
SLSTOT1181=10.35
TYP1182=2
DATI1182=20200124232401
STATION_NR1182=6111
SHF1182=4616
ACC_REP_NR1182=1177
OPID1182=4
REF1182=1179110591
SEQ1182=1179110738505
SAFTDATI1182=20200124232401
LCUR1182=10
REPL1182=2
MERCH_ID1182,1=A
MERCH_NAME1182,1=Discovery Filling Station Ltd
MERCH_RECEIPT_SEQ_NR1182,1=611100993709
PRI1182,1=0.70
UPR1182,1=0.70
QTY1182,1=1.00
QTYUNIT1182,1=1
GAMT1182,1=0.70
AMT1182,1=0.70
UGAMT1182,1=0.70
UAMT1182,1=0.70
PLU1182,1=5000328902616
NAM1182,1=WALKERS PICKLIED ONI
GRP1182,1=CRISPS
CRD1182,1=3219
ART_MERCH_ID1182,1=A
PRC1182,1=20.00
VAMT1182,1=0.12
EXC1182,1=0.58
INC1182,1=0.70
PRI1182,2=1.00
UPR1182,2=1.00
QTY1182,2=1.00
QTYUNIT1182,2=1
GAMT1182,2=1.00
AMT1182,2=1.00
UGAMT1182,2=1.00
UAMT1182,2=1.00
PLU1182,2=5000328745503
NAM1182,2=WOTSITS CHEE
GRP1182,2=CRISPS
CRD1182,2=3219
ART_MERCH_ID1182,2=A
PRC1182,2=20.00
VAMT1182,2=0.17
EXC1182,2=0.83
INC1182,2=1.00
PMP1182,3=3
PUMP_MODE1182,3=1,1,1
NOZZLE1182,3=1
NDATI1182,3=20200124232213
START_DATE1182,3=20200124232142
PRI1182,3=1.249
BASEPRI1182,3=1.249
QTY1182,3=14.68
QTYUNIT1182,3=2
GAMT1182,3=18.34
AMT1182,3=18.34
UGAMT1182,3=18.34
UAMT1182,3=18.34
PLU1182,3=6
NAM1182,3=FuelSave Unl
GRP1182,3=59
CRD1182,3=325
EXTREF1182,3=FuelSave Unl
ART_MERCH_ID1182,3=A
EXC1182,3=18.34
INC1182,3=18.34
NQUA_CHANGEABLE1182,3=1195167.79
PRI1182,4=1.85
UPR1182,4=1.85
QTY1182,4=1.00
QTYUNIT1182,4=1
GAMT1182,4=1.85
AMT1182,4=1.85
UGAMT1182,4=1.85
UAMT1182,4=1.85
PLU1182,4=490409
NAM1182,4=CLARKS PLAIN PASTE O
GRP1182,4=CHILLED FOOD
CRD1182,4=3400
ART_MERCH_ID1182,4=A
EXC1182,4=1.85
INC1182,4=1.85
MOP1182,1=1
MOP_ADDX1182,1=10
ROP1182,1=1
PM1182,1=110
PA1182,1=21.89
SLSTOT1182=21.89
TYP1183=2
DATI1183=20200124232423
STATION_NR1183=6111
SHF1183=4616
ACC_REP_NR1183=1177
OPID1183=4
REF1183=1179110592
SEQ1183=1179110738506
SAFTDATI1183=20200124232423
LCUR1183=10
REPL1183=2
MERCH_ID1183,1=A
MERCH_NAME1183,1=Discovery Filling Station Ltd
MERCH_RECEIPT_SEQ_NR1183,1=611100993710
PRI1183,1=0.79
UPR1183,1=0.79
QTY1183,1=1.00
QTYUNIT1183,1=1
GAMT1183,1=0.79
AMT1183,1=0.79
UGAMT1183,1=0.79
UAMT1183,1=0.79
PLU1183,1=5000112630633
NAM1183,1=COCA COLA
GRP1183,1=DRINKS
CRD1183,1=3119
ART_MERCH_ID1183,1=A
PRC1183,1=20.00
VAMT1183,1=0.13
EXC1183,1=0.66
INC1183,1=0.79
MOP1183,1=1
MOP_ADDX1183,1=10
ROP1183,1=1
PM1183,1=110
PA1183,1=5.00
MOP1183,2=1
MOP_ADDX1183,2=10
ROP1183,2=2
PM1183,2=5110
PA1183,2=-4.21
SLSTOT1183=0.79
TYP1184=21
SPEC_TYPE1184=14
DATI1184=20200124232547
STATION_NR1184=6111
SHF1184=4616
OPID1184=4
LREF1184=1179110593
SPEC_ID1184=1003
SPEC_NAME1184=PAYPOINT
SPEC_ITYP1184=1
SPEC_QUA1184=1.00
SPEC_PRI1184=20.00
SPEC_AMT1184=20.00
TYP1185=2
DATI1185=20200124232555
STATION_NR1185=6111
SHF1185=4616
ACC_REP_NR1185=1177
OPID1185=4
REF1185=1179110593
SEQ1185=1179110738507
SAFTDATI1185=20200124232555
LCUR1185=10
REPL1185=2
MERCH_ID1185,1=A
MERCH_NAME1185,1=Discovery Filling Station Ltd
MERCH_RECEIPT_SEQ_NR1185,1=611100993711
PRI1185,1=20.00
UPR1185,1=20.00
QTY1185,1=1.00
QTYUNIT1185,1=1
GAMT1185,1=20.00
AMT1185,1=20.00
UGAMT1185,1=20.00
UAMT1185,1=20.00
PLU1185,1=1003
NAM1185,1=PAYPOINT
GRP1185,1=STAMPS & PHONE
CRD1185,1=9019
ART_MERCH_ID1185,1=A
EXC1185,1=20.00
INC1185,1=20.00
MOP1185,1=1
MOP_ADDX1185,1=10
ROP1185,1=1
PM1185,1=110
PA1185,1=20.00
SLSTOT1185=20.00
TYP1186=2
DATI1186=20200124232607
STATION_NR1186=6111
SHF1186=4616
ACC_REP_NR1186=1177
OPID1186=4
REF1186=1179110594
SEQ1186=1179110738508
SAFTDATI1186=20200124232607
LCUR1186=10
REPL1186=2
MERCH_ID1186,1=A
MERCH_NAME1186,1=Discovery Filling Station Ltd
MERCH_RECEIPT_SEQ_NR1186,1=611100993712
PRI1186,1=9.45
UPR1186,1=9.45
QTY1186,1=1.00
QTYUNIT1186,1=1
GAMT1186,1=9.45
AMT1186,1=9.45
UGAMT1186,1=9.45
UAMT1186,1=9.45
PLU1186,1=5000431028081
NAM1186,1=JPS KS 20 REAL BLUE
GRP1186,1=TOBACCO
CRD1186,1=4019
ART_MERCH_ID1186,1=A
PRC1186,1=20.00
VAMT1186,1=1.57
EXC1186,1=7.88
INC1186,1=9.45
MOP1186,1=1
MOP_ADDX1186,1=10
ROP1186,1=1
PM1186,1=110
PA1186,1=9.45
SLSTOT1186=9.45
TYP1187=2
DATI1187=20200124232621
STATION_NR1187=6111
SHF1187=4616
ACC_REP_NR1187=1177
OPID1187=4
REF1187=1179110595
SEQ1187=1179110738509
SAFTDATI1187=20200124232621
LCUR1187=10
PAN1187=454742*******120
MERCH_ID1187,1=A
MERCH_NAME1187,1=Discovery Filling Station Ltd
MERCH_RECEIPT_SEQ_NR1187,1=611100993713
PMP1187,1=4
PUMP_MODE1187,1=1,1,1
NOZZLE1187,1=3
NDATI1187,1=20200124232540
START_DATE1187,1=20200124232505
PRI1187,1=1.299
BASEPRI1187,1=1.299
QTY1187,1=7.71
QTYUNIT1187,1=2
GAMT1187,1=10.02
AMT1187,1=10.02
UGAMT1187,1=10.02
UAMT1187,1=10.02
PLU1187,1=3
NAM1187,1=FuelSave Dsl
GRP1187,1=59
CRD1187,1=425
EXTREF1187,1=FuelSave Dsl
ART_MERCH_ID1187,1=A
EXC1187,1=10.02
INC1187,1=10.02
NQUA_CHANGEABLE1187,1=1503492.05
CPPAN1187,1=454742*******120
MOP1187,1=6
MOP_ADDX1187,1=50
MOP_ADDY1187,1=12
ROP1187,1=1
PM1187,1=949
PSUB1187,1=12
PA1187,1=10.02
SLSTOT1187=10.02
TYP1188=2
DATI1188=20200124232651
STATION_NR1188=6111
ACC_REP_NR1188=1177
REF1188=1179520029
SEQ1188=1179520008629
SAFTDATI1188=20200124232651
LCUR1188=10
PAN1188=446292******8216
HOSTTYPE1188=12
HOSTBOOKPER1188=1179
AUTH1188=024827
CAIC1188=044026111
ONLINERC1188=000
STAN1188=058594
REPL1188=2
MERCH_ID1188,1=A
MERCH_NAME1188,1=Discovery Filling Station Ltd
PMP1188,1=6
PUMP_MODE1188,1=1,3,2
NOZZLE1188,1=1
NDATI1188,1=20200124232651
START_DATE1188,1=20200124232614
PRI1188,1=1.249
BASEPRI1188,1=1.249
QTY1188,1=8.00
QTYUNIT1188,1=2
GAMT1188,1=10.00
AMT1188,1=10.00
UGAMT1188,1=10.00
UAMT1188,1=10.00
PLU1188,1=6
NAM1188,1=FuelSave Unl
GRP1188,1=59
CRD1188,1=325
EXTREF1188,1=FuelSave Unl
ART_MERCH_ID1188,1=A
EXC1188,1=10.00
INC1188,1=10.00
NQUA_CHANGEABLE1188,1=369870.58
CPPAN1188,1=446292******8216
CPREPL1188,1=2
CPHOSTTYPE1188,1=12
CPHOSTBKPER1188,1=1179
CPAUTH1188,1=024827
CPCAIC1188,1=044026111
CPONLINERC1188,1=000
CPSTAN1188,1=058594
MOP1188,1=4
MOP_ADDX1188,1=2
MOP_ADDY1188,1=2
ROP1188,1=1
PM1188,1=701
PSUB1188,1=2
PA1188,1=10.00
TRKMED1188,1=5
SLSTOT1188=10.00
TYP1189=2
DATI1189=20200124232708
STATION_NR1189=6111
SHF1189=4616
ACC_REP_NR1189=1177
OPID1189=4
REF1189=1179110596
SEQ1189=1179110738510
SAFTDATI1189=20200124232708
LCUR1189=10
PAN1189=476366*******640
MERCH_ID1189,1=A
MERCH_NAME1189,1=Discovery Filling Station Ltd
MERCH_RECEIPT_SEQ_NR1189,1=611100993714
PRI1189,1=0.69
UPR1189,1=0.69
QTY1189,1=1.00
QTYUNIT1189,1=1
GAMT1189,1=0.69
AMT1189,1=0.69
UGAMT1189,1=0.69
UAMT1189,1=0.69
PLU1189,1=5019402500754
NAM1189,1=MACB S/FREE APPLE/BL
GRP1189,1=DRINKS
CRD1189,1=3119
ART_MERCH_ID1189,1=A
PRC1189,1=20.00
VAMT1189,1=0.11
EXC1189,1=0.58
INC1189,1=0.69
PMP1189,2=5
PUMP_MODE1189,2=1,1,1
NOZZLE1189,2=2
NDATI1189,2=20200124232653
START_DATE1189,2=20200124232613
PRI1189,2=1.299
BASEPRI1189,2=1.299
QTY1189,2=7.70
QTYUNIT1189,2=2
GAMT1189,2=10.00
AMT1189,2=10.00
UGAMT1189,2=10.00
UAMT1189,2=10.00
PLU1189,2=3
NAM1189,2=FuelSave Dsl
GRP1189,2=59
CRD1189,2=425
EXTREF1189,2=FuelSave Dsl
ART_MERCH_ID1189,2=A
EXC1189,2=10.00
INC1189,2=10.00
NQUA_CHANGEABLE1189,2=1115675.53
CPPAN1189,1=476366*******640
MOP1189,1=6
MOP_ADDX1189,1=50
MOP_ADDY1189,1=12
ROP1189,1=1
PM1189,1=949
PSUB1189,1=12
PA1189,1=10.69
SLSTOT1189=10.69
TYP1190=21
SPEC_TYPE1190=13
DATI1190=20200124232743
STATION_NR1190=6111
SHF1190=4616
OPID1190=4
SPEC_ADDD1190=Open cash drawer
TYP1191=2
DATI1191=20200124232918
STATION_NR1191=6111
SHF1191=4616
ACC_REP_NR1191=1177
OPID1191=4
REF1191=1179110597
SEQ1191=1179110738511
SAFTDATI1191=20200124232918
LCUR1191=10
PAN1191=475116*******028
MERCH_ID1191,1=A
MERCH_NAME1191,1=Discovery Filling Station Ltd
MERCH_RECEIPT_SEQ_NR1191,1=611100993715
PMP1191,1=4
PUMP_MODE1191,1=1,1,1
NOZZLE1191,1=3
NDATI1191,1=20200124232855
START_DATE1191,1=20200124232811
PRI1191,1=1.299
BASEPRI1191,1=1.299
QTY1191,1=15.42
QTYUNIT1191,1=2
GAMT1191,1=20.03
AMT1191,1=20.03
UGAMT1191,1=20.03
UAMT1191,1=20.03
PLU1191,1=3
NAM1191,1=FuelSave Dsl
GRP1191,1=59
CRD1191,1=425
EXTREF1191,1=FuelSave Dsl
ART_MERCH_ID1191,1=A
EXC1191,1=20.03
INC1191,1=20.03
NQUA_CHANGEABLE1191,1=1503507.47
CPPAN1191,1=475116*******028
MOP1191,1=6
MOP_ADDX1191,1=50
MOP_ADDY1191,1=12
ROP1191,1=1
PM1191,1=949
PSUB1191,1=12
PA1191,1=20.03
SLSTOT1191=20.03
TYP1192=2
DATI1192=20200124233044
STATION_NR1192=6111
SHF1192=4616
ACC_REP_NR1192=1177
OPID1192=4
REF1192=1179110598
SEQ1192=1179110738512
SAFTDATI1192=20200124233044
LCUR1192=10
PAN1192=446292*******458
MERCH_ID1192,1=A
MERCH_NAME1192,1=Discovery Filling Station Ltd
MERCH_RECEIPT_SEQ_NR1192,1=611100993716
PMP1192,1=2
PUMP_MODE1192,1=1,1,1
NOZZLE1192,1=2
NDATI1192,1=20200124232934
START_DATE1192,1=20200124232841
PRI1192,1=1.299
BASEPRI1192,1=1.299
QTY1192,1=22.99
QTYUNIT1192,1=2
GAMT1192,1=29.86
AMT1192,1=29.86
UGAMT1192,1=29.86
UAMT1192,1=29.86
PLU1192,1=3
NAM1192,1=FuelSave Dsl
GRP1192,1=59
CRD1192,1=425
EXTREF1192,1=FuelSave Dsl
ART_MERCH_ID1192,1=A
EXC1192,1=29.86
INC1192,1=29.86
NQUA_CHANGEABLE1192,1=1555745.75
PRI1192,2=0.80
UPR1192,2=0.80
QTY1192,2=1.00
QTYUNIT1192,2=1
GAMT1192,2=0.80
AMT1192,2=0.80
UGAMT1192,2=0.80
UAMT1192,2=0.80
PLU1192,2=5000312002131
NAM1192,2=CAD PICNIC NEW EAN
GRP1192,2=CONFECTIONERY
CRD1192,2=3119
ART_MERCH_ID1192,2=A
PRC1192,2=20.00
VAMT1192,2=0.13
EXC1192,2=0.67
INC1192,2=0.80
CPPAN1192,1=446292*******458
MOP1192,1=6
MOP_ADDX1192,1=50
MOP_ADDY1192,1=12
ROP1192,1=1
PM1192,1=949
PSUB1192,1=12
PA1192,1=30.66
SLSTOT1192=30.66
TYP1193=2
DATI1193=20200124233229
STATION_NR1193=6111
SHF1193=4616
ACC_REP_NR1193=1177
OPID1193=4
REF1193=1179110599
SEQ1193=1179110738513
SAFTDATI1193=20200124233229
LCUR1193=10
REPL1193=2
MERCH_ID1193,1=A
MERCH_NAME1193,1=Discovery Filling Station Ltd
MERCH_RECEIPT_SEQ_NR1193,1=611100993717
PMP1193,1=4
PUMP_MODE1193,1=1,1,1
NOZZLE1193,1=3
NDATI1193,1=20200124233153
START_DATE1193,1=20200124233110
PRI1193,1=1.299
BASEPRI1193,1=1.299
QTY1193,1=11.55
QTYUNIT1193,1=2
GAMT1193,1=15.00
AMT1193,1=15.00
UGAMT1193,1=15.00
UAMT1193,1=15.00
PLU1193,1=3
NAM1193,1=FuelSave Dsl
GRP1193,1=59
CRD1193,1=425
EXTREF1193,1=FuelSave Dsl
ART_MERCH_ID1193,1=A
EXC1193,1=15.00
INC1193,1=15.00
NQUA_CHANGEABLE1193,1=1503519.02
MOP1193,1=1
MOP_ADDX1193,1=10
ROP1193,1=1
PM1193,1=110
PA1193,1=15.00
SLSTOT1193=15.00
TYP1194=21
SPEC_TYPE1194=13
DATI1194=20200124233314
STATION_NR1194=6111
SHF1194=4616
OPID1194=4
SPEC_ADDD1194=Open cash drawer
TYP1195=2
DATI1195=20200124233331
STATION_NR1195=6111
SHF1195=4616
ACC_REP_NR1195=1177
OPID1195=4
REF1195=1179110600
SEQ1195=1179110738514
SAFTDATI1195=20200124233331
LCUR1195=10
REPL1195=2
MERCH_ID1195,1=A
MERCH_NAME1195,1=Discovery Filling Station Ltd
MERCH_RECEIPT_SEQ_NR1195,1=611100993718
PRI1195,1=1.09
UPR1195,1=1.09
QTY1195,1=1.00
QTYUNIT1195,1=1
GAMT1195,1=1.09
AMT1195,1=1.09
UGAMT1195,1=1.09
UAMT1195,1=1.09
PLU1195,1=5010092093045
NAM1195,1=KINGSMILL EVERYDAY W
GRP1195,1=GROCERY ZERO
CRD1195,1=3100
ART_MERCH_ID1195,1=A
EXC1195,1=1.09
INC1195,1=1.09
MOP1195,1=1
MOP_ADDX1195,1=10
ROP1195,1=1
PM1195,1=110
PA1195,1=10.00
MOP1195,2=1
MOP_ADDX1195,2=10
ROP1195,2=2
PM1195,2=5110
PA1195,2=-8.91
SLSTOT1195=1.09
TYP1196=2
DATI1196=20200124233352
STATION_NR1196=6111
SHF1196=4616
ACC_REP_NR1196=1177
OPID1196=4
REF1196=1179110601
SEQ1196=1179110738515
SAFTDATI1196=20200124233352
LCUR1196=10
PAN1196=459647*******913
MERCH_ID1196,1=A
MERCH_NAME1196,1=Discovery Filling Station Ltd
MERCH_RECEIPT_SEQ_NR1196,1=611100993719
PRI1196,1=1.65
UPR1196,1=1.65
QTY1196,1=1.00
QTYUNIT1196,1=1
GAMT1196,1=1.65
AMT1196,1=1.65
UGAMT1196,1=1.65
UAMT1196,1=1.65
PLU1196,1=0716165174011
NAM1196,1=RAW PAPR/TIP
GRP1196,1=TOBACCO SUNDRIE
CRD1196,1=4019
ART_MERCH_ID1196,1=A
PRC1196,1=20.00
VAMT1196,1=0.27
EXC1196,1=1.38
INC1196,1=1.65
CPPAN1196,1=459647*******913
MOP1196,1=6
MOP_ADDX1196,1=50
MOP_ADDY1196,1=13
ROP1196,1=1
PM1196,1=949
PSUB1196,1=13
PA1196,1=1.65
SLSTOT1196=1.65
TYP1197=2
DATI1197=20200124233506
STATION_NR1197=6111
SHF1197=4616
ACC_REP_NR1197=1177
OPID1197=4
REF1197=1179110602
SEQ1197=1179110738516
SAFTDATI1197=20200124233506
LCUR1197=10
PAN1197=475117*******166
MERCH_ID1197,1=A
MERCH_NAME1197,1=Discovery Filling Station Ltd
MERCH_RECEIPT_SEQ_NR1197,1=611100993720
PRI1197,1=1.09
UPR1197,1=1.09
QTY1197,1=3.00
QTYUNIT1197,1=1
GAMT1197,1=3.27
AMT1197,1=3.27
UGAMT1197,1=3.27
UAMT1197,1=3.27
PLU1197,1=5000354914348
NAM1197,1=BAT SN CHKN
GRP1197,1=GROCERY ZERO
CRD1197,1=3100
ART_MERCH_ID1197,1=A
EXC1197,1=3.27
INC1197,1=3.27
PRI1197,2=0.79
UPR1197,2=0.79
QTY1197,2=1.00
QTYUNIT1197,2=1
GAMT1197,2=0.79
AMT1197,2=0.79
UGAMT1197,2=0.79
UAMT1197,2=0.79
PLU1197,2=5020379150071
NAM1197,2=ES WHOLEMILK
GRP1197,2=CHILLED FOOD
CRD1197,2=3400
ART_MERCH_ID1197,2=A
EXC1197,2=0.79
INC1197,2=0.79
PRI1197,3=1.65
UPR1197,3=1.65
QTY1197,3=1.00
QTYUNIT1197,3=1
GAMT1197,3=1.65
AMT1197,3=1.65
UGAMT1197,3=1.65
UAMT1197,3=1.65
PLU1197,3=5000168208688
NAM1197,3=MCV MILK CHC
GRP1197,3=GROCERY VAT
CRD1197,3=3119
ART_MERCH_ID1197,3=A
PRC1197,3=20.00
VAMT1197,3=0.27
EXC1197,3=1.38
INC1197,3=1.65
PRI1197,4=1.05
UPR1197,4=1.05
QTY1197,4=1.00
QTYUNIT1197,4=1
GAMT1197,4=1.05
AMT1197,4=1.05
UGAMT1197,4=1.05
UAMT1197,4=1.05
PLU1197,4=5034660520825
NAM1197,4=CAD WISPA DUO
GRP1197,4=CONFECTIONERY
CRD1197,4=3119
ART_MERCH_ID1197,4=A
PRC1197,4=20.00
VAMT1197,4=0.17
EXC1197,4=0.88
INC1197,4=1.05
CPPAN1197,1=475117*******166
MOP1197,1=6
MOP_ADDX1197,1=50
MOP_ADDY1197,1=12
ROP1197,1=1
PM1197,1=949
PSUB1197,1=12
PA1197,1=6.76
SLSTOT1197=6.76
TYP1198=2
DATI1198=20200124233615
STATION_NR1198=6111
SHF1198=4616
ACC_REP_NR1198=1177
OPID1198=4
REF1198=1179110603
SEQ1198=1179110738517
SAFTDATI1198=20200124233615
LCUR1198=10
REPL1198=2
MOP1198,1=1
MOP_ADDX1198,1=10
ROP1198,1=5
PM1198,1=2510
PA1198,1=-180.00
TYP1199=3
DATI1199=20200124233627
STATION_NR1199=6111
SHF1199=4616
REF1199=1179110000
OPID1199=4
POSDISCONNECTED1199=NO
TYP1200=6
DATI1200=20200124233632
STATION_NR1200=6111
TYP1201=6
DATI1201=20200124233632
STATION_NR1201=6111
TYP1202=11
DATI1202=20200124233632
STATION_NR1202=6111
PER1202=1179
POSDISCONNECTED1202=NO
[END_TRX]

[GENERIC_FILE_INFO]
CREATED=20200225115906
[END_GENERIC_FILE_INFO]

[END_FILE]
